===============================================================================
File: ../../../drive/derived_large/county_month/county_month_panel.dta
Key: countyfips year month
===============================================================================
  377160:55(40555):2969063559:3619104413

    Variable |        Obs        Mean    Std. Dev.       Min        Max
-------------+---------------------------------------------------------
  countyfips |          0
        year |    377,160      2014.5    2.872285       2010       2019
       month |    377,160         6.5    3.452057          1         12
      cbsa10 |          0
   statefips |          0
-------------+---------------------------------------------------------
ac~w_wg_mean |    377,160    7.680875    .8363347       7.25      15.59
ac~l_wg_mean |    377,160    7.675621    .8175474       7.25         14
    local_mw |      1,440    9.620424    2.276156       7.25      15.59
   county_mw |      1,080     8.81763    1.679736       7.25      14.25
      fed_mw |    377,160        7.25           0       7.25       7.25
-------------+---------------------------------------------------------
    state_mw |    377,160    7.675621    .8175474       7.25         14
   actual_mw |    377,160    7.679514     .832245       7.25      15.59
  binding_mw |    377,160    1.340269    .4813838          1          4
actual_mw_~l |    377,160    7.675621    .8175474       7.25         14
binding_mw~l |    377,160    1.337456    .4728426          1          2
-------------+---------------------------------------------------------
medrentpri~C |     48,046    .9905583    .6107603   .4472472   17.05931
medrentpri~F |     45,389    .9557977    .5742129   .4589161   17.14286
  year_month |    377,160       659.5    34.63986        600        719
year_quarter |    377,160       219.5    11.54341        200        239
estcount_b~v |    329,583    429.1483    1571.186          1      34025
-------------+---------------------------------------------------------
avgwwage_b~v |    329,583    755.9078    379.1463          0      18319
 emp_bizserv |    329,583    5115.673    22828.93          0     628402
estcount_c~t |    329,250    218.8884    563.3732          1      13237
avgwwage_c~t |    329,250    742.2838    347.6449          0       8024
   emp_const |    329,250    1738.463    5608.742          0     173773
-------------+---------------------------------------------------------
estcount_e~e |    328,749    307.7077    986.5564          1      26781
avgwwage_e~e |    328,749    642.3215    217.7239          0       2749
   emp_eduhe |    328,749    6026.034       20112          0     454060
estcount_f~v |    330,354    18.47239    22.58476          1        353
avgwwage_f~v |    330,354     1042.88    262.3209          0       3704
-------------+---------------------------------------------------------
  emp_fedgov |    330,354    823.6762    4716.928          0     215436
estcount_fin |    329,409    232.0452    798.4992          1      19733
avgwwage_fin |    329,409    819.5349    354.7289          0      12775
     emp_fin |    329,409    2193.148    10784.27          0     398481
estcount_i~o |    318,828    38.12644    154.9731          1       5212
-------------+---------------------------------------------------------
avgwwage_i~o |    318,828    670.9182    476.1013          0      16227
    emp_info |    318,828      724.88    4347.341          0     184893
estcount_l~s |    329,457    227.1236    668.9312          1      15078
avgwwage_l~s |    329,457    269.5364      95.184          0       2473
    emp_leis |    329,457    4213.984    14389.57          0     314691
-------------+---------------------------------------------------------
estcount_l~v |    330,507    48.48566    70.70069          2       1123
avgwwage_l~v |    330,507     616.325    256.9099          0       2042
  emp_locgov |    330,507    3763.722    11677.57          0     405432
estcount_m~u |    324,273    95.69214    262.5778          1       6712
avgwwage_m~u |    324,273    820.9481    397.9647          0       7592
-------------+---------------------------------------------------------
    emp_manu |    324,273    3563.175    9214.292          0     201803
estcount_n~s |    327,792    37.43609    65.75315          1       1859
avgwwage_n~s |    327,792      739.04    429.6333          0      23770
  emp_natres |    327,792     468.813    1921.037          0      97846
estcount_s~v |    323,232    17.83719    28.30593          1        602
-------------+---------------------------------------------------------
avgwwage_s~v |    323,232    742.8602    323.3326          0       4279
   emp_stgov |    323,232    1229.694    4431.295          0      68955
estcount_t~p |    330,435    510.0362     1492.63          1      31596
avgwwage_t~p |    330,435    648.3023    183.6151          0      11257
  emp_transp |    330,435    7377.035       23023          0     491699




===============================================================================
File: ../../../drive/derived_large/county_month/county_month_panel.dta
Key: countyfips year month
===============================================================================
  377400:76(19983):4253298114:2049807366

    Variable |        Obs        Mean    Std. Dev.       Min        Max
-------------+---------------------------------------------------------
  countyfips |          0
        year |    377,400      2014.5    2.872285       2010       2019
       month |    377,400         6.5    3.452057          1         12
      cbsa10 |          0
   statefips |          0
-------------+---------------------------------------------------------
ac~w_wg_mean |    377,160    7.680875    .8363347       7.25      15.59
ac~l_wg_mean |    377,160    7.675621    .8175474       7.25         14
    local_mw |      1,560    9.491929    2.241737       7.25      15.59
   county_mw |      1,080     8.81763    1.679736       7.25      14.25
      fed_mw |    377,160        7.25           0       7.25       7.25
-------------+---------------------------------------------------------
    state_mw |    377,160    7.675621    .8175474       7.25         14
   actual_mw |    377,160    7.679514     .832245       7.25      15.59
  binding_mw |    377,160    1.340269    .4813838          1          4
actual_mw_~l |    377,160    7.675621    .8175474       7.25         14
binding_mw~l |    377,160    1.337456    .4728426          1          2
-------------+---------------------------------------------------------
  exp_mw_tot |    377,160    7.690832    .8091747       7.25   14.55729
exp_mw_young |    377,160    7.689862     .804498       7.25   14.51891
exp_mw_low~c |    377,160    7.688285    .8058448       7.25   14.61911
exp_ln_mw_~t |    377,160    2.034692    .0938714   1.981001   2.672786
exp_ln_mw_~g |    377,160    2.034572    .0933243   1.981001   2.669687
-------------+---------------------------------------------------------
exp_ln_mw_~c |    377,160     2.03443    .0936238   1.981001    2.67673
exp_mw_tot~n |    377,160    7.690832    .8091747       7.25   14.55729
exp_mw_you~n |    377,160    7.689862     .804498       7.25   14.51891
exp_mw_low~n |    377,160    7.688285    .8058448       7.25   14.61911
exp_ln_mw_.. |    377,160    2.034692    .0938714   1.981001   2.672786
-------------+---------------------------------------------------------
exp_ln_mw_.. |    377,160    2.034572    .0933243   1.981001   2.669687
exp_ln_mw_.. |    377,160     2.03443    .0936238   1.981001    2.67673
exp_mw_tot~x |    377,160    7.706007    .8524518       7.25   15.46227
exp_mw_you~x |    377,160    7.705399     .848254       7.25   15.40051
exp_mw_low~x |    377,160    7.702166      .84466       7.25   15.38413
-------------+---------------------------------------------------------
exp_ln~t_max |    377,160    2.036043    .0971597   1.981001   2.733378
exp_ln~g_max |    377,160    2.035954    .0966527   1.981001   2.728239
exp_ln~c_max |    377,160    2.035675    .0965812   1.981001   2.727209
medrentpri~C |     56,716    1.022075    .6342662   .4472472   17.05931
medrentpri~F |     53,757    .9864211    .5964078   .1214772   17.14286
-------------+---------------------------------------------------------
estcount_b~v |    366,414    479.3302    1868.482          1      56304
avgwwage_b~v |    366,414     762.195    394.2982          0      26956
 emp_bizserv |    366,414    5739.674    26282.36          0     642234
estcount_c~t |    366,111    236.7455    646.8231          1      16939
avgwwage_c~t |    366,111    748.0265    352.0097          0       8024
-------------+---------------------------------------------------------
   emp_const |    366,111    1930.747    6613.381          0     173773
estcount_e~e |    365,556    433.4597    3603.458          1     245645
avgwwage_e~e |    365,556    646.5441    221.6269          0       2749
   emp_eduhe |    365,556    6594.577    24304.88          0     835039
estcount_f~v |    367,260    19.40195    24.99491          1        456
-------------+---------------------------------------------------------
avgwwage_f~v |    367,260    1050.048    265.2232          0       3704
  emp_fedgov |    367,260    889.3014    4717.336          0     215436
estcount_fin |    366,261    259.0078    957.3936          1      30238
avgwwage_fin |    366,261    823.8644    369.5556          0      12775
     emp_fin |    366,261    2410.915    11726.85          0     398481
-------------+---------------------------------------------------------
estcount_i~o |    354,888    43.97572    237.4453          1      13212
avgwwage_i~o |    354,888    684.0963    499.5129          0      16227
    emp_info |    354,888      862.55    5790.862          0     240358
estcount_l~s |    366,363    252.9565    899.8766          1      39222
avgwwage_l~s |    366,363    274.8043    100.8308          0       2473
-------------+---------------------------------------------------------
    emp_leis |    366,363    4690.943    17491.63          0     551791
estcount_l~v |    367,413     53.0844    107.0175          1       4162
avgwwage_l~v |    367,413    624.3367    258.6861          0       2042
  emp_locgov |    367,413    4222.951    14628.22          0     463785
estcount_m~u |    360,396    106.6168    366.3782          1      13469
-------------+---------------------------------------------------------
avgwwage_m~u |    360,396    821.5354    406.1163          0       7592
    emp_manu |    360,396    3899.309    12097.54          0     376653
estcount_n~s |    364,284    42.22777     86.4193          1       1859
avgwwage_n~s |    364,284    744.2342    438.9917          0      23770
  emp_natres |    364,284    603.3366    2805.404          0      97846
-------------+---------------------------------------------------------
estcount_s~v |    359,982     21.9712    107.4494          1       5969
avgwwage_s~v |    359,982    751.6092    325.6164          0       4279
   emp_stgov |    359,982    1370.662    5076.744          0     114555
estcount_t~p |    367,341    557.0258    1824.249          1      59438
avgwwage_t~p |    367,341    650.7085    183.3208          0      11257
-------------+---------------------------------------------------------
  emp_transp |    367,341    8107.854    28176.44          0     872187
     quarter |    367,413    2.461562    1.105839          1          4
        qmon |    367,413    6.384687    3.416516          1         12
   end_month |    367,413    7.384687    3.317516          3         12
  year_month |    377,400       659.5    34.63986        600        719
-------------+---------------------------------------------------------
year_quarter |    377,400       219.5    11.54341        200        239




===============================================================================
File: ../../../drive/derived_large/county_month/county_month_panel.dta
Key: countyfips year month
===============================================================================
  376836:76(19983):3129904814:1777673330

    Variable |        Obs        Mean    Std. Dev.       Min        Max
-------------+---------------------------------------------------------
  countyfips |          0
        year |    376,836      2014.5    2.872374       2010       2019
       month |    376,836    6.500096    3.452057          1         12
      cbsa10 |          0
   statefips |          0
-------------+---------------------------------------------------------
ac~w_wg_mean |    376,836    7.680821    .8363374       7.25      15.59
ac~l_wg_mean |    376,836    7.675563    .8175335       7.25         14
    local_mw |      1,560    9.491929    2.241737       7.25      15.59
   county_mw |      1,080     8.81763    1.679736       7.25      14.25
      fed_mw |    376,836        7.25           0       7.25       7.25
-------------+---------------------------------------------------------
    state_mw |    376,836    7.675563    .8175335       7.25         14
   actual_mw |    376,836    7.679459    .8322441       7.25      15.59
  binding_mw |    376,836    1.340212    .4813711          1          4
actual_mw_~l |    376,836    7.675563    .8175335       7.25         14
binding_mw~l |    376,836    1.337396    .4728219          1          2
-------------+---------------------------------------------------------
  exp_mw_tot |    376,728    7.690364    .8088312       7.25   14.55729
exp_mw_young |    376,728    7.689406    .8041618       7.25   14.51891
exp_mw_low~c |    376,728    7.687799    .8054766       7.25   14.61911
exp_ln_mw_~t |    376,728    2.034635    .0938271   1.981001   2.672786
exp_ln_mw_~g |    376,728    2.034516    .0932809   1.981001   2.669687
-------------+---------------------------------------------------------
exp_ln_mw_~c |    376,728    2.034371    .0935764   1.981001    2.67673
exp_mw_tot~n |    376,728    7.690364    .8088312       7.25   14.55729
exp_mw_you~n |    376,728    7.689406    .8041618       7.25   14.51891
exp_mw_low~n |    376,728    7.687799    .8054766       7.25   14.61911
exp_ln_mw_.. |    376,728    2.034635    .0938271   1.981001   2.672786
-------------+---------------------------------------------------------
exp_ln_mw_.. |    376,728    2.034516    .0932809   1.981001   2.669687
exp_ln_mw_.. |    376,728    2.034371    .0935764   1.981001    2.67673
exp_mw_tot~x |    376,728    7.705551    .8521743       7.25   15.46227
exp_mw_you~x |    376,728    7.704961    .8479923       7.25   15.40051
exp_mw_low~x |    376,728    7.701696      .84436       7.25   15.38413
-------------+---------------------------------------------------------
exp_ln~t_max |    376,728    2.035988    .0971208   1.981001   2.733378
exp_ln~g_max |    376,728    2.035901    .0966154   1.981001   2.728239
exp_ln~c_max |    376,728    2.035617    .0965394   1.981001   2.727209
medrentpri~C |     56,716    1.022075    .6342662   .4472472   17.05931
medrentpri~F |     53,757    .9864211    .5964078   .1214772   17.14286
-------------+---------------------------------------------------------
estcount_b~v |    375,816    480.7537    1875.599          1      57730
avgwwage_b~v |    375,816    766.8744    398.2895          0      26956
 emp_bizserv |    375,816    5756.446    26377.23          0     652629
estcount_c~t |    375,498    237.2401    649.1258          1      17241
avgwwage_c~t |    375,498     753.017    355.6175          0       8024
-------------+---------------------------------------------------------
   emp_const |    375,498     1940.59     6653.46          0     174156
estcount_e~e |    374,943    436.6406    3640.107          1     247503
avgwwage_e~e |    374,943    649.3226    223.2051          0       2749
   emp_eduhe |    374,943    6614.976    24412.77          0     848521
estcount_f~v |    376,680    19.38575    24.97418          1        456
-------------+---------------------------------------------------------
avgwwage_f~v |    376,680      1054.6    267.5744          0       3704
  emp_fedgov |    376,680    889.3751    4715.522          0     215436
estcount_fin |    375,648    259.5701    960.7019          1      30868
avgwwage_fin |    375,648    829.2301    372.5423          0      12775
     emp_fin |    375,648    2414.981    11754.65          0     398481
-------------+---------------------------------------------------------
estcount_i~o |    363,960    44.16039     239.599          1      13783
avgwwage_i~o |    363,960    686.5895    502.5882          0      16227
    emp_info |    363,960    863.1497    5812.863          0     240358
estcount_l~s |    375,756    253.6369    904.5522          1      40355
avgwwage_l~s |    375,756    276.0948    101.9582          0       2473
-------------+---------------------------------------------------------
    emp_leis |    375,756     4703.22     17554.7          0     555057
estcount_l~v |    376,836    53.11557     107.245          1       4167
avgwwage_l~v |    376,836    626.2065    259.8369          0       2104
  emp_locgov |    376,836      4228.7    14632.91          0     463785
estcount_m~u |    369,636    106.6767    366.5523          1      13469
-------------+---------------------------------------------------------
avgwwage_m~u |    369,636    824.4918    407.6327          0       7592
    emp_manu |    369,636    3903.763    12102.27          0     376653
estcount_n~s |    373,629    42.27485    86.43239          1       1859
avgwwage_n~s |    373,629    747.8481    440.4301          0      23770
  emp_natres |    373,629    603.1077    2802.308          0      97846
-------------+---------------------------------------------------------
estcount_s~v |    369,192      21.987     107.255          1       5969
avgwwage_s~v |    369,192    753.7694    327.0327          0       4279
   emp_stgov |    369,192    1371.808    5083.248          0     114555
estcount_t~p |    376,761    557.3022    1826.378          1      59640
avgwwage_t~p |    376,761    653.5058    184.4132          0      11257
-------------+---------------------------------------------------------
  emp_transp |    376,761    8123.705       28246          0     875412
     quarter |    376,836    2.500032    1.118035          1          4
        qmon |    376,836    6.500096    3.452057          1         12
   end_month |    376,836    7.500096    3.354106          3         12
  year_month |    376,836    659.5049    34.64093        600        719
-------------+---------------------------------------------------------
year_quarter |    376,836    219.5016    11.54377        200        239




===============================================================================
File: ../../../drive/derived_large/county_month/county_month_panel.dta
Key: countyfips year month
===============================================================================
  376836:76(19983):3129904814:1777673330

    Variable |        Obs        Mean    Std. Dev.       Min        Max
-------------+---------------------------------------------------------
  countyfips |          0
        year |    376,836      2014.5    2.872374       2010       2019
       month |    376,836    6.500096    3.452057          1         12
      cbsa10 |          0
   statefips |          0
-------------+---------------------------------------------------------
ac~w_wg_mean |    376,836    7.680821    .8363374       7.25      15.59
ac~l_wg_mean |    376,836    7.675563    .8175335       7.25         14
    local_mw |      1,560    9.491929    2.241737       7.25      15.59
   county_mw |      1,080     8.81763    1.679736       7.25      14.25
      fed_mw |    376,836        7.25           0       7.25       7.25
-------------+---------------------------------------------------------
    state_mw |    376,836    7.675563    .8175335       7.25         14
   actual_mw |    376,836    7.679459    .8322441       7.25      15.59
  binding_mw |    376,836    1.340212    .4813711          1          4
actual_mw_~l |    376,836    7.675563    .8175335       7.25         14
binding_mw~l |    376,836    1.337396    .4728219          1          2
-------------+---------------------------------------------------------
  exp_mw_tot |    376,728    7.690364    .8088312       7.25   14.55729
exp_mw_young |    376,728    7.689406    .8041618       7.25   14.51891
exp_mw_low~c |    376,728    7.687799    .8054766       7.25   14.61911
exp_ln_mw_~t |    376,728    2.034635    .0938271   1.981001   2.672786
exp_ln_mw_~g |    376,728    2.034516    .0932809   1.981001   2.669687
-------------+---------------------------------------------------------
exp_ln_mw_~c |    376,728    2.034371    .0935764   1.981001    2.67673
exp_mw_tot~n |    376,728    7.690364    .8088312       7.25   14.55729
exp_mw_you~n |    376,728    7.689406    .8041618       7.25   14.51891
exp_mw_low~n |    376,728    7.687799    .8054766       7.25   14.61911
exp_ln_mw_.. |    376,728    2.034635    .0938271   1.981001   2.672786
-------------+---------------------------------------------------------
exp_ln_mw_.. |    376,728    2.034516    .0932809   1.981001   2.669687
exp_ln_mw_.. |    376,728    2.034371    .0935764   1.981001    2.67673
exp_mw_tot~x |    376,728    7.705551    .8521743       7.25   15.46227
exp_mw_you~x |    376,728    7.704961    .8479923       7.25   15.40051
exp_mw_low~x |    376,728    7.701696      .84436       7.25   15.38413
-------------+---------------------------------------------------------
exp_ln~t_max |    376,728    2.035988    .0971208   1.981001   2.733378
exp_ln~g_max |    376,728    2.035901    .0966154   1.981001   2.728239
exp_ln~c_max |    376,728    2.035617    .0965394   1.981001   2.727209
medrentpri~C |     56,716    1.022075    .6342662   .4472472   17.05931
medrentpri~F |     53,757    .9864211    .5964078   .1214772   17.14286
-------------+---------------------------------------------------------
estcount_b~v |    375,816    480.7537    1875.599          1      57730
avgwwage_b~v |    375,816    766.8744    398.2895          0      26956
 emp_bizserv |    375,816    5756.446    26377.23          0     652629
estcount_c~t |    375,498    237.2401    649.1258          1      17241
avgwwage_c~t |    375,498     753.017    355.6175          0       8024
-------------+---------------------------------------------------------
   emp_const |    375,498     1940.59     6653.46          0     174156
estcount_e~e |    374,943    436.6406    3640.107          1     247503
avgwwage_e~e |    374,943    649.3226    223.2051          0       2749
   emp_eduhe |    374,943    6614.976    24412.77          0     848521
estcount_f~v |    376,680    19.38575    24.97418          1        456
-------------+---------------------------------------------------------
avgwwage_f~v |    376,680      1054.6    267.5744          0       3704
  emp_fedgov |    376,680    889.3751    4715.522          0     215436
estcount_fin |    375,648    259.5701    960.7019          1      30868
avgwwage_fin |    375,648    829.2301    372.5423          0      12775
     emp_fin |    375,648    2414.981    11754.65          0     398481
-------------+---------------------------------------------------------
estcount_i~o |    363,960    44.16039     239.599          1      13783
avgwwage_i~o |    363,960    686.5895    502.5882          0      16227
    emp_info |    363,960    863.1497    5812.863          0     240358
estcount_l~s |    375,756    253.6369    904.5522          1      40355
avgwwage_l~s |    375,756    276.0948    101.9582          0       2473
-------------+---------------------------------------------------------
    emp_leis |    375,756     4703.22     17554.7          0     555057
estcount_l~v |    376,836    53.11557     107.245          1       4167
avgwwage_l~v |    376,836    626.2065    259.8369          0       2104
  emp_locgov |    376,836      4228.7    14632.91          0     463785
estcount_m~u |    369,636    106.6767    366.5523          1      13469
-------------+---------------------------------------------------------
avgwwage_m~u |    369,636    824.4918    407.6327          0       7592
    emp_manu |    369,636    3903.763    12102.27          0     376653
estcount_n~s |    373,629    42.27485    86.43239          1       1859
avgwwage_n~s |    373,629    747.8481    440.4301          0      23770
  emp_natres |    373,629    603.1077    2802.308          0      97846
-------------+---------------------------------------------------------
estcount_s~v |    369,192      21.987     107.255          1       5969
avgwwage_s~v |    369,192    753.7694    327.0327          0       4279
   emp_stgov |    369,192    1371.808    5083.248          0     114555
estcount_t~p |    376,761    557.3022    1826.378          1      59640
avgwwage_t~p |    376,761    653.5058    184.4132          0      11257
-------------+---------------------------------------------------------
  emp_transp |    376,761    8123.705       28246          0     875412
     quarter |    376,836    2.500032    1.118035          1          4
        qmon |    376,836    6.500096    3.452057          1         12
   end_month |    376,836    7.500096    3.354106          3         12
  year_month |    376,836    659.5049    34.64093        600        719
-------------+---------------------------------------------------------
year_quarter |    376,836    219.5016    11.54377        200        239




