============================================================================
File: ../temp/fd_rent_panel.dta
Key: zipcode year_month
============================================================================
  150360:35(58402):1087119839:2904881441

    Variable |        Obs        Mean    Std. Dev.       Min        Max
-------------+---------------------------------------------------------
     zipcode |    150,360    51319.01    29004.04       2113      99577
  year_month |    150,360       659.5    34.63993        600        719
  place_code |    124,200       40791    22611.89        410      87240
  countyfips |    150,000    24129.28    16433.47       1003      56021
   statefips |    150,360    24.02953    16.37417          1         56
-------------+---------------------------------------------------------
medre~e_sfcc |    122,702    1641.121    693.2088        595       6595
   actual_mw |    150,360    8.063602    1.192165       7.25         16
calendar_m~h |    150,360         6.5    3.452064          1         12
         msa |    150,360    436.0295    241.1196         12        860
       trend |    150,360       225.5    34.63993        166        285
-------------+---------------------------------------------------------
    trend_sq |    150,360    52050.17    15659.42      27556      81225
    trend_cu |    150,360    1.23e+07     5408204    4574296   2.31e+07
medre~t_sfcc |    109,861    1.182011    .7855536   .4180214   6.731387
white_s~2010 |    150,360    .5436019    .2211861   .0036694   .9396675
black_s~2010 |    150,360    .1672334    .2004469   .0042976   .9753516
-------------+---------------------------------------------------------
renthou~2010 |    150,360    .3777207    .1762493    .062864   .9660729
work_c~20105 |    150,360    .7570126    .2017314   .1421741   .9951102
colleg~20105 |    150,360    .4387359    .1661873   .0986159   .9081349
med_hh~20105 |    150,360    66845.06    24426.27   20527.66   191553.2
       ln_mw |    150,360    2.078049    .1313575   1.981001   2.772589
-------------+---------------------------------------------------------
ln_med_ren~t |    109,861    .0411796    .4492291  -.8722228   1.906781
ln_medrent~c |    122,702     7.32918    .3733732   6.388561   8.794067
nonwhit~2010 |    150,360    .4563981    .2211861   .0603325   .9963306
med_h~at_qtl |    150,360    2.998404    1.414217          1          5
med_h~st_qtl |    150,360    2.944134    1.416499          1          5
-------------+---------------------------------------------------------
renth~at_qtl |    150,360    2.998404    1.414217          1          5
renth~st_qtl |    150,360    2.944134    1.416499          1          5
colle~at_qtl |    150,360    2.998404    1.414217          1          5
colle~st_qtl |    150,360    2.944134    1.416499          1          5
black~at_qtl |    150,360    2.998404    1.414217          1          5
-------------+---------------------------------------------------------
black~st_qtl |    150,360    2.944134    1.416499          1          5
nonwh~at_qtl |    150,360    2.998404    1.414217          1          5
nonwh~st_qtl |    150,360    2.944134    1.416499          1          5
work_~at_qtl |    150,360    2.998404    1.414217          1          5
work_~st_qtl |    150,360    2.944134    1.416499          1          5




