
 make.py started: 2020-10-01 08:45:08 /Users/gabriborg/Dropbox (Brown)/research/min_wage_rent/analysis/first_differences/code 




Execute:  stataSE -e do "./preclean.do"

  ___  ____  ____  ____  ____ (R)
 /__    /   ____/   /   ____/
___/   /   /___/   /   /___/   16.1   Copyright 1985-2019 StataCorp LLC
  Statistics/Data Analysis            StataCorp
                                      4905 Lakeway Drive
     Special Edition                  College Station, Texas 77845 USA
                                      800-STATA-PC        http://www.stata.com
                                      979-696-4600        stata@stata.com
                                      979-696-4601 (fax)

120-user Stata network perpetual license:
       Serial number:  401606201670
         Licensed to:  Brown University
                       Brown University

Notes:
      1.  Stata is running in batch mode.
      2.  Unicode is supported; see help unicode_advice.
      3.  Maximum number of variables is set to 5000; see help set_maxvar.

. do ./preclean.do 

. clear all

. set more off

. adopath + ../../../lib/stata/gslab_misc/ado
  [1]  (BASE)      "/Applications/Stata/ado/base/"
  [2]  (SITE)      "/Applications/Stata/ado/site/"
  [3]              "."
  [4]  (PERSONAL)  "/Users/gabriborg/Documents/Stata/ado/personal/"
  [5]  (PLUS)      "/Users/gabriborg/Library/Application Support/Stata/ado/plus/"
  [6]  (OLDPLACE)  "~/ado/"
  [7]              "../../../lib/stata/gslab_misc/ado"

. set maxvar 32000 


. 
. program main
  1.         local instub "../../../drive/derived_large/output"
  2.         local outstub "../temp"
  3.         local logfile "../output/data_file_manifest.log"
  4. 
. 
.         use "`instub'/baseline_rent_panel.dta", clear
  5.         keep zipcode place_code msa countyfips statefips                               
>                                  ///
>                 year_month calendar_month trend trend_sq trend_cu                         
>                               ///
>                 actual_mw medrentpricepsqft_sfcc medrentprice_sfcc                        
>                               ///
>                 med_hhinc20105 renthouse_share2010 white_share2010 black_share2010        
>               ///
>                 college_share20105 work_county_share20105 estcount_* avgwwage_* emp_*
  6.         
. 
.         local het_vars "med_hhinc20105 renthouse_share2010 college_share20105 black_share2
> 010"
  7.         local het_vars "`het_vars' nonwhite_share2010 work_county_share20105"
  8. 
.         create_vars,    log_vars(actual_mw medrentpricepsqft_sfcc medrentprice_sfcc emp_* 
> estcount_* avgwwage_*)        ///
>                                         heterogeneity_vars(`het_vars')
  9.         
.         simplify_varnames
 10. 
.         xtset zipcode year_month
 11.         gen d_ln_mw = D.ln_mw
 12. 
.         save_data "`outstub'/fd_rent_panel.dta", key(zipcode year_month) replace log(`logf
> ile')
 13. end

. 
. program create_vars
  1.         syntax, log_vars(str) heterogeneity_vars(str)
  2. 
.         local log_vars_expanded "" 
  3.         foreach v in `log_vars' {
  4.                 unab this_var: `v'
  5.                 local log_vars_expanded `"`log_vars_expanded' `this_var'"'
  6.         }
  7.         foreach var in `log_vars_expanded' {
  8.                 gen ln_`var' = ln(`var')
  9.         }
 10. 
.         gen nonwhite_share2010 = 1 - white_share2010
 11.         
.         gen trend_times2 = 2*trend
 12. 
.         foreach var in `heterogeneity_vars' {
 13.                 *xtile `var'_nat_dec = `var', nq(10)
.                 xtile `var'_nat_qtl = `var', nq(5)
 14.                 levelsof statefips, local(states)
 15. 
.                 foreach state in `states'{
 16.                         *xtile deciles_`state'_`var' = `var' if statefips == `state', n
> q(10)
.                         xtile qtiles_`state'_`var' = `var' if statefips == `state', nq(5)
 17.                 }
 18.                 *egen `var'_st_dec = rowtotal(deciles_*)
.                 egen `var'_st_qtl = rowtotal(qtiles_*)
 19.                 
.                 *drop deciles_* qtiles_*
.                 drop qtiles_*
 20.         }
 21. end

. 
. program simplify_varnames
  1.         
.     rename      (ln_actual_mw   ln_medrentpricepsqft_sfcc)              ///
>                 (ln_mw                  ln_med_rent_psqft)
  2. 
. end

. 
. main
(43,225 missing values generated)
(30,956 missing values generated)
(4,266 missing values generated)
(5,523 missing values generated)
(4,266 missing values generated)
(4,266 missing values generated)
(4,290 missing values generated)
(5,028 missing values generated)
(4,266 missing values generated)
(5,544 missing values generated)
(7,224 missing values generated)
(4,266 missing values generated)
(7,704 missing values generated)
(4,266 missing values generated)
(4,266 missing values generated)
(4,266 missing values generated)
(4,266 missing values generated)
(4,266 missing values generated)
(4,266 missing values generated)
(4,266 missing values generated)
(4,266 missing values generated)
(4,266 missing values generated)
(4,791 missing values generated)
(4,266 missing values generated)
(4,473 missing values generated)
(4,266 missing values generated)
(4,266 missing values generated)
(5,523 missing values generated)
(4,266 missing values generated)
(4,266 missing values generated)
(4,290 missing values generated)
(5,028 missing values generated)
(4,266 missing values generated)
(5,544 missing values generated)
(7,224 missing values generated)
(4,266 missing values generated)
(7,704 missing values generated)
(4,266 missing values generated)
1 2 4 5 6 8 9 10 11 12 13 15 16 17 18 20 21 22 24 25 26 27 28 29 32 34 35 36 37 39 40 41 42 
> 44 45 47 48 49 51 53 54 56
1 2 4 5 6 8 9 10 11 12 13 15 16 17 18 20 21 22 24 25 26 27 28 29 32 34 35 36 37 39 40 41 42 
> 44 45 47 48 49 51 53 54 56
1 2 4 5 6 8 9 10 11 12 13 15 16 17 18 20 21 22 24 25 26 27 28 29 32 34 35 36 37 39 40 41 42 
> 44 45 47 48 49 51 53 54 56
1 2 4 5 6 8 9 10 11 12 13 15 16 17 18 20 21 22 24 25 26 27 28 29 32 34 35 36 37 39 40 41 42 
> 44 45 47 48 49 51 53 54 56
1 2 4 5 6 8 9 10 11 12 13 15 16 17 18 20 21 22 24 25 26 27 28 29 32 34 35 36 37 39 40 41 42 
> 44 45 47 48 49 51 53 54 56
1 2 4 5 6 8 9 10 11 12 13 15 16 17 18 20 21 22 24 25 26 27 28 29 32 34 35 36 37 39 40 41 42 
> 44 45 47 48 49 51 53 54 56
       panel variable:  zipcode (strongly balanced)
        time variable:  year_month, 2010m1 to 2019m12
                delta:  1 month
(1,305 missing values generated)
(data already sorted by zipcode year_month)
  variable trend_times2 was float now int
  variable med_hhinc20105_st_qtl was float now byte
  variable renthouse_share2010_st_qtl was float now byte
  variable college_share20105_st_qtl was float now byte
  variable black_share2010_st_qtl was float now byte
  variable nonwhite_share2010_st_qtl was float now byte
  variable work_county_share20105_st_qtl was float now byte
  (3,132,000 bytes saved)
============================================================================
File: ../temp/fd_rent_panel.dta
Key: zipcode year_month
============================================================================
  156600:109(21492):870747181:3455481067

    Variable |        Obs        Mean    Std. Dev.       Min        Max
-------------+---------------------------------------------------------
     zipcode |    156,600    51920.57    29185.78       2113      99577
  year_month |    156,600       659.5    34.63992        600        719
  place_code |    129,840    40657.65    22564.03        410      87240
  countyfips |    156,240    24077.04    16484.28       1003      56021
   statefips |    156,600    23.97854    16.42626          1         56
-------------+---------------------------------------------------------
medre~e_sfcc |    125,644    1651.102    702.9949        595       6595
   actual_mw |    156,600     8.07779    1.207718       7.25         16
calendar_m~h |    156,600         6.5    3.452064          1         12
         msa |    156,600    436.1801    240.1675         12        860
       trend |    156,600       225.5    34.63992        166        285
-------------+---------------------------------------------------------
    trend_sq |    156,600    52050.17    15659.42      27556      81225
    trend_cu |    156,600    1.23e+07     5408203    4574296   2.31e+07
medre~t_sfcc |    113,375    1.188344    .7824813   .4180214   6.731387
white_s~2010 |    156,600    .5392018    .2225559   .0037838   .9401773
black_s~2010 |    156,600     .165993    .2003044    .003148   .9753076
-------------+---------------------------------------------------------
renthou~2010 |    156,600    .3834818     .176359   .0644567   .9662035
work_c~20105 |    156,600    .7557563    .2036341   .1421741    .995271
colleg~20105 |    156,600    .4447718    .1662964   .0856991   .9082218
med_hh~20105 |    156,600    66919.72    24575.33   20527.66   191553.2
estcount_b~v |    152,334    9998.143    9478.137         60      56304
-------------+---------------------------------------------------------
avgwwage_b~v |    152,334    1252.921    434.7633        226       4727
 emp_bizserv |    152,334    134293.3    143883.8        329     642234
estcount_c~t |    152,334    3240.371    2963.656         35      16939
avgwwage_c~t |    152,334    1101.648    300.1755          0       2608
   emp_const |    152,334    33963.15    34828.46          0     173773
-------------+---------------------------------------------------------
estcount_e~e |    152,334    8227.496    21233.92         48     245645
avgwwage_e~e |    152,334    941.4689    149.2949        415       1975
   emp_eduhe |    152,334    115827.1    123161.7        481     835039
estcount_f~v |    152,334    114.6271    78.41068          3        456
avgwwage_f~v |    152,334    1433.109    237.1039        654       2724
-------------+---------------------------------------------------------
  emp_fedgov |    152,334    13996.39    16476.49         42     215436
estcount_g~r |    152,334    5036.921    4952.914         68      30126
avgwwage_g~r |    152,334    1224.162    338.4809          0       4214
  emp_goodpr |    152,334    86332.35    101028.4          0     500610
estcount_i~o |    152,334    920.6698    1382.296          4      13212
-------------+---------------------------------------------------------
avgwwage_i~o |    152,334    1504.754    620.2263          0       7381
    emp_info |    152,334    21043.15    35144.92          0     240358
estcount_l~s |    152,334    4278.093    4708.605         27      39222
avgwwage_l~s |    152,334    446.7107    134.2103        203       1131
    emp_leis |    152,334    93087.95    93948.61        279     551791
-------------+---------------------------------------------------------
estcount_m~u |    152,334    1585.444    1953.882         10      13469
avgwwage_m~u |    152,334    1272.906    396.7543          0       4970
    emp_manu |    152,334    47068.67    62218.62          0     376653
estcount_n~s |    151,809    211.8363    322.4826          1       1859
avgwwage_n~s |    151,809    1133.199    862.1232          0       8606
-------------+---------------------------------------------------------
  emp_natres |    151,809    5209.704     14256.1          0      97846
estcount_s~r |    152,334    44916.23    55840.58        321     473025
avgwwage_s~r |    152,334     1000.91    364.5153        375       3353
  emp_servpr |    152,334    595541.6    612777.8       2751    3452495
estcount_s~v |    152,127    140.9399    411.3288          1       5969
-------------+---------------------------------------------------------
avgwwage_s~v |    152,127     1014.47    299.4505          0       2572
   emp_stgov |    152,127    15709.17    16292.85          0     114555
estcount_t~p |    152,334    9406.654    9421.556         84      59438
avgwwage_t~p |    152,334    861.6196    200.9441        356       3194
  emp_transp |    152,334    143879.2    144973.2        629     872187
-------------+---------------------------------------------------------
       ln_mw |    156,600    2.079602    .1327775   1.981001   2.772589
ln_med_ren~t |    113,375    .0472541    .4493362  -.8722228   1.906781
ln_medrent~c |    125,644    7.334093    .3761665   6.388561   8.794067
ln_emp_biz~v |    152,334      11.108    1.386834   5.796058   13.37271
ln_emp_const |    151,077    9.898307    1.163937    5.31812   12.06551
-------------+---------------------------------------------------------
ln_emp_eduhe |    152,334    11.04985    1.265766   6.175867   13.63523
ln_emp_fed~v |    152,334    8.916786    1.366298    3.73767   12.28042
ln_emp_goo~r |    152,310    10.75745    1.182625   6.135565   13.12358
 ln_emp_info |    151,572    9.006427    1.549256   2.397895   12.38988
 ln_emp_leis |    152,334    10.86033    1.201436   5.631212   13.22092
-------------+---------------------------------------------------------
 ln_emp_manu |    151,056    10.03152     1.30013   4.543295   12.83908
ln_emp_nat~s |    149,376    6.965401    1.822471   .6931472   11.49115
ln_emp_ser~r |    152,334    12.69881    1.249131    7.91972   15.05461
ln_emp_stgov |    148,896    9.034419    1.380182   3.433987   11.64881
ln_emp_tra~p |    152,334    11.32727    1.175193   6.444131   13.67876
-------------+---------------------------------------------------------
ln_estcou~rv |    152,334    8.631106    1.247359   4.094345   10.93852
ln_estcoun~t |    152,334     7.63511    1.038369   3.555348   9.737374
ln_estcoun~e |    152,334    8.181748    1.281099   3.871201   12.41164
ln_estc~dgov |    152,334     4.47362    .8084446   1.098612   6.122493
ln_estco~dpr |    152,334    8.042478     1.06762   4.219508   10.31314
-------------+---------------------------------------------------------
ln_estcoun~o |    152,334    6.071127    1.338069   1.386294   9.488881
ln_estcou~is |    152,334    7.826004    1.132324   3.295837   10.57699
ln_estcoun~u |    152,334    6.723692    1.232639   2.302585   9.508146
ln_estcou~es |    151,809    4.487308    1.395918          0   7.527794
ln_estco~vpr |    152,334    10.11085    1.210602   5.771441    13.0669
-------------+---------------------------------------------------------
ln_estc~tgov |    152,127     4.15392    1.108557          0   8.694335
ln_estcoun~p |    152,334    8.611787     1.14944   4.430817   10.99269
ln_avgwwa~rv |    152,334    7.078686     .326307   5.420535   8.461046
ln_avgwwag~t |    151,077    6.982866    .2416437   6.122493   7.866339
ln_avgwwag~e |    152,334    6.835003    .1581551   6.028278   7.588324
-------------+---------------------------------------------------------
ln_avgw~dgov |    152,334    7.254022    .1652418   6.483108   7.909857
ln_avgww~dpr |    152,310    7.075718    .2589759   6.154858   8.346168
ln_avgwwag~o |    151,572    7.255305    .3551565   5.888878   8.906665
ln_avgwwa~is |    152,334     6.06221    .2759165   5.313206   7.030858
ln_avgwwag~u |    151,056    7.120315    .2656149   6.139884   8.511175
-------------+---------------------------------------------------------
ln_avgwwa~es |    149,376    6.864521    .5646428   5.384495   9.060215
ln_avgww~vpr |    152,334    6.858202     .302611   5.926926   8.117611
ln_avgw~tgov |    148,896    6.912444    .2492661   6.001415   7.852439
ln_avgwwag~p |    152,334    6.733492    .2227758   5.874931   8.069029
nonwhit~2010 |    156,600    .4607982    .2225559   .0598227   .9962162
-------------+---------------------------------------------------------
trend_times2 |    156,600         451    69.27985        332        570
med_h~at_qtl |    156,600           3    1.414218          1          5
med_h~st_qtl |    156,600     2.94636    1.415909          1          5
renth~at_qtl |    156,600           3    1.414218          1          5
renth~st_qtl |    156,600     2.94636    1.415909          1          5
-------------+---------------------------------------------------------
colle~at_qtl |    156,600           3    1.414218          1          5
colle~st_qtl |    156,600     2.94636    1.415909          1          5
black~at_qtl |    156,600           3    1.414218          1          5
black~st_qtl |    156,600     2.94636    1.415909          1          5
nonwh~at_qtl |    156,600           3    1.414218          1          5
-------------+---------------------------------------------------------
nonwh~st_qtl |    156,600     2.94636    1.415909          1          5
work_~at_qtl |    156,600           3    1.414218          1          5
work_~st_qtl |    156,600     2.94636    1.415909          1          5
     d_ln_mw |    155,295    .0016445    .0119584   -.290338   .2412503




(note: file ../temp/fd_rent_panel.dta not found)
file ../temp/fd_rent_panel.dta saved

. 
end of do-file


Execute:  stataSE -e do "./first_differences.do"

  ___  ____  ____  ____  ____ (R)
 /__    /   ____/   /   ____/
___/   /   /___/   /   /___/   16.1   Copyright 1985-2019 StataCorp LLC
  Statistics/Data Analysis            StataCorp
                                      4905 Lakeway Drive
     Special Edition                  College Station, Texas 77845 USA
                                      800-STATA-PC        http://www.stata.com
                                      979-696-4600        stata@stata.com
                                      979-696-4601 (fax)

120-user Stata network perpetual license:
       Serial number:  401606201670
         Licensed to:  Brown University
                       Brown University

Notes:
      1.  Stata is running in batch mode.
      2.  Unicode is supported; see help unicode_advice.
      3.  Maximum number of variables is set to 5000; see help set_maxvar.

. do ./first_differences.do 

. clear all

. set more off

. adopath + ../../../lib/stata/gslab_misc/ado
  [1]  (BASE)      "/Applications/Stata/ado/base/"
  [2]  (SITE)      "/Applications/Stata/ado/site/"
  [3]              "."
  [4]  (PERSONAL)  "/Users/gabriborg/Documents/Stata/ado/personal/"
  [5]  (PLUS)      "/Users/gabriborg/Library/Application Support/Stata/ado/plus/"
  [6]  (OLDPLACE)  "~/ado/"
  [7]              "../../../lib/stata/gslab_misc/ado"

. adopath + ../../../lib/stata/min_wage/ado
  [1]  (BASE)      "/Applications/Stata/ado/base/"
  [2]  (SITE)      "/Applications/Stata/ado/site/"
  [3]              "."
  [4]  (PERSONAL)  "/Users/gabriborg/Documents/Stata/ado/personal/"
  [5]  (PLUS)      "/Users/gabriborg/Library/Application Support/Stata/ado/plus/"
  [6]  (OLDPLACE)  "~/ado/"
  [7]              "../../../lib/stata/gslab_misc/ado"
  [8]              "../../../lib/stata/min_wage/ado"

. set maxvar 32000 


. 
. program main
  1.         local instub "../temp"
  2.         local outstub "../output"
  3. 
.         use "`instub'/fd_rent_panel.dta", clear
  4. 
.         * Static Model
.         run_static_model, depvar(ln_med_rent_psqft) absorb(year_month)                    
>                       ///
>                 cluster(statefips)
  5. 
.         esttab * using "`outstub'/fd_table.tex", keep(D.ln_mw) compress se replace        
>               ///
>                 stats(zs_trend zs_trend_sq cty_emp_wg r2 N, fmt(%s3 %s3 %s3 %9.3f %9.0g)  
>               ///
>                 labels("Zipcode-specifc linear trend"                                     
>                                               ///
>                 "Zipcode-specific linear and square trend" "County-level economic controls
> "                                                             ///
>                 "R-squared" "Observations")) star(* 0.10 ** 0.05 *** 0.01)                
>                               ///
>                 nonote
  6.         * Dynamic Model
.         run_dynamic_model, depvar(ln_med_rent_psqft) absorb(year_month)                   
>                       ///
>                 cluster(statefips)
  7.         
.         esttab reg1 reg2 reg3 reg4 using "`outstub'/fd_dynamic_table.tex",                
>                       ///
>                 keep(*.ln_mw) compress se replace                                         
>                                                       ///
>                 stats(p_value_F zs_trend zs_trend_sq cty_emp_wg r2 N, fmt(%9.3f %s3 %s3 %s
> 3 %9.3f %9.0g)                ///
>                 labels("P-value no pretrends" "Zipcode-specifc linear trend"              
>                                                                       ///
>                 "Zipcode-specific linear and square trend"      "County-level economic con
> trols"                                                        ///
>                 "R-squared" "Observations")) star(* 0.10 ** 0.05 *** 0.01)                
>                               ///
>                 nonote
  8. 
.         esttab lincom1 lincom2 lincom3 lincom4 using "`outstub'/fd_dynamic_lincom_table.te
> x", ///
>                 compress se replace                                                       
>                                                               ///
>         stats(zs_trend zs_trend_sq cty_emp_wg N, fmt(%s3 %s3 %s3 %9.0g)                   
>               ///
>                 labels("Zipcode-specifc linear trend"                                     
>                                               ///
>             "Zipcode-specific linear and square trend" "County-level economic controls" //
> /
>                 "Observations"))                                ///
>                 star(* 0.10 ** 0.05 *** 0.01)                                             
>                                                       ///
>                 nonote coeflabel((1) "Sum of MW effects")
  9. 
.         * Heterogeneity
.         foreach var in med_hhinc20105 renthouse_share2010 college_share20105              
>               ///
>                                 black_share2010 nonwhite_share2010 work_county_share20105 
> {
 10. 
.                 build_ytitle, var(`var')
 11. 
.                 run_static_heterogeneity, depvar(ln_med_rent_psqft) absorb(year_month)    
>               ///
>                         het_var(`var'_st_qtl) cluster(statefips) ytitle(`r(title)')
 12.                 graph export "`outstub'/fd_static_heter_`var'.png", replace
 13.         }
 14. end

. 
. program run_static_model
  1.     syntax, depvar(str) absorb(str) cluster(str)
  2. 
.     local econ_cont "             ln_emp_leis ln_emp_goodpr ln_emp_const ln_emp_transp ln_
> emp_bizserv ln_emp_eduhe ln_emp_fedgov ln_emp_info ln_emp_manu ln_emp_natres ln_emp_servpr
>  ln_emp_stgov"
  3.     local econ_cont `"`econ_cont' ln_estcount_leis ln_estcount_goodpr ln_estcount_const
>  ln_estcount_transp ln_estcount_bizserv ln_estcount_eduhe ln_estcount_fedgov ln_estcount_i
> nfo ln_estcount_manu ln_estcount_natres ln_estcount_servpr ln_estcount_stgov"'
  4.     local econ_cont `"`econ_cont' ln_avgwwage_leis ln_avgwwage_goodpr ln_avgwwage_const
>  ln_avgwwage_transp ln_avgwwage_bizserv ln_avgwwage_eduhe ln_avgwwage_fedgov ln_avgwwage_i
> nfo ln_avgwwage_manu ln_avgwwage_natres ln_avgwwage_servpr ln_avgwwage_stgov"'
  5. 
.         eststo clear
  6.         eststo reg1: reghdfe D.`depvar' D.ln_mw,                                       
>                  ///
>                 absorb(`absorb')                                                          
>                                       ///
>                 vce(cluster `cluster') nocons
  7.         comment_table, trend_lin("No") trend_sq("No") county_cov("No")
  8.         
.         scalar static_effect = _b[D.ln_mw]
  9.         scalar static_effect_se = _se[D.ln_mw]
 10. 
.         eststo: reghdfe D.`depvar' D.ln_mw,                                               
>                       ///
>                 absorb(`absorb' i.zipcode)                                                
>               ///
>                 vce(cluster `cluster') nocons
 11.         comment_table, trend_lin("Yes") trend_sq("No") county_cov("No")
 12. 
.         eststo: reghdfe D.`depvar' D.ln_mw,                                               
>                       ///
>                 absorb(`absorb' i.zipcode c.trend_times2#i.zipcode)             ///
>                 vce(cluster `cluster') nocons
 13.         comment_table, trend_lin("Yes") trend_sq("Yes") county_cov("No")
 14. 
.         eststo: reghdfe D.`depvar' D.ln_mw D.(`econ_cont'),                               
>                                       ///
>                 absorb(`absorb' i.zipcode c.trend_times2#i.zipcode)             ///
>                 vce(cluster `cluster') nocons
 15.         comment_table, trend_lin("Yes") trend_sq("Yes") county_cov("Yes")
 16. end

. 
. program run_dynamic_model
  1.         syntax, depvar(str) absorb(str) cluster(str) [w(int 5)]
  2.         
.     local econ_cont "             ln_emp_leis ln_emp_goodpr ln_emp_const ln_emp_transp ln_
> emp_bizserv ln_emp_eduhe ln_emp_fedgov ln_emp_info ln_emp_manu ln_emp_natres ln_emp_servpr
>  ln_emp_stgov"
  3.     local econ_cont `"`econ_cont' ln_estcount_leis ln_estcount_goodpr ln_estcount_const
>  ln_estcount_transp ln_estcount_bizserv ln_estcount_eduhe ln_estcount_fedgov ln_estcount_i
> nfo ln_estcount_manu ln_estcount_natres ln_estcount_servpr ln_estcount_stgov"'
  4.     local econ_cont `"`econ_cont' ln_avgwwage_leis ln_avgwwage_goodpr ln_avgwwage_const
>  ln_avgwwage_transp ln_avgwwage_bizserv ln_avgwwage_eduhe ln_avgwwage_fedgov ln_avgwwage_i
> nfo ln_avgwwage_manu ln_avgwwage_natres ln_avgwwage_servpr ln_avgwwage_stgov"'
  5. 
. 
.         local lincomest_coeffs "D1.ln_mw + LD.ln_mw"
  6.         forvalues i = 2(1)`w'{
  7.                 local lincomest_coeffs "`lincomest_coeffs' + L`i'D.ln_mw"
  8.         }
  9. 
.         eststo clear
 10.         eststo reg1: reghdfe D.`depvar' L(-`w'/`w').D.ln_mw,                    ///
>                 absorb(`absorb')                                                          
>                               ///
>                 vce(cluster `cluster') nocons
 11.         comment_table, trend_lin("No") trend_sq("No") county_cov("No")
 12.         
.         test (F5D.ln_mw = 0) (F4D.ln_mw = 0) (F3D.ln_mw = 0) (F2D.ln_mw = 0) (F1D.ln_mw = 
> 0)
 13.     estadd scalar p_value_F = r(p)
 14. 
.         preserve
 15.                 coefplot, vertical base gen
 16.                 keep __at __b __se
 17.                 rename (__at __b __se) (at b_full se_full)
 18.                 
.                 keep if !missing(at)
 19. 
.                 gen b_full_lb = b_full - 1.96*se_full
 20.                 gen b_full_ub = b_full + 1.96*se_full
 21.                 
.                 gen static_path = 0 if at <= `w' 
 22.                 replace static_path = scalar(static_effect) if at > `w'
 23.                 gen static_path_lb = 0 if at <= `w'
 24.                 replace static_path_lb = scalar(static_effect) - 1.96*scalar(static_eff
> ect_se) if at > `w'
 25.                 gen static_path_ub = 0 if at <= `w'
 26.                 replace static_path_ub = scalar(static_effect) + 1.96*scalar(static_eff
> ect_se) if at > `w'
 27.                 
.                 save "../temp/plot_coeffs.dta", replace
 28.     restore
 29.                 
.         eststo lincom1: lincomest `lincomest_coeffs'
 30.         comment_table, trend_lin("No") trend_sq("No") county_cov("No")
 31.                         
.         qui reghdfe D.`depvar' L(0/`w').D.ln_mw,                        ///
>                 absorb(`absorb')                                                          
>                               ///
>                 vce(cluster `cluster') nocons
 32.                         
.         preserve
 33.                 coefplot, vertical base gen
 34.                 keep __at __b __se
 35.                 rename (__at __b __se) (at b_lags se_lags)
 36.                 tset at
 37. 
.             keep if !missing(at)
 38. 
.                 gen b_lags_lb = b_lags - 1.96*se_lags
 39.                 gen b_lags_ub = b_lags + 1.96*se_lags
 40.                 
.                 gen cumsum_b_lags = b_lags[1]
 41.                 replace cumsum_b_lags = cumsum_b_lags[_n-1] + b_lags[_n] if _n > 1
 42.                 
.                 replace at = at + `w'
 43.                 
.                 merge 1:1 at using "../temp/plot_coeffs.dta", nogen
 44.                 replace cumsum_b_lags = 0 if at <= `w'
 45.                 sort at
 46.                 
.                 // To avoid the lines overlapping perfectly
.                 gen at_full = at - 0.09
 47.                 gen at_lags = at + 0.09
 48.                 replace at_full = at if _n <= `w'
 49.                 replace at_lags = at if _n <= `w'
 50. 
.                 replace cumsum_b_lags = cumsum_b_lags - 0.00007 if _n <= `w'
 51.                 replace static_path = static_path + 0.00007 if _n <= `w'
 52. 
.                 // Figure
.                 twoway (scatter b_full at_full, mcol(navy))                             //
> /
>                         (rcap b_full_lb b_full_ub at_full, col(navy))                   //
> /
>                         (scatter b_lags at_lags, mcol(maroon))                            
>       ///
>                         (rcap b_lags_lb b_lags_ub at_lags, col(maroon))                 //
> /
>                         (line static_path at, lcol(gs4) lpat(dash))                     //
> /
>                         (line cumsum_b_lags at, lcol(maroon)),                            
>       ///
>                         yline(0, lcol(grey) lpat(dot))                                    
>               ///
>                         graphregion(color(white)) bgcolor(white)                          
>       ///
>                         xlabel(1 "F5D.ln_mw" 2 "F4D.ln_mw" 3 "F3D.ln_mw" 4 "F2D.ln_mw" ///
>                         5 "FD.ln_mw" 6 "D.ln_mw" 7 "LD.ln_mw" 8 "L2D.ln_mw" 9 "L3D.ln_mw" 
> ///
>                         10 "L4D.ln_mw" 11 "L5D.ln_mw", labsize(vsmall)) xtitle("Leads and 
> lags of ln MW") ///
>                         ytitle("Effect on ln rent per sqft")                              
>       ///
>                         legend(order(1 "Full dynamic model" 3 "Distributed lags model" ///
>                         5 "Effects path static model" 6 "Effects path distributed lags mod
> el") size(small))
 53.                 graph export "../output/fd_models.png", replace
 54.         restore 
 55.         
.         eststo reg2: reghdfe D.`depvar' L(-`w'/`w').D.ln_mw  `if',              ///
>                 absorb(`absorb' i.zipcode)                                                
>       ///
>                 vce(cluster `cluster') nocons
 56.         comment_table, trend_lin("Yes") trend_sq("No") county_cov("No")
 57.         
.         test (F5D.ln_mw = 0) (F4D.ln_mw = 0) (F3D.ln_mw = 0) (F2D.ln_mw = 0) (F1D.ln_mw = 
> 0)
 58.     estadd scalar p_value_F = r(p)
 59.         
.         eststo lincom2: lincomest `lincomest_coeffs'
 60.         comment_table, trend_lin("Yes") trend_sq("No") county_cov("No")
 61.         
.         eststo reg3: reghdfe D.`depvar' L(-`w'/`w').D.ln_mw `if',               ///
>                 absorb(`absorb' i.zipcod c.trend_times2#i.zipcode)      ///
>                 vce(cluster `cluster') nocons
 62.         comment_table, trend_lin("Yes") trend_sq("Yes") county_cov("No")
 63. 
.         test (F5D.ln_mw = 0) (F4D.ln_mw = 0) (F3D.ln_mw = 0) (F2D.ln_mw = 0) (F1D.ln_mw = 
> 0)
 64.     estadd scalar p_value_F = r(p)
 65.         
.         eststo lincom3: lincomest `lincomest_coeffs'
 66.         comment_table, trend_lin("Yes") trend_sq("Yes") county_cov("No")
 67. 
.         eststo reg4: reghdfe D.`depvar' L(-`w'/`w').D.ln_mw D.(`econ_cont') `if',         
>       ///
>                 absorb(`absorb' i.zipcod c.trend_times2#i.zipcode)      ///
>                 vce(cluster `cluster') nocons
 68.         comment_table, trend_lin("Yes") trend_sq("Yes") county_cov("Yes")
 69. 
.         test (F5D.ln_mw = 0) (F4D.ln_mw = 0) (F3D.ln_mw = 0) (F2D.ln_mw = 0) (F1D.ln_mw = 
> 0)
 70.     estadd scalar p_value_F = r(p)
 71.         
.         eststo lincom4: lincomest `lincomest_coeffs'
 72.         comment_table, trend_lin("Yes") trend_sq("Yes") county_cov("Yes")
 73. end

. 
. program run_static_heterogeneity
  1.         syntax, depvar(str) absorb(str) cluster(str) het_var(str) ytitle(str) [qtles(in
> t 5)]
  2. 
.     eststo clear
  3.         reghdfe D.`depvar' c.d_ln_mw#i.`het_var',                                      
>                  ///
>                 absorb(`absorb') ///
>                 vce(cluster `cluster') nocons
  4. 
.         coefplot, base graphregion(color(white)) bgcolor(white)                           
>               ///
>         ylabel(1 "1" 2 "2" 3 "3" 4 "4" 5 "5")                                             
>       ///
>         ytitle(`ytitle')                                                                  
>                               ///
>         xtitle("Estimated effect of ln MW on ln rents")                                 //
> /
>         xline(0, lcol(grey) lpat(dot))
  5. end

. 
. program build_ytitle, rclass
  1.         syntax, var(str)
  2. 
.         if "`var'" == "med_hhinc20105" {
  3.                 return local title "Quintiles of within state 2010 median household inc
> ome"
  4.         }
  5.         if "`var'" == "renthouse_share2010" {
  6.                 return local title "Quintiles of 2010 share of houses rent"
  7.         }
  8.         if "`var'" == "college_share20105" {
  9.                 return local title "Quintiles of 2010 college share"
 10.         }
 11.         if "`var'" == "black_share2010" {
 12.                 return local title "Quintiles of 2010 share of black individuals"
 13.         }
 14.         if "`var'" == "nonwhite_share2010" {
 15.                 return local title "Quintiles of 2010 share of non-white individuals"
 16.         }
 17.         if "`var'" == "work_county_share20105" {
 18.                 return local title "Quintiles of 2010 share who work in county"
 19.         }                 
 20. end

. 
. program comment_table
  1.         syntax, trend_lin(str) trend_sq(str) county_cov(str)
  2. 
.         estadd local zs_trend           "`trend_lin'"   
  3.         estadd local zs_trend_sq        "`trend_sq'"
  4.         estadd local cty_emp_wg     "`county_cov'"
  5. end

. 
. main
(MWFE estimator converged in 1 iterations)

HDFE Linear regression                            Number of obs   =    112,232
Absorbing 1 HDFE group                            F(   1,     40) =       4.13
Statistics robust to heteroskedasticity           Prob > F        =     0.0488
                                                  R-squared       =     0.0218
                                                  Adj R-squared   =     0.0208
                                                  Within R-sq.    =     0.0001
Number of clusters (statefips) =         41       Root MSE        =     0.0279

                             (Std. Err. adjusted for 41 clusters in statefips)
------------------------------------------------------------------------------
D.           |               Robust
ln_med_ren~t |      Coef.   Std. Err.      t    P>|t|     [95% Conf. Interval]
-------------+----------------------------------------------------------------
       ln_mw |
         D1. |   .0260395   .0128154     2.03   0.049     .0001386    .0519404
------------------------------------------------------------------------------

Absorbed degrees of freedom:
-----------------------------------------------------+
 Absorbed FE | Categories  - Redundant  = Num. Coefs |
-------------+---------------------------------------|
  year_month |       118           0         118     |
-----------------------------------------------------+

added macro:
           e(zs_trend) : "No"

added macro:
        e(zs_trend_sq) : "No"

added macro:
         e(cty_emp_wg) : "No"
(MWFE estimator converged in 5 iterations)

HDFE Linear regression                            Number of obs   =    112,232
Absorbing 2 HDFE groups                           F(   1,     40) =       4.56
Statistics robust to heteroskedasticity           Prob > F        =     0.0389
                                                  R-squared       =     0.0236
                                                  Adj R-squared   =     0.0125
                                                  Within R-sq.    =     0.0001
Number of clusters (statefips) =         41       Root MSE        =     0.0281

                             (Std. Err. adjusted for 41 clusters in statefips)
------------------------------------------------------------------------------
D.           |               Robust
ln_med_ren~t |      Coef.   Std. Err.      t    P>|t|     [95% Conf. Interval]
-------------+----------------------------------------------------------------
       ln_mw |
         D1. |   .0256987   .0120325     2.14   0.039     .0013801    .0500173
------------------------------------------------------------------------------

Absorbed degrees of freedom:
-----------------------------------------------------+
 Absorbed FE | Categories  - Redundant  = Num. Coefs |
-------------+---------------------------------------|
  year_month |       118           0         118     |
     zipcode |      1143        1143           0    *|
-----------------------------------------------------+
* = FE nested within cluster; treated as redundant for DoF computation
(est2 stored)

added macro:
           e(zs_trend) : "Yes"

added macro:
        e(zs_trend_sq) : "No"

added macro:
         e(cty_emp_wg) : "No"
(MWFE estimator converged in 31 iterations)

HDFE Linear regression                            Number of obs   =    112,232
Absorbing 3 HDFE groups                           F(   1,     40) =       4.79
Statistics robust to heteroskedasticity           Prob > F        =     0.0345
                                                  R-squared       =     0.0264
                                                  Adj R-squared   =     0.0051
                                                  Within R-sq.    =     0.0001
Number of clusters (statefips) =         41       Root MSE        =     0.0282

                             (Std. Err. adjusted for 41 clusters in statefips)
------------------------------------------------------------------------------
D.           |               Robust
ln_med_ren~t |      Coef.   Std. Err.      t    P>|t|     [95% Conf. Interval]
-------------+----------------------------------------------------------------
       ln_mw |
         D1. |    .025532   .0116619     2.19   0.034     .0019624    .0491016
------------------------------------------------------------------------------

Absorbed degrees of freedom:
----------------------------------------------------------------+
            Absorbed FE | Categories  - Redundant  = Num. Coefs |
------------------------+---------------------------------------|
             year_month |       118           0         118     |
                zipcode |      1143        1143           0    *|
 zipcode#c.trend_times2 |      1143           0        1143    ?|
----------------------------------------------------------------+
? = number of redundant parameters may be higher
* = FE nested within cluster; treated as redundant for DoF computation
(est3 stored)

added macro:
           e(zs_trend) : "Yes"

added macro:
        e(zs_trend_sq) : "Yes"

added macro:
         e(cty_emp_wg) : "No"
(MWFE estimator converged in 68 iterations)

HDFE Linear regression                            Number of obs   =    103,715
Absorbing 3 HDFE groups                           F(  37,     39) =     122.54
Statistics robust to heteroskedasticity           Prob > F        =     0.0000
                                                  R-squared       =     0.0279
                                                  Adj R-squared   =     0.0049
                                                  Within R-sq.    =     0.0006
Number of clusters (statefips) =         40       Root MSE        =     0.0281

                                    (Std. Err. adjusted for 40 clusters in statefips)
-------------------------------------------------------------------------------------
                    |               Robust
D.ln_med_rent_psqft |      Coef.   Std. Err.      t    P>|t|     [95% Conf. Interval]
--------------------+----------------------------------------------------------------
              ln_mw |
                D1. |   .0253261    .010655     2.38   0.022     .0037743    .0468778
                    |
        ln_emp_leis |
                D1. |  -.0108991   .0103661    -1.05   0.300    -.0318666    .0100684
                    |
      ln_emp_goodpr |
                D1. |   .0031436   .0060266     0.52   0.605    -.0090463    .0153335
                    |
       ln_emp_const |
                D1. |   .0031707    .006158     0.51   0.610     -.009285    .0156263
                    |
      ln_emp_transp |
                D1. |   .0153422   .0189192     0.81   0.422    -.0229255    .0536099
                    |
     ln_emp_bizserv |
                D1. |  -.0074344     .00774    -0.96   0.343      -.02309    .0082213
                    |
       ln_emp_eduhe |
                D1. |   -.015329   .0146073    -1.05   0.300    -.0448752    .0142171
                    |
      ln_emp_fedgov |
                D1. |   -.003194   .0054262    -0.59   0.560    -.0141695    .0077815
                    |
        ln_emp_info |
                D1. |  -.0001411   .0041536    -0.03   0.973    -.0085425    .0082604
                    |
        ln_emp_manu |
                D1. |   .0007726   .0046546     0.17   0.869    -.0086423    .0101874
                    |
      ln_emp_natres |
                D1. |  -.0007933   .0013937    -0.57   0.572    -.0036123    .0020257
                    |
      ln_emp_servpr |
                D1. |   .0456515   .0420064     1.09   0.284    -.0393144    .1306174
                    |
       ln_emp_stgov |
                D1. |   .0034633   .0016772     2.06   0.046     .0000709    .0068557
                    |
   ln_estcount_leis |
                D1. |   .0118254   .0127845     0.92   0.361    -.0140337    .0376844
                    |
 ln_estcount_goodpr |
                D1. |   .0329735   .0822521     0.40   0.691     -.133397     .199344
                    |
  ln_estcount_const |
                D1. |  -.0160108   .0640471    -0.25   0.804    -.1455582    .1135366
                    |
 ln_estcount_transp |
                D1. |  -.0428124   .0274526    -1.56   0.127    -.0983405    .0127158
                    |
ln_estcount_bizserv |
                D1. |    .018053   .0229422     0.79   0.436     -.028352     .064458
                    |
  ln_estcount_eduhe |
                D1. |  -.0009249   .0025317    -0.37   0.717    -.0060459     .004196
                    |
 ln_estcount_fedgov |
                D1. |   .0021858   .0126811     0.17   0.864    -.0234643    .0278358
                    |
   ln_estcount_info |
                D1. |   .0045084   .0054994     0.82   0.417    -.0066151    .0156319
                    |
   ln_estcount_manu |
                D1. |  -.0030426   .0211773    -0.14   0.886    -.0458776    .0397925
                    |
 ln_estcount_natres |
                D1. |   .0037722   .0031796     1.19   0.243    -.0026592    .0102036
                    |
 ln_estcount_servpr |
                D1. |  -.0007409   .0101953    -0.07   0.942    -.0213629    .0198811
                    |
  ln_estcount_stgov |
                D1. |  -.0030699   .0024031    -1.28   0.209    -.0079305    .0017908
                    |
   ln_avgwwage_leis |
                D1. |  -.0013734   .0015018    -0.91   0.366    -.0044111    .0016643
                    |
 ln_avgwwage_goodpr |
                D1. |  -.0184463   .0046465    -3.97   0.000    -.0278448   -.0090478
                    |
  ln_avgwwage_const |
                D1. |   .0044015   .0061524     0.72   0.479    -.0080429    .0168458
                    |
 ln_avgwwage_transp |
                D1. |   .0098097   .0045208     2.17   0.036     .0006655     .018954
                    |
ln_avgwwage_bizserv |
                D1. |   .0044624   .0029306     1.52   0.136    -.0014653    .0103902
                    |
  ln_avgwwage_eduhe |
                D1. |   .0086015   .0058034     1.48   0.146     -.003137    .0203399
                    |
 ln_avgwwage_fedgov |
                D1. |  -.0018009   .0026961    -0.67   0.508    -.0072542    .0036525
                    |
   ln_avgwwage_info |
                D1. |   .0007656    .001786     0.43   0.671     -.002847    .0043781
                    |
   ln_avgwwage_manu |
                D1. |   .0103817   .0029593     3.51   0.001     .0043959    .0163675
                    |
 ln_avgwwage_natres |
                D1. |   .0013073   .0008654     1.51   0.139     -.000443    .0030577
                    |
 ln_avgwwage_servpr |
                D1. |  -.0075178   .0034529    -2.18   0.036    -.0145019   -.0005336
                    |
  ln_avgwwage_stgov |
                D1. |   .0031883   .0018925     1.68   0.100    -.0006396    .0070163
-------------------------------------------------------------------------------------

Absorbed degrees of freedom:
----------------------------------------------------------------+
            Absorbed FE | Categories  - Redundant  = Num. Coefs |
------------------------+---------------------------------------|
             year_month |       115           0         115     |
                zipcode |      1126        1126           0    *|
 zipcode#c.trend_times2 |      1126           0        1126    ?|
----------------------------------------------------------------+
? = number of redundant parameters may be higher
* = FE nested within cluster; treated as redundant for DoF computation
(est4 stored)

added macro:
           e(zs_trend) : "Yes"

added macro:
        e(zs_trend_sq) : "Yes"

added macro:
         e(cty_emp_wg) : "Yes"
(note: file ../output/fd_table.tex not found)
(output written to ../output/fd_table.tex)
(MWFE estimator converged in 1 iterations)

HDFE Linear regression                            Number of obs   =    106,446
Absorbing 1 HDFE group                            F(  11,     40) =       5.26
Statistics robust to heteroskedasticity           Prob > F        =     0.0000
                                                  R-squared       =     0.0222
                                                  Adj R-squared   =     0.0211
                                                  Within R-sq.    =     0.0002
Number of clusters (statefips) =         41       Root MSE        =     0.0280

                             (Std. Err. adjusted for 41 clusters in statefips)
------------------------------------------------------------------------------
D.           |               Robust
ln_med_ren~t |      Coef.   Std. Err.      t    P>|t|     [95% Conf. Interval]
-------------+----------------------------------------------------------------
       ln_mw |
        F5D. |  -.0148356   .0090279    -1.64   0.108    -.0330816    .0034104
        F4D. |  -.0023735   .0115976    -0.20   0.839    -.0258131     .021066
        F3D. |   .0011058   .0091637     0.12   0.905    -.0174147    .0196264
        F2D. |   .0060276   .0115539     0.52   0.605    -.0173236    .0293788
         FD. |  -.0002217   .0122864    -0.02   0.986    -.0250534      .02461
         D1. |   .0270699   .0126282     2.14   0.038     .0015474    .0525925
         LD. |   .0135805    .007154     1.90   0.065    -.0008782    .0280392
        L2D. |  -.0070232   .0133453    -0.53   0.602     -.033995    .0199487
        L3D. |   .0036262   .0080799     0.45   0.656    -.0127038    .0199563
        L4D. |   .0107927   .0069339     1.56   0.127    -.0032212    .0248065
        L5D. |    .008621   .0068652     1.26   0.216    -.0052542    .0224961
------------------------------------------------------------------------------

Absorbed degrees of freedom:
-----------------------------------------------------+
 Absorbed FE | Categories  - Redundant  = Num. Coefs |
-------------+---------------------------------------|
  year_month |       109           0         109     |
-----------------------------------------------------+

added macro:
           e(zs_trend) : "No"

added macro:
        e(zs_trend_sq) : "No"

added macro:
         e(cty_emp_wg) : "No"

 ( 1)  F5D.ln_mw = 0
 ( 2)  F4D.ln_mw = 0
 ( 3)  F3D.ln_mw = 0
 ( 4)  F2D.ln_mw = 0
 ( 5)  FD.ln_mw = 0

       F(  5,    40) =    0.78
            Prob > F =    0.5675

added scalar:
          e(p_value_F) =  .56754406

Generated variables:
              storage   display    value
variable name   type    format     label      variable label
--------------------------------------------------------------------------------------------
__by            byte    %9.0g      __by       subgraph ID
__plot          byte    %9.0g      __plot     plot ID
__at            byte    %9.0g                 plot position (category axis)
__mlbl          str1    %9s                   marker label
__mlpos         byte    %9.0g                 marker label position
__b             float   %9.0g                 coefficient
__V             float   %9.0g                 variance
__se            float   %9.0g                 standard error
__t             float   %9.0g                 t or z statistic
__df            byte    %9.0g                 degrees of freedom
__pval          float   %9.0g                 p-value
__ll1           float   %9.0g                 CI1: lower limit
__ul1           float   %9.0g                 CI1: upper limit
(156,589 observations deleted)
(6 missing values generated)
(6 real changes made)
(6 missing values generated)
(6 real changes made)
(6 missing values generated)
(6 real changes made)
(note: file ../temp/plot_coeffs.dta not found)
file ../temp/plot_coeffs.dta saved
Confidence interval for formula:
D1.ln_mw+LD.ln_mw+L2D.ln_mw+L3D.ln_mw+L4D.ln_mw+L5D.ln_mw

------------------------------------------------------------------------------
D.           |
ln_med_ren~t |      Coef.   Std. Err.      t    P>|t|     [95% Conf. Interval]
-------------+----------------------------------------------------------------
         (1) |   .0566671   .0346332     1.64   0.110    -.0133293    .1266635
------------------------------------------------------------------------------

added macro:
           e(zs_trend) : "No"

added macro:
        e(zs_trend_sq) : "No"

added macro:
         e(cty_emp_wg) : "No"

Generated variables:
              storage   display    value
variable name   type    format     label      variable label
--------------------------------------------------------------------------------------------
__by            byte    %9.0g      __by       subgraph ID
__plot          byte    %9.0g      __plot     plot ID
__at            byte    %9.0g                 plot position (category axis)
__mlbl          str1    %9s                   marker label
__mlpos         byte    %9.0g                 marker label position
__b             float   %9.0g                 coefficient
__V             float   %9.0g                 variance
__se            float   %9.0g                 standard error
__t             float   %9.0g                 t or z statistic
__df            byte    %9.0g                 degrees of freedom
__pval          float   %9.0g                 p-value
__ll1           float   %9.0g                 CI1: lower limit
__ul1           float   %9.0g                 CI1: upper limit
        time variable:  at, 1 to 6
                delta:  1 unit
(156,594 observations deleted)
(5 real changes made)
(6 real changes made)

    Result                           # of obs.
    -----------------------------------------
    not matched                             5
        from master                         0  
        from using                          5  

    matched                                 6  
    -----------------------------------------
(5 real changes made)
(5 real changes made)
(5 real changes made)
(5 real changes made)
(5 real changes made)
(note:  named style grey not found in class color, default attributes used)
(file /Users/gabriborg/Dropbox (Brown)/research/min_wage_rent/analysis/first_differences/cod
> e/../output/fd_models.png written in PNG format)
(MWFE estimator converged in 5 iterations)

HDFE Linear regression                            Number of obs   =    106,446
Absorbing 2 HDFE groups                           F(  11,     40) =       4.82
Statistics robust to heteroskedasticity           Prob > F        =     0.0001
                                                  R-squared       =     0.0242
                                                  Adj R-squared   =     0.0125
                                                  Within R-sq.    =     0.0002
Number of clusters (statefips) =         41       Root MSE        =     0.0281

                             (Std. Err. adjusted for 41 clusters in statefips)
------------------------------------------------------------------------------
D.           |               Robust
ln_med_ren~t |      Coef.   Std. Err.      t    P>|t|     [95% Conf. Interval]
-------------+----------------------------------------------------------------
       ln_mw |
        F5D. |  -.0153073    .009146    -1.67   0.102    -.0337921    .0031774
        F4D. |  -.0030621    .011022    -0.28   0.783    -.0253383    .0192142
        F3D. |   .0003797   .0082879     0.05   0.964    -.0163708    .0171302
        F2D. |   .0053139   .0120729     0.44   0.662    -.0190864    .0297142
         FD. |   -.000798   .0126499    -0.06   0.950    -.0263643    .0247683
         D1. |   .0265456   .0119411     2.22   0.032     .0024118    .0506795
         LD. |   .0128094   .0073927     1.73   0.091    -.0021318    .0277506
        L2D. |  -.0078453   .0134818    -0.58   0.564     -.035093    .0194024
        L3D. |   .0027691   .0075088     0.37   0.714    -.0124067     .017945
        L4D. |   .0099381   .0069494     1.43   0.160    -.0041071    .0239833
        L5D. |   .0077819   .0073506     1.06   0.296    -.0070743    .0226381
------------------------------------------------------------------------------

Absorbed degrees of freedom:
-----------------------------------------------------+
 Absorbed FE | Categories  - Redundant  = Num. Coefs |
-------------+---------------------------------------|
  year_month |       109           0         109     |
     zipcode |      1143        1143           0    *|
-----------------------------------------------------+
* = FE nested within cluster; treated as redundant for DoF computation

added macro:
           e(zs_trend) : "Yes"

added macro:
        e(zs_trend_sq) : "No"

added macro:
         e(cty_emp_wg) : "No"

 ( 1)  F5D.ln_mw = 0
 ( 2)  F4D.ln_mw = 0
 ( 3)  F3D.ln_mw = 0
 ( 4)  F2D.ln_mw = 0
 ( 5)  FD.ln_mw = 0

       F(  5,    40) =    0.76
            Prob > F =    0.5814

added scalar:
          e(p_value_F) =  .58139317
Confidence interval for formula:
D1.ln_mw+LD.ln_mw+L2D.ln_mw+L3D.ln_mw+L4D.ln_mw+L5D.ln_mw

------------------------------------------------------------------------------
D.           |
ln_med_ren~t |      Coef.   Std. Err.      t    P>|t|     [95% Conf. Interval]
-------------+----------------------------------------------------------------
         (1) |   .0519989   .0335108     1.55   0.129     -.015729    .1197268
------------------------------------------------------------------------------

added macro:
           e(zs_trend) : "Yes"

added macro:
        e(zs_trend_sq) : "No"

added macro:
         e(cty_emp_wg) : "No"
(MWFE estimator converged in 31 iterations)

HDFE Linear regression                            Number of obs   =    106,446
Absorbing 3 HDFE groups                           F(  11,     40) =       5.13
Statistics robust to heteroskedasticity           Prob > F        =     0.0001
                                                  R-squared       =     0.0272
                                                  Adj R-squared   =     0.0047
                                                  Within R-sq.    =     0.0002
Number of clusters (statefips) =         41       Root MSE        =     0.0283

                             (Std. Err. adjusted for 41 clusters in statefips)
------------------------------------------------------------------------------
D.           |               Robust
ln_med_ren~t |      Coef.   Std. Err.      t    P>|t|     [95% Conf. Interval]
-------------+----------------------------------------------------------------
       ln_mw |
        F5D. |  -.0157145   .0093849    -1.67   0.102    -.0346821    .0032531
        F4D. |  -.0038162   .0101236    -0.38   0.708    -.0242768    .0166443
        F3D. |  -.0002136    .008309    -0.03   0.980    -.0170067    .0165795
        F2D. |   .0047728   .0115417     0.41   0.681     -.018554    .0280995
         FD. |  -.0014329   .0142061    -0.10   0.920    -.0301444    .0272786
         D1. |   .0260095   .0110368     2.36   0.023     .0037032    .0483158
         LD. |   .0117583   .0080537     1.46   0.152    -.0045188    .0280354
        L2D. |  -.0088439   .0123523    -0.72   0.478    -.0338089    .0161212
        L3D. |   .0019087   .0081188     0.24   0.815       -.0145    .0183175
        L4D. |   .0091793   .0072379     1.27   0.212     -.005449    .0238075
        L5D. |   .0073554   .0071709     1.03   0.311    -.0071374    .0218483
------------------------------------------------------------------------------

Absorbed degrees of freedom:
----------------------------------------------------------------+
            Absorbed FE | Categories  - Redundant  = Num. Coefs |
------------------------+---------------------------------------|
             year_month |       109           0         109     |
                zipcode |      1143        1143           0    *|
 zipcode#c.trend_times2 |      1143           0        1143    ?|
----------------------------------------------------------------+
? = number of redundant parameters may be higher
* = FE nested within cluster; treated as redundant for DoF computation

added macro:
           e(zs_trend) : "Yes"

added macro:
        e(zs_trend_sq) : "Yes"

added macro:
         e(cty_emp_wg) : "No"

 ( 1)  F5D.ln_mw = 0
 ( 2)  F4D.ln_mw = 0
 ( 3)  F3D.ln_mw = 0
 ( 4)  F2D.ln_mw = 0
 ( 5)  FD.ln_mw = 0

       F(  5,    40) =    0.73
            Prob > F =    0.6018

added scalar:
          e(p_value_F) =  .60176964
Confidence interval for formula:
D1.ln_mw+LD.ln_mw+L2D.ln_mw+L3D.ln_mw+L4D.ln_mw+L5D.ln_mw

------------------------------------------------------------------------------
D.           |
ln_med_ren~t |      Coef.   Std. Err.      t    P>|t|     [95% Conf. Interval]
-------------+----------------------------------------------------------------
         (1) |   .0473674   .0300703     1.58   0.123    -.0134069    .1081417
------------------------------------------------------------------------------

added macro:
           e(zs_trend) : "Yes"

added macro:
        e(zs_trend_sq) : "Yes"

added macro:
         e(cty_emp_wg) : "No"
(MWFE estimator converged in 64 iterations)
warning: missing F statistic; dropped variables due to collinearity or too few clusters

HDFE Linear regression                            Number of obs   =    101,448
Absorbing 3 HDFE groups                           F(  47,     39) =          .
Statistics robust to heteroskedasticity           Prob > F        =          .
                                                  R-squared       =     0.0281
                                                  Adj R-squared   =     0.0045
                                                  Within R-sq.    =     0.0007
Number of clusters (statefips) =         40       Root MSE        =     0.0282

                                    (Std. Err. adjusted for 40 clusters in statefips)
-------------------------------------------------------------------------------------
                    |               Robust
D.ln_med_rent_psqft |      Coef.   Std. Err.      t    P>|t|     [95% Conf. Interval]
--------------------+----------------------------------------------------------------
              ln_mw |
               F5D. |  -.0145562   .0082326    -1.77   0.085    -.0312082    .0020958
               F4D. |   -.001141   .0087284    -0.13   0.897    -.0187959    .0165138
               F3D. |  -.0013269   .0088462    -0.15   0.882    -.0192201    .0165663
               F2D. |   .0026278   .0116775     0.23   0.823    -.0209922    .0262478
                FD. |  -.0039434   .0144783    -0.27   0.787    -.0332286    .0253417
                D1. |   .0258335   .0104661     2.47   0.018     .0046638    .0470032
                LD. |   .0115176   .0087755     1.31   0.197    -.0062325    .0292678
               L2D. |  -.0054785   .0126736    -0.43   0.668    -.0311132    .0201563
               L3D. |   .0045269   .0079469     0.57   0.572    -.0115472     .020601
               L4D. |   .0096777   .0068253     1.42   0.164    -.0041278    .0234833
               L5D. |    .007478   .0077519     0.96   0.341    -.0082017    .0231576
                    |
        ln_emp_leis |
                D1. |  -.0108738   .0110065    -0.99   0.329    -.0331365     .011389
                    |
      ln_emp_goodpr |
                D1. |   .0009927   .0063897     0.16   0.877    -.0119316     .013917
                    |
       ln_emp_const |
                D1. |   .0044194   .0061462     0.72   0.476    -.0080125    .0168512
                    |
      ln_emp_transp |
                D1. |    .017875   .0193928     0.92   0.362    -.0213506    .0571005
                    |
     ln_emp_bizserv |
                D1. |  -.0073878   .0076921    -0.96   0.343    -.0229465     .008171
                    |
       ln_emp_eduhe |
                D1. |  -.0130164   .0149244    -0.87   0.388    -.0432039    .0171711
                    |
      ln_emp_fedgov |
                D1. |  -.0030384    .005761    -0.53   0.601    -.0146911    .0086143
                    |
        ln_emp_info |
                D1. |  -.0000207   .0040649    -0.01   0.996    -.0082426    .0082013
                    |
        ln_emp_manu |
                D1. |   .0023158   .0046582     0.50   0.622    -.0071062    .0117378
                    |
      ln_emp_natres |
                D1. |  -.0007748   .0013205    -0.59   0.561    -.0034458    .0018961
                    |
      ln_emp_servpr |
                D1. |   .0481482   .0434231     1.11   0.274    -.0396833    .1359797
                    |
       ln_emp_stgov |
                D1. |   .0036285   .0017801     2.04   0.048     .0000279     .007229
                    |
   ln_estcount_leis |
                D1. |   .0112889    .012854     0.88   0.385    -.0147108    .0372885
                    |
 ln_estcount_goodpr |
                D1. |   .0348246   .0824943     0.42   0.675    -.1320358    .2016851
                    |
  ln_estcount_const |
                D1. |  -.0172496   .0652233    -0.26   0.793    -.1491761     .114677
                    |
 ln_estcount_transp |
                D1. |   -.044768   .0278313    -1.61   0.116    -.1010621     .011526
                    |
ln_estcount_bizserv |
                D1. |   .0189369   .0230791     0.82   0.417    -.0277451    .0656188
                    |
  ln_estcount_eduhe |
                D1. |  -.0012173   .0025303    -0.48   0.633    -.0063354    .0039007
                    |
 ln_estcount_fedgov |
                D1. |   .0024725   .0126652     0.20   0.846    -.0231453    .0280903
                    |
   ln_estcount_info |
                D1. |    .004222   .0054788     0.77   0.446      -.00686    .0153039
                    |
   ln_estcount_manu |
                D1. |  -.0038801   .0210117    -0.18   0.854    -.0463802    .0386201
                    |
 ln_estcount_natres |
                D1. |   .0034778   .0031553     1.10   0.277    -.0029044    .0098601
                    |
 ln_estcount_servpr |
                D1. |  -.0005312   .0102597    -0.05   0.959    -.0212834     .020221
                    |
  ln_estcount_stgov |
                D1. |  -.0034219   .0024851    -1.38   0.176    -.0084485    .0016046
                    |
   ln_avgwwage_leis |
                D1. |  -.0015019   .0015414    -0.97   0.336    -.0046197     .001616
                    |
 ln_avgwwage_goodpr |
                D1. |  -.0181848   .0047207    -3.85   0.000    -.0277334   -.0086362
                    |
  ln_avgwwage_const |
                D1. |   .0044891   .0061541     0.73   0.470    -.0079587    .0169369
                    |
 ln_avgwwage_transp |
                D1. |   .0095668   .0046214     2.07   0.045     .0002192    .0189145
                    |
ln_avgwwage_bizserv |
                D1. |   .0043847   .0029309     1.50   0.143    -.0015436    .0103129
                    |
  ln_avgwwage_eduhe |
                D1. |   .0086201   .0059305     1.45   0.154    -.0033753    .0206156
                    |
 ln_avgwwage_fedgov |
                D1. |  -.0017185   .0026282    -0.65   0.517    -.0070345    .0035975
                    |
   ln_avgwwage_info |
                D1. |   .0007627   .0017655     0.43   0.668    -.0028083    .0043338
                    |
   ln_avgwwage_manu |
                D1. |   .0102054    .003009     3.39   0.002     .0041191    .0162917
                    |
 ln_avgwwage_natres |
                D1. |   .0012733    .000844     1.51   0.139    -.0004337    .0029804
                    |
 ln_avgwwage_servpr |
                D1. |  -.0074763   .0034498    -2.17   0.036    -.0144542   -.0004984
                    |
  ln_avgwwage_stgov |
                D1. |    .003172   .0018768     1.69   0.099    -.0006241    .0069682
-------------------------------------------------------------------------------------

Absorbed degrees of freedom:
----------------------------------------------------------------+
            Absorbed FE | Categories  - Redundant  = Num. Coefs |
------------------------+---------------------------------------|
             year_month |       109           0         109     |
                zipcode |      1126        1126           0    *|
 zipcode#c.trend_times2 |      1126           0        1126    ?|
----------------------------------------------------------------+
? = number of redundant parameters may be higher
* = FE nested within cluster; treated as redundant for DoF computation

added macro:
           e(zs_trend) : "Yes"

added macro:
        e(zs_trend_sq) : "Yes"

added macro:
         e(cty_emp_wg) : "Yes"

 ( 1)  F5D.ln_mw = 0
 ( 2)  F4D.ln_mw = 0
 ( 3)  F3D.ln_mw = 0
 ( 4)  F2D.ln_mw = 0
 ( 5)  FD.ln_mw = 0

       F(  5,    39) =    0.69
            Prob > F =    0.6327

added scalar:
          e(p_value_F) =  .63273119
Confidence interval for formula:
D1.ln_mw+LD.ln_mw+L2D.ln_mw+L3D.ln_mw+L4D.ln_mw+L5D.ln_mw

------------------------------------------------------------------------------
D.           |
ln_med_ren~t |      Coef.   Std. Err.      t    P>|t|     [95% Conf. Interval]
-------------+----------------------------------------------------------------
         (1) |   .0535553   .0316401     1.69   0.098    -.0104428    .1175533
------------------------------------------------------------------------------

added macro:
           e(zs_trend) : "Yes"

added macro:
        e(zs_trend_sq) : "Yes"

added macro:
         e(cty_emp_wg) : "Yes"
(note: file ../output/fd_dynamic_table.tex not found)
(output written to ../output/fd_dynamic_table.tex)
(note: file ../output/fd_dynamic_lincom_table.tex not found)
(output written to ../output/fd_dynamic_lincom_table.tex)
(MWFE estimator converged in 1 iterations)

HDFE Linear regression                            Number of obs   =    112,232
Absorbing 1 HDFE group                            F(   5,     40) =       1.81
Statistics robust to heteroskedasticity           Prob > F        =     0.1321
                                                  R-squared       =     0.0219
                                                  Adj R-squared   =     0.0208
                                                  Within R-sq.    =     0.0001
Number of clusters (statefips) =         41       Root MSE        =     0.0279

                                       (Std. Err. adjusted for 41 clusters in statefips)
----------------------------------------------------------------------------------------
                       |               Robust
   D.ln_med_rent_psqft |      Coef.   Std. Err.      t    P>|t|     [95% Conf. Interval]
-----------------------+----------------------------------------------------------------
 med_hhinc20105_st_qtl#|
             c.d_ln_mw |
                    1  |   .0474759    .022842     2.08   0.044     .0013105    .0936413
                    2  |   .0163653   .0230918     0.71   0.483     -.030305    .0630357
                    3  |   .0211836   .0206322     1.03   0.311    -.0205156    .0628828
                    4  |   .0279728   .0183872     1.52   0.136    -.0091891    .0651348
                    5  |    .016544   .0107534     1.54   0.132    -.0051895    .0382774
----------------------------------------------------------------------------------------

Absorbed degrees of freedom:
-----------------------------------------------------+
 Absorbed FE | Categories  - Redundant  = Num. Coefs |
-------------+---------------------------------------|
  year_month |       118           0         118     |
-----------------------------------------------------+
(note:  named style grey not found in class color, default attributes used)
(file /Users/gabriborg/Dropbox (Brown)/research/min_wage_rent/analysis/first_differences/cod
> e/../output/fd_static_heter_med_hhinc20105.png written in PNG format)
(MWFE estimator converged in 1 iterations)

HDFE Linear regression                            Number of obs   =    112,232
Absorbing 1 HDFE group                            F(   5,     40) =       3.90
Statistics robust to heteroskedasticity           Prob > F        =     0.0056
                                                  R-squared       =     0.0219
                                                  Adj R-squared   =     0.0208
                                                  Within R-sq.    =     0.0002
Number of clusters (statefips) =         41       Root MSE        =     0.0279

                                          (Std. Err. adjusted for 41 clusters in statefips)
-------------------------------------------------------------------------------------------
                          |               Robust
      D.ln_med_rent_psqft |      Coef.   Std. Err.      t    P>|t|     [95% Conf. Interval]
--------------------------+----------------------------------------------------------------
renthouse_share2010_st_~l#|
                c.d_ln_mw |
                       1  |   .0193919   .0160389     1.21   0.234    -.0130239    .0518076
                       2  |   .0443041   .0159146     2.78   0.008     .0121394    .0764687
                       3  |  -.0071318   .0183855    -0.39   0.700    -.0442902    .0300266
                       4  |   .0347295   .0220895     1.57   0.124     -.009915     .079374
                       5  |    .040632    .017939     2.27   0.029     .0043759    .0768882
-------------------------------------------------------------------------------------------

Absorbed degrees of freedom:
-----------------------------------------------------+
 Absorbed FE | Categories  - Redundant  = Num. Coefs |
-------------+---------------------------------------|
  year_month |       118           0         118     |
-----------------------------------------------------+
(note:  named style grey not found in class color, default attributes used)
(file /Users/gabriborg/Dropbox (Brown)/research/min_wage_rent/analysis/first_differences/cod
> e/../output/fd_static_heter_renthouse_share2010.png written in PNG format)
(MWFE estimator converged in 1 iterations)

HDFE Linear regression                            Number of obs   =    112,232
Absorbing 1 HDFE group                            F(   5,     40) =       7.96
Statistics robust to heteroskedasticity           Prob > F        =     0.0000
                                                  R-squared       =     0.0219
                                                  Adj R-squared   =     0.0209
                                                  Within R-sq.    =     0.0002
Number of clusters (statefips) =         41       Root MSE        =     0.0279

                                          (Std. Err. adjusted for 41 clusters in statefips)
-------------------------------------------------------------------------------------------
                          |               Robust
      D.ln_med_rent_psqft |      Coef.   Std. Err.      t    P>|t|     [95% Conf. Interval]
--------------------------+----------------------------------------------------------------
college_share20105_st_qtl#|
                c.d_ln_mw |
                       1  |   .0310962   .0230956     1.35   0.186    -.0155817    .0777741
                       2  |   .0643482   .0153891     4.18   0.000     .0332456    .0954509
                       3  |   .0346641   .0238567     1.45   0.154    -.0135521    .0828802
                       4  |   .0030872   .0279738     0.11   0.913    -.0534499    .0596243
                       5  |   .0067608   .0148612     0.45   0.652    -.0232749    .0367964
-------------------------------------------------------------------------------------------

Absorbed degrees of freedom:
-----------------------------------------------------+
 Absorbed FE | Categories  - Redundant  = Num. Coefs |
-------------+---------------------------------------|
  year_month |       118           0         118     |
-----------------------------------------------------+
(note:  named style grey not found in class color, default attributes used)
(file /Users/gabriborg/Dropbox (Brown)/research/min_wage_rent/analysis/first_differences/cod
> e/../output/fd_static_heter_college_share20105.png written in PNG format)
(MWFE estimator converged in 1 iterations)

HDFE Linear regression                            Number of obs   =    112,232
Absorbing 1 HDFE group                            F(   5,     40) =       1.00
Statistics robust to heteroskedasticity           Prob > F        =     0.4327
                                                  R-squared       =     0.0218
                                                  Adj R-squared   =     0.0208
                                                  Within R-sq.    =     0.0001
Number of clusters (statefips) =         41       Root MSE        =     0.0279

                                        (Std. Err. adjusted for 41 clusters in statefips)
-----------------------------------------------------------------------------------------
                        |               Robust
    D.ln_med_rent_psqft |      Coef.   Std. Err.      t    P>|t|     [95% Conf. Interval]
------------------------+----------------------------------------------------------------
 black_share2010_st_qtl#|
              c.d_ln_mw |
                     1  |   .0242135   .0180114     1.34   0.186     -.012189    .0606159
                     2  |   .0246729   .0227032     1.09   0.284    -.0212119    .0705578
                     3  |   .0107149    .011455     0.94   0.355    -.0124365    .0338663
                     4  |   .0309485   .0169773     1.82   0.076    -.0033638    .0652608
                     5  |    .041807   .0231353     1.81   0.078    -.0049511    .0885651
-----------------------------------------------------------------------------------------

Absorbed degrees of freedom:
-----------------------------------------------------+
 Absorbed FE | Categories  - Redundant  = Num. Coefs |
-------------+---------------------------------------|
  year_month |       118           0         118     |
-----------------------------------------------------+
(note:  named style grey not found in class color, default attributes used)
(file /Users/gabriborg/Dropbox (Brown)/research/min_wage_rent/analysis/first_differences/cod
> e/../output/fd_static_heter_black_share2010.png written in PNG format)
(MWFE estimator converged in 1 iterations)

HDFE Linear regression                            Number of obs   =    112,232
Absorbing 1 HDFE group                            F(   5,     40) =       5.32
Statistics robust to heteroskedasticity           Prob > F        =     0.0008
                                                  R-squared       =     0.0218
                                                  Adj R-squared   =     0.0208
                                                  Within R-sq.    =     0.0001
Number of clusters (statefips) =         41       Root MSE        =     0.0279

                                          (Std. Err. adjusted for 41 clusters in statefips)
-------------------------------------------------------------------------------------------
                          |               Robust
      D.ln_med_rent_psqft |      Coef.   Std. Err.      t    P>|t|     [95% Conf. Interval]
--------------------------+----------------------------------------------------------------
nonwhite_share2010_st_qtl#|
                c.d_ln_mw |
                       1  |   .0164524    .021405     0.77   0.447    -.0268088    .0597136
                       2  |   .0314331    .017256     1.82   0.076    -.0034426    .0663087
                       3  |   .0152605   .0121534     1.26   0.217    -.0093025    .0398234
                       4  |   .0404743   .0151142     2.68   0.011     .0099274    .0710212
                       5  |   .0263748   .0247482     1.07   0.293    -.0236432    .0763928
-------------------------------------------------------------------------------------------

Absorbed degrees of freedom:
-----------------------------------------------------+
 Absorbed FE | Categories  - Redundant  = Num. Coefs |
-------------+---------------------------------------|
  year_month |       118           0         118     |
-----------------------------------------------------+
(note:  named style grey not found in class color, default attributes used)
(file /Users/gabriborg/Dropbox (Brown)/research/min_wage_rent/analysis/first_differences/cod
> e/../output/fd_static_heter_nonwhite_share2010.png written in PNG format)
(MWFE estimator converged in 1 iterations)

HDFE Linear regression                            Number of obs   =    112,232
Absorbing 1 HDFE group                            F(   5,     40) =       5.57
Statistics robust to heteroskedasticity           Prob > F        =     0.0005
                                                  R-squared       =     0.0219
                                                  Adj R-squared   =     0.0209
                                                  Within R-sq.    =     0.0002
Number of clusters (statefips) =         41       Root MSE        =     0.0279

                                          (Std. Err. adjusted for 41 clusters in statefips)
-------------------------------------------------------------------------------------------
                          |               Robust
      D.ln_med_rent_psqft |      Coef.   Std. Err.      t    P>|t|     [95% Conf. Interval]
--------------------------+----------------------------------------------------------------
work_county_share2~st_qtl#|
                c.d_ln_mw |
                       1  |   .0617034   .0193779     3.18   0.003     .0225393    .1008676
                       2  |   .0264325   .0155949     1.69   0.098    -.0050861     .057951
                       3  |    .031233   .0211947     1.47   0.148     -.011603    .0740691
                       4  |  -.0122716   .0166174    -0.74   0.465    -.0458566    .0213135
                       5  |   .0321185   .0348317     0.92   0.362     -.038279     .102516
-------------------------------------------------------------------------------------------

Absorbed degrees of freedom:
-----------------------------------------------------+
 Absorbed FE | Categories  - Redundant  = Num. Coefs |
-------------+---------------------------------------|
  year_month |       118           0         118     |
-----------------------------------------------------+
(note:  named style grey not found in class color, default attributes used)
(file /Users/gabriborg/Dropbox (Brown)/research/min_wage_rent/analysis/first_differences/cod
> e/../output/fd_static_heter_work_county_share20105.png written in PNG format)

. 
end of do-file

 make.py ended: 2020-10-01 08:51:16
