
============================================================================ 
File: ../output/places10.csv 
MD5:  36ac2723d6ced0f9539cf1a403eb4009 
Key:  state place_code 
 
 ================================================================== 
     variable      mean        sd     min    max      N     type    
 ------------------------------------------------------------------ 
 1 landarea_sqkm  16.632     92.932    0    7,434   29261  numeric  
 2  place_code                                      29261 character 
 3   placename                                      29261 character 
 4  placepop10   7,807.568 65,656.650  0  8,175,133 29261  integer  
 5   placetype                                      29261 character 
 6     state                                        29261 character 
 7   stateabb                                       29261 character 
 ------------------------------------------------------------------ 

============================================================================ 
File: ../output/zip_places10.csv 
MD5:  a1d50d1ec9f82faa8acc5b99b4b93e69 
Key:  place_code zcta 
 
 ======================================================================== 
          variable          mean       sd     min   max     N     type    
 ------------------------------------------------------------------------ 
 1   houses10_zip_place   1,930.359 4,008.616  0  47,617  50080  integer  
 2 pct_zip_houses_inplace  33.906    35.256    0    100   50080  numeric  
 3  pct_zip_pop_inplace    34.179    35.449    0    100   50080  numeric  
 4       place_code                                       50080 character 
 5    pop10_zip_place     4,561.839 9,796.753  0  113,916 50080  integer  
 6       statefips                                        50080 character 
 7          zcta                                          50080 character 
 ------------------------------------------------------------------------ 

============================================================================ 
File: ../output/zip_county10.csv 
MD5:  f80f83cfd61b82e7546b6105bd49dab6 
Key:  countyfips zcta 
 
 =========================================================================== 
           variable           mean        sd     min   max     N     type    
 --------------------------------------------------------------------------- 
 1          county                                           44198 character 
 2        county_code                                        44198 character 
 3        countyfips                                         44198 character 
 4    houses10_zip_county   2,979.689 5,005.228   0  47,617  44198  numeric  
 5  pct_zip_houses_incounty  73.954     38.639    0    100   44198  numeric  
 6   pct_zip_pop_incounty    74.313     38.552    0    100   44198  numeric  
 7     pop10_zip_county     6,985.382 12,268.740  0  113,916 44198  numeric  
 8         stateabb                                          44198 character 
 9         statefips                                         44198 character 
 10          zcta                                            44198 character 
 --------------------------------------------------------------------------- 
