===============================================================================
File: ../../../drive/derived_large/zipcode/zipcode_cross.dta
Key: zipcode
===============================================================================
  31826:114(104027):1186794876:2592821996

    Variable |        Obs        Mean    Std. Dev.       Min        Max
-------------+---------------------------------------------------------
     zipcode |          0
n_census_b~s |     31,826    347.5485    355.6261          1       9067
n_blockgro~s |     31,826    10.53764    11.06662          1        101
    n_tracts |     31,826    5.120656    4.595078          1         47
    n_places |     31,826    2.566864       1.694          1         81
-------------+---------------------------------------------------------
  n_counties |     31,826    1.451643     .701879          1          7
      n_cbsa |     31,826    1.248288    .5038121          1          5
    n_states |     31,826    1.016119    .1259348          1          2
  num_houses |     31,826    4137.897    5588.921          0      48073
  population |     31,826    9700.601    13766.08          0     115182
-------------+---------------------------------------------------------
    sh_rural |     31,826    .5668876    .3567429          0          1
sh_rural_w~s |     31,574    .4790736     .363997          0          1
       tract |          0
  place_code |          0
  countyfips |          0
-------------+---------------------------------------------------------
   statefips |          0
        cbsa |          0
n_months_z~s |      3,316    59.70386    34.21254         12        119
populat~2010 |     31,826    9681.695    13753.56          0     115182
n_male_~2010 |     31,826    4759.893    6725.643          0      57965
-------------+---------------------------------------------------------
n_white~2010 |     31,826    7016.612    9524.533          0      91407
n_black~2010 |     31,826    1213.561    3811.352          0      79984
urb_pop~2010 |     31,826    7812.452    13652.63          0     115182
n_hhlds_ce~0 |     31,826    4128.574    5580.337          0      48073
n_hhlds_ur~0 |     31,826    3258.792    5559.654          0      48073
-------------+---------------------------------------------------------
n_hhlds_re~0 |     31,826    1274.883    2374.503          0      33601
rural_p~2010 |     31,826    1869.243    2541.051          0      26907
populat~2014 |     31,226    9635.241    13841.53          0     113110
n_worke~2014 |     31,226    4336.024    6376.469          0      51695
n_mw_wkrs_~y |     31,226    734.8547    1120.011          0      11264
-------------+---------------------------------------------------------
n_mw_wkrs_~e |     31,226    732.9745    1114.556          0      11264
n_mw_wkrs_~d |     31,226    688.9029    1035.913          0      10627
med_hhl~2014 |     31,160    29205.87    24818.16          8   231076.1
sh_whit~2010 |     31,604    .8344599    .2032514          0          1
sh_blac~2010 |     31,604    .0753265    .1550807          0          1
-------------+---------------------------------------------------------
sh_male~2010 |     31,604    .5017386    .0423811          0          1
sh_urb_~2010 |     31,604     .390969    .4367148          0          1
sh_rura~2010 |     31,604     .609031    .4367148          0          1
sh_hhlds_u~0 |     31,547    .3872851    .4356147          0          1
sh_hhlds_r~0 |     31,547    .2240798    .1448693          0          1
-------------+---------------------------------------------------------
sh_mw_wkrs~y |     30,988    .1775676    .0614415          0          1
sh_mw_wkrs~e |     30,988    .1774481    .0614074          0          1
sh_mw_wkrs~d |     30,988    .1691248    .0592188          0          1
  urban_cbsa |     31,826    .3567523    .4790483          0          1
   urban_zip |     31,826    .3105008     .462706          0          1
-------------+---------------------------------------------------------
sh_re~9_2014 |     31,604    .2160803    .0456733          0          1
sh_re~4_2014 |     31,604    .5410591    .0510288          0          1
sh_re~5_2014 |     31,604    .2428606     .054422          0          1
sh_re~0_2014 |     31,604    .2594513    .0550484          0          1
sh_residen.. |     31,604    .3663793    .0795585          0          1
-------------+---------------------------------------------------------
sh_residen.. |     31,604    .3741694    .1039106          0          1
sh_re~S_2014 |     31,604    .0893863    .0394663          0          1
sh_residen.. |     31,604    .2393183    .0524941          0          1
sh_residen.. |     31,604    .2576356    .0406384          0          1
sh_r~ge_2014 |     31,604    .1975794    .0650461          0          1
-------------+---------------------------------------------------------
sh_re~f_2014 |     31,604    .1098402     .071182          0          1
sh_r~il_2014 |     31,604    .1143655    .0330656          0          1
sh_r~ce_2014 |     31,604    .0349056    .0212502          0         .5
sh_re~d_2014 |     31,604    .0840959    .0380299          0          1
sh_wo~9_2014 |     30,796    .2110735    .0864552          0          1
-------------+---------------------------------------------------------
sh_wo~4_2014 |     30,796    .5356553    .0942901          0          1
sh_wo~5_2014 |     30,796    .2532711    .0966846          0          1
sh_wo~0_2014 |     30,796    .2964679    .1402982          0          1
sh_workers.. |     30,796    .3769024    .1245662          0          1
sh_workers.. |     30,796    .3266297    .1597939          0          1
-------------+---------------------------------------------------------
sh_wo~S_2014 |     30,796    .1002324    .0615843          0          1
sh_workers.. |     30,796    .2565252    .0901008          0          1
sh_workers.. |     30,796    .2538325    .0728999          0          1
sh_w~ge_2014 |     30,796    .1783363    .0836753          0          1
sh_wo~f_2014 |     30,796    .0979869    .1543259          0          1
-------------+---------------------------------------------------------
sh_w~il_2014 |     30,796    .1089871    .1174735          0          1
sh_w~ce_2014 |     30,796    .0265891    .0579786          0          1
sh_wo~d_2014 |     30,796    .0829965    .1157328          0          1
sh_re~9_2017 |     31,539     .223932     .048058          0          1
sh_re~4_2017 |     31,539    .5230601    .0548097          0          1
-------------+---------------------------------------------------------
sh_re~5_2017 |     31,539    .2530078    .0579319          0          1
sh_re~0_2017 |     31,539    .2435743    .0561917          0          1
sh_residen.. |     31,539    .3496767     .081093          0          1
sh_residen.. |     31,539     .406749    .1058708          0          1
sh_re~S_2017 |     31,539     .089734    .0405314          0          1
-------------+---------------------------------------------------------
sh_residen.. |     31,539    .2323392     .053887          0          1
sh_residen.. |     31,539    .2549181    .0461318          0          1
sh_r~ge_2017 |     31,539    .1990766    .0664623          0          1
sh_re~f_2017 |     31,539     .105875    .0679906          0          1
sh_r~il_2017 |     31,539    .1155329    .0339016          0          1
-------------+---------------------------------------------------------
sh_r~ce_2017 |     31,539    .0348457     .021443          0         .5
sh_re~d_2017 |     31,539    .0879353    .0421151          0          1
sh_wo~9_2017 |     30,745    .2154053    .0868001          0          1
sh_wo~4_2017 |     30,745    .5157884    .0944545          0          1
sh_wo~5_2017 |     30,745    .2688063    .0997894          0          1
-------------+---------------------------------------------------------
sh_wo~0_2017 |     30,745    .2814243    .1359782          0          1
sh_workers.. |     30,745    .3642706    .1209817          0          1
sh_workers.. |     30,745    .3543051    .1595226          0          1
sh_wo~S_2017 |     30,745    .1008578    .0611871          0          1
sh_workers.. |     30,745    .2523721    .0910078          0          1
-------------+---------------------------------------------------------
sh_workers.. |     30,745    .2526431    .0756963          0          1
sh_w~ge_2017 |     30,745    .1787217    .0846085          0          1
sh_wo~f_2017 |     30,745    .0955913    .1514867          0          1
sh_w~il_2017 |     30,745    .1087085    .1186967          0          1
sh_w~ce_2017 |     30,745     .025094    .0561649          0          1
-------------+---------------------------------------------------------
sh_wo~d_2017 |     30,745    .0864658     .119429          0          1
sh_od_resi.. |     28,351     .217595    .0425543          0          1
sh_od_resi.. |     28,351    .2606909    .0513135          0          1
sh_od_work.. |     28,438    .2111762    .0873105          0          1
sh_od_work.. |     28,438    .2971929    .1417987          0          1
-------------+---------------------------------------------------------
sh_work_sa~o |     25,357    .0956746    .1130862   .0001702   .9622344
sh_od_work.. |     25,357    .0197891    .0249193          0        .25
sh_od_work.. |     25,357    .0299781    .0346739          0   .4464988
sh_od_resi.. |     28,459    .2249602    .0411901          0   .7762431
sh_od_resi.. |     28,459    .2446687    .0496904          0          1
-------------+---------------------------------------------------------
sh_od_work.. |     28,552    .2156865    .0881378          0          1
sh_od_work.. |     28,552    .2823066    .1376744          0          1
sh_od_work.. |     25,558    .0207173    .0262185          0   .3162583
sh_od_work.. |     25,558    .0289729    .0337249          0   .3595969




