
========================================================================== 
File: ../../../drive/analysis_large/non_parametric/data_any_change_in_cbsa_month.csv 
MD5:  af5a4a8accee639b65ad8b98bf0df0c6 
Key:  zipcode year month 
 
 ===================================================================================== 
               variable                mean        sd      min    max    N     type    
 ------------------------------------------------------------------------------------- 
 1        any_change_in_month           1          0        1      1    8829  numeric  
 2               cbsa                                                   8829 character 
 3            countyfips            18,235.740 15,040.740 2,020  53,073 8829  integer  
 4            d_ln_rents              0.005      0.037    -0.182 0.165  8390  numeric  
 5             d_mw_res               0.040      0.046      0    0.241  8829  numeric  
 6        d_mw_res_100groups                                            8829  factor   
 7         d_mw_res_50groups                                            8829  factor   
 8         d_mw_res_deciles                                             8829  factor   
 9             d_mw_wkp               0.041      0.039    -0.042 0.215  8157  numeric  
 10       d_mw_wkp_100groups                                            8829  factor   
 11        d_mw_wkp_50groups                                            8829  factor   
 12        d_mw_wkp_deciles                                             8829  factor   
 13         d_mw_wkp_tot_14           0.040      0.039      0    0.215  8829  numeric  
 14         d_mw_wkp_tot_15           0.040      0.039      0    0.215  8829  numeric  
 15         d_mw_wkp_tot_16           0.040      0.039      0    0.215  8829  numeric  
 16         d_mw_wkp_tot_17           0.040      0.039    0.0002 0.215  8829  numeric  
 17         d_mw_wkp_tot_18           0.040      0.039    0.0002 0.215  8829  numeric  
 18         d_statutory_mw            0.412      0.489      0    2.348  8829  numeric  
 19    d_statutory_mw_100groups                                         8829  factor   
 20     d_statutory_mw_50groups                                         8829  factor   
 21     d_statutory_mw_deciles                                          8829  factor   
 22            l_mw_res               2.254      0.182    1.981  2.750  8829  numeric  
 23       l_mw_res_100groups                                            8829  factor   
 24        l_mw_res_50groups                                            8829  factor   
 25        l_mw_res_deciles                                             8829  factor   
 26            l_mw_wkp               2.276      0.169    1.984  2.683  8157  numeric  
 27       l_mw_wkp_100groups                                            8829  factor   
 28        l_mw_wkp_50groups                                            8829  factor   
 29        l_mw_wkp_deciles                                             8829  factor   
 30         l_mw_wkp_tot_14           2.262      0.171    1.981  2.699  8829  numeric  
 31         l_mw_wkp_tot_15           2.262      0.171    1.981  2.678  8829  numeric  
 32         l_mw_wkp_tot_16           2.262      0.171    1.981  2.685  8829  numeric  
 33         l_mw_wkp_tot_17           2.262      0.171    1.981  2.682  8829  numeric  
 34         l_mw_wkp_tot_18           2.262      0.171    1.981  2.683  8829  numeric  
 35         l_statutory_mw            9.688      1.832    7.250  15.647 8829  numeric  
 36    l_statutory_mw_100groups                                         8829  factor   
 37     l_statutory_mw_50groups                                         8829  factor   
 38     l_statutory_mw_deciles                                          8829  factor   
 39            ln_rents               0.444      0.544    -0.763 3.177  8829  numeric  
 40              month                3.600      3.601      1      12   8829  integer  
 41             mw_res                2.294      0.192    1.981  2.773  8829  numeric  
 42        mw_res_100groups                                             8829  factor   
 43         mw_res_50groups                                             8829  factor   
 44         mw_res_deciles                                              8829  factor   
 45             mw_wkp                2.302      0.179    1.987  2.699  8829  numeric  
 46        mw_wkp_100groups                                             8829  factor   
 47         mw_wkp_50groups                                             8829  factor   
 48         mw_wkp_deciles                                              8829  factor   
 49          mw_wkp_tot_14            2.302      0.179    1.987  2.730  8829  numeric  
 50          mw_wkp_tot_15            2.302      0.179    1.987  2.690  8829  numeric  
 51          mw_wkp_tot_16            2.302      0.179    1.987  2.694  8829  numeric  
 52          mw_wkp_tot_17            2.302      0.179    1.987  2.694  8829  numeric  
 53          mw_wkp_tot_18            2.302      0.179    1.987  2.699  8829  numeric  
 54     resid_timeFE_d_ln_rents       0.0003     0.037    -0.181 0.159  8390  numeric  
 55      resid_timeFE_d_mw_res        0.024      0.045    -0.029 0.223  8829  numeric  
 56 resid_timeFE_d_mw_res_100groups                                     8829  factor   
 57 resid_timeFE_d_mw_res_50groups                                      8829  factor   
 58  resid_timeFE_d_mw_res_deciles                                      8829  factor   
 59      resid_timeFE_d_mw_wkp        0.025      0.038    -0.059 0.186  8157  numeric  
 60 resid_timeFE_d_mw_wkp_100groups                                     8829  factor   
 61 resid_timeFE_d_mw_wkp_50groups                                      8829  factor   
 62  resid_timeFE_d_mw_wkp_deciles                                      8829  factor   
 63      resid_timeFE_ln_rents        0.273      0.539    -0.813 3.069  8829  numeric  
 64       resid_timeFE_mw_res         0.135      0.179    -0.230 0.570  8829  numeric  
 65  resid_timeFE_mw_res_100groups                                      8829  factor   
 66  resid_timeFE_mw_res_50groups                                       8829  factor   
 67   resid_timeFE_mw_res_deciles                                       8829  factor   
 68       resid_timeFE_mw_wkp         0.138      0.164    -0.222 0.490  8829  numeric  
 69  resid_timeFE_mw_wkp_100groups                                      8829  factor   
 70  resid_timeFE_mw_wkp_50groups                                       8829  factor   
 71   resid_timeFE_mw_wkp_deciles                                       8829  factor   
 72            statefips              18.176     15.032     2      53   8829  integer  
 73          statutory_mw             10.099     1.981    7.250    16   8829  numeric  
 74     statutory_mw_100groups                                          8829  factor   
 75      statutory_mw_50groups                                          8829  factor   
 76      statutory_mw_deciles                                           8829  factor   
 77              year               2,017.598    1.277    2,015  2,019  8829  integer  
 78             zipcode                                                 8829 character 
 ------------------------------------------------------------------------------------- 

========================================================================== 
File: ../../../drive/analysis_large/non_parametric/data_any_change_in_month.csv 
MD5:  91384446063083def5eacb647da413a5 
Key:  zipcode year month 
 
 ====================================================================================== 
               variable                mean        sd      min    max     N     type    
 -------------------------------------------------------------------------------------- 
 1     any_change_in_cbsa_month       0.139      0.346      0      1    63332  numeric  
 2               cbsa                                                   63332 character 
 3            countyfips            24,290.940 16,880.760 1,001  56,021 63332  integer  
 4            d_ln_rents              0.003      0.034    -0.196 0.165  62113  numeric  
 5             d_mw_res               0.006      0.022    -0.290 0.241  63332  numeric  
 6        d_mw_res_100groups                                            63332  factor   
 7         d_mw_res_50groups                                            63332  factor   
 8         d_mw_res_deciles                                             63332  factor   
 9             d_mw_wkp               0.006      0.020    -0.094 0.215  61987  numeric  
 10       d_mw_wkp_100groups                                            63332  factor   
 11        d_mw_wkp_50groups                                            63332  factor   
 12        d_mw_wkp_deciles                                             63332  factor   
 13         d_mw_wkp_tot_14           0.006      0.020    -0.093 0.215  63332  numeric  
 14         d_mw_wkp_tot_15           0.006      0.020    -0.094 0.215  63332  numeric  
 15         d_mw_wkp_tot_16           0.006      0.020    -0.095 0.215  63332  numeric  
 16         d_mw_wkp_tot_17           0.006      0.020    -0.092 0.215  63332  numeric  
 17         d_mw_wkp_tot_18           0.006      0.020    -0.092 0.215  63332  numeric  
 18         d_statutory_mw            0.057      0.233    -2.850 2.348  63332  numeric  
 19    d_statutory_mw_100groups                                         63332  factor   
 20     d_statutory_mw_50groups                                         63332  factor   
 21     d_statutory_mw_deciles                                          63332  factor   
 22            l_mw_res               2.145      0.181    1.981  2.773  63332  numeric  
 23       l_mw_res_100groups                                            63332  factor   
 24        l_mw_res_50groups                                            63332  factor   
 25        l_mw_res_deciles                                             63332  factor   
 26            l_mw_wkp               2.151      0.178    1.981  2.699  61987  numeric  
 27       l_mw_wkp_100groups                                            63332  factor   
 28        l_mw_wkp_50groups                                            63332  factor   
 29        l_mw_wkp_deciles                                             63332  factor   
 30         l_mw_wkp_tot_14           2.149      0.177    1.981  2.730  63332  numeric  
 31         l_mw_wkp_tot_15           2.149      0.177    1.981  2.690  63332  numeric  
 32         l_mw_wkp_tot_16           2.149      0.177    1.981  2.694  63332  numeric  
 33         l_mw_wkp_tot_17           2.149      0.177    1.981  2.694  63332  numeric  
 34         l_mw_wkp_tot_18           2.149      0.177    1.981  2.699  63332  numeric  
 35         l_statutory_mw            8.689      1.729    7.250    16   63332  numeric  
 36    l_statutory_mw_100groups                                         63332  factor   
 37     l_statutory_mw_50groups                                         63332  factor   
 38     l_statutory_mw_deciles                                          63332  factor   
 39            ln_rents               0.168      0.472    -2.184 3.177  63332  numeric  
 40              month                7.102      3.945      1      12   63332  integer  
 41             mw_res                2.150      0.186    1.981  2.773  63332  numeric  
 42        mw_res_100groups                                             63332  factor   
 43         mw_res_50groups                                             63332  factor   
 44         mw_res_deciles                                              63332  factor   
 45             mw_wkp                2.155      0.182    1.981  2.699  63332  numeric  
 46        mw_wkp_100groups                                             63332  factor   
 47         mw_wkp_50groups                                             63332  factor   
 48         mw_wkp_deciles                                              63332  factor   
 49          mw_wkp_tot_14            2.155      0.182    1.981  2.730  63332  numeric  
 50          mw_wkp_tot_15            2.155      0.182    1.981  2.690  63332  numeric  
 51          mw_wkp_tot_16            2.155      0.182    1.981  2.694  63332  numeric  
 52          mw_wkp_tot_17            2.155      0.182    1.981  2.694  63332  numeric  
 53          mw_wkp_tot_18            2.155      0.182    1.981  2.699  63332  numeric  
 54     resid_timeFE_d_ln_rents         0        0.034    -0.199 0.168  62113  numeric  
 55      resid_timeFE_d_mw_res          0        0.021    -0.291 0.223  63332  numeric  
 56 resid_timeFE_d_mw_res_100groups                                     63332  factor   
 57 resid_timeFE_d_mw_res_50groups                                      63332  factor   
 58  resid_timeFE_d_mw_res_deciles                                      63332  factor   
 59      resid_timeFE_d_mw_wkp          -0       0.018    -0.123 0.186  61987  numeric  
 60 resid_timeFE_d_mw_wkp_100groups                                     63332  factor   
 61 resid_timeFE_d_mw_wkp_50groups                                      63332  factor   
 62  resid_timeFE_d_mw_wkp_deciles                                      63332  factor   
 63      resid_timeFE_ln_rents          -0       0.469    -2.421 3.069  63332  numeric  
 64       resid_timeFE_mw_res           0        0.179    -0.232 0.570  63332  numeric  
 65  resid_timeFE_mw_res_100groups                                      63332  factor   
 66  resid_timeFE_mw_res_50groups                                       63332  factor   
 67   resid_timeFE_mw_res_deciles                                       63332  factor   
 68       resid_timeFE_mw_wkp           -0       0.175    -0.237 0.490  63332  numeric  
 69  resid_timeFE_mw_wkp_100groups                                      63332  factor   
 70  resid_timeFE_mw_wkp_50groups                                       63332  factor   
 71   resid_timeFE_mw_wkp_deciles                                       63332  factor   
 72            statefips              24.195     16.831     1      56   63332  integer  
 73          statutory_mw             8.746      1.789    7.250    16   63332  numeric  
 74     statutory_mw_100groups                                          63332  factor   
 75      statutory_mw_50groups                                          63332  factor   
 76      statutory_mw_deciles                                           63332  factor   
 77              year               2,017.263    1.457    2,015  2,019  63332  integer  
 78             zipcode                                                 63332 character 
 -------------------------------------------------------------------------------------- 
