
 make.py started: 2022-02-17 20:56:09 C:\Users\diegog\Desktop\Diego\min_wage_rent\base\census_blocks_centroids\code 




Execute:  R CMD BATCH --no-save "./compute_centroids.R" compute_centroids.Rout

R version 4.1.1 (2021-08-10) -- "Kick Things"
Copyright (C) 2021 The R Foundation for Statistical Computing
Platform: x86_64-w64-mingw32/x64 (64-bit)

R is free software and comes with ABSOLUTELY NO WARRANTY.
You are welcome to redistribute it under certain conditions.
Type 'license()' or 'licence()' for distribution details.

  Natural language support but running in an English locale

R is a collaborative project with many contributors.
Type 'contributors()' for more information and
'citation()' on how to cite R or R packages in publications.

Type 'demo()' for some demos, 'help()' for on-line help, or
'help.start()' for an HTML browser interface to help.
Type 'q()' to quit R.

> remove(list = ls())
> 
> library(sf)
Linking to GEOS 3.9.1, GDAL 3.2.1, PROJ 7.2.1
> library(dplyr)

Attaching package: 'dplyr'

The following objects are masked from 'package:stats':

    filter, lag

The following objects are masked from 'package:base':

    intersect, setdiff, setequal, union

> library(data.table)

Attaching package: 'data.table'

The following objects are masked from 'package:dplyr':

    between, first, last

> 
> main <- function(){
+   instub  <- "../temp"
+   outstub <- "../../../drive/base_large/census_blocks_centroids"
+   
+   files <- list.files(path = instub, pattern = "*.shp$")
+ 
+   cb_centroids <- data.frame()
+   for (file in files){
+     cb_file_centroids <- compute_centroids(instub, file)
+     cb_centroids      <- rbind(cb_centroids, cb_file_centroids)
+   }
+ 
+   st_write(cb_centroids, 
+            file.path(outstub, "census_blocks_2010_centroids.shp"))
+ }
> 
> compute_centroids <- function(instub, file){
+ 
+   spf <- read_sf(file.path(instub, file)) %>%
+     select(STATEFP10, COUNTYFP10, TRACTCE10,
+            BLOCKID10, HOUSING10, POP10) %>%
+     rename(statefips = STATEFP10,
+            countyfips = COUNTYFP10, 
+            census_tract = TRACTCE10,
+            census_block = BLOCKID10, 
+            num_houses10 = HOUSING10,
+            pop10 = POP10)
+ 
+   spf           <- spf[st_is_valid(spf),]
+   spf_centroids <- st_centroid(spf)
+ 
+   return(spf_centroids)
+ }
> 
> 
> main()
Writing layer `census_blocks_2010_centroids' to data source 
  `../../../drive/base_large/census_blocks_centroids/census_blocks_2010_centroids.shp' using driver `ESRI Shapefile'
Writing 11078297 features with 6 fields and geometry type Point.
There were 50 or more warnings (use warnings() to see the first 50)
> 
> proc.time()
    user   system  elapsed 
15967.23  1213.82 19601.95 

 make.py ended: 2022-02-18 02:28:38
