===============================================================================
File: ../output/estimates_stacked_static.dta
Key: model var at
===============================================================================
  6:8(69955):3890818883:2024044178

    Variable |        Obs        Mean    Std. Dev.       Min        Max
-------------+---------------------------------------------------------
       model |          0
         var |          0
          at |          6           0           0          0          0
           b |          6    .0019431    .0120061  -.0108741   .0204005
          se |          6    .0121527    .0073385   .0060244   .0260629
-------------+---------------------------------------------------------
           N |          6     1004515    303570.8     662128    1340852
          r2 |          6    .0250565    .0012991   .0238466   .0266673
  p_equality |          6    .5095307    .3183712   .2143822   .9048262




===============================================================================
File: ../output/estimates_stacked_dyn.dta
Key: model var at
===============================================================================
  42:9(97289):4186952612:3290934248

    Variable |        Obs        Mean    Std. Dev.       Min        Max
-------------+---------------------------------------------------------
       model |          0
         var |          0
          at |         42           0    4.361696         -9          9
           b |         42    .0067075    .0380215  -.0944911   .0843051
          se |         42    .0172551    .0066578    .006002   .0340708
-------------+---------------------------------------------------------
           N |         42    968381.4    173276.4     646196    1109186
          r2 |         42    .0271764    .0015779   .0251445    .028661
  p_equality |         42    .6885927    .1601697   .3650217   .7835249
  p_pretrend |         42    .0310376     .064335   5.31e-23   .1620784




