============================================================================
File: ../../../drive/derived_large/output/unbal_rent_panel.dta
Key: zipcode year_month
============================================================================
  552477:145(21560):3123984361:3809114117

    Variable |        Obs        Mean    Std. Dev.       Min        Max
-------------+---------------------------------------------------------
     zipcode |    552,477    53537.25    30554.29       1060      99705
  year_month |    552,477    659.5003    34.63966        600        719
  place_code |    453,837    41994.73    23168.35        100      88940
   placetype |          0
  countyfips |    551,157    25881.72    16485.24       1001      56021
-------------+---------------------------------------------------------
      county |          0
   statefips |    552,477    25.79028    16.43845          1         56
medrentpri~r |     92,792    1.682865     .803698   .5015197   12.55461
medrentpri~c |    197,978    1.303812    1.033133   .1091193   23.96932
medrentpri~s |    146,858    1.736677     .849114   .3150482   12.55435
-------------+---------------------------------------------------------
      fed_mw |    552,477        7.25           0       7.25       7.25
    state_mw |    552,477    8.119218    1.176093       7.25         14
   county_mw |     43,560    9.253933    1.848094       7.25      14.25
county_abo~w |     43,560    .3270202    .4691301          0          1
    local_mw |     46,680    9.761237    2.097217       7.25         16
-------------+---------------------------------------------------------
local_abov~w |     46,680    .3850043    .4866015          0          1
   actual_mw |    552,477    8.200625     1.36035       7.25         16
    which_mw |    552,477    2.203603    .5658249          2          4
  dactual_mw |    552,473     .017035    .1206529          0       3.25
    mw_event |    552,473    .0338279    .1807861          0          1
-------------+---------------------------------------------------------
 state_event |    552,477    .0275269    .1636131          0          1
county_event |    552,477    .0021829    .0466705          0          1
 local_event |    552,477    .0041178     .064038          0          1
   fed_event |    552,477           0           0          0          0
calendar_m~h |    552,477     6.50003    3.452041          1         12
-------------+---------------------------------------------------------
         msa |    552,357    442.6709     239.245          2        860
       trend |    552,477    225.5003    34.63966        166        285
    trend_sq |    552,477     52050.3    15659.32      27556      81225
    trend_cu |    552,477    1.23e+07     5408175    4574296   2.31e+07
sal_mw_event |    552,477    .0155156    .1235916          0          1
-------------+---------------------------------------------------------
 mw_event025 |    552,477    .0201945    .1406653          0          1
 mw_event075 |    552,477    .0102538    .1007407          0          1
  entry_sfcc |    397,920    660.2961    34.20743        601        708
   entry_2br |    286,919    681.1911    24.64555        601        708
entry_mfr5~s |    403,797    676.3571    27.37039        601        708
-------------+---------------------------------------------------------
 sh_mww_all1 |    551,997    .1189487    .0719537   .0050443   .5449704
 sh_mww_all2 |    551,997    .2667138    .1219298   .0248351   .7446952
sh_mww_wme~1 |    551,997    .1933832    .0828988   .0227016   .5683547
sh_mww_wme~2 |    551,997    .1695008    .0799823   .0206438   .5578098
mww_shsub2~1 |    550,317    .2349201    .1626283          0          1
-------------+---------------------------------------------------------
mww_shsub2~2 |    550,317    .4681255    .1955074          0          1
mww_shblac~1 |    550,797    .1769455    .1361685          0          1
mww_shblac~2 |    550,797    .3559469    .1913985          0          1
mww_sub25_~1 |    550,797    .0175126    .0414065          0   .7309877
mww_sub25_~2 |    550,797    .0320451    .0598201          0    .999929
-------------+---------------------------------------------------------
sh_mww_re~l1 |    551,997    .1031407    .0700108          0   .5449704
sh_mww_re~l2 |    551,997    .1766658    .1141751   .0072235   .7586449
sh_mww_re~n1 |    551,997    .1306917    .0816266   .0058428   .5635779
sh_mww_re~n2 |    551,997    .1280372    .0794347   .0058505   .5587065
mww_shren~l1 |          0
-------------+---------------------------------------------------------
mww_shren~l2 |    551,997    .3995506    .1413331   .0574713   .8083438
mww_shren~n1 |    551,997    .3025993    .1078152   .0538339   .7670022
mww_shren~n2 |          0
     pop2010 |    551,997    31604.31    15300.33   12.82041   112592.4
urb_sha~2010 |    551,997    .9619902    .0877666          0          1
-------------+---------------------------------------------------------
white_s~2010 |    551,997     .589158    .2409829   .0037838   .9748839
black_s~2010 |    551,997    .1447029     .191157   .0009378   .9753076
hisp_sh~2010 |    551,997    .1696891    .1741489    .007213   .9766675
asian_s~2010 |    551,997    .0653858    .0850304   .0005501   .7048439
natam_s~2010 |    551,997    .0017762    .0068158          0   .2737691
-------------+---------------------------------------------------------
child_s~2010 |    551,997    .1899003    .0503396   .0021894   .3898023
teen_sh~2010 |    551,997    .1435812    .0597506   .0043567   .8476887
youngad~2010 |    551,997    .1499188    .0517744   .0082302   .5039286
adult_s~2010 |    551,997    .3929132    .0500367   .0453192    .567749
elder_s~2010 |    551,997    .1236864    .0602023   .0093771   .7976654
-------------+---------------------------------------------------------
housing~2010 |    551,997    13351.16    5798.997   14.88297   47225.96
hh_couple_s~ |    551,997    .5208469    .1271961   .0815891   .8560923
h~child_sh~0 |    551,997    .4374322    .1013967   .0094021   .7735026
renthou~2010 |    551,997    .4013557    .1759362   .0608285   .9884645
work_c~20105 |    551,997     .755335    .1942749   .1248519    .998565
-------------+---------------------------------------------------------
worktravel.. |    551,997    .1161009    .0573811   .0054477   .5213547
worktravel.. |    551,997    .8082387    .0647252   .3838384   .9513167
worktravel.. |    551,997    .0756604    .0571954   .0028562   .4009309
colleg~20105 |    551,997    .4360505    .1674601   .0580171   .9082218
poor_s~20105 |    551,997    .1431356    .0930023   .0109871   .6753151
-------------+---------------------------------------------------------
lo_hhi~20105 |    551,997    .3991336     .152073    .044164   .9019868
hi_hhi~20105 |    551,997    .2622333    .1463196   .0150394   .7898433
unemp_~20105 |    551,997    .0910327    .0394144   .0116481   .3669472
employ~20105 |    551,997    .8994101    .0456079   .5827379   .9899218
work~ce20105 |    551,997    882.4746    608.4681          0   8905.441
-------------+---------------------------------------------------------
tot_ratio_~m |    551,997     66.2711    78.98787   .0000152   1557.576
     rel_wgt |    551,997    .8596337    .1082907   .0039012          1
worker_foo.. |    551,997    .0584322    .0260475          0   .2173945
med_hh~20105 |    551,997    64289.41    25477.42   12404.68   214212.3
med_earn_h~5 |    543,837    26393.89    14501.26       2499     250001
-------------+---------------------------------------------------------
m~tectserv~5 |    545,998    46243.72    20430.86       2499     250001
med_earn_f~5 |    551,157    15859.77    7179.609       2499   240574.1
med_earn_c~5 |    547,917    22183.94    10256.64       2499   246364.8
med_~e_20105 |    551,158    18668.25    9177.943       2499     250001
med~sp_20105 |    551,517    33002.94    10896.42       2499   193485.7
-------------+---------------------------------------------------------
estcount_b~v |    537,378    8393.523    10253.42          3      56304
avgwwage_b~v |    537,378    1252.293    431.0258          0       9279
 emp_bizserv |    537,378      112161    141040.4          0     642234
estcount_c~t |    537,378    2891.326    3117.631         13      16939
avgwwage_c~t |    537,378    1095.866    270.7647          0       2608
-------------+---------------------------------------------------------
   emp_const |    537,378    29303.59    34284.29          0     173773
estcount_e~e |    537,378    10989.93     34595.9          3     245645
avgwwage_e~e |    537,378    930.1526    142.4601        394       2315
   emp_eduhe |    537,378    105855.4    142375.6         13     835039
estcount_f~v |    537,378    109.2121    91.18624          1        456
-------------+---------------------------------------------------------
avgwwage_f~v |    537,378    1423.228    234.5962        508       3287
  emp_fedgov |    537,378    12543.54    18125.38          8     215436
estcount_g~r |    537,378    4659.562     5645.48         18      30126
avgwwage_g~r |    537,378    1237.183    347.6868          0       4214
  emp_goodpr |    537,378     83418.5    111571.2          0     500610
-------------+---------------------------------------------------------
estcount_i~o |    537,261    907.2256    1861.707          1      13212
avgwwage_i~o |    537,261    1508.039    725.2269          0      14537
    emp_info |    537,261     20385.2    40631.67          0     240358
estcount_l~s |    537,378    3974.641    6065.748          3      39222
avgwwage_l~s |    537,378    428.1737     126.806          0       1533
-------------+---------------------------------------------------------
    emp_leis |    537,378    77589.56    101436.7          0     551791
estcount_l~v |    537,378     398.407    732.8703          1       4162
avgwwage_l~v |    537,378    955.7523    270.3156          0       2042
  emp_locgov |    537,378    62584.17    90712.08          0     463785
estcount_m~u |    537,378    1576.214    2501.603          1      13469
-------------+---------------------------------------------------------
avgwwage_m~u |    537,378    1293.007    438.6673          0       6535
    emp_manu |    537,378    49693.43    75193.29          0     376653
estcount_n~s |    534,600      193.02    290.1026          1       1859
avgwwage_n~s |    534,600    1101.686     822.494          0      10760
  emp_natres |    534,600    4330.974    12093.62          0      97846
-------------+---------------------------------------------------------
estcount_s~r |    537,378    44586.04     79770.9         36     473025
avgwwage_s~r |    537,378    974.4365    306.2438        375       3594
  emp_servpr |    537,378    515777.1    670715.5        128    3452495
estcount_s~v |    536,991     178.197    494.9203          1       5969
avgwwage_s~v |    536,991    1024.089     315.792          0       2572
-------------+---------------------------------------------------------
   emp_stgov |    536,991    15903.14    18688.66          0     114555
estcount_t~p |    537,378    8281.226    11015.18         10      59438
avgwwage_t~p |    537,378    847.0418    189.5476        316       3194
  emp_transp |    537,378    128683.7    167982.6         41     872187
    u1_bldgs |    442,906    216.4294    293.7394      -1622       2687
-------------+---------------------------------------------------------
    u1_units |    442,906    216.4294    293.7394      -1622       2687
    u1_value |    442,906    5.64e+07    7.31e+07  -1.94e+08   6.43e+08
 u1rep_bldgs |    442,906     205.525     292.571       -478       3758
 u1rep_units |    442,906     205.525     292.571       -478       3758
 u1rep_value |    442,906    5.37e+07    7.23e+07  -2.01e+08   8.74e+08
-------------+---------------------------------------------------------
walall_n~zsh |    547,437    .2440225    .0452927   .1199872   .4575589
walall_n~ssh |    547,437    .0011803     .001934   1.16e-07   .0332389
halall_n~zsh |    549,717    .2364983    .0449366   .1181692   .4999533
halall_n~ssh |    549,717    .0011285    .0018426   1.12e-07   .0316029
welall_n~zsh |    547,437    .4151536    .0674931   .1429158   .7086992
-------------+---------------------------------------------------------
welall_n~ssh |    547,437    .0020596     .003331   2.00e-07   .0666332
walall_2~zsh |    547,437    .1034622     .037916   .0130865   .3078144
walall_2~ssh |    547,437    .0049854    .0081152   5.02e-07   .1630687
halall_2~zsh |    549,717    .0912876    .0239422   .0226725   .2313396
halall_2~ssh |    549,717    .0046203    .0072212   5.43e-07   .1198722




============================================================================
File: ../../../drive/derived_large/output/baseline_rent_panel.dta
Key: zipcode year_month
============================================================================
  156600:145(75120):3073038145:4145187450

    Variable |        Obs        Mean    Std. Dev.       Min        Max
-------------+---------------------------------------------------------
     zipcode |    156,600    51920.57    29185.78       2113      99577
  year_month |    156,600       659.5    34.63992        600        719
  place_code |    129,840    40657.65    22564.03        410      87240
   placetype |          0
  countyfips |    156,240    24077.04    16484.28       1003      56021
-------------+---------------------------------------------------------
      county |          0
   statefips |    156,600    23.97854    16.42626          1         56
medre~e_sfcc |    125,644    1651.102    702.9949        595       6595
      fed_mw |    156,600        7.25           0       7.25       7.25
    state_mw |    156,600    8.016521    1.074868       7.25         14
-------------+---------------------------------------------------------
   county_mw |      8,400    9.085036    1.582498       7.25      14.25
county_abo~w |      8,400        .305    .4604348          0          1
    local_mw |      9,840    9.502465    1.900961       7.25         16
local_abov~w |      9,840    .3659553    .4817215          0          1
   actual_mw |    156,600     8.07779    1.207718       7.25         16
-------------+---------------------------------------------------------
    which_mw |    156,600    2.139234    .4864471          2          4
  dactual_mw |    156,600    .0152048    .1121804          0       2.21
    mw_event |    156,600     .033857    .1808615          0          1
 state_event |    156,600    .0299936    .1705702          0          1
county_event |    156,600    .0009962    .0315465          0          1
-------------+---------------------------------------------------------
 local_event |    156,600    .0028672    .0534694          0          1
   fed_event |    156,600           0           0          0          0
calendar_m~h |    156,600         6.5    3.452064          1         12
         msa |    156,600    436.1801    240.1675         12        860
       trend |    156,600       225.5    34.63992        166        285
-------------+---------------------------------------------------------
    trend_sq |    156,600    52050.17    15659.42      27556      81225
    trend_cu |    156,600    1.23e+07     5408203    4574296   2.31e+07
sal_mw_event |    156,600      .01341    .1150227          0          1
 mw_event025 |    156,600    .0179438    .1327476          0          1
 mw_event075 |    156,600    .0081418    .0898639          0          1
-------------+---------------------------------------------------------
m~e_mfr5plus |     47,091     1715.37    757.3231        450       6095
medren~e_2br |     32,426    1996.785    1014.866        495       6800
medre~t_sfcc |    113,375    1.188344    .7824813   .4180214   6.731387
medren~t_2br |     24,789     1.84165    .9184999   .5015197   6.499599
m~t_mfr5plus |     37,588    1.842276    1.001968   .5106889    6.48415
-------------+---------------------------------------------------------
 sh_mww_all1 |    156,600    .1072981    .0656134   .0146074   .4073486
 sh_mww_all2 |    156,600    .2445053    .1142239   .0248351   .6647866
sh_mww_wme~1 |    156,600    .1778486    .0767813   .0227016   .5044606
sh_mww_wme~2 |    156,600    .1556651     .073412   .0206438   .4483434
mww_shsub2~1 |    156,600    .2141803    .1523796          0          1
-------------+---------------------------------------------------------
mww_shsub2~2 |    156,600    .4370131     .185375          0          1
mww_shblac~1 |    156,480    .1520582    .1142796          0   .7391998
mww_shblac~2 |    156,480    .3146659    .1677493          0   .8950026
mww_sub25_~1 |    156,480    .0130395    .0260609          0   .2739809
mww_sub25_~2 |    156,480    .0241476    .0378884          0   .3936231
-------------+---------------------------------------------------------
sh_mww_re~l1 |    156,600    .0926894     .060757   .0029886   .3940499
sh_mww_re~l2 |    156,600    .1547889    .0993035   .0086346   .6126459
sh_mww_re~n1 |    156,600    .1168706    .0710632   .0112095   .4821765
sh_mww_re~n2 |    156,600    .1141126    .0693276   .0077057   .4278221
mww_shren~l1 |          0
-------------+---------------------------------------------------------
mww_shren~l2 |    156,600    .3599001    .1311774   .0574713   .7564957
mww_shren~n1 |    156,600    .2783563    .0976131   .0538339   .7476398
mww_shren~n2 |          0
     pop2010 |    156,600    38788.58    15128.29    1992.28   107984.8
urb_sha~2010 |    156,600    .9718309    .0647339   .4491418          1
-------------+---------------------------------------------------------
white_s~2010 |    156,600    .5392018    .2225559   .0037838   .9401773
black_s~2010 |    156,600     .165993    .2003044    .003148   .9753076
hisp_sh~2010 |    156,600    .1915146    .1729443    .007213   .9288024
asian_s~2010 |    156,600    .0715273    .0871086   .0005501    .704137
natam_s~2010 |    156,600    .0017048     .005802          0   .1006246
-------------+---------------------------------------------------------
child_s~2010 |    156,600    .1985944     .053507   .0182849   .3485066
teen_sh~2010 |    156,600    .1391686    .0481773   .0154552   .6235335
youngad~2010 |    156,600    .1589544     .057279   .0213651   .4847147
adult_s~2010 |    156,600    .3931899     .047057   .1144117   .5086779
elder_s~2010 |    156,600    .1100927    .0570793   .0093771   .7091262
-------------+---------------------------------------------------------
housing~2010 |    156,600     16339.5     6030.11   1464.953   47225.96
hh_couple_s~ |    156,600    .5349072    .1316942   .1730775   .8166342
h~child_sh~0 |    156,600     .455476     .104509   .0273603   .7430325
renthou~2010 |    156,600    .3834818     .176359   .0644567   .9662035
work_c~20105 |    156,600    .7557563    .2036341   .1421741    .995271
-------------+---------------------------------------------------------
worktravel.. |    156,600    .0937859    .0431491   .0054477   .4124237
worktravel.. |    156,600    .8239869    .0584989   .5591131   .9513167
worktravel.. |    156,600    .0822271    .0582208   .0092578    .374099
colleg~20105 |    156,600    .4447718    .1662964   .0856991   .9082218
poor_s~20105 |    156,600     .132716    .0804161   .0143076   .5601701
-------------+---------------------------------------------------------
lo_hhi~20105 |    156,600    .3743405    .1445378    .044164   .8265983
hi_hhi~20105 |    156,600    .2745439     .146992    .026953   .7898433
unemp_~20105 |    156,600    .0918395    .0398028   .0211286   .3417086
employ~20105 |    156,600     .902652    .0382982   .6774952    .975755
work~ce20105 |    156,600    1052.835     646.857          8   5196.016
-------------+---------------------------------------------------------
tot_ratio_~m |    156,600    84.35351    88.21264    .177546   1207.085
     rel_wgt |    156,600    .8768214    .0862708   .1489007          1
worker_foo.. |    156,600    .0562729    .0246087   .0017098   .1856264
med_hh~20105 |    156,600    66919.72    24575.33   20527.66   191553.2
med_earn_h~5 |    155,040    27237.46    14110.53       2499     250001
-------------+---------------------------------------------------------
m~tectserv~5 |    155,280    48087.58    20765.34       2499     250001
med_earn_f~5 |    156,480    16558.06    7029.657   4436.876   136515.3
med_earn_c~5 |    155,040     22797.4    11990.55       2499   246364.8
med_~e_20105 |    156,600    19792.87    10529.06       2499     250001
med~sp_20105 |    156,480    34127.94    11516.45   15005.94   193485.7
-------------+---------------------------------------------------------
estcount_b~v |    152,334    9998.143    9478.137         60      56304
avgwwage_b~v |    152,334    1252.921    434.7633        226       4727
 emp_bizserv |    152,334    134293.3    143883.8        329     642234
estcount_c~t |    152,334    3240.371    2963.656         35      16939
avgwwage_c~t |    152,334    1101.648    300.1755          0       2608
-------------+---------------------------------------------------------
   emp_const |    152,334    33963.15    34828.46          0     173773
estcount_e~e |    152,334    8227.496    21233.92         48     245645
avgwwage_e~e |    152,334    941.4689    149.2949        415       1975
   emp_eduhe |    152,334    115827.1    123161.7        481     835039
estcount_f~v |    152,334    114.6271    78.41068          3        456
-------------+---------------------------------------------------------
avgwwage_f~v |    152,334    1433.109    237.1039        654       2724
  emp_fedgov |    152,334    13996.39    16476.49         42     215436
estcount_g~r |    152,334    5036.921    4952.914         68      30126
avgwwage_g~r |    152,334    1224.162    338.4809          0       4214
  emp_goodpr |    152,334    86332.35    101028.4          0     500610
-------------+---------------------------------------------------------
estcount_i~o |    152,334    920.6698    1382.296          4      13212
avgwwage_i~o |    152,334    1504.754    620.2263          0       7381
    emp_info |    152,334    21043.15    35144.92          0     240358
estcount_l~s |    152,334    4278.093    4708.605         27      39222
avgwwage_l~s |    152,334    446.7107    134.2103        203       1131
-------------+---------------------------------------------------------
    emp_leis |    152,334    93087.95    93948.61        279     551791
estcount_l~v |    152,334    307.0594    500.3306          1       4162
avgwwage_l~v |    152,334    961.0816    234.2459          0       2042
  emp_locgov |    152,334    72439.67    83732.02          0     463785
estcount_m~u |    152,334    1585.444    1953.882         10      13469
-------------+---------------------------------------------------------
avgwwage_m~u |    152,334    1272.906    396.7543          0       4970
    emp_manu |    152,334    47068.67    62218.62          0     376653
estcount_n~s |    151,809    211.8363    322.4826          1       1859
avgwwage_n~s |    151,809    1133.199    862.1232          0       8606
  emp_natres |    151,809    5209.704     14256.1          0      97846
-------------+---------------------------------------------------------
estcount_s~r |    152,334    44916.23    55840.58        321     473025
avgwwage_s~r |    152,334     1000.91    364.5153        375       3353
  emp_servpr |    152,334    595541.6    612777.8       2751    3452495
estcount_s~v |    152,127    140.9399    411.3288          1       5969
avgwwage_s~v |    152,127     1014.47    299.4505          0       2572
-------------+---------------------------------------------------------
   emp_stgov |    152,127    15709.17    16292.85          0     114555
estcount_t~p |    152,334    9406.654    9421.556         84      59438
avgwwage_t~p |    152,334    861.6196    200.9441        356       3194
  emp_transp |    152,334    143879.2    144973.2        629     872187
    u1_bldgs |    136,332    273.6464    358.5711      -1622       2687
-------------+---------------------------------------------------------
    u1_units |    136,332    273.6464    358.5711      -1622       2687
    u1_value |    136,332    6.74e+07    8.85e+07  -1.35e+08   6.43e+08
 u1rep_bldgs |    136,332    261.2207    357.1151       -478       3758
 u1rep_units |    136,332    261.2207    357.1151       -478       3758
 u1rep_value |    136,332    6.48e+07    8.80e+07  -1.32e+08   8.74e+08
-------------+---------------------------------------------------------
walall_n~zsh |    156,240    .2521591    .0455759   .1241337    .444186
walall_n~ssh |    156,240    .0011088     .001684   .0000248   .0190973
halall_n~zsh |    156,480    .2341388    .0437765   .1181692   .4999533
halall_n~ssh |    156,480    .0011799     .001967   .0000466   .0316029
welall_n~zsh |    156,240    .4241092    .0654889   .1792577   .6307107
-------------+---------------------------------------------------------
welall_n~ssh |    156,240    .0019294    .0028254   .0000512   .0318805
walall_2~zsh |    156,240    .1083971     .038474    .016846   .2689381
walall_2~ssh |    156,240    .0047145    .0069488   .0001284   .0780198
halall_2~zsh |    156,480    .0884494    .0230536   .0226725   .2311187
halall_2~ssh |    156,480    .0047388    .0068154   .0000821   .1035602




