
  ___  ____  ____  ____  ____ (R)
 /__    /   ____/   /   ____/
___/   /   /___/   /   /___/   16.1   Copyright 1985-2019 StataCorp LLC
  Statistics/Data analysis            StataCorp
                                      4905 Lakeway Drive
     Special Edition                  College Station, Texas 77845 USA
                                      800-STATA-PC        https://www.stata.com
                                      979-696-4600        stata@stata.com
                                      979-696-4601 (fax)

Stata license: 120-user network perpetual
Serial number: 401606201670
  Licensed to: Brown University
               Brown University

Notes:
      1. Stata is running in batch mode.
      2. Unicode is supported; see help unicode_advice.
      3. Maximum number of variables is set to 5,000; see help set_maxvar.


Running c:\ado\personal\profile.do ...

. do ".\build.do" 

. clear all

. set more off

. 
. program main
  1.     load_data
  2.     *estimate_SAFMR
.     save ../output/panel.dta
  3. end

. 
. 
. program load_data
  1. 
.     use  ../../base/safmr/output/safmr_2017_2019_by_zipcode_cbsa.dta
  2. 
.     collapse (mean) safmr*, by(zipcode year)
  3. 
.     save ../output/safmr_2017_2019.dta
  4. 
. 
.     use  ../../base/safmr/output/safmr_2012_2016_by_zipcode_county_cbsa.dta, 
> clear
  5. 
.     collapse (mean) safmr*, by(zipcode year)
  6. 
.     append using ../output/safmr_2017_2019.dta
  7. 
.     save ../output/safmr.dta
  8. 
. 
.     use zipcode year zipcode_num countyfips statefips cbsa ///
>         mw_wkp_tot_* mw_res /// 
>         using ../../drive/derived_large/zipcode_year/zipcode_year.dta
  9. 
.     merge 1:1 zipcode year using ../output/safmr.dta, keep(3) nogen 
 10. end

. 
. main
file ../output/safmr_2017_2019.dta saved
file ../output/safmr.dta saved

    Result                           # of obs.
    -----------------------------------------
    not matched                             0
    matched                           149,586  
    -----------------------------------------
file ../output/panel.dta saved

. 
end of do-file
