
============================================================================ 
File: ../output/Zip_MedianRentalPrice_2Bedroom.csv 
MD5:  4ce5634b4b8cd8e01ecbe7d58fd80fb5 
Key:  zipcode city stateabb msa county 
 
 ====================================================================== 
     variable    mean        sd        min       max      N     type    
 ---------------------------------------------------------------------- 
 1   2010-09  2,443.750   636.080     1,300     3,150     8    integer  
 2   2010-10  2,306.500   524.749     1,300     2,846     9    numeric  
 3   2010-11  2,191.875   562.989   1,212.500   3,000     12   numeric  
 4   2010-12  2,248.333   679.054   1,212.500   3,560     15   numeric  
 5   2011-01  1,765.625   680.522      700      3,595     60   numeric  
 6   2011-02  1,659.702   669.525      695      3,595     89   numeric  
 7   2011-03  1,777.658   805.198      695      5,200    114   numeric  
 8   2011-04  1,807.828   866.808      735      5,500    122   numeric  
 9   2011-05  1,798.896   862.755      713      5,495    134   numeric  
 10  2011-06  1,740.949   824.465      650    5,497.500  158   numeric  
 11  2011-07  1,653.255   801.571      500      5,500    204   numeric  
 12  2011-08  1,693.675   838.024      510      5,595    220   numeric  
 13  2011-09  1,725.111   857.358      500    5,572.500  234   numeric  
 14  2011-10  1,722.919   877.315      510      5,500    254   numeric  
 15  2011-11  1,726.975   898.473      510      5,795    276   numeric  
 16  2011-12  1,714.804   877.692      525    5,497.500  286   numeric  
 17  2012-01  1,733.111   883.093      540      5,695    297   numeric  
 18  2012-02  1,732.071   875.306      525    5,772.500  312   numeric  
 19  2012-03  1,742.269   875.295      500      5,600    320   numeric  
 20  2012-04  1,739.640   861.503      495      5,695    329   numeric  
 21  2012-05  1,738.339   869.790      495      5,850    336   numeric  
 22  2012-06  1,754.262   882.874      495      5,995    342   numeric  
 23  2012-07  1,769.906   891.842      500      6,000    345   numeric  
 24  2012-08  1,780.832   881.971      510      6,000    352   numeric  
 25  2012-09  1,778.341   898.825      525      6,000    361   numeric  
 26  2012-10  1,773.042   904.686      500      6,025    367   numeric  
 27  2012-11  1,774.313   904.195      525      6,000    372   numeric  
 28  2012-12  1,769.841   906.283      525      6,000    377   numeric  
 29  2013-01  1,773.883   901.668      500      6,000    381   numeric  
 30  2013-02  1,778.486   892.733      525    6,162.500  383   numeric  
 31  2013-03  1,793.789   907.625      535      6,150    384   numeric  
 32  2013-04  1,797.372   907.443      525      6,195    386   numeric  
 33  2013-05  1,811.434   904.208    512.500    6,295    388   numeric  
 34  2013-06  1,824.034   910.974      525    6,297.500  393   numeric  
 35  2013-07  1,823.853   904.966      525      6,330    394   numeric  
 36  2013-08  1,830.518   902.137      525      6,260    395   numeric  
 37  2013-09  1,833.655   908.379      525      6,195    400   numeric  
 38  2013-10  1,828.227   901.474      525    6,262.500  408   numeric  
 39  2013-11  1,812.052   888.466      525      6,330    420   numeric  
 40  2013-12  1,824.973   891.561      525      6,395    426   numeric  
 41  2014-01  1,818.023   879.877      525      6,400    432   numeric  
 42  2014-02  1,812.151   879.124      500      6,495    437   numeric  
 43  2014-03  1,811.270   874.532      500      6,500    439   numeric  
 44  2014-04  1,819.035   881.671      500      6,500    441   numeric  
 45  2014-05  1,842.080   884.660      495      6,500    443   numeric  
 46  2014-06  1,856.736   891.803      495      6,550    449   numeric  
 47  2014-07  1,874.076   926.495      495      6,750    453   numeric  
 48  2014-08  1,904.945   978.212      500      6,995    466   numeric  
 49  2014-09  1,894.881   966.818      500      6,595    471   numeric  
 50  2014-10  1,900.715   965.907      505      6,500    474   numeric  
 51  2014-11  1,900.560   965.282      525      6,965    477   numeric  
 52  2014-12  1,906.622   967.734      500      6,445    483   numeric  
 53  2015-01  1,909.961   970.735      495      6,595    485   numeric  
 54  2015-02  1,914.763   967.810      495      6,500    488   numeric  
 55  2015-03  1,920.603   970.063    497.500    6,595    493   numeric  
 56  2015-04  1,937.009   970.068      500    6,497.500  498   numeric  
 57  2015-05  1,948.438   971.102      525      6,595    507   numeric  
 58  2015-06  1,957.980   967.884      500      6,595    514   numeric  
 59  2015-07  1,955.545   967.977      525      6,795    521   numeric  
 60  2015-08  1,961.224   979.911      550      7,195    523   numeric  
 61  2015-09  1,956.677   981.182      525      7,100    528   numeric  
 62  2015-10  1,958.444   981.026      500    7,047.500  533   numeric  
 63  2015-11  1,955.787   969.205      495      6,995    537   numeric  
 64  2015-12  1,951.606   954.883      500      6,515    543   numeric  
 65  2016-01  1,959.669   961.197      500      6,505    545   numeric  
 66  2016-02  1,962.587   956.564      500      6,595    547   numeric  
 67  2016-03  1,973.156   954.552      515      6,700    552   numeric  
 68  2016-04  1,970.119   952.537      515    6,647.500  552   numeric  
 69  2016-05  1,964.175   939.086      495      6,445    555   numeric  
 70  2016-06  1,958.704   929.557      525      6,445    566   numeric  
 71  2016-07  1,934.723   902.032      500      6,595    578   numeric  
 72  2016-08  1,936.572   920.923      499      6,595    595   numeric  
 73  2016-09  1,952.256   920.686      500      6,300    609   numeric  
 74  2016-10  1,944.316   934.875      510      6,779    627   numeric  
 75  2016-11  1,915.489   924.013      525      6,995    669   numeric  
 76  2016-12  1,861.632   903.795      495      6,595    742   numeric  
 77  2017-01  1,755.789   868.695      480      7,195    1173  numeric  
 78  2017-02  1,729.907   854.421      500    7,447.500  1370  numeric  
 79  2017-03  1,737.132   850.843      500    7,647.500  1454  numeric  
 80  2017-04  1,745.225   847.531      500    7,247.500  1510  numeric  
 81  2017-05  1,745.617   848.601      500    7,322.500  1597  numeric  
 82  2017-06  1,735.674   842.433      500      7,195    1655  numeric  
 83  2017-07  1,729.323   835.980      500      6,750    1701  numeric  
 84  2017-08  1,732.966   849.111      500      6,705    1743  numeric  
 85  2017-09  1,719.632   842.728      500    6,637.500  1776  numeric  
 86  2017-10  1,705.328   831.054      500      6,625    1807  numeric  
 87  2017-11  1,694.573   820.766      495      6,565    1842  numeric  
 88  2017-12  1,704.231   921.488      495      19,500   1878  numeric  
 89  2018-01  1,701.584   897.137    482.500    18,000   1945  numeric  
 90  2018-02  1,711.697   874.869      475      15,000   1983  numeric  
 91  2018-03  1,714.629   864.658      500      15,000   2039  numeric  
 92  2018-04  1,729.607   866.436      495      15,000   2084  numeric  
 93  2018-05  1,735.960   869.878      495      15,000   2148  numeric  
 94  2018-06  1,740.248   872.792      500      15,000   2198  numeric  
 95  2018-07  1,738.305   873.567      500      15,000   2242  numeric  
 96  2018-08  1,736.220   868.974      500      14,500   2285  numeric  
 97  2018-09  1,724.178   859.400      525      14,000   2333  numeric  
 98  2018-10  1,716.151   861.888      525      15,000   2390  numeric  
 99  2018-11  1,712.585   860.793      525      15,000   2446  numeric  
 100 2018-12  1,709.188   854.673      500      15,000   2489  numeric  
 101 2019-01  1,701.990   854.846      527      15,000   2573  numeric  
 102 2019-02  1,706.289   852.366    512.500    15,000   2573  numeric  
 103 2019-03  1,716.183   851.376      500      15,000   2573  numeric  
 104 2019-04  1,726.638   849.693      500      14,000   2573  numeric  
 105 2019-05  1,737.366   855.183      525      14,000   2573  numeric  
 106 2019-06  1,748.362   860.371      500      14,000   2573  numeric  
 107 2019-07  1,751.997   861.286      535    13,166.500 2573  numeric  
 108 2019-08  1,752.986   853.403      520      11,666   2573  numeric  
 109 2019-09  1,747.420   852.482      520      11,000   2573  numeric  
 110 2019-10  1,739.314   845.022      500      11,666   2573  numeric  
 111 2019-11  1,737.075   843.549      495      12,000   2573  numeric  
 112 2019-12  1,738.987   849.398      500      12,666   2573  numeric  
 113   city                                              2573 character 
 114  county                                             2573 character 
 115   msa                                               2573 character 
 116 stateabb                                            2573 character 
 117 zipcode  53,220.330 31,648.910   1,060     99,705   2573  integer  
 ---------------------------------------------------------------------- 
============================================================================ 

============================================================================ 
File: ../output/Zip_MedianRentalPricePerSqft_2Bedroom.csv 
MD5:  b64fd497b678396a7dc2e748bc175d0a 
Key:  zipcode city stateabb msa county 
 
 ============================================================== 
     variable    mean        sd      min   max    N     type    
 -------------------------------------------------------------- 
 1   2010-02    3.125               3.125 3.125   1    numeric  
 2   2010-03    3.091               3.091 3.091   1    numeric  
 3   2010-04    3.103      0.219    2.948 3.258   2    numeric  
 4   2010-05    3.133      0.314    2.911 3.356   2    numeric  
 5   2010-06    3.138      0.308    2.920 3.356   2    numeric  
 6   2010-07    3.007      0.315    2.784 3.230   2    numeric  
 7   2010-08    2.923      0.066    2.876 2.970   2    numeric  
 8   2010-09    2.226      0.467    1.466 2.940   10   numeric  
 9   2010-10    2.096      0.454    1.449 2.941   13   numeric  
 10  2010-11    2.055      0.511    1.342 3.108   15   numeric  
 11  2010-12    2.017      0.533    1.131 3.111   16   numeric  
 12  2011-01    1.634      0.481    0.863 2.764   49   numeric  
 13  2011-02    1.465      0.535    0.673 3.577   81   numeric  
 14  2011-03    1.441      0.522    0.678 3.345   85   numeric  
 15  2011-04    1.447      0.534    0.699 3.583   88   numeric  
 16  2011-05    1.432      0.535    0.742 3.563   96   numeric  
 17  2011-06    1.457      0.655    0.657 5.052  108   numeric  
 18  2011-07    1.413      0.642    0.566 5.079  125   numeric  
 19  2011-08    1.410      0.633    0.569 4.977  127   numeric  
 20  2011-09    1.415      0.632    0.564 4.864  133   numeric  
 21  2011-10    1.410      0.618    0.543 4.926  151   numeric  
 22  2011-11    1.411      0.604    0.556 4.864  162   numeric  
 23  2011-12    1.405      0.602    0.560 4.733  167   numeric  
 24  2012-01    1.428      0.617    0.557 4.870  177   numeric  
 25  2012-02    1.466      0.646    0.536 4.956  191   numeric  
 26  2012-03    1.479      0.659    0.556 5.073  202   numeric  
 27  2012-04    1.484      0.672    0.571 5.290  204   numeric  
 28  2012-05    1.507      0.685    0.578 5.315  204   numeric  
 29  2012-06    1.609      0.762    0.565 5.436  226   numeric  
 30  2012-07    1.620      0.768    0.569 5.450  231   numeric  
 31  2012-08    1.621      0.761    0.597 5.540  239   numeric  
 32  2012-09    1.623      0.765    0.572 5.418  242   numeric  
 33  2012-10    1.614      0.762    0.566 5.329  247   numeric  
 34  2012-11    1.614      0.765    0.572 5.365  250   numeric  
 35  2012-12    1.628      0.769    0.567 5.333  258   numeric  
 36  2013-01    1.628      0.770    0.566 5.208  258   numeric  
 37  2013-02    1.631      0.765    0.571 5.208  262   numeric  
 38  2013-03    1.647      0.778    0.573 5.271  265   numeric  
 39  2013-04    1.657      0.783    0.567 5.319  267   numeric  
 40  2013-05    1.662      0.793    0.570 5.481  272   numeric  
 41  2013-06    1.669      0.801    0.578 5.542  273   numeric  
 42  2013-07    1.667      0.796    0.572 5.689  276   numeric  
 43  2013-08    1.672      0.800    0.566 5.634  280   numeric  
 44  2013-09    1.653      0.778    0.568 5.500  283   numeric  
 45  2013-10    1.650      0.779    0.575 5.561  290   numeric  
 46  2013-11    1.631      0.763    0.575 5.603  301   numeric  
 47  2013-12    1.645      0.765    0.578 5.636  306   numeric  
 48  2014-01    1.654      0.767    0.592 5.698  311   numeric  
 49  2014-02    1.657      0.770    0.584 5.727  318   numeric  
 50  2014-03    1.656      0.770    0.588 5.714  319   numeric  
 51  2014-04    1.669      0.774    0.587 5.727  319   numeric  
 52  2014-05    1.692      0.780    0.579 5.827  322   numeric  
 53  2014-06    1.741      0.856    0.582 5.968  329   numeric  
 54  2014-07    1.778      0.904    0.588 5.724  337   numeric  
 55  2014-08    1.772      0.894    0.591 5.817  344   numeric  
 56  2014-09    1.760      0.884    0.580 5.745  350   numeric  
 57  2014-10    1.762      0.874    0.579 5.627  354   numeric  
 58  2014-11    1.767      0.873    0.586 5.627  358   numeric  
 59  2014-12    1.763      0.863    0.574 5.627  365   numeric  
 60  2015-01    1.763      0.866    0.569 5.653  368   numeric  
 61  2015-02    1.775      0.871    0.588 5.706  369   numeric  
 62  2015-03    1.772      0.877    0.558 5.815  373   numeric  
 63  2015-04    1.783      0.878    0.548 5.829  377   numeric  
 64  2015-05    1.801      0.882    0.553 5.765  382   numeric  
 65  2015-06    1.809      0.883    0.558 5.765  388   numeric  
 66  2015-07    1.810      0.883    0.545 5.825  397   numeric  
 67  2015-08    1.815      0.876    0.557 5.798  399   numeric  
 68  2015-09    1.809      0.872    0.550 5.818  399   numeric  
 69  2015-10    1.804      0.861    0.554 5.879  402   numeric  
 70  2015-11    1.807      0.856    0.565 5.816  407   numeric  
 71  2015-12    1.800      0.852    0.583 5.811  417   numeric  
 72  2016-01    1.802      0.857    0.553 5.775  421   numeric  
 73  2016-02    1.814      0.864    0.552 5.750  422   numeric  
 74  2016-03    1.821      0.861    0.552 5.744  428   numeric  
 75  2016-04    1.819      0.861    0.549 5.814  430   numeric  
 76  2016-05    1.824      0.859    0.548 5.780  431   numeric  
 77  2016-06    1.817      0.850    0.536 5.831  437   numeric  
 78  2016-07    1.795      0.826    0.523 5.682  451   numeric  
 79  2016-08    1.805      0.831    0.537 5.640  460   numeric  
 80  2016-09    1.809      0.827    0.537 5.620  474   numeric  
 81  2016-10    1.789      0.835    0.523 5.829  489   numeric  
 82  2016-11    1.773      0.824    0.502 5.745  522   numeric  
 83  2016-12    1.766      0.836    0.530 5.876  596   numeric  
 84  2017-01    1.686      0.799    0.525 5.745  1033  numeric  
 85  2017-02    1.663      0.793    0.521 5.653  1216  numeric  
 86  2017-03    1.662      0.783    0.502 5.729  1310  numeric  
 87  2017-04    1.672      0.784    0.539 5.847  1367  numeric  
 88  2017-05    1.670      0.784    0.551 5.903  1453  numeric  
 89  2017-06    1.666      0.777    0.603 5.909  1516  numeric  
 90  2017-07    1.662      0.773    0.595   6    1567  numeric  
 91  2017-08    1.659      0.776    0.541 5.812  1604  numeric  
 92  2017-09    1.651      0.773    0.590 5.852  1627  numeric  
 93  2017-10    1.642      0.769    0.583 5.814  1656  numeric  
 94  2017-11    1.638      0.762    0.576 5.667  1691  numeric  
 95  2017-12    1.635      0.760    0.578 5.792  1729  numeric  
 96  2018-01    1.641      0.793    0.568 12.137 1785  numeric  
 97  2018-02    1.650      0.791    0.579 11.943 1831  numeric  
 98  2018-03    1.658      0.791    0.562 12.205 1877  numeric  
 99  2018-04    1.672      0.809    0.597 12.034 1925  numeric  
 100 2018-05    1.682      0.818    0.535 12.137 1980  numeric  
 101 2018-06    1.686      0.814    0.535 11.327 2032  numeric  
 102 2018-07    1.681      0.806    0.565 11.230 2079  numeric  
 103 2018-08    1.684      0.816    0.551 11.679 2117  numeric  
 104 2018-09    1.669      0.801    0.579 10.811 2170  numeric  
 105 2018-10    1.663      0.803    0.578 11.492 2234  numeric  
 106 2018-11    1.664      0.798    0.565 11.405 2278  numeric  
 107 2018-12    1.657      0.792    0.545 11.380 2316  numeric  
 108 2019-01    1.657      0.800    0.568 11.882 2391  numeric  
 109 2019-02    1.665      0.807    0.584 11.943 2391  numeric  
 110 2019-03    1.677      0.812    0.587 12.555 2391  numeric  
 111 2019-04    1.685      0.805    0.524 10.981 2391  numeric  
 112 2019-05    1.697      0.816    0.525 11.245 2391  numeric  
 113 2019-06    1.706      0.819    0.543 11.053 2391  numeric  
 114 2019-07    1.708      0.819    0.579 11.297 2391  numeric  
 115 2019-08    1.706      0.812    0.554 11.082 2391  numeric  
 116 2019-09    1.701      0.810    0.549 11.111 2391  numeric  
 117 2019-10    1.692      0.799    0.549 11.189 2391  numeric  
 118 2019-11    1.690      0.800    0.565 11.111 2391  numeric  
 119 2019-12    1.694      0.809    0.553 11.864 2391  numeric  
 120   city                                      2391 character 
 121  county                                     2391 character 
 122   msa                                       2391 character 
 123 stateabb                                    2391 character 
 124 zipcode  54,973.930 30,960.930 1,545 99,705 2391  integer  
 -------------------------------------------------------------- 
============================================================================ 

============================================================================ 
File: ../output/Zip_MedianRentalPricePerSqft_Sfr.csv 
MD5:  b16f0169b6f79bc35c15cef92246a732 
Key:  zipcode city stateabb msa county 
 
 ============================================================== 
     variable    mean        sd      min   max    N     type    
 -------------------------------------------------------------- 
 1   2010-02    0.888      0.284    0.689 1.297   4    numeric  
 2   2010-03    0.765      0.226    0.426 1.224   8    numeric  
 3   2010-04    0.843      0.287    0.418 1.503   11   numeric  
 4   2010-05    0.816      0.270    0.428 1.510   14   numeric  
 5   2010-06    0.829      0.276    0.449 1.509   14   numeric  
 6   2010-07    0.821      0.269    0.460 1.451   14   numeric  
 7   2010-08    0.804      0.270    0.459 1.455   18   numeric  
 8   2010-09    0.801      0.289    0.457 1.465   21   numeric  
 9   2010-10    0.801      0.284    0.457 1.483   22   numeric  
 10  2010-11    0.778      0.260    0.451 1.498   31   numeric  
 11  2010-12    0.798      0.281    0.472 1.617   39   numeric  
 12  2011-01    0.859      0.278    0.478 1.874  191   numeric  
 13  2011-02    0.844      0.273    0.479 2.517  335   numeric  
 14  2011-03    0.845      0.271    0.465 2.517  359   numeric  
 15  2011-04    0.851      0.287    0.473 2.910  376   numeric  
 16  2011-05    0.845      0.280    0.442 2.973  426   numeric  
 17  2011-06    0.844      0.285    0.450 2.923  497   numeric  
 18  2011-07    0.836      0.281    0.449 2.798  547   numeric  
 19  2011-08    0.837      0.282    0.445 2.876  569   numeric  
 20  2011-09    0.832      0.280    0.455 3.187  589   numeric  
 21  2011-10    0.833      0.280    0.453 3.364  610   numeric  
 22  2011-11    0.834      0.285    0.450 3.347  623   numeric  
 23  2011-12    0.835      0.282    0.467 3.175  632   numeric  
 24  2012-01    0.839      0.283    0.466 2.744  648   numeric  
 25  2012-02    0.845      0.284    0.465 2.694  658   numeric  
 26  2012-03    0.853      0.288    0.459 2.962  670   numeric  
 27  2012-04    0.861      0.288    0.471 2.784  682   numeric  
 28  2012-05    0.874      0.316    0.465 3.491  705   numeric  
 29  2012-06    0.879      0.334    0.466 3.640  718   numeric  
 30  2012-07    0.891      0.397    0.450 5.421  732   numeric  
 31  2012-08    0.891      0.411    0.443 5.404  744   numeric  
 32  2012-09    0.889      0.416    0.458 5.456  751   numeric  
 33  2012-10    0.894      0.432    0.451 5.390  761   numeric  
 34  2012-11    0.895      0.433    0.447 5.343  766   numeric  
 35  2012-12    0.899      0.435    0.439 5.458  778   numeric  
 36  2013-01    0.899      0.429    0.450 5.226  783   numeric  
 37  2013-02    0.910      0.445    0.441 5.308  792   numeric  
 38  2013-03    0.915      0.447    0.443 5.104  802   numeric  
 39  2013-04    0.920      0.455    0.465 5.282  816   numeric  
 40  2013-05    0.921      0.451    0.466 5.057  830   numeric  
 41  2013-06    0.927      0.459    0.469 5.162  841   numeric  
 42  2013-07    0.932      0.484    0.448 5.364  851   numeric  
 43  2013-08    0.934      0.502    0.447 5.246  857   numeric  
 44  2013-09    0.932      0.504    0.448 5.246  859   numeric  
 45  2013-10    0.930      0.504    0.450 5.384  864   numeric  
 46  2013-11    0.926      0.494    0.439 5.186  870   numeric  
 47  2013-12    0.929      0.504    0.435 5.315  872   numeric  
 48  2014-01    0.929      0.500    0.431 5.384  882   numeric  
 49  2014-02    0.931      0.497    0.444 5.384  890   numeric  
 50  2014-03    0.934      0.493    0.454 5.384  894   numeric  
 51  2014-04    0.937      0.489    0.452 5.246  896   numeric  
 52  2014-05    0.950      0.499    0.461 5.246  896   numeric  
 53  2014-06    0.953      0.500    0.471 5.186  897   numeric  
 54  2014-07    0.955      0.506    0.475 5.401  898   numeric  
 55  2014-08    0.955      0.506    0.462 5.482  898   numeric  
 56  2014-09    0.953      0.504    0.456 5.401  900   numeric  
 57  2014-10    0.950      0.503    0.465 5.401  901   numeric  
 58  2014-11    0.951      0.505    0.472 5.482  901   numeric  
 59  2014-12    0.993      0.988    0.466 19.524 904   numeric  
 60  2015-01    0.994      0.933    0.466 18.601 908   numeric  
 61  2015-02    1.000      0.926    0.466 18.182 909   numeric  
 62  2015-03    1.009      0.940    0.492 18.889 911   numeric  
 63  2015-04    1.017      0.935    0.491 18.878 916   numeric  
 64  2015-05    1.014      0.840    0.495 16.623 920   numeric  
 65  2015-06    1.020      0.855    0.505 16.667 922   numeric  
 66  2015-07    1.033      0.893    0.500 14.865 924   numeric  
 67  2015-08    1.049      1.043    0.506 16.667 928   numeric  
 68  2015-09    1.048      1.042    0.493 17.496 930   numeric  
 69  2015-10    1.053      1.126    0.499 19.714 930   numeric  
 70  2015-11    1.054      1.142    0.497 19.060 931   numeric  
 71  2015-12    1.065      1.211    0.499   20   933   numeric  
 72  2016-01    1.072      1.237    0.511   20   933   numeric  
 73  2016-02    1.082      1.282    0.507 21.083 934   numeric  
 74  2016-03    1.087      1.273    0.508 20.833 936   numeric  
 75  2016-04    1.084      1.242    0.523   20   936   numeric  
 76  2016-05    1.087      1.223    0.522   20   942   numeric  
 77  2016-06    1.082      1.137    0.503 17.442 955   numeric  
 78  2016-07    1.079      1.127    0.519 17.610 972   numeric  
 79  2016-08    1.083      1.129    0.507 18.750 986   numeric  
 80  2016-09    1.083      1.172    0.516 20.086 1005  numeric  
 81  2016-10    1.096      1.266    0.518 18.258 1035  numeric  
 82  2016-11    1.110      1.335    0.508 19.530 1116  numeric  
 83  2016-12    1.130      1.476    0.508 24.485 1242  numeric  
 84  2017-01    1.154      1.283    0.522 22.197 1788  numeric  
 85  2017-02    1.183      1.318    0.113 22.924 1971  numeric  
 86  2017-03    1.204      1.306    0.113 22.614 2044  numeric  
 87  2017-04    1.218      1.257    0.112 22.567 2084  numeric  
 88  2017-05    1.221      1.218    0.112   22   2135  numeric  
 89  2017-06    1.223      1.189    0.109 21.622 2159  numeric  
 90  2017-07    1.217      1.112    0.118   20   2187  numeric  
 91  2017-08    1.214      1.101    0.123   20   2205  numeric  
 92  2017-09    1.210      1.101    0.117 19.060 2219  numeric  
 93  2017-10    1.217      1.183    0.113   20   2239  numeric  
 94  2017-11    1.213      1.099    0.112 17.500 2253  numeric  
 95  2017-12    1.231      1.160    0.109 17.568 2276  numeric  
 96  2018-01    1.240      1.131    0.111 16.905 2301  numeric  
 97  2018-02    1.249      1.145    0.112 16.905 2318  numeric  
 98  2018-03    1.259      1.126    0.112 18.486 2353  numeric  
 99  2018-04    1.270      1.117    0.115 17.071 2383  numeric  
 100 2018-05    1.272      1.062    0.104 16.667 2416  numeric  
 101 2018-06    1.272      1.045    0.104 16.521 2447  numeric  
 102 2018-07    1.269      1.039    0.110 17.071 2479  numeric  
 103 2018-08    1.268      1.036    0.112 16.843 2496  numeric  
 104 2018-09    1.264      1.030    0.112 15.625 2507  numeric  
 105 2018-10    1.263      1.036    0.117 16.667 2528  numeric  
 106 2018-11    1.270      1.057    0.109 16.667 2546  numeric  
 107 2018-12    1.281      1.089    0.114 18.125 2564  numeric  
 108 2019-01    1.290      1.080    0.112 18.125 2607  numeric  
 109 2019-02    1.299      1.075    0.109 16.813 2607  numeric  
 110 2019-03    1.309      1.078    0.112 17.647 2607  numeric  
 111 2019-04    1.317      1.069    0.123 17.857 2607  numeric  
 112 2019-05    1.322      1.083    0.119 17.983 2607  numeric  
 113 2019-06    1.324      1.082    0.120 18.337 2607  numeric  
 114 2019-07    1.322      1.065    0.117 17.592 2607  numeric  
 115 2019-08    1.316      1.021    0.108 16.667 2607  numeric  
 116 2019-09    1.309      0.990    0.112   15   2607  numeric  
 117 2019-10    1.306      0.982    0.112 14.322 2607  numeric  
 118 2019-11    1.307      0.991    0.110 14.857 2607  numeric  
 119 2019-12    1.314      1.030    0.120 15.516 2607  numeric  
 120   city                                      2607 character 
 121  county                                     2607 character 
 122   msa                                       2607 character 
 123 stateabb                                    2607 character 
 124 zipcode  56,649.510 28,076.350 2,114 99,705 2607  integer  
 -------------------------------------------------------------- 
============================================================================ 

============================================================================ 
File: ../output/Zip_Zhvi_2bedroom.csv 
MD5:  14bfb1f0185182a18873eeb75c70aeed 
Key:  zipcode city stateabb msa county 
 
 ===================================================================== 
     variable    mean         sd       min      max      N     type    
 --------------------------------------------------------------------- 
 1   1996-04  100,079.200 57,275.910  12,488  865,856  10714  integer  
 2   1996-05  99,978.110  57,054.240  12,430  861,632  10768  integer  
 3   1996-06  99,946.510  56,941.430  12,398  862,174  10785  integer  
 4   1996-07  100,021.500 56,896.300  12,477  853,756  10801  integer  
 5   1996-08  100,172.200 57,009.700  12,419  861,787  10821  integer  
 6   1996-09  100,337.800 57,145.750  12,375  864,278  10848  integer  
 7   1996-10  100,581.500 57,323.290  12,321  871,433  10868  integer  
 8   1996-11  100,807.600 57,515.790  12,340  880,031  10895  integer  
 9   1996-12  101,065.000 57,646.290  12,390  881,818  10920  integer  
 10  1997-01  101,388.200 57,714.920  12,491  879,506  11002  integer  
 11  1997-02  101,579.300 57,854.370  12,627  873,633  11048  integer  
 12  1997-03  101,840.400 57,975.780  12,661  876,054  11105  integer  
 13  1997-04  102,021.600 58,395.450  12,699  874,775  11147  integer  
 14  1997-05  102,180.100 58,520.280  12,752  877,084  11186  integer  
 15  1997-06  102,386.600 58,717.810  12,826  885,513  11203  integer  
 16  1997-07  102,666.000 59,031.160  12,930  894,161  11222  integer  
 17  1997-08  102,963.100 59,348.350  12,935  898,014  11254  integer  
 18  1997-09  103,327.800 59,715.120  13,041  890,746  11289  integer  
 19  1997-10  103,648.800 59,963.580  13,104  879,956  11320  integer  
 20  1997-11  104,058.800 60,202.890  13,210  858,927  11385  integer  
 21  1997-12  104,479.200 60,487.920  13,132  831,288  11401  integer  
 22  1998-01  104,988.600 60,791.200  13,022  805,028  11441  integer  
 23  1998-02  105,415.500 61,171.830  12,885  806,574  11477  integer  
 24  1998-03  105,562.900 61,462.630  12,819  807,667  11543  integer  
 25  1998-04  105,518.400 61,586.830  12,731  813,340  11663  integer  
 26  1998-05  105,666.000 61,918.050  12,454  817,012  11738  integer  
 27  1998-06  105,906.500 62,260.210  12,121  812,396  11826  integer  
 28  1998-07  106,156.200 62,665.970  11,873  811,942  11874  integer  
 29  1998-08  106,534.500 63,144.350  7,100   822,816  11971  integer  
 30  1998-09  106,913.300 63,738.560  7,117   837,774  12054  integer  
 31  1998-10  107,377.400 64,294.600  7,228   852,316  12119  integer  
 32  1998-11  107,882.100 64,801.920  7,358   865,812  12152  integer  
 33  1998-12  108,306.800 65,249.640  7,424   883,997  12172  integer  
 34  1999-01  108,557.000 65,659.660  7,415   897,989  12290  integer  
 35  1999-02  108,879.600 66,050.050  7,468   920,437  12347  integer  
 36  1999-03  109,217.400 66,960.300  7,544  1,075,903 12415  integer  
 37  1999-04  109,491.800 67,307.900  7,627  1,063,995 12472  integer  
 38  1999-05  109,780.800 67,650.030  7,684  1,066,051 12544  integer  
 39  1999-06  110,248.100 68,202.330  7,804  1,062,137 12594  integer  
 40  1999-07  110,843.200 68,868.100  7,944  1,068,375 12646  integer  
 41  1999-08  111,290.100 69,417.830  8,116  1,072,542 12725  integer  
 42  1999-09  111,782.400 70,094.720  8,390  1,082,238 12801  integer  
 43  1999-10  112,250.200 70,592.880  8,722  1,092,128 12853  integer  
 44  1999-11  112,858.200 71,269.270  9,031  1,096,515 12897  integer  
 45  1999-12  113,456.400 71,970.430  9,241  1,100,661 12931  integer  
 46  2000-01  114,139.600 72,763.770  9,384  1,106,880 12999  integer  
 47  2000-02  114,762.900 73,597.990  9,480  1,117,024 13039  integer  
 48  2000-03  115,334.800 74,385.360  9,531  1,118,667 13075  integer  
 49  2000-04  115,809.000 75,164.600  9,401  1,106,311 13123  integer  
 50  2000-05  116,394.300 76,020.920  9,176  1,097,549 13150  integer  
 51  2000-06  116,952.000 76,943.360  8,885  1,103,613 13188  integer  
 52  2000-07  117,613.800 77,932.030  8,849  1,123,019 13241  integer  
 53  2000-08  118,399.500 79,046.820  8,889  1,136,189 13274  integer  
 54  2000-09  119,203.300 80,184.040  8,997  1,141,218 13301  integer  
 55  2000-10  120,019.800 81,405.560  8,889  1,149,608 13323  integer  
 56  2000-11  120,849.200 82,411.470  8,799  1,147,884 13370  integer  
 57  2000-12  121,741.000 83,488.590  8,716  1,157,662 13396  integer  
 58  2001-01  122,545.900 84,449.510  8,766  1,167,122 13460  integer  
 59  2001-02  123,292.900 85,342.870  8,804  1,190,826 13521  integer  
 60  2001-03  123,952.300 86,165.740  8,832  1,205,702 13575  integer  
 61  2001-04  124,572.800 87,008.590  8,825  1,223,150 13600  integer  
 62  2001-05  125,117.600 87,620.500  8,827  1,234,697 13646  integer  
 63  2001-06  125,727.700 88,144.630  8,810  1,248,897 13695  integer  
 64  2001-07  126,325.800 88,659.230  8,808  1,266,702 13751  integer  
 65  2001-08  127,000.900 89,280.600  8,708  1,291,218 13804  integer  
 66  2001-09  127,777.700 90,091.910  8,710  1,318,571 13838  integer  
 67  2001-10  128,527.000 90,799.700  8,739  1,343,605 13861  integer  
 68  2001-11  129,251.600 91,372.490  8,814  1,358,344 13880  integer  
 69  2001-12  129,909.900 91,780.750  8,753  1,378,185 13899  integer  
 70  2002-01  130,719.700 93,921.060  8,577  2,261,123 13917  integer  
 71  2002-02  131,499.500 95,023.600  8,423  2,282,546 13939  integer  
 72  2002-03  132,198.100 95,784.320  8,341  2,311,102 13957  integer  
 73  2002-04  132,837.500 96,346.950  8,356  2,346,939 13979  integer  
 74  2002-05  133,427.700 96,973.050  8,470  2,365,093 14011  integer  
 75  2002-06  134,127.600 97,699.600  8,622  2,356,257 14039  integer  
 76  2002-07  135,024.500 98,670.150  8,716  2,345,386 14070  integer  
 77  2002-08  135,975.700 99,791.400  8,743  2,360,204 14094  integer  
 78  2002-09  136,890.900 100,836.700 8,744  2,391,399 14144  integer  
 79  2002-10  137,856.400 101,863.100 8,732  2,406,525 14169  integer  
 80  2002-11  138,847.100 102,792.900 8,670  2,416,171 14180  integer  
 81  2002-12  139,860.300 103,826.600 8,598  2,390,221 14198  integer  
 82  2003-01  140,619.200 104,559.900 8,644  2,383,495 14266  integer  
 83  2003-02  141,439.700 105,308.700 8,672  2,366,215 14314  integer  
 84  2003-03  142,219.000 106,082.300 8,734  2,381,772 14352  integer  
 85  2003-04  142,923.500 106,905.800 8,760  2,393,307 14393  integer  
 86  2003-05  143,598.500 107,689.300 8,839  2,403,285 14436  integer  
 87  2003-06  144,310.800 108,534.900 8,894  2,406,392 14478  integer  
 88  2003-07  145,325.600 109,577.200 8,821  2,435,162 14513  integer  
 89  2003-08  146,408.000 110,566.500 8,753  2,478,318 14562  integer  
 90  2003-09  147,591.800 111,509.700 8,688  2,527,686 14606  integer  
 91  2003-10  148,768.900 112,352.200 8,695  2,565,260 14640  integer  
 92  2003-11  149,862.200 113,576.800 8,706  2,592,158 14663  integer  
 93  2003-12  150,817.200 114,497.800 8,703  2,613,025 14685  integer  
 94  2004-01  151,848.500 115,590.000 8,864  2,627,921 14738  integer  
 95  2004-02  152,872.600 116,629.400 8,994  2,637,705 14777  integer  
 96  2004-03  153,899.300 117,686.700 9,168  2,648,842 14845  integer  
 97  2004-04  155,040.300 118,902.600 9,226  2,661,668 14880  integer  
 98  2004-05  156,335.400 120,296.600 9,320  2,669,680 14922  integer  
 99  2004-06  157,710.500 121,800.700 9,361  2,688,975 14980  integer  
 100 2004-07  159,261.400 123,572.500 9,365  2,707,919 15021  integer  
 101 2004-08  160,826.400 125,393.400 9,413  2,751,511 15057  integer  
 102 2004-09  162,434.200 127,377.100 9,428  2,779,967 15086  integer  
 103 2004-10  163,820.600 129,157.900 9,450  2,814,507 15141  integer  
 104 2004-11  165,183.700 130,697.400 9,486  2,804,746 15188  integer  
 105 2004-12  166,525.800 132,048.500 9,564  2,809,282 15230  integer  
 106 2005-01  166,475.000 132,394.600 9,639  2,780,585 15607  integer  
 107 2005-02  165,986.900 132,843.000 9,726  2,795,178 16071  integer  
 108 2005-03  164,757.500 133,048.600 9,865  2,802,979 16682  integer  
 109 2005-04  164,259.300 133,773.400 9,209  2,841,913 17116  integer  
 110 2005-05  164,337.400 134,891.700 9,138  2,866,458 17448  integer  
 111 2005-06  164,694.000 136,054.300 9,103  2,872,859 17713  integer  
 112 2005-07  165,426.500 137,472.900 9,050  2,880,285 17921  integer  
 113 2005-08  166,434.300 138,983.400 9,008  2,894,542 18086  integer  
 114 2005-09  167,607.900 140,597.100 9,011  2,926,918 18208  integer  
 115 2005-10  168,758.200 142,148.500 9,027  2,945,202 18308  integer  
 116 2005-11  169,793.300 143,470.200 9,111  2,954,504 18382  integer  
 117 2005-12  170,648.100 144,480.600 9,177  2,957,357 18439  integer  
 118 2006-01  171,382.900 145,335.200 9,215  2,955,548 18495  integer  
 119 2006-02  171,981.900 146,028.000 9,216  2,940,822 18546  integer  
 120 2006-03  172,549.700 146,673.000 9,179  2,932,465 18596  integer  
 121 2006-04  172,943.900 146,935.200 9,132  2,913,992 18662  integer  
 122 2006-05  173,495.600 147,431.000 9,198  2,898,500 18704  integer  
 123 2006-06  173,930.100 147,742.600 9,337  2,864,931 18748  integer  
 124 2006-07  174,188.600 147,953.900 9,517  2,836,714 18824  integer  
 125 2006-08  174,423.200 147,821.600 9,658  2,822,647 18881  integer  
 126 2006-09  174,511.400 147,337.000 9,808  2,802,701 18926  integer  
 127 2006-10  174,574.400 146,810.700 9,949  2,813,802 18958  integer  
 128 2006-11  174,310.700 146,173.800 10,031 2,829,074 19009  integer  
 129 2006-12  174,120.800 145,741.600 10,046 2,865,639 19039  integer  
 130 2007-01  173,903.000 146,252.800 10,083 2,885,547 19110  integer  
 131 2007-02  173,647.800 145,881.500 10,119 2,897,790 19146  integer  
 132 2007-03  173,416.900 145,497.800 10,161 2,883,801 19194  integer  
 133 2007-04  173,135.100 145,338.100 10,159 2,875,452 19237  integer  
 134 2007-05  172,738.200 145,050.000 10,154 2,895,247 19291  integer  
 135 2007-06  172,173.000 144,551.600 10,118 2,988,650 19342  integer  
 136 2007-07  171,541.700 144,016.600 10,118 3,034,060 19402  integer  
 137 2007-08  171,093.500 143,400.800 10,139 3,033,498 19441  integer  
 138 2007-09  170,608.800 142,893.100 10,208 3,065,309 19483  integer  
 139 2007-10  170,033.500 142,225.000 10,255 3,110,455 19529  integer  
 140 2007-11  169,251.600 141,450.200 10,281 3,178,422 19590  integer  
 141 2007-12  168,479.700 140,445.300 10,362 3,194,602 19626  integer  
 142 2008-01  164,669.200 138,573.300 10,446 3,217,928 20850  integer  
 143 2008-02  163,556.300 137,269.400 10,443 3,219,007 20952  integer  
 144 2008-03  162,537.100 136,030.600 10,339 3,177,046 20982  integer  
 145 2008-04  161,443.100 135,199.400 10,216 3,087,448 21017  integer  
 146 2008-05  160,278.300 133,789.700 10,131 2,973,409 21055  integer  
 147 2008-06  159,082.700 132,592.900 10,001 2,898,752 21088  integer  
 148 2008-07  157,904.700 131,419.500 9,920  2,889,582 21134  integer  
 149 2008-08  156,705.100 130,394.700 9,899  2,938,559 21198  integer  
 150 2008-09  155,551.200 129,403.500 9,923  3,023,376 21233  integer  
 151 2008-10  154,399.900 128,376.200 9,842  3,102,453 21263  integer  
 152 2008-11  153,297.100 127,390.500 9,757  3,159,448 21318  integer  
 153 2008-12  152,195.600 126,825.900 9,748  3,185,281 21358  integer  
 154 2009-01  151,229.800 127,226.200 9,822  3,152,338 21578  integer  
 155 2009-02  150,102.600 125,953.300 9,872  3,060,943 21632  integer  
 156 2009-03  149,027.400 124,890.900 9,838  2,988,822 21683  integer  
 157 2009-04  147,903.900 123,735.200 9,923  2,926,284 21729  integer  
 158 2009-05  146,946.500 123,512.000 10,044 2,891,880 21771  integer  
 159 2009-06  146,105.000 123,252.900 10,188 2,823,632 21814  integer  
 160 2009-07  145,209.300 122,383.600 10,185 2,781,144 21858  integer  
 161 2009-08  144,426.400 121,571.200 10,154 2,744,870 21901  integer  
 162 2009-09  143,758.400 120,952.400 10,115 2,711,903 21945  integer  
 163 2009-10  143,157.000 120,415.400 10,115 2,691,399 21980  integer  
 164 2009-11  142,816.200 120,218.800 10,174 2,680,110 22017  integer  
 165 2009-12  142,571.500 120,213.200 10,252 2,687,023 22056  integer  
 166 2010-01  142,153.900 120,099.100 10,253 2,677,755 22200  integer  
 167 2010-02  141,881.100 120,106.500 10,288 2,677,256 22240  integer  
 168 2010-03  141,667.100 120,236.900 10,387 2,699,922 22276  integer  
 169 2010-04  141,586.100 120,366.100 10,570 2,701,719 22302  integer  
 170 2010-05  141,458.900 120,504.500 10,715 2,715,730 22344  integer  
 171 2010-06  141,173.000 120,463.900 10,836 2,735,319 22380  integer  
 172 2010-07  140,672.600 120,410.300 10,955 2,770,954 22409  integer  
 173 2010-08  140,138.000 120,750.900 11,032 2,807,245 22459  integer  
 174 2010-09  139,391.700 120,368.300 11,137 2,807,581 22498  integer  
 175 2010-10  138,679.400 120,114.100 11,180 2,824,972 22539  integer  
 176 2010-11  137,807.200 119,510.800 11,126 2,836,923 22579  integer  
 177 2010-12  137,039.200 119,058.100 11,045 2,873,477 22602  integer  
 178 2011-01  136,002.600 118,585.700 8,615  2,907,201 22791  integer  
 179 2011-02  135,308.300 118,474.500 8,584  2,935,598 22852  integer  
 180 2011-03  134,706.100 118,431.400 8,545  2,934,134 22904  integer  
 181 2011-04  134,001.300 118,170.200 8,500  2,907,600 22941  integer  
 182 2011-05  133,300.100 117,718.900 8,486  2,846,196 22973  integer  
 183 2011-06  132,695.500 117,418.800 8,458  2,765,301 23001  integer  
 184 2011-07  132,227.900 117,165.000 8,465  2,688,565 23033  integer  
 185 2011-08  131,796.000 117,041.500 8,479  2,647,526 23070  integer  
 186 2011-09  131,347.600 116,934.100 8,510  2,659,411 23105  integer  
 187 2011-10  130,887.400 116,619.200 8,546  2,688,361 23143  integer  
 188 2011-11  130,546.800 116,387.700 8,601  2,704,168 23169  integer  
 189 2011-12  130,158.600 115,950.000 8,624  2,708,131 23193  integer  
 190 2012-01  129,545.100 115,372.800 8,584  2,714,189 23388  integer  
 191 2012-02  129,296.400 115,129.200 8,501  2,736,719 23436  integer  
 192 2012-03  129,181.900 115,076.300 8,582  2,754,907 23486  integer  
 193 2012-04  129,229.800 115,301.300 8,747  2,750,308 23503  integer  
 194 2012-05  129,414.500 115,683.400 8,932  2,751,926 23550  integer  
 195 2012-06  129,579.600 116,366.200 9,013  2,747,124 23602  integer  
 196 2012-07  129,822.500 116,977.700 8,999  2,799,395 23624  integer  
 197 2012-08  130,070.400 117,486.200 9,061  2,827,124 23682  integer  
 198 2012-09  130,314.000 117,960.500 9,194  2,821,587 23711  integer  
 199 2012-10  130,687.000 118,650.000 9,307  2,757,558 23751  integer  
 200 2012-11  131,120.600 119,407.400 9,355  2,684,620 23783  integer  
 201 2012-12  131,620.300 120,337.600 9,299  2,658,095 23809  integer  
 202 2013-01  131,946.000 121,264.600 9,297  2,670,002 23982  integer  
 203 2013-02  132,455.300 122,273.400 9,280  2,735,809 24035  integer  
 204 2013-03  133,105.500 123,446.500 9,206  2,796,549 24076  integer  
 205 2013-04  133,890.000 124,726.200 9,109  2,838,429 24115  integer  
 206 2013-05  134,700.500 126,021.400 9,030  2,839,246 24141  integer  
 207 2013-06  135,522.300 127,136.300 9,127  2,833,975 24188  integer  
 208 2013-07  136,288.500 128,181.900 9,161  2,831,096 24237  integer  
 209 2013-08  137,053.100 129,384.100 9,177  2,854,487 24274  integer  
 210 2013-09  137,712.600 130,314.800 9,107  2,884,638 24325  integer  
 211 2013-10  138,362.100 131,143.000 9,129  2,927,264 24366  integer  
 212 2013-11  138,963.100 131,991.300 7,879  2,956,474 24403  integer  
 213 2013-12  139,529.800 132,918.100 7,982  2,965,952 24435  integer  
 214 2014-01  139,836.300 133,822.600 8,139  2,965,261 24612  integer  
 215 2014-02  140,382.700 134,893.000 8,424  2,988,084 24655  integer  
 216 2014-03  140,843.900 135,831.600 8,665  3,007,006 24714  integer  
 217 2014-04  141,346.600 136,680.100 8,836  3,016,256 24754  integer  
 218 2014-05  141,730.600 137,294.400 8,979  3,009,311 24797  integer  
 219 2014-06  142,080.900 137,880.500 9,166  3,017,152 24844  integer  
 220 2014-07  142,389.600 138,236.600 9,191  3,031,532 24892  integer  
 221 2014-08  142,573.300 138,463.600 9,238  3,041,067 24926  integer  
 222 2014-09  142,753.400 138,697.700 9,327  3,036,917 24960  integer  
 223 2014-10  143,022.400 139,300.400 9,297  3,056,047 24990  integer  
 224 2014-11  143,489.400 140,067.900 9,354  3,066,280 25039  integer  
 225 2014-12  144,004.200 141,049.000 9,440  3,107,676 25060  integer  
 226 2015-01  143,537.600 141,589.300 9,591  3,148,583 25552  integer  
 227 2015-02  143,998.500 142,633.200 9,685  3,185,125 25603  integer  
 228 2015-03  144,590.100 143,718.800 9,848  3,202,420 25637  integer  
 229 2015-04  145,212.300 144,669.900 10,050 3,181,320 25674  integer  
 230 2015-05  145,819.000 145,544.500 10,240 3,213,259 25702  integer  
 231 2015-06  146,320.900 146,370.700 10,324 3,238,885 25725  integer  
 232 2015-07  146,760.200 147,021.000 10,349 3,278,140 25754  integer  
 233 2015-08  147,145.500 147,665.400 10,433 3,289,730 25799  integer  
 234 2015-09  147,540.700 148,466.100 10,437 3,319,154 25856  integer  
 235 2015-10  148,057.800 149,452.000 10,550 3,343,568 25885  integer  
 236 2015-11  148,529.500 150,355.700 10,562 3,367,879 25912  integer  
 237 2015-12  149,058.600 151,170.000 10,608 3,388,202 25940  integer  
 238 2016-01  149,419.800 151,762.100 10,692 3,445,588 26086  integer  
 239 2016-02  149,919.300 152,297.400 10,865 3,482,694 26136  integer  
 240 2016-03  150,385.500 152,658.900 11,030 3,525,164 26177  integer  
 241 2016-04  150,930.700 153,178.100 11,051 3,518,340 26213  integer  
 242 2016-05  151,490.100 153,559.700 11,111 3,516,085 26253  integer  
 243 2016-06  151,994.000 153,788.400 11,173 3,480,995 26293  integer  
 244 2016-07  152,374.600 153,589.800 11,237 3,445,168 26323  integer  
 245 2016-08  152,785.900 153,770.100 11,249 3,439,194 26359  integer  
 246 2016-09  153,165.900 153,922.400 11,222 3,452,441 26392  integer  
 247 2016-10  153,674.800 154,682.000 11,245 3,500,544 26445  integer  
 248 2016-11  154,295.900 155,449.800 11,270 3,529,972 26468  integer  
 249 2016-12  154,970.600 156,444.400 11,319 3,578,714 26501  integer  
 250 2017-01  155,449.600 156,989.500 11,312 3,559,861 26636  integer  
 251 2017-02  156,083.100 157,626.000 11,347 3,565,351 26678  integer  
 252 2017-03  156,731.200 158,188.300 11,348 3,541,462 26720  integer  
 253 2017-04  157,521.100 158,833.300 11,300 3,607,764 26745  integer  
 254 2017-05  158,377.000 160,916.300 11,274 3,656,711 26787  integer  
 255 2017-06  159,138.900 161,640.500 11,381 3,712,753 26806  integer  
 256 2017-07  159,725.100 162,071.300 11,620 3,733,032 26834  integer  
 257 2017-08  160,235.900 162,461.400 11,733 3,743,852 26865  integer  
 258 2017-09  160,774.500 163,156.300 11,848 3,739,066 26905  integer  
 259 2017-10  161,440.600 164,217.200 11,841 3,738,626 26959  integer  
 260 2017-11  162,242.700 165,470.200 11,806 3,739,732 26985  integer  
 261 2017-12  163,172.200 166,723.000 11,791 3,740,228 26985  integer  
 262 2018-01  164,085.500 167,879.900 11,819 3,748,157 26985  integer  
 263 2018-02  165,092.800 169,263.200 11,909 3,761,324 26985  integer  
 264 2018-03  166,112.600 170,660.400 11,912 3,795,943 26985  integer  
 265 2018-04  167,145.500 171,768.600 11,844 3,811,571 26985  integer  
 266 2018-05  168,043.100 172,506.500 11,739 3,825,992 26985  integer  
 267 2018-06  168,807.100 172,964.700 11,622 3,828,273 26985  integer  
 268 2018-07  169,375.400 173,222.000 11,564 3,836,781 26985  integer  
 269 2018-08  169,817.200 173,257.400 11,532 3,828,713 26985  integer  
 270 2018-09  170,207.000 173,189.000 11,537 3,828,504 26985  integer  
 271 2018-10  170,655.100 173,252.500 11,560 3,831,975 26985  integer  
 272 2018-11  171,116.300 173,166.200 11,640 3,845,122 26985  integer  
 273 2018-12  171,561.400 172,895.000 11,726 3,856,820 26985  integer  
 274 2019-01  172,032.700 172,569.000 11,818 3,861,753 26985  integer  
 275 2019-02  172,534.800 172,344.000 11,902 3,854,404 26985  integer  
 276 2019-03  173,075.300 172,217.200 11,986 3,870,042 26985  integer  
 277 2019-04  173,667.800 172,288.800 12,063 3,875,189 26985  integer  
 278 2019-05  174,234.100 172,342.300 12,107 3,893,638 26985  integer  
 279 2019-06  174,731.300 172,318.200 12,115 3,885,782 26985  integer  
 280 2019-07  175,035.200 171,793.700 12,078 3,870,880 26985  integer  
 281 2019-08  175,308.000 171,276.500 12,043 3,866,430 26985  integer  
 282 2019-09  175,620.600 170,941.100 12,059 3,864,075 26985  integer  
 283 2019-10  176,018.100 171,017.600 12,058 3,881,059 26985  integer  
 284 2019-11  176,350.200 171,218.600 12,018 3,878,097 26985  integer  
 285 2019-12  176,778.100 171,657.900 11,942 3,881,103 26985  integer  
 286   city                                            26985 character 
 287  county                                           26985 character 
 288   msa                                             26985 character 
 289 stateabb                                          26985 character 
 290 zipcode  48,395.940  27,578.470   602    99,901   26985  integer  
 --------------------------------------------------------------------- 
============================================================================ 

============================================================================ 
File: ../output/places10.csv 
MD5:  2bfa897e7ac3c47d369ef97f9cd3ff83 
Key:  state place 
 
 =============================================================== 
    variable    mean        sd     min    max      N     type    
 --------------------------------------------------------------- 
 1  landarea      0         0       0      0     29261  numeric  
 2   place                                       29261 character 
 3 placename                                     29261 character 
 4 placepop10 7,807.568 65,656.650  0  8,175,133 29261  integer  
 5 placetype                                     29261 character 
 6   state                                       29261 character 
 7  stateabb                                     29261 character 
 --------------------------------------------------------------- 
============================================================================ 

============================================================================ 
File: ../output/zip_places10.csv 
MD5:  8393385a2dac5ddc83cc1082f6350540 
Key:  state place zipcode 
 
 ======================================================================= 
       variable        mean        sd      min    max      N     type    
 ----------------------------------------------------------------------- 
 1       place                                           50404 character 
 2   placehouse10   40,277.930 245,657.500  0  3,371,062 50404  integer  
 3  placepcthouse10   58.502     44.611     0     100    50404  numeric  
 4   placepctpop10    58.512     44.582     0     100    50404  numeric  
 5     relpop10     4,574.070   9,807.037   0   113,916  50404  integer  
 6       state                                           50404 character 
 7      zipcode                                          50404 character 
 8    ziphouse10    6,316.572   6,368.721   0   47,617   50404  integer  
 9   zippcthouse10    33.834     35.241     0     100    50404  numeric  
 10   zippctland      18.153     31.492     0     100    50404  numeric  
 11   zippctpop10     34.106     35.435     0     100    50404  numeric  
 12    zippop10     15,111.310 16,050.860   0   113,916  50404  integer  
 ----------------------------------------------------------------------- 
============================================================================ 

============================================================================ 
File: ../output/zip_county10.csv 
MD5:  05415eb79423017130c26084e863302c 
Key:  state county zipcode 
 
 ================================================================== 
     variable       mean        sd      min   max     N     type    
 ------------------------------------------------------------------ 
 1    county                                        44198 character 
 2  countyname                                      44198 character 
 3     state                                        44198 character 
 4    zipcode    50,163.860 25,976.760 1,001 99,929 44198  integer  
 5 zippcthouse10   73.954     38.639     0    100   44198  numeric  
 6  zippctland     74.639     35.893     0    100   44198  numeric  
 7  zippctpop10    74.313     38.552     0    100   44198  numeric  
 ------------------------------------------------------------------ 
============================================================================ 
