===============================================================================
File: ../output/fd_baseline_predictions.dta
Key: zipcode year month
===============================================================================
  132921:7(28034):3763631149:2058566294

    Variable |        Obs        Mean    Std. Dev.       Min        Max
-------------+---------------------------------------------------------
     zipcode |          0
        year |    132,921    2015.379    2.489502       2010       2020
       month |    132,921    6.550846    3.465987          1         12
    ln_rents |    131,576    .0788818    .4613773  -.8722227   3.100092
   residuals |    131,576    1.58e-17    .0290232  -.2035419   .1690638
-------------+---------------------------------------------------------
   __hdfe1__ |    131,576    .0104427    .0042318  -.0236236   .0255982
p_d_ln_rents |      1,331   -.0029805    .0101691  -.0227121   .0096804




===============================================================================
File: ../output/fd_baseline_predictions.dta
Key: zipcode year month
===============================================================================
  132727:7(28034):1748765402:172896444

    Variable |        Obs        Mean    Std. Dev.       Min        Max
-------------+---------------------------------------------------------
     zipcode |          0
        year |    132,727    2015.379    2.489389       2010       2020
       month |    132,727    6.550642    3.466001          1         12
    ln_rents |    131,382    .0792301    .4615982  -.8722227   3.100092
   residuals |    131,382   -1.33e-17    .0290321  -.2035427   .1690921
-------------+---------------------------------------------------------
   __hdfe1__ |    131,382    .0102176     .004231  -.0238535    .025395
p_d_ln_rents |      1,328   -.0112513     .003086  -.0166977  -.0071757




===============================================================================
File: ../output/fd_baseline_predictions.dta
Key: zipcode year month
===============================================================================
  132727:8(70639):2985457857:2889705129

    Variable |        Obs        Mean    Std. Dev.       Min        Max
-------------+---------------------------------------------------------
     zipcode |          0
        year |    132,727    2015.379    2.489389       2010       2020
       month |    132,727    6.550642    3.466001          1         12
    ln_rents |    131,382    .0792301    .4615982  -.8722227   3.100092
  d_ln_rents |    131,382    .0022324    .0293436  -.1955121   .1641477
-------------+---------------------------------------------------------
   residuals |    131,382   -1.33e-17    .0290321  -.2035427   .1690921
   __hdfe1__ |    131,382    .0102176     .004231  -.0238535    .025395
p_d_ln_rents |      1,328   -.0112513     .003086  -.0166977  -.0071757




