
 make.py started: 2022-03-16 11:59:50 C:\Users\diegog\Desktop\Diego\min_wage_rent\analysis\fd_yearly\code 




Execute:  StataMP-64 /e do "./estimates.do"

  ___  ____  ____  ____  ____ (R)
 /__    /   ____/   /   ____/
___/   /   /___/   /   /___/   15.1   Copyright 1985-2017 StataCorp LLC
  Statistics/Data Analysis            StataCorp
                                      4905 Lakeway Drive
     MP - Parallel Edition            College Station, Texas 77845 USA
                                      800-STATA-PC        http://www.stata.com
                                      979-696-4600        stata@stata.com
                                      979-696-4601 (fax)

Single-user 32-core Stata perpetual license:
       Serial number:  501506205566
         Licensed to:  KU Leuven FEB (CES)
                       KU Leuven

Notes:
      1.  Stata is running in batch mode.
      2.  Unicode is supported; see help unicode_advice.
      3.  More than 2 billion observations are allowed; see help obs_advice.
      4.  Maximum number of variables is set to 5000; see help set_maxvar.


running c:\ado\personal\profile.do ...

. do ./estimates.do 

. clear all

. set more off

. adopath + ../../../lib/stata/min_wage/ado
  [1]  (BASE)      "C:\Program Files\Stata15\ado\base/"
  [2]  (SITE)      "C:\Program Files\Stata15\ado\site/"
  [3]              "."
  [4]  (PERSONAL)  "c:\ado\personal/"
  [5]  (PLUS)      "c:\ado\plus/"
  [6]  (OLDPLACE)  "c:\ado/"
  [7]              "../../../lib/stata/min_wage/ado"

. set maxvar 32000 


. 
. program main
  1.     local in_est "../../../drive/derived_large/estimation_samples"
  2.     local in_zip_yr "../../../drive/derived_large/zipcode_year"
  3.     local outstub "../output"
  4. 
.     define_controls
  5.     local controls "`r(economic_controls)'"
  6.         local avg_controls "ln_emp_bizserv_avg ln_emp_const_avg ln_emp_edu
> he_avg"
  7.         local avg_controls "`avg_controls' ln_emp_fedgov_avg ln_emp_fin_av
> g"
  8.         local avg_controls "`avg_controls' ln_emp_info_avg ln_emp_leis_avg
>  ln_emp_locgov_avg"
  9.         local avg_controls "`avg_controls' ln_emp_manu_avg ln_emp_natres_a
> vg"
 10.         local avg_controls "`avg_controls' ln_emp_stgov_avg ln_emp_transp_
> avg"
 11.     local cluster = "statefips"
 12.     local absorb  = "year##cbsa_num"
 13. 
.     local mw_wkp_var "mw_wkp_tot_17"
 14.         
.     use "`in_zip_yr'/zipcode_year.dta", clear
 15.         get_sample_flags, instub(`in_est')
 16.     xtset zipcode_num year
 17.         
.         gen ln_wkp_jobs_tot = log(wkp_jobs_tot) 
 18.         gen ln_res_jobs_tot = log(res_jobs_tot)
 19. 
.         eststo clear
 20.         eststo: run_model if baseline_sample == 1, depvar(ln_rents_avg) //
> /
>             mw_res(mw_res_avg) mw_wkp(mw_wkp_tot_17_avg) ///
>             controls(`avg_controls') absorb(`absorb') cluster(`cluster')
 21.         
.         eststo: run_model if baseline_sample == 1, depvar(ln_rents) ///
>             mw_res(mw_res) mw_wkp(mw_wkp_tot_17) ///
>             controls(`controls') absorb(`absorb') cluster(`cluster')
 22.                 
.         eststo: run_model if baseline_sample == 1, depvar(ln_safmr2br) ///
>             mw_res(mw_res_avg) mw_wkp(mw_wkp_tot_17_avg) ///
>             controls(`avg_controls') absorb(`absorb') cluster(`cluster')
 23.         
.         eststo: run_model if baseline_sample == 1, depvar(ln_safmr2br) ///
>             mw_res(mw_res) mw_wkp(mw_wkp_tot_17) ///
>             controls(`controls') absorb(`absorb') cluster(`cluster')
 24.         esttab * using "../output/rents.txt", replace ///
>                 se keep(D.mw_res_avg D.mw_wkp_tot_17_avg D.mw_res D.mw_wkp_to
> t_17) ///
>                 star(* 0.10 ** 0.05 *** 0.01)
 25.                 
.         eststo clear
 26.         eststo: run_model, depvar(ln_res_jobs_tot) ///
>             mw_res(mw_res_avg) mw_wkp(mw_wkp_tot_17_avg) ///
>             controls(`avg_controls') absorb(`absorb') cluster(`cluster')
 27.         
.         eststo: run_model, depvar(ln_res_jobs_tot) ///
>             mw_res(mw_res) mw_wkp(mw_wkp_tot_17) ///
>             controls(`controls') absorb(`absorb') cluster(`cluster')
 28.                 
.         eststo: run_model, depvar(ln_wkp_jobs_tot) ///
>             mw_res(mw_res_avg) mw_wkp(mw_wkp_tot_17_avg) ///
>             controls(`avg_controls') absorb(`absorb') cluster(`cluster')
 29.         
.         eststo: run_model, depvar(ln_wkp_jobs_tot) ///
>             mw_res(mw_res) mw_wkp(mw_wkp_tot_17) ///
>             controls(`controls') absorb(`absorb') cluster(`cluster')
 30.         esttab * using "../output/workers.txt", replace ///
>                 se keep(D.mw_res_avg D.mw_wkp_tot_17_avg D.mw_res D.mw_wkp_to
> t_17) ///
>                 star(* 0.10 ** 0.05 *** 0.01)
 31. end

. 
. program get_sample_flags
  1.     syntax, instub(str)
  2.         
.         preserve
  3.             use zipcode year_month year baseline_sample fullbal_sample ///
>                     using "`instub'/zipcode_months.dta", clear
  4.                 bysort zipcode year (year_month): keep if _n == 7
  5.                 drop year_month
  6.                 save "../temp/sample_flags.dta", replace
  7.         restore
  8.         
.         merge 1:1 zipcode year using "../temp/sample_flags.dta", nogen keep(1
>  3)
  9. end

. 
. program run_model
  1.     syntax [if], depvar(str) mw_res(str) mw_wkp(str) ///
>             controls(str) absorb(str) cluster(str)
  2.         
.         reghdfe D.`depvar' D.`mw_res' D.`mw_wkp' D.(`controls') `if', ///
>             absorb(`absorb') cluster(`cluster')
  3. end

. 
. main
(181,503 observations deleted)
(note: file ../temp/sample_flags.dta not found)
file ../temp/sample_flags.dta saved

    Result                           # of obs.
    -----------------------------------------
    not matched                       301,785
        from master                   301,785  
        from using                          0  

    matched                            16,475  
    -----------------------------------------
       panel variable:  zipcode_num (strongly balanced)
        time variable:  year, 2010 to 2019
                delta:  1 unit
(41,593 missing values generated)
(35,551 missing values generated)
(dropped 245 singleton observations)
(MWFE estimator converged in 1 iterations)

HDFE Linear regression                            Number of obs   =      8,306
Absorbing 1 HDFE group                            F(  14,     33) =      13.02
Statistics robust to heteroskedasticity           Prob > F        =     0.0000
                                                  R-squared       =     0.3430
                                                  Adj R-squared   =     0.2867
                                                  Within R-sq.    =     0.0037
Number of clusters (statefips) =         34       Root MSE        =     0.0336

                             (Std. Err. adjusted for 34 clusters in statefips)
------------------------------------------------------------------------------
D.           |               Robust
ln_rents_avg |      Coef.   Std. Err.      t    P>|t|     [95% Conf. Interval]
-------------+----------------------------------------------------------------
  mw_res_avg |
         D1. |   .1089048   .0344728     3.16   0.003     .0387693    .1790403
             |
mw_~t_17_avg |
         D1. |  -.2495559   .0546721    -4.56   0.000    -.3607872   -.1383246
             |
ln_emp_biz~g |
         D1. |  -.0076563   .0112772    -0.68   0.502    -.0305999    .0152872
             |
ln_emp_con~g |
         D1. |  -.0291891   .0189153    -1.54   0.132    -.0676725    .0092943
             |
ln_emp_edu~g |
         D1. |   .0302474   .0360543     0.84   0.408    -.0431056    .1036004
             |
ln_emp_fed~g |
         D1. |  -.0188967   .0114478    -1.65   0.108    -.0421874    .0043941
             |
ln_emp_fin~g |
         D1. |    .031977   .0184916     1.73   0.093    -.0056444    .0695984
             |
ln_emp_inf~g |
         D1. |  -.0061201   .0070579    -0.87   0.392    -.0204794    .0082393
             |
ln_emp_lei~g |
         D1. |   .0401295   .0361769     1.11   0.275    -.0334729    .1137319
             |
ln_emp_loc~g |
         D1. |   .0158646   .0090498     1.75   0.089    -.0025473    .0342766
             |
ln_emp_man~g |
         D1. |  -.0024522   .0088995    -0.28   0.785    -.0205583    .0156539
             |
ln_emp_nat~g |
         D1. |  -.0017318   .0053974    -0.32   0.750     -.012713    .0092494
             |
ln_emp_stg~g |
         D1. |   .0084141   .0073985     1.14   0.264    -.0066382    .0234664
             |
ln_emp_tra~g |
         D1. |   -.019934   .0195355    -1.02   0.315    -.0596792    .0198112
             |
       _cons |   .0305537   .0012871    23.74   0.000      .027935    .0331724
------------------------------------------------------------------------------

Absorbed degrees of freedom:
---------------------------------------------------------+
     Absorbed FE | Categories  - Redundant  = Num. Coefs |
-----------------+---------------------------------------|
   year#cbsa_num |       642           0         642     |
---------------------------------------------------------+
(est1 stored)
(dropped 255 singleton observations)
(MWFE estimator converged in 1 iterations)

HDFE Linear regression                            Number of obs   =      8,130
Absorbing 1 HDFE group                            F(  11,     34) =       2.30
Statistics robust to heteroskedasticity           Prob > F        =     0.0312
                                                  R-squared       =     0.2419
                                                  Adj R-squared   =     0.1779
                                                  Within R-sq.    =     0.0020
Number of clusters (statefips) =         35       Root MSE        =     0.0551

                             (Std. Err. adjusted for 35 clusters in statefips)
------------------------------------------------------------------------------
             |               Robust
  D.ln_rents |      Coef.   Std. Err.      t    P>|t|     [95% Conf. Interval]
-------------+----------------------------------------------------------------
      mw_res |
         D1. |   .1637462   .0731442     2.24   0.032     .0150993     .312393
             |
mw_wkp_to~17 |
         D1. |  -.2709015    .151525    -1.79   0.083    -.5788375    .0370344
             |
ln_emp_biz~v |
         D1. |  -.0195534   .0195047    -1.00   0.323    -.0591917    .0200849
             |
 ln_emp_info |
         D1. |   .0027845   .0102172     0.27   0.787    -.0179794    .0235483
             |
  ln_emp_fin |
         D1. |   .0593901   .0372523     1.59   0.120    -.0163156    .1350959
             |
ln_estcou~rv |
         D1. |  -.0341445   .0373455    -0.91   0.367    -.1100396    .0417506
             |
ln_estcoun~o |
         D1. |    -.01049   .0238065    -0.44   0.662    -.0588706    .0378907
             |
ln_estcoun~n |
         D1. |   -.062469   .0346156    -1.80   0.080    -.1328164    .0078784
             |
ln_avgwwa~rv |
         D1. |  -.0007668   .0203777    -0.04   0.970    -.0421794    .0406457
             |
ln_avgwwag~o |
         D1. |   .0013625    .007533     0.18   0.858    -.0139464    .0166714
             |
ln_avgwwag~n |
         D1. |  -.0159526   .0143647    -1.11   0.275    -.0451452      .01324
             |
       _cons |   .0334508   .0029861    11.20   0.000     .0273823    .0395193
------------------------------------------------------------------------------

Absorbed degrees of freedom:
---------------------------------------------------------+
     Absorbed FE | Categories  - Redundant  = Num. Coefs |
-----------------+---------------------------------------|
   year#cbsa_num |       623           0         623     |
---------------------------------------------------------+
(est2 stored)
(dropped 121 singleton observations)
(MWFE estimator converged in 1 iterations)

HDFE Linear regression                            Number of obs   =      4,434
Absorbing 1 HDFE group                            F(  14,     30) =       7.15
Statistics robust to heteroskedasticity           Prob > F        =     0.0000
                                                  R-squared       =     0.5044
                                                  Adj R-squared   =     0.4647
                                                  Within R-sq.    =     0.0043
Number of clusters (statefips) =         31       Root MSE        =     0.0358

                             (Std. Err. adjusted for 31 clusters in statefips)
------------------------------------------------------------------------------
D.           |               Robust
 ln_safmr2br |      Coef.   Std. Err.      t    P>|t|     [95% Conf. Interval]
-------------+----------------------------------------------------------------
  mw_res_avg |
         D1. |   -.046816    .182905    -0.26   0.800    -.4203579    .3267258
             |
mw_~t_17_avg |
         D1. |   .2227944   .3066914     0.73   0.473    -.4035529    .8491417
             |
ln_emp_biz~g |
         D1. |   .0505865    .016479     3.07   0.005     .0169319    .0842411
             |
ln_emp_con~g |
         D1. |  -.0453056   .0206478    -2.19   0.036     -.087474   -.0031373
             |
ln_emp_edu~g |
         D1. |  -.0111172   .0234284    -0.47   0.639    -.0589644      .03673
             |
ln_emp_fed~g |
         D1. |  -.0013749   .0086231    -0.16   0.874    -.0189856    .0162358
             |
ln_emp_fin~g |
         D1. |   .0153905   .0266346     0.58   0.568    -.0390047    .0697856
             |
ln_emp_inf~g |
         D1. |  -.0069069   .0095439    -0.72   0.475    -.0263982    .0125844
             |
ln_emp_lei~g |
         D1. |   .0359494   .0262969     1.37   0.182    -.0177559    .0896548
             |
ln_emp_loc~g |
         D1. |   .0014592   .0018931     0.77   0.447    -.0024071    .0053255
             |
ln_emp_man~g |
         D1. |   .0037174   .0105052     0.35   0.726    -.0177371    .0251719
             |
ln_emp_nat~g |
         D1. |  -.0082481   .0088536    -0.93   0.359    -.0263296    .0098334
             |
ln_emp_stg~g |
         D1. |  -.0023635    .006988    -0.34   0.738    -.0166348    .0119079
             |
ln_emp_tra~g |
         D1. |  -.0142192   .0349394    -0.41   0.687    -.0855749    .0571365
             |
       _cons |   .0241581    .003181     7.59   0.000     .0176616    .0306545
------------------------------------------------------------------------------

Absorbed degrees of freedom:
---------------------------------------------------------+
     Absorbed FE | Categories  - Redundant  = Num. Coefs |
-----------------+---------------------------------------|
   year#cbsa_num |       316           0         316     |
---------------------------------------------------------+
(est3 stored)
(dropped 125 singleton observations)
(MWFE estimator converged in 1 iterations)

HDFE Linear regression                            Number of obs   =      4,568
Absorbing 1 HDFE group                            F(  11,     33) =       4.36
Statistics robust to heteroskedasticity           Prob > F        =     0.0005
                                                  R-squared       =     0.5049
                                                  Adj R-squared   =     0.4662
                                                  Within R-sq.    =     0.0055
Number of clusters (statefips) =         34       Root MSE        =     0.0355

                             (Std. Err. adjusted for 34 clusters in statefips)
------------------------------------------------------------------------------
D.           |               Robust
 ln_safmr2br |      Coef.   Std. Err.      t    P>|t|     [95% Conf. Interval]
-------------+----------------------------------------------------------------
      mw_res |
         D1. |  -.0140255   .1212319    -0.12   0.909    -.2606736    .2326226
             |
mw_wkp_to~17 |
         D1. |    .130074   .2102097     0.62   0.540    -.2976009    .5577488
             |
ln_emp_biz~v |
         D1. |   .0439029   .0129249     3.40   0.002      .017607    .0701988
             |
 ln_emp_info |
         D1. |  -.0150829    .009601    -1.57   0.126    -.0346163    .0044505
             |
  ln_emp_fin |
         D1. |  -.0231865   .0202083    -1.15   0.259    -.0643007    .0179276
             |
ln_estcou~rv |
         D1. |  -.0147954   .0406331    -0.36   0.718    -.0974641    .0678733
             |
ln_estcoun~o |
         D1. |   .0198178   .0148386     1.34   0.191    -.0103715    .0500071
             |
ln_estcoun~n |
         D1. |  -.0064566   .0433043    -0.15   0.882    -.0945598    .0816466
             |
ln_avgwwa~rv |
         D1. |  -.0047754    .025815    -0.18   0.854    -.0572964    .0477455
             |
ln_avgwwag~o |
         D1. |   .0221663   .0085759     2.58   0.014     .0047185    .0396141
             |
ln_avgwwag~n |
         D1. |   .0365076   .0269875     1.35   0.185     -.018399    .0914141
             |
       _cons |   .0221568    .002434     9.10   0.000     .0172048    .0271087
------------------------------------------------------------------------------

Absorbed degrees of freedom:
---------------------------------------------------------+
     Absorbed FE | Categories  - Redundant  = Num. Coefs |
-----------------+---------------------------------------|
   year#cbsa_num |       321           0         321     |
---------------------------------------------------------+
(est4 stored)
(note: file ../output/rents.txt not found)
(output written to ../output/rents.txt)
(dropped 64 singleton observations)
(MWFE estimator converged in 1 iterations)

HDFE Linear regression                            Number of obs   =    201,671
Absorbing 1 HDFE group                            F(  14,     49) =       7.85
Statistics robust to heteroskedasticity           Prob > F        =     0.0000
                                                  R-squared       =     0.4177
                                                  Adj R-squared   =     0.3975
                                                  Within R-sq.    =     0.0008
Number of clusters (statefips) =         50       Root MSE        =     0.1963

                             (Std. Err. adjusted for 50 clusters in statefips)
------------------------------------------------------------------------------
D.           |               Robust
ln_res_job~t |      Coef.   Std. Err.      t    P>|t|     [95% Conf. Interval]
-------------+----------------------------------------------------------------
  mw_res_avg |
         D1. |   .0503512   .0646293     0.78   0.440    -.0795263    .1802287
             |
mw_~t_17_avg |
         D1. |  -.0237927    .099696    -0.24   0.812    -.2241392    .1765539
             |
ln_emp_biz~g |
         D1. |   .0040511   .0059909     0.68   0.502     -.007988    .0160902
             |
ln_emp_con~g |
         D1. |   .0294138   .0147974     1.99   0.052    -.0003227    .0591503
             |
ln_emp_edu~g |
         D1. |   .0094066   .0167186     0.56   0.576    -.0241907    .0430039
             |
ln_emp_fed~g |
         D1. |   .0289966   .0299374     0.97   0.338    -.0311648    .0891581
             |
ln_emp_fin~g |
         D1. |   .0095717   .0136808     0.70   0.487    -.0179209    .0370643
             |
ln_emp_inf~g |
         D1. |    .007373    .005625     1.31   0.196    -.0039309     .018677
             |
ln_emp_lei~g |
         D1. |   .0540978   .0203602     2.66   0.011     .0131824    .0950132
             |
ln_emp_loc~g |
         D1. |   .0588629   .0128965     4.56   0.000     .0329464    .0847794
             |
ln_emp_man~g |
         D1. |   .0102043   .0093144     1.10   0.279    -.0085137    .0289223
             |
ln_emp_nat~g |
         D1. |   .0079899   .0072098     1.11   0.273    -.0064987    .0224785
             |
ln_emp_stg~g |
         D1. |  -.0021631   .0060975    -0.35   0.724    -.0144164    .0100903
             |
ln_emp_tra~g |
         D1. |   .0401337   .0215077     1.87   0.068    -.0030876    .0833551
             |
       _cons |   .0168725   .0024276     6.95   0.000      .011994     .021751
------------------------------------------------------------------------------

Absorbed degrees of freedom:
---------------------------------------------------------+
     Absorbed FE | Categories  - Redundant  = Num. Coefs |
-----------------+---------------------------------------|
   year#cbsa_num |      6747           0        6747     |
---------------------------------------------------------+
(est1 stored)
(dropped 64 singleton observations)
(MWFE estimator converged in 1 iterations)

HDFE Linear regression                            Number of obs   =    219,250
Absorbing 1 HDFE group                            F(  11,     50) =       2.34
Statistics robust to heteroskedasticity           Prob > F        =     0.0203
                                                  R-squared       =     0.3937
                                                  Adj R-squared   =     0.3730
                                                  Within R-sq.    =     0.0007
Number of clusters (statefips) =         51       Root MSE        =     0.2010

                             (Std. Err. adjusted for 51 clusters in statefips)
------------------------------------------------------------------------------
D.           |               Robust
ln_res_job~t |      Coef.   Std. Err.      t    P>|t|     [95% Conf. Interval]
-------------+----------------------------------------------------------------
      mw_res |
         D1. |  -.0140341   .0506657    -0.28   0.783    -.1157992     .087731
             |
mw_wkp_to~17 |
         D1. |   .1036351   .1062854     0.98   0.334    -.1098455    .3171156
             |
ln_emp_biz~v |
         D1. |   .0012979    .006457     0.20   0.842    -.0116714    .0142673
             |
 ln_emp_info |
         D1. |    .004561   .0048463     0.94   0.351    -.0051732    .0142951
             |
  ln_emp_fin |
         D1. |    .025502   .0252679     1.01   0.318    -.0252501    .0762542
             |
ln_estcou~rv |
         D1. |   .0356529   .0163915     2.18   0.034     .0027297    .0685761
             |
ln_estcoun~o |
         D1. |   .0096876   .0122762     0.79   0.434    -.0149698    .0343451
             |
ln_estcoun~n |
         D1. |   .0814385   .0322908     2.52   0.015     .0165806    .1462964
             |
ln_avgwwa~rv |
         D1. |  -.0101794   .0116783    -0.87   0.388    -.0336358    .0132771
             |
ln_avgwwag~o |
         D1. |  -.0175865    .008395    -2.09   0.041    -.0344483   -.0007246
             |
ln_avgwwag~n |
         D1. |   .0184773   .0160725     1.15   0.256    -.0138053      .05076
             |
       _cons |     .01562   .0025443     6.14   0.000     .0105097    .0207303
------------------------------------------------------------------------------

Absorbed degrees of freedom:
---------------------------------------------------------+
     Absorbed FE | Categories  - Redundant  = Num. Coefs |
-----------------+---------------------------------------|
   year#cbsa_num |      7205           0        7205     |
---------------------------------------------------------+
(est2 stored)
(dropped 62 singleton observations)
(MWFE estimator converged in 1 iterations)

HDFE Linear regression                            Number of obs   =    198,500
Absorbing 1 HDFE group                            F(  14,     49) =      30.73
Statistics robust to heteroskedasticity           Prob > F        =     0.0000
                                                  R-squared       =     0.0332
                                                  Adj R-squared   =    -0.0011
                                                  Within R-sq.    =     0.0009
Number of clusters (statefips) =         50       Root MSE        =     0.4289

                             (Std. Err. adjusted for 50 clusters in statefips)
------------------------------------------------------------------------------
D.           |               Robust
ln_wkp_job~t |      Coef.   Std. Err.      t    P>|t|     [95% Conf. Interval]
-------------+----------------------------------------------------------------
  mw_res_avg |
         D1. |   .1394124   .1244112     1.12   0.268    -.1106014    .3894261
             |
mw_~t_17_avg |
         D1. |  -.2016884   .1586052    -1.27   0.210    -.5204175    .1170407
             |
ln_emp_biz~g |
         D1. |   .0321181   .0146512     2.19   0.033     .0026755    .0615607
             |
ln_emp_con~g |
         D1. |   .0532508   .0112123     4.75   0.000     .0307188    .0757828
             |
ln_emp_edu~g |
         D1. |   .0193267    .024902     0.78   0.441    -.0307157    .0693692
             |
ln_emp_fed~g |
         D1. |  -.0007375    .018863    -0.04   0.969    -.0386441    .0371692
             |
ln_emp_fin~g |
         D1. |   .0600708   .0220843     2.72   0.009     .0156907     .104451
             |
ln_emp_inf~g |
         D1. |  -.0051081    .008729    -0.59   0.561    -.0226496    .0124334
             |
ln_emp_lei~g |
         D1. |   .0955621   .0236164     4.05   0.000     .0481031    .1430211
             |
ln_emp_loc~g |
         D1. |   .1028643    .010048    10.24   0.000     .0826722    .1230565
             |
ln_emp_man~g |
         D1. |   .0360888   .0160149     2.25   0.029     .0039056     .068272
             |
ln_emp_nat~g |
         D1. |   .0525681   .0104904     5.01   0.000     .0314868    .0736493
             |
ln_emp_stg~g |
         D1. |   .0036838   .0103687     0.36   0.724    -.0171529    .0245204
             |
ln_emp_tra~g |
         D1. |   .1600142   .0341159     4.69   0.000     .0914559    .2285726
             |
       _cons |   .0126387   .0014288     8.85   0.000     .0097675      .01551
------------------------------------------------------------------------------

Absorbed degrees of freedom:
---------------------------------------------------------+
     Absorbed FE | Categories  - Redundant  = Num. Coefs |
-----------------+---------------------------------------|
   year#cbsa_num |      6799           0        6799     |
---------------------------------------------------------+
(est3 stored)
(dropped 62 singleton observations)
(MWFE estimator converged in 1 iterations)

HDFE Linear regression                            Number of obs   =    215,451
Absorbing 1 HDFE group                            F(  11,     50) =       2.31
Statistics robust to heteroskedasticity           Prob > F        =     0.0221
                                                  R-squared       =     0.0312
                                                  Adj R-squared   =    -0.0027
                                                  Within R-sq.    =     0.0001
Number of clusters (statefips) =         51       Root MSE        =     0.4366

                             (Std. Err. adjusted for 51 clusters in statefips)
------------------------------------------------------------------------------
D.           |               Robust
ln_wkp_job~t |      Coef.   Std. Err.      t    P>|t|     [95% Conf. Interval]
-------------+----------------------------------------------------------------
      mw_res |
         D1. |   .1082735   .1081713     1.00   0.322    -.1089951     .325542
             |
mw_wkp_to~17 |
         D1. |  -.1415919   .1359193    -1.04   0.303    -.4145938      .13141
             |
ln_emp_biz~v |
         D1. |   .0263168   .0116723     2.25   0.029     .0028722    .0497614
             |
 ln_emp_info |
         D1. |  -.0041816   .0076021    -0.55   0.585    -.0194509    .0110878
             |
  ln_emp_fin |
         D1. |   .0448723   .0209976     2.14   0.038     .0026975    .0870472
             |
ln_estcou~rv |
         D1. |   .0376997   .0287579     1.31   0.196    -.0200623    .0954616
             |
ln_estcoun~o |
         D1. |   .0144679   .0136667     1.06   0.295    -.0129824    .0419182
             |
ln_estcoun~n |
         D1. |  -.0110437   .0344867    -0.32   0.750    -.0803123    .0582249
             |
ln_avgwwa~rv |
         D1. |   .0129909   .0145275     0.89   0.375    -.0161885    .0421703
             |
ln_avgwwag~o |
         D1. |  -.0075653   .0095575    -0.79   0.432     -.026762    .0116315
             |
ln_avgwwag~n |
         D1. |   .0319062   .0224832     1.42   0.162    -.0132527    .0770651
             |
       _cons |    .016328    .001376    11.87   0.000     .0135642    .0190918
------------------------------------------------------------------------------

Absorbed degrees of freedom:
---------------------------------------------------------+
     Absorbed FE | Categories  - Redundant  = Num. Coefs |
-----------------+---------------------------------------|
   year#cbsa_num |      7260           0        7260     |
---------------------------------------------------------+
(est4 stored)
(note: file ../output/workers.txt not found)
(output written to ../output/workers.txt)

. 
end of do-file

 make.py ended: 2022-03-16 12:00:20
