============================================================================
File: ../temp/fd_rent_panel.dta
Key: zipcode year_month
============================================================================
  156600:47(60272):2578519336:4221244378

    Variable |        Obs        Mean    Std. Dev.       Min        Max
-------------+---------------------------------------------------------
     zipcode |    156,600    51920.57    29185.78       2113      99577
  year_month |    156,600       659.5    34.63992        600        719
  place_code |    129,840    40657.65    22564.03        410      87240
  countyfips |    156,240    24077.04    16484.28       1003      56021
   statefips |    156,600    23.97854    16.42626          1         56
-------------+---------------------------------------------------------
   actual_mw |    156,600     8.07779    1.207718       7.25         16
  dactual_mw |    156,600    .0152048    .1121804          0       2.21
calendar_m~h |    156,600         6.5    3.452064          1         12
         msa |    156,600    436.1801    240.1675         12        860
       trend |    156,600       225.5    34.63992        166        285
-------------+---------------------------------------------------------
    trend_sq |    156,600    52050.17    15659.42      27556      81225
    trend_cu |    156,600    1.23e+07     5408203    4574296   2.31e+07
medrentpri~c |    113,375    1.188344    .7824813   .4180214   6.731387
medrentpri~r |     24,789     1.84165    .9184999   .5015197   6.499599
medrentpri~s |     37,588    1.842276    1.001968   .5106889    6.48415
-------------+---------------------------------------------------------
white_s~2010 |    156,600    .5392018    .2225559   .0037838   .9401773
black_s~2010 |    156,600     .165993    .2003044    .003148   .9753076
teen_sh~2010 |    156,600    .1391686    .0481773   .0154552   .6235335
renthou~2010 |    156,600    .3834818     .176359   .0644567   .9662035
work_c~20105 |    156,600    .7557563    .2036341   .1421741    .995271
-------------+---------------------------------------------------------
colleg~20105 |    156,600    .4447718    .1662964   .0856991   .9082218
unemp_~20105 |    156,600    .0918395    .0398028   .0211286   .3417086
med_hh~20105 |    156,600    66919.72    24575.33   20527.66   191553.2
sh_treated~b |    156,600    .0338116    .1714027          0   .9977041
sh_treated~g |    156,600    .0337431    .1708868          0   .9984402
-------------+---------------------------------------------------------
sh_treated~c |    156,600    .0336759    .1707487          0   .9975428
exp_mw_tot~b |    156,600    8.051348    1.183335   6.378569   14.73062
exp_mw_job~g |    156,600    8.050165    1.174684   6.330423   14.81305
exp_mw_job~c |    156,600    8.051731    1.168876   5.999625   14.63397
       ln_mw |    156,600    2.079602    .1327775   1.981001   2.772589
-------------+---------------------------------------------------------
ln_med_ren~c |    113,375    .0472541    .4493362  -.8722228   1.906781
ln_exp_mw_~b |    156,600    2.076519    .1318234   1.852944   2.689929
ln_exp_mw_~g |    156,600    2.076499    .1309343   1.845367   2.695508
ln_exp_mw_~c |    156,600    2.076782    .1303161   1.791697   2.683345
nonwhit~2010 |    156,600    .4607982    .2225559   .0598227   .9962162
-------------+---------------------------------------------------------
trend_times2 |    156,600         451    69.27985        332        570
med_h~at_qtl |    156,600    2.498851     1.11838          1          4
med_h~st_qtl |    156,600    2.467433    1.120644          1          4
unemp~at_qtl |    156,600    2.498851     1.11838          1          4
unemp~st_qtl |    156,600    2.467433    1.120644          1          4
-------------+---------------------------------------------------------
colle~at_qtl |    156,600    2.498851     1.11838          1          4
colle~st_qtl |    156,600    2.467433    1.120644          1          4
black~at_qtl |    156,600    2.498851     1.11838          1          4
black~st_qtl |    156,600    2.467433    1.120644          1          4
teen_~at_qtl |    156,600    2.498851     1.11838          1          4
-------------+---------------------------------------------------------
teen_~st_qtl |    156,600    2.467433    1.120644          1          4
     d_ln_mw |    155,295    .0016445    .0119584   -.290338   .2412503




============================================================================
File: ../temp/fd_rent_panel.dta
Key: zipcode year_month
============================================================================
  156600:50(27713):2988955575:1467035829

    Variable |        Obs        Mean    Std. Dev.       Min        Max
-------------+---------------------------------------------------------
     zipcode |    156,600    51920.57    29185.78       2113      99577
  year_month |    156,600       659.5    34.63992        600        719
  place_code |    129,840    40657.65    22564.03        410      87240
  countyfips |    156,240    24077.04    16484.28       1003      56021
   statefips |    156,600    23.97854    16.42626          1         56
-------------+---------------------------------------------------------
   actual_mw |    156,600     8.07779    1.207718       7.25         16
  dactual_mw |    156,600    .0152048    .1121804          0       2.21
calendar_m~h |    156,600         6.5    3.452064          1         12
         msa |    156,600    436.1801    240.1675         12        860
       trend |    156,600       225.5    34.63992        166        285
-------------+---------------------------------------------------------
    trend_sq |    156,600    52050.17    15659.42      27556      81225
    trend_cu |    156,600    1.23e+07     5408203    4574296   2.31e+07
medrentpri~c |    113,375    1.188344    .7824813   .4180214   6.731387
medrentpri~r |     24,789     1.84165    .9184999   .5015197   6.499599
medrentpri~s |     37,588    1.842276    1.001968   .5106889    6.48415
-------------+---------------------------------------------------------
white_s~2010 |    156,600    .5392018    .2225559   .0037838   .9401773
black_s~2010 |    156,600     .165993    .2003044    .003148   .9753076
teen_sh~2010 |    156,600    .1391686    .0481773   .0154552   .6235335
renthou~2010 |    156,600    .3834818     .176359   .0644567   .9662035
work_c~20105 |    156,600    .7557563    .2036341   .1421741    .995271
-------------+---------------------------------------------------------
colleg~20105 |    156,600    .4447718    .1662964   .0856991   .9082218
unemp_~20105 |    156,600    .0918395    .0398028   .0211286   .3417086
med_hh~20105 |    156,600    66919.72    24575.33   20527.66   191553.2
sh_treated~b |    156,600    .0338116    .1714027          0   .9977041
sh_treated~g |    156,600    .0337431    .1708868          0   .9984402
-------------+---------------------------------------------------------
sh_treated~c |    156,600    .0336759    .1707487          0   .9975428
exp_mw_tot~b |    156,600    8.051348    1.183335   6.378569   14.73062
Dexp_mw_to~b |    155,295    .0154906    .1014163  -.8778322   1.929518
exp_mw_job~g |    156,600    8.050165    1.174684   6.330423   14.81305
Dexp_mw_jo~g |    155,295    .0153985    .1007623   -1.04385    1.93538
-------------+---------------------------------------------------------
exp_mw_job~c |    156,600    8.051731    1.168876   5.999625   14.63397
Dexp_mw_jo~c |    155,295    .0153226    .1005358   -.925309   1.928661
       ln_mw |    156,600    2.079602    .1327775   1.981001   2.772589
ln_med_ren~c |    113,375    .0472541    .4493362  -.8722228   1.906781
ln_exp_mw_~b |    156,600    2.076519    .1318234   1.852944   2.689929
-------------+---------------------------------------------------------
ln_exp_mw_~g |    156,600    2.076499    .1309343   1.845367   2.695508
ln_exp_mw_~c |    156,600    2.076782    .1303161   1.791697   2.683345
nonwhit~2010 |    156,600    .4607982    .2225559   .0598227   .9962162
trend_times2 |    156,600         451    69.27985        332        570
med_h~at_qtl |    156,600    2.498851     1.11838          1          4
-------------+---------------------------------------------------------
med_h~st_qtl |    156,600    2.467433    1.120644          1          4
unemp~at_qtl |    156,600    2.498851     1.11838          1          4
unemp~st_qtl |    156,600    2.467433    1.120644          1          4
colle~at_qtl |    156,600    2.498851     1.11838          1          4
colle~st_qtl |    156,600    2.467433    1.120644          1          4
-------------+---------------------------------------------------------
black~at_qtl |    156,600    2.498851     1.11838          1          4
black~st_qtl |    156,600    2.467433    1.120644          1          4
teen_~at_qtl |    156,600    2.498851     1.11838          1          4
teen_~st_qtl |    156,600    2.467433    1.120644          1          4
     d_ln_mw |    155,295    .0016445    .0119584   -.290338   .2412503




============================================================================
File: ../temp/fd_rent_panel.dta
Key: zipcode year_month
============================================================================
  156600:51(56348):3029596741:1096406431

    Variable |        Obs        Mean    Std. Dev.       Min        Max
-------------+---------------------------------------------------------
     zipcode |    156,600    51920.57    29185.78       2113      99577
  year_month |    156,600       659.5    34.63992        600        719
  place_code |    129,840    40657.65    22564.03        410      87240
  countyfips |    156,240    24077.04    16484.28       1003      56021
   statefips |    156,600    23.97854    16.42626          1         56
-------------+---------------------------------------------------------
   actual_mw |    156,600     8.07779    1.207718       7.25         16
  dactual_mw |    156,600    .0152048    .1121804          0       2.21
calendar_m~h |    156,600         6.5    3.452064          1         12
         msa |    156,600    436.1801    240.1675         12        860
       trend |    156,600       225.5    34.63992        166        285
-------------+---------------------------------------------------------
    trend_sq |    156,600    52050.17    15659.42      27556      81225
    trend_cu |    156,600    1.23e+07     5408203    4574296   2.31e+07
medrentpri~c |    113,375    1.188344    .7824813   .4180214   6.731387
medrentpri~r |     24,789     1.84165    .9184999   .5015197   6.499599
medrentpri~s |     37,588    1.842276    1.001968   .5106889    6.48415
-------------+---------------------------------------------------------
white_s~2010 |    156,600    .5392018    .2225559   .0037838   .9401773
black_s~2010 |    156,600     .165993    .2003044    .003148   .9753076
teen_sh~2010 |    156,600    .1391686    .0481773   .0154552   .6235335
renthou~2010 |    156,600    .3834818     .176359   .0644567   .9662035
work_c~20105 |    156,600    .7557563    .2036341   .1421741    .995271
-------------+---------------------------------------------------------
colleg~20105 |    156,600    .4447718    .1662964   .0856991   .9082218
unemp_~20105 |    156,600    .0918395    .0398028   .0211286   .3417086
med_hh~20105 |    156,600    66919.72    24575.33   20527.66   191553.2
sh_treated~b |    156,600    .0338116    .1714027          0   .9977041
sh_treated~g |    156,600    .0337431    .1708868          0   .9984402
-------------+---------------------------------------------------------
sh_treated~c |    156,600    .0336759    .1707487          0   .9975428
exp_mw_tot~b |    156,600    8.051348    1.183335   6.378569   14.73062
Dexp_mw_to~b |    155,295    .0154906    .1014163  -.8778322   1.929518
exp_mw_job~g |    156,600    8.050165    1.174684   6.330423   14.81305
Dexp_mw_jo~g |    155,295    .0153985    .1007623   -1.04385    1.93538
-------------+---------------------------------------------------------
exp_mw_job~c |    156,600    8.051731    1.168876   5.999625   14.63397
Dexp_mw_jo~c |    155,295    .0153226    .1005358   -.925309   1.928661
       ln_mw |    156,600    2.079602    .1327775   1.981001   2.772589
ln_med_ren~c |    113,375    .0472541    .4493362  -.8722228   1.906781
ln_exp_mw_~b |    156,600    2.076519    .1318234   1.852944   2.689929
-------------+---------------------------------------------------------
ln_exp_mw_~g |    156,600    2.076499    .1309343   1.845367   2.695508
ln_exp_mw_~c |    156,600    2.076782    .1303161   1.791697   2.683345
nonwhit~2010 |    156,600    .4607982    .2225559   .0598227   .9962162
trend_times2 |    156,600         451    69.27985        332        570
med_h~at_qtl |    156,600    2.498851     1.11838          1          4
-------------+---------------------------------------------------------
med_h~st_qtl |    156,600    2.467433    1.120644          1          4
unemp~at_qtl |    156,600    2.498851     1.11838          1          4
unemp~st_qtl |    156,600    2.467433    1.120644          1          4
colle~at_qtl |    156,600    2.498851     1.11838          1          4
colle~st_qtl |    156,600    2.467433    1.120644          1          4
-------------+---------------------------------------------------------
black~at_qtl |    156,600    2.498851     1.11838          1          4
black~st_qtl |    156,600    2.467433    1.120644          1          4
teen_~at_qtl |    156,600    2.498851     1.11838          1          4
teen_~st_qtl |    156,600    2.467433    1.120644          1          4
  ziptreated |    156,600    .6413793    .4795971          0          1
-------------+---------------------------------------------------------
     d_ln_mw |    155,295    .0016445    .0119584   -.290338   .2412503




============================================================================
File: ../temp/fd_rent_panel.dta
Key: zipcode year_month
============================================================================
  552477:54(55151):592310885:2379773775

    Variable |        Obs        Mean    Std. Dev.       Min        Max
-------------+---------------------------------------------------------
     zipcode |    552,477    53537.25    30554.29       1060      99705
  year_month |    552,477    659.5003    34.63966        600        719
  place_code |    453,837    41994.73    23168.35        100      88940
  countyfips |    551,157    25881.72    16485.24       1001      56021
   statefips |    552,477    25.79028    16.43845          1         56
-------------+---------------------------------------------------------
medrentpri~r |     92,792    1.682865     .803698   .5015197   12.55461
medrentpri~c |    197,978    1.303812    1.033133   .1091193   23.96932
medrentpri~s |    146,858    1.736677     .849114   .3150482   12.55435
   actual_mw |    552,477    8.200625     1.36035       7.25         16
  dactual_mw |    552,473     .017035    .1206529          0       3.25
-------------+---------------------------------------------------------
calendar_m~h |    552,477     6.50003    3.452041          1         12
         msa |    552,357    442.6709     239.245          2        860
       trend |    552,477    225.5003    34.63966        166        285
    trend_sq |    552,477     52050.3    15659.32      27556      81225
    trend_cu |    552,477    1.23e+07     5408175    4574296   2.31e+07
-------------+---------------------------------------------------------
  entry_sfcc |    397,920    660.2961    34.20743        601        708
   entry_2br |    286,919    681.1911    24.64555        601        708
entry_mfr5~s |    403,797    676.3571    27.37039        601        708
white_s~2010 |    551,997     .589158    .2409829   .0037838   .9748839
black_s~2010 |    551,997    .1447029     .191157   .0009378   .9753076
-------------+---------------------------------------------------------
teen_sh~2010 |    551,997    .1435812    .0597506   .0043567   .8476887
renthou~2010 |    551,997    .4013557    .1759362   .0608285   .9884645
work_c~20105 |    551,997     .755335    .1942749   .1248519    .998565
colleg~20105 |    551,997    .4360505    .1674601   .0580171   .9082218
unemp_~20105 |    551,997    .0910327    .0394144   .0116481   .3669472
-------------+---------------------------------------------------------
med_hh~20105 |    551,997    64289.41    25477.42   12404.68   214212.3
sh_treated~b |    551,997     .033672    .1683712          0   .9977041
sh_treated~g |    551,997     .033565    .1675996          0   .9984402
sh_treated~c |    551,997    .0335036    .1682414          0   .9986877
exp_mw_tot~b |    551,997    8.177137    1.332234   6.378569   14.86775
-------------+---------------------------------------------------------
Dexp_mw_to~b |    547,397    .0173095    .1068619  -1.954923   1.929518
exp_mw_job~g |    551,997    8.174511    1.320408   6.330423   15.03916
Dexp_mw_jo~g |    547,397    .0171807    .1057822  -1.879316    1.93538
exp_mw_job~c |    551,997    8.173005    1.315101   5.999625   14.88287
Dexp_mw_jo~c |    547,397    .0171124    .1064989  -1.853073   1.928661
-------------+---------------------------------------------------------
       ln_mw |    552,477    2.092554    .1468084   1.981001   2.772589
ln_med_ren~c |    197,978    .1260564    .4678614  -2.215314   3.176775
ln_exp_mw_~b |    551,997    2.089931    .1457305   1.852944   2.699195
ln_exp_mw_~g |    551,997    2.089795    .1445701   1.845367   2.710657
ln_exp_mw_~c |    551,997    2.089695    .1440232   1.791697   2.700211
-------------+---------------------------------------------------------
nonwhit~2010 |    551,997     .410842    .2409829   .0251161   .9962162
trend_times2 |    552,477    451.0006    69.27932        332        570
med_h~at_qtl |    551,997    2.499352    1.118034          1          4
med_h~st_qtl |    551,997     2.48957    1.117597          1          4
unemp~at_qtl |    551,997     2.49978    1.118227          1          4
-------------+---------------------------------------------------------
unemp~st_qtl |    551,997     2.48978    1.117791          1          4
colle~at_qtl |    551,997    2.499568    1.118227          1          4
colle~st_qtl |    551,997    2.489785    1.117791          1          4
black~at_qtl |    551,997    2.499995    1.118036          1          4
black~st_qtl |    551,997    2.489564    1.117404          1          4
-------------+---------------------------------------------------------
teen_~at_qtl |    551,997     2.49978    1.118227          1          4
teen_~st_qtl |    551,997    2.489782    1.117793          1          4
  ziptreated |    552,477    .6548689    .4754114          0          1
     d_ln_mw |    547,873    .0017993    .0125654   -.331534   .3083012




============================================================================
File: ../temp/fd_rent_panel.dta
Key: zipcode year_month
============================================================================
  156600:51(56348):3029596741:1096406431

    Variable |        Obs        Mean    Std. Dev.       Min        Max
-------------+---------------------------------------------------------
     zipcode |    156,600    51920.57    29185.78       2113      99577
  year_month |    156,600       659.5    34.63992        600        719
  place_code |    129,840    40657.65    22564.03        410      87240
  countyfips |    156,240    24077.04    16484.28       1003      56021
   statefips |    156,600    23.97854    16.42626          1         56
-------------+---------------------------------------------------------
   actual_mw |    156,600     8.07779    1.207718       7.25         16
  dactual_mw |    156,600    .0152048    .1121804          0       2.21
calendar_m~h |    156,600         6.5    3.452064          1         12
         msa |    156,600    436.1801    240.1675         12        860
       trend |    156,600       225.5    34.63992        166        285
-------------+---------------------------------------------------------
    trend_sq |    156,600    52050.17    15659.42      27556      81225
    trend_cu |    156,600    1.23e+07     5408203    4574296   2.31e+07
medrentpri~c |    113,375    1.188344    .7824813   .4180214   6.731387
medrentpri~r |     24,789     1.84165    .9184999   .5015197   6.499599
medrentpri~s |     37,588    1.842276    1.001968   .5106889    6.48415
-------------+---------------------------------------------------------
white_s~2010 |    156,600    .5392018    .2225559   .0037838   .9401773
black_s~2010 |    156,600     .165993    .2003044    .003148   .9753076
teen_sh~2010 |    156,600    .1391686    .0481773   .0154552   .6235335
renthou~2010 |    156,600    .3834818     .176359   .0644567   .9662035
work_c~20105 |    156,600    .7557563    .2036341   .1421741    .995271
-------------+---------------------------------------------------------
colleg~20105 |    156,600    .4447718    .1662964   .0856991   .9082218
unemp_~20105 |    156,600    .0918395    .0398028   .0211286   .3417086
med_hh~20105 |    156,600    66919.72    24575.33   20527.66   191553.2
sh_treated~b |    156,600    .0338116    .1714027          0   .9977041
sh_treated~g |    156,600    .0337431    .1708868          0   .9984402
-------------+---------------------------------------------------------
sh_treated~c |    156,600    .0336759    .1707487          0   .9975428
exp_mw_tot~b |    156,600    8.051348    1.183335   6.378569   14.73062
Dexp_mw_to~b |    155,295    .0154906    .1014163  -.8778322   1.929518
exp_mw_job~g |    156,600    8.050165    1.174684   6.330423   14.81305
Dexp_mw_jo~g |    155,295    .0153985    .1007623   -1.04385    1.93538
-------------+---------------------------------------------------------
exp_mw_job~c |    156,600    8.051731    1.168876   5.999625   14.63397
Dexp_mw_jo~c |    155,295    .0153226    .1005358   -.925309   1.928661
       ln_mw |    156,600    2.079602    .1327775   1.981001   2.772589
ln_med_ren~c |    113,375    .0472541    .4493362  -.8722228   1.906781
ln_exp_mw_~b |    156,600    2.076519    .1318234   1.852944   2.689929
-------------+---------------------------------------------------------
ln_exp_mw_~g |    156,600    2.076499    .1309343   1.845367   2.695508
ln_exp_mw_~c |    156,600    2.076782    .1303161   1.791697   2.683345
nonwhit~2010 |    156,600    .4607982    .2225559   .0598227   .9962162
trend_times2 |    156,600         451    69.27985        332        570
med_h~at_qtl |    156,600    2.498851     1.11838          1          4
-------------+---------------------------------------------------------
med_h~st_qtl |    156,600    2.467433    1.120644          1          4
unemp~at_qtl |    156,600    2.498851     1.11838          1          4
unemp~st_qtl |    156,600    2.467433    1.120644          1          4
colle~at_qtl |    156,600    2.498851     1.11838          1          4
colle~st_qtl |    156,600    2.467433    1.120644          1          4
-------------+---------------------------------------------------------
black~at_qtl |    156,600    2.498851     1.11838          1          4
black~st_qtl |    156,600    2.467433    1.120644          1          4
teen_~at_qtl |    156,600    2.498851     1.11838          1          4
teen_~st_qtl |    156,600    2.467433    1.120644          1          4
  ziptreated |    156,600    .6413793    .4795971          0          1
-------------+---------------------------------------------------------
     d_ln_mw |    155,295    .0016445    .0119584   -.290338   .2412503




============================================================================
File: ../temp/fd_rent_panel.dta
Key: zipcode year_month
============================================================================
  156600:51(56348):3029596741:1096406431

    Variable |        Obs        Mean    Std. Dev.       Min        Max
-------------+---------------------------------------------------------
     zipcode |    156,600    51920.57    29185.78       2113      99577
  year_month |    156,600       659.5    34.63992        600        719
  place_code |    129,840    40657.65    22564.03        410      87240
  countyfips |    156,240    24077.04    16484.28       1003      56021
   statefips |    156,600    23.97854    16.42626          1         56
-------------+---------------------------------------------------------
   actual_mw |    156,600     8.07779    1.207718       7.25         16
  dactual_mw |    156,600    .0152048    .1121804          0       2.21
calendar_m~h |    156,600         6.5    3.452064          1         12
         msa |    156,600    436.1801    240.1675         12        860
       trend |    156,600       225.5    34.63992        166        285
-------------+---------------------------------------------------------
    trend_sq |    156,600    52050.17    15659.42      27556      81225
    trend_cu |    156,600    1.23e+07     5408203    4574296   2.31e+07
medrentpri~c |    113,375    1.188344    .7824813   .4180214   6.731387
medrentpri~r |     24,789     1.84165    .9184999   .5015197   6.499599
medrentpri~s |     37,588    1.842276    1.001968   .5106889    6.48415
-------------+---------------------------------------------------------
white_s~2010 |    156,600    .5392018    .2225559   .0037838   .9401773
black_s~2010 |    156,600     .165993    .2003044    .003148   .9753076
teen_sh~2010 |    156,600    .1391686    .0481773   .0154552   .6235335
renthou~2010 |    156,600    .3834818     .176359   .0644567   .9662035
work_c~20105 |    156,600    .7557563    .2036341   .1421741    .995271
-------------+---------------------------------------------------------
colleg~20105 |    156,600    .4447718    .1662964   .0856991   .9082218
unemp_~20105 |    156,600    .0918395    .0398028   .0211286   .3417086
med_hh~20105 |    156,600    66919.72    24575.33   20527.66   191553.2
sh_treated~b |    156,600    .0338116    .1714027          0   .9977041
sh_treated~g |    156,600    .0337431    .1708868          0   .9984402
-------------+---------------------------------------------------------
sh_treated~c |    156,600    .0336759    .1707487          0   .9975428
exp_mw_tot~b |    156,600    8.051348    1.183335   6.378569   14.73062
Dexp_mw_to~b |    155,295    .0154906    .1014163  -.8778322   1.929518
exp_mw_job~g |    156,600    8.050165    1.174684   6.330423   14.81305
Dexp_mw_jo~g |    155,295    .0153985    .1007623   -1.04385    1.93538
-------------+---------------------------------------------------------
exp_mw_job~c |    156,600    8.051731    1.168876   5.999625   14.63397
Dexp_mw_jo~c |    155,295    .0153226    .1005358   -.925309   1.928661
       ln_mw |    156,600    2.079602    .1327775   1.981001   2.772589
ln_med_ren~c |    113,375    .0472541    .4493362  -.8722228   1.906781
ln_exp_mw_~b |    156,600    2.076519    .1318234   1.852944   2.689929
-------------+---------------------------------------------------------
ln_exp_mw_~g |    156,600    2.076499    .1309343   1.845367   2.695508
ln_exp_mw_~c |    156,600    2.076782    .1303161   1.791697   2.683345
nonwhit~2010 |    156,600    .4607982    .2225559   .0598227   .9962162
trend_times2 |    156,600         451    69.27985        332        570
med_h~at_qtl |    156,600    2.498851     1.11838          1          4
-------------+---------------------------------------------------------
med_h~st_qtl |    156,600    2.467433    1.120644          1          4
unemp~at_qtl |    156,600    2.498851     1.11838          1          4
unemp~st_qtl |    156,600    2.467433    1.120644          1          4
colle~at_qtl |    156,600    2.498851     1.11838          1          4
colle~st_qtl |    156,600    2.467433    1.120644          1          4
-------------+---------------------------------------------------------
black~at_qtl |    156,600    2.498851     1.11838          1          4
black~st_qtl |    156,600    2.467433    1.120644          1          4
teen_~at_qtl |    156,600    2.498851     1.11838          1          4
teen_~st_qtl |    156,600    2.467433    1.120644          1          4
  ziptreated |    156,600    .6413793    .4795971          0          1
-------------+---------------------------------------------------------
     d_ln_mw |    155,295    .0016445    .0119584   -.290338   .2412503




============================================================================
File: ../temp/fd_rent_panel.dta
Key: zipcode year_month
============================================================================
  156600:52(31402):3660855714:1767653356

    Variable |        Obs        Mean    Std. Dev.       Min        Max
-------------+---------------------------------------------------------
     zipcode |    156,600    51920.57    29185.78       2113      99577
  year_month |    156,600       659.5    34.63992        600        719
  place_code |    129,840    40657.65    22564.03        410      87240
  countyfips |    156,240    24077.04    16484.28       1003      56021
   statefips |    156,600    23.97854    16.42626          1         56
-------------+---------------------------------------------------------
   actual_mw |    156,600     8.07779    1.207718       7.25         16
  dactual_mw |    156,600    .0152048    .1121804          0       2.21
calendar_m~h |    156,600         6.5    3.452064          1         12
         msa |    156,600    436.1801    240.1675         12        860
       trend |    156,600       225.5    34.63992        166        285
-------------+---------------------------------------------------------
    trend_sq |    156,600    52050.17    15659.42      27556      81225
    trend_cu |    156,600    1.23e+07     5408203    4574296   2.31e+07
medrentpri~c |    113,375    1.188344    .7824813   .4180214   6.731387
medrentpri~r |     24,789     1.84165    .9184999   .5015197   6.499599
medrentpri~s |     37,588    1.842276    1.001968   .5106889    6.48415
-------------+---------------------------------------------------------
white_s~2010 |    156,600    .5392018    .2225559   .0037838   .9401773
black_s~2010 |    156,600     .165993    .2003044    .003148   .9753076
teen_sh~2010 |    156,600    .1391686    .0481773   .0154552   .6235335
renthou~2010 |    156,600    .3834818     .176359   .0644567   .9662035
work_c~20105 |    156,600    .7557563    .2036341   .1421741    .995271
-------------+---------------------------------------------------------
colleg~20105 |    156,600    .4447718    .1662964   .0856991   .9082218
unemp_~20105 |    156,600    .0918395    .0398028   .0211286   .3417086
med_hh~20105 |    156,600    66919.72    24575.33   20527.66   191553.2
sh_treated~b |    156,600    .0338116    .1714027          0   .9977041
sh_treated~g |    156,600    .0337431    .1708868          0   .9984402
-------------+---------------------------------------------------------
sh_treated~c |    156,600    .0336759    .1707487          0   .9975428
exp_mw_tot~b |    156,600    8.051348    1.183335   6.378569   14.73062
Dexp_mw_to~b |    155,295    .0154906    .1014163  -.8778322   1.929518
exp_mw_job~g |    156,600    8.050165    1.174684   6.330423   14.81305
Dexp_mw_jo~g |    155,295    .0153985    .1007623   -1.04385    1.93538
-------------+---------------------------------------------------------
exp_mw_job~c |    156,600    8.051731    1.168876   5.999625   14.63397
Dexp_mw_jo~c |    155,295    .0153226    .1005358   -.925309   1.928661
       ln_mw |    156,600    2.079602    .1327775   1.981001   2.772589
ln_med_ren~c |    113,375    .0472541    .4493362  -.8722228   1.906781
ln_exp_mw_~b |    156,600    2.076519    .1318234   1.852944   2.689929
-------------+---------------------------------------------------------
Dln_exp_mw~b |    155,295    .0016937    .0108992  -.0986843   .2146382
ln_exp_mw_~g |    156,600    2.076499    .1309343   1.845367   2.695508
ln_exp_mw_~c |    156,600    2.076782    .1303161   1.791697   2.683345
nonwhit~2010 |    156,600    .4607982    .2225559   .0598227   .9962162
trend_times2 |    156,600         451    69.27985        332        570
-------------+---------------------------------------------------------
med_h~at_qtl |    156,600    2.498851     1.11838          1          4
med_h~st_qtl |    156,600    2.467433    1.120644          1          4
unemp~at_qtl |    156,600    2.498851     1.11838          1          4
unemp~st_qtl |    156,600    2.467433    1.120644          1          4
colle~at_qtl |    156,600    2.498851     1.11838          1          4
-------------+---------------------------------------------------------
colle~st_qtl |    156,600    2.467433    1.120644          1          4
black~at_qtl |    156,600    2.498851     1.11838          1          4
black~st_qtl |    156,600    2.467433    1.120644          1          4
teen_~at_qtl |    156,600    2.498851     1.11838          1          4
teen_~st_qtl |    156,600    2.467433    1.120644          1          4
-------------+---------------------------------------------------------
  ziptreated |    156,600    .6413793    .4795971          0          1
     d_ln_mw |    155,295    .0016445    .0119584   -.290338   .2412503




============================================================================
File: ../temp/fd_rent_panel.dta
Key: zipcode year_month
============================================================================
  156600:53(34422):1307633443:176720090

    Variable |        Obs        Mean    Std. Dev.       Min        Max
-------------+---------------------------------------------------------
     zipcode |    156,600    51920.57    29185.78       2113      99577
  year_month |    156,600       659.5    34.63992        600        719
  place_code |    129,840    40657.65    22564.03        410      87240
  countyfips |    156,240    24077.04    16484.28       1003      56021
   statefips |    156,600    23.97854    16.42626          1         56
-------------+---------------------------------------------------------
   actual_mw |    156,600     8.07779    1.207718       7.25         16
  dactual_mw |    156,600    .0152048    .1121804          0       2.21
calendar_m~h |    156,600         6.5    3.452064          1         12
         msa |    156,600    436.1801    240.1675         12        860
       trend |    156,600       225.5    34.63992        166        285
-------------+---------------------------------------------------------
    trend_sq |    156,600    52050.17    15659.42      27556      81225
    trend_cu |    156,600    1.23e+07     5408203    4574296   2.31e+07
medrentpri~c |    113,375    1.188344    .7824813   .4180214   6.731387
medrentpri~r |     24,789     1.84165    .9184999   .5015197   6.499599
medrentpri~s |     37,588    1.842276    1.001968   .5106889    6.48415
-------------+---------------------------------------------------------
white_s~2010 |    156,600    .5392018    .2225559   .0037838   .9401773
black_s~2010 |    156,600     .165993    .2003044    .003148   .9753076
teen_sh~2010 |    156,600    .1391686    .0481773   .0154552   .6235335
renthou~2010 |    156,600    .3834818     .176359   .0644567   .9662035
work_c~20105 |    156,600    .7557563    .2036341   .1421741    .995271
-------------+---------------------------------------------------------
colleg~20105 |    156,600    .4447718    .1662964   .0856991   .9082218
unemp_~20105 |    156,600    .0918395    .0398028   .0211286   .3417086
med_hh~20105 |    156,600    66919.72    24575.33   20527.66   191553.2
sh_treated~b |    156,600    .0338116    .1714027          0   .9977041
sh_treated~g |    156,600    .0337431    .1708868          0   .9984402
-------------+---------------------------------------------------------
sh_treated~c |    156,600    .0336759    .1707487          0   .9975428
exp_mw_tot~b |    156,600    8.051348    1.183335   6.378569   14.73062
Dexp_mw_to~b |    155,295    .0154906    .1014163  -.8778322   1.929518
exp_mw_job~g |    156,600    8.050165    1.174684   6.330423   14.81305
Dexp_mw_jo~g |    155,295    .0153985    .1007623   -1.04385    1.93538
-------------+---------------------------------------------------------
exp_mw_job~c |    156,600    8.051731    1.168876   5.999625   14.63397
Dexp_mw_jo~c |    155,295    .0153226    .1005358   -.925309   1.928661
       ln_mw |    156,600    2.079602    .1327775   1.981001   2.772589
ln_med_ren~c |    113,375    .0472541    .4493362  -.8722228   1.906781
ln_exp_mw_~b |    156,600    2.076519    .1318234   1.852944   2.689929
-------------+---------------------------------------------------------
Dln_exp_mw~b |    155,295    .0016937    .0108992  -.0986843   .2146382
ln_exp_mw_~g |    156,600    2.076499    .1309343   1.845367   2.695508
ln_exp_mw_~c |    156,600    2.076782    .1303161   1.791697   2.683345
nonwhit~2010 |    156,600    .4607982    .2225559   .0598227   .9962162
trend_times2 |    156,600         451    69.27985        332        570
-------------+---------------------------------------------------------
med_h~at_qtl |    156,600    2.498851     1.11838          1          4
med_h~st_qtl |    156,600    2.467433    1.120644          1          4
unemp~at_qtl |    156,600    2.498851     1.11838          1          4
unemp~st_qtl |    156,600    2.467433    1.120644          1          4
colle~at_qtl |    156,600    2.498851     1.11838          1          4
-------------+---------------------------------------------------------
colle~st_qtl |    156,600    2.467433    1.120644          1          4
black~at_qtl |    156,600    2.498851     1.11838          1          4
black~st_qtl |    156,600    2.467433    1.120644          1          4
teen_~at_qtl |    156,600    2.498851     1.11838          1          4
teen_~st_qtl |    156,600    2.467433    1.120644          1          4
-------------+---------------------------------------------------------
  ziptreated |    156,600    .6413793    .4795971          0          1
       treat |    156,600     .033857    .1808615          0          1
     d_ln_mw |    155,295    .0016445    .0119584   -.290338   .2412503




============================================================================
File: ../temp/fd_rent_panel.dta
Key: zipcode year_month
============================================================================
  156600:53(34422):389689709:2459442876

    Variable |        Obs        Mean    Std. Dev.       Min        Max
-------------+---------------------------------------------------------
     zipcode |    156,600    51920.57    29185.78       2113      99577
  year_month |    156,600       659.5    34.63992        600        719
  place_code |    129,840    40657.65    22564.03        410      87240
  countyfips |    156,240    24077.04    16484.28       1003      56021
   statefips |    156,600    23.97854    16.42626          1         56
-------------+---------------------------------------------------------
   actual_mw |    156,600     8.07779    1.207718       7.25         16
  dactual_mw |    156,600    .0152048    .1121804          0       2.21
calendar_m~h |    156,600         6.5    3.452064          1         12
         msa |    156,600    436.1801    240.1675         12        860
       trend |    156,600       225.5    34.63992        166        285
-------------+---------------------------------------------------------
    trend_sq |    156,600    52050.17    15659.42      27556      81225
    trend_cu |    156,600    1.23e+07     5408203    4574296   2.31e+07
medrentpri~c |    113,375    1.188344    .7824813   .4180214   6.731387
medrentpri~r |     24,789     1.84165    .9184999   .5015197   6.499599
medrentpri~s |     37,588    1.842276    1.001968   .5106889    6.48415
-------------+---------------------------------------------------------
white_s~2010 |    156,600    .5392018    .2225559   .0037838   .9401773
black_s~2010 |    156,600     .165993    .2003044    .003148   .9753076
teen_sh~2010 |    156,600    .1391686    .0481773   .0154552   .6235335
renthou~2010 |    156,600    .3834818     .176359   .0644567   .9662035
work_c~20105 |    156,600    .7557563    .2036341   .1421741    .995271
-------------+---------------------------------------------------------
colleg~20105 |    156,600    .4447718    .1662964   .0856991   .9082218
unemp_~20105 |    156,600    .0918395    .0398028   .0211286   .3417086
med_hh~20105 |    156,600    66919.72    24575.33   20527.66   191553.2
sh_treated~b |    156,600    .0338116    .1714027          0   .9977041
sh_treated~g |    156,600    .0337431    .1708868          0   .9984402
-------------+---------------------------------------------------------
sh_treated~c |    156,600    .0336759    .1707487          0   .9975428
exp_mw_tot~b |    156,600    8.051348    1.183335   6.378569   14.73062
Dexp_mw_to~b |    155,295    .0154906    .1014163  -.8778322   1.929518
exp_mw_job~g |    156,600    8.050165    1.174684   6.330423   14.81305
Dexp_mw_jo~g |    155,295    .0153985    .1007623   -1.04385    1.93538
-------------+---------------------------------------------------------
exp_mw_job~c |    156,600    8.051731    1.168876   5.999625   14.63397
Dexp_mw_jo~c |    155,295    .0153226    .1005358   -.925309   1.928661
       ln_mw |    156,600    2.079602    .1327775   1.981001   2.772589
ln_med_ren~c |    113,375    .0472541    .4493362  -.8722228   1.906781
ln_exp_mw_~b |    156,600    2.076519    .1318234   1.852944   2.689929
-------------+---------------------------------------------------------
Dln_exp_mw~b |    155,295    .0016937    .0108992  -.0986843   .2146382
ln_exp_mw_~g |    156,600    2.076499    .1309343   1.845367   2.695508
ln_exp_mw_~c |    156,600    2.076782    .1303161   1.791697   2.683345
nonwhit~2010 |    156,600    .4607982    .2225559   .0598227   .9962162
trend_times2 |    156,600         451    69.27985        332        570
-------------+---------------------------------------------------------
med_h~at_qtl |    156,600    2.498851     1.11838          1          4
med_h~st_qtl |    156,600    2.467433    1.120644          1          4
unemp~at_qtl |    156,600    2.498851     1.11838          1          4
unemp~st_qtl |    156,600    2.467433    1.120644          1          4
colle~at_qtl |    156,600    2.498851     1.11838          1          4
-------------+---------------------------------------------------------
colle~st_qtl |    156,600    2.467433    1.120644          1          4
black~at_qtl |    156,600    2.498851     1.11838          1          4
black~st_qtl |    156,600    2.467433    1.120644          1          4
teen_~at_qtl |    156,600    2.498851     1.11838          1          4
teen_~st_qtl |    156,600    2.467433    1.120644          1          4
-------------+---------------------------------------------------------
  ziptreated |    156,600    .6413793    .4795971          0          1
       treat |    156,600     .966143    .1808615          0          1
     d_ln_mw |    155,295    .0016445    .0119584   -.290338   .2412503




============================================================================
File: ../temp/fd_rent_panel.dta
Key: zipcode year_month
============================================================================
  156600:53(34422):1248683168:2341079616

    Variable |        Obs        Mean    Std. Dev.       Min        Max
-------------+---------------------------------------------------------
     zipcode |    156,600    51920.57    29185.78       2113      99577
  year_month |    156,600       659.5    34.63992        600        719
  place_code |    129,840    40657.65    22564.03        410      87240
  countyfips |    156,240    24077.04    16484.28       1003      56021
   statefips |    156,600    23.97854    16.42626          1         56
-------------+---------------------------------------------------------
   actual_mw |    156,600     8.07779    1.207718       7.25         16
  dactual_mw |    156,600    .0152048    .1121804          0       2.21
calendar_m~h |    156,600         6.5    3.452064          1         12
         msa |    156,600    436.1801    240.1675         12        860
       trend |    156,600       225.5    34.63992        166        285
-------------+---------------------------------------------------------
    trend_sq |    156,600    52050.17    15659.42      27556      81225
    trend_cu |    156,600    1.23e+07     5408203    4574296   2.31e+07
medrentpri~c |    113,375    1.188344    .7824813   .4180214   6.731387
medrentpri~r |     24,789     1.84165    .9184999   .5015197   6.499599
medrentpri~s |     37,588    1.842276    1.001968   .5106889    6.48415
-------------+---------------------------------------------------------
white_s~2010 |    156,600    .5392018    .2225559   .0037838   .9401773
black_s~2010 |    156,600     .165993    .2003044    .003148   .9753076
teen_sh~2010 |    156,600    .1391686    .0481773   .0154552   .6235335
renthou~2010 |    156,600    .3834818     .176359   .0644567   .9662035
work_c~20105 |    156,600    .7557563    .2036341   .1421741    .995271
-------------+---------------------------------------------------------
colleg~20105 |    156,600    .4447718    .1662964   .0856991   .9082218
unemp_~20105 |    156,600    .0918395    .0398028   .0211286   .3417086
med_hh~20105 |    156,600    66919.72    24575.33   20527.66   191553.2
sh_treated~b |    156,600    .0338116    .1714027          0   .9977041
sh_treated~g |    156,600    .0337431    .1708868          0   .9984402
-------------+---------------------------------------------------------
sh_treated~c |    156,600    .0336759    .1707487          0   .9975428
exp_mw_tot~b |    156,600    8.051348    1.183335   6.378569   14.73062
Dexp_mw_to~b |    155,295    .0154906    .1014163  -.8778322   1.929518
exp_mw_job~g |    156,600    8.050165    1.174684   6.330423   14.81305
Dexp_mw_jo~g |    155,295    .0153985    .1007623   -1.04385    1.93538
-------------+---------------------------------------------------------
exp_mw_job~c |    156,600    8.051731    1.168876   5.999625   14.63397
Dexp_mw_jo~c |    155,295    .0153226    .1005358   -.925309   1.928661
       ln_mw |    156,600    2.079602    .1327775   1.981001   2.772589
ln_med_ren~c |    113,375    .0472541    .4493362  -.8722228   1.906781
ln_exp_mw_~b |    156,600    2.076519    .1318234   1.852944   2.689929
-------------+---------------------------------------------------------
Dln_exp_mw~b |    155,295    .0016937    .0108992  -.0986843   .2146382
ln_exp_mw_~g |    156,600    2.076499    .1309343   1.845367   2.695508
ln_exp_mw_~c |    156,600    2.076782    .1303161   1.791697   2.683345
nonwhit~2010 |    156,600    .4607982    .2225559   .0598227   .9962162
trend_times2 |    156,600         451    69.27985        332        570
-------------+---------------------------------------------------------
med_h~at_qtl |    156,600    2.498851     1.11838          1          4
med_h~st_qtl |    156,600    2.467433    1.120644          1          4
unemp~at_qtl |    156,600    2.498851     1.11838          1          4
unemp~st_qtl |    156,600    2.467433    1.120644          1          4
colle~at_qtl |    156,600    2.498851     1.11838          1          4
-------------+---------------------------------------------------------
colle~st_qtl |    156,600    2.467433    1.120644          1          4
black~at_qtl |    156,600    2.498851     1.11838          1          4
black~st_qtl |    156,600    2.467433    1.120644          1          4
teen_~at_qtl |    156,600    2.498851     1.11838          1          4
teen_~st_qtl |    156,600    2.467433    1.120644          1          4
-------------+---------------------------------------------------------
  ziptreated |    156,600    .6413793    .4795971          0          1
       treat |    156,600    .2886973    .4531583          0          1
     d_ln_mw |    155,295    .0016445    .0119584   -.290338   .2412503




============================================================================
File: ../temp/fd_rent_panel.dta
Key: zipcode year_month
============================================================================
  156600:53(34422):1307633443:176720090

    Variable |        Obs        Mean    Std. Dev.       Min        Max
-------------+---------------------------------------------------------
     zipcode |    156,600    51920.57    29185.78       2113      99577
  year_month |    156,600       659.5    34.63992        600        719
  place_code |    129,840    40657.65    22564.03        410      87240
  countyfips |    156,240    24077.04    16484.28       1003      56021
   statefips |    156,600    23.97854    16.42626          1         56
-------------+---------------------------------------------------------
   actual_mw |    156,600     8.07779    1.207718       7.25         16
  dactual_mw |    156,600    .0152048    .1121804          0       2.21
calendar_m~h |    156,600         6.5    3.452064          1         12
         msa |    156,600    436.1801    240.1675         12        860
       trend |    156,600       225.5    34.63992        166        285
-------------+---------------------------------------------------------
    trend_sq |    156,600    52050.17    15659.42      27556      81225
    trend_cu |    156,600    1.23e+07     5408203    4574296   2.31e+07
medrentpri~c |    113,375    1.188344    .7824813   .4180214   6.731387
medrentpri~r |     24,789     1.84165    .9184999   .5015197   6.499599
medrentpri~s |     37,588    1.842276    1.001968   .5106889    6.48415
-------------+---------------------------------------------------------
white_s~2010 |    156,600    .5392018    .2225559   .0037838   .9401773
black_s~2010 |    156,600     .165993    .2003044    .003148   .9753076
teen_sh~2010 |    156,600    .1391686    .0481773   .0154552   .6235335
renthou~2010 |    156,600    .3834818     .176359   .0644567   .9662035
work_c~20105 |    156,600    .7557563    .2036341   .1421741    .995271
-------------+---------------------------------------------------------
colleg~20105 |    156,600    .4447718    .1662964   .0856991   .9082218
unemp_~20105 |    156,600    .0918395    .0398028   .0211286   .3417086
med_hh~20105 |    156,600    66919.72    24575.33   20527.66   191553.2
sh_treated~b |    156,600    .0338116    .1714027          0   .9977041
sh_treated~g |    156,600    .0337431    .1708868          0   .9984402
-------------+---------------------------------------------------------
sh_treated~c |    156,600    .0336759    .1707487          0   .9975428
exp_mw_tot~b |    156,600    8.051348    1.183335   6.378569   14.73062
Dexp_mw_to~b |    155,295    .0154906    .1014163  -.8778322   1.929518
exp_mw_job~g |    156,600    8.050165    1.174684   6.330423   14.81305
Dexp_mw_jo~g |    155,295    .0153985    .1007623   -1.04385    1.93538
-------------+---------------------------------------------------------
exp_mw_job~c |    156,600    8.051731    1.168876   5.999625   14.63397
Dexp_mw_jo~c |    155,295    .0153226    .1005358   -.925309   1.928661
       ln_mw |    156,600    2.079602    .1327775   1.981001   2.772589
ln_med_ren~c |    113,375    .0472541    .4493362  -.8722228   1.906781
ln_exp_mw_~b |    156,600    2.076519    .1318234   1.852944   2.689929
-------------+---------------------------------------------------------
Dln_exp_mw~b |    155,295    .0016937    .0108992  -.0986843   .2146382
ln_exp_mw_~g |    156,600    2.076499    .1309343   1.845367   2.695508
ln_exp_mw_~c |    156,600    2.076782    .1303161   1.791697   2.683345
nonwhit~2010 |    156,600    .4607982    .2225559   .0598227   .9962162
trend_times2 |    156,600         451    69.27985        332        570
-------------+---------------------------------------------------------
med_h~at_qtl |    156,600    2.498851     1.11838          1          4
med_h~st_qtl |    156,600    2.467433    1.120644          1          4
unemp~at_qtl |    156,600    2.498851     1.11838          1          4
unemp~st_qtl |    156,600    2.467433    1.120644          1          4
colle~at_qtl |    156,600    2.498851     1.11838          1          4
-------------+---------------------------------------------------------
colle~st_qtl |    156,600    2.467433    1.120644          1          4
black~at_qtl |    156,600    2.498851     1.11838          1          4
black~st_qtl |    156,600    2.467433    1.120644          1          4
teen_~at_qtl |    156,600    2.498851     1.11838          1          4
teen_~st_qtl |    156,600    2.467433    1.120644          1          4
-------------+---------------------------------------------------------
  ziptreated |    156,600    .6413793    .4795971          0          1
       treat |    156,600     .033857    .1808615          0          1
     d_ln_mw |    155,295    .0016445    .0119584   -.290338   .2412503




============================================================================
File: ../temp/fd_rent_panel.dta
Key: zipcode year_month
============================================================================
  156600:53(34422):499169267:1928392770

    Variable |        Obs        Mean    Std. Dev.       Min        Max
-------------+---------------------------------------------------------
     zipcode |    156,600    51920.57    29185.78       2113      99577
  year_month |    156,600       659.5    34.63992        600        719
  place_code |    129,840    40657.65    22564.03        410      87240
  countyfips |    156,240    24077.04    16484.28       1003      56021
   statefips |    156,600    23.97854    16.42626          1         56
-------------+---------------------------------------------------------
   actual_mw |    156,600     8.07779    1.207718       7.25         16
  dactual_mw |    156,600    .0152048    .1121804          0       2.21
calendar_m~h |    156,600         6.5    3.452064          1         12
         msa |    156,600    436.1801    240.1675         12        860
       trend |    156,600       225.5    34.63992        166        285
-------------+---------------------------------------------------------
    trend_sq |    156,600    52050.17    15659.42      27556      81225
    trend_cu |    156,600    1.23e+07     5408203    4574296   2.31e+07
medrentpri~c |    113,375    1.188344    .7824813   .4180214   6.731387
medrentpri~r |     24,789     1.84165    .9184999   .5015197   6.499599
medrentpri~s |     37,588    1.842276    1.001968   .5106889    6.48415
-------------+---------------------------------------------------------
white_s~2010 |    156,600    .5392018    .2225559   .0037838   .9401773
black_s~2010 |    156,600     .165993    .2003044    .003148   .9753076
teen_sh~2010 |    156,600    .1391686    .0481773   .0154552   .6235335
renthou~2010 |    156,600    .3834818     .176359   .0644567   .9662035
work_c~20105 |    156,600    .7557563    .2036341   .1421741    .995271
-------------+---------------------------------------------------------
colleg~20105 |    156,600    .4447718    .1662964   .0856991   .9082218
unemp_~20105 |    156,600    .0918395    .0398028   .0211286   .3417086
med_hh~20105 |    156,600    66919.72    24575.33   20527.66   191553.2
sh_treated~b |    156,600    .0338116    .1714027          0   .9977041
sh_treated~g |    156,600    .0337431    .1708868          0   .9984402
-------------+---------------------------------------------------------
sh_treated~c |    156,600    .0336759    .1707487          0   .9975428
exp_mw_tot~b |    156,600    8.051348    1.183335   6.378569   14.73062
Dexp_mw_to~b |    155,295    .0154906    .1014163  -.8778322   1.929518
exp_mw_job~g |    156,600    8.050165    1.174684   6.330423   14.81305
Dexp_mw_jo~g |    155,295    .0153985    .1007623   -1.04385    1.93538
-------------+---------------------------------------------------------
exp_mw_job~c |    156,600    8.051731    1.168876   5.999625   14.63397
Dexp_mw_jo~c |    155,295    .0153226    .1005358   -.925309   1.928661
       ln_mw |    156,600    2.079602    .1327775   1.981001   2.772589
ln_med_ren~c |    113,375    .0472541    .4493362  -.8722228   1.906781
ln_exp_mw_~b |    156,600    2.076519    .1318234   1.852944   2.689929
-------------+---------------------------------------------------------
Dln_exp_mw~b |    155,295    .0016937    .0108992  -.0986843   .2146382
ln_exp_mw_~g |    156,600    2.076499    .1309343   1.845367   2.695508
ln_exp_mw_~c |    156,600    2.076782    .1303161   1.791697   2.683345
nonwhit~2010 |    156,600    .4607982    .2225559   .0598227   .9962162
trend_times2 |    156,600         451    69.27985        332        570
-------------+---------------------------------------------------------
med_h~at_qtl |    156,600    2.498851     1.11838          1          4
med_h~st_qtl |    156,600    2.467433    1.120644          1          4
unemp~at_qtl |    156,600    2.498851     1.11838          1          4
unemp~st_qtl |    156,600    2.467433    1.120644          1          4
colle~at_qtl |    156,600    2.498851     1.11838          1          4
-------------+---------------------------------------------------------
colle~st_qtl |    156,600    2.467433    1.120644          1          4
black~at_qtl |    156,600    2.498851     1.11838          1          4
black~st_qtl |    156,600    2.467433    1.120644          1          4
teen_~at_qtl |    156,600    2.498851     1.11838          1          4
teen_~st_qtl |    156,600    2.467433    1.120644          1          4
-------------+---------------------------------------------------------
  ziptreated |    156,600    .6413793    .4795971          0          1
       treat |    156,600    .6112516    .9027862          0          2
     d_ln_mw |    155,295    .0016445    .0119584   -.290338   .2412503




============================================================================
File: ../temp/fd_rent_panel.dta
Key: zipcode year_month
============================================================================
  156600:53(34422):1307633443:176720090

    Variable |        Obs        Mean    Std. Dev.       Min        Max
-------------+---------------------------------------------------------
     zipcode |    156,600    51920.57    29185.78       2113      99577
  year_month |    156,600       659.5    34.63992        600        719
  place_code |    129,840    40657.65    22564.03        410      87240
  countyfips |    156,240    24077.04    16484.28       1003      56021
   statefips |    156,600    23.97854    16.42626          1         56
-------------+---------------------------------------------------------
   actual_mw |    156,600     8.07779    1.207718       7.25         16
  dactual_mw |    156,600    .0152048    .1121804          0       2.21
calendar_m~h |    156,600         6.5    3.452064          1         12
         msa |    156,600    436.1801    240.1675         12        860
       trend |    156,600       225.5    34.63992        166        285
-------------+---------------------------------------------------------
    trend_sq |    156,600    52050.17    15659.42      27556      81225
    trend_cu |    156,600    1.23e+07     5408203    4574296   2.31e+07
medrentpri~c |    113,375    1.188344    .7824813   .4180214   6.731387
medrentpri~r |     24,789     1.84165    .9184999   .5015197   6.499599
medrentpri~s |     37,588    1.842276    1.001968   .5106889    6.48415
-------------+---------------------------------------------------------
white_s~2010 |    156,600    .5392018    .2225559   .0037838   .9401773
black_s~2010 |    156,600     .165993    .2003044    .003148   .9753076
teen_sh~2010 |    156,600    .1391686    .0481773   .0154552   .6235335
renthou~2010 |    156,600    .3834818     .176359   .0644567   .9662035
work_c~20105 |    156,600    .7557563    .2036341   .1421741    .995271
-------------+---------------------------------------------------------
colleg~20105 |    156,600    .4447718    .1662964   .0856991   .9082218
unemp_~20105 |    156,600    .0918395    .0398028   .0211286   .3417086
med_hh~20105 |    156,600    66919.72    24575.33   20527.66   191553.2
sh_treated~b |    156,600    .0338116    .1714027          0   .9977041
sh_treated~g |    156,600    .0337431    .1708868          0   .9984402
-------------+---------------------------------------------------------
sh_treated~c |    156,600    .0336759    .1707487          0   .9975428
exp_mw_tot~b |    156,600    8.051348    1.183335   6.378569   14.73062
Dexp_mw_to~b |    155,295    .0154906    .1014163  -.8778322   1.929518
exp_mw_job~g |    156,600    8.050165    1.174684   6.330423   14.81305
Dexp_mw_jo~g |    155,295    .0153985    .1007623   -1.04385    1.93538
-------------+---------------------------------------------------------
exp_mw_job~c |    156,600    8.051731    1.168876   5.999625   14.63397
Dexp_mw_jo~c |    155,295    .0153226    .1005358   -.925309   1.928661
       ln_mw |    156,600    2.079602    .1327775   1.981001   2.772589
ln_med_ren~c |    113,375    .0472541    .4493362  -.8722228   1.906781
ln_exp_mw_~b |    156,600    2.076519    .1318234   1.852944   2.689929
-------------+---------------------------------------------------------
Dln_exp_mw~b |    155,295    .0016937    .0108992  -.0986843   .2146382
ln_exp_mw_~g |    156,600    2.076499    .1309343   1.845367   2.695508
ln_exp_mw_~c |    156,600    2.076782    .1303161   1.791697   2.683345
nonwhit~2010 |    156,600    .4607982    .2225559   .0598227   .9962162
trend_times2 |    156,600         451    69.27985        332        570
-------------+---------------------------------------------------------
med_h~at_qtl |    156,600    2.498851     1.11838          1          4
med_h~st_qtl |    156,600    2.467433    1.120644          1          4
unemp~at_qtl |    156,600    2.498851     1.11838          1          4
unemp~st_qtl |    156,600    2.467433    1.120644          1          4
colle~at_qtl |    156,600    2.498851     1.11838          1          4
-------------+---------------------------------------------------------
colle~st_qtl |    156,600    2.467433    1.120644          1          4
black~at_qtl |    156,600    2.498851     1.11838          1          4
black~st_qtl |    156,600    2.467433    1.120644          1          4
teen_~at_qtl |    156,600    2.498851     1.11838          1          4
teen_~st_qtl |    156,600    2.467433    1.120644          1          4
-------------+---------------------------------------------------------
  ziptreated |    156,600    .6413793    .4795971          0          1
       treat |    156,600     .033857    .1808615          0          1
     d_ln_mw |    155,295    .0016445    .0119584   -.290338   .2412503




============================================================================
File: ../temp/fd_rent_panel.dta
Key: zipcode year_month
============================================================================
  156600:53(34422):2545594861:3537395452

    Variable |        Obs        Mean    Std. Dev.       Min        Max
-------------+---------------------------------------------------------
     zipcode |    156,600    51920.57    29185.78       2113      99577
  year_month |    156,600       659.5    34.63992        600        719
  place_code |    129,840    40657.65    22564.03        410      87240
  countyfips |    156,240    24077.04    16484.28       1003      56021
   statefips |    156,600    23.97854    16.42626          1         56
-------------+---------------------------------------------------------
   actual_mw |    156,600     8.07779    1.207718       7.25         16
  dactual_mw |    156,600    .0152048    .1121804          0       2.21
calendar_m~h |    156,600         6.5    3.452064          1         12
         msa |    156,600    436.1801    240.1675         12        860
       trend |    156,600       225.5    34.63992        166        285
-------------+---------------------------------------------------------
    trend_sq |    156,600    52050.17    15659.42      27556      81225
    trend_cu |    156,600    1.23e+07     5408203    4574296   2.31e+07
medrentpri~c |    113,375    1.188344    .7824813   .4180214   6.731387
medrentpri~r |     24,789     1.84165    .9184999   .5015197   6.499599
medrentpri~s |     37,588    1.842276    1.001968   .5106889    6.48415
-------------+---------------------------------------------------------
white_s~2010 |    156,600    .5392018    .2225559   .0037838   .9401773
black_s~2010 |    156,600     .165993    .2003044    .003148   .9753076
teen_sh~2010 |    156,600    .1391686    .0481773   .0154552   .6235335
renthou~2010 |    156,600    .3834818     .176359   .0644567   .9662035
work_c~20105 |    156,600    .7557563    .2036341   .1421741    .995271
-------------+---------------------------------------------------------
colleg~20105 |    156,600    .4447718    .1662964   .0856991   .9082218
unemp_~20105 |    156,600    .0918395    .0398028   .0211286   .3417086
med_hh~20105 |    156,600    66919.72    24575.33   20527.66   191553.2
sh_treated~b |    156,600    .0338116    .1714027          0   .9977041
sh_treated~g |    156,600    .0337431    .1708868          0   .9984402
-------------+---------------------------------------------------------
sh_treated~c |    156,600    .0336759    .1707487          0   .9975428
exp_mw_tot~b |    156,600    8.051348    1.183335   6.378569   14.73062
Dexp_mw_to~b |    155,295    .0154906    .1014163  -.8778322   1.929518
exp_mw_job~g |    156,600    8.050165    1.174684   6.330423   14.81305
Dexp_mw_jo~g |    155,295    .0153985    .1007623   -1.04385    1.93538
-------------+---------------------------------------------------------
exp_mw_job~c |    156,600    8.051731    1.168876   5.999625   14.63397
Dexp_mw_jo~c |    155,295    .0153226    .1005358   -.925309   1.928661
       ln_mw |    156,600    2.079602    .1327775   1.981001   2.772589
ln_med_ren~c |    113,375    .0472541    .4493362  -.8722228   1.906781
ln_exp_mw_~b |    156,600    2.076519    .1318234   1.852944   2.689929
-------------+---------------------------------------------------------
Dln_exp_mw~b |    155,295    .0016937    .0108992  -.0986843   .2146382
ln_exp_mw_~g |    156,600    2.076499    .1309343   1.845367   2.695508
ln_exp_mw_~c |    156,600    2.076782    .1303161   1.791697   2.683345
nonwhit~2010 |    156,600    .4607982    .2225559   .0598227   .9962162
trend_times2 |    156,600         451    69.27985        332        570
-------------+---------------------------------------------------------
med_h~at_qtl |    156,600    2.498851     1.11838          1          4
med_h~st_qtl |    156,600    2.467433    1.120644          1          4
unemp~at_qtl |    156,600    2.498851     1.11838          1          4
unemp~st_qtl |    156,600    2.467433    1.120644          1          4
colle~at_qtl |    156,600    2.498851     1.11838          1          4
-------------+---------------------------------------------------------
colle~st_qtl |    156,600    2.467433    1.120644          1          4
black~at_qtl |    156,600    2.498851     1.11838          1          4
black~st_qtl |    156,600    2.467433    1.120644          1          4
teen_~at_qtl |    156,600    2.498851     1.11838          1          4
teen_~st_qtl |    156,600    2.467433    1.120644          1          4
-------------+---------------------------------------------------------
  ziptreated |    156,600    .6413793    .4795971          0          1
       treat |    156,600    1.611252    .9027862          1          3
     d_ln_mw |    155,295    .0016445    .0119584   -.290338   .2412503




============================================================================
File: ../temp/fd_rent_panel.dta
Key: zipcode year_month
============================================================================
  156600:53(34422):1307633443:176720090

    Variable |        Obs        Mean    Std. Dev.       Min        Max
-------------+---------------------------------------------------------
     zipcode |    156,600    51920.57    29185.78       2113      99577
  year_month |    156,600       659.5    34.63992        600        719
  place_code |    129,840    40657.65    22564.03        410      87240
  countyfips |    156,240    24077.04    16484.28       1003      56021
   statefips |    156,600    23.97854    16.42626          1         56
-------------+---------------------------------------------------------
   actual_mw |    156,600     8.07779    1.207718       7.25         16
  dactual_mw |    156,600    .0152048    .1121804          0       2.21
calendar_m~h |    156,600         6.5    3.452064          1         12
         msa |    156,600    436.1801    240.1675         12        860
       trend |    156,600       225.5    34.63992        166        285
-------------+---------------------------------------------------------
    trend_sq |    156,600    52050.17    15659.42      27556      81225
    trend_cu |    156,600    1.23e+07     5408203    4574296   2.31e+07
medrentpri~c |    113,375    1.188344    .7824813   .4180214   6.731387
medrentpri~r |     24,789     1.84165    .9184999   .5015197   6.499599
medrentpri~s |     37,588    1.842276    1.001968   .5106889    6.48415
-------------+---------------------------------------------------------
white_s~2010 |    156,600    .5392018    .2225559   .0037838   .9401773
black_s~2010 |    156,600     .165993    .2003044    .003148   .9753076
teen_sh~2010 |    156,600    .1391686    .0481773   .0154552   .6235335
renthou~2010 |    156,600    .3834818     .176359   .0644567   .9662035
work_c~20105 |    156,600    .7557563    .2036341   .1421741    .995271
-------------+---------------------------------------------------------
colleg~20105 |    156,600    .4447718    .1662964   .0856991   .9082218
unemp_~20105 |    156,600    .0918395    .0398028   .0211286   .3417086
med_hh~20105 |    156,600    66919.72    24575.33   20527.66   191553.2
sh_treated~b |    156,600    .0338116    .1714027          0   .9977041
sh_treated~g |    156,600    .0337431    .1708868          0   .9984402
-------------+---------------------------------------------------------
sh_treated~c |    156,600    .0336759    .1707487          0   .9975428
exp_mw_tot~b |    156,600    8.051348    1.183335   6.378569   14.73062
Dexp_mw_to~b |    155,295    .0154906    .1014163  -.8778322   1.929518
exp_mw_job~g |    156,600    8.050165    1.174684   6.330423   14.81305
Dexp_mw_jo~g |    155,295    .0153985    .1007623   -1.04385    1.93538
-------------+---------------------------------------------------------
exp_mw_job~c |    156,600    8.051731    1.168876   5.999625   14.63397
Dexp_mw_jo~c |    155,295    .0153226    .1005358   -.925309   1.928661
       ln_mw |    156,600    2.079602    .1327775   1.981001   2.772589
ln_med_ren~c |    113,375    .0472541    .4493362  -.8722228   1.906781
ln_exp_mw_~b |    156,600    2.076519    .1318234   1.852944   2.689929
-------------+---------------------------------------------------------
Dln_exp_mw~b |    155,295    .0016937    .0108992  -.0986843   .2146382
ln_exp_mw_~g |    156,600    2.076499    .1309343   1.845367   2.695508
ln_exp_mw_~c |    156,600    2.076782    .1303161   1.791697   2.683345
nonwhit~2010 |    156,600    .4607982    .2225559   .0598227   .9962162
trend_times2 |    156,600         451    69.27985        332        570
-------------+---------------------------------------------------------
med_h~at_qtl |    156,600    2.498851     1.11838          1          4
med_h~st_qtl |    156,600    2.467433    1.120644          1          4
unemp~at_qtl |    156,600    2.498851     1.11838          1          4
unemp~st_qtl |    156,600    2.467433    1.120644          1          4
colle~at_qtl |    156,600    2.498851     1.11838          1          4
-------------+---------------------------------------------------------
colle~st_qtl |    156,600    2.467433    1.120644          1          4
black~at_qtl |    156,600    2.498851     1.11838          1          4
black~st_qtl |    156,600    2.467433    1.120644          1          4
teen_~at_qtl |    156,600    2.498851     1.11838          1          4
teen_~st_qtl |    156,600    2.467433    1.120644          1          4
-------------+---------------------------------------------------------
  ziptreated |    156,600    .6413793    .4795971          0          1
       treat |    156,600     .033857    .1808615          0          1
     d_ln_mw |    155,295    .0016445    .0119584   -.290338   .2412503




============================================================================
File: ../temp/fd_rent_panel.dta
Key: zipcode year_month
============================================================================
  156600:53(34422):3354059037:1785788052

    Variable |        Obs        Mean    Std. Dev.       Min        Max
-------------+---------------------------------------------------------
     zipcode |    156,600    51920.57    29185.78       2113      99577
  year_month |    156,600       659.5    34.63992        600        719
  place_code |    129,840    40657.65    22564.03        410      87240
  countyfips |    156,240    24077.04    16484.28       1003      56021
   statefips |    156,600    23.97854    16.42626          1         56
-------------+---------------------------------------------------------
   actual_mw |    156,600     8.07779    1.207718       7.25         16
  dactual_mw |    156,600    .0152048    .1121804          0       2.21
calendar_m~h |    156,600         6.5    3.452064          1         12
         msa |    156,600    436.1801    240.1675         12        860
       trend |    156,600       225.5    34.63992        166        285
-------------+---------------------------------------------------------
    trend_sq |    156,600    52050.17    15659.42      27556      81225
    trend_cu |    156,600    1.23e+07     5408203    4574296   2.31e+07
medrentpri~c |    113,375    1.188344    .7824813   .4180214   6.731387
medrentpri~r |     24,789     1.84165    .9184999   .5015197   6.499599
medrentpri~s |     37,588    1.842276    1.001968   .5106889    6.48415
-------------+---------------------------------------------------------
white_s~2010 |    156,600    .5392018    .2225559   .0037838   .9401773
black_s~2010 |    156,600     .165993    .2003044    .003148   .9753076
teen_sh~2010 |    156,600    .1391686    .0481773   .0154552   .6235335
renthou~2010 |    156,600    .3834818     .176359   .0644567   .9662035
work_c~20105 |    156,600    .7557563    .2036341   .1421741    .995271
-------------+---------------------------------------------------------
colleg~20105 |    156,600    .4447718    .1662964   .0856991   .9082218
unemp_~20105 |    156,600    .0918395    .0398028   .0211286   .3417086
med_hh~20105 |    156,600    66919.72    24575.33   20527.66   191553.2
sh_treated~b |    156,600    .0338116    .1714027          0   .9977041
sh_treated~g |    156,600    .0337431    .1708868          0   .9984402
-------------+---------------------------------------------------------
sh_treated~c |    156,600    .0336759    .1707487          0   .9975428
exp_mw_tot~b |    156,600    8.051348    1.183335   6.378569   14.73062
Dexp_mw_to~b |    155,295    .0154906    .1014163  -.8778322   1.929518
exp_mw_job~g |    156,600    8.050165    1.174684   6.330423   14.81305
Dexp_mw_jo~g |    155,295    .0153985    .1007623   -1.04385    1.93538
-------------+---------------------------------------------------------
exp_mw_job~c |    156,600    8.051731    1.168876   5.999625   14.63397
Dexp_mw_jo~c |    155,295    .0153226    .1005358   -.925309   1.928661
       ln_mw |    156,600    2.079602    .1327775   1.981001   2.772589
ln_med_ren~c |    113,375    .0472541    .4493362  -.8722228   1.906781
ln_exp_mw_~b |    156,600    2.076519    .1318234   1.852944   2.689929
-------------+---------------------------------------------------------
Dln_exp_mw~b |    155,295    .0016937    .0108992  -.0986843   .2146382
ln_exp_mw_~g |    156,600    2.076499    .1309343   1.845367   2.695508
ln_exp_mw_~c |    156,600    2.076782    .1303161   1.791697   2.683345
nonwhit~2010 |    156,600    .4607982    .2225559   .0598227   .9962162
trend_times2 |    156,600         451    69.27985        332        570
-------------+---------------------------------------------------------
med_h~at_qtl |    156,600    2.498851     1.11838          1          4
med_h~st_qtl |    156,600    2.467433    1.120644          1          4
unemp~at_qtl |    156,600    2.498851     1.11838          1          4
unemp~st_qtl |    156,600    2.467433    1.120644          1          4
colle~at_qtl |    156,600    2.498851     1.11838          1          4
-------------+---------------------------------------------------------
colle~st_qtl |    156,600    2.467433    1.120644          1          4
black~at_qtl |    156,600    2.498851     1.11838          1          4
black~st_qtl |    156,600    2.467433    1.120644          1          4
teen_~at_qtl |    156,600    2.498851     1.11838          1          4
teen_~st_qtl |    156,600    2.467433    1.120644          1          4
-------------+---------------------------------------------------------
  ziptreated |    156,600    .6413793    .4795971          0          1
       treat |    156,600    1.033857    .1808615          1          2
     d_ln_mw |    155,295    .0016445    .0119584   -.290338   .2412503




============================================================================
File: ../temp/fd_rent_panel.dta
Key: zipcode year_month
============================================================================
  156600:53(34422):1307633443:176720090

    Variable |        Obs        Mean    Std. Dev.       Min        Max
-------------+---------------------------------------------------------
     zipcode |    156,600    51920.57    29185.78       2113      99577
  year_month |    156,600       659.5    34.63992        600        719
  place_code |    129,840    40657.65    22564.03        410      87240
  countyfips |    156,240    24077.04    16484.28       1003      56021
   statefips |    156,600    23.97854    16.42626          1         56
-------------+---------------------------------------------------------
   actual_mw |    156,600     8.07779    1.207718       7.25         16
  dactual_mw |    156,600    .0152048    .1121804          0       2.21
calendar_m~h |    156,600         6.5    3.452064          1         12
         msa |    156,600    436.1801    240.1675         12        860
       trend |    156,600       225.5    34.63992        166        285
-------------+---------------------------------------------------------
    trend_sq |    156,600    52050.17    15659.42      27556      81225
    trend_cu |    156,600    1.23e+07     5408203    4574296   2.31e+07
medrentpri~c |    113,375    1.188344    .7824813   .4180214   6.731387
medrentpri~r |     24,789     1.84165    .9184999   .5015197   6.499599
medrentpri~s |     37,588    1.842276    1.001968   .5106889    6.48415
-------------+---------------------------------------------------------
white_s~2010 |    156,600    .5392018    .2225559   .0037838   .9401773
black_s~2010 |    156,600     .165993    .2003044    .003148   .9753076
teen_sh~2010 |    156,600    .1391686    .0481773   .0154552   .6235335
renthou~2010 |    156,600    .3834818     .176359   .0644567   .9662035
work_c~20105 |    156,600    .7557563    .2036341   .1421741    .995271
-------------+---------------------------------------------------------
colleg~20105 |    156,600    .4447718    .1662964   .0856991   .9082218
unemp_~20105 |    156,600    .0918395    .0398028   .0211286   .3417086
med_hh~20105 |    156,600    66919.72    24575.33   20527.66   191553.2
sh_treated~b |    156,600    .0338116    .1714027          0   .9977041
sh_treated~g |    156,600    .0337431    .1708868          0   .9984402
-------------+---------------------------------------------------------
sh_treated~c |    156,600    .0336759    .1707487          0   .9975428
exp_mw_tot~b |    156,600    8.051348    1.183335   6.378569   14.73062
Dexp_mw_to~b |    155,295    .0154906    .1014163  -.8778322   1.929518
exp_mw_job~g |    156,600    8.050165    1.174684   6.330423   14.81305
Dexp_mw_jo~g |    155,295    .0153985    .1007623   -1.04385    1.93538
-------------+---------------------------------------------------------
exp_mw_job~c |    156,600    8.051731    1.168876   5.999625   14.63397
Dexp_mw_jo~c |    155,295    .0153226    .1005358   -.925309   1.928661
       ln_mw |    156,600    2.079602    .1327775   1.981001   2.772589
ln_med_ren~c |    113,375    .0472541    .4493362  -.8722228   1.906781
ln_exp_mw_~b |    156,600    2.076519    .1318234   1.852944   2.689929
-------------+---------------------------------------------------------
Dln_exp_mw~b |    155,295    .0016937    .0108992  -.0986843   .2146382
ln_exp_mw_~g |    156,600    2.076499    .1309343   1.845367   2.695508
ln_exp_mw_~c |    156,600    2.076782    .1303161   1.791697   2.683345
nonwhit~2010 |    156,600    .4607982    .2225559   .0598227   .9962162
trend_times2 |    156,600         451    69.27985        332        570
-------------+---------------------------------------------------------
med_h~at_qtl |    156,600    2.498851     1.11838          1          4
med_h~st_qtl |    156,600    2.467433    1.120644          1          4
unemp~at_qtl |    156,600    2.498851     1.11838          1          4
unemp~st_qtl |    156,600    2.467433    1.120644          1          4
colle~at_qtl |    156,600    2.498851     1.11838          1          4
-------------+---------------------------------------------------------
colle~st_qtl |    156,600    2.467433    1.120644          1          4
black~at_qtl |    156,600    2.498851     1.11838          1          4
black~st_qtl |    156,600    2.467433    1.120644          1          4
teen_~at_qtl |    156,600    2.498851     1.11838          1          4
teen_~st_qtl |    156,600    2.467433    1.120644          1          4
-------------+---------------------------------------------------------
  ziptreated |    156,600    .6413793    .4795971          0          1
       treat |    156,600     .033857    .1808615          0          1
     d_ln_mw |    155,295    .0016445    .0119584   -.290338   .2412503




============================================================================
File: ../temp/fd_rent_panel.dta
Key: zipcode year_month
============================================================================
  156600:53(34422):499169267:1928392770

    Variable |        Obs        Mean    Std. Dev.       Min        Max
-------------+---------------------------------------------------------
     zipcode |    156,600    51920.57    29185.78       2113      99577
  year_month |    156,600       659.5    34.63992        600        719
  place_code |    129,840    40657.65    22564.03        410      87240
  countyfips |    156,240    24077.04    16484.28       1003      56021
   statefips |    156,600    23.97854    16.42626          1         56
-------------+---------------------------------------------------------
   actual_mw |    156,600     8.07779    1.207718       7.25         16
  dactual_mw |    156,600    .0152048    .1121804          0       2.21
calendar_m~h |    156,600         6.5    3.452064          1         12
         msa |    156,600    436.1801    240.1675         12        860
       trend |    156,600       225.5    34.63992        166        285
-------------+---------------------------------------------------------
    trend_sq |    156,600    52050.17    15659.42      27556      81225
    trend_cu |    156,600    1.23e+07     5408203    4574296   2.31e+07
medrentpri~c |    113,375    1.188344    .7824813   .4180214   6.731387
medrentpri~r |     24,789     1.84165    .9184999   .5015197   6.499599
medrentpri~s |     37,588    1.842276    1.001968   .5106889    6.48415
-------------+---------------------------------------------------------
white_s~2010 |    156,600    .5392018    .2225559   .0037838   .9401773
black_s~2010 |    156,600     .165993    .2003044    .003148   .9753076
teen_sh~2010 |    156,600    .1391686    .0481773   .0154552   .6235335
renthou~2010 |    156,600    .3834818     .176359   .0644567   .9662035
work_c~20105 |    156,600    .7557563    .2036341   .1421741    .995271
-------------+---------------------------------------------------------
colleg~20105 |    156,600    .4447718    .1662964   .0856991   .9082218
unemp_~20105 |    156,600    .0918395    .0398028   .0211286   .3417086
med_hh~20105 |    156,600    66919.72    24575.33   20527.66   191553.2
sh_treated~b |    156,600    .0338116    .1714027          0   .9977041
sh_treated~g |    156,600    .0337431    .1708868          0   .9984402
-------------+---------------------------------------------------------
sh_treated~c |    156,600    .0336759    .1707487          0   .9975428
exp_mw_tot~b |    156,600    8.051348    1.183335   6.378569   14.73062
Dexp_mw_to~b |    155,295    .0154906    .1014163  -.8778322   1.929518
exp_mw_job~g |    156,600    8.050165    1.174684   6.330423   14.81305
Dexp_mw_jo~g |    155,295    .0153985    .1007623   -1.04385    1.93538
-------------+---------------------------------------------------------
exp_mw_job~c |    156,600    8.051731    1.168876   5.999625   14.63397
Dexp_mw_jo~c |    155,295    .0153226    .1005358   -.925309   1.928661
       ln_mw |    156,600    2.079602    .1327775   1.981001   2.772589
ln_med_ren~c |    113,375    .0472541    .4493362  -.8722228   1.906781
ln_exp_mw_~b |    156,600    2.076519    .1318234   1.852944   2.689929
-------------+---------------------------------------------------------
Dln_exp_mw~b |    155,295    .0016937    .0108992  -.0986843   .2146382
ln_exp_mw_~g |    156,600    2.076499    .1309343   1.845367   2.695508
ln_exp_mw_~c |    156,600    2.076782    .1303161   1.791697   2.683345
nonwhit~2010 |    156,600    .4607982    .2225559   .0598227   .9962162
trend_times2 |    156,600         451    69.27985        332        570
-------------+---------------------------------------------------------
med_h~at_qtl |    156,600    2.498851     1.11838          1          4
med_h~st_qtl |    156,600    2.467433    1.120644          1          4
unemp~at_qtl |    156,600    2.498851     1.11838          1          4
unemp~st_qtl |    156,600    2.467433    1.120644          1          4
colle~at_qtl |    156,600    2.498851     1.11838          1          4
-------------+---------------------------------------------------------
colle~st_qtl |    156,600    2.467433    1.120644          1          4
black~at_qtl |    156,600    2.498851     1.11838          1          4
black~st_qtl |    156,600    2.467433    1.120644          1          4
teen_~at_qtl |    156,600    2.498851     1.11838          1          4
teen_~st_qtl |    156,600    2.467433    1.120644          1          4
-------------+---------------------------------------------------------
  ziptreated |    156,600    .6413793    .4795971          0          1
       treat |    156,600    .6112516    .9027862          0          2
     d_ln_mw |    155,295    .0016445    .0119584   -.290338   .2412503




