=========================================================================================
Filename: ../output/census/places10.csv
Key: state, place.
Dimension: 29261 x 7.

|var        |type      | n_NA| ch.min| ch.max| char.n_unique| num.mean|   num.sd| num.p0| num.p50| num.p100|
|:----------|:---------|----:|------:|------:|-------------:|--------:|--------:|------:|-------:|--------:|
|state      |character |    0|      2|      2|            51|       NA|       NA|     NA|      NA|       NA|
|place      |character |    0|      5|      5|         19289|       NA|       NA|     NA|      NA|       NA|
|stateabb   |character |    0|      2|      2|            51|       NA|       NA|     NA|      NA|       NA|
|placename  |character |    0|      3|     57|         19326|       NA|       NA|     NA|      NA|       NA|
|placetype  |character |    0|      3|     12|            12|       NA|       NA|     NA|      NA|       NA|
|landarea   |character |    0|     18|     21|         29243|       NA|       NA|     NA|      NA|       NA|
|placepop10 |numeric   |    0|     NA|     NA|            NA| 7807.568| 65656.65|      0|    1065|  8175133|
=========================================================================================

=========================================================================================
Filename: ../output/census/zip_places10.csv
Key: state, place, zipcode.
Dimension: 50404 x 12.

|var             |type      | n_NA| ch.min| ch.max| char.n_unique|    num.mean|       num.sd| num.p0|  num.p50| num.p100|
|:---------------|:---------|----:|------:|------:|-------------:|-----------:|------------:|------:|--------:|--------:|
|state           |character |    0|      2|      2|            52|          NA|           NA|     NA|       NA|       NA|
|place           |character |    0|      5|      5|         19476|          NA|           NA|     NA|       NA|       NA|
|zipcode         |character |    0|      5|      5|         27537|          NA|           NA|     NA|       NA|       NA|
|zippop10        |numeric   |    0|     NA|     NA|            NA| 15111.30549|  16050.85820|      0| 9052.500|   113916|
|relpop10        |numeric   |    0|     NA|     NA|            NA|  4574.07023|   9807.03652|      0|  608.000|   113916|
|zippctpop10     |numeric   |    0|     NA|     NA|            NA|    34.10607|     35.43461|      0|   21.130|      100|
|placepctpop10   |numeric   |    0|     NA|     NA|            NA|    58.51212|     44.58175|      0|   88.140|      100|
|ziphouse10      |numeric   |    0|     NA|     NA|            NA|  6316.57152|   6368.72090|      0| 3974.000|    47617|
|zippcthouse10   |numeric   |    0|     NA|     NA|            NA|    33.83428|     35.24062|      0|   20.760|      100|
|placehouse10    |numeric   |    0|     NA|     NA|            NA| 40277.93012| 245657.54732|      0| 1057.000|  3371062|
|placepcthouse10 |numeric   |    0|     NA|     NA|            NA|    58.50199|     44.61126|      0|   88.465|      100|
|zippctland      |numeric   |    0|     NA|     NA|            NA|    18.15305|     31.49170|      0|    2.570|      100|
=========================================================================================

=========================================================================================
Filename: ../output/census/zip_county10.csv
Key: state, county, zipcode.
Dimension: 44198 x 7.

|var           |type      | n_NA| ch.min| ch.max| char.n_unique|    num.mean|      num.sd| num.p0| num.p50| num.p100|
|:-------------|:---------|----:|------:|------:|-------------:|-----------:|-----------:|------:|-------:|--------:|
|state         |character |    0|      2|      2|            51|          NA|          NA|     NA|      NA|       NA|
|county        |character |    0|      3|      3|           324|          NA|          NA|     NA|      NA|       NA|
|countyname    |character |    0|     10|     33|          1877|          NA|          NA|     NA|      NA|       NA|
|zipcode       |numeric   |    0|     NA|     NA|            NA| 50163.85540| 25976.75804|   1001|   50123|    99929|
|zippctpop10   |numeric   |    0|     NA|     NA|            NA|    74.31332|    38.55234|      0|     100|      100|
|zippcthouse10 |numeric   |    0|     NA|     NA|            NA|    73.95358|    38.63928|      0|     100|      100|
|zippctland    |numeric   |    0|     NA|     NA|            NA|    74.63912|    35.89300|      0|     100|      100|
=========================================================================================

