===============================================================================
File: ../../../drive/derived_large/estimation_samples/baseline_zipcode_months.dta
Key: zipcode year_month
===============================================================================
  161400:175(42335):1113746554:963932233

    Variable |        Obs        Mean    Std. Dev.       Min        Max
-------------+---------------------------------------------------------
     zipcode |          0
  year_month |    161,400       659.5    34.63992        600        719
        year |    161,400      2014.5     2.87229       2010       2019
       month |    161,400         6.5    3.452063          1         12
  place_code |          0
-------------+---------------------------------------------------------
  countyfips |          0
      cbsa10 |          0
        zcta |          0
   statefips |          0
       rural |    161,400    .1524164    .3594251          0          1
-------------+---------------------------------------------------------
actual~w_max |    161,400    8.071174    1.264785       7.25         16
actual~l_max |    161,400    8.008158    1.092319       7.25         14
ac~w_wg_mean |    161,400    8.070514    1.262093       7.25         16
ac~l_wg_mean |    161,400    8.008158    1.092319       7.25         14
   actual_mw |    161,400    8.071174    1.264785       7.25         16
-------------+---------------------------------------------------------
  binding_mw |    161,400    1.608079    .6163361          1          4
actual_mw_~l |    161,400    8.008158    1.092319       7.25         14
binding_mw~l |    161,400    1.556493    .4967998          1          2
medDailyli~C |     98,596    201.1312     133.548         14       2234
medli~e_SFCC |    130,176    337378.2    312303.2      17800    5625000
-------------+---------------------------------------------------------
m~e_low_tier |     55,224      139095    82821.25      16050     939935
m~e_top_tier |    101,362    504773.9    372194.1     159950    5675000
medli~t_SFCC |    149,562    193.7818    203.4675   15.75758   2695.917
m~t_low_tier |     72,162    116.3686    84.50572   15.82222   1229.358
m~t_top_tier |    105,723    239.4181    249.0646   62.48275   2729.885
-------------+---------------------------------------------------------
medpctpric~C |    138,880     3.58405    1.910079   .0003726   43.16547
medren~e_1BR |     28,531    1674.457     726.621        470     4479.5
medren~e_2BR |     46,056    1815.501    921.5752        480       6910
medren~e_3BR |     51,330    1793.205    973.2825        640       9650
medren~e_4BR |      8,557    2340.654    1553.108      812.5      32000
-------------+---------------------------------------------------------
medren~e_5BR |        597    3833.449    793.4646       2400       6380
medre~e_SFCC |    116,333     1665.61    827.2101        595      30000
medrent~e_CC |     24,931    2060.399    919.4636        700       6195
med~e_MFdxtx |      9,271    2201.156     951.501        495     6547.5
m~e_Mfr5Plus |     60,366    1603.721    707.4959        450       6095
-------------+---------------------------------------------------------
medrent~e_SF |     94,221    1647.699    857.6323        595      30000
med~e_Studio |     15,363    1621.405    630.2798        650       3871
medren~t_1BR |     26,223    2.263327    1.004526   .7342233    6.68117
medren~t_2BR |     44,196    1.700968    .8444674   .5015198   6.506977
medren~t_3BR |     48,972    1.153698    .5984587   .5060225   6.463889
-------------+---------------------------------------------------------
medren~t_4BR |      7,505    1.031655    1.195333   .5492424   19.43396
medren~t_5BR |        236    5.265845    6.743739   .6787945   19.53571
medre~t_SFCC |    133,600    1.233179    .9003418   .4180214       22.2
medrent~t_CC |     24,788    2.126639    1.156554   .5835432       6.81
med~t_MFdxtx |      6,300    2.765966    1.423397    .515188   6.689189
-------------+---------------------------------------------------------
m~t_Mfr5Plus |     56,445    1.740123    .9193532   .5106889   6.653916
medrent~t_SF |     99,956    1.052519    .7521243   .4180214       22.2
med~t_Studio |     14,833    1.890235    1.674917   .4288971   7.182203
Monthlylis~C |    102,800    260.8872    158.8439         18       2540
NewMonthly~C |     36,783    70.51603    36.44979         11        609
-------------+---------------------------------------------------------
pctlisting~C |    147,952    13.84903    5.078784          0   40.36697
 Sale_Counts |    138,180    63.23402    34.56989          0        382
SalesPrevF~e |    133,235    .0479581    .0760358          0      .6957
    zhvi_2BR |    159,037    231019.4    261728.4      12046    3012710
   zhvi_SFCC |    160,507    311171.5    288164.7      14817    4385558
-------------+---------------------------------------------------------
      zhvi_C |    151,399    220629.1    224607.3      26254    3223582
     zhvi_SF |    160,455    367013.2    477696.6      14791    8737684
  zri_SFCCMF |    144,572    1539.245     909.918        596      50811
      zri_MF |     39,489     1625.64     694.573        542       5136
  exp_mw_tot |    161,400    8.089331    1.233454   7.250435   14.90398
-------------+---------------------------------------------------------
exp_mw_young |    161,400      8.0853    1.227802       7.25   15.07641
exp_mw_low~c |    161,400    8.077936    1.215242       7.25   14.65478
exp_ln_mw_~t |    161,400    2.079886    .1332783   1.981058   2.693328
exp_ln_mw_~g |    161,400    2.079462    .1327738   1.981001   2.705819
exp_ln_mw_~c |    161,400    2.078752    .1317595   1.981001   2.678456
-------------+---------------------------------------------------------
exp_mw_tot~n |    161,400    8.089331    1.233454   7.250435   14.90398
exp_mw_you~n |    161,400      8.0853    1.227802       7.25   15.07641
exp_mw_low~n |    161,400    8.077936    1.215242       7.25   14.65478
exp_ln_mw_.. |    161,400    2.079886    .1332783   1.981058   2.693328
exp_ln_mw_.. |    161,400    2.079462    .1327738   1.981001   2.705819
-------------+---------------------------------------------------------
exp_ln_mw_.. |    161,400    2.078752    .1317595   1.981001   2.678456
exp_mw_tot~x |    161,400    8.092247    1.239741   7.250435   14.95511
exp_mw_you~x |    161,400    8.088024     1.23346       7.25    15.1129
exp_mw_low~x |    161,400    8.080464    1.220224       7.25   14.69931
exp_ln~t_max |    161,400    2.080145    .1337789   1.981058   2.697001
-------------+---------------------------------------------------------
exp_ln~g_max |    161,400    2.079705    .1332274   1.981001   2.708444
exp_ln~c_max |    161,400    2.078978    .1321615   1.981001   2.681316
     acs_pop |    161,400     39225.3    15659.16   94.71857   117602.2
     quarter |    161,400         2.5    1.118037          1          4
year_quarter |    161,400       219.5    11.54343        200        239
-------------+---------------------------------------------------------
estcount_b~v |    161,400    10166.97    9729.306         51      57730
avgwwage_b~v |    161,400    1243.928    411.4452        226       4595
 emp_bizserv |    161,400    131711.5    138499.6        265     652629
estcount_c~t |    161,400    3296.314    2961.891         15      17241
avgwwage_c~t |    161,400    1086.203    282.2975          0       2608
-------------+---------------------------------------------------------
   emp_const |    161,400    36086.49    37940.24          0     174156
estcount_e~e |    161,400    9913.494    28234.12         46     247503
avgwwage_e~e |    161,400    941.0039    144.2123        380       1975
   emp_eduhe |    161,400    114025.5    128577.6        481     848521
estcount_f~v |    161,400    116.9112    83.44136          3        456
-------------+---------------------------------------------------------
avgwwage_f~v |    161,400    1436.932    245.8485        635       2724
  emp_fedgov |    161,400    14518.35    19459.73         42     215436
estcount_fin |    161,400    5077.728    5212.679         31      30868
avgwwage_fin |    161,400    1497.594    805.5402          0       9547
     emp_fin |    161,400    55265.98    65816.29          0     398481
-------------+---------------------------------------------------------
estcount_i~o |    161,400    948.7133    1588.825          2      13783
avgwwage_i~o |    161,400     1494.57    592.3901          0       7381
    emp_info |    161,400    20670.64    36228.51          0     240358
estcount_l~s |    161,400    4339.087    5257.536         27      40355
avgwwage_l~s |    161,400    446.6468    130.8497        204       1208
-------------+---------------------------------------------------------
    emp_leis |    161,400    94345.48    98238.82        279     555057
estcount_l~v |    161,400    326.0944    613.2432          5       4167
avgwwage_l~v |    161,400    961.9624    231.4787          0       2104
  emp_locgov |    161,400    71133.68    84156.65          0     463785
estcount_m~u |    161,400    1642.906    2182.394          1      13469
-------------+---------------------------------------------------------
avgwwage_m~u |    161,400    1277.099    389.2912          0       5315
    emp_manu |    161,400    49354.14    68297.05          0     376653
estcount_n~s |    160,428     239.233    350.2868          1       1859
avgwwage_n~s |    160,428    1148.807    897.5751          0       7963
  emp_natres |    160,428    6042.561    15587.07          0      97846
-------------+---------------------------------------------------------
estcount_s~v |    161,400    160.5271    434.0665          1       5969
avgwwage_s~v |    161,400    1004.602    291.3307          0       2572
   emp_stgov |    161,400    16965.29    17851.81          0     114555
estcount_t~p |    161,400    9615.284    10213.08         84      59640
avgwwage_t~p |    161,400    858.7385    196.3082        356       3194
-------------+---------------------------------------------------------
  emp_transp |    161,400      148153    157035.6        629     875412
  place_name |          0
 county_name |          0
 cbsa10_name |          0
   state_abb |          0
-------------+---------------------------------------------------------
houses_zct~y |    161,400    11587.05    7265.715          1      47617
n_months_z~s |    161,400    99.33086    12.19473         60        119
     pop2010 |    161,400    37548.06    14771.76   129.1841   108315.8
urb_sha~2010 |    161,400    .9697556    .0709168   .1741484          1
white_s~2010 |    161,400    .5546513    .2184896   .0035562   .9290346
-------------+---------------------------------------------------------
black_s~2010 |    161,400    .1568703    .1915178   .0026667   .9764711
hisp_sh~2010 |    161,400    .1866322    .1691919   .0071809   .9384627
asian_s~2010 |    161,400    .0693567    .0846077   .0005442   .6200006
natam_s~2010 |    161,400    .0019444    .0069242          0   .1063067
child_s~2010 |    161,400    .1965611    .0544923   .0166928   .3322176
-------------+---------------------------------------------------------
teen_sh~2010 |    161,400    .1397329    .0540105   .0144996   .7693498
youngad~2010 |    161,400    .1554941     .055811   .0199134   .4739912
adult_s~2010 |    161,400    .3945025    .0486635   .0792353   .5679368
elder_s~2010 |    161,400    .1137093    .0605199   .0093771   .7126191
housing~2010 |    161,400    15862.81    5639.321   174.5075    47208.2
-------------+---------------------------------------------------------
hh_couple_s~ |    161,400    .5376501    .1288439   .1231057   .8197036
h~child_sh~0 |    161,400    .4501825    .1067972   .0249184   .7428954
renthou~2010 |    161,400    .3729668    .1621775   .0663256   .9617182
workers20105 |    161,400    17957.48    7198.529   50.54673   52364.31
workers_pr~5 |    161,400     14372.3    5948.365   36.19294   45090.99
-------------+---------------------------------------------------------
work_c~20105 |    161,400    .7665036    .2008193   .1421741   .9963856
worktravel.. |    161,400    .0981326    .0454149   .0054477   .4152791
worktravel.. |    161,400    .8257664    .0572459   .5565532    .952129
worktravel.. |    161,400    .0761011    .0533101   .0069865   .3669155
colleg~20105 |    161,400    .4520057    .1689351   .0862192   .9084903
-------------+---------------------------------------------------------
poor_s~20105 |    161,400    .1296123    .0783225   .0141105   .6257375
lo_hhi~20105 |    161,400    .3715177    .1432169   .0440579    .825322
hi_hhi~20105 |    161,400    .2794256    .1480655   .0274226   .7890639
unemp_~20105 |    161,400    .0908317    .0391947    .017898   .3418673
employ~20105 |    161,400    .8968967    .0445686   .5994651    .975222
-------------+---------------------------------------------------------
work~ce20105 |    161,400    1016.822     623.153   4.976529   5186.171
tot_pinc20~5 |    161,400    1.00e+09    5.44e+08    5216468   5.33e+09
tot_pinc_f~5 |    161,400    8.49e+08    4.77e+08    4556284   4.60e+09
res_ratio_~m |    161,400    77.17873    76.06587   .0016915   1187.666
     rel_wgt |    161,400    .8776884    .0867548   .0411283          1
-------------+---------------------------------------------------------
worker_foo.. |    161,400    .0564424    .0252367   .0017098   .1831349
med_hh~20105 |    161,400     67948.4     25240.5   20493.67   191944.9
med_pi~20105 |    161,400    37955.22    12777.82   10407.58   108198.9
med_earn_h~5 |    159,600    27739.94    16248.94       2499     250001
m~tectserv~5 |    159,960    47597.75    20066.57       2499     250001
-------------+---------------------------------------------------------
med_earn_f~5 |    161,280    16427.25    6973.723   4444.173   129086.4
med_earn_c~5 |    159,840    22592.28    11910.41       2499   249932.6
med_~e_20105 |    161,400    19805.65    10043.22       2499     250001
med~sp_20105 |    161,280     34350.1    12303.58   10517.69   216006.3
      totjob |    161,400    1400.352    1181.224   .2926365   10265.69
-------------+---------------------------------------------------------
   job_young |    161,400    334.3552    302.8472   .0355223   2617.575
  job_lowinc |    161,400    378.9513    314.0584   .0456716   2449.041
residents_~t |    161,400    18101.66    7468.032   44.21297   47670.63
residents_~g |    161,400    4181.251    1837.556    9.91193   13908.37
resident_l~c |    161,400    3858.533    1663.879   10.11757   12589.05
-------------+---------------------------------------------------------
   share_tot |    161,400    .0784494     .058711   .0028986   .5001224
 share_young |    161,400       .0793    .0600439   .0019707   .4578296
share_lowinc |    161,400    .0960869     .061248   .0030742   .4497476
min_year_m~h |    161,400    620.6691    12.19473        601        660
 wgt_cbsa100 |    161,400           1    .5641543   .1801957   3.620234




===============================================================================
File: ../../../drive/derived_large/estimation_samples/all_zipcode_months.dta
Key: zipcode year_month
===============================================================================
  4858560:174(76515):3365582734:3078969151

    Variable |        Obs        Mean    Std. Dev.       Min        Max
-------------+---------------------------------------------------------
     zipcode |          0
  year_month |  4,858,560       659.5    34.63982        600        719
        year |  4,858,560      2014.5    2.872282       2010       2019
       month |  4,858,560         6.5    3.452053          1         12
  place_code |          0
-------------+---------------------------------------------------------
  countyfips |          0
      cbsa10 |          0
        zcta |          0
   statefips |          0
       rural |  4,858,560     .444675    .4969298          0          1
-------------+---------------------------------------------------------
actual~w_max |  4,858,560    7.933845    1.134234       7.25       16.3
actual~l_max |  4,858,560    7.903267    1.042805       7.25         14
ac~w_wg_mean |  4,858,560    7.931478    1.129282       7.25      16.09
ac~l_wg_mean |  4,858,560    7.902423    1.042241       7.25         14
   actual_mw |  4,858,560    7.931512    1.129657       7.25      16.09
-------------+---------------------------------------------------------
  binding_mw |  4,858,560    1.478565    .5600661          1          4
actual_mw_~l |  4,858,560    7.902459    1.042369       7.25         14
binding_mw~l |  4,858,560    1.454407     .497917          1          2
medDailyli~C |    872,235    107.2474    96.89177         11       2234
medli~e_SFCC |    919,398    296524.5    256996.8      12000    6995000
-------------+---------------------------------------------------------
m~e_low_tier |    237,537    151736.7    94283.89      11750     939935
m~e_top_tier |    481,521    463979.4    350800.1     112450    7295000
medli~t_SFCC |  1,083,813    165.6305    135.7581   11.57113   2802.347
m~t_low_tier |    296,286    121.5329    83.33472   11.50727   1672.388
m~t_top_tier |    516,368    206.6456    177.9822   31.52173   2799.423
-------------+---------------------------------------------------------
medpctpric~C |    828,016    3.957614    1.949874   .0002196   48.27586
medren~e_1BR |     69,440    1607.937     670.499        350       5195
medren~e_2BR |    106,799    1766.741    879.0102        475      19500
medren~e_3BR |     76,539    1928.871     1459.31        455      40000
medren~e_4BR |     10,310    3116.339    5197.041        435      50000
-------------+---------------------------------------------------------
medren~e_5BR |        868     5715.09    7571.906       1250      50000
medre~e_SFCC |    192,932    1768.679    1527.426        500      50000
medrent~e_CC |     34,676     2105.65    938.7924        700       8975
med~e_MFdxtx |     26,880    1979.011    832.9655        375       6646
m~e_Mfr5Plus |    175,096     1554.04    697.8883        375      20000
-------------+---------------------------------------------------------
medrent~e_SF |    142,386    1778.371    1931.017        500      50000
med~e_Studio |     28,999    1670.905    1365.808        300      50000
medren~t_1BR |     55,424    2.191226    .9194792   .6388889   7.164352
medren~t_2BR |     92,792    1.682865     .803698   .5015198   12.55461
medren~t_3BR |     67,139    1.233209    .8117302   .5060225       17.5
-------------+---------------------------------------------------------
medren~t_4BR |      8,370     1.49865    2.559936   .5492424   21.85141
medren~t_5BR |        537    7.753782    7.031498   .3727683         22
medre~t_SFCC |    197,978    1.303812    1.033133   .1091193   23.96932
medrent~t_CC |     30,608    2.170225    1.168605   .5835432   12.92755
med~t_MFdxtx |     11,949    2.451649    1.286775   .3627695   6.936796
-------------+---------------------------------------------------------
m~t_Mfr5Plus |    146,858    1.736677     .849114   .3150482   12.55435
medrent~t_SF |    144,593       1.145    1.002039   .1039069   24.48466
med~t_Studio |     23,491    1.954625    1.574804   .4288971   7.347833
Monthlylis~C |    946,793    127.9681    115.9901         11       2540
NewMonthly~C |    106,535     52.3928    31.51132         11        609
-------------+---------------------------------------------------------
pctlisting~C |  1,108,016    13.15715     5.34997          0   47.94521
 Sale_Counts |  3,682,580    11.14501    19.84515          0        493
SalesPrevF~e |  2,623,186    .0326417    .1018719          0          1
    zhvi_2BR |  3,011,088    148986.8    146056.2       7879    3893638
   zhvi_SFCC |  3,470,146    188959.5    191397.2       8565    6478929
-------------+---------------------------------------------------------
      zhvi_C |  1,207,185    210632.7      177676      13759    3815192
     zhvi_SF |  3,466,100    197499.4    234385.7       8565    8737684
  zri_SFCCMF |  1,335,839        1355    876.0783        368      83894
      zri_MF |    138,428    1516.469    639.5635        420      18349
  exp_mw_tot |  4,152,360    7.939996    1.091968       7.25   14.92743
-------------+---------------------------------------------------------
exp_mw_young |  4,152,360    7.937314    1.084336       7.25   15.07641
exp_mw_low~c |  4,152,360    7.932575    1.079528       7.25   14.99598
exp_ln_mw_~t |  4,152,360    2.063029    .1213548   1.981001     2.6952
exp_ln_mw_~g |  4,152,360    2.062733    .1205857   1.981001   2.705819
exp_ln_mw_~c |  4,152,360    2.062301    .1203579   1.981001   2.699777
-------------+---------------------------------------------------------
exp_mw_tot~n |  4,152,360    7.939996    1.091968       7.25   14.92743
exp_mw_you~n |  4,152,360    7.937314    1.084336       7.25   15.07641
exp_mw_low~n |  4,152,360    7.932575    1.079528       7.25   14.99598
exp_ln_mw_.. |  4,152,360    2.063029    .1213548   1.981001     2.6952
exp_ln_mw_.. |  4,152,360    2.062733    .1205857   1.981001   2.705819
-------------+---------------------------------------------------------
exp_ln_mw_.. |  4,152,360    2.062301    .1203579   1.981001   2.699777
exp_mw_tot~x |  4,152,360    7.943717    1.097813       7.25   14.97792
exp_mw_you~x |  4,152,360    7.940998     1.08995       7.25    15.1129
exp_mw_low~x |  4,152,360    7.936206    1.084743       7.25   15.07594
exp_ln~t_max |  4,152,360    2.063399    .1218168   1.981001   2.698825
-------------+---------------------------------------------------------
exp_ln~g_max |  4,152,360    2.063101     .121032   1.981001   2.708444
exp_ln~c_max |  4,152,360    2.062667    .1207738   1.981001   2.705522
     acs_pop |  4,650,732    8108.076    13091.87          0   117602.2
     quarter |  4,858,560         2.5    1.118034          1          4
year_quarter |  4,858,560       219.5     11.5434        200        239
-------------+---------------------------------------------------------
estcount_b~v |  4,854,930    2828.841    6806.763          1      57730
avgwwage_b~v |  4,854,930     948.061    439.6875          0      26956
 emp_bizserv |  4,854,930    37474.46    93420.58          0     652629
estcount_c~t |  4,855,071    1050.912    2125.605          1      17241
avgwwage_c~t |  4,855,071     910.546    324.5793          0       8024
-------------+---------------------------------------------------------
   emp_const |  4,855,071    10036.14     22364.8          0     174156
estcount_e~e |  4,853,259    3755.616    20496.05          1     247503
avgwwage_e~e |  4,853,259    768.9607    214.2911          0       2749
   emp_eduhe |  4,853,259    37565.05    92864.97          0     848521
estcount_f~v |  4,857,462    52.87882    68.72248          1        456
-------------+---------------------------------------------------------
avgwwage_f~v |  4,857,462     1191.62    297.2385          0       3704
  emp_fedgov |  4,857,462    5185.439    17235.76          0     215436
estcount_fin |  4,854,741    1439.245    3546.852          1      30868
avgwwage_fin |  4,854,741    1065.029    574.8823          0      12775
     emp_fin |  4,854,741    15100.96    39271.64          0     398481
-------------+---------------------------------------------------------
estcount_i~o |  4,813,338    308.2667    1151.355          1      13783
avgwwage_i~o |  4,813,338    994.9525    637.4869          0      16227
    emp_info |  4,813,338    6736.829    24994.16          0     240358
estcount_l~s |  4,855,572    1400.558    3864.192          1      40355
avgwwage_l~s |  4,855,572    331.4298     125.588          0       2473
-------------+---------------------------------------------------------
    emp_leis |  4,855,572    26512.73    65950.14          0     555057
estcount_l~v |  4,857,648    178.8058    449.8659          1       4167
avgwwage_l~v |  4,857,648    760.6475    295.6058          0       2104
  emp_locgov |  4,857,648    22126.56    58021.82          0     463785
estcount_m~u |  4,835,526    560.1001    1564.848          1      13469
-------------+---------------------------------------------------------
avgwwage_m~u |  4,835,526    1015.391    427.5086          0       7592
    emp_manu |  4,835,526    18152.73    47142.04          0     376653
estcount_n~s |  4,829,340    96.85451    198.2932          1       1859
avgwwage_n~s |  4,829,340    876.2312    569.3089          0      23770
  emp_natres |  4,829,340    1913.918    7515.095          0      97846
-------------+---------------------------------------------------------
estcount_s~v |  4,790,640    82.05716    355.9897          1       5969
avgwwage_s~v |  4,790,640    886.5078    339.4114          0       4279
   emp_stgov |  4,790,640    6192.275    13383.44          0     114555
estcount_t~p |  4,857,573    2887.218    7098.594          1      59640
avgwwage_t~p |  4,857,573    715.4686    187.6451          0      11257
-------------+---------------------------------------------------------
  emp_transp |  4,857,573    44348.46    108596.8          0     875412
  place_name |          0
 county_name |          0
 cbsa10_name |          0
   state_abb |          0
-------------+---------------------------------------------------------
houses_zct~y |  4,858,560    3314.308    5032.039          1      47617
n_months_z~s |    397,920    59.70386    34.20743         12        119
     pop2010 |  4,652,760    7948.124    12720.74          0   113889.5
urb_sha~2010 |  4,151,160    .4613761    .4322776          0          1
white_s~2010 |  4,151,160    .7672467    .2445606          0   .9947553
-------------+---------------------------------------------------------
black_s~2010 |  4,151,160    .0835678    .1587714          0   .9884837
hisp_sh~2010 |  4,151,160    .0961775    .1577932          0    .990709
asian_s~2010 |  4,151,160    .0225304    .0532153          0   .8468078
natam_s~2010 |  4,151,160    .0010224    .0080403          0   .3070784
child_s~2010 |  4,151,160     .187605    .0428683          0    .484375
-------------+---------------------------------------------------------
teen_sh~2010 |  4,151,160    .1292772    .0575966          0    .996958
youngad~2010 |  4,151,160     .118441    .0412865          0   .5365554
adult_s~2010 |  4,151,160    .4128375    .0528444   .0001275   .7731959
elder_s~2010 |  4,151,160    .1518393    .0556111          0   .8564868
housing~2010 |  4,652,760    3392.469    5173.802          0    47208.2
-------------+---------------------------------------------------------
hh_couple_s~ |  4,150,200     .581981    .1150911          0          1
h~child_sh~0 |  4,149,960    .4022907    .0900765          0          1
renthou~2010 |  4,148,880    .2867532    .1724172   .0201613          1
workers20105 |  4,652,760    3602.293    5892.527          0   52364.31
workers_pr~5 |  4,652,760    2876.938    4795.051          0   45090.99
-------------+---------------------------------------------------------
work_c~20105 |  4,148,880    .6986709    .1894638          0          1
worktravel.. |  4,148,760     .175861    .1115798          0          1
worktravel.. |  4,148,760    .7431935    .1115241          0          1
worktravel.. |  4,148,760    .0809455     .057921          0   .7333333
colleg~20105 |  4,149,720    .3114013    .1492438          0          1
-------------+---------------------------------------------------------
poor_s~20105 |  4,148,160    .1497958     .095603          0          1
lo_hhi~20105 |  4,148,160     .465272    .1490236          0          1
hi_hhi~20105 |  4,148,160    .1834618    .1276664          0   .8888889
unemp_~20105 |  4,148,880    .0875349    .0456761          0   .4514774
employ~20105 |  4,148,760    .8785067    .0618022   .3702624          1
-------------+---------------------------------------------------------
work~ce20105 |  4,652,760    205.1118    385.5869          0   8881.796
tot_pinc20~5 |  4,652,760    1.79e+08    3.25e+08          0   5.33e+09
tot_pinc_f~5 |  4,652,760    1.48e+08    2.75e+08          0   4.60e+09
res_ratio_~m |  4,652,760    12.32049    39.30589          0   1521.203
     rel_wgt |  4,652,760    .4518264    .3454984          0          1
-------------+---------------------------------------------------------
worker_foo.. |  4,148,760    .0533413    .0287716          0   .4623032
med_hh~20105 |  4,147,680    52634.71    21492.98       4607     250001
med_pi~20105 |  4,149,600    29804.26    9730.812       2499     127375
med_earn_h~5 |  3,845,640    22150.45     11708.4       2499     250001
m~tectserv~5 |  3,785,280    42908.11    21187.83       2499     250001
-------------+---------------------------------------------------------
med_earn_f~5 |  4,087,200     12568.8    6619.265       2499     250001
med_earn_c~5 |  4,023,840    19457.94    10530.45       2499     250001
med_~e_20105 |  4,011,000    16226.17    10071.76       2499     250001
med~sp_20105 |  4,122,480    32124.37    10454.44       2499     250001
      totjob |  4,149,720    455.6732    980.6687          0    13930.5
-------------+---------------------------------------------------------
   job_young |  4,149,720    104.1031    235.4767          0   4854.239
  job_lowinc |  4,149,720    129.6497    266.5114          0   3995.538
residents_~t |  4,149,720    4076.771    6234.563   .1946674    48838.9
residents_~g |  4,149,720    949.2979    1496.694   .0379372   15045.72
resident_l~c |  4,149,720    934.5932    1402.462    .044504   12589.05
-------------+---------------------------------------------------------
   share_tot |  4,149,720    .0764637     .101093          0   .8858447
 share_young |  4,149,720    .0702725    .0941373          0   .9016393
share_lowinc |  4,149,720    .0901598    .1077136          0   .9285714
 wgt_cbsa100 |  4,147,320           1    .8388247   .2795722   34.48031




===============================================================================
File: ../../../drive/derived_large/estimation_samples/fully_balanced_zipcode_months.dta
Key: zipcode year_month
===============================================================================
  80700:175(42335):3030239803:3394374766

    Variable |        Obs        Mean    Std. Dev.       Min        Max
-------------+---------------------------------------------------------
     zipcode |          0
  year_month |     80,700       689.5    17.31821        660        719
        year |     80,700        2017    1.414222       2015       2019
       month |     80,700         6.5    3.452074          1         12
  place_code |          0
-------------+---------------------------------------------------------
  countyfips |          0
      cbsa10 |          0
        zcta |          0
   statefips |          0
       rural |     80,700    .1524164    .3594262          0          1
-------------+---------------------------------------------------------
actual~w_max |     80,700    8.558388    1.587101       7.25         16
actual~l_max |     80,700    8.439839    1.352468       7.25         14
ac~w_wg_mean |     80,700    8.557069    1.583215       7.25         16
ac~l_wg_mean |     80,700    8.439839    1.352468       7.25         14
   actual_mw |     80,700    8.558388    1.587101       7.25         16
-------------+---------------------------------------------------------
  binding_mw |     80,700    1.722726    .6791658          1          4
actual_mw_~l |     80,700    8.439839    1.352468       7.25         14
binding_mw~l |     80,700    1.627509    .4834711          1          2
medDailyli~C |     70,792     195.851    135.0516         14       2234
medli~e_SFCC |     74,153    387558.3    358232.8      25000    5625000
-------------+---------------------------------------------------------
m~e_low_tier |     35,011    159004.2    88399.59      18900     939935
m~e_top_tier |     55,569    580277.9    433917.7     160000    5675000
medli~t_SFCC |     78,150    221.8165    232.9861   19.39864   2695.917
m~t_low_tier |     43,352    135.9559    94.34669   19.39864   1229.358
m~t_top_tier |     57,824    272.7205    283.8798   73.64353   2729.885
-------------+---------------------------------------------------------
medpctpric~C |     74,400    2.896641    1.367161   .0003726   23.35717
medren~e_1BR |     23,157    1620.691    699.1089        470     4479.5
medren~e_2BR |     35,509    1821.873     914.773        480       6910
medren~e_3BR |     38,262    1886.421    1006.982        650       9650
medren~e_4BR |      7,062    2393.607    1662.981      812.5      32000
-------------+---------------------------------------------------------
medren~e_5BR |        432    3959.161    816.4303       2500       6380
medre~e_SFCC |     74,012    1757.887    901.5042        625      30000
medrent~e_CC |     17,546    2090.987    919.3892        725       6195
med~e_MFdxtx |      7,107    2135.403    966.3844        495     6547.5
m~e_Mfr5Plus |     44,338    1611.713    702.7915        450       6095
-------------+---------------------------------------------------------
medrent~e_SF |     62,653    1762.196    957.7491        625      30000
med~e_Studio |     10,854    1667.789    628.4663      662.5       3871
medren~t_1BR |     22,003    2.245317    1.010125   .7345523    6.68117
medren~t_2BR |     34,645    1.715656    .8509853   .5015198   6.506977
medren~t_3BR |     37,075    1.225016    .6349698   .5060225   6.463889
-------------+---------------------------------------------------------
medren~t_4BR |      6,359    1.078326    1.291286   .5696615   19.43396
medren~t_5BR |        201    6.060722    7.011063   .7080261   19.53571
medre~t_SFCC |     80,700    1.319908    1.012426   .4660688       22.2
medrent~t_CC |     17,662    2.207744    1.185975   .5835432       6.81
med~t_MFdxtx |      5,385    2.732931    1.455181    .515188   6.689189
-------------+---------------------------------------------------------
m~t_Mfr5Plus |     42,173    1.780605    .9400156   .5106889   6.653916
medrent~t_SF |     65,334    1.135565     .862027   .4660688       22.2
med~t_Studio |     10,648    2.112912    1.742972   .4669706   7.182203
Monthlylis~C |     73,528    255.1383    159.5749         18       2540
NewMonthly~C |     30,654    68.74878    35.14708         11        433
-------------+---------------------------------------------------------
pctlisting~C |     79,260     14.5903    5.182696          0   40.36697
 Sale_Counts |     73,823     70.7839    35.99533          0        382
SalesPrevF~e |     70,042    .0192554    .0329037          0      .4634
    zhvi_2BR |     80,265      263699    286461.8      14713    3012710
   zhvi_SFCC |     80,533      355155    322950.3      14817    4385558
-------------+---------------------------------------------------------
      zhvi_C |     77,477    248969.6    248195.8      26254    3223582
     zhvi_SF |     80,590    420409.6    535683.6      14791    8737684
  zri_SFCCMF |     77,856    1643.304    1094.042        619      47182
      zri_MF |     27,473    1665.369    700.2998        542       5136
  exp_mw_tot |     80,700    8.589658    1.534155   7.253107   14.90398
-------------+---------------------------------------------------------
exp_mw_young |     80,700    8.582881    1.527224   7.253261   15.07641
exp_mw_low~c |     80,700    8.570675    1.510835   7.252558   14.65478
exp_ln_mw_~t |     80,700    2.134829    .1626824    1.98139   2.693328
exp_ln_mw_~g |     80,700    2.134145    .1620826   1.981414   2.705819
exp_ln_mw_~c |     80,700     2.13302    .1607867   1.981329   2.678456
-------------+---------------------------------------------------------
exp_mw_tot~n |     80,700    8.589658    1.534155   7.253107   14.90398
exp_mw_you~n |     80,700    8.582881    1.527224   7.253261   15.07641
exp_mw_low~n |     80,700    8.570675    1.510835   7.252558   14.65478
exp_ln_mw_.. |     80,700    2.134829    .1626824    1.98139   2.693328
exp_ln_mw_.. |     80,700    2.134145    .1620826   1.981414   2.705819
-------------+---------------------------------------------------------
exp_ln_mw_.. |     80,700     2.13302    .1607867   1.981329   2.678456
exp_mw_tot~x |     80,700    8.594615    1.542285   7.253107   14.95511
exp_mw_you~x |     80,700    8.587446    1.534535   7.253276    15.1129
exp_mw_low~x |     80,700    8.574846    1.517189   7.252558   14.69931
exp_ln~t_max |     80,700    2.135264    .1633184    1.98139   2.697001
-------------+---------------------------------------------------------
exp_ln~g_max |     80,700    2.134547    .1626583   1.981415   2.708444
exp_ln~c_max |     80,700    2.133389    .1612894   1.981329   2.681316
     acs_pop |     80,700    40756.67    16132.73   125.5237   117602.2
     quarter |     80,700         2.5    1.118041          1          4
year_quarter |     80,700       229.5    5.766317        220        239
-------------+---------------------------------------------------------
estcount_b~v |     80,700    10710.15    10218.78         51      57730
avgwwage_b~v |     80,700    1325.967    430.5148        307       3562
 emp_bizserv |     80,700    141208.5    146220.7        390     652629
estcount_c~t |     80,700     3443.44    3087.009         15      17241
avgwwage_c~t |     80,700    1169.557    282.8144          0       2608
-------------+---------------------------------------------------------
   emp_const |     80,700    40615.43     41323.8          0     174156
estcount_e~e |     80,700     12457.9    34600.64         46     247503
avgwwage_e~e |     80,700    982.0925    146.2333        405       1711
   emp_eduhe |     80,700    123796.6    140836.1        554     848521
estcount_f~v |     80,700    113.5605    82.23582          3        456
-------------+---------------------------------------------------------
avgwwage_f~v |     80,700    1510.225    249.0651        666       2724
  emp_fedgov |     80,700    14487.05    19147.72         48     201826
estcount_fin |     80,700    5327.316    5499.919         39      30868
avgwwage_fin |     80,700    1616.699    846.2994          0       9547
     emp_fin |     80,700    58223.77    68780.66          0     398481
-------------+---------------------------------------------------------
estcount_i~o |     80,700    1004.705    1750.214          2      13783
avgwwage_i~o |     80,700    1614.674    650.1518          0       7381
    emp_info |     80,700    21534.19    38191.44          0     240358
estcount_l~s |     80,700    4632.922     5723.25         31      40355
avgwwage_l~s |     80,700    476.0504    136.1345        211       1208
-------------+---------------------------------------------------------
    emp_leis |     80,700    102356.1    106110.5        422     555057
estcount_l~v |     80,700    346.1739    642.4543          6       4167
avgwwage_l~v |     80,700    1017.755      235.82          0       2104
  emp_locgov |     80,700    70842.86    81429.13          0     463785
estcount_m~u |     80,700    1661.303    2169.353          4      12869
-------------+---------------------------------------------------------
avgwwage_m~u |     80,700    1333.061    412.9119          0       5315
    emp_manu |     80,700    50030.83    67251.18          0     360630
estcount_n~s |     80,388    240.2356    349.2314          1       1859
avgwwage_n~s |     80,388    1185.832     891.934          0       6295
  emp_natres |     80,388    5758.407     14324.2          0      94462
-------------+---------------------------------------------------------
estcount_s~v |     80,700    163.7932    417.6188          1       5683
avgwwage_s~v |     80,700    1075.456    309.0105          0       2572
   emp_stgov |     80,700    17419.26    18063.38          0     110040
estcount_t~p |     80,700    9715.623    10374.41         89      59640
avgwwage_t~p |     80,700    909.7154    205.2024        439       3194
-------------+---------------------------------------------------------
  emp_transp |     80,700    155356.6    163141.5       1023     875412
  place_name |          0
 county_name |          0
 cbsa10_name |          0
   state_abb |          0
-------------+---------------------------------------------------------
houses_zct~y |     80,700    11587.05    7265.738          1      47617
n_months_z~s |     80,700    99.33086    12.19477         60        119
     pop2010 |     80,700    37548.06    14771.81   129.1841   108315.8
urb_sha~2010 |     80,700    .9697556     .070917   .1741484          1
white_s~2010 |     80,700    .5546513    .2184903   .0035562   .9290346
-------------+---------------------------------------------------------
black_s~2010 |     80,700    .1568703    .1915184   .0026667   .9764711
hisp_sh~2010 |     80,700    .1866322    .1691924   .0071809   .9384627
asian_s~2010 |     80,700    .0693567     .084608   .0005442   .6200006
natam_s~2010 |     80,700    .0019444    .0069243          0   .1063067
child_s~2010 |     80,700    .1965611    .0544925   .0166928   .3322176
-------------+---------------------------------------------------------
teen_sh~2010 |     80,700    .1397329    .0540107   .0144996   .7693498
youngad~2010 |     80,700    .1554941    .0558111   .0199134   .4739912
adult_s~2010 |     80,700    .3945025    .0486636   .0792353   .5679368
elder_s~2010 |     80,700    .1137093    .0605201   .0093771   .7126191
housing~2010 |     80,700    15862.81    5639.339   174.5075    47208.2
-------------+---------------------------------------------------------
hh_couple_s~ |     80,700    .5376501    .1288443   .1231057   .8197036
h~child_sh~0 |     80,700    .4501825    .1067975   .0249184   .7428954
renthou~2010 |     80,700    .3729668     .162178   .0663256   .9617182
workers20105 |     80,700    17957.48    7198.552   50.54673   52364.31
workers_pr~5 |     80,700     14372.3    5948.384   36.19294   45090.99
-------------+---------------------------------------------------------
work_c~20105 |     80,700    .7665036    .2008199   .1421741   .9963856
worktravel.. |     80,700    .0981326    .0454151   .0054477   .4152791
worktravel.. |     80,700    .8257664    .0572461   .5565532    .952129
worktravel.. |     80,700    .0761011    .0533103   .0069865   .3669155
colleg~20105 |     80,700    .4520057    .1689357   .0862192   .9084903
-------------+---------------------------------------------------------
poor_s~20105 |     80,700    .1296123    .0783227   .0141105   .6257375
lo_hhi~20105 |     80,700    .3715177    .1432173   .0440579    .825322
hi_hhi~20105 |     80,700    .2794256    .1480659   .0274226   .7890639
unemp_~20105 |     80,700    .0908317    .0391949    .017898   .3418673
employ~20105 |     80,700    .8968967    .0445688   .5994651    .975222
-------------+---------------------------------------------------------
work~ce20105 |     80,700    1016.822     623.155   4.976529   5186.171
tot_pinc20~5 |     80,700    1.00e+09    5.44e+08    5216468   5.33e+09
tot_pinc_f~5 |     80,700    8.49e+08    4.77e+08    4556284   4.60e+09
res_ratio_~m |     80,700    77.17873    76.06611   .0016915   1187.666
     rel_wgt |     80,700    .8776884    .0867551   .0411283          1
-------------+---------------------------------------------------------
worker_foo.. |     80,700    .0564424    .0252368   .0017098   .1831349
med_hh~20105 |     80,700     67948.4    25240.58   20493.67   191944.9
med_pi~20105 |     80,700    37955.22    12777.86   10407.58   108198.9
med_earn_h~5 |     79,800    27739.94    16248.99       2499     250001
m~tectserv~5 |     79,980    47597.75    20066.64       2499     250001
-------------+---------------------------------------------------------
med_earn_f~5 |     80,640    16427.25    6973.745   4444.173   129086.4
med_earn_c~5 |     79,920    22592.28    11910.45       2499   249932.6
med_~e_20105 |     80,700    19805.65    10043.25       2499     250001
med~sp_20105 |     80,640     34350.1    12303.62   10517.69   216006.3
      totjob |     80,700    1400.352    1181.227   .2926365   10265.69
-------------+---------------------------------------------------------
   job_young |     80,700    334.3552    302.8481   .0355223   2617.575
  job_lowinc |     80,700    378.9513    314.0594   .0456716   2449.041
residents_~t |     80,700    18101.66    7468.055   44.21297   47670.63
residents_~g |     80,700    4181.251    1837.562    9.91193   13908.37
resident_l~c |     80,700    3858.533    1663.884   10.11757   12589.05
-------------+---------------------------------------------------------
   share_tot |     80,700    .0784494    .0587112   .0028986   .5001224
 share_young |     80,700       .0793    .0600441   .0019707   .4578296
share_lowinc |     80,700    .0960869    .0612482   .0030742   .4497476
min_year_m~h |     80,700    620.6691    12.19477        601        660
 wgt_cbsa100 |     80,700           1    .5641561   .1801957   3.620234




