===============================================================================
File: ../output/cfs.dta
Key: zipcode counterfactual
===============================================================================
  46797:59(50392):3517896886:210992187

    Variable |        Obs        Mean    Std. Dev.       Min        Max
-------------+---------------------------------------------------------
     zipcode |          0
counterfac~l |          0
        year |     46,797        2020           0       2020       2020
       month |     46,797           1           0          1          1
exp_ln_mw_~f |     46,797    2.323188    .4954416          0   2.756195
-------------+---------------------------------------------------------
   fed_mw_cf |     46,797    10.65833    3.098442      7.975         15
        zcta |          0
   statefips |          0
   actual_mw |     46,797     9.08162    2.081692       7.25       16.3
exp_ln_mw_18 |     46,794    2.110399    .4410028          0   2.699295
-------------+---------------------------------------------------------
   state_abb |          0
       ln_mw |     46,797    2.182438    .2132422   1.981001   2.791165
actual_mw_cf |     46,797    11.42795    2.881062      7.975       16.3
    ln_mw_cf |     46,797    2.404214    .2522525   2.076312   2.791165
  d_ln_mw_cf |     46,797    .2217759    .2568247          0   .7270488
-------------+---------------------------------------------------------
d_exp_ln_m~f |     46,794    .2127884    .2509458          0   .7270488
  d_ln_rents |     46,794    .0070331     .008699  -.0174042   .0291848
  place_code |          0
  countyfips |          0
      cbsa10 |          0
-------------+---------------------------------------------------------
houses_zct~y |     46,797    4452.302    5666.329          1      47617
       rural |     46,797           0           0          0          0
pop2020_esri |     46,794    15516.51    17563.17          0     117035
   area_sqmi |     46,794    116.5989    493.8319          0   20301.08
zipcode_type |          0
-------------+---------------------------------------------------------
  rent_psqft |      8,325    1.508656    1.142605   .1168927   16.67896
sqft_from~gs |     20,625    1736.686    481.2607   192.7687   6308.948
sqft_from~ts |      7,770    1416.339     444.004   209.5036   12119.38
num_hhlds_~s |     42,435    7673.318    8104.042        100      54190
adj_gross_~c |     42,435    607894.4    877768.3       1761   1.42e+07
-------------+---------------------------------------------------------
  total_wage |     42,435    406327.2    530010.2        985    6397154
total_hous~s |     46,797    5733.665    6249.839          0      41355
owner_occu~d |     46,797    3460.019    3734.684          0      28752
renter_occ~d |     46,797    2273.646    3211.946          0      33582
       black |     46,797    2096.199    5094.374          0      86706
-------------+---------------------------------------------------------
    hispanic |     46,797    3212.864    7585.296          0     101183
num_county~s |     46,797    1268.442    821.0852          1       2790
  num_cbsa10 |     46,797    574.4082    293.2822          1        928
num_zipcod~e |     46,797           2           0          2          2
p_sqft_fr~ts |     46,794    1576.183    358.8087   152.1724   11245.49
-------------+---------------------------------------------------------
imp_sqft_~ts |     46,794    1576.183    369.6889   152.1724   12119.38
p_sqft_fr~gs |     46,794    1787.875    325.6994   195.7532   5357.109
imp_sqft_~gs |     46,797    1787.803    401.3957   192.7687   6308.948
p_rent_psqft |     46,794    1.175612    1.029423   .0061446    12.0248
imp_rent_p~t |     46,794    1.175612     1.04035   .0061446   16.67896
-------------+---------------------------------------------------------
p_total_wage |     46,794      381048    521760.9       2770   1.21e+07
imp_total_~e |     46,794      381048    513122.2        985    6397154
     d_rents |      8,325    .0081416    .0107516  -.0032778   .1781885
total_rent~e |      7,770     7724784     4418339   22586.45   3.60e+07
d_rental_e~e |      7,770    59915.45    88267.24  -40230.15   903416.1
-------------+---------------------------------------------------------
d_ln_wageb~l |     46,794    .0375868    .0443269          0   .1284255
  d_wagebill |     42,432     13403.7    30016.81          0   550912.2
         rho |      7,752    3.002271    2.476107  -1.175572   28.10924
     rho_alt |     45,217    .2355764    .0678928  -.1243417   .3283558
 d_rents_imp |     46,791    .0069332    .0097357  -.0631915   .2534502
-------------+---------------------------------------------------------
total_rent~p |     46,794     3156345     4041739          0   3.60e+07
d_rental_e~p |     46,791    21676.17    52108.06    -318935   993759.3
d_wagebill~p |     46,791    12427.37    28903.31          0   550912.2
     rho_imp |     45,214    2.687121    3.185018  -1.175572   109.5693




