===============================================================================
File: ../output/safmr_2012_2016_by_zipcode_county_cbsa.dta
Key: countyfips cbsa zipcode year
===============================================================================
  121696:9(57110):2073235460:1859214820

    Variable |        Obs        Mean    Std. Dev.       Min        Max
-------------+---------------------------------------------------------
  countyfips |          0
        cbsa |          0
     zipcode |          0
        year |    121,696    2014.043    1.431673       2012       2016
    safmr0br |    121,696    653.0485    247.0103        300       2020
-------------+---------------------------------------------------------
    safmr1br |    121,696    749.0634     270.163        310       2370
    safmr2br |    121,696    926.0885    322.9981        370       2960
    safmr3br |    121,696    1237.018    434.3868        510       4090
    safmr4br |    121,696    1429.714    528.6493        540       4600




===============================================================================
File: ../output/safmr_2017_2019_by_zipcode_cbsa.dta
Key: cbsa zipcode year
===============================================================================
  74693:8(91200):1150265977:1065797759

    Variable |        Obs        Mean    Std. Dev.       Min        Max
-------------+---------------------------------------------------------
        cbsa |          0
     zipcode |          0
        year |     74,693    2018.004     .816508       2017       2019
    safmr0br |     74,693    762.2572    316.1855        290       3130
    safmr1br |     74,693    868.5985    359.8912        290       3840
-------------+---------------------------------------------------------
    safmr2br |     74,693    1076.426    435.1041        390       4760
    safmr3br |     74,693    1441.413      584.31        500       6240
    safmr4br |     74,693    1680.077    681.7743        540       7250




