============================================================================
File: ../temp/fd_rent_panel.dta
Key: zipcode year_month
============================================================================
  156600:38(37815):1961104301:2380621849

    Variable |        Obs        Mean    Std. Dev.       Min        Max
-------------+---------------------------------------------------------
     zipcode |    156,600    51920.57    29185.78       2113      99577
  year_month |    156,600       659.5    34.63992        600        719
  place_code |    129,840    40657.65    22564.03        410      87240
  countyfips |    156,240    24077.04    16484.28       1003      56021
   statefips |    156,600    23.97854    16.42626          1         56
-------------+---------------------------------------------------------
medre~e_sfcc |    125,644    1651.102    702.9949        595       6595
   actual_mw |    156,600     8.07779    1.207718       7.25         16
calendar_m~h |    156,600         6.5    3.452064          1         12
         msa |    156,600    436.1801    240.1675         12        860
       trend |    156,600       225.5    34.63992        166        285
-------------+---------------------------------------------------------
    trend_sq |    156,600    52050.17    15659.42      27556      81225
    trend_cu |    156,600    1.23e+07     5408203    4574296   2.31e+07
medre~t_sfcc |    113,375    1.188344    .7824813   .4180214   6.731387
white_s~2010 |    156,600    .5392018    .2225559   .0037838   .9401773
black_s~2010 |    156,600     .165993    .2003044    .003148   .9753076
-------------+---------------------------------------------------------
renthou~2010 |    156,600    .3834818     .176359   .0644567   .9662035
work_c~20105 |    156,600    .7557563    .2036341   .1421741    .995271
colleg~20105 |    156,600    .4447718    .1662964   .0856991   .9082218
med_hh~20105 |    156,600    66919.72    24575.33   20527.66   191553.2
       ln_mw |    156,600    2.079602    .1327775   1.981001   2.772589
-------------+---------------------------------------------------------
ln_med_ren~t |    113,375    .0472541    .4493362  -.8722228   1.906781
ln_medrent~c |    125,644    7.334093    .3761665   6.388561   8.794067
nonwhit~2010 |    156,600    .4607982    .2225559   .0598227   .9962162
trend_times2 |    156,600         451    69.27985        332        570
 wgt_cbsa100 |    156,600           1      .56017   .1560848   3.844666
-------------+---------------------------------------------------------
med_h~at_qtl |    156,600    2.498851     1.11838          1          4
med_h~st_qtl |    156,600    2.467433    1.120644          1          4
renth~at_qtl |    156,600    2.498851     1.11838          1          4
renth~st_qtl |    156,600    2.467433    1.120644          1          4
colle~at_qtl |    156,600    2.498851     1.11838          1          4
-------------+---------------------------------------------------------
colle~st_qtl |    156,600    2.467433    1.120644          1          4
black~at_qtl |    156,600    2.498851     1.11838          1          4
black~st_qtl |    156,600    2.467433    1.120644          1          4
nonwh~at_qtl |    156,600    2.498851     1.11838          1          4
nonwh~st_qtl |    156,600    2.467433    1.120644          1          4
-------------+---------------------------------------------------------
work_~at_qtl |    156,600    2.498851     1.11838          1          4
work_~st_qtl |    156,600    2.467433    1.120644          1          4
     d_ln_mw |    155,295    .0016445    .0119584   -.290338   .2412503




============================================================================
File: ../temp/fd_rent_panel.dta
Key: zipcode year_month
============================================================================
  156600:38(37815):3095667356:3212992247

    Variable |        Obs        Mean    Std. Dev.       Min        Max
-------------+---------------------------------------------------------
     zipcode |    156,600    51920.57    29185.78       2113      99577
  year_month |    156,600       659.5    34.63992        600        719
  place_code |    129,840    40657.65    22564.03        410      87240
  countyfips |    156,240    24077.04    16484.28       1003      56021
   statefips |    156,600    23.97854    16.42626          1         56
-------------+---------------------------------------------------------
medre~e_sfcc |    125,644    1651.102    702.9949        595       6595
   actual_mw |    156,600     8.07779    1.207718       7.25         16
calendar_m~h |    156,600         6.5    3.452064          1         12
         msa |    156,600    436.1801    240.1675         12        860
       trend |    156,600       225.5    34.63992        166        285
-------------+---------------------------------------------------------
    trend_sq |    156,600    52050.17    15659.42      27556      81225
    trend_cu |    156,600    1.23e+07     5408203    4574296   2.31e+07
medre~t_sfcc |    113,375    1.188344    .7824813   .4180214   6.731387
white_s~2010 |    156,600    .5392018    .2225559   .0037838   .9401773
black_s~2010 |    156,600     .165993    .2003044    .003148   .9753076
-------------+---------------------------------------------------------
renthou~2010 |    156,600    .3834818     .176359   .0644567   .9662035
work_c~20105 |    156,600    .7557563    .2036341   .1421741    .995271
colleg~20105 |    156,600    .4447718    .1662964   .0856991   .9082218
med_hh~20105 |    156,600    532317.7    287237.9   28068.98    2105508
       ln_mw |    156,600    2.079602    .1327775   1.981001   2.772589
-------------+---------------------------------------------------------
ln_med_ren~t |    113,375    .0472541    .4493362  -.8722228   1.906781
ln_medrent~c |    125,644    7.334093    .3761665   6.388561   8.794067
nonwhit~2010 |    156,600    .4607982    .2225559   .0598227   .9962162
trend_times2 |    156,600         451    69.27985        332        570
 wgt_cbsa100 |    156,600           1    13.18215   1.49e-31   428.0768
-------------+---------------------------------------------------------
med_h~at_qtl |    156,600    2.498851     1.11838          1          4
med_h~st_qtl |    156,600    2.467433    1.120644          1          4
renth~at_qtl |    156,600    2.498851     1.11838          1          4
renth~st_qtl |    156,600    2.467433    1.120644          1          4
colle~at_qtl |    156,600    2.498851     1.11838          1          4
-------------+---------------------------------------------------------
colle~st_qtl |    156,600    2.467433    1.120644          1          4
black~at_qtl |    156,600    2.498851     1.11838          1          4
black~st_qtl |    156,600    2.467433    1.120644          1          4
nonwh~at_qtl |    156,600    2.498851     1.11838          1          4
nonwh~st_qtl |    156,600    2.467433    1.120644          1          4
-------------+---------------------------------------------------------
work_~at_qtl |    156,600    2.498851     1.11838          1          4
work_~st_qtl |    156,600    2.467433    1.120644          1          4
     d_ln_mw |    155,295    .0016445    .0119584   -.290338   .2412503




============================================================================
File: ../temp/fd_rent_panel.dta
Key: zipcode year_month
============================================================================
  156600:38(37815):3095667356:3212992247

    Variable |        Obs        Mean    Std. Dev.       Min        Max
-------------+---------------------------------------------------------
     zipcode |    156,600    51920.57    29185.78       2113      99577
  year_month |    156,600       659.5    34.63992        600        719
  place_code |    129,840    40657.65    22564.03        410      87240
  countyfips |    156,240    24077.04    16484.28       1003      56021
   statefips |    156,600    23.97854    16.42626          1         56
-------------+---------------------------------------------------------
medre~e_sfcc |    125,644    1651.102    702.9949        595       6595
   actual_mw |    156,600     8.07779    1.207718       7.25         16
calendar_m~h |    156,600         6.5    3.452064          1         12
         msa |    156,600    436.1801    240.1675         12        860
       trend |    156,600       225.5    34.63992        166        285
-------------+---------------------------------------------------------
    trend_sq |    156,600    52050.17    15659.42      27556      81225
    trend_cu |    156,600    1.23e+07     5408203    4574296   2.31e+07
medre~t_sfcc |    113,375    1.188344    .7824813   .4180214   6.731387
white_s~2010 |    156,600    .5392018    .2225559   .0037838   .9401773
black_s~2010 |    156,600     .165993    .2003044    .003148   .9753076
-------------+---------------------------------------------------------
renthou~2010 |    156,600    .3834818     .176359   .0644567   .9662035
work_c~20105 |    156,600    .7557563    .2036341   .1421741    .995271
colleg~20105 |    156,600    .4447718    .1662964   .0856991   .9082218
med_hh~20105 |    156,600    532317.7    287237.9   28068.98    2105508
       ln_mw |    156,600    2.079602    .1327775   1.981001   2.772589
-------------+---------------------------------------------------------
ln_med_ren~t |    113,375    .0472541    .4493362  -.8722228   1.906781
ln_medrent~c |    125,644    7.334093    .3761665   6.388561   8.794067
nonwhit~2010 |    156,600    .4607982    .2225559   .0598227   .9962162
trend_times2 |    156,600         451    69.27985        332        570
 wgt_cbsa100 |    156,600           1    13.18215   1.49e-31   428.0768
-------------+---------------------------------------------------------
med_h~at_qtl |    156,600    2.498851     1.11838          1          4
med_h~st_qtl |    156,600    2.467433    1.120644          1          4
renth~at_qtl |    156,600    2.498851     1.11838          1          4
renth~st_qtl |    156,600    2.467433    1.120644          1          4
colle~at_qtl |    156,600    2.498851     1.11838          1          4
-------------+---------------------------------------------------------
colle~st_qtl |    156,600    2.467433    1.120644          1          4
black~at_qtl |    156,600    2.498851     1.11838          1          4
black~st_qtl |    156,600    2.467433    1.120644          1          4
nonwh~at_qtl |    156,600    2.498851     1.11838          1          4
nonwh~st_qtl |    156,600    2.467433    1.120644          1          4
-------------+---------------------------------------------------------
work_~at_qtl |    156,600    2.498851     1.11838          1          4
work_~st_qtl |    156,600    2.467433    1.120644          1          4
     d_ln_mw |    155,295    .0016445    .0119584   -.290338   .2412503




============================================================================
File: ../temp/fd_rent_panel.dta
Key: zipcode year_month
============================================================================
  156600:38(37815):1961104301:2380621849

    Variable |        Obs        Mean    Std. Dev.       Min        Max
-------------+---------------------------------------------------------
     zipcode |    156,600    51920.57    29185.78       2113      99577
  year_month |    156,600       659.5    34.63992        600        719
  place_code |    129,840    40657.65    22564.03        410      87240
  countyfips |    156,240    24077.04    16484.28       1003      56021
   statefips |    156,600    23.97854    16.42626          1         56
-------------+---------------------------------------------------------
medre~e_sfcc |    125,644    1651.102    702.9949        595       6595
   actual_mw |    156,600     8.07779    1.207718       7.25         16
calendar_m~h |    156,600         6.5    3.452064          1         12
         msa |    156,600    436.1801    240.1675         12        860
       trend |    156,600       225.5    34.63992        166        285
-------------+---------------------------------------------------------
    trend_sq |    156,600    52050.17    15659.42      27556      81225
    trend_cu |    156,600    1.23e+07     5408203    4574296   2.31e+07
medre~t_sfcc |    113,375    1.188344    .7824813   .4180214   6.731387
white_s~2010 |    156,600    .5392018    .2225559   .0037838   .9401773
black_s~2010 |    156,600     .165993    .2003044    .003148   .9753076
-------------+---------------------------------------------------------
renthou~2010 |    156,600    .3834818     .176359   .0644567   .9662035
work_c~20105 |    156,600    .7557563    .2036341   .1421741    .995271
colleg~20105 |    156,600    .4447718    .1662964   .0856991   .9082218
med_hh~20105 |    156,600    66919.72    24575.33   20527.66   191553.2
       ln_mw |    156,600    2.079602    .1327775   1.981001   2.772589
-------------+---------------------------------------------------------
ln_med_ren~t |    113,375    .0472541    .4493362  -.8722228   1.906781
ln_medrent~c |    125,644    7.334093    .3761665   6.388561   8.794067
nonwhit~2010 |    156,600    .4607982    .2225559   .0598227   .9962162
trend_times2 |    156,600         451    69.27985        332        570
 wgt_cbsa100 |    156,600           1      .56017   .1560848   3.844666
-------------+---------------------------------------------------------
med_h~at_qtl |    156,600    2.498851     1.11838          1          4
med_h~st_qtl |    156,600    2.467433    1.120644          1          4
renth~at_qtl |    156,600    2.498851     1.11838          1          4
renth~st_qtl |    156,600    2.467433    1.120644          1          4
colle~at_qtl |    156,600    2.498851     1.11838          1          4
-------------+---------------------------------------------------------
colle~st_qtl |    156,600    2.467433    1.120644          1          4
black~at_qtl |    156,600    2.498851     1.11838          1          4
black~st_qtl |    156,600    2.467433    1.120644          1          4
nonwh~at_qtl |    156,600    2.498851     1.11838          1          4
nonwh~st_qtl |    156,600    2.467433    1.120644          1          4
-------------+---------------------------------------------------------
work_~at_qtl |    156,600    2.498851     1.11838          1          4
work_~st_qtl |    156,600    2.467433    1.120644          1          4
     d_ln_mw |    155,295    .0016445    .0119584   -.290338   .2412503




============================================================================
File: ../temp/fd_rent_panel.dta
Key: zipcode year_month
============================================================================
  156600:66(107095):3123636413:2400126229

    Variable |        Obs        Mean    Std. Dev.       Min        Max
-------------+---------------------------------------------------------
     zipcode |    156,600    51920.57    29185.78       2113      99577
  year_month |    156,600       659.5    34.63992        600        719
  place_code |    129,840    40657.65    22564.03        410      87240
  countyfips |    156,240    24077.04    16484.28       1003      56021
   statefips |    156,600    23.97854    16.42626          1         56
-------------+---------------------------------------------------------
medre~e_sfcc |    125,644    1651.102    702.9949        595       6595
   actual_mw |    156,600     8.07779    1.207718       7.25         16
calendar_m~h |    156,600         6.5    3.452064          1         12
         msa |    156,600    436.1801    240.1675         12        860
       trend |    156,600       225.5    34.63992        166        285
-------------+---------------------------------------------------------
    trend_sq |    156,600    52050.17    15659.42      27556      81225
    trend_cu |    156,600    1.23e+07     5408203    4574296   2.31e+07
medre~t_sfcc |    113,375    1.188344    .7824813   .4180214   6.731387
white_s~2010 |    156,600    .5392018    .2225559   .0037838   .9401773
black_s~2010 |    156,600     .165993    .2003044    .003148   .9753076
-------------+---------------------------------------------------------
renthou~2010 |    156,600    .3834818     .176359   .0644567   .9662035
work_c~20105 |    156,600    .7557563    .2036341   .1421741    .995271
colleg~20105 |    156,600    .4447718    .1662964   .0856991   .9082218
med_hh~20105 |    156,600    66919.72    24575.33   20527.66   191553.2
  walall_tot |    156,600    18346.97    18007.04          0   193761.8
-------------+---------------------------------------------------------
walall~g_zsh |    156,240    .2521591    .0455759   .1241337   .4441861
walall~c_zsh |    156,240    .2525012    .0693704    .055363   .4675726
walall~g_ssh |    156,240    .0011088     .001684   .0000248   .0190973
walall~c_ssh |    156,240    .0010067    .0013986   .0000218   .0194372
  halall_tot |    156,600    18830.89    7733.768          0    48202.1
-------------+---------------------------------------------------------
halall_njo~g |    156,600    4388.275    1946.896          0   15071.23
halall_njo~c |    156,600    3993.247    1698.527          0   12558.19
halall~g_zsh |    156,480    .2341388    .0437765   .1181692   .4999534
halall~c_zsh |    156,480    .2138002    .0439644   .0817028   .3808815
halall~k_zsh |    156,480    .1865439    .1878614    .008172   .9255144
-------------+---------------------------------------------------------
  welall_tot |    156,600    4035.614    3028.016          0   45028.03
welall_njo~g |    156,600    1711.537    1262.557          0   14372.66
welall_njo~c |    156,600    4035.614    3028.016          0   45028.03
welall~g_zsh |    156,240    .4241092    .0654889   .1792577   .6307107
welall~c_zsh |    156,240           1           0          1          1
-------------+---------------------------------------------------------
welall~g_ssh |    156,240    .0019294    .0028254   .0000512   .0318805
welall~c_ssh |    156,240     .004478    .0064826   .0001029   .0825473
       ln_mw |    156,600    2.079602    .1327775   1.981001   2.772589
ln_med_ren~t |    113,375    .0472541    .4493362  -.8722228   1.906781
ln_medrent~c |    125,644    7.334093    .3761665   6.388561   8.794067
-------------+---------------------------------------------------------
nonwhit~2010 |    156,600    .4607982    .2225559   .0598227   .9962162
trend_times2 |    156,600         451    69.27985        332        570
 wgt_cbsa100 |    156,600           1      .56017   .1560848   3.844666
med_h~at_qtl |    156,600    2.498851     1.11838          1          4
med_h~st_qtl |    156,600    2.467433    1.120644          1          4
-------------+---------------------------------------------------------
renth~at_qtl |    156,600    2.498851     1.11838          1          4
renth~st_qtl |    156,600    2.467433    1.120644          1          4
colle~at_qtl |    156,600    2.498851     1.11838          1          4
colle~st_qtl |    156,600    2.467433    1.120644          1          4
black~at_qtl |    156,600    2.498851     1.11838          1          4
-------------+---------------------------------------------------------
black~st_qtl |    156,600    2.467433    1.120644          1          4
nonwh~at_qtl |    156,600    2.498851     1.11838          1          4
nonwh~st_qtl |    156,600    2.467433    1.120644          1          4
work_~at_qtl |    156,600    2.498851     1.11838          1          4
work_~st_qtl |    156,600    2.467433    1.120644          1          4
-------------+---------------------------------------------------------
walall_njo.. |    156,240    2.499232    1.118037          1          4
walall_njo.. |    156,600    .5226054    1.133804          0          4
~ssh_nat_qtl |    156,240    2.499232    1.118037          1          4
w~ssh_st_qtl |    156,600    .5226054    1.133804          0          4
walall_njo.. |    156,240    2.499232    1.118037          1          4
-------------+---------------------------------------------------------
walall_njo.. |    156,600    2.463602    1.125303          0          4
halal~at_qtl |    156,480         2.5    1.118038          1          4
halal~st_qtl |    156,600    .5256705    1.135765          0          4
welal~at_qtl |    156,240    2.499232    1.118037          1          4
welal~st_qtl |    156,600    .5226054    1.133804          0          4
-------------+---------------------------------------------------------
     d_ln_mw |    155,295    .0016445    .0119584   -.290338   .2412503




============================================================================
File: ../temp/fd_rent_panel.dta
Key: zipcode year_month
============================================================================
  156600:66(107095):4265474896:1621619973

    Variable |        Obs        Mean    Std. Dev.       Min        Max
-------------+---------------------------------------------------------
     zipcode |    156,600    51920.57    29185.78       2113      99577
  year_month |    156,600       659.5    34.63992        600        719
  place_code |    129,840    40657.65    22564.03        410      87240
  countyfips |    156,240    24077.04    16484.28       1003      56021
   statefips |    156,600    23.97854    16.42626          1         56
-------------+---------------------------------------------------------
medre~e_sfcc |    125,644    1651.102    702.9949        595       6595
   actual_mw |    156,600     8.07779    1.207718       7.25         16
calendar_m~h |    156,600         6.5    3.452064          1         12
         msa |    156,600    436.1801    240.1675         12        860
       trend |    156,600       225.5    34.63992        166        285
-------------+---------------------------------------------------------
    trend_sq |    156,600    52050.17    15659.42      27556      81225
    trend_cu |    156,600    1.23e+07     5408203    4574296   2.31e+07
medre~t_sfcc |    113,375    1.188344    .7824813   .4180214   6.731387
white_s~2010 |    156,600    .5392018    .2225559   .0037838   .9401773
black_s~2010 |    156,600     .165993    .2003044    .003148   .9753076
-------------+---------------------------------------------------------
renthou~2010 |    156,600    .3834818     .176359   .0644567   .9662035
work_c~20105 |    156,600    .7557563    .2036341   .1421741    .995271
colleg~20105 |    156,600    .4447718    .1662964   .0856991   .9082218
med_hh~20105 |    156,600    66919.72    24575.33   20527.66   191553.2
  walall_tot |    156,600    18346.97    18007.04          0   193761.8
-------------+---------------------------------------------------------
walall~g_zsh |    156,240    .2521591    .0455759   .1241337   .4441861
walall~c_zsh |    156,240    .2525012    .0693704    .055363   .4675726
walall~g_ssh |    156,240    .0011088     .001684   .0000248   .0190973
walall~c_ssh |    156,240    .0010067    .0013986   .0000218   .0194372
  halall_tot |    156,600    18830.89    7733.768          0    48202.1
-------------+---------------------------------------------------------
halall_njo~g |    156,600    4388.275    1946.896          0   15071.23
halall_njo~c |    156,600    3993.247    1698.527          0   12558.19
halall~g_zsh |    156,480    .2341388    .0437765   .1181692   .4999534
halall~c_zsh |    156,480    .2138002    .0439644   .0817028   .3808815
halall~k_zsh |    156,480    .1865439    .1878614    .008172   .9255144
-------------+---------------------------------------------------------
  welall_tot |    156,600    4035.614    3028.016          0   45028.03
welall_njo~g |    156,600    1711.537    1262.557          0   14372.66
welall_njo~c |    156,600    4035.614    3028.016          0   45028.03
welall~g_zsh |    156,240    .4241092    .0654889   .1792577   .6307107
welall~c_zsh |    156,240           1           0          1          1
-------------+---------------------------------------------------------
welall~g_ssh |    156,240    .0019294    .0028254   .0000512   .0318805
welall~c_ssh |    156,240     .004478    .0064826   .0001029   .0825473
       ln_mw |    156,600    2.079602    .1327775   1.981001   2.772589
ln_med_ren~t |    113,375    .0472541    .4493362  -.8722228   1.906781
ln_medrent~c |    125,644    7.334093    .3761665   6.388561   8.794067
-------------+---------------------------------------------------------
nonwhit~2010 |    156,600    .4607982    .2225559   .0598227   .9962162
trend_times2 |    156,600         451    69.27985        332        570
 wgt_cbsa100 |    156,600           1      .56017   .1560848   3.844666
med_h~at_qtl |    156,600    2.498851     1.11838          1          4
med_h~st_qtl |    156,600    2.467433    1.120644          1          4
-------------+---------------------------------------------------------
renth~at_qtl |    156,600    2.498851     1.11838          1          4
renth~st_qtl |    156,600    2.467433    1.120644          1          4
colle~at_qtl |    156,600    2.498851     1.11838          1          4
colle~st_qtl |    156,600    2.467433    1.120644          1          4
black~at_qtl |    156,600    2.498851     1.11838          1          4
-------------+---------------------------------------------------------
black~st_qtl |    156,600    2.467433    1.120644          1          4
nonwh~at_qtl |    156,600    2.498851     1.11838          1          4
nonwh~st_qtl |    156,600    2.467433    1.120644          1          4
work_~at_qtl |    156,600    2.498851     1.11838          1          4
work_~st_qtl |    156,600    2.467433    1.120644          1          4
-------------+---------------------------------------------------------
walall_njo.. |    156,240    2.499232    1.118037          1          4
walall_njo.. |     33,120    2.471014     1.12414          1          4
~ssh_nat_qtl |    156,240    2.499232    1.118037          1          4
w~ssh_st_qtl |     33,120    2.471014     1.12414          1          4
walall_njo.. |    156,240    2.499232    1.118037          1          4
-------------+---------------------------------------------------------
walall_njo.. |    156,240    2.469278    1.120361          1          4
halal~at_qtl |    156,480         2.5    1.118038          1          4
halal~st_qtl |     33,360    2.467626    1.124001          1          4
welal~at_qtl |    156,240    2.499232    1.118037          1          4
welal~st_qtl |     33,120    2.471014     1.12414          1          4
-------------+---------------------------------------------------------
     d_ln_mw |    155,295    .0016445    .0119584   -.290338   .2412503




============================================================================
File: ../temp/fd_rent_panel.dta
Key: zipcode year_month
============================================================================
  156600:66(107095):1845896634:1603700888

    Variable |        Obs        Mean    Std. Dev.       Min        Max
-------------+---------------------------------------------------------
     zipcode |    156,600    51920.57    29185.78       2113      99577
  year_month |    156,600       659.5    34.63992        600        719
  place_code |    129,840    40657.65    22564.03        410      87240
  countyfips |    156,240    24077.04    16484.28       1003      56021
   statefips |    156,600    23.97854    16.42626          1         56
-------------+---------------------------------------------------------
medre~e_sfcc |    125,644    1651.102    702.9949        595       6595
   actual_mw |    156,600     8.07779    1.207718       7.25         16
calendar_m~h |    156,600         6.5    3.452064          1         12
         msa |    156,600    436.1801    240.1675         12        860
       trend |    156,600       225.5    34.63992        166        285
-------------+---------------------------------------------------------
    trend_sq |    156,600    52050.17    15659.42      27556      81225
    trend_cu |    156,600    1.23e+07     5408203    4574296   2.31e+07
medre~t_sfcc |    113,375    1.188344    .7824813   .4180214   6.731387
white_s~2010 |    156,600    .5392018    .2225559   .0037838   .9401773
black_s~2010 |    156,600     .165993    .2003044    .003148   .9753076
-------------+---------------------------------------------------------
renthou~2010 |    156,600    .3834818     .176359   .0644567   .9662035
work_c~20105 |    156,600    .7557563    .2036341   .1421741    .995271
colleg~20105 |    156,600    .4447718    .1662964   .0856991   .9082218
med_hh~20105 |    156,600    66919.72    24575.33   20527.66   191553.2
  walall_tot |    156,600    18346.97    18007.04          0   193761.8
-------------+---------------------------------------------------------
walall~g_zsh |    156,240    .2521591    .0455759   .1241337   .4441861
walall~c_zsh |    156,240    .2525012    .0693704    .055363   .4675726
walall~g_ssh |    156,240    .0011088     .001684   .0000248   .0190973
walall~c_ssh |    156,240    .0010067    .0013986   .0000218   .0194372
  halall_tot |    156,600    18830.89    7733.768          0    48202.1
-------------+---------------------------------------------------------
halall_njo~g |    156,600    4388.275    1946.896          0   15071.23
halall_njo~c |    156,600    3993.247    1698.527          0   12558.19
halall~g_zsh |    156,480    .2341388    .0437765   .1181692   .4999534
halall~c_zsh |    156,480    .2138002    .0439644   .0817028   .3808815
halall~k_zsh |    156,480    .1865439    .1878614    .008172   .9255144
-------------+---------------------------------------------------------
  welall_tot |    156,600    4035.614    3028.016          0   45028.03
welall_njo~g |    156,600    1711.537    1262.557          0   14372.66
welall_njo~c |    156,600    4035.614    3028.016          0   45028.03
welall~g_zsh |    156,240    .4241092    .0654889   .1792577   .6307107
welall~c_zsh |    156,240           1           0          1          1
-------------+---------------------------------------------------------
welall~g_ssh |    156,240    .0019294    .0028254   .0000512   .0318805
welall~c_ssh |    156,240     .004478    .0064826   .0001029   .0825473
       ln_mw |    156,600    2.079602    .1327775   1.981001   2.772589
ln_med_ren~t |    113,375    .0472541    .4493362  -.8722228   1.906781
ln_medrent~c |    125,644    7.334093    .3761665   6.388561   8.794067
-------------+---------------------------------------------------------
nonwhit~2010 |    156,600    .4607982    .2225559   .0598227   .9962162
trend_times2 |    156,600         451    69.27985        332        570
 wgt_cbsa100 |    156,600           1      .56017   .1560848   3.844666
med_h~at_qtl |    156,600    2.498851     1.11838          1          4
med_h~st_qtl |    156,600    2.467433    1.120644          1          4
-------------+---------------------------------------------------------
renth~at_qtl |    156,600    2.498851     1.11838          1          4
renth~st_qtl |    156,600    2.467433    1.120644          1          4
colle~at_qtl |    156,600    2.498851     1.11838          1          4
colle~st_qtl |    156,600    2.467433    1.120644          1          4
black~at_qtl |    156,600    2.498851     1.11838          1          4
-------------+---------------------------------------------------------
black~st_qtl |    156,600    2.467433    1.120644          1          4
nonwh~at_qtl |    156,600    2.498851     1.11838          1          4
nonwh~st_qtl |    156,600    2.467433    1.120644          1          4
work_~at_qtl |    156,600    2.498851     1.11838          1          4
work_~st_qtl |    156,600    2.467433    1.120644          1          4
-------------+---------------------------------------------------------
walall_njo.. |    156,240    2.499232    1.118037          1          4
walall_njo.. |    156,240    2.469278    1.120361          1          4
~ssh_nat_qtl |    156,240    2.499232    1.118037          1          4
w~ssh_st_qtl |    156,240    2.469278    1.120361          1          4
walall_njo.. |    156,240    2.499232    1.118037          1          4
-------------+---------------------------------------------------------
walall_njo.. |    156,240    2.469278    1.120361          1          4
halal~at_qtl |    156,480         2.5    1.118038          1          4
halal~st_qtl |    156,480    2.468558    1.120337          1          4
welal~at_qtl |    156,240    2.499232    1.118037          1          4
welal~st_qtl |    156,240    2.469278    1.120361          1          4
-------------+---------------------------------------------------------
     d_ln_mw |    155,295    .0016445    .0119584   -.290338   .2412503




============================================================================
File: ../temp/fd_rent_panel.dta
Key: zipcode year_month
============================================================================
  156600:68(93080):1496311874:1460892299

    Variable |        Obs        Mean    Std. Dev.       Min        Max
-------------+---------------------------------------------------------
     zipcode |    156,600    51920.57    29185.78       2113      99577
  year_month |    156,600       659.5    34.63992        600        719
  place_code |    129,840    40657.65    22564.03        410      87240
  countyfips |    156,240    24077.04    16484.28       1003      56021
   statefips |    156,600    23.97854    16.42626          1         56
-------------+---------------------------------------------------------
medre~e_sfcc |    125,644    1651.102    702.9949        595       6595
   actual_mw |    156,600     8.07779    1.207718       7.25         16
calendar_m~h |    156,600         6.5    3.452064          1         12
         msa |    156,600    436.1801    240.1675         12        860
       trend |    156,600       225.5    34.63992        166        285
-------------+---------------------------------------------------------
    trend_sq |    156,600    52050.17    15659.42      27556      81225
    trend_cu |    156,600    1.23e+07     5408203    4574296   2.31e+07
medre~t_sfcc |    113,375    1.188344    .7824813   .4180214   6.731387
white_s~2010 |    156,600    .5392018    .2225559   .0037838   .9401773
black_s~2010 |    156,600     .165993    .2003044    .003148   .9753076
-------------+---------------------------------------------------------
renthou~2010 |    156,600    .3834818     .176359   .0644567   .9662035
work_c~20105 |    156,600    .7557563    .2036341   .1421741    .995271
colleg~20105 |    156,600    .4447718    .1662964   .0856991   .9082218
med_hh~20105 |    156,600    66919.72    24575.33   20527.66   191553.2
walall_n~zsh |    156,240    .2521591    .0455759   .1241337   .4441861
-------------+---------------------------------------------------------
walall_n~ssh |    156,240    .0011088     .001684   .0000248   .0190973
halall_n~zsh |    156,480    .2341388    .0437765   .1181692   .4999534
halall_n~ssh |    156,480    .0011799     .001967   .0000466   .0316029
welall_n~zsh |    156,240    .4241092    .0654889   .1792577   .6307107
welall_n~ssh |    156,240    .0019294    .0028254   .0000512   .0318805
-------------+---------------------------------------------------------
walall_2~zsh |    156,240    .1083971     .038474    .016846   .2689381
walall_2~ssh |    156,240    .0004352    .0006234   .0000109   .0075726
halall_2~zsh |    156,480    .0884494    .0230536   .0226725   .2311188
halall_2~ssh |    156,480    .0004424    .0006436   7.13e-06   .0106621
       ln_mw |    156,600    2.079602    .1327775   1.981001   2.772589
-------------+---------------------------------------------------------
ln_med_ren~t |    113,375    .0472541    .4493362  -.8722228   1.906781
ln_medrent~c |    125,644    7.334093    .3761665   6.388561   8.794067
nonwhit~2010 |    156,600    .4607982    .2225559   .0598227   .9962162
trend_times2 |    156,600         451    69.27985        332        570
 wgt_cbsa100 |    156,600           1      .56017   .1560848   3.844666
-------------+---------------------------------------------------------
med_h~at_qtl |    156,600    2.498851     1.11838          1          4
med_h~st_qtl |    156,600    2.467433    1.120644          1          4
renth~at_qtl |    156,600    2.498851     1.11838          1          4
renth~st_qtl |    156,600    2.467433    1.120644          1          4
colle~at_qtl |    156,600    2.498851     1.11838          1          4
-------------+---------------------------------------------------------
colle~st_qtl |    156,600    2.467433    1.120644          1          4
black~at_qtl |    156,600    2.498851     1.11838          1          4
black~st_qtl |    156,600    2.467433    1.120644          1          4
nonwh~at_qtl |    156,600    2.498851     1.11838          1          4
nonwh~st_qtl |    156,600    2.467433    1.120644          1          4
-------------+---------------------------------------------------------
work_~at_qtl |    156,600    2.498851     1.11838          1          4
work_~st_qtl |    156,600    2.467433    1.120644          1          4
walall_njo.. |    156,240    2.499232    1.118037          1          4
walall_njo.. |    156,240    2.469278    1.120361          1          4
walall_njo.. |    156,240    2.499232    1.118037          1          4
-------------+---------------------------------------------------------
walall_njo.. |    156,240    2.469278    1.120361          1          4
halall_njo.. |    156,480         2.5    1.118038          1          4
halall_njo.. |    156,480    2.468558    1.120337          1          4
halall_njo.. |    156,480         2.5    1.118038          1          4
halall_njo.. |    156,480    2.468558    1.120337          1          4
-------------+---------------------------------------------------------
welall_njo.. |    156,240    2.499232    1.118037          1          4
welall_njo.. |    156,240    2.469278    1.120361          1          4
welall_njo.. |    156,240    2.499232    1.118037          1          4
welall_njo.. |    156,240    2.469278    1.120361          1          4
walall_29y.. |    156,240    2.499232    1.118037          1          4
-------------+---------------------------------------------------------
walall_29y.. |    156,240    2.469278    1.120361          1          4
walall_29y.. |    156,240    2.499232    1.118037          1          4
walall_29y.. |    156,240    2.469278    1.120361          1          4
halall_29y.. |    156,480         2.5    1.118038          1          4
halall_29y.. |    156,480    2.468558    1.120337          1          4
-------------+---------------------------------------------------------
halall_29y.. |    156,480         2.5    1.118038          1          4
halall_29y.. |    156,480    2.468558    1.120337          1          4
     d_ln_mw |    155,295    .0016445    .0119584   -.290338   .2412503




============================================================================
File: ../temp/fd_rent_panel.dta
Key: zipcode year_month
============================================================================
  156600:68(93080):64504942:3417957413

    Variable |        Obs        Mean    Std. Dev.       Min        Max
-------------+---------------------------------------------------------
     zipcode |    156,600    51920.57    29185.78       2113      99577
  year_month |    156,600       659.5    34.63992        600        719
  place_code |    129,840    40657.65    22564.03        410      87240
  countyfips |    156,240    24077.04    16484.28       1003      56021
   statefips |    156,600    23.97854    16.42626          1         56
-------------+---------------------------------------------------------
medre~e_sfcc |    125,644    1651.102    702.9949        595       6595
   actual_mw |    156,600     8.07779    1.207718       7.25         16
calendar_m~h |    156,600         6.5    3.452064          1         12
         msa |    156,600    436.1801    240.1675         12        860
       trend |    156,600       225.5    34.63992        166        285
-------------+---------------------------------------------------------
    trend_sq |    156,600    52050.17    15659.42      27556      81225
    trend_cu |    156,600    1.23e+07     5408203    4574296   2.31e+07
medre~t_sfcc |    113,375    1.188344    .7824813   .4180214   6.731387
white_s~2010 |    156,600    .5392018    .2225559   .0037838   .9401773
black_s~2010 |    156,600     .165993    .2003044    .003148   .9753076
-------------+---------------------------------------------------------
renthou~2010 |    156,600    .3834818     .176359   .0644567   .9662035
work_c~20105 |    156,600    .7557563    .2036341   .1421741    .995271
colleg~20105 |    156,600    .4447718    .1662964   .0856991   .9082218
med_hh~20105 |    156,600    66919.72    24575.33   20527.66   191553.2
walall_n~zsh |    156,240    .2521591    .0455759   .1241337   .4441861
-------------+---------------------------------------------------------
walall_n~ssh |    156,240    .0011088     .001684   .0000248   .0190973
halall_n~zsh |    156,480    .2341388    .0437765   .1181692   .4999534
halall_n~ssh |    156,480    .0011799     .001967   .0000466   .0316029
welall_n~zsh |    156,240    .4241092    .0654889   .1792577   .6307107
welall_n~ssh |    156,240    .0019294    .0028254   .0000512   .0318805
-------------+---------------------------------------------------------
walall_2~zsh |    156,240    .1083971     .038474    .016846   .2689381
walall_2~ssh |    156,240    .0047145    .0069488   .0001284   .0780198
halall_2~zsh |    156,480    .0884494    .0230536   .0226725   .2311188
halall_2~ssh |    156,480    .0047388    .0068154   .0000821   .1035602
       ln_mw |    156,600    2.079602    .1327775   1.981001   2.772589
-------------+---------------------------------------------------------
ln_med_ren~t |    113,375    .0472541    .4493362  -.8722228   1.906781
ln_medrent~c |    125,644    7.334093    .3761665   6.388561   8.794067
nonwhit~2010 |    156,600    .4607982    .2225559   .0598227   .9962162
trend_times2 |    156,600         451    69.27985        332        570
 wgt_cbsa100 |    156,600           1      .56017   .1560848   3.844666
-------------+---------------------------------------------------------
med_h~at_qtl |    156,600    2.498851     1.11838          1          4
med_h~st_qtl |    156,600    2.467433    1.120644          1          4
renth~at_qtl |    156,600    2.498851     1.11838          1          4
renth~st_qtl |    156,600    2.467433    1.120644          1          4
colle~at_qtl |    156,600    2.498851     1.11838          1          4
-------------+---------------------------------------------------------
colle~st_qtl |    156,600    2.467433    1.120644          1          4
black~at_qtl |    156,600    2.498851     1.11838          1          4
black~st_qtl |    156,600    2.467433    1.120644          1          4
nonwh~at_qtl |    156,600    2.498851     1.11838          1          4
nonwh~st_qtl |    156,600    2.467433    1.120644          1          4
-------------+---------------------------------------------------------
work_~at_qtl |    156,600    2.498851     1.11838          1          4
work_~st_qtl |    156,600    2.467433    1.120644          1          4
walall_njo.. |    156,240    2.499232    1.118037          1          4
walall_njo.. |    156,240    2.469278    1.120361          1          4
walall_njo.. |    156,240    2.499232    1.118037          1          4
-------------+---------------------------------------------------------
walall_njo.. |    156,240    2.469278    1.120361          1          4
halall_njo.. |    156,480         2.5    1.118038          1          4
halall_njo.. |    156,480    2.468558    1.120337          1          4
halall_njo.. |    156,480         2.5    1.118038          1          4
halall_njo.. |    156,480    2.468558    1.120337          1          4
-------------+---------------------------------------------------------
welall_njo.. |    156,240    2.499232    1.118037          1          4
welall_njo.. |    156,240    2.469278    1.120361          1          4
welall_njo.. |    156,240    2.499232    1.118037          1          4
welall_njo.. |    156,240    2.469278    1.120361          1          4
walall_29y.. |    156,240    2.499232    1.118037          1          4
-------------+---------------------------------------------------------
walall_29y.. |    156,240    2.469278    1.120361          1          4
walall_29y.. |    156,240    2.499232    1.118037          1          4
walall_29y.. |    156,240    2.469278    1.120361          1          4
halall_29y.. |    156,480         2.5    1.118038          1          4
halall_29y.. |    156,480    2.468558    1.120337          1          4
-------------+---------------------------------------------------------
halall_29y.. |    156,480         2.5    1.118038          1          4
halall_29y.. |    156,480    2.468558    1.120337          1          4
     d_ln_mw |    155,295    .0016445    .0119584   -.290338   .2412503




