===============================================================================
> ===================
File: ../output/state_daily.csv
Key: statefips date
===============================================================================
> ===================
  943908:6(105292):4272096590:2790197816

    Variable |        Obs        Mean    Std. Dev.       Min        Max
-------------+---------------------------------------------------------
   statefips |    943,908    28.96078    15.67684          1         56
        date |    943,908     14487.5    5342.802       5234      23741
   statename |          0
    stateabb |          0
      fed_mw |    943,908    5.022728     1.74236          2       7.25
-------------+---------------------------------------------------------
          mw |    943,908    5.534491    2.548753          2       17.5




===============================================================================
> ===================
File: ../output/state_monthly.csv
Key: statefips monthly_date
===============================================================================
> ===================
  31008:6(88358):3023100040:2077976239

    Variable |        Obs        Mean    Std. Dev.       Min        Max
-------------+---------------------------------------------------------
   statefips |     31,008    28.96078    15.67709          1         56
monthly_date |     31,008       475.5    175.5171        172        779
   statename |          0
    stateabb |          0
      fed_mw |     31,008    5.025329    1.743941          2       7.25
-------------+---------------------------------------------------------
          mw |     31,008    5.536109    2.549605          2       17.5




===============================================================================
> ===================
File: ../output/state_quarterly.csv
Key: statefips quarterly_date
===============================================================================
> ===================
  10353:6(75918):486878879:4070786573

    Variable |        Obs        Mean    Std. Dev.       Min        Max
-------------+---------------------------------------------------------
   statefips |     10,353    28.96078    15.67759          1         56
quarterly_~e |     10,353         158    58.60317         57        259
   statename |          0
    stateabb |          0
      fed_mw |     10,353    5.021675    1.746812          2       7.25
-------------+---------------------------------------------------------
          mw |     10,353     5.53342    2.553769          2       17.5




===============================================================================
> ===================
File: ../output/state_annual.csv
Key: statefips year
===============================================================================
> ===================
  2601:6(71699):355437462:1456941638

    Variable |        Obs        Mean    Std. Dev.       Min        Max
-------------+---------------------------------------------------------
   statefips |      2,601    28.96078    15.67985          1         56
        year |      2,601        1999    14.72243       1974       2024
   statename |          0
    stateabb |          0
      fed_mw |      2,601    5.043137    1.763831          2       7.25
-------------+---------------------------------------------------------
          mw |      2,601    5.555359     2.57922          2       17.5




===============================================================================
> ===================
File: ../output/substate_monthly.csv
Key: locality monthly_date
===============================================================================
> ===================
  18900:9(81157):493564932:971399347

    Variable |        Obs        Mean    Std. Dev.       Min        Max
-------------+---------------------------------------------------------
    locality |          0
monthly_date |     18,900       653.5    72.74749        528        779
   statefips |     18,900    16.38667    15.57894          4         53
   statename |          0
    stateabb |          0
-------------+---------------------------------------------------------
          mw |     18,900    10.01725    3.424627       5.15      20.29
mw_smallbu~s |     18,900    9.941416    3.332387       5.15      20.29
abovestate~w |     18,900    .3642857     .481242          0          1
abovestate~s |     18,900    .3436508    .4749388          0          1




===============================================================================
> ===================
File: ../output/substate_quarterly.csv
Key: locality quarterly_date
===============================================================================
> ===================
  6300:9(28147):2338820180:1910158409

    Variable |        Obs        Mean    Std. Dev.       Min        Max
-------------+---------------------------------------------------------
    locality |          0
quarterly_~e |      6,300       217.5    24.24892        176        259
   statefips |      6,300    16.38667    15.57976          4         53
   statename |          0
    stateabb |          0
-------------+---------------------------------------------------------
          mw |      6,300    10.02101    3.424409       5.15      20.29
mw_smallbu~s |      6,300    9.945175    3.332239       5.15      20.29
abovestate~w |      6,300    .3655556    .4816238          0          1
abovestate~s |      6,300    .3449206    .4753801          0          1




===============================================================================
> ===================
File: ../output/substate_annual.csv
Key: locality year
===============================================================================
> ===================
  1575:9(67984):3873822176:2213651866

    Variable |        Obs        Mean    Std. Dev.       Min        Max
-------------+---------------------------------------------------------
    locality |          0
        year |      1,575        2014    6.057224       2004       2024
   statefips |      1,575    16.38667    15.58347          4         53
   statename |          0
    stateabb |          0
-------------+---------------------------------------------------------
          mw |      1,575    10.09979    3.452198       5.15      20.29
mw_smallbu~s |      1,575     10.0234    3.360222       5.15      20.29
abovestate~w |      1,575    .3866667    .4871409          0          1
abovestate~s |      1,575     .367619      .48231          0          1




