
============================================================================ 
File: ../../../drive/base_large/output/zip_mw.dta 
MD5:  4d82b7b2157ef5d1a43308728ef34bc8 
Key:  zipcode year_month 
 
 ============================================================================= 
          variable          mean        sd      min    max      N      type    
 ----------------------------------------------------------------------------- 
 1       actual_mw         7.932      1.130    7.250  16.090 4858560  numeric  
 2         county                                            4858560 character 
 3  county_abovestate_mw   0.325      0.468      0      1    137880   integer  
 4       county_mw         9.203      1.832    7.250  14.250 137880   numeric  
 5       countyfips                                          4858560 character 
 6       dactual_mw        0.012      0.100    -2.850 5.810  4818072  numeric  
 7         fed_mw          7.250        0      7.250  7.250  4858560  numeric  
 8  local_abovestate_mw    0.306      0.461      0      1    169920   integer  
 9        local_mw         9.707      2.179    7.250  16.090 169920   numeric  
 10      placename                                           4858560 character 
 11       state_mw         7.902      1.042    7.250    14   4858560  numeric  
 12       stateabb                                           4858560 character 
 13      statefips                                           4858560 character 
 14      treated_mw        0.025      0.157      0      1    4858560  numeric  
 15      year_month                                          4858560   Date    
 16       zipcode        49,846.900 27,784.540  501   99,950 4858560  numeric  
 ----------------------------------------------------------------------------- 
