
============================================================================ 
File: ../output/zillow_descriptive.csv 
MD5:  304e81fc9f69b70cdb7ebca543b98431 
Key:  ZillowSeries 
 
 ============================================================================ 
      variable       mean           sd          min        max     N   type   
 ---------------------------------------------------------------------------- 
 1  EventPerZip      3.609         1.854       2.942      8.612    34 numeric 
 2      max      1,141,708.000 2,518,137.000   6.937    8,737,684  34 numeric 
 3      mean      48,844.000    106,809.000    1.145   463,979.000 34 numeric 
 4     median     37,899.000    83,428.000     0.834     367,000   34 numeric 
 5      min        5,311.000    19,348.000     0.104     112,450   34 numeric 
 6       N       4,338,044.000 1,653,598.000 3,743,181  8,799,516  34 numeric 
 7     N.max        141.500       54.290        122        288     34 numeric 
 8     N.mean       141.400       53.890      122.000    286.800   34 numeric 
 9    N.median      141.400       53.960        122        287     34 numeric 
 10    N.min          113            0          113        113     34 numeric 
 11     N.sd         1.379         2.820       0.364      8.988    34 numeric 
 12      SD       41,474.000    88,688.000     0.804   350,800.000 34 numeric 
 13   tot_zip      5,506.000     8,267.000      13       30,494    34 integer 
 14    totNA      25,181.000     8,267.000      193      30,674    34 integer 
 15 ZillowSeries                                                   34 factor  
 ---------------------------------------------------------------------------- 
