
========================================================================== 
File: ../../../drive/base_large/lodes_zipcodes/jobs.csv 
MD5:  b862c343614afe9470696e080c67e411 
Key:  zipcode year jobs_by 
 
 ============================================================================= 
           variable           mean       sd      min    max     N      type    
 ----------------------------------------------------------------------------- 
 1      jobs_age_30to54     2,388.767 4,412.183   0   198,084 621229  integer  
 2     jobs_age_above55      924.088  1,606.642   0   71,849  621229  integer  
 3     jobs_age_under29      987.138  1,757.463   0   61,045  621229  integer  
 4          jobs_by                                           621229 character 
 5    jobs_earn_1250_3333   1,486.846 2,499.744   0   62,783  621229  integer  
 6    jobs_earn_above3333   1,771.774 3,911.104   0   223,741 621229  integer  
 7    jobs_earn_under1250   1,041.374 1,703.942   0   54,089  621229  integer  
 8  jobs_naics_accomm_food   392.570   863.603    0   95,249  621229  integer  
 9    jobs_naics_finance     183.662   679.597    0   52,293  621229  integer  
 10    jobs_naics_manuf      390.816   870.242    0   35,926  621229  integer  
 11    jobs_naics_retail     480.505   848.393    0   44,431  621229  integer  
 12    jobs_sch_College      968.384  2,118.258   0   111,344 621229  integer  
 13   jobs_sch_HS_noColl     881.863  1,435.212   0   49,513  621229  integer  
 14    jobs_sch_someColl    1,050.255 1,850.119   0   82,836  621229  integer  
 15    jobs_sch_underHS      412.354   816.056    0   24,769  621229  integer  
 16        jobs_tot         4,299.993 7,691.417   1   310,250 621229  integer  
 17    share_age_30to54       0.541     0.078     0      1    621229  numeric  
 18    share_age_above55      0.240     0.079     0      1    621229  numeric  
 19    share_age_under29      0.219     0.071     0      1    621229  numeric  
 20  share_earn_1250_3333     0.375     0.106     0      1    621229  numeric  
 21  share_earn_above3333     0.345     0.140     0      1    621229  numeric  
 22  share_earn_under1250     0.281     0.111     0      1    621229  numeric  
 23 share_naics_accomm_food   0.084     0.087     0      1    621229  numeric  
 24   share_naics_finance     0.031     0.044     0      1    621229  numeric  
 25    share_naics_manuf      0.103     0.119     0      1    621229  numeric  
 26   share_naics_retail      0.113     0.088     0      1    621229  numeric  
 27    share_sch_College      0.188     0.077     0      1    621229  numeric  
 28   share_sch_HS_noColl     0.246     0.076     0      1    621229  numeric  
 29   share_sch_someColl      0.254     0.061     0      1    621229  numeric  
 30    share_sch_underHS      0.093     0.052     0      1    621229  numeric  
 31          year           2,013.513   2.870   2,009  2,018  621229  integer  
 32         zipcode                                           621229 character 
 ----------------------------------------------------------------------------- 
