
 make.py started: 2022-03-02 18:38:11 C:\Users\shermo\Documents\GitHub\min_wage_rent\base\lodes_zipcodes\code 




Execute:  R CMD BATCH --no-save "./build.R" build.Rout

R version 4.1.1 (2021-08-10) -- "Kick Things"
Copyright (C) 2021 The R Foundation for Statistical Computing
Platform: x86_64-w64-mingw32/x64 (64-bit)

R is free software and comes with ABSOLUTELY NO WARRANTY.
You are welcome to redistribute it under certain conditions.
Type 'license()' or 'licence()' for distribution details.

  Natural language support but running in an English locale

R is a collaborative project with many contributors.
Type 'contributors()' for more information and
'citation()' on how to cite R or R packages in publications.

Type 'demo()' for some demos, 'help()' for on-line help, or
'help.start()' for an HTML browser interface to help.
Type 'q()' to quit R.

> remove(list = ls())
> library(data.table)
> library(stringr)
> library(bit64)
Loading required package: bit

Attaching package: 'bit'

The following object is masked from 'package:data.table':

    setattr

The following object is masked from 'package:base':

    xor

Attaching package bit64
package:bit64 (c) 2011-2017 Jens Oehlschlaegel
creators: integer64 runif64 seq :
coercion: as.integer64 as.vector as.logical as.integer as.double as.character as.bitstring
logical operator: ! & | xor != == < <= >= >
arithmetic operator: + - * / %/% %% ^
math: sign abs sqrt log log2 log10
math: floor ceiling trunc round
querying: is.integer64 is.vector [is.atomic} [length] format print str
values: is.na is.nan is.finite is.infinite
aggregation: any all min max range sum prod
cumulation: diff cummin cummax cumsum cumprod
access: length<- [ [<- [[ [[<-
combine: c rep cbind rbind as.data.frame
WARNING don't use as subscripts
WARNING semantics differ from integer
for more help type ?bit64

Attaching package: 'bit64'

The following objects are masked from 'package:base':

    %in%, :, is.double, match, order, rank

> 
> source("../../../lib/R/save_data.R")

Please cite as: 

 Hlavac, Marek (2018). stargazer: Well-Formatted Regression and Summary Statistics Tables.
 R package version 5.2.2. https://CRAN.R-project.org/package=stargazer 


Attaching package: 'dplyr'

The following objects are masked from 'package:data.table':

    between, first, last

The following objects are masked from 'package:stats':

    filter, lag

The following objects are masked from 'package:base':

    intersect, setdiff, setequal, union

> 
> main <- function() {
+   in_lodes <- "../../../drive/raw_data/lodes"
+   in_xwalk <- "../../../drive/base_large/census_block_master"
+   outstub  <- "../../../drive/base_large/lodes_zipcodes"
+   log_file <- "../output/data_file_manifest.log"
+   
+   dt_xwalk <- load_xwalk(in_xwalk)
+   
+   #Datasets:
+   # Point of View (pov) : statistics for either residents ('rac') or workers ('wac') in given geographies
+   # Type (type)         : Job type: Can be all jobs (JT00) or a subset like primary/secondary and private/federal ones
+   #                        We always use all jobs
+   # Segment (seg)       : Market segment: Can be total (S000), by age, by income, by industry
+   #                        We use total jobs
+   
+   dt.all <- data.table()
+   
+   for (yy in 2009:2018) {
+     
+     lodes_wac <- format_lodes(pov    = "wac",    year  = yy,
+                               instub = in_lodes, xwalk = dt_xwalk)
+     
+     lodes_rac <- format_lodes(pov    = "rac",    year  = yy,
+                               instub = in_lodes, xwalk = dt_xwalk)
+     
+     dt <- rbindlist(list(lodes_wac, lodes_rac))
+     dt[, year := yy]
+     
+     dt.all <- rbindlist(list(dt.all, dt))
+   }
+   # 31527
+ 
+   save_data(dt.all, key = c("zipcode", "year", "jobs_by"),
+             filename = file.path(outstub, "jobs.dta"),
+             logfile = log_file)
+   fwrite(dt.all,
+          file = file.path(outstub, "jobs.csv"))
+ }
> 
> load_xwalk <- function(instub) {
+ 
+   xwalk <- fread(file.path(instub, "census_block_master.csv"),
+                  select = c("block", "zipcode"),
+                  colClasses = c(zipcode = "character"))
+ 
+   setkey(xwalk, "block")
+ 
+   return(xwalk)
+ }
> 
> format_lodes <- function(pov, year, instub, xwalk,
+                          seg = "S000", type = "JT00") {
+   
+   if (pov == "wac") geo_name <- "w_geocode"
+   if (pov == "rac") geo_name <- "h_geocode"
+   
+   target_vars <- c("C000", 
+                    "CA01", "CA02", "CA03",
+                    "CE01", "CE02", "CE03", 
+                    "CD01", "CD02", "CD03", "CD04",
+                    "CNS05", "CNS07", "CNS10", "CNS18")
+   new_varnames <- paste0("jobs_",
+                    c("tot",
+                      "age_under29",    "age_30to54",     "age_above55",
+                      "earn_under1250", "earn_1250_3333", "earn_above3333",
+                      "sch_underHS",    "sch_HS_noColl",  "sch_someColl",  "sch_College",
+                      "naics_manuf",    "naics_retail",   "naics_finance", "naics_accomm_food"))
+   
+   files <- list.files(file.path(instub, year, pov, seg, type),
+                       full.names = T, pattern = "*.gz")
+   files <- files[!grepl("pr", files)]          # Ignore Puerto Rico
+   
+   dt <- rbindlist(lapply(files, fread, select = c(geo_name, target_vars)))
+   
+   setnames(dt, old = c(geo_name,    target_vars), 
+                new = c("block", new_varnames))
+   
+   dtzip <- xwalk[dt, on = "block"][, block := NULL]
+   dtzip <- dtzip[!is.na(zipcode)]  # Drop blocks with no zipcodes
+ 
+   dtzip <- dtzip[, lapply(.SD, sum, na.rm = T),
+                   .SDcols = new_varnames,
+                   by = c("zipcode")]
+ 
+   dtzip <- make_shares(dtzip, new_varnames)
+   
+   if (pov == "wac") dtzip[, jobs_by := "workplace"]
+   if (pov == "rac") dtzip[, jobs_by := "residence"]
+   
+   return(dtzip)
+ }
> 
> make_shares <- function(dt, vnames) {
+   
+   vnames      <- vnames[!grepl("tot$", vnames)]
+   share_names <- gsub("jobs", "share", vnames)
+   
+   dt[, (share_names) := lapply(.SD, function(x) x / jobs_tot),
+      .SDcols = vnames]
+   
+   return(dt)
+ }
> 
> # Execute
> main()
[1] "File '../../../drive/base_large/lodes_zipcodes/jobs.dta' saved successfully."
There were 50 or more warnings (use warnings() to see the first 50)
> 
> proc.time()
   user  system elapsed 
 330.67  254.00 1706.29 

 make.py ended: 2022-03-02 19:06:39
