
========================================================================== 
File: ../../../drive/derived_large/shares/zipcode_shares.csv 
MD5:  f91dfa7ac5fcaf5bb9f0c92517b377f7 
Key:  zipcode year 
 
 =================================================================================== 
            variable             mean        sd      min      max       N     type   
 ----------------------------------------------------------------------------------- 
 1          own_jobs           393.656    920.241     0   15,441.380  390240 numeric 
 2       own_jobs_lowinc       118.906    265.322     0    4,531.213  390240 numeric 
 3       own_jobs_young         89.067    217.490     0    5,424.165  390240 numeric 
 4          residents         3,425.974  5,663.567    0   49,828.790  391335 numeric 
 5      residents_lowinc       830.249   1,343.404    0   14,245.080  391335 numeric 
 6       residents_young       786.932   1,336.376    0   15,826.400  391335 numeric 
 7   share_residents_lowinc     0.260      0.048      0      0.760    347155 numeric 
 8    share_residents_young     0.225      0.036    0.007    0.611    347155 numeric 
 9     share_work_samegeo       0.076      0.102      0        1      346618 numeric 
 10 share_work_samegeo_lowinc   0.024      0.032      0      0.607    346618 numeric 
 11 share_work_samegeo_young    0.016      0.023      0      0.272    346618 numeric 
 12   share_workers_lowinc      0.281      0.087      0        1      347160 numeric 
 13    share_workers_young      0.221      0.052      0        1      347160 numeric 
 14         w_zipcode         49,801.400 27,753.110  501    99,929    390240 integer 
 15          workers          3,425.872  7,500.300    0   299,272.800 391349 numeric 
 16      workers_lowinc        830.225   1,627.531    0   53,571.840  391349 numeric 
 17       workers_young        786.910   1,696.512    0   49,302.190  391349 numeric 
 18           year            2,013.500    2.872    2,009    2,018    391349 integer 
 19          zipcode          49,807.830 27,759.560  501    99,929    391349 integer 
 ----------------------------------------------------------------------------------- 

========================================================================== 
File: ../../../drive/derived_large/shares/county_shares.csv 
MD5:  76f612de087edff4f0e03d11af630557 
Key:  county year 
 
 ======================================================= 
            variable          mean sd min max  N  type   
 ------------------------------------------------------- 
 1           county                   Inf -Inf 0 integer 
 2          own_jobs                  Inf -Inf 0 numeric 
 3       own_jobs_lowinc              Inf -Inf 0 numeric 
 4       own_jobs_young               Inf -Inf 0 numeric 
 5          residents                 Inf -Inf 0 numeric 
 6      residents_lowinc              Inf -Inf 0 numeric 
 7       residents_young              Inf -Inf 0 numeric 
 8   share_residents_lowinc           Inf -Inf 0 numeric 
 9    share_residents_young           Inf -Inf 0 numeric 
 10    share_work_samegeo             Inf -Inf 0 numeric 
 11 share_work_samegeo_lowinc         Inf -Inf 0 numeric 
 12 share_work_samegeo_young          Inf -Inf 0 numeric 
 13   share_workers_lowinc            Inf -Inf 0 numeric 
 14    share_workers_young            Inf -Inf 0 numeric 
 15       w_countyfips                Inf -Inf 0 integer 
 16          workers                  Inf -Inf 0 numeric 
 17      workers_lowinc               Inf -Inf 0 numeric 
 18       workers_young               Inf -Inf 0 numeric 
 19           year                    Inf -Inf 0 integer 
 ------------------------------------------------------- 
