===============================================================================
File: ../../../drive/base_large/census_blockgroup_master/blockgroup_master.dta
Key: blockgroup
===============================================================================
  216922:17(63393):626053806:1070443076

    Variable |        Obs        Mean    Std. Dev.       Min        Max
-------------+---------------------------------------------------------
  blockgroup |          0
n_census_b~s |    216,922    50.95433    78.17964          1       1014
n_blockgro~s |    216,922           1           0          1          1
    n_tracts |    216,922           1           0          1          1
    n_places |    216,922    1.415928    .6984968          1         18
-------------+---------------------------------------------------------
  n_counties |    216,922           1           0          1          1
      n_cbsa |    216,922           1           0          1          1
    n_states |    216,922           1           0          1          1
  num_houses |    216,922    605.0163    333.0752          0      21535
  population |    216,922     1418.45    806.2396          0      37452
-------------+---------------------------------------------------------
    sh_rural |    216,922    .2654808    .3884716          0          1
share_rura~s |    215,832    .2448368    .3890288          0          1
       tract |          0
  place_code |          0
  countyfips |          0
-------------+---------------------------------------------------------
   statefips |          0
        cbsa |          0




