
 make.py started: 2022-03-02 13:37:09 C:\Users\diegog\Desktop\Diego\min_wage_rent\base\census_blockgroup_master\code 




Execute:  StataMP-64 /e do "./build.do"

  ___  ____  ____  ____  ____ (R)
 /__    /   ____/   /   ____/
___/   /   /___/   /   /___/   15.1   Copyright 1985-2017 StataCorp LLC
  Statistics/Data Analysis            StataCorp
                                      4905 Lakeway Drive
     MP - Parallel Edition            College Station, Texas 77845 USA
                                      800-STATA-PC        http://www.stata.com
                                      979-696-4600        stata@stata.com
                                      979-696-4601 (fax)

Single-user 32-core Stata perpetual license:
       Serial number:  501506205566
         Licensed to:  KU Leuven FEB (CES)
                       KU Leuven

Notes:
      1.  Stata is running in batch mode.
      2.  Unicode is supported; see help unicode_advice.
      3.  More than 2 billion observations are allowed; see help obs_advice.
      4.  Maximum number of variables is set to 5000; see help set_maxvar.

. do ./build.do 

. set more off

. clear all

. adopath + ../../../lib/stata/gslab_misc/ado
  [1]  (BASE)      "C:\Program Files\Stata15\ado\base/"
  [2]  (SITE)      "C:\Program Files\Stata15\ado\site/"
  [3]              "."
  [4]  (PERSONAL)  "c:\ado\personal/"
  [5]  (PLUS)      "c:\ado\plus/"
  [6]  (OLDPLACE)  "c:\ado/"
  [7]              "../../../lib/stata/gslab_misc/ado"

. adopath + ../../../lib/stata/min_wage/ado
  [1]  (BASE)      "C:\Program Files\Stata15\ado\base/"
  [2]  (SITE)      "C:\Program Files\Stata15\ado\site/"
  [3]              "."
  [4]  (PERSONAL)  "c:\ado\personal/"
  [5]  (PLUS)      "c:\ado\plus/"
  [6]  (OLDPLACE)  "c:\ado/"
  [7]              "../../../lib/stata/gslab_misc/ado"
  [8]              "../../../lib/stata/min_wage/ado"

. 
. program main
  1.     local instub  "../../../drive/base_large/census_block_master"
  2.     local outstub "../../../drive/base_large/census_blockgroup_master"
  3.     local logfile "../output/data_file_manifest.log"
  4. 
.     use `instub'/census_block_master.dta if !missing(blockgroup), clear
  5. 
.     make_baseline_frame, master_geo(blockgroup)
  6. 
.     assign_geography, instub(`instub') master_geo(blockgroup) geo_to_assign(t
> ract)
  7.     assign_geography, instub(`instub') master_geo(blockgroup) geo_to_assig
> n(place_code)
  8.     assign_geography, instub(`instub') master_geo(blockgroup) geo_to_assig
> n(countyfips)
  9.     assign_geography, instub(`instub') master_geo(blockgroup) geo_to_assig
> n(statefips)
 10.     assign_geography, instub(`instub') master_geo(blockgroup) geo_to_assig
> n(cbsa)
 11. 
.     strcompress
 12.     save_data "`outstub'/blockgroup_master.dta",                  ///
>         key(blockgroup) log(`logfile') replace
 13.     export delimited "`outstub'/blockgroup_master.csv", replace
 14. end

. 
. main
(note: file ../temp/share_rural.dta not found)
file ../temp/share_rural.dta saved
(0 real changes made)
(0 real changes made)
(0 real changes made)
(0 real changes made)
(0 real changes made)
(0 real changes made)

    Result                           # of obs.
    -----------------------------------------
    not matched                         1,090
        from master                     1,090  
        from using                          0  

    matched                           215,832  
    -----------------------------------------
(0 observations deleted)
(note: file C:\Users\diegog\AppData\Local\Temp\2\ST_44c4_000002.tmp not found)
file C:\Users\diegog\AppData\Local\Temp\2\ST_44c4_000002.tmp saved

    Result                           # of obs.
    -----------------------------------------
    not matched                             0
    matched                           216,922  
    -----------------------------------------
(90,224 observations deleted)
(note: file C:\Users\diegog\AppData\Local\Temp\2\ST_44c4_000002.tmp not found)
file C:\Users\diegog\AppData\Local\Temp\2\ST_44c4_000002.tmp saved

    Result                           # of obs.
    -----------------------------------------
    not matched                             0
    matched                           216,922  
    -----------------------------------------
(0 observations deleted)
(note: file C:\Users\diegog\AppData\Local\Temp\2\ST_44c4_000002.tmp not found)
file C:\Users\diegog\AppData\Local\Temp\2\ST_44c4_000002.tmp saved

    Result                           # of obs.
    -----------------------------------------
    not matched                             0
    matched                           216,922  
    -----------------------------------------
(0 observations deleted)
(note: file C:\Users\diegog\AppData\Local\Temp\2\ST_44c4_000002.tmp not found)
file C:\Users\diegog\AppData\Local\Temp\2\ST_44c4_000002.tmp saved

    Result                           # of obs.
    -----------------------------------------
    not matched                             0
    matched                           216,922  
    -----------------------------------------
(0 observations deleted)
(note: file C:\Users\diegog\AppData\Local\Temp\2\ST_44c4_000002.tmp not found)
file C:\Users\diegog\AppData\Local\Temp\2\ST_44c4_000002.tmp saved

    Result                           # of obs.
    -----------------------------------------
    not matched                             0
    matched                           216,922  
    -----------------------------------------
  Converting str to strL: blockgroup tract place_code countyfips statefips cbsa
    strcompress grew data 273% so far, but I'm not done yet!
  variable n_census_blocks was float now int
  variable n_blockgroups was float now byte
  variable n_tracts was float now byte
  variable n_places was float now byte
  variable n_counties was float now byte
  variable n_cbsa was float now byte
  variable n_states was float now byte
  variable num_houses was double now int
  variable population was double now long
  variable blockgroup was strL now str12
  variable tract was strL now str11
  variable place_code was strL now str7
  variable countyfips was strL now str5
  variable statefips was strL now str2
  variable cbsa was strL now str5
  (74,054,613 bytes saved)
       compress shrank data 82%
    strcompress shrank data 32% overall
(data already sorted by blockgroup)
  (0 bytes saved)
===============================================================================
File: ../../../drive/base_large/census_blockgroup_master/blockgroup_master.dta
Key: blockgroup
===============================================================================
  216922:17(63393):626053806:1070443076

    Variable |        Obs        Mean    Std. Dev.       Min        Max
-------------+---------------------------------------------------------
  blockgroup |          0
n_census_b~s |    216,922    50.95433    78.17964          1       1014
n_blockgro~s |    216,922           1           0          1          1
    n_tracts |    216,922           1           0          1          1
    n_places |    216,922    1.415928    .6984968          1         18
-------------+---------------------------------------------------------
  n_counties |    216,922           1           0          1          1
      n_cbsa |    216,922           1           0          1          1
    n_states |    216,922           1           0          1          1
  num_houses |    216,922    605.0163    333.0752          0      21535
  population |    216,922     1418.45    806.2396          0      37452
-------------+---------------------------------------------------------
    sh_rural |    216,922    .2654808    .3884716          0          1
share_rura~s |    215,832    .2448368    .3890288          0          1
       tract |          0
  place_code |          0
  countyfips |          0
-------------+---------------------------------------------------------
   statefips |          0
        cbsa |          0




(note: file ../../../drive/base_large/census_blockgroup_master/blockgroup_maste
> r.dta not found)
file ../../../drive/base_large/census_blockgroup_master/blockgroup_master.dta s
> aved
(note: file ../../../drive/base_large/census_blockgroup_master/blockgroup_maste
> r.csv not found)
file ../../../drive/base_large/census_blockgroup_master/blockgroup_master.csv s
> aved

. 
end of do-file

 make.py ended: 2022-03-02 13:43:07
