===============================================================================
File: ../output/housing_sqft_per_zipcode.dta
Key: zipcode
===============================================================================
  40487:3(73258):2471923641:3244967932

    Variable |        Obs        Mean    Std. Dev.       Min        Max
-------------+---------------------------------------------------------
     zipcode |          0
sqft_from~gs |      9,825    1790.649     481.809   192.7687   6308.948
sqft_from~ts |      3,099    1439.971    429.7467   209.5036   12119.38




===============================================================================
File: ../output/sqft_data_with_predictions.dta
Key: zipcode
===============================================================================
  40487:8(53311):3933973841:2752986687

    Variable |        Obs        Mean    Std. Dev.       Min        Max
-------------+---------------------------------------------------------
     zipcode |          0
        zcta |          0
sqft_from~gs |      9,825    1790.649     481.809   192.7687   6308.948
sqft_from~ts |      3,099    1439.971    429.7467   209.5036   12119.38
p_sqft_fr~ts |     31,580    1445.271     205.596   1142.325   12394.61
-------------+---------------------------------------------------------
imp_sqft_~ts |     31,580    1447.251    244.5116   209.5036   12394.61
p_sqft_fr~gs |     31,580    1884.705    94.28255   1356.194    5354.84
imp_sqft_~gs |     31,580     1853.92    207.9396   209.5036   12119.38




