===============================================================================
File: ../../../drive/base_large/zip_biz_patterns/zbp_totals.dta
Key: zipcode year
===============================================================================
  451899:8(79133):1031363698:2534954135

    Variable |        Obs        Mean    Std. Dev.       Min        Max
-------------+---------------------------------------------------------
     zipcode |          0
        year |    451,899    2014.361    3.426814       2009       2020
     zipname |          0
nbr_employ~s |    451,899    3196.162    23887.51          0    6476624
total_annu~l |    451,899      158741     1327663          0   3.82e+08
-------------+---------------------------------------------------------
nbr_establ~s |    451,899     203.146    398.4413          1      33466
avg_nbr_em~t |    451,899    10.75558    28.00287          0       3618
avg_payrol~p |    374,681    38555.28    20358.79    1224.49    3084692




===============================================================================
File: ../../../drive/base_large/zip_biz_patterns/zbp_by_naics.dta
Key: zipcode naics6 year
===============================================================================
  63117467:13(61416):2432198574:3310014372

    Variable |        Obs        Mean    Std. Dev.       Min        Max
-------------+---------------------------------------------------------
     zipcode |          0
      naics6 |          0
        year | 63,117,467     2014.21    2.786785       2009       2020
nbr_establ~s | 63,117,467     7.22582    41.24068          1      33466
nbr_establ~4 | 58,533,002     4.15133    23.58453          0      17066
-------------+---------------------------------------------------------
nbr_estab~_9 | 54,232,859    1.423693    7.972351          0       3982
nbr_estab~19 | 53,373,685     .981622     5.86932          0       3110
nbr_esta~_49 | 52,796,661    .6908766     4.58174          0       3097
nbr_esta~_99 | 51,998,530    .2205356    1.770023          0       1559
nbr_esta~249 | 51,809,235    .1194609    1.154613          0       1496
-------------+---------------------------------------------------------
nbr_esta~499 | 51,643,312    .0284282    .5568651          0       1017
nbr_esta~999 | 51,615,310    .0102628    .5961876          0        990
nbr_est~1000 | 51,610,374    .0063349    .7453161          0       1168




