
========================================================================== 
File: ../../../drive/derived_large/min_wage_panels/zip_statutory_mw.dta 
MD5:  45ccc01c8955d96cb50ef5999738db5e 
Key:  zipcode year month 
 
 ====================================================================== 
            variable          mean   sd    min   max     N      type    
 ---------------------------------------------------------------------- 
 1         binding_mw        1.603  0.608   1     4    381912  numeric  
 2   binding_mw_ignorelocal  1.551  0.497   1     2    381912  numeric  
 3       binding_mw_max      1.613  0.621   1     4    381912  numeric  
 4       binding_mw_min      1.591  0.591   1     4    381912  numeric  
 5         county_mw         12.402 1.278 7.250 14.250  9468   numeric  
 6           fed_mw          7.250    0   7.250 7.250  381912  numeric  
 7          local_mw         13.556 1.967 7.250 16.090  7032   numeric  
 8           month           6.500  3.452   1     12   381912  integer  
 9          state_mw         8.707  1.661 7.250   14   380520  numeric  
 10       statutory_mw       8.789  1.827 7.250 16.090 381912  numeric  
 11 statutory_mw_ignorelocal 8.702  1.660 7.250   14   381912  numeric  
 12           year           2,019    0   2,019 2,019  381912  integer  
 13         zipcode                                    381912 character 
 ---------------------------------------------------------------------- 

========================================================================== 
File: ../../../drive/derived_large/min_wage_panels/county_statutory_mw.dta 
MD5:  61d1402ee6fed5489815c79e18d7996d 
Key:  countyfips year month 
 
 ===================================================================== 
            variable          mean   sd    min   max     N     type    
 --------------------------------------------------------------------- 
 1         binding_mw        1.439  0.519   1     4    37704  numeric  
 2   binding_mw_ignorelocal  1.430  0.495   1     2    37704  numeric  
 3       binding_mw_max      1.444  0.536   1     4    37704  numeric  
 4       binding_mw_min      1.413  0.509   1     4    37704  numeric  
 5         county_mw         11.341 1.785 7.250 14.250  120   numeric  
 6         countyfips                                  37704 character 
 7           fed_mw          7.250    0   7.250 7.250  37704  numeric  
 8          local_mw         13.586 2.583 7.250 15.590  108   numeric  
 9           month           6.500  3.452   1     12   37704  integer  
 10         state_mw         8.164  1.314 7.250   14   36744  numeric  
 11       statutory_mw       8.232  1.407 7.250 15.590 37704  numeric  
 12 statutory_mw_ignorelocal 8.217  1.364 7.250   14   37704  numeric  
 13           year           2,019    0   2,019 2,019  37704  integer  
 --------------------------------------------------------------------- 

========================================================================== 
File: ../../../drive/derived_large/min_wage_panels/zipcode_cfs.dta 
MD5:  5e06b42caec98b4787fd461850cee2d4 
Key:  zipcode year month 
 
 ===================================================================== 
          variable          mean     sd    min   max     N     type    
 --------------------------------------------------------------------- 
 1        county_mw        12.699   1.362 7.250 14.250 1578   numeric  
 2     fed_mw_cf_10pc       7.612   0.363 7.250 7.975  63652  numeric  
 3     fed_mw_cf_15usd     11.125   3.875 7.250   15   63652  numeric  
 4     fed_mw_cf_9usd       8.125   0.875 7.250   9    63652  numeric  
 5        local_mw         13.725   1.943 7.250 16.090 1172   numeric  
 6          month           6.500   5.500   1     12   63652  numeric  
 7        state_mw          8.760   1.726 7.250   14   63420  numeric  
 8  statutory_mw_cf_10pc    9.007   1.774 7.250 16.090 63652  numeric  
 9  statutory_mw_cf_15usd  11.922   3.358 7.250 16.090 63652  numeric  
 10 statutory_mw_cf_9usd    9.285   1.673 7.250 16.090 63652  numeric  
 11         year          2,019.500 0.500 2,019 2,020  63652  numeric  
 12        zipcode                                     63652 character 
 --------------------------------------------------------------------- 
