
========================================================================== 
File: ../../../drive/derived_large/min_wage_panels/zcta_statutory_mw.dta 
MD5:  80a9edf4901bcbbca14b81d7a4abd54a 
Key:  zcta year month 
 
 ====================================================================== 
            variable         mean   sd    min   max      N      type    
 ---------------------------------------------------------------------- 
 1         binding_mw        1.478 0.546   1     4    4354680  numeric  
 2   binding_mw_ignorelocal  1.460 0.498   1     2    4354680  numeric  
 3       binding_mw_max      1.482 0.553   1     4    4354680  numeric  
 4       binding_mw_min      1.474 0.537   1     4    4354680  numeric  
 5         county_mw         9.378 1.920 7.250 14.250 104808   numeric  
 6           fed_mw          7.250   0   7.250 7.250  4354680  numeric  
 7          local_mw         9.889 2.430 7.250 16.390  77220   numeric  
 8           month           6.500 3.452   1     12   4354680  integer  
 9          state_mw         7.993 1.194 7.250   15   4354680  numeric  
 10       statutory_mw       8.016 1.253 7.250 16.390 4354680  numeric  
 11 statutory_mw_ignorelocal 7.993 1.194 7.250   15   4354680  numeric  
 12           year           2,015 3.162 2,010 2,020  4354680  integer  
 13           zcta                                    4354680 character 
 ---------------------------------------------------------------------- 

========================================================================== 
File: ../../../drive/derived_large/min_wage_panels/zcta_year_statutory_mw.dta 
MD5:  a119afdd3dd1c61b51f00d8ada5256c9 
Key:  zcta year 
 
 =============================================================== 
         variable      mean   sd    min   max     N      type    
 --------------------------------------------------------------- 
 1      binding_mw     1.478 0.542   1     4    362890  numeric  
 2   binding_mw_first  1.478 0.552   1     4    362890  numeric  
 3      county_mw      9.378 1.892 7.250 13.750  8734   numeric  
 4   county_mw_first   9.355 1.985 7.250 14.250  8734   numeric  
 5       local_mw      9.889 2.409 7.250 16.090  6435   numeric  
 6    local_mw_first   9.934 2.604 7.250 16.390  6435   numeric  
 7       state_mw      7.993 1.191 7.250 14.500 362890  numeric  
 8    state_mw_first   7.977 1.177 7.250   14   362890  numeric  
 9     statutory_mw    8.016 1.249 7.250 16.090 362890  numeric  
 10 statutory_mw_first 8.003 1.252 7.250 16.390 362890  numeric  
 11        year        2,015 3.162 2,010 2,020  362890  integer  
 12        zcta                                 362890 character 
 --------------------------------------------------------------- 

========================================================================== 
File: ../../../drive/derived_large/min_wage_panels/zcta_cfs.dta 
MD5:  a4c33d194b182dacb6711b6bc3767c35 
Key:  zcta year month 
 
 ===================================================================== 
          variable          mean     sd    min   max     N     type    
 --------------------------------------------------------------------- 
 1        county_mw        12.694   1.345 7.250 14.250 1564   numeric  
 2     fed_mw_cf_10pc       7.612   0.363 7.250 7.975  65374  numeric  
 3     fed_mw_cf_15usd     11.125   3.875 7.250   15   65374  numeric  
 4     fed_mw_cf_9usd       8.125   0.875 7.250   9    65374  numeric  
 5        local_mw         13.882   1.892 7.250   16   1024   numeric  
 6    local_mw_cf_chi14    14.849   1.916 8.250   17   1024   numeric  
 7          month           6.500   5.500   1     12   65980  numeric  
 8        state_mw          8.758   1.730 7.250   14   65374  numeric  
 9  statutory_mw_cf_10pc    9.006   1.770 7.250   16   65374  numeric  
 10 statutory_mw_cf_15usd  11.921   3.357 7.250   16   65374  numeric  
 11 statutory_mw_cf_9usd    9.285   1.669 7.250   16   65374  numeric  
 12 statutory_mw_cf_chi14   8.862   1.945 7.250   17   65374  numeric  
 13         year          2,019.500 0.500 2,019 2,020  65980  numeric  
 14         zcta                                       65980 character 
 --------------------------------------------------------------------- 
