
============================================================================ 
File: ../temp/mw_avg1318.csv 
MD5:  df93309413a997f3652c9e8e656bc89e 
Key:  tract_fips 
 
 =================================================================== 
    variable     mean       sd      min      max       N     type    
 ------------------------------------------------------------------- 
 1 mw_annual1 17,256.320 2,193.712 15,138 30,585.720 72531  numeric  
 2 mw_annual2 34,512.640 4,387.423 30,276 61,171.440 72531  numeric  
 3   mw1318     8.265      1.051   7.250    14.648   72531  numeric  
 4 tract_fips                                        72531 character 
 ------------------------------------------------------------------- 

============================================================================ 
File: ../temp/mw_avg1318.csv 
MD5:  c2cc22c74b323633e209d594bd26d63b 
Key:  tract_fips 
 
 =================================================================== 
    variable     mean       sd      min      max       N     type    
 ------------------------------------------------------------------- 
 1 mw_annual1 17,256.320 2,193.712 15,138 30,585.720 72531  numeric  
 2 mw_annual2 34,512.640 4,387.423 30,276 61,171.440 72531  numeric  
 3   mw1318     8.265      1.051   7.250    14.648   72531  numeric  
 4 tract_fips                                        72531 character 
 ------------------------------------------------------------------- 
