===============================================================================
File: ../output/zip_county_place_usps_all.dta
Key: zipcode countyfips place_code
===============================================================================
  87798:15(83113):3843516283:3370392734

    Variable |        Obs        Mean    Std. Dev.       Min        Max
-------------+---------------------------------------------------------
     zipcode |          0
  countyfips |          0
  place_code |          0
      cbsa10 |          0
        zcta |          0
-------------+---------------------------------------------------------
  place_name |          0
 county_name |          0
 cbsa10_name |          0
   state_abb |          0
   statefips |          0
-------------+---------------------------------------------------------
houses_zct~y |     87,798    1796.624    3756.902          1      47617
       rural |     87,798    .4435067    .4968011          0          1
pop2020_esri |     75,516    11255.48    15039.15          0     133324
   area_sqmi |     75,516    125.4539    441.6239          0   20301.08
zipcode_type |          0




===============================================================================
File: ../output/zip_county_place_usps_master.dta
Key: zipcode
===============================================================================
  40487:15(83113):2885782233:2869261476

    Variable |        Obs        Mean    Std. Dev.       Min        Max
-------------+---------------------------------------------------------
     zipcode |          0
  place_code |          0
  countyfips |          0
      cbsa10 |          0
        zcta |          0
-------------+---------------------------------------------------------
  place_name |          0
 county_name |          0
 cbsa10_name |          0
   state_abb |          0
   statefips |          0
-------------+---------------------------------------------------------
houses_zct~y |     40,487    3314.387    5032.137          1      47617
       rural |     40,487      .44476    .4969453          0          1
pop2020_esri |     31,580    10554.76    15128.94          0     133324
   area_sqmi |     31,580    105.4329    376.7991          0   20301.08
zipcode_type |          0




===============================================================================
File: ../output/tract_zip_master.dta
Key: tract_fips zipcode
===============================================================================
  170189:3(55294):342765164:372020979

    Variable |        Obs        Mean    Std. Dev.       Min        Max
-------------+---------------------------------------------------------
  tract_fips |          0
     zipcode |          0
   res_ratio |    170,189    .4305214    .4102205          0          1




===============================================================================
File: ../output/tract_zip_master.csv
Key: tract_fips zipcode
===============================================================================
  170189:3(55294):342765164:372020979

    Variable |        Obs        Mean    Std. Dev.       Min        Max
-------------+---------------------------------------------------------
  tract_fips |          0
     zipcode |          0
   res_ratio |    170,189    .4305214    .4102205          0          1




