
 make.py started: 2021-03-11 09:35:52 C:\Users\diegog\Desktop\Diego\min_wage_rent\base\geo_master\code 




Execute:  StataMP-64 /e do "./build.do"

  ___  ____  ____  ____  ____ (R)
 /__    /   ____/   /   ____/
___/   /   /___/   /   /___/   15.1   Copyright 1985-2017 StataCorp LLC
  Statistics/Data Analysis            StataCorp
                                      4905 Lakeway Drive
     MP - Parallel Edition            College Station, Texas 77845 USA
                                      800-STATA-PC        http://www.stata.com
                                      979-696-4600        stata@stata.com
                                      979-696-4601 (fax)

Single-user 32-core Stata perpetual license:
       Serial number:  501506205566
         Licensed to:  KU Leuven FEB (CES)
                       KU Leuven

Notes:
      1.  Stata is running in batch mode.
      2.  Unicode is supported; see help unicode_advice.
      3.  More than 2 billion observations are allowed; see help obs_advice.
      4.  Maximum number of variables is set to 5000; see help set_maxvar.

. do ./build.do 

. set more off

. clear all

. adopath + ../../../lib/stata/gslab_misc/ado
  [1]  (BASE)      "C:\Program Files\Stata15\ado\base/"
  [2]  (SITE)      "C:\Program Files\Stata15\ado\site/"
  [3]              "."
  [4]  (PERSONAL)  "c:\ado\personal/"
  [5]  (PLUS)      "c:\ado\plus/"
  [6]  (OLDPLACE)  "c:\ado/"
  [7]              "../../../lib/stata/gslab_misc/ado"

. 
. program main
  1.         local xwalk_dir  "../../../raw/crosswalk"
  2.         local zillow_dir  "../../../drive/base_large/zillow"
  3.         local output     "../output"
  4.     
.         build_zillow_zipcode_stats, instub(`zillow_dir')
  5.         build_geomaster_large, instub(`xwalk_dir') outstub(`output')
  6.         build_geomaster_small, instub(`xwalk_dir') outstub(`output')
  7. end

. 
. program build_zillow_zipcode_stats
  1.     syntax, instub(str)
  2.     use "`instub'/zillow_zipcode_clean.dta"
  3.         keep if !missing(medrentpricepsqft_SFCC)
  4.         collapse (count) nbr_months_with_zillow_rents = medrentpricepsqft_
> SFCC, by(zipcode)
  5.     tostring zipcode, format(%05.0f) replace
  6.         save "../temp/zillow_zipcodes_with_rents.dta", replace
  7. end

. 
. program build_geomaster_large
  1.         syntax, instub(str) outstub(str)
  2.         import excel "`instub'/zip_to_zcta_2019.xlsx", ///
>                 sheet("ZiptoZCTA_crosswalk") firstrow allstring clear
  3.         rename (ZIP_CODE ZCTA PO_NAME) (zipcode zcta zipcode_name)
  4.         drop if zipcode == "96898" & zcta == "No ZCTA"
  5.         keep zipcode zcta zipcode_name
  6.         merge 1:1 zipcode using "../temp/zillow_zipcodes_with_rents.dta", 
> ///
>             assert(1 3)
  7.         gen zipcode_with_zillow_rents = (_merge == 3)
  8.         replace nbr_months_with_zillow_rents = 0 if missing(nbr_months_wit
> h_zillow_rents)
  9.         drop _merge
 10.         save_data "../temp/usps_master.dta", ///
>                 key(zipcode) replace
 11.         
.         clear
 12.         import delimited "`instub'/geocorr2018.csv", ///
>                 varnames(1) stringcols(1 2 3 4 5)
 13.         drop metdiv10 mdivname10 afact
 14.         rename (zcta5 placefp county state zipname cntyname placenm cbsana
> me10 stab) ///
>                 (zcta place_code countyfips statefips zcta_name county_name p
> lace_name ///
>                 cbsa10_name state_abb)
 15.         rename hus10 houses_zcta_place_county
 16.         merge m:m zcta using "../temp/usps_master.dta", nogen keep(3)
 17. 
.         keep zcta zipcode place_code countyfips cbsa10 statefips ///
>                 houses_zcta_place_county zcta_name place_name county_name ///
>                 cbsa10_name state_abb zipcode_with_zillow_rents nbr_months_wi
> th_zillow_rents
 18.         order zcta zipcode place_code countyfips cbsa10 statefips ///
>                 houses_zcta_place_county zcta_name place_name county_name ///
>                 cbsa10_name state_abb zipcode_with_zillow_rents nbr_months_wi
> th_zillow_rents
 19.     
.     bysort zcta countyfips place_code: egen max_months_with_data = max(nbr_mo
> nths_with_zillow_rents)
 20.     keep if max_months_with_data == nbr_months_with_zillow_rents
 21.         drop max_months_with_data
 22.         duplicates tag zcta countyfips place_code, gen(dup)
 23.         sum nbr_months_with_zillow_rents if dup >0 
 24.         assert r(max) == 0
 25.     duplicates drop zcta countyfips place_code, force
 26.         replace nbr_months_with_zillow_rents = . if nbr_months_with_zillow
> _rents == 0
 27. 
.         save_data "`outstub'/zip_county_place_usps_master.dta", ///
>                 key(zcta zipcode countyfips place_code) replace
 28.         save_data "`outstub'/zip_county_place_usps_master.csv", outsheet /
> //
>                 key(zcta zipcode countyfips place_code) replace
 29. end

. 
. program build_geomaster_small
  1.         syntax, instub(str) outstub(str)
  2. 
.         import excel "`instub'/TRACT_ZIP_122019.xlsx", ///
>                 firstrow clear
  3. 
.         drop BUS_RATIO OTH_RATIO TOT_RATIO      
  4. 
.         rename (TRACT ZIP RES_RATIO) (tract_fips zipcode res_ratio)
  5. 
.         save_data "`outstub'/tract_zip_master.dta", ///
>                 key(tract_fips zipcode) replace
  6.         save_data "`outstub'/tract_zip_master.csv", outsheet ///
>                 key(tract_fips zipcode) replace
  7. end 

. 
. *EXECUTE
. main 
(9,066,669 observations deleted)
zipcode was long now str5
(note: file ../temp/zillow_zipcodes_with_rents.dta not found)
file ../temp/zillow_zipcodes_with_rents.dta saved
(1 observation deleted)

    Result                           # of obs.
    -----------------------------------------
    not matched                        37,790
        from master                    37,790  (_merge==1)
        from using                          0  (_merge==2)

    matched                             3,316  (_merge==3)
    -----------------------------------------
(37,790 real changes made)
(data already sorted by zipcode)
  variable nbr_months_with_zillow_rents was long now int
  variable zipcode_with_zillow_rents was float now byte
  (205,530 bytes saved)
===============================================================================
File: ../temp/usps_master.dta
Key: zipcode
===============================================================================
  41106:5(61361):2847124819:2269243045

    Variable |        Obs        Mean    Std. Dev.       Min        Max
-------------+---------------------------------------------------------
     zipcode |          0
zipcode_name |          0
        zcta |          0
nbr_months~s |     41,106     4.81628     18.9409          0        119
zipcode_wi~s |     41,106    .0806695    .2723302          0          1




(note: file ../temp/usps_master.dta not found)
file ../temp/usps_master.dta saved
(14 vars, 84,977 obs)
(note: variable zcta was str5, now str7 to accommodate using data's values)

    Result                           # of obs.
    -----------------------------------------
    not matched                             0
    matched                            87,799  
    -----------------------------------------
(1,308 observations deleted)

Duplicates in terms of zcta countyfips place_code

    Variable |        Obs        Mean    Std. Dev.       Min        Max
-------------+---------------------------------------------------------
nbr_months~s |      2,837           0           0          0          0

Duplicates in terms of zcta countyfips place_code

(1,930 observations deleted)
(77,215 real changes made, 77,215 to missing)
(data now sorted by zcta zipcode countyfips place_code)
  variable zcta was str7 now str5
  (169,122 bytes saved)
===============================================================================
File: ../output/zip_county_place_usps_master.dta
Key: zcta zipcode countyfips place_code
===============================================================================
  84561:15(60944):681598611:2577876756

    Variable |        Obs        Mean    Std. Dev.       Min        Max
-------------+---------------------------------------------------------
        zcta |          0
     zipcode |          0
  countyfips |          0
  place_code |          0
      cbsa10 |          0
-------------+---------------------------------------------------------
   statefips |          0
houses_zct~y |     84,561    1557.409     3325.88          1      47617
   zcta_name |          0
  place_name |          0
 county_name |          0
-------------+---------------------------------------------------------
 cbsa10_name |          0
   state_abb |          0
zipcode_wi~s |     84,561    .0868722    .2816494          0          1
nbr_months~s |      7,346     58.7905    33.88456         12        119
         dup |     84,561    .0228238     .379992          0         34




(note: file ../output/zip_county_place_usps_master.dta not found)
file ../output/zip_county_place_usps_master.dta saved
(data now sorted by zcta zipcode countyfips place_code)
  variable zcta was str7 now str5
  (169,122 bytes saved)
===============================================================================
File: ../output/zip_county_place_usps_master.csv
Key: zcta zipcode countyfips place_code
===============================================================================
  84561:15(60944):681598611:2577876756

    Variable |        Obs        Mean    Std. Dev.       Min        Max
-------------+---------------------------------------------------------
        zcta |          0
     zipcode |          0
  countyfips |          0
  place_code |          0
      cbsa10 |          0
-------------+---------------------------------------------------------
   statefips |          0
houses_zct~y |     84,561    1557.409     3325.88          1      47617
   zcta_name |          0
  place_name |          0
 county_name |          0
-------------+---------------------------------------------------------
 cbsa10_name |          0
   state_abb |          0
zipcode_wi~s |     84,561    .0868722    .2816494          0          1
nbr_months~s |      7,346     58.7905    33.88456         12        119
         dup |     84,561    .0228238     .379992          0         34




(note: file ../output/zip_county_place_usps_master.csv not found)
(data now sorted by tract_fips zipcode)
  (0 bytes saved)
===============================================================================
File: ../output/tract_zip_master.dta
Key: tract_fips zipcode
===============================================================================
  170189:3(55294):342765164:372020979

    Variable |        Obs        Mean    Std. Dev.       Min        Max
-------------+---------------------------------------------------------
  tract_fips |          0
     zipcode |          0
   res_ratio |    170,189    .4305214    .4102205          0          1




(note: file ../output/tract_zip_master.dta not found)
file ../output/tract_zip_master.dta saved
(data now sorted by tract_fips zipcode)
  (0 bytes saved)
===============================================================================
File: ../output/tract_zip_master.csv
Key: tract_fips zipcode
===============================================================================
  170189:3(55294):342765164:372020979

    Variable |        Obs        Mean    Std. Dev.       Min        Max
-------------+---------------------------------------------------------
  tract_fips |          0
     zipcode |          0
   res_ratio |    170,189    .4305214    .4102205          0          1




(note: file ../output/tract_zip_master.csv not found)

. 
end of do-file

 make.py ended: 2021-03-11 09:36:24
