===============================================================================
File: ../../../drive/base_large/census_block_master/census_block_master.dta
Key: block
===============================================================================
  11078297:17(74882):2476564388:2386099727

    Variable |        Obs        Mean    Std. Dev.       Min        Max
-------------+---------------------------------------------------------
       block |          0
   statefips |          0
  countyfips |          0
 county_name |          0
       tract |          0
-------------+---------------------------------------------------------
  blockgroup |          0
        cbsa |          0
        zcta |          0
  place_code |          0
  place_name |          0
-------------+---------------------------------------------------------
 num_house10 | 11,078,297    11.88854    33.80024          0       4022
       pop10 | 11,078,297     27.8694    78.59192          0      19352
centroid_o~y | 11,078,297    .9506572    .2165827          0          1
     zipcode |          0
       rural | 11,078,297    .5071354    .4999491          0          1
-------------+---------------------------------------------------------
 zipcode_hud |          0
missing_zi~e | 11,078,297    .0036384    .0602091          0          1




