===============================================================================
File: ../../../drive/base_large/irs_soi/irs_zip.dta
Key: zipcode statefips year
===============================================================================
  307850:24(71340):3842104281:2291246567

    Variable |        Obs        Mean    Std. Dev.       Min        Max
-------------+---------------------------------------------------------
     zipcode |          0
   statefips |          0
        year |    307,850    2014.008    3.155054       2009       2019
num_hhlds_~s |    307,850    10357.24    181897.2         40   1.83e+07
     pop_irs |    307,850    20280.09    360416.1         50   3.58e+07
-------------+---------------------------------------------------------
adj_gross_~c |    307,850    697421.1    1.31e+07        886   1.68e+09
num_wage_h~s |    307,850      8648.1    151278.9          0   1.52e+07
  total_wage |    307,850    480365.9     8915965          0   1.14e+09
 num_ret_int |    307,850    3309.295    59085.95          0    6565245
   total_int |    307,850    7250.076    151830.7          0   1.93e+07
-------------+---------------------------------------------------------
 num_ret_div |    307,850    1937.689    33643.83          0    3306390
   total_div |    307,850    15564.12    315252.2          0   4.08e+07
num_bus_hh~s |    307,850    1683.779    31806.37          0    3469530
total_bizinc |    307,850    22846.62    464651.1     -52896   5.98e+07
num_farm_h~s |    307,850    117.1838    2026.173          0     225790
-------------+---------------------------------------------------------
agi_per_hhld |    307,850    59768.61    46442.73   3881.399    3886435
 agi_per_cap |    307,850    30862.58    26441.81   3803.288    2526183
wage_per_w~d |    307,848    49029.67    26588.15       6800    1006877
wage_per_h~d |    307,850    39991.73    20361.83          0   645274.3
wage_per_cap |    307,850     20489.9    11127.04          0     375538
-------------+---------------------------------------------------------
bussines_r~r |    295,729    10975.49    8485.684  -51407.23   596375.2
share_wage~s |    307,850    .8197127     .063632          0   1.007092
share_buss~s |    307,850    .1543227    .0553351          0   .7058824
share_farm~s |    307,850    .0469408     .074111          0   .7857143




