
========================================================================== 
File: ../../../drive/base_large/hud_housing_assistance/census_tract.csv 
MD5:  7e9847dda614d918c2469dd328ae4b7e 
Key:  census_tract program_label year 
 
 ========================================================================= 
         variable         mean       sd      min   max      N      type    
 ------------------------------------------------------------------------- 
 1     census_tract                                      2174241 character 
 2       hh_income      6,146.913 7,479.995  -5   97,311 2174241  numeric  
 3  months_since_report   1.620     4.341    -5     74   2174241  numeric  
 4    number_reported    36.713    93.573    -4   20,327 2174241  numeric  
 5      pct_1adult       13.840    24.014    -5    100   2174241  numeric  
 6      pct_2adults       0.726     5.603    -5    100   2174241  numeric  
 7       pct_bed1        16.567    30.278    -5    100   2174241  numeric  
 8       pct_bed2        12.067    21.050    -5    100   2174241  numeric  
 9       pct_bed3        11.729    23.345    -5    100   2174241  numeric  
 10  pct_black_nonhsp    20.897    33.950    -5    100   1433631  numeric  
 11    pct_hispanic       5.465    17.855    -5    100   2174241  numeric  
 12   pct_lt50_median    40.364    48.270    -5    100   2174241  numeric  
 13    pct_minority      25.094    38.106    -5    100   2174241  numeric  
 14    pct_occupied      42.572    47.376    -5   1,863  2174241  numeric  
 15    pct_reported      43.841    50.137    -5    100   2174241  numeric  
 16   pct_wage_major      9.811    17.250    -5    100   2174241  numeric  
 17   people_per_unit    -0.204     2.612    -5   8.700  2174241  numeric  
 18    people_total      75.540    204.447   -5   44,197 2174241  numeric  
 19    person_income    3,366.538 4,265.895  -5   70,239 2174241  numeric  
 20    program_label                                     2174241 character 
 21   rent_per_month     150.472   188.326   -5   1,438  2174241  numeric  
 22 spending_per_month   304.309   421.893   -5   51,801 2174222  numeric  
 23     total_units      47.367    110.493    0   31,641 1905354  numeric  
 24      tpoverty         8.324    14.443    -5    100   2174241  numeric  
 25        year         2,015.815   3.027   2,012 2,021  2174241  integer  
 ------------------------------------------------------------------------- 
