
========================================================================== 
File: ../../../drive/base_large/hud_housing_assistance/zipcode.csv 
MD5:  d2756310cc34476d43b0cc909d84f261 
Key:  zipcode program_label year 
 
 ======================================================================== 
         variable         mean       sd      min   max     N      type    
 ------------------------------------------------------------------------ 
 1       hh_income      8,810.186 7,489.004  -5   69,070 341465  numeric  
 2  months_since_report   2.216     4.989    -5     34   341465  numeric  
 3    number_reported    131.900   347.121   -4   15,616 341465  numeric  
 4      pct_1adult       16.053    23.065    -5    100   341465  numeric  
 5      pct_2adults       0.706     5.579    -5     97   341465  numeric  
 6       pct_bed1        29.193    35.977    -5    100   341465  numeric  
 7       pct_bed2        15.350    21.070    -5    100   341465  numeric  
 8       pct_bed3        13.166    21.854    -5    100   341465  numeric  
 9   pct_black_nonhsp    17.743    31.045    -5    100   341465  numeric  
 10    pct_hispanic       6.089    18.401    -5    100   341465  numeric  
 11   pct_lt50_median    57.442    48.134    -5    100   341465  numeric  
 12    pct_minority      27.724    37.188    -5    100   341465  numeric  
 13    pct_occupied      55.177    47.301    -5   1,713  341465  numeric  
 14    pct_reported      59.980    49.933    -5    100   341465  numeric  
 15   pct_wage_major     11.632    16.882    -5    100   341465  numeric  
 16   people_per_unit    -0.321     2.924    -5   8.700  341465  numeric  
 17    people_total      270.631   764.919   -5   39,499 341465  numeric  
 18    person_income    5,141.878 4,795.998  -5   32,068 341465  numeric  
 19    program_label                                     341465 character 
 20   rent_per_month     207.371   181.606   -5   1,314  341465  numeric  
 21 spending_per_month   403.542   418.770   -5   29,105 341464  numeric  
 22     total_units      147.377   382.441    0   17,887 341464  numeric  
 23      tpoverty        10.467    14.487    -5     95   341465  numeric  
 24        year         2,018.984   1.415   2,017 2,021  341465  integer  
 25       zipcode                                        341465 character 
 ------------------------------------------------------------------------ 
