
 make.py started: 2020-03-10 10:43:45 C:\Users\gabriel\Dropbox (Brown)\research\min_wage_rent\analysis\code 




Execute:  StataMP-64 /e do "./event_study.do"

  ___  ____  ____  ____  ____ (R)
 /__    /   ____/   /   ____/
___/   /   /___/   /   /___/   15.1   Copyright 1985-2017 StataCorp LLC
  Statistics/Data Analysis            StataCorp
                                      4905 Lakeway Drive
     MP - Parallel Edition            College Station, Texas 77845 USA
                                      800-STATA-PC        http://www.stata.com
                                      979-696-4600        stata@stata.com
                                      979-696-4601 (fax)

Single-user 32-core Stata perpetual license:
       Serial number:  501506205566
         Licensed to:  KU Leuven FEB (CES)
                       KU Leuven

Notes:
      1.  Stata is running in batch mode.
      2.  Unicode is supported; see help unicode_advice.
      3.  More than 2 billion observations are allowed; see help obs_advice.
      4.  Maximum number of variables is set to 5000; see help set_maxvar.

. do ./event_study.do 

. clear all

. set more off

. adopath + ../../lib/stata/mental_coupons/ado
  [1]  (BASE)      "C:\Program Files (x86)\Stata15\ado\base/"
  [2]  (SITE)      "C:\Program Files (x86)\Stata15\ado\site/"
  [3]              "."
  [4]  (PERSONAL)  "c:\ado\personal/"
  [5]  (PLUS)      "c:\ado\plus/"
  [6]  (OLDPLACE)  "c:\ado/"
  [7]              "../../lib/stata/mental_coupons/ado"

. adopath + ../../lib/stata/gslab_misc/ado
  [1]  (BASE)      "C:\Program Files (x86)\Stata15\ado\base/"
  [2]  (SITE)      "C:\Program Files (x86)\Stata15\ado\site/"
  [3]              "."
  [4]  (PERSONAL)  "c:\ado\personal/"
  [5]  (PLUS)      "c:\ado\plus/"
  [6]  (OLDPLACE)  "c:\ado/"
  [7]              "../../lib/stata/mental_coupons/ado"
  [8]              "../../lib/stata/gslab_misc/ado"

. set maxvar 32000 


. 
. program main
  1.         local instub  "../../derived/output/"
  2.         local outstub "../output/"
  3. 
.         use `instub'zipcode_yearmonth_panel.dta, clear
  4. 
.         prepare_data, time_var(year_month) geo_unit(zipcode)
  5. 
.         foreach var in min_event mean_event{
  6.                 foreach window in 6 12{
  7.                         create_event_vars, event_dummy(`var') window(`wind
> ow')                         ///
>                             time_var(year_month) geo_unit(zipcode)
  8.                                 
.                         create_event_plot, depvar(rent2br_median) event_var(r
> el_months_`var'`window')      ///
>                             controls(" ") absorb(zipcode calendar_month##stat
> e year_month year_month##state) window(`window')
  9. 
.                         create_event_plot, depvar(rent2br_psqft_median) event
> _var(rel_months_`var'`window')      ///
>                             controls(" ") absorb(zipcode calendar_month##stat
> e year_month year_month##state) window(`window')
 10. 
.                         create_event_plot, depvar(zhvi2br) event_var(rel_mont
> hs_`var'`window')             ///
>                             controls(" ") absorb(zipcode calendar_month##stat
> e year_month year_month##state) window(`window')
 11.                 }
 12.         }
 13. end

. 
. program prepare_data
  1.     syntax, time_var(str) geo_unit(str)
  2. 
.     gen date = dofm(year_month)
  3.         gen calendar_month = month(date)
  4.         drop date
  5. end

. 
. program create_event_vars
  1.         syntax, event_dummy(str) window(int) time_var(str) geo_unit(str)
  2.                 
.         * Diego's approach fixed. Use difference in dates (doesn't exclude ov
> erlapping)
. 
.         /* gen `event_dummy'_`time_var' = `time_var' if `event_dummy' == 1
>         format `event_dummy'_`time_var' %tm
>         bysort `geo_unit' (`time_var'): carryforward `event_dummy'_`time_var'
> , replace
> 
>         gen rel_months_`event_dummy' = `time_var' - F`window'.`event_dummy'_`
> time_var'
>         replace rel_months_`event_dummy' = 1000 if !inrange(rel_months_`event
> _dummy', -`window', `window')
>         replace rel_months_`event_dummy' = rel_months_`event_dummy' + `window
> ' + 1 if rel_months_`event_dummy' < 1000
>         */
. 
.         * Santi's approach. Idenfity "beginning of event" and add 12
.         bysort `geo_unit' (`time_var'): gen event_start = 1 if `event_dummy'[
> _n + `window'] == 1
  3.         gen event_start_non_overlap = event_start
  4.         forvalues i = 0(1)`window' {                                      
>       // Set to missing if i days ago there was a mw increase
  5.                 bysort `geo_unit' (`time_var'): replace event_start_non_ov
> erlap = . if `event_dummy'[_n - `i'] == 1
  6.         }
  7.         
.         local window_span = 2*`window' + 1
  8.         gen rel_months_`event_dummy' = event_start_non_overlap
  9.         forvalues i = 2(1)`window_span' {                                 
>       // Set to i if i days ago an event started 
 10.                 bysort `geo_unit' (`time_var'): replace rel_months_`event_
> dummy' = `i' if event_start_non_overlap[_n - `i' + 1] == 1
 11.         }
 12.         replace rel_months_`event_dummy' = 1000 if rel_months_`event_dummy
> ' == .
 13. 
. 
.         drop event_start event_start_non_overlap
 14.         rename rel_months_`event_dummy' rel_months_`event_dummy'`window'
 15.         sort `geo_unit' `time_var'
 16.         
. end

. 
. program create_event_plot
  1.         syntax, depvar(str) event_var(str) controls(str) absorb(str) windo
> w(int)
  2. 
.         local window_plus1 = `window' + 1
  3.         local window_span = 2*`window' + 1
  4.         
.         reghdfe `depvar' ib`window'.`event_var' `controls', absorb(`absorb') 
> vce(cluster zipcode)
  5.         
.         coefplot, drop(1000.`event_var' _cons `controls')                    
>                                    ///
>                 base vertical graphregion(color(white)) bgcolor(white)       
>                            ///
>                 xlabel(1 "-`window'" `window_plus1' "0" `window_span' "`windo
> w'")               ///
>                 xline(`window_plus1', lcol(grey) lpat(dot))
  6.         graph export ../output/`depvar'_`event_var'.png, replace        
  7. end

. 
. main
(7,395,511 missing values generated)
(7,395,511 missing values generated)
(5211 real changes made, 5211 to missing)
(4367 real changes made, 4367 to missing)
(335 real changes made, 335 to missing)
(1809 real changes made, 1809 to missing)
(106 real changes made, 106 to missing)
(23547 real changes made, 23547 to missing)
(82382 real changes made, 82382 to missing)
(7,513,268 missing values generated)
(84215 real changes made)
(84215 real changes made)
(84215 real changes made)
(84215 real changes made)
(84215 real changes made)
(84215 real changes made)
(84215 real changes made)
(84215 real changes made)
(84215 real changes made)
(84215 real changes made)
(84215 real changes made)
(84215 real changes made)
(6,529,112 real changes made)
(dropped 632 singleton observations)
(MWFE estimator converged in 12 iterations)

HDFE Linear regression                            Number of obs   =    105,683
Absorbing 4 HDFE groups                           F(  13,   2559) =       0.79
Statistics robust to heteroskedasticity           Prob > F        =     0.6762
                                                  R-squared       =     0.9860
                                                  Adj R-squared   =     0.9851
                                                  Within R-sq.    =     0.0003
Number of clusters (zipcode) =      2,560         Root MSE        =   107.0406

                            (Std. Err. adjusted for 2,560 clusters in zipcode)
------------------------------------------------------------------------------
             |               Robust
rent2br_me~n |      Coef.   Std. Err.      t    P>|t|     [95% Conf. Interval]
-------------+----------------------------------------------------------------
rel_months~6 |
          1  |   60.59686   30.79457     1.97   0.049     .2120441    120.9817
          2  |   40.68912   25.17783     1.62   0.106    -8.681863    90.06011
          3  |   24.09329   20.60282     1.17   0.242    -16.30661    64.49319
          4  |   14.42887   20.41047     0.71   0.480    -25.59384    54.45159
          5  |   12.97154   13.67588     0.95   0.343    -13.84538    39.78847
          7  |  -28.61967   29.06474    -0.98   0.325    -85.61246    28.37312
          8  |  -7.271076   18.57168    -0.39   0.695    -43.68813    29.14598
          9  |  -23.81195   29.11476    -0.82   0.414    -80.90284    33.27893
         10  |   -8.22288   24.79215    -0.33   0.740    -56.83759    40.39183
         11  |  -4.983429   31.37128    -0.16   0.874     -66.4991    56.53224
         12  |  -7.479943   20.96045    -0.36   0.721     -48.5811    33.62122
         13  |  -17.75613   27.61651    -0.64   0.520    -71.90911    36.39684
       1000  |  -8.970766   27.31739    -0.33   0.743     -62.5372    44.59567
             |
       _cons |   1777.039   26.56765    66.89   0.000     1724.943    1829.135
------------------------------------------------------------------------------

Absorbed degrees of freedom:
----------------------------------------------------------------+
            Absorbed FE | Categories  - Redundant  = Num. Coefs |
------------------------+---------------------------------------|
                zipcode |      2560        2560           0    *|
   calendar_month#state |       588           0         588     |
             year_month |       112          12         100     |
       year_month#state |      3241         588        2653    ?|
----------------------------------------------------------------+
? = number of redundant parameters may be higher
* = FE nested within cluster; treated as redundant for DoF computation
(note:  named style grey not found in class color, default attributes used)
(note: file ../output/rent2br_median_rel_months_min_event6.png not found)
(file ../output/rent2br_median_rel_months_min_event6.png written in PNG format)
(dropped 529 singleton observations)
(MWFE estimator converged in 12 iterations)

HDFE Linear regression                            Number of obs   =     91,921
Absorbing 4 HDFE groups                           F(  13,   2378) =       1.88
Statistics robust to heteroskedasticity           Prob > F        =     0.0274
                                                  R-squared       =     0.9881
                                                  Adj R-squared   =     0.9874
                                                  Within R-sq.    =     0.0002
Number of clusters (zipcode) =      2,379         Root MSE        =     0.0901

                            (Std. Err. adjusted for 2,379 clusters in zipcode)
------------------------------------------------------------------------------
             |               Robust
rent2br_ps~n |      Coef.   Std. Err.      t    P>|t|     [95% Conf. Interval]
-------------+----------------------------------------------------------------
rel_months~6 |
          1  |   .0084407   .0226055     0.37   0.709    -.0358878    .0527691
          2  |  -.0129624   .0190892    -0.68   0.497    -.0503957    .0244708
          3  |  -.0093486   .0137488    -0.68   0.497    -.0363095    .0176123
          4  |  -.0037958   .0139268    -0.27   0.785    -.0311058    .0235142
          5  |  -.0100132   .0152162    -0.66   0.511    -.0398515    .0198252
          7  |   -.021907   .0198929    -1.10   0.271    -.0609161    .0171021
          8  |   .0085253    .014692     0.58   0.562    -.0202853    .0373358
          9  |  -.0197491   .0246604    -0.80   0.423    -.0681072     .028609
         10  |  -.0243198   .0235997    -1.03   0.303     -.070598    .0219584
         11  |  -.0175589   .0233319    -0.75   0.452    -.0633119     .028194
         12  |  -.0169549   .0212732    -0.80   0.426    -.0586709    .0247612
         13  |  -.0529646   .0249136    -2.13   0.034    -.1018192   -.0041101
       1000  |  -.0116435   .0225608    -0.52   0.606    -.0558845    .0325974
             |
       _cons |   1.695305   .0221458    76.55   0.000     1.651878    1.738733
------------------------------------------------------------------------------

Absorbed degrees of freedom:
----------------------------------------------------------------+
            Absorbed FE | Categories  - Redundant  = Num. Coefs |
------------------------+---------------------------------------|
                zipcode |      2379        2379           0    *|
   calendar_month#state |       576           0         576     |
             year_month |       112          12         100     |
       year_month#state |      3085         576        2509    ?|
----------------------------------------------------------------+
? = number of redundant parameters may be higher
* = FE nested within cluster; treated as redundant for DoF computation
(note:  named style grey not found in class color, default attributes used)
(note: file ../output/rent2br_psqft_median_rel_months_min_event6.png not found)
(file ../output/rent2br_psqft_median_rel_months_min_event6.png written in PNG f
> ormat)
(dropped 143 singleton observations)
(MWFE estimator converged in 10 iterations)

HDFE Linear regression                            Number of obs   =  5,511,277
Absorbing 4 HDFE groups                           F(  13,  26649) =      16.75
Statistics robust to heteroskedasticity           Prob > F        =     0.0000
                                                  R-squared       =     0.9359
                                                  Adj R-squared   =     0.9354
                                                  Within R-sq.    =     0.0001
Number of clusters (zipcode) =     26,650         Root MSE        = 33752.8830

                           (Std. Err. adjusted for 26,650 clusters in zipcode)
------------------------------------------------------------------------------
             |               Robust
     zhvi2br |      Coef.   Std. Err.      t    P>|t|     [95% Conf. Interval]
-------------+----------------------------------------------------------------
rel_months~6 |
          1  |   2683.482   529.3081     5.07   0.000     1646.011    3720.954
          2  |   2462.706   442.4804     5.57   0.000     1595.421    3329.991
          3  |   1751.617   327.6342     5.35   0.000     1109.436    2393.797
          4  |    169.797   205.4225     0.83   0.408    -232.8419    572.4359
          5  |   99.72236   120.8963     0.82   0.409    -137.2408    336.6855
          7  |  -2192.219   270.3928    -8.11   0.000    -2722.203   -1662.235
          8  |  -2429.005   347.0342    -7.00   0.000    -3109.211     -1748.8
          9  |  -2448.563    421.828    -5.80   0.000    -3275.369   -1621.758
         10  |  -1862.488   476.7165    -3.91   0.000    -2796.878   -928.0988
         11  |   654.5467   766.7883     0.85   0.393    -848.3989    2157.492
         12  |   1106.902   816.3631     1.36   0.175    -493.2129    2707.017
         13  |   2905.074   849.5288     3.42   0.001     1239.952    4570.196
       1000  |   11144.35   2503.523     4.45   0.000      6237.31    16051.39
             |
       _cons |     136343   2193.092    62.17   0.000     132044.4    140641.6
------------------------------------------------------------------------------

Absorbed degrees of freedom:
----------------------------------------------------------------+
            Absorbed FE | Categories  - Redundant  = Num. Coefs |
------------------------+---------------------------------------|
                zipcode |     26650       26650           0    *|
   calendar_month#state |       612           0         612     |
             year_month |       285          12         273     |
       year_month#state |     14145         612       13533    ?|
----------------------------------------------------------------+
? = number of redundant parameters may be higher
* = FE nested within cluster; treated as redundant for DoF computation
(note:  named style grey not found in class color, default attributes used)
(note: file ../output/zhvi2br_rel_months_min_event6.png not found)
(file ../output/zhvi2br_rel_months_min_event6.png written in PNG format)
(7,422,657 missing values generated)
(7,422,657 missing values generated)
(85247 real changes made, 85247 to missing)
(16 real changes made, 16 to missing)
(99 real changes made, 99 to missing)
(241 real changes made, 241 to missing)
(1759 real changes made, 1759 to missing)
(299 real changes made, 299 to missing)
(1497 real changes made, 1497 to missing)
(3162 real changes made, 3162 to missing)
(59 real changes made, 59 to missing)
(342 real changes made, 342 to missing)
(1260 real changes made, 1260 to missing)
(814 real changes made, 814 to missing)
(4026 real changes made, 4026 to missing)
(7,521,478 missing values generated)
(76005 real changes made)
(76005 real changes made)
(76005 real changes made)
(76005 real changes made)
(76005 real changes made)
(76005 real changes made)
(76005 real changes made)
(76005 real changes made)
(76005 real changes made)
(76005 real changes made)
(76005 real changes made)
(76005 real changes made)
(76005 real changes made)
(76005 real changes made)
(76005 real changes made)
(76005 real changes made)
(76005 real changes made)
(76005 real changes made)
(76005 real changes made)
(76005 real changes made)
(76005 real changes made)
(76005 real changes made)
(76005 real changes made)
(76005 real changes made)
(5,809,186 real changes made)
(dropped 632 singleton observations)
(MWFE estimator converged in 12 iterations)

HDFE Linear regression                            Number of obs   =    105,683
Absorbing 4 HDFE groups                           F(  25,   2559) =       1.62
Statistics robust to heteroskedasticity           Prob > F        =     0.0268
                                                  R-squared       =     0.9860
                                                  Adj R-squared   =     0.9852
                                                  Within R-sq.    =     0.0017
Number of clusters (zipcode) =      2,560         Root MSE        =   106.9728

                            (Std. Err. adjusted for 2,560 clusters in zipcode)
------------------------------------------------------------------------------
             |               Robust
rent2br_me~n |      Coef.   Std. Err.      t    P>|t|     [95% Conf. Interval]
-------------+----------------------------------------------------------------
rel_month~12 |
          1  |  -2.693092   49.83598    -0.05   0.957     -100.416    95.02985
          2  |   49.13405   42.45457     1.16   0.247    -34.11476    132.3829
          3  |   62.37558   49.50125     1.26   0.208    -34.69099    159.4422
          4  |   34.74848   44.30732     0.78   0.433    -52.13337    121.6303
          5  |   60.68242   60.27337     1.01   0.314    -57.50712     178.872
          6  |   69.64066   62.01269     1.12   0.262    -51.95949    191.2408
          7  |   70.49901   60.41347     1.17   0.243    -47.96524    188.9633
          8  |   76.50291   52.49577     1.46   0.145    -26.43559    179.4414
          9  |   61.65369   43.03532     1.43   0.152     -22.7339    146.0413
         10  |   34.75199   38.05691     0.91   0.361    -39.87347    109.3775
         11  |    46.8862   26.86974     1.74   0.081    -5.802449    99.57484
         13  |  -30.47173   24.90699    -1.22   0.221    -79.31165    18.36818
         14  |  -30.65144   43.05079    -0.71   0.477    -115.0694    53.76648
         15  |  -76.46138   71.47202    -1.07   0.285    -216.6102    63.68749
         16  |  -88.15681   56.34543    -1.56   0.118    -198.6441    22.33046
         17  |  -42.13109   64.18777    -0.66   0.512    -167.9963    83.73416
         18  |  -48.01904   59.85573    -0.80   0.422    -165.3896    69.35156
         19  |  -55.09113   63.60271    -0.87   0.386    -179.8091    69.62688
         20  |   -24.0379   51.90528    -0.46   0.643    -125.8185    77.74273
         21  |   3.924651   49.44697     0.08   0.937    -93.03548    100.8848
         22  |   9.794041   49.12714     0.20   0.842    -86.53895     106.127
         23  |   16.55734    50.5494     0.33   0.743    -82.56456    115.6792
         24  |     11.699   49.32785     0.24   0.813    -85.02756    108.4256
         25  |    9.95372     51.214     0.19   0.846    -90.47137    110.3788
       1000  |   76.13031   54.60064     1.39   0.163    -30.93562    183.1962
             |
       _cons |    1697.49   52.50593    32.33   0.000     1594.531    1800.448
------------------------------------------------------------------------------

Absorbed degrees of freedom:
----------------------------------------------------------------+
            Absorbed FE | Categories  - Redundant  = Num. Coefs |
------------------------+---------------------------------------|
                zipcode |      2560        2560           0    *|
   calendar_month#state |       588           0         588     |
             year_month |       112          12         100     |
       year_month#state |      3241         588        2653    ?|
----------------------------------------------------------------+
? = number of redundant parameters may be higher
* = FE nested within cluster; treated as redundant for DoF computation
(note:  named style grey not found in class color, default attributes used)
(note: file ../output/rent2br_median_rel_months_min_event12.png not found)
(file ../output/rent2br_median_rel_months_min_event12.png written in PNG format
> )
(dropped 529 singleton observations)
(MWFE estimator converged in 12 iterations)

HDFE Linear regression                            Number of obs   =     91,921
Absorbing 4 HDFE groups                           F(  25,   2378) =       2.89
Statistics robust to heteroskedasticity           Prob > F        =     0.0000
                                                  R-squared       =     0.9881
                                                  Adj R-squared   =     0.9874
                                                  Within R-sq.    =     0.0009
Number of clusters (zipcode) =      2,379         Root MSE        =     0.0901

                            (Std. Err. adjusted for 2,379 clusters in zipcode)
------------------------------------------------------------------------------
             |               Robust
rent2br_ps~n |      Coef.   Std. Err.      t    P>|t|     [95% Conf. Interval]
-------------+----------------------------------------------------------------
rel_month~12 |
          1  |   .0315999   .0234501     1.35   0.178    -.0143849    .0775847
          2  |  -.0806316   .0642454    -1.26   0.210    -.2066145    .0453512
          3  |   .0200663   .0307899     0.65   0.515    -.0403116    .0804442
          4  |  -.0173845   .0506431    -0.34   0.731    -.1166937    .0819246
          5  |  -.0301479   .0425185    -0.71   0.478    -.1135251    .0532293
          6  |  -.0089889    .044649    -0.20   0.840    -.0965439    .0785662
          7  |  -.0348527   .0413004    -0.84   0.399    -.1158411    .0461358
          8  |   -.020413   .0246825    -0.83   0.408    -.0688145    .0279885
          9  |  -.0301847   .0276772    -1.09   0.276    -.0844585    .0240892
         10  |   -.060485   .0398288    -1.52   0.129    -.1385878    .0176177
         11  |  -.0279983    .024123    -1.16   0.246    -.0753026     .019306
         13  |  -.0917593   .0459194    -2.00   0.046    -.1818054   -.0017132
         14  |  -.0791351   .0411938    -1.92   0.055    -.1599146    .0016444
         15  |  -.1334793   .0854529    -1.56   0.118    -.3010492    .0340906
         16  |   -.127047   .0750309    -1.69   0.091    -.2741797    .0200858
         17  |  -.0875388   .0446699    -1.96   0.050    -.1751348    .0000573
         18  |  -.0815709   .0530029    -1.54   0.124    -.1855075    .0223658
         19  |  -.1296469   .0601887    -2.15   0.031    -.2476748   -.0116191
         20  |  -.0842132   .0522895    -1.61   0.107    -.1867509    .0183245
         21  |  -.0422936   .0424778    -1.00   0.320    -.1255909    .0410037
         22  |  -.0530164   .0481495    -1.10   0.271    -.1474358    .0414029
         23  |  -.0688442   .0541175    -1.27   0.203    -.1749666    .0372781
         24  |  -.0688439   .0562884    -1.22   0.221    -.1792234    .0415355
         25  |  -.0805774   .0592488    -1.36   0.174    -.1967621    .0356072
       1000  |  -.0351473    .051704    -0.68   0.497    -.1365369    .0662424
             |
       _cons |    1.72011   .0505401    34.03   0.000     1.621003    1.819217
------------------------------------------------------------------------------

Absorbed degrees of freedom:
----------------------------------------------------------------+
            Absorbed FE | Categories  - Redundant  = Num. Coefs |
------------------------+---------------------------------------|
                zipcode |      2379        2379           0    *|
   calendar_month#state |       576           0         576     |
             year_month |       112          12         100     |
       year_month#state |      3085         576        2509    ?|
----------------------------------------------------------------+
? = number of redundant parameters may be higher
* = FE nested within cluster; treated as redundant for DoF computation
(note:  named style grey not found in class color, default attributes used)
(note: file ../output/rent2br_psqft_median_rel_months_min_event12.png not found
> )
(file ../output/rent2br_psqft_median_rel_months_min_event12.png written in PNG 
> format)
(dropped 143 singleton observations)
(MWFE estimator converged in 10 iterations)

HDFE Linear regression                            Number of obs   =  5,511,277
Absorbing 4 HDFE groups                           F(  25,  26649) =      13.76
Statistics robust to heteroskedasticity           Prob > F        =     0.0000
                                                  R-squared       =     0.9359
                                                  Adj R-squared   =     0.9355
                                                  Within R-sq.    =     0.0004
Number of clusters (zipcode) =     26,650         Root MSE        = 33747.5572

                           (Std. Err. adjusted for 26,650 clusters in zipcode)
------------------------------------------------------------------------------
             |               Robust
     zhvi2br |      Coef.   Std. Err.      t    P>|t|     [95% Conf. Interval]
-------------+----------------------------------------------------------------
rel_month~12 |
          1  |   1735.203    1833.48     0.95   0.344    -1858.515     5328.92
          2  |     3766.9    2145.47     1.76   0.079    -438.3346    7972.134
          3  |   4190.555   2121.978     1.97   0.048     31.36621    8349.743
          4  |    1006.49   1680.763     0.60   0.549    -2287.894    4300.874
          5  |   1443.087   1625.898     0.89   0.375    -1743.759    4629.932
          6  |   724.9629   1495.792     0.48   0.628    -2206.869    3656.794
          7  |   859.5905   866.5023     0.99   0.321    -838.7999    2557.981
          8  |  -338.0915   604.3957    -0.56   0.576    -1522.739    846.5561
          9  |  -692.5381    445.412    -1.55   0.120    -1565.569     180.493
         10  |  -559.9159   247.2656    -2.26   0.024     -1044.57    -75.2622
         11  |  -851.0014   129.2234    -6.59   0.000    -1104.286   -597.7166
         13  |   -451.249   227.4646    -1.98   0.047    -897.0916   -5.406399
         14  |   1060.299   342.4464     3.10   0.002     389.0863    1731.513
         15  |   613.7396   456.5273     1.34   0.179     -281.078    1508.557
         16  |  -3437.527   1231.222    -2.79   0.005    -5850.788   -1024.266
         17  |   892.6841   1784.941     0.50   0.617    -2605.895    4391.263
         18  |    554.794   1940.644     0.29   0.775    -3248.972     4358.56
         19  |   870.5285   2088.009     0.42   0.677    -3222.081    4963.138
         20  |   5221.761   2254.432     2.32   0.021     802.9556    9640.567
         21  |   5875.979    2358.57     2.49   0.013     1253.057     10498.9
         22  |   5842.431   2469.618     2.37   0.018     1001.848    10683.01
         23  |   10064.26   2973.602     3.38   0.001     4235.842    15892.68
         24  |   10589.34   3068.961     3.45   0.001     4574.015    16604.67
         25  |   9451.685   3103.597     3.05   0.002      3368.47     15534.9
       1000  |   23800.96   4994.168     4.77   0.000     14012.13     33589.8
             |
       _cons |   126735.6   4099.484    30.92   0.000     118700.4    134770.8
------------------------------------------------------------------------------

Absorbed degrees of freedom:
----------------------------------------------------------------+
            Absorbed FE | Categories  - Redundant  = Num. Coefs |
------------------------+---------------------------------------|
                zipcode |     26650       26650           0    *|
   calendar_month#state |       612           0         612     |
             year_month |       285          12         273     |
       year_month#state |     14145         612       13533    ?|
----------------------------------------------------------------+
? = number of redundant parameters may be higher
* = FE nested within cluster; treated as redundant for DoF computation
(note:  named style grey not found in class color, default attributes used)
(note: file ../output/zhvi2br_rel_months_min_event12.png not found)
(file ../output/zhvi2br_rel_months_min_event12.png written in PNG format)
(7,350,542 missing values generated)
(7,350,542 missing values generated)
(8739 real changes made, 8739 to missing)
(4899 real changes made, 4899 to missing)
(421 real changes made, 421 to missing)
(1809 real changes made, 1809 to missing)
(796 real changes made, 796 to missing)
(45196 real changes made, 45196 to missing)
(81820 real changes made, 81820 to missing)
(7,494,222 missing values generated)
(103261 real changes made)
(103261 real changes made)
(103261 real changes made)
(103261 real changes made)
(103261 real changes made)
(103261 real changes made)
(103261 real changes made)
(103261 real changes made)
(103261 real changes made)
(103261 real changes made)
(103261 real changes made)
(103261 real changes made)
(6,510,410 real changes made)
(dropped 632 singleton observations)
(MWFE estimator converged in 12 iterations)

HDFE Linear regression                            Number of obs   =    105,683
Absorbing 4 HDFE groups                           F(  13,   2559) =       0.82
Statistics robust to heteroskedasticity           Prob > F        =     0.6362
                                                  R-squared       =     0.9860
                                                  Adj R-squared   =     0.9851
                                                  Within R-sq.    =     0.0003
Number of clusters (zipcode) =      2,560         Root MSE        =   107.0404

                            (Std. Err. adjusted for 2,560 clusters in zipcode)
------------------------------------------------------------------------------
             |               Robust
rent2br_me~n |      Coef.   Std. Err.      t    P>|t|     [95% Conf. Interval]
-------------+----------------------------------------------------------------
re~an_event6 |
          1  |   60.57504   30.77356     1.97   0.049     .2314304    120.9187
          2  |   40.61918   25.20093     1.61   0.107    -8.797103    90.03547
          3  |   23.78341   20.65424     1.15   0.250    -16.71731    64.28412
          4  |   14.44673   20.39232     0.71   0.479    -25.54041    54.43386
          5  |    12.6827   13.65881     0.93   0.353    -14.10074    39.46614
          7  |  -28.72219   29.02926    -0.99   0.323    -85.64543    28.20104
          8  |  -7.062564    18.5146    -0.38   0.703    -43.36769    29.24256
          9  |  -23.70527   29.10533    -0.81   0.415    -80.77766    33.36712
         10  |  -8.086284   24.77656    -0.33   0.744    -56.67044    40.49787
         11  |  -7.380374   30.77433    -0.24   0.810    -67.72549    52.96474
         12  |  -10.59894   21.26561    -0.50   0.618    -52.29849    31.10061
         13  |  -21.16009    27.2777    -0.78   0.438     -74.6487    32.32853
       1000  |  -8.378352   27.32392    -0.31   0.759     -61.9576    45.20089
             |
       _cons |   1776.518   26.56604    66.87   0.000     1724.425    1828.611
------------------------------------------------------------------------------

Absorbed degrees of freedom:
----------------------------------------------------------------+
            Absorbed FE | Categories  - Redundant  = Num. Coefs |
------------------------+---------------------------------------|
                zipcode |      2560        2560           0    *|
   calendar_month#state |       588           0         588     |
             year_month |       112          12         100     |
       year_month#state |      3241         588        2653    ?|
----------------------------------------------------------------+
? = number of redundant parameters may be higher
* = FE nested within cluster; treated as redundant for DoF computation
(note:  named style grey not found in class color, default attributes used)
(note: file ../output/rent2br_median_rel_months_mean_event6.png not found)
(file ../output/rent2br_median_rel_months_mean_event6.png written in PNG format
> )
(dropped 529 singleton observations)
(MWFE estimator converged in 12 iterations)

HDFE Linear regression                            Number of obs   =     91,921
Absorbing 4 HDFE groups                           F(  13,   2378) =       2.43
Statistics robust to heteroskedasticity           Prob > F        =     0.0029
                                                  R-squared       =     0.9881
                                                  Adj R-squared   =     0.9874
                                                  Within R-sq.    =     0.0004
Number of clusters (zipcode) =      2,379         Root MSE        =     0.0901

                            (Std. Err. adjusted for 2,379 clusters in zipcode)
------------------------------------------------------------------------------
             |               Robust
rent2br_ps~n |      Coef.   Std. Err.      t    P>|t|     [95% Conf. Interval]
-------------+----------------------------------------------------------------
re~an_event6 |
          1  |   .0181937   .0245939     0.74   0.460    -.0300341    .0664214
          2  |  -.0034788   .0200611    -0.17   0.862    -.0428177    .0358602
          3  |   -.000221   .0142176    -0.02   0.988    -.0281011     .027659
          4  |   .0067786   .0160153     0.42   0.672    -.0246267    .0381839
          5  |   .0000495   .0173865     0.00   0.998    -.0340449    .0341438
          7  |  -.0221518   .0194893    -1.14   0.256    -.0603695     .016066
          8  |   .0101761   .0144632     0.70   0.482    -.0181858    .0385379
          9  |  -.0173315    .024354    -0.71   0.477    -.0650887    .0304257
         10  |  -.0196786     .02336    -0.84   0.400    -.0654866    .0261294
         11  |   -.020738   .0230858    -0.90   0.369    -.0660083    .0245323
         12  |  -.0271082     .02085    -1.30   0.194    -.0679942    .0137779
         13  |  -.0590956   .0241047    -2.45   0.014     -.106364   -.0118273
       1000  |   .0038853   .0262491     0.15   0.882    -.0475883    .0553588
             |
       _cons |   1.680276   .0256952    65.39   0.000     1.629888    1.730663
------------------------------------------------------------------------------

Absorbed degrees of freedom:
----------------------------------------------------------------+
            Absorbed FE | Categories  - Redundant  = Num. Coefs |
------------------------+---------------------------------------|
                zipcode |      2379        2379           0    *|
   calendar_month#state |       576           0         576     |
             year_month |       112          12         100     |
       year_month#state |      3085         576        2509    ?|
----------------------------------------------------------------+
? = number of redundant parameters may be higher
* = FE nested within cluster; treated as redundant for DoF computation
(note:  named style grey not found in class color, default attributes used)
(note: file ../output/rent2br_psqft_median_rel_months_mean_event6.png not found
> )
(file ../output/rent2br_psqft_median_rel_months_mean_event6.png written in PNG 
> format)
(dropped 143 singleton observations)
(MWFE estimator converged in 10 iterations)

HDFE Linear regression                            Number of obs   =  5,511,277
Absorbing 4 HDFE groups                           F(  13,  26649) =      18.44
Statistics robust to heteroskedasticity           Prob > F        =     0.0000
                                                  R-squared       =     0.9359
                                                  Adj R-squared   =     0.9355
                                                  Within R-sq.    =     0.0002
Number of clusters (zipcode) =     26,650         Root MSE        = 33751.5181

                           (Std. Err. adjusted for 26,650 clusters in zipcode)
------------------------------------------------------------------------------
             |               Robust
     zhvi2br |      Coef.   Std. Err.      t    P>|t|     [95% Conf. Interval]
-------------+----------------------------------------------------------------
re~an_event6 |
          1  |   4033.564   601.2568     6.71   0.000     2855.069    5212.059
          2  |   3165.011   456.6927     6.93   0.000      2269.87    4060.153
          3  |   2034.923   330.3504     6.16   0.000     1387.418    2682.427
          4  |   207.1837   192.5061     1.08   0.282    -170.1384    584.5058
          5  |   169.0212   110.8388     1.52   0.127    -48.22881    386.2711
          7  |  -2052.767   243.6861    -8.42   0.000    -2530.404   -1575.129
          8  |  -1779.076   307.1567    -5.79   0.000    -2381.119   -1177.032
          9  |  -1589.258   411.3897    -3.86   0.000    -2395.604   -782.9127
         10  |  -567.0167   487.5694    -1.16   0.245    -1522.679    388.6452
         11  |   2734.932   843.2682     3.24   0.001     1082.082    4387.782
         12  |    2036.11   939.3765     2.17   0.030      194.882    3877.338
         13  |   3563.165   1264.249     2.82   0.005     1085.171     6041.16
       1000  |    15142.7    2304.18     6.57   0.000     10626.39    19659.02
             |
       _cons |   132798.5   2018.169    65.80   0.000     128842.8    136754.2
------------------------------------------------------------------------------

Absorbed degrees of freedom:
----------------------------------------------------------------+
            Absorbed FE | Categories  - Redundant  = Num. Coefs |
------------------------+---------------------------------------|
                zipcode |     26650       26650           0    *|
   calendar_month#state |       612           0         612     |
             year_month |       285          12         273     |
       year_month#state |     14145         612       13533    ?|
----------------------------------------------------------------+
? = number of redundant parameters may be higher
* = FE nested within cluster; treated as redundant for DoF computation
(note:  named style grey not found in class color, default attributes used)
(note: file ../output/zhvi2br_rel_months_mean_event6.png not found)
(file ../output/zhvi2br_rel_months_mean_event6.png written in PNG format)
(7,377,905 missing values generated)
(7,377,905 missing values generated)
(107773 real changes made, 107773 to missing)
(86 real changes made, 86 to missing)
(174 real changes made, 174 to missing)
(252 real changes made, 252 to missing)
(1841 real changes made, 1841 to missing)
(307 real changes made, 307 to missing)
(4744 real changes made, 4744 to missing)
(3162 real changes made, 3162 to missing)
(67 real changes made, 67 to missing)
(755 real changes made, 755 to missing)
(2079 real changes made, 2079 to missing)
(892 real changes made, 892 to missing)
(5372 real changes made, 5372 to missing)
(7,505,409 missing values generated)
(92074 real changes made)
(92074 real changes made)
(92074 real changes made)
(92074 real changes made)
(92074 real changes made)
(92074 real changes made)
(92074 real changes made)
(92074 real changes made)
(92074 real changes made)
(92074 real changes made)
(92074 real changes made)
(92074 real changes made)
(92074 real changes made)
(92074 real changes made)
(92074 real changes made)
(92074 real changes made)
(92074 real changes made)
(92074 real changes made)
(92074 real changes made)
(92074 real changes made)
(92074 real changes made)
(92074 real changes made)
(92074 real changes made)
(92074 real changes made)
(5,792,673 real changes made)
(dropped 632 singleton observations)
(MWFE estimator converged in 12 iterations)

HDFE Linear regression                            Number of obs   =    105,683
Absorbing 4 HDFE groups                           F(  25,   2559) =       1.62
Statistics robust to heteroskedasticity           Prob > F        =     0.0270
                                                  R-squared       =     0.9860
                                                  Adj R-squared   =     0.9852
                                                  Within R-sq.    =     0.0018
Number of clusters (zipcode) =      2,560         Root MSE        =   106.9690

                            (Std. Err. adjusted for 2,560 clusters in zipcode)
------------------------------------------------------------------------------
             |               Robust
rent2br_me~n |      Coef.   Std. Err.      t    P>|t|     [95% Conf. Interval]
-------------+----------------------------------------------------------------
r~an_event12 |
          1  |  -3.557774   50.31332    -0.07   0.944    -102.2167    95.10118
          2  |    48.5218   43.18171     1.12   0.261    -36.15285    133.1964
          3  |   61.49862   49.90168     1.23   0.218    -36.35316    159.3504
          4  |   33.74915    44.6797     0.76   0.450    -53.86289    121.3612
          5  |   61.85707   61.72785     1.00   0.316    -59.18454    182.8987
          6  |   68.89107   62.39555     1.10   0.270    -53.45984     191.242
          7  |    69.0129   60.45166     1.14   0.254    -49.52624     187.552
          8  |   75.02224   52.80962     1.42   0.156    -28.53168    178.5762
          9  |    60.1998   42.65962     1.41   0.158    -23.45108    143.8507
         10  |   34.14927   38.22377     0.89   0.372     -40.8034    109.1019
         11  |    46.5606   26.91778     1.73   0.084    -6.222246    99.34344
         13  |  -30.98311   25.10136    -1.23   0.217    -80.20416    18.23793
         14  |  -31.30664   43.44265    -0.72   0.471     -116.493    53.87968
         15  |  -78.05481   71.35236    -1.09   0.274     -217.969    61.85942
         16  |  -89.40906   56.51174    -1.58   0.114    -200.2225    21.40433
         17  |  -44.05349   64.50492    -0.68   0.495    -170.5406    82.43365
         18  |  -50.14002   60.03011    -0.84   0.404    -167.8525    67.57251
         19  |  -56.54411   63.90828    -0.88   0.376    -181.8613    68.77309
         20  |  -26.21026   54.73601    -0.48   0.632    -133.5416    81.12112
         21  |  -4.029072   48.74902    -0.08   0.934     -99.6206    91.56246
         22  |   5.436504   49.58229     0.11   0.913    -91.78899     102.662
         23  |   3.502096   50.95797     0.07   0.945    -96.42095    103.4251
         24  |   8.085625   50.99107     0.16   0.874    -91.90234    108.0736
         25  |   4.941035     51.793     0.10   0.924    -96.61942    106.5015
       1000  |    75.7096   54.75917     1.38   0.167     -31.6672    183.0864
             |
       _cons |   1698.148   52.67055    32.24   0.000     1594.866    1801.429
------------------------------------------------------------------------------

Absorbed degrees of freedom:
----------------------------------------------------------------+
            Absorbed FE | Categories  - Redundant  = Num. Coefs |
------------------------+---------------------------------------|
                zipcode |      2560        2560           0    *|
   calendar_month#state |       588           0         588     |
             year_month |       112          12         100     |
       year_month#state |      3241         588        2653    ?|
----------------------------------------------------------------+
? = number of redundant parameters may be higher
* = FE nested within cluster; treated as redundant for DoF computation
(note:  named style grey not found in class color, default attributes used)
(note: file ../output/rent2br_median_rel_months_mean_event12.png not found)
(file ../output/rent2br_median_rel_months_mean_event12.png written in PNG forma
> t)
(dropped 529 singleton observations)
(MWFE estimator converged in 12 iterations)

HDFE Linear regression                            Number of obs   =     91,921
Absorbing 4 HDFE groups                           F(  25,   2378) =       2.78
Statistics robust to heteroskedasticity           Prob > F        =     0.0000
                                                  R-squared       =     0.9881
                                                  Adj R-squared   =     0.9874
                                                  Within R-sq.    =     0.0009
Number of clusters (zipcode) =      2,379         Root MSE        =     0.0901

                            (Std. Err. adjusted for 2,379 clusters in zipcode)
------------------------------------------------------------------------------
             |               Robust
rent2br_ps~n |      Coef.   Std. Err.      t    P>|t|     [95% Conf. Interval]
-------------+----------------------------------------------------------------
r~an_event12 |
          1  |   .0311417   .0237538     1.31   0.190    -.0154385    .0777219
          2  |  -.0805255   .0647347    -1.24   0.214    -.2074678    .0464168
          3  |   .0194294   .0308823     0.63   0.529    -.0411296    .0799885
          4  |  -.0182067   .0508528    -0.36   0.720    -.1179272    .0815138
          5  |   -.026202   .0445711    -0.59   0.557    -.1136043    .0612002
          6  |  -.0110922   .0441162    -0.25   0.802    -.0976024    .0754181
          7  |  -.0381561   .0405678    -0.94   0.347    -.1177081    .0413958
          8  |  -.0211628    .024948    -0.85   0.396    -.0700849    .0277593
          9  |  -.0322968   .0280764    -1.15   0.250    -.0873535      .02276
         10  |  -.0608302   .0398476    -1.53   0.127    -.1389699    .0173095
         11  |  -.0280569   .0243987    -1.15   0.250    -.0759018    .0197881
         13  |  -.0919362   .0461013    -1.99   0.046    -.1823392   -.0015332
         14  |  -.0794587   .0416941    -1.91   0.057    -.1612192    .0023019
         15  |  -.1344513   .0856162    -1.57   0.116    -.3023415    .0334389
         16  |  -.1276955   .0752079    -1.70   0.090    -.2751753    .0197844
         17  |  -.0888482   .0453732    -1.96   0.050    -.1778234     .000127
         18  |  -.0832683   .0533074    -1.56   0.118    -.1878021    .0212656
         19  |  -.1304765   .0604203    -2.16   0.031    -.2489584   -.0119946
         20  |  -.0856783   .0550027    -1.56   0.119    -.1935364    .0221798
         21  |  -.0466647   .0434105    -1.07   0.283    -.1317909    .0384616
         22  |  -.0552611   .0483439    -1.14   0.253    -.1500618    .0395395
         23  |  -.0777888   .0556745    -1.40   0.162    -.1869643    .0313868
         24  |   -.076086   .0568854    -1.34   0.181    -.1876361    .0354641
         25  |  -.0824786   .0582843    -1.42   0.157     -.196772    .0318147
       1000  |  -.0352248   .0519172    -0.68   0.498    -.1370324    .0665829
             |
       _cons |   1.720324   .0507683    33.89   0.000     1.620769    1.819878
------------------------------------------------------------------------------

Absorbed degrees of freedom:
----------------------------------------------------------------+
            Absorbed FE | Categories  - Redundant  = Num. Coefs |
------------------------+---------------------------------------|
                zipcode |      2379        2379           0    *|
   calendar_month#state |       576           0         576     |
             year_month |       112          12         100     |
       year_month#state |      3085         576        2509    ?|
----------------------------------------------------------------+
? = number of redundant parameters may be higher
* = FE nested within cluster; treated as redundant for DoF computation
(note:  named style grey not found in class color, default attributes used)
(note: file ../output/rent2br_psqft_median_rel_months_mean_event12.png not foun
> d)
(file ../output/rent2br_psqft_median_rel_months_mean_event12.png written in PNG
>  format)
(dropped 143 singleton observations)
(MWFE estimator converged in 10 iterations)

HDFE Linear regression                            Number of obs   =  5,511,277
Absorbing 4 HDFE groups                           F(  25,  26649) =      12.02
Statistics robust to heteroskedasticity           Prob > F        =     0.0000
                                                  R-squared       =     0.9359
                                                  Adj R-squared   =     0.9355
                                                  Within R-sq.    =     0.0004
Number of clusters (zipcode) =     26,650         Root MSE        = 33747.4671

                           (Std. Err. adjusted for 26,650 clusters in zipcode)
------------------------------------------------------------------------------
             |               Robust
     zhvi2br |      Coef.   Std. Err.      t    P>|t|     [95% Conf. Interval]
-------------+----------------------------------------------------------------
r~an_event12 |
          1  |   2608.168   1905.568     1.37   0.171    -1126.846    6343.182
          2  |   4166.386   2222.439     1.87   0.061    -189.7115    8522.484
          3  |   5006.666   2248.736     2.23   0.026     599.0252    9414.307
          4  |    1896.78   1799.717     1.05   0.292     -1630.76     5424.32
          5  |    1941.05   1704.348     1.14   0.255    -1399.562    5281.663
          6  |   1269.424   1547.001     0.82   0.412     -1762.78    4301.628
          7  |   1211.685   850.9938     1.42   0.155    -456.3075    2879.678
          8  |   352.7477    652.624     0.54   0.589    -926.4298    1631.925
          9  |  -81.21762   452.0168    -0.18   0.857    -967.1944    804.7592
         10  |  -293.9772   231.4634    -1.27   0.204    -747.6576    159.7033
         11  |  -1254.638    208.656    -6.01   0.000    -1663.615   -845.6615
         13  |  -153.3743    248.202    -0.62   0.537    -639.8633    333.1148
         14  |   347.8226   326.0067     1.07   0.286    -291.1679    986.8131
         15  |   492.9415   461.0054     1.07   0.285    -410.6535    1396.537
         16  |  -1980.731   1291.959    -1.53   0.125    -4513.039    551.5769
         17  |  -2204.693   1505.594    -1.46   0.143    -5155.738    746.3513
         18  |   1057.199   1962.176     0.54   0.590    -2788.771    4903.168
         19  |   1196.072   2230.248     0.54   0.592    -3175.333    5567.477
         20  |   4451.225   2332.164     1.91   0.056    -119.9397    9022.391
         21  |   5458.548   2451.606     2.23   0.026       653.27    10263.83
         22  |   5710.064   2695.378     2.12   0.034     426.9805    10993.15
         23  |   12515.07   3073.763     4.07   0.000     6490.334    18539.81
         24  |    15107.7   3267.976     4.62   0.000     8702.298    21513.11
         25  |   15502.94   3514.524     4.41   0.000     8614.289     22391.6
       1000  |   24628.83   5115.797     4.81   0.000     14601.59    34656.06
             |
       _cons |   125956.7   4161.406    30.27   0.000     117800.2    134113.3
------------------------------------------------------------------------------

Absorbed degrees of freedom:
----------------------------------------------------------------+
            Absorbed FE | Categories  - Redundant  = Num. Coefs |
------------------------+---------------------------------------|
                zipcode |     26650       26650           0    *|
   calendar_month#state |       612           0         612     |
             year_month |       285          12         273     |
       year_month#state |     14145         612       13533    ?|
----------------------------------------------------------------+
? = number of redundant parameters may be higher
* = FE nested within cluster; treated as redundant for DoF computation
(note:  named style grey not found in class color, default attributes used)
(note: file ../output/zhvi2br_rel_months_mean_event12.png not found)
(file ../output/zhvi2br_rel_months_mean_event12.png written in PNG format)

. 
end of do-file

 make.py ended: 2020-03-10 11:14:47
