===============================================================================
File: ../output/all_zipcode_lvl_data.dta
Key: zipcode
===============================================================================
  31754:42(39657):2370162809:1999371649

    Variable |        Obs        Mean    Std. Dev.       Min        Max
-------------+---------------------------------------------------------
     zipcode |          0
       rural |     31,526    .5614096    .4962224          0          1
populat~2010 |     31,754      9670.5    13755.56          0     115182
n_male_~2010 |     31,754    4754.675    6726.825          0      57965
n_white~2010 |     31,754    7005.537    9522.777          0      91407
-------------+---------------------------------------------------------
n_black~2010 |     31,754    1214.418    3814.809          0      79984
urb_pop~2010 |     31,526    .3902312     .436533          0          1
n_hhlds_ce~0 |     31,754    4123.342     5579.89          0      48073
n_hhlds_ur~0 |     31,754     3252.98    5558.294          0      48073
n_hhlds_re~0 |     31,754    1272.652    2373.331          0      33601
-------------+---------------------------------------------------------
sh_rura~2010 |     31,526    .6097688     .436533          0          1
populat~2011 |     31,138    9392.638    13416.43          0     114694
n_worke~2011 |     31,138    4273.722    6232.801          0      51551
n_mw_wkrs_~y |     31,138    704.6712     1056.28          0      11010
n_mw_wkrs_~e |     31,138    704.0669    1054.597          0      11010
-------------+---------------------------------------------------------
n_mw_wkrs_~d |     31,138    679.9902    1007.934          0      10539
med_hhl~2011 |     31,091    28653.62    24371.36          9   225461.9
sh_whit~2010 |     31,526    .8343495    .2033685          0          1
sh_blac~2010 |     31,526     .075431    .1552383          0          1
sh_male~2010 |     31,526    .5017685    .0423758          0          1
-------------+---------------------------------------------------------
sh_hhlds_u~0 |     31,469    .3865303     .435426          0          1
sh_hhlds_r~0 |     31,469    .2239473    .1448237          0          1
sh_mw_wkrs~y |     30,893    .1779022    .0619203          0          1
sh_mw_wkrs~e |     30,893    .1778632    .0619268          0          1
sh_mw_wkrs~d |     30,893    .1732508    .0608261          0          1
-------------+---------------------------------------------------------
sh_urba~2010 |     31,526    .3902312     .436533          0          1
statuto~2010 |     31,522    7.408399    .3342863       7.25   10.09876
statuto~2019 |     31,522    8.836299    1.889198       7.25         16
medren~e_2BR |        483    1911.865    972.2886        495       6595
medre~e_SFCC |      1,252    1607.183    701.3227        630       6000
-------------+---------------------------------------------------------
medren~t_2BR |        367     1.76387    .8671197   .5687694   5.653199
medre~t_SFCC |      1,344    1.223931    1.039072   .4660688   18.86792
agi_per_hhld |     27,694    53214.37    38282.59   5001.689    2368675
wage_per_w~d |     27,694    44223.93    22749.81   9360.238   554989.5
wage_per_h~d |     27,694    36220.87    17396.26   2959.625   351137.3
-------------+---------------------------------------------------------
bussines_r~r |     27,133    10914.14     8318.59  -42985.53   515220.8
share_wage~s |     27,694    .8223847    .0595641   .0782161          1
share_buss~s |     27,694    .1595173    .0499125          0   .6312504
share_farm~s |     27,694    .0501336    .0773508          0   .6884065
    safmr1br |     15,670    741.8851    282.3598        370       2060
-------------+---------------------------------------------------------
    safmr2br |     15,670    886.9285    319.6298        490       2340
    safmr3br |     15,670    1160.961     416.752        620       3240




===============================================================================
File: ../output/all_urban_zipcode_lvl_data.dta
Key: zipcode
===============================================================================
  13827:42(39657):2485538850:3265460601

    Variable |        Obs        Mean    Std. Dev.       Min        Max
-------------+---------------------------------------------------------
     zipcode |          0
       rural |     13,827           0           0          0          0
populat~2010 |     13,827    19496.95    15908.82          1     115182
n_male_~2010 |     13,827    9554.913    7776.647          0      57965
n_white~2010 |     13,827     13730.1    10976.08          0      91407
-------------+---------------------------------------------------------
n_black~2010 |     13,827     2601.98    5441.607          0      79984
urb_pop~2010 |     13,827    .8612778    .1779174   .4004796          1
n_hhlds_ce~0 |     13,827    8153.375    6364.078          0      48073
n_hhlds_ur~0 |     13,827    7375.474    6379.882          0      48073
n_hhlds_re~0 |     13,827    2703.665    3037.091          0      33601
-------------+---------------------------------------------------------
sh_rura~2010 |     13,827    .1387222    .1779174          0   .5995204
populat~2011 |     13,387     19071.6     15621.4          0     114694
n_worke~2011 |     13,387    8757.444    7298.335          0      51551
n_mw_wkrs_~y |     13,387      1432.5    1269.488          0      11010
n_mw_wkrs_~e |     13,387    1431.094    1267.036          0      11010
-------------+---------------------------------------------------------
n_mw_wkrs_~d |     13,387    1378.555    1205.714          0      10539
med_hhl~2011 |     13,423    45716.12    24761.19         13   225461.9
sh_whit~2010 |     13,827    .7598432    .2157186          0          1
sh_blac~2010 |     13,827    .1143385    .1806135          0          1
sh_male~2010 |     13,827    .4944472    .0464476          0          1
-------------+---------------------------------------------------------
sh_hhlds_u~0 |     13,736     .856885    .1840697          0          1
sh_hhlds_r~0 |     13,736    .3062719    .1689146          0          1
sh_mw_wkrs~y |     13,301    .1726094    .0769056          0          1
sh_mw_wkrs~e |     13,301    .1725191    .0769115          0          1
sh_mw_wkrs~d |     13,301    .1671742    .0760625          0          1
-------------+---------------------------------------------------------
sh_urba~2010 |     13,827    .8612778    .1779174   .4004796          1
statuto~2010 |     13,736    7.452247     .374556       7.25   10.09876
statuto~2019 |     13,736     9.23355    2.154212       7.25         16
medren~e_2BR |        478    1901.129    971.2476        495       6595
medre~e_SFCC |      1,247    1603.427    700.1269        630       6000
-------------+---------------------------------------------------------
medren~t_2BR |        361    1.744886    .8604088   .5687694   5.653199
medre~t_SFCC |      1,334    1.200726    .9150784   .4660688   16.86275
agi_per_hhld |     12,995     61235.1    50020.18   5001.689    2368675
wage_per_w~d |     12,995    50953.89    29064.09   9360.238   554989.5
wage_per_h~d |     12,995    42005.05    21849.66   2959.625   351137.3
-------------+---------------------------------------------------------
bussines_r~r |     12,942    12942.44    8839.783  -41635.98   158995.4
share_wage~s |     12,995    .8335017    .0583889   .0782161          1
share_buss~s |     12,995    .1518721     .042665          0   .4844075
share_farm~s |     12,995    .0107024    .0210268          0   .2266495
    safmr1br |     10,459    804.6209    299.3048        400       2060
-------------+---------------------------------------------------------
    safmr2br |     10,459    957.0953    337.8599        500       2340
    safmr3br |     10,459    1250.597    439.6015        620       3240




===============================================================================
File: ../output/all_zillow_rents_zipcode_lvl_data.dta
Key: zipcode
===============================================================================
  3310:42(39657):132364552:2767068078

    Variable |        Obs        Mean    Std. Dev.       Min        Max
-------------+---------------------------------------------------------
     zipcode |          0
       rural |      3,292    .0036452    .0602745          0          1
populat~2010 |      3,310    33718.08    14944.07          0     110682
n_male_~2010 |      3,310    16471.24     7339.68          0      53020
n_white~2010 |      3,310    22213.26    11127.86          0      91407
-------------+---------------------------------------------------------
n_black~2010 |      3,310     5239.75    7516.589          0      71202
urb_pop~2010 |      3,292    .9601525    .0945418          0          1
n_hhlds_ce~0 |      3,310    14311.31    5636.853          0      48073
n_hhlds_ur~0 |      3,310    13831.41    5718.943          0      48073
n_hhlds_re~0 |      3,310    5023.259    3323.043          0      33601
-------------+---------------------------------------------------------
sh_rura~2010 |      3,292    .0398475    .0945418          0          1
populat~2011 |      3,128    33557.73    14605.61        422     114694
n_worke~2011 |      3,128    15879.74    7019.689        194      51551
n_mw_wkrs_~y |      3,128    2407.692    1287.218         21      10539
n_mw_wkrs_~e |      3,128    2403.249    1281.614         21      10539
-------------+---------------------------------------------------------
n_mw_wkrs_~d |      3,128    2313.731    1221.318         21      10539
med_hhl~2011 |      3,183    57139.51    22953.06   8853.411   189868.7
sh_whit~2010 |      3,292    .6788444      .20897   .0048626   .9844657
sh_blac~2010 |      3,292    .1536313    .1970667   .0023229   .9808114
sh_male~2010 |      3,292    .4888554    .0216653   .3554951   .8231398
-------------+---------------------------------------------------------
sh_hhlds_u~0 |      3,292    .9593202    .0968089          0          1
sh_hhlds_r~0 |      3,292    .3402092    .1478522    .032175   .8815922
sh_mw_wkrs~y |      3,128    .1523698    .0499114   .0114365   .5270913
sh_mw_wkrs~e |      3,128    .1521693    .0499125   .0114365   .5270913
sh_mw_wkrs~d |      3,128    .1471322    .0494757   .0114365   .5270913
-------------+---------------------------------------------------------
sh_urba~2010 |      3,292    .9601525    .0945418          0          1
statuto~2010 |      3,310    7.476669    .4056482       7.25   10.09876
statuto~2019 |      3,310    9.382927    2.325033       7.25         16
medren~e_2BR |        382    1891.505    1015.329        495       6595
medre~e_SFCC |      1,183    1592.462    695.2231        630       6000
-------------+---------------------------------------------------------
medren~t_2BR |        340     1.77738    .8899121   .5687694   5.653199
medre~t_SFCC |      1,344    1.223931    1.039072   .4660688   18.86792
agi_per_hhld |      3,301    70261.31    55892.87   18965.92   736585.5
wage_per_w~d |      3,301    57778.63    34444.11    17918.5   373157.3
wage_per_h~d |      3,301     47472.1    25882.66   8523.639   302129.2
-------------+---------------------------------------------------------
bussines_r~r |      3,301    13946.96    9643.289  -9688.676   130250.2
share_wage~s |      3,301    .8329366    .0657344   .2685518    .951295
share_buss~s |      3,301    .1660301    .0418533   .0519342   .3421915
share_farm~s |      3,301    .0029184    .0054439          0   .0980049
    safmr1br |      2,950    878.3458    291.3171        420       1980
-------------+---------------------------------------------------------
    safmr2br |      2,950    1039.424    334.9186        520       2340
    safmr3br |      2,950    1383.431    446.5755        690       3170




===============================================================================
File: ../output/baseline_zipcode_lvl_data.dta
Key: zipcode
===============================================================================
  1344:42(39657):2796392791:3804549395

    Variable |        Obs        Mean    Std. Dev.       Min        Max
-------------+---------------------------------------------------------
     zipcode |          0
       rural |      1,335    .0007491     .027369          0          1
populat~2010 |      1,344     38063.9    15415.56          0     110682
n_male_~2010 |      1,344    18550.41    7531.242          0      53020
n_white~2010 |      1,344     24642.3     11501.1          0      91407
-------------+---------------------------------------------------------
n_black~2010 |      1,344    6469.042    8932.893          0      71202
urb_pop~2010 |      1,335    .9717081    .0704201          0          1
n_hhlds_ce~0 |      1,344    16083.09    5904.859          0      48073
n_hhlds_ur~0 |      1,344    15696.13    6000.035          0      48073
n_hhlds_re~0 |      1,344    5495.203    3578.125          0      33601
-------------+---------------------------------------------------------
sh_rura~2010 |      1,335    .0282919    .0704201          0          1
populat~2011 |      1,257    37881.05    14947.63        422     114694
n_worke~2011 |      1,257    18140.37    7200.625        194      51551
n_mw_wkrs_~y |      1,257    2551.159    1254.014         21       9787
n_mw_wkrs_~e |      1,257    2548.316    1249.597         21       9787
-------------+---------------------------------------------------------
n_mw_wkrs_~d |      1,257    2470.197    1201.769         21       9787
med_hhl~2011 |      1,285    59944.06    21698.07      16481   165594.9
sh_whit~2010 |      1,335    .6672483    .1980273   .0048626   .9642324
sh_blac~2010 |      1,335    .1613283    .1940474   .0040479   .9808114
sh_male~2010 |      1,335    .4880931    .0198676   .3554951    .616951
-------------+---------------------------------------------------------
sh_hhlds_u~0 |      1,335    .9708468    .0729661          0          1
sh_hhlds_r~0 |      1,335    .3327157     .143608    .032175   .8815922
sh_mw_wkrs~y |      1,257    .1402058     .042392   .0114365   .5270913
sh_mw_wkrs~e |      1,257    .1401041    .0424652   .0114365   .5270913
sh_mw_wkrs~d |      1,257    .1361097    .0421689   .0114365   .5270913
-------------+---------------------------------------------------------
sh_urba~2010 |      1,335    .9717081    .0704201          0          1
statuto~2010 |      1,344    7.426198     .352159       7.25       9.79
statuto~2019 |      1,344    9.213172    2.206157       7.25         16
medren~e_2BR |        301    1917.056    1038.217        495       6495
medre~e_SFCC |      1,097    1598.104    704.8117        630       6000
-------------+---------------------------------------------------------
medren~t_2BR |        280    1.807691     .947712   .5687694   5.653199
medre~t_SFCC |      1,344    1.223931    1.039072   .4660688   18.86792
agi_per_hhld |      1,342    71160.31    53369.81   21344.37   736585.5
wage_per_w~d |      1,342    59178.73    32031.52   19957.67   318527.1
wage_per_h~d |      1,342    49297.45    25177.15   10554.06   269083.4
-------------+---------------------------------------------------------
bussines_r~r |      1,342    13368.07    9270.236  -9688.676   93661.72
share_wage~s |      1,342    .8398669    .0623099   .3109279    .951295
share_buss~s |      1,342    .1700084    .0426276   .0619388   .3283778
share_farm~s |      1,342    .0021628    .0036791          0   .0385341
    safmr1br |      1,214    913.3278    275.0627        440       1940
-------------+---------------------------------------------------------
    safmr2br |      1,214    1076.656      318.17        560       2280
    safmr3br |      1,214      1438.6    421.5234        760       3090




===============================================================================
File: ../output/baseline_zillow_rents_zipcode_months.dta
Key: zipcode year_month
===============================================================================
  133522:28(27028):3870833356:313913255

    Variable |        Obs        Mean    Std. Dev.       Min        Max
-------------+---------------------------------------------------------
     zipcode |          0
  year_month |    133,522    669.0793    29.80581        601        719
        year |    133,522     2015.29    2.479825       2010       2019
       month |    133,522     6.59686     3.44559          1         12
  countyfips |          0
-------------+---------------------------------------------------------
   statefips |          0
        cbsa |          0
statutory_mw |    133,522     8.19615    1.341485       7.25         16
      mw_res |    133,522    2.092405    .1440241   1.981001   2.772589
mw_wkp_to~17 |    133,522    2.083959    .1408211   1.637724   2.688884
-------------+---------------------------------------------------------
medren~e_2BR |     44,792    1806.915    912.0976        480       6910
medre~e_SFCC |    114,449    1658.432    822.5566        595      30000
medren~t_2BR |     43,692    1.703253    .8473216   .5015198   6.506977
medre~t_SFCC |    133,522    1.232927    .9005345   .4180214       22.2
    ln_rents |    133,522    .0760635    .4611576  -.8722227   3.100092
-------------+---------------------------------------------------------
ln_emp_biz~v |    133,522     11.1503    1.359969   5.796058   13.38876
 ln_emp_info |    132,831    9.005645    1.530302   2.397895   12.38988
  ln_emp_fin |    133,498    10.20277    1.416537    4.75359   12.89542
ln_estcoun~v |    133,522    8.688767    1.240798   4.127134   10.96353
ln_estcoun~o |    133,522     6.10635    1.329935   1.386294   9.531191
-------------+---------------------------------------------------------
ln_estcoun~n |    133,522    7.985308    1.197047   3.496508   10.33748
ln_avgwwag~v |    133,522    7.092098    .3078404   5.420535   8.432724
ln_avgwwag~o |    132,831    7.274355    .3441477   5.891644   8.906665
ln_avgwwag~n |    133,498    7.248457    .3673195   6.216606   9.163982
baseline_s~e |    133,522           1           0          1          1
-------------+---------------------------------------------------------
    safmr1br |     69,636    937.3866    273.7528        440       2370
    safmr2br |     69,636      1148.6    334.3396        560       2960
    safmr3br |     69,636    1561.953    453.0192        760       4090




