
 make.py started: 2022-03-14 20:20:14 C:\Users\diegog\Desktop\Diego\min_wage_rent\derived\od_shares\code 




Execute:  R CMD BATCH --no-save "./build.R" build.Rout

R version 4.1.1 (2021-08-10) -- "Kick Things"
Copyright (C) 2021 The R Foundation for Statistical Computing
Platform: x86_64-w64-mingw32/x64 (64-bit)

R is free software and comes with ABSOLUTELY NO WARRANTY.
You are welcome to redistribute it under certain conditions.
Type 'license()' or 'licence()' for distribution details.

  Natural language support but running in an English locale

R is a collaborative project with many contributors.
Type 'contributors()' for more information and
'citation()' on how to cite R or R packages in publications.

Type 'demo()' for some demos, 'help()' for on-line help, or
'help.start()' for an HTML browser interface to help.
Type 'q()' to quit R.

> remove(list = ls())
> library(data.table)
> 
> source("../../../lib/R/save_data.R")

Please cite as: 

 Hlavac, Marek (2018). stargazer: Well-Formatted Regression and Summary Statistics Tables.
 R package version 5.2.2. https://CRAN.R-project.org/package=stargazer 


Attaching package: 'dplyr'

The following objects are masked from 'package:data.table':

    between, first, last

The following objects are masked from 'package:stats':

    filter, lag

The following objects are masked from 'package:base':

    intersect, setdiff, setequal, union

> 
> 
> main <- function() {
+   instub  <- "../../../drive/base_large/lodes_od"
+   outstub <- "../../../drive/derived_large/od_shares"
+   
+   for (geo in c("zip", "county")) {
+     
+     if (geo == "zip") {
+       patt     = "odzip_*"
+       h_geo    = "r_zipcode"
+       w_geo    = "w_zipcode"
+       geo_name = "zipcode"
+     } else {
+       patt = "odcounty*"
+       h_geo     = "r_countyfips"
+       w_geo     = "w_countyfips"
+       geo_name  = "county"
+     }
+     
+     dt <- data.table()
+     
+     for (yy in 2009:2018) {
+       od_files <- list.files(file.path(instub, yy), pattern = patt, full.names = T)
+       od_files <- add_missing_state_years(od_files, instub, geo, yy)
+       
+       od_matrix  <- rbindlist(lapply(od_files, fread,
+                                      colClasses = c(h_geo = "character",
+                                                     w_geo = "character")))
+       
+       dt.year <- group_matrix_sum(od_matrix, geo_name, h_geo, w_geo)
+       
+       dt.year <- compute_shares(dt.year)
+       dt.year[, year := yy]
+       dt.year <- dt.year[!duplicated(dt.year[, ..geo_name])]
+       
+       dt <- rbindlist(list(dt, dt.year))
+     }
+     
+     save_data(dt, key = c(geo_name, "year"),
+               filename = file.path(outstub, paste0(geo_name, "_shares.csv")),
+               logfile  = "../output/shares_data_manifest.log")
+   }
+ }
> 
> add_missing_state_years <- function(od_files, instub, geo, yy) {
+   
+   if (geo == "county") geo <- "county"
+   else                 geo <- "zip"
+   
+   if (yy == 2009) {
+     return(c(od_files, sprintf("%s/2010/od%s_11.csv", instub, geo), 
+              sprintf("%s/2011/od%s_25.csv", instub, geo)))
+   } else if (yy == 2010) {
+     return(c(od_files, sprintf("%s/2011/od%s_25.csv", instub, geo)))
+   } else if (yy %in% c(2017, 2018)) {
+     return(c(od_files, sprintf("%s/2016/od%s_02.csv", instub, geo)))
+   } else {
+     return(od_files)
+   }
+ }
> 
> group_matrix_sum <- function(od, geo_name, h_geo, w_geo) {
+   
+   residents <- od[, .(residents        = sum(jobs_tot), 
+                       residents_young  = sum(jobs_age_under29),
+                       residents_lowinc = sum(jobs_earn_under1250)),
+                   by = h_geo]
+   setnames(residents, h_geo, geo_name)
+   
+   
+   workers <- od[, .(workers        = sum(jobs_tot), 
+                     workers_young  = sum(jobs_age_under29),
+                     workers_lowinc = sum(jobs_earn_under1250)),
+                 by = w_geo]
+   setnames(workers, w_geo, geo_name)
+   
+   workers_own_zip <- od[get(h_geo) == get(w_geo)]
+   vars <- c(h_geo, "jobs_tot", "jobs_age_under29", "jobs_earn_under1250")
+   workers_own_zip <- workers_own_zip[, ..vars]
+   
+   setnames(workers_own_zip, old = c(h_geo,    "jobs_tot", "jobs_age_under29", "jobs_earn_under1250"),
+                             new = c(geo_name, "own_jobs", "own_jobs_young",   "own_jobs_lowinc"))
+   
+   dt <- merge(workers, residents,
+               all.x = T, by = geo_name)
+   dt <- merge(dt, workers_own_zip,
+               all.x = T, by = geo_name)
+   
+   return(dt)
+ }
> 
> compute_shares <- function(dt) {
+   
+   dt[, sh_residents_young  := residents_young/residents]
+   dt[, sh_residents_lowinc := residents_lowinc/residents]
+   
+   dt[, sh_workers_young  := workers_young/workers]
+   dt[, sh_workers_lowinc := workers_lowinc/workers]
+   
+   dt[, sh_work_samegeo        := own_jobs/residents]
+   dt[, sh_work_samegeo_young  := own_jobs_young/residents]
+   dt[, sh_work_samegeo_lowinc := own_jobs_lowinc/residents]
+   
+   return(dt)
+ }
> 
> # Execute
> main() 
[1] "File '../../../drive/derived_large/od_shares/zipcode_shares.csv' saved successfully."
[1] "File '../../../drive/derived_large/od_shares/county_shares.csv' saved successfully."
There were 50 or more warnings (use warnings() to see the first 50)
> 
> proc.time()
   user  system elapsed 
  60.79   30.92  144.81 

 make.py ended: 2022-03-14 20:22:41
