
========================================================================== 
File: ../../../drive/derived_large/od_shares/zipcode_shares.csv 
MD5:  82bb44a1e555b2ff54ea355a9211a4ac 
Key:  zipcode year 
 
 ============================================================================= 
           variable           mean        sd      min     max     N     type   
 ----------------------------------------------------------------------------- 
 1         own_jobs         588.909   1,143.123    1    17,974  274878 integer 
 2     own_jobs_lowinc      177.842    327.684     0     5,092  274878 integer 
 3      own_jobs_young      133.723    271.980     0     5,427  274878 integer 
 4        residents        4,369.363  6,238.007    1    53,152  306498 integer 
 5     residents_lowinc    1,057.951  1,477.629    0    14,577  306498 integer 
 6     residents_young     1,003.045  1,476.613    0    16,398  306498 integer 
 7   sh_residents_lowinc     0.260      0.055      0       1    306498 numeric 
 8    sh_residents_young     0.222      0.043      0       1    306498 numeric 
 9     sh_work_samegeo       0.098      0.116    0.0001    1    274878 numeric 
 10 sh_work_samegeo_lowinc   0.031      0.036      0       1    274878 numeric 
 11 sh_work_samegeo_young    0.021      0.026      0       1    274878 numeric 
 12   sh_workers_lowinc      0.301      0.143      0       1    307523 numeric 
 13    sh_workers_young      0.216      0.088      0       1    307523 numeric 
 14        workers         4,356.602  8,964.408    1    310,271 307523 integer 
 15     workers_lowinc     1,054.913  1,914.100    0    54,051  307523 integer 
 16     workers_young      1,000.106  2,012.172    0    61,010  307523 integer 
 17          year          2,013.507    2.873    2,009   2,018  307523 integer 
 18        zipcode         49,982.160 27,342.470   1    99,950  307513 integer 
 ----------------------------------------------------------------------------- 

========================================================================== 
File: ../../../drive/derived_large/od_shares/county_shares.csv 
MD5:  6315db7c86d817746c56cfe006755c4a 
Key:  county year 
 
 ============================================================================== 
           variable           mean        sd       min     max      N    type   
 ------------------------------------------------------------------------------ 
 1          county         30,390.410 15,162.550  1,001  56,045   31430 integer 
 2         own_jobs        23,593.990 100,215.600   1   3,591,194 31410 integer 
 3     own_jobs_lowinc     5,852.819  23,724.530    0    912,927  31410 integer 
 4      own_jobs_young     5,262.431  22,227.720    0    767,380  31410 integer 
 5        residents        42,795.880 136,949.400  52   4,451,363 31430 integer 
 6     residents_lowinc    10,363.210 32,159.900    9   1,114,617 31430 integer 
 7     residents_young     9,824.291  31,367.810   14    988,747  31430 integer 
 8   sh_residents_lowinc     0.272       0.040    0.075   0.731   31430 numeric 
 9    sh_residents_young     0.226       0.023    0.111   0.400   31430 numeric 
 10    sh_work_samegeo       0.422       0.167    0.002   0.983   31410 numeric 
 11 sh_work_samegeo_lowinc   0.122       0.049      0     0.552   31410 numeric 
 12 sh_work_samegeo_young    0.088       0.041      0     0.270   31410 numeric 
 13   sh_workers_lowinc      0.282       0.056      0       1     31430 numeric 
 14    sh_workers_young      0.220       0.033      0     0.500   31430 numeric 
 15        workers         42,795.880 154,432.000   1   4,685,638 31430 integer 
 16     workers_lowinc     10,363.210 34,678.340    0   1,165,561 31430 integer 
 17     workers_young      9,824.291  34,630.160    0   1,010,744 31430 integer 
 18          year          2,013.500     2.872    2,009   2,018   31430 integer 
 ------------------------------------------------------------------------------ 
