===============================================================================
File: ../output/twfe_wages_predictions.dta
Key: zipcode year
===============================================================================
  404880:5(73459):2456302824:879052236

    Variable |        Obs        Mean    Std. Dev.       Min        Max
-------------+---------------------------------------------------------
     zipcode |          0
        year |    404,880      2014.5    2.872285       2010       2019
 ln_wagebill |    248,991    11.17142    1.694219   6.376727   15.67136
   residuals |      9,835    3.37e-15    .0493875  -.6059403   .6249587
p_ln_wageb~l |      9,835    13.68977     .568858   11.24237   15.71266




===============================================================================
File: ../output/twfe_wages_predictions.dta
Key: zipcode year
===============================================================================
  11181:5(73459):339239302:2957026886

    Variable |        Obs        Mean    Std. Dev.       Min        Max
-------------+---------------------------------------------------------
     zipcode |          0
        year |     11,181    2015.274    2.758981       2010       2020
 ln_wagebill |      9,836    13.68942    .5720064   10.27436   15.67136
   residuals |      9,836   -7.25e-16    .4390469  -3.987795   1.354156
p_ln_wageb~l |          0




===============================================================================
File: ../output/twfe_wages_predictions.dta
Key: zipcode year
===============================================================================
  11181:5(73459):3528857143:3162254416

    Variable |        Obs        Mean    Std. Dev.       Min        Max
-------------+---------------------------------------------------------
     zipcode |          0
        year |     11,181    2015.274    2.758981       2010       2020
 ln_wagebill |      9,836    13.68942    .5720064   10.27436   15.67136
   residuals |      9,836   -7.45e-16    .4390537  -3.998039   1.355658
p_ln_wageb~l |          0




===============================================================================
File: ../output/twfe_wages_predictions.dta
Key: zipcode year
===============================================================================
  229617:5(73459):2515695927:1134419475

    Variable |        Obs        Mean    Std. Dev.       Min        Max
-------------+---------------------------------------------------------
     zipcode |          0
        year |    229,617     2014.01    2.616604       2010       2020
 ln_wagebill |    228,272    11.30083    1.675858   6.376727   15.67136
   residuals |    228,272    7.53e-15    1.144154  -6.234783   4.318442
p_ln_wageb~l |          0




===============================================================================
File: ../output/twfe_wages_predictions.dta
Key: zipcode year
===============================================================================
  250171:5(73459):3668351079:2323415490

    Variable |        Obs        Mean    Std. Dev.       Min        Max
-------------+---------------------------------------------------------
     zipcode |          0
        year |    250,171    2014.025    2.612517       2010       2020
 ln_wagebill |    248,826      11.171    1.694298   6.376727   15.67136
   residuals |    248,826   -2.56e-14    1.209688  -5.638353   4.056822
p_ln_wageb~l |          0




===============================================================================
File: ../output/twfe_wages_predictions.dta
Key: zipcode year
===============================================================================
  11180:5(73459):1014071582:3330625977

    Variable |        Obs        Mean    Std. Dev.       Min        Max
-------------+---------------------------------------------------------
     zipcode |          0
        year |     11,180    2015.274    2.759096       2010       2020
 ln_wagebill |      9,835    13.68977    .5709978   11.19819   15.67136
   residuals |      9,835    3.37e-15    .0493871  -.6059003   .6249576
p_ln_wageb~l |          0




===============================================================================
File: ../output/twfe_wages_predictions.dta
Key: zipcode year
===============================================================================
  11180:5(73459):1014071582:3330625977

    Variable |        Obs        Mean    Std. Dev.       Min        Max
-------------+---------------------------------------------------------
     zipcode |          0
        year |     11,180    2015.274    2.759096       2010       2020
 ln_wagebill |      9,835    13.68977    .5709978   11.19819   15.67136
   residuals |      9,835    3.37e-15    .0493871  -.6059003   .6249576
p_ln_wageb~l |          0




===============================================================================
File: ../output/twfe_wages_predictions.dta
Key: zipcode year
===============================================================================
  406225:5(73459):2222098075:1589763861

    Variable |        Obs        Mean    Std. Dev.       Min        Max
-------------+---------------------------------------------------------
     zipcode |          0
        year |    406,225    2014.518     2.88488       2010       2020
 ln_wagebill |    248,991    11.17142    1.694219   6.376727   15.67136
   residuals |    246,758   -6.88e-15    .0580485  -1.313202   1.067602
p_ln_wageb~l |      1,345    .3050557    .0184882   .2838371   .3599682




===============================================================================
File: ../output/twfe_wages_predictions.dta
Key: zipcode year
===============================================================================
  443653:5(73459):319761216:1638083715

    Variable |        Obs        Mean    Std. Dev.       Min        Max
-------------+---------------------------------------------------------
     zipcode |          0
        year |    443,653    2014.981     3.15304       2010       2020
 ln_wagebill |    248,991    11.17142    1.694219   6.376727   15.67136
   residuals |    246,758   -6.88e-15    .0580485  -1.313202   1.067602
p_ln_wageb~l |     38,773    .2699351    .0949119          0   .3599682




