===============================================================================
File: ../../../drive/derived_large/tract_income_at_baseline/tract_income_at_bas
> eline.dta
Key: tract
===============================================================================
  72814:24(88588):945949167:47779838

    Variable |        Obs        Mean    Std. Dev.       Min        Max
-------------+---------------------------------------------------------
       tract |          0
  place_code |     72,814     4646098     3499303     100124    9999999
  countyfips |     72,814    27771.98    15808.76       1001      56045
        cbsa |     72,814    35588.67    21018.48      10100      99999
   statefips |     72,814    27.68577     15.7839          1         56
-------------+---------------------------------------------------------
      fed_mw |     72,814        7.25           0       7.25       7.25
    state_mw |     72,814    7.479785    .3885205       7.25       8.67
statutory_mw |     72,814    7.486041    .4116537       7.25      12.81
  population |      1,181    4019.834    1954.256          0      12721
     n_hhlds |      1,181    1550.609    730.7826          0       4757
-------------+---------------------------------------------------------
med_hhld_inc |      1,174    43282.17    19871.99       6559     162955
   n_workers |      1,181    1689.677    957.6587          0       6818
f~y_yrly_min |     72,814    11678.22    642.1797      11310    19983.6
f~e_yrly_min |     72,814    11668.47    606.0919      11310    13525.2
f~d_yrly_min |     72,814       11310           0      11310      11310
-------------+---------------------------------------------------------
n_mw_worke~y |      1,181    283.8713    170.9872          0       1382
share_mw_w.. |      1,178    .1794072    .0860199          0   .8871287
~p_statutory |      1,178    .0713182    .0307556          0   .3081683
n_mw_worke~e |      1,181    283.8713    170.9872          0       1382
shar~s_state |      1,178    .1794072    .0860199          0   .8871287
-------------+---------------------------------------------------------
shar~p_state |      1,178    .0713182    .0307556          0   .3081683
n_mw_worke~d |      1,181    283.8713    170.9872          0       1382
share_~s_fed |      1,178    .1794072    .0860199          0   .8871287
share_~p_fed |      1,178    .0713182    .0307556          0   .3081683




