
============================================================================ 
File: ../../../drive/base_large/output/zip_lodes.dta 
MD5:  8970cc7593583e45b41b4dd5372cef97 
Key:  zipcode 
 
 ========================================================================= 
           variable            mean        sd     min  max     N    type   
 ------------------------------------------------------------------------- 
 1   halall_29y_lowinc_ssh    0.001      0.004     0  0.120  38645 numeric 
 2   halall_29y_lowinc_zsh    0.096      0.026     0  0.750  38645 numeric 
 3  halall_njob_29young_ssh   0.0003     0.001     0  0.032  38645 numeric 
 4  halall_njob_29young_zsh   0.230      0.043     0  0.776  38645 numeric 
 5   walall_29y_lowinc_ssh    0.001      0.004     0  0.163  38027 numeric 
 6   walall_29y_lowinc_zsh    0.094      0.042     0  0.608  38021 numeric 
 7  walall_njob_29young_ssh   0.0003     0.001     0  0.033  38021 numeric 
 8  walall_njob_29young_zsh   0.220      0.052     0  0.688  38021 numeric 
 9  welall_njob_29young_ssh   0.001      0.002     0  0.067  38021 numeric 
 10 welall_njob_29young_zsh   0.359      0.094     0    1    38021 numeric 
 11         zipcode         49,626.270 27,852.330 501 99,929 38893 numeric 
 ------------------------------------------------------------------------- 

============================================================================ 
File: ../../../drive/base_large/output/exp_mw.dta 
MD5:  54e5f43f65fe63745d3f8cb4ffaa06c0 
Key:  zipcode yearmonth 
 
 ========================================================================== 
         variable           mean        sd      min   max      N     type   
 -------------------------------------------------------------------------- 
 1   exp_mw_job_lowinc     7.907      1.097    4.077 15.294 4651080 numeric 
 2   exp_mw_job_young      7.907      1.095    3.257 15.380 4651080 numeric 
 3     exp_mw_totjob       7.909      1.100    2.474 15.226 4651080 numeric 
 4 sh_treated_job_lowinc   0.025      0.151      0     1    4651080 numeric 
 5 sh_treated_job_young    0.025      0.150      0     1    4651080 numeric 
 6   sh_treated_totjob     0.025      0.150      0     1    4651080 numeric 
 7       yearmonth                                          4651080  Date   
 8        zipcode        49,792.610 27,751.260  501  99,929 4651080 integer 
 -------------------------------------------------------------------------- 
