
========================================================================== 
File: ../../../drive/base_large/lodes//odzip_01.csv 
MD5:  99967361430e10b0b7066e9b0419a93a 
Key:  h_zipcode w_zipcode 
 
 ======================================================== 
    variable  mean    sd   min    max      N      type    
 -------------------------------------------------------- 
 1 h_zipcode                             645333 character 
 2 job_lowinc 0.720 9.085   0  1,383.556 645333  numeric  
 3 job_young  0.729 8.735   0  1,185.147 645333  numeric  
 4   totjob   3.005 36.608  0  4,582.279 645333  numeric  
 5 w_zipcode                             645333 character 
 -------------------------------------------------------- 

========================================================================== 
File: ../../../drive/base_large/lodes//odzip_02.csv 
MD5:  98a9444cdd72b9b59ff20f5c58bccf7a 
Key:  h_zipcode w_zipcode 
 
 ========================================================== 
    variable   mean    sd    min    max       N     type    
 ---------------------------------------------------------- 
 1 h_zipcode                                20061 character 
 2 job_lowinc 2.950  32.368   0  2,751.813  20061  numeric  
 3 job_young  3.334  35.160   0  2,864.019  20061  numeric  
 4   totjob   13.847 154.515  0  13,930.500 20061  numeric  
 5 w_zipcode                                20061 character 
 ---------------------------------------------------------- 

========================================================================== 
File: ../../../drive/base_large/lodes//odzip_04.csv 
MD5:  fe069b92a598066b4ad75d7b5d098958 
Key:  h_zipcode w_zipcode 
 
 ========================================================= 
    variable  mean    sd   min    max       N      type    
 --------------------------------------------------------- 
 1 h_zipcode                              324665 character 
 2 job_lowinc 1.832 15.247  0  2,801.890  324665  numeric  
 3 job_young  1.931 15.192  0  2,349.750  324665  numeric  
 4   totjob   8.231 63.565  0  10,255.480 324665  numeric  
 5 w_zipcode                              324665 character 
 --------------------------------------------------------- 

========================================================================== 
File: ../../../drive/base_large/lodes//odzip_05.csv 
MD5:  148a4f24e0456fe7e8d5e73590c7c2f9 
Key:  h_zipcode w_zipcode 
 
 ======================================================== 
    variable  mean    sd   min    max      N      type    
 -------------------------------------------------------- 
 1 h_zipcode                             427960 character 
 2 job_lowinc 0.656 12.263  0  2,132.480 427960  numeric  
 3 job_young  0.675 12.704  0  2,185.307 427960  numeric  
 4   totjob   2.767 53.375  0  8,946.351 427960  numeric  
 5 w_zipcode                             427960 character 
 -------------------------------------------------------- 

========================================================================== 
File: ../../../drive/base_large/lodes//odzip_06.csv 
MD5:  35cf71dab6b544a14d86e0549fa54e6b 
Key:  h_zipcode w_zipcode 
 
 ========================================================= 
    variable  mean    sd   min    max       N      type    
 --------------------------------------------------------- 
 1 h_zipcode                             2730136 character 
 2 job_lowinc 1.306 12.924  0  2,823.837 2730136  numeric  
 3 job_young  1.366 11.423  0  2,426.559 2730136  numeric  
 4   totjob   6.096 51.796  0  9,800.087 2730136  numeric  
 5 w_zipcode                             2730136 character 
 --------------------------------------------------------- 

========================================================================== 
File: ../../../drive/base_large/lodes//odzip_08.csv 
MD5:  312cb61d5debd51d0e866e8de82b8c0d 
Key:  h_zipcode w_zipcode 
 
 ======================================================== 
    variable  mean    sd   min    max      N      type    
 -------------------------------------------------------- 
 1 h_zipcode                             396592 character 
 2 job_lowinc 1.399 14.687  0  2,306.818 396592  numeric  
 3 job_young  1.499 14.413  0  1,575.325 396592  numeric  
 4   totjob   6.410 62.519  0  7,540.248 396592  numeric  
 5 w_zipcode                             396592 character 
 -------------------------------------------------------- 

========================================================================== 
File: ../../../drive/base_large/lodes//odzip_09.csv 
MD5:  ba2b97ac0b9a4da8af419f8eb4c51cb7 
Key:  h_zipcode w_zipcode 
 
 ======================================================== 
    variable  mean    sd   min    max      N      type    
 -------------------------------------------------------- 
 1 h_zipcode                             354772 character 
 2 job_lowinc 0.989 11.403  0  1,636.727 354772  numeric  
 3 job_young  1.027 11.043  0  1,556.317 354772  numeric  
 4   totjob   4.748 47.011  0  5,819.030 354772  numeric  
 5 w_zipcode                             354772 character 
 -------------------------------------------------------- 

========================================================================== 
File: ../../../drive/base_large/lodes//odzip_10.csv 
MD5:  8281db71bd9c1d79d0dcea195825a372 
Key:  h_zipcode w_zipcode 
 
 ======================================================= 
    variable  mean    sd   min    max      N     type    
 ------------------------------------------------------- 
 1 h_zipcode                             96916 character 
 2 job_lowinc 1.050 14.792  0  1,331.771 96916  numeric  
 3 job_young  1.015 14.113  0  1,203.860 96916  numeric  
 4   totjob   4.411 59.129  0  5,502.556 96916  numeric  
 5 w_zipcode                             96916 character 
 ------------------------------------------------------- 

========================================================================== 
File: ../../../drive/base_large/lodes//odzip_12.csv 
MD5:  3846487af4336d60cb443dd097576730 
Key:  h_zipcode w_zipcode 
 
 ========================================================= 
    variable  mean    sd   min    max       N      type    
 --------------------------------------------------------- 
 1 h_zipcode                             1432865 character 
 2 job_lowinc 1.396 11.352  0  1,894.271 1432865  numeric  
 3 job_young  1.314 10.702  0  1,534.082 1432865  numeric  
 4   totjob   5.878 47.860  0  8,929.646 1432865  numeric  
 5 w_zipcode                             1432865 character 
 --------------------------------------------------------- 

========================================================================== 
File: ../../../drive/base_large/lodes//odzip_13.csv 
MD5:  17ffea852bf7c8f049db69c45677780e 
Key:  h_zipcode w_zipcode 
 
 ======================================================== 
    variable  mean    sd   min    max      N      type    
 -------------------------------------------------------- 
 1 h_zipcode                             912795 character 
 2 job_lowinc 1.113 12.223  0  1,447.089 912795  numeric  
 3 job_young  1.079 11.127  0  1,642.473 912795  numeric  
 4   totjob   4.610 48.803  0  7,415.993 912795  numeric  
 5 w_zipcode                             912795 character 
 -------------------------------------------------------- 

========================================================================== 
File: ../../../drive/base_large/lodes//odzip_15.csv 
MD5:  687566e11db1a4e198c32aa84b27df5b 
Key:  h_zipcode w_zipcode 
 
 ========================================================== 
    variable   mean    sd    min    max       N     type    
 ---------------------------------------------------------- 
 1 h_zipcode                                21083 character 
 2 job_lowinc 5.825  47.807   0  3,254.366  21083  numeric  
 3 job_young  5.607  44.778   0  2,862.304  21083  numeric  
 4   totjob   24.813 203.183  0  12,580.930 21083  numeric  
 5 w_zipcode                                21083 character 
 ---------------------------------------------------------- 

========================================================================== 
File: ../../../drive/base_large/lodes//odzip_16.csv 
MD5:  143aa03f4fb083fb1c4451e53f42cfb2 
Key:  h_zipcode w_zipcode 
 
 ========================================================= 
    variable  mean    sd   min    max       N      type    
 --------------------------------------------------------- 
 1 h_zipcode                              159175 character 
 2 job_lowinc 1.197 22.900  0  3,823.304  159175  numeric  
 3 job_young  1.115 21.341  0  3,516.735  159175  numeric  
 4   totjob   4.502 80.925  0  13,306.800 159175  numeric  
 5 w_zipcode                              159175 character 
 --------------------------------------------------------- 

========================================================================== 
File: ../../../drive/base_large/lodes//odzip_17.csv 
MD5:  21d6e879fab093818c15c3efeabd3a39 
Key:  h_zipcode w_zipcode 
 
 ========================================================= 
    variable  mean    sd   min    max       N      type    
 --------------------------------------------------------- 
 1 h_zipcode                             1677064 character 
 2 job_lowinc 0.806 10.250  0  2,038.060 1677064  numeric  
 3 job_young  0.797 9.638   0  1,672.494 1677064  numeric  
 4   totjob   3.497 40.535  0  7,474.244 1677064  numeric  
 5 w_zipcode                             1677064 character 
 --------------------------------------------------------- 

========================================================================== 
File: ../../../drive/base_large/lodes//odzip_18.csv 
MD5:  c6ab8832d042c67620d486d4e78f676f 
Key:  h_zipcode w_zipcode 
 
 ======================================================== 
    variable  mean    sd   min    max      N      type    
 -------------------------------------------------------- 
 1 h_zipcode                             894027 character 
 2 job_lowinc 0.827 12.667  0  2,329.541 894027  numeric  
 3 job_young  0.825 11.953  0  2,280.767 894027  numeric  
 4   totjob   3.418 51.434  0  9,662.756 894027  numeric  
 5 w_zipcode                             894027 character 
 -------------------------------------------------------- 

========================================================================== 
File: ../../../drive/base_large/lodes//odzip_19.csv 
MD5:  2c1db89268d499bba9e53ba13c6844fc 
Key:  h_zipcode w_zipcode 
 
 ======================================================== 
    variable  mean    sd   min    max      N      type    
 -------------------------------------------------------- 
 1 h_zipcode                             859456 character 
 2 job_lowinc 0.433 10.390  0  2,428.337 859456  numeric  
 3 job_young  0.436 10.117  0  2,235.655 859456  numeric  
 4   totjob   1.786 42.145  0  8,557.528 859456  numeric  
 5 w_zipcode                             859456 character 
 -------------------------------------------------------- 

========================================================================== 
File: ../../../drive/base_large/lodes//odzip_20.csv 
MD5:  89ee1f464021db9c6bffb3d64872eecd 
Key:  h_zipcode w_zipcode 
 
 ========================================================= 
    variable  mean    sd   min    max       N      type    
 --------------------------------------------------------- 
 1 h_zipcode                              514826 character 
 2 job_lowinc 0.667 13.402  0  3,397.066  514826  numeric  
 3 job_young  0.608 12.469  0  2,703.545  514826  numeric  
 4   totjob   2.585 51.193  0  12,199.060 514826  numeric  
 5 w_zipcode                              514826 character 
 --------------------------------------------------------- 

========================================================================== 
File: ../../../drive/base_large/lodes//odzip_21.csv 
MD5:  0d55e07e74cf622b22c47108fa3b04c1 
Key:  h_zipcode w_zipcode 
 
 ======================================================== 
    variable  mean    sd   min    max      N      type    
 -------------------------------------------------------- 
 1 h_zipcode                             665728 character 
 2 job_lowinc 0.657 11.991  0  2,011.628 665728  numeric  
 3 job_young  0.686 12.168  0  2,456.990 665728  numeric  
 4   totjob   2.781 51.020  0  9,455.480 665728  numeric  
 5 w_zipcode                             665728 character 
 -------------------------------------------------------- 

========================================================================== 
File: ../../../drive/base_large/lodes//odzip_22.csv 
MD5:  fdfdc95a1e7338502d85da33c9743e9d 
Key:  h_zipcode w_zipcode 
 
 ======================================================== 
    variable  mean    sd   min    max      N      type    
 -------------------------------------------------------- 
 1 h_zipcode                             439009 character 
 2 job_lowinc 1.060 13.066  0  1,606.201 439009  numeric  
 3 job_young  0.998 11.436  0  1,444.296 439009  numeric  
 4   totjob   4.209 49.231  0  6,356.124 439009  numeric  
 5 w_zipcode                             439009 character 
 -------------------------------------------------------- 

========================================================================== 
File: ../../../drive/base_large/lodes//odzip_23.csv 
MD5:  d79031e7a8d75d427c74376760c965dc 
Key:  h_zipcode w_zipcode 
 
 ========================================================= 
    variable  mean    sd   min    max       N      type    
 --------------------------------------------------------- 
 1 h_zipcode                              196216 character 
 2 job_lowinc 0.734 11.280  0  2,841.113  196216  numeric  
 3 job_young  0.666 10.586  0  2,780.749  196216  numeric  
 4   totjob   3.074 46.035  0  11,044.930 196216  numeric  
 5 w_zipcode                              196216 character 
 --------------------------------------------------------- 

========================================================================== 
File: ../../../drive/base_large/lodes//odzip_24.csv 
MD5:  8cbd621b146e27d464cc49742fe5e664 
Key:  h_zipcode w_zipcode 
 
 ======================================================== 
    variable  mean    sd   min    max      N      type    
 -------------------------------------------------------- 
 1 h_zipcode                             639644 character 
 2 job_lowinc 0.884 10.048  0  2,452.017 639644  numeric  
 3 job_young  0.943 9.618   0  1,973.000 639644  numeric  
 4   totjob   4.174 41.285  0  8,340.724 639644  numeric  
 5 w_zipcode                             639644 character 
 -------------------------------------------------------- 

========================================================================== 
File: ../../../drive/base_large/lodes//odzip_25.csv 
MD5:  0f06daad85073a100bb04526ee688179 
Key:  h_zipcode w_zipcode 
 
 ======================================================== 
    variable  mean    sd   min    max      N      type    
 -------------------------------------------------------- 
 1 h_zipcode                             583948 character 
 2 job_lowinc 1.229 12.072  0  2,239.634 583948  numeric  
 3 job_young  1.378 11.926  0  1,996.415 583948  numeric  
 4   totjob   5.845 48.226  0  9,644.789 583948  numeric  
 5 w_zipcode                             583948 character 
 -------------------------------------------------------- 

========================================================================== 
File: ../../../drive/base_large/lodes//odzip_26.csv 
MD5:  a7109b2b1194bd075dcfc772cdfd46db 
Key:  h_zipcode w_zipcode 
 
 ======================================================== 
    variable  mean    sd   min    max      N      type    
 -------------------------------------------------------- 
 1 h_zipcode                             978233 character 
 2 job_lowinc 1.050 11.415  0  2,474.388 978233  numeric  
 3 job_young  1.083 11.440  0  2,317.116 978233  numeric  
 4   totjob   4.384 45.452  0  8,426.788 978233  numeric  
 5 w_zipcode                             978233 character 
 -------------------------------------------------------- 

========================================================================== 
File: ../../../drive/base_large/lodes//odzip_27.csv 
MD5:  3167b857dc282b7ad199a0b90ec0bea9 
Key:  h_zipcode w_zipcode 
 
 ========================================================= 
    variable  mean    sd   min    max       N      type    
 --------------------------------------------------------- 
 1 h_zipcode                              667698 character 
 2 job_lowinc 0.994 15.684  0  3,995.538  667698  numeric  
 3 job_young  1.027 14.986  0  4,072.111  667698  numeric  
 4   totjob   4.240 57.407  0  11,687.800 667698  numeric  
 5 w_zipcode                              667698 character 
 --------------------------------------------------------- 

========================================================================== 
File: ../../../drive/base_large/lodes//odzip_28.csv 
MD5:  74ad866a8225330ff4a0e60e6098c09a 
Key:  h_zipcode w_zipcode 
 
 ======================================================== 
    variable  mean    sd   min    max      N      type    
 -------------------------------------------------------- 
 1 h_zipcode                             385423 character 
 2 job_lowinc 0.792 13.537  0  2,655.599 385423  numeric  
 3 job_young  0.710 11.781  0  2,665.806 385423  numeric  
 4   totjob   3.013 48.773  0  9,602.828 385423  numeric  
 5 w_zipcode                             385423 character 
 -------------------------------------------------------- 

========================================================================== 
File: ../../../drive/base_large/lodes//odzip_29.csv 
MD5:  6e712e75bd9a74cbab662adf3679682d 
Key:  h_zipcode w_zipcode 
 
 ======================================================== 
    variable  mean    sd   min    max      N      type    
 -------------------------------------------------------- 
 1 h_zipcode                             972609 character 
 2 job_lowinc 0.708 11.742  0  2,235.967 972609  numeric  
 3 job_young  0.689 11.139  0  2,323.637 972609  numeric  
 4   totjob   2.790 43.913  0  9,724.758 972609  numeric  
 5 w_zipcode                             972609 character 
 -------------------------------------------------------- 

========================================================================== 
File: ../../../drive/base_large/lodes//odzip_30.csv 
MD5:  3ade5ca907889adb655b176709a6e477 
Key:  h_zipcode w_zipcode 
 
 ========================================================= 
    variable  mean    sd   min    max       N      type    
 --------------------------------------------------------- 
 1 h_zipcode                              142576 character 
 2 job_lowinc 0.867 22.038  0  2,981.694  142576  numeric  
 3 job_young  0.739 20.134  0  2,585.185  142576  numeric  
 4   totjob   3.168 84.062  0  11,219.190 142576  numeric  
 5 w_zipcode                              142576 character 
 --------------------------------------------------------- 

========================================================================== 
File: ../../../drive/base_large/lodes//odzip_31.csv 
MD5:  ed0c319e4bdd29fa64d0109e3a01f12d 
Key:  h_zipcode w_zipcode 
 
 ======================================================== 
    variable  mean    sd   min    max      N      type    
 -------------------------------------------------------- 
 1 h_zipcode                             382707 character 
 2 job_lowinc 0.613 11.840  0  2,512.501 382707  numeric  
 3 job_young  0.606 11.130  0  2,231.995 382707  numeric  
 4   totjob   2.447 46.364  0  9,284.280 382707  numeric  
 5 w_zipcode                             382707 character 
 -------------------------------------------------------- 

========================================================================== 
File: ../../../drive/base_large/lodes//odzip_32.csv 
MD5:  b7db4d76f88fd866efd3d8fd0a5f489d 
Key:  h_zipcode w_zipcode 
 
 ======================================================== 
    variable  mean    sd   min    max      N      type    
 -------------------------------------------------------- 
 1 h_zipcode                             140328 character 
 2 job_lowinc 1.940 16.727  0  1,398.896 140328  numeric  
 3 job_young  2.106 19.366  0  1,718.472 140328  numeric  
 4   totjob   9.165 84.864  0  6,968.792 140328  numeric  
 5 w_zipcode                             140328 character 
 -------------------------------------------------------- 

========================================================================== 
File: ../../../drive/base_large/lodes//odzip_33.csv 
MD5:  70dfb6f8fa488956fde08533a7e2a8cf 
Key:  h_zipcode w_zipcode 
 
 ======================================================== 
    variable  mean    sd   min    max      N      type    
 -------------------------------------------------------- 
 1 h_zipcode                             205301 character 
 2 job_lowinc 0.739 9.490   0  1,499.129 205301  numeric  
 3 job_young  0.760 9.344   0  1,269.608 205301  numeric  
 4   totjob   3.334 39.703  0  5,847.483 205301  numeric  
 5 w_zipcode                             205301 character 
 -------------------------------------------------------- 

========================================================================== 
File: ../../../drive/base_large/lodes//odzip_34.csv 
MD5:  4197cf7eed1829cb919bb66d1498915b 
Key:  h_zipcode w_zipcode 
 
 ========================================================= 
    variable  mean    sd   min    max       N      type    
 --------------------------------------------------------- 
 1 h_zipcode                              915481 character 
 2 job_lowinc 0.981 10.276  0  3,374.368  915481  numeric  
 3 job_young  0.982 9.727   0  4,854.239  915481  numeric  
 4   totjob   4.645 39.132  0  11,757.930 915481  numeric  
 5 w_zipcode                              915481 character 
 --------------------------------------------------------- 

========================================================================== 
File: ../../../drive/base_large/lodes//odzip_35.csv 
MD5:  fa40af1229cca362be87363054205c6b 
Key:  h_zipcode w_zipcode 
 
 ======================================================== 
    variable  mean    sd   min    max      N      type    
 -------------------------------------------------------- 
 1 h_zipcode                             154209 character 
 2 job_lowinc 1.268 20.883  0  2,478.208 154209  numeric  
 3 job_young  1.184 19.551  0  2,307.695 154209  numeric  
 4   totjob   5.033 83.290  0  8,990.733 154209  numeric  
 5 w_zipcode                             154209 character 
 -------------------------------------------------------- 

========================================================================== 
File: ../../../drive/base_large/lodes//odzip_36.csv 
MD5:  39e01d8835ae093f8ce2d69db9154411 
Key:  h_zipcode w_zipcode 
 
 ========================================================== 
    variable  mean    sd   min    max        N      type    
 ---------------------------------------------------------- 
 1 h_zipcode                              2362826 character 
 2 job_lowinc 0.817 10.237  0  2,811.025  2362826  numeric  
 3 job_young  0.861 9.869   0  2,424.169  2362826  numeric  
 4   totjob   3.735 41.118  0  13,664.710 2362826  numeric  
 5 w_zipcode                              2362826 character 
 ---------------------------------------------------------- 

========================================================================== 
File: ../../../drive/base_large/lodes//odzip_37.csv 
MD5:  1b833aa4a717e97b2b76015e9a97c3b5 
Key:  h_zipcode w_zipcode 
 
 ======================================================== 
    variable  mean    sd   min    max      N      type    
 -------------------------------------------------------- 
 1 h_zipcode                             998242 character 
 2 job_lowinc 1.037 12.753  0  2,008.411 998242  numeric  
 3 job_young  0.970 11.263  0  1,474.349 998242  numeric  
 4   totjob   4.273 52.168  0  6,892.905 998242  numeric  
 5 w_zipcode                             998242 character 
 -------------------------------------------------------- 

========================================================================== 
File: ../../../drive/base_large/lodes//odzip_38.csv 
MD5:  fa162661f851fee4ad7ca45a57e905c2 
Key:  h_zipcode w_zipcode 
 
 ======================================================== 
    variable  mean    sd   min    max      N      type    
 -------------------------------------------------------- 
 1 h_zipcode                             175679 character 
 2 job_lowinc 0.494 16.277  0  2,302.247 175679  numeric  
 3 job_young  0.549 19.407  0  2,806.995 175679  numeric  
 4   totjob   2.119 72.044  0  9,841.585 175679  numeric  
 5 w_zipcode                             175679 character 
 -------------------------------------------------------- 

========================================================================== 
File: ../../../drive/base_large/lodes//odzip_39.csv 
MD5:  b20b159ebf3b603b94c9451af479a4b4 
Key:  h_zipcode w_zipcode 
 
 ========================================================== 
    variable  mean    sd   min    max        N      type    
 ---------------------------------------------------------- 
 1 h_zipcode                              1468541 character 
 2 job_lowinc 0.868 12.089  0  3,040.109  1468541  numeric  
 3 job_young  0.859 10.987  0  3,215.825  1468541  numeric  
 4   totjob   3.577 47.267  0  13,364.160 1468541  numeric  
 5 w_zipcode                              1468541 character 
 ---------------------------------------------------------- 

========================================================================== 
File: ../../../drive/base_large/lodes//odzip_40.csv 
MD5:  855c8670f4124154f63dbf255522030b 
Key:  h_zipcode w_zipcode 
 
 ======================================================== 
    variable  mean    sd   min    max      N      type    
 -------------------------------------------------------- 
 1 h_zipcode                             486203 character 
 2 job_lowinc 0.765 10.697  0  1,773.083 486203  numeric  
 3 job_young  0.790 10.641  0  1,918.068 486203  numeric  
 4   totjob   3.221 43.738  0  7,506.719 486203  numeric  
 5 w_zipcode                             486203 character 
 -------------------------------------------------------- 

========================================================================== 
File: ../../../drive/base_large/lodes//odzip_41.csv 
MD5:  487c1ea87a06ddad13422e3752cb5ceb 
Key:  h_zipcode w_zipcode 
 
 ======================================================== 
    variable  mean    sd   min    max      N      type    
 -------------------------------------------------------- 
 1 h_zipcode                             291962 character 
 2 job_lowinc 1.319 17.538  0  1,663.385 291962  numeric  
 3 job_young  1.356 17.034  0  1,676.544 291962  numeric  
 4   totjob   6.156 77.399  0  7,048.583 291962  numeric  
 5 w_zipcode                             291962 character 
 -------------------------------------------------------- 

========================================================================== 
File: ../../../drive/base_large/lodes//odzip_42.csv 
MD5:  4e77a740154e2de787a4d68f32843334 
Key:  h_zipcode w_zipcode 
 
 ========================================================= 
    variable  mean    sd   min    max       N      type    
 --------------------------------------------------------- 
 1 h_zipcode                             2417984 character 
 2 job_lowinc 0.553 8.538   0  2,165.478 2417984  numeric  
 3 job_young  0.542 7.447   0  1,861.812 2417984  numeric  
 4   totjob   2.404 33.549  0  8,237.556 2417984  numeric  
 5 w_zipcode                             2417984 character 
 --------------------------------------------------------- 

========================================================================== 
File: ../../../drive/base_large/lodes//odzip_44.csv 
MD5:  f59daa82a8e74cb248d17300e331815c 
Key:  h_zipcode w_zipcode 
 
 ======================================================= 
    variable  mean    sd   min    max      N     type    
 ------------------------------------------------------- 
 1 h_zipcode                             77835 character 
 2 job_lowinc 1.453 14.300  0  1,041.716 77835  numeric  
 3 job_young  1.469 13.005  0   833.938  77835  numeric  
 4   totjob   6.377 54.142  0  3,437.406 77835  numeric  
 5 w_zipcode                             77835 character 
 ------------------------------------------------------- 

========================================================================== 
File: ../../../drive/base_large/lodes//odzip_45.csv 
MD5:  2ffc19740ab52a6d9872d1c4f85401c9 
Key:  h_zipcode w_zipcode 
 
 ======================================================== 
    variable  mean    sd   min    max      N      type    
 -------------------------------------------------------- 
 1 h_zipcode                             445927 character 
 2 job_lowinc 1.158 14.734  0  1,627.381 445927  numeric  
 3 job_young  1.092 13.178  0  1,470.431 445927  numeric  
 4   totjob   4.634 57.298  0  5,655.361 445927  numeric  
 5 w_zipcode                             445927 character 
 -------------------------------------------------------- 

========================================================================== 
File: ../../../drive/base_large/lodes//odzip_46.csv 
MD5:  bea4a106c71636773aeaec3fc7dd623b 
Key:  h_zipcode w_zipcode 
 
 ========================================================= 
    variable  mean    sd   min    max       N      type    
 --------------------------------------------------------- 
 1 h_zipcode                              196339 character 
 2 job_lowinc 0.551 18.321  0  3,309.228  196339  numeric  
 3 job_young  0.503 16.895  0  3,138.226  196339  numeric  
 4   totjob   2.061 69.128  0  12,280.060 196339  numeric  
 5 w_zipcode                              196339 character 
 --------------------------------------------------------- 

========================================================================== 
File: ../../../drive/base_large/lodes//odzip_47.csv 
MD5:  807cdd6bf7897a5a30ca0f2f5d3bb1a0 
Key:  h_zipcode w_zipcode 
 
 ======================================================== 
    variable  mean    sd   min    max      N      type    
 -------------------------------------------------------- 
 1 h_zipcode                             665837 character 
 2 job_lowinc 1.010 13.447  0  2,356.640 665837  numeric  
 3 job_young  1.048 13.618  0  1,999.402 665837  numeric  
 4   totjob   4.283 57.202  0  8,033.136 665837  numeric  
 5 w_zipcode                             665837 character 
 -------------------------------------------------------- 

========================================================================== 
File: ../../../drive/base_large/lodes//odzip_48.csv 
MD5:  94e6106b10cf35534765a6563bc23e86 
Key:  h_zipcode w_zipcode 
 
 ========================================================== 
    variable  mean    sd   min    max        N      type    
 ---------------------------------------------------------- 
 1 h_zipcode                              2734424 character 
 2 job_lowinc 0.960 12.313  0  3,334.478  2734424  numeric  
 3 job_young  1.033 11.735  0  3,927.266  2734424  numeric  
 4   totjob   4.330 49.231  0  10,749.690 2734424  numeric  
 5 w_zipcode                              2734424 character 
 ---------------------------------------------------------- 

========================================================================== 
File: ../../../drive/base_large/lodes//odzip_49.csv 
MD5:  a96849958c397171762c97cf052b63fd 
Key:  h_zipcode w_zipcode 
 
 ======================================================== 
    variable  mean    sd   min    max      N      type    
 -------------------------------------------------------- 
 1 h_zipcode                             172281 character 
 2 job_lowinc 2.163 22.828  0  1,909.289 172281  numeric  
 3 job_young  2.293 22.698  0  2,127.864 172281  numeric  
 4   totjob   7.997 77.176  0  6,561.599 172281  numeric  
 5 w_zipcode                             172281 character 
 -------------------------------------------------------- 

========================================================================== 
File: ../../../drive/base_large/lodes//odzip_50.csv 
MD5:  48086b252accf47e7ee94419dcd6573e 
Key:  h_zipcode w_zipcode 
 
 ======================================================== 
    variable  mean    sd   min    max      N      type    
 -------------------------------------------------------- 
 1 h_zipcode                             175463 character 
 2 job_lowinc 0.431 8.670   0  1,554.927 175463  numeric  
 3 job_young  0.376 8.873   0  2,367.946 175463  numeric  
 4   totjob   1.711 35.534  0  6,293.767 175463  numeric  
 5 w_zipcode                             175463 character 
 -------------------------------------------------------- 

========================================================================== 
File: ../../../drive/base_large/lodes//odzip_51.csv 
MD5:  cd08f861857d3a3bc9e4cea168ac52b8 
Key:  h_zipcode w_zipcode 
 
 ========================================================= 
    variable  mean    sd   min    max       N      type    
 --------------------------------------------------------- 
 1 h_zipcode                             1172907 character 
 2 job_lowinc 0.716 10.271  0  1,633.087 1172907  numeric  
 3 job_young  0.713 9.362   0  1,621.919 1172907  numeric  
 4   totjob   3.134 40.705  0  6,658.044 1172907  numeric  
 5 w_zipcode                             1172907 character 
 --------------------------------------------------------- 

========================================================================== 
File: ../../../drive/base_large/lodes//odzip_53.csv 
MD5:  2bd4e818af5c8e2eb46d2614781d3f4e 
Key:  h_zipcode w_zipcode 
 
 ========================================================= 
    variable  mean    sd   min    max       N      type    
 --------------------------------------------------------- 
 1 h_zipcode                              457196 character 
 2 job_lowinc 1.287 14.093  0  2,143.207  457196  numeric  
 3 job_young  1.598 17.134  0  2,350.587  457196  numeric  
 4   totjob   7.069 73.641  0  10,265.690 457196  numeric  
 5 w_zipcode                              457196 character 
 --------------------------------------------------------- 

========================================================================== 
File: ../../../drive/base_large/lodes//odzip_54.csv 
MD5:  5de5c89b5a1b672db1d7f25f5a2b1935 
Key:  h_zipcode w_zipcode 
 
 ======================================================== 
    variable  mean    sd   min    max      N      type    
 -------------------------------------------------------- 
 1 h_zipcode                             707382 character 
 2 job_lowinc 0.235 6.413   0  2,676.231 707382  numeric  
 3 job_young  0.217 5.395   0  1,693.600 707382  numeric  
 4   totjob   0.991 25.071  0  9,766.696 707382  numeric  
 5 w_zipcode                             707382 character 
 -------------------------------------------------------- 

========================================================================== 
File: ../../../drive/base_large/lodes//odzip_55.csv 
MD5:  8a4ef38ad9ebf189f2178997c83c02ac 
Key:  h_zipcode w_zipcode 
 
 ======================================================== 
    variable  mean    sd   min    max      N      type    
 -------------------------------------------------------- 
 1 h_zipcode                             754531 character 
 2 job_lowinc 0.964 14.841  0  2,691.772 754531  numeric  
 3 job_young  0.922 13.626  0  2,418.401 754531  numeric  
 4   totjob   3.831 55.498  0  9,993.318 754531  numeric  
 5 w_zipcode                             754531 character 
 -------------------------------------------------------- 

========================================================================== 
File: ../../../drive/base_large/lodes//odzip_56.csv 
MD5:  b140b44c01e31068fa52fdab6dfd6a1d 
Key:  h_zipcode w_zipcode 
 
 ======================================================= 
    variable  mean    sd   min    max      N     type    
 ------------------------------------------------------- 
 1 h_zipcode                             73327 character 
 2 job_lowinc 0.835 21.194  0  2,267.163 73327  numeric  
 3 job_young  0.761 19.162  0  1,824.894 73327  numeric  
 4   totjob   3.437 88.984  0  8,348.992 73327  numeric  
 5 w_zipcode                             73327 character 
 ------------------------------------------------------- 

========================================================================== 
File: ../../../drive/base_large/lodes//odzip_11.csv 
MD5:  e0ed2f95edd25afde55bdd756dda8f13 
Key:  h_zipcode w_zipcode 
 
 ======================================================= 
    variable  mean    sd   min    max      N     type    
 ------------------------------------------------------- 
 1 h_zipcode                             48371 character 
 2 job_lowinc 1.044 9.554   0   698.329  48371  numeric  
 3 job_young  1.668 16.671  0   897.988  48371  numeric  
 4   totjob   5.869 53.800  0  2,321.806 48371  numeric  
 5 w_zipcode                             48371 character 
 ------------------------------------------------------- 

========================================================================== 
File: ../../../drive/base_large/lodes//odcounty_01.csv 
MD5:  a2f7d2a0610e596ae274bc623fc4984e 
Key:  h_countyfips w_countyfips 
 
 =========================================================== 
     variable    mean     sd     min   max     N     type    
 ----------------------------------------------------------- 
 1 h_countyfips                              20155 character 
 2  job_lowinc  23.069  485.662   0  44,000  20155  integer  
 3  job_young   23.335  485.798   0  45,414  20155  integer  
 4    totjob    96.237 2,120.954  1  201,997 20155  integer  
 5 w_countyfips                              20155 character 
 ----------------------------------------------------------- 

========================================================================== 
File: ../../../drive/base_large/lodes//odcounty_02.csv 
MD5:  3415c6de92ac9a11e500e40c7fb88f26 
Key:  h_countyfips w_countyfips 
 
 =========================================================== 
     variable    mean      sd     min   max    N     type    
 ----------------------------------------------------------- 
 1 h_countyfips                               1780 character 
 2  job_lowinc  36.753   657.194   0  26,055  1780  integer  
 3  job_young   40.303   799.136   0  32,060  1780  integer  
 4    totjob    168.307 3,187.636  1  127,219 1780  integer  
 5 w_countyfips                               1780 character 
 ----------------------------------------------------------- 

========================================================================== 
File: ../../../drive/base_large/lodes//odcounty_04.csv 
MD5:  93e7ccdfd661535274570e89a8b176f4 
Key:  h_countyfips w_countyfips 
 
 ============================================================== 
     variable    mean       sd     min    max     N     type    
 -------------------------------------------------------------- 
 1 h_countyfips                                  5038 character 
 2  job_lowinc  119.608 5,040.689   0   349,829  5038  integer  
 3  job_young   126.203 5,737.245   0   400,606  5038  integer  
 4    totjob    540.853 24,315.200  1  1,694,251 5038  integer  
 5 w_countyfips                                  5038 character 
 -------------------------------------------------------------- 

========================================================================== 
File: ../../../drive/base_large/lodes//odcounty_05.csv 
MD5:  fed86dbf1f8a321cb01d3ff44f4d7c9b 
Key:  h_countyfips w_countyfips 
 
 =========================================================== 
     variable    mean     sd     min   max     N     type    
 ----------------------------------------------------------- 
 1 h_countyfips                              17026 character 
 2  job_lowinc  16.500  325.595   0  32,495  17026  integer  
 3  job_young   16.973  345.357   0  31,188  17026  integer  
 4    totjob    69.576 1,476.020  1  140,784 17026  integer  
 5 w_countyfips                              17026 character 
 ----------------------------------------------------------- 

========================================================================== 
File: ../../../drive/base_large/lodes//odcounty_06.csv 
MD5:  2c46712797683bd11b376ca421bc9fb1 
Key:  h_countyfips w_countyfips 
 
 =============================================================== 
     variable    mean       sd     min    max      N     type    
 --------------------------------------------------------------- 
 1 h_countyfips                                  22878 character 
 2  job_lowinc  156.306 6,201.714   0   843,939  22878  integer  
 3  job_young   163.687 5,833.505   0   761,133  22878  integer  
 4    totjob    730.826 26,865.190  1  3,521,315 22878  integer  
 5 w_countyfips                                  22878 character 
 --------------------------------------------------------------- 

========================================================================== 
File: ../../../drive/base_large/lodes//odcounty_08.csv 
MD5:  31141c5be43caba28f34ab08df473126 
Key:  h_countyfips w_countyfips 
 
 ============================================================ 
     variable    mean      sd     min   max     N     type    
 ------------------------------------------------------------ 
 1 h_countyfips                               12738 character 
 2  job_lowinc  43.572   742.468   0  46,852  12738  integer  
 3  job_young   46.692   809.152   0  47,417  12738  integer  
 4    totjob    199.643 3,458.285  1  202,306 12738  integer  
 5 w_countyfips                               12738 character 
 ------------------------------------------------------------ 

========================================================================== 
File: ../../../drive/base_large/lodes//odcounty_09.csv 
MD5:  da62c9c4f977c478a3d43617e88c268a 
Key:  h_countyfips w_countyfips 
 
 =========================================================== 
     variable    mean      sd     min   max    N     type    
 ----------------------------------------------------------- 
 1 h_countyfips                               3741 character 
 2  job_lowinc  93.818  1,756.453  0  65,110  3741  integer  
 3  job_young   97.507  1,764.166  0  67,039  3741  integer  
 4    totjob    450.670 8,333.860  1  324,722 3741  integer  
 5 w_countyfips                               3741 character 
 ----------------------------------------------------------- 

========================================================================== 
File: ../../../drive/base_large/lodes//odcounty_10.csv 
MD5:  860b56f8344c9d2ebfaf74457f72bca4 
Key:  h_countyfips w_countyfips 
 
 =========================================================== 
     variable    mean      sd     min   max    N     type    
 ----------------------------------------------------------- 
 1 h_countyfips                               1361 character 
 2  job_lowinc  74.768  1,391.936  0  47,713  1361  integer  
 3  job_young   72.311  1,357.314  0  47,338  1361  integer  
 4    totjob    314.395 5,764.599  1  200,201 1361  integer  
 5 w_countyfips                               1361 character 
 ----------------------------------------------------------- 

========================================================================== 
File: ../../../drive/base_large/lodes//odcounty_12.csv 
MD5:  18032ebff8aa5d70bb584c92681c7cb3 
Key:  h_countyfips w_countyfips 
 
 ============================================================ 
     variable    mean      sd     min   max     N     type    
 ------------------------------------------------------------ 
 1 h_countyfips                               24829 character 
 2  job_lowinc  80.801  1,917.237  0  174,468 24829  integer  
 3  job_young   76.049  1,862.462  0  171,464 24829  integer  
 4    totjob    340.508 8,751.634  1  843,954 24829  integer  
 5 w_countyfips                               24829 character 
 ------------------------------------------------------------ 

========================================================================== 
File: ../../../drive/base_large/lodes//odcounty_13.csv 
MD5:  a1072086c76d1fbeae22019426960549 
Key:  h_countyfips w_countyfips 
 
 =========================================================== 
     variable    mean     sd     min   max     N     type    
 ----------------------------------------------------------- 
 1 h_countyfips                              46135 character 
 2  job_lowinc  22.099  427.749   0  46,683  46135  integer  
 3  job_young   21.453  450.235   0  55,814  46135  integer  
 4    totjob    92.056 2,011.746  1  242,236 46135  integer  
 5 w_countyfips                              46135 character 
 ----------------------------------------------------------- 

========================================================================== 
File: ../../../drive/base_large/lodes//odcounty_15.csv 
MD5:  13637b9ad7a8a7bde8b4323800504e82 
Key:  h_countyfips w_countyfips 
 
 ============================================================ 
     variable    mean       sd     min   max    N     type    
 ------------------------------------------------------------ 
 1 h_countyfips                                1056 character 
 2  job_lowinc  119.039 2,544.204   0  80,668  1056  integer  
 3  job_young   115.448 2,522.374   0  80,259  1056  integer  
 4    totjob    512.607 11,215.960  1  356,178 1056  integer  
 5 w_countyfips                                1056 character 
 ------------------------------------------------------------ 

========================================================================== 
File: ../../../drive/base_large/lodes//odcounty_16.csv 
MD5:  bdda0a524471a0ed7fe1087c2e5ffe0d 
Key:  h_countyfips w_countyfips 
 
 =========================================================== 
     variable    mean      sd     min   max    N     type    
 ----------------------------------------------------------- 
 1 h_countyfips                               6784 character 
 2  job_lowinc  28.103   555.871   0  38,272  6784  integer  
 3  job_young   26.163   561.274   0  39,782  6784  integer  
 4    totjob    105.704 2,349.360  1  169,550 6784  integer  
 5 w_countyfips                               6784 character 
 ----------------------------------------------------------- 

========================================================================== 
File: ../../../drive/base_large/lodes//odcounty_17.csv 
MD5:  bb386b2b5f100947fa9e4ebe58bfb2d4 
Key:  h_countyfips w_countyfips 
 
 =============================================================== 
     variable    mean       sd     min    max      N     type    
 --------------------------------------------------------------- 
 1 h_countyfips                                  30265 character 
 2  job_lowinc  44.688  2,342.037   0   392,311  30265  integer  
 3  job_young   44.223  2,526.131   0   426,000  30265  integer  
 4    totjob    194.105 10,925.670  1  1,831,183 30265  integer  
 5 w_countyfips                                  30265 character 
 --------------------------------------------------------------- 

========================================================================== 
File: ../../../drive/base_large/lodes//odcounty_18.csv 
MD5:  36f63dcf55e51ad15a1fc00e23fda881 
Key:  h_countyfips w_countyfips 
 
 ============================================================ 
     variable    mean      sd     min   max     N     type    
 ------------------------------------------------------------ 
 1 h_countyfips                               27742 character 
 2  job_lowinc  26.658   597.727   0  73,171  27742  integer  
 3  job_young   26.603   601.676   0  77,537  27742  integer  
 4    totjob    110.258 2,476.961  1  306,721 27742  integer  
 5 w_countyfips                               27742 character 
 ------------------------------------------------------------ 

========================================================================== 
File: ../../../drive/base_large/lodes//odcounty_19.csv 
MD5:  0e931fd039dcfeaa111a6a6d7d3e2c1a 
Key:  h_countyfips w_countyfips 
 
 =========================================================== 
     variable    mean     sd     min   max     N     type    
 ----------------------------------------------------------- 
 1 h_countyfips                              20204 character 
 2  job_lowinc  18.408  366.070   0  39,544  20204  integer  
 3  job_young   18.535  395.467   0  44,421  20204  integer  
 4    totjob    75.988 1,652.373  1  184,346 20204  integer  
 5 w_countyfips                              20204 character 
 ----------------------------------------------------------- 

========================================================================== 
File: ../../../drive/base_large/lodes//odcounty_20.csv 
MD5:  8976a1d0b55e5be89d0e75cf274d1df3 
Key:  h_countyfips w_countyfips 
 
 =========================================================== 
     variable    mean     sd     min   max     N     type    
 ----------------------------------------------------------- 
 1 h_countyfips                              17671 character 
 2  job_lowinc  19.479  516.696   0  46,111  17671  integer  
 3  job_young   17.756  500.177   0  46,136  17671  integer  
 4    totjob    75.587 2,177.431  1  191,495 17671  integer  
 5 w_countyfips                              17671 character 
 ----------------------------------------------------------- 

========================================================================== 
File: ../../../drive/base_large/lodes//odcounty_21.csv 
MD5:  552696d276ac1cdace8055361dbea802 
Key:  h_countyfips w_countyfips 
 
 =========================================================== 
     variable    mean     sd     min   max     N     type    
 ----------------------------------------------------------- 
 1 h_countyfips                              30343 character 
 2  job_lowinc  14.437  430.870   0  67,949  30343  integer  
 3  job_young   15.072  457.091   0  71,922  30343  integer  
 4    totjob    61.108 1,883.733  1  296,922 30343  integer  
 5 w_countyfips                              30343 character 
 ----------------------------------------------------------- 

========================================================================== 
File: ../../../drive/base_large/lodes//odcounty_22.csv 
MD5:  49f194b9e48bcf056a29e03ce8cc516e 
Key:  h_countyfips w_countyfips 
 
 ============================================================ 
     variable    mean      sd     min   max     N     type    
 ------------------------------------------------------------ 
 1 h_countyfips                               15790 character 
 2  job_lowinc  29.602   508.869   0  34,180  15790  integer  
 3  job_young   27.886   473.641   0  34,124  15790  integer  
 4    totjob    117.888 2,016.091  1  137,196 15790  integer  
 5 w_countyfips                               15790 character 
 ------------------------------------------------------------ 

========================================================================== 
File: ../../../drive/base_large/lodes//odcounty_23.csv 
MD5:  fdc696568568fec63f8ab3e5e7356137 
Key:  h_countyfips w_countyfips 
 
 =========================================================== 
     variable    mean      sd     min   max    N     type    
 ----------------------------------------------------------- 
 1 h_countyfips                               2798 character 
 2  job_lowinc  51.499   627.109   0  24,755  2798  integer  
 3  job_young   46.675   589.312   0  24,354  2798  integer  
 4    totjob    215.575 2,752.810  1  113,194 2798  integer  
 5 w_countyfips                               2798 character 
 ----------------------------------------------------------- 

========================================================================== 
File: ../../../drive/base_large/lodes//odcounty_24.csv 
MD5:  f7ee5f368ffd43b6771b404e8adb0db2 
Key:  h_countyfips w_countyfips 
 
 ============================================================ 
     variable    mean      sd     min   max     N     type    
 ------------------------------------------------------------ 
 1 h_countyfips                               10593 character 
 2  job_lowinc  53.474   854.406   0  43,321  10593  integer  
 3  job_young   57.071   880.389   0  43,930  10593  integer  
 4    totjob    252.771 4,028.280  1  216,726 10593  integer  
 5 w_countyfips                               10593 character 
 ------------------------------------------------------------ 

========================================================================== 
File: ../../../drive/base_large/lodes//odcounty_25.csv 
MD5:  d7137c7a0485fcb71c9895255a4caa4c 
Key:  h_countyfips w_countyfips 
 
 =========================================================== 
     variable    mean      sd     min   max    N     type    
 ----------------------------------------------------------- 
 1 h_countyfips                               6628 character 
 2  job_lowinc  108.328 1,765.329  0  85,985  6628  integer  
 3  job_young   121.494 2,015.469  0  99,011  6628  integer  
 4    totjob    515.148 8,611.938  1  448,943 6628  integer  
 5 w_countyfips                               6628 character 
 ----------------------------------------------------------- 

========================================================================== 
File: ../../../drive/base_large/lodes//odcounty_26.csv 
MD5:  207723d70463f1bdde0b71aa6b502dcb 
Key:  h_countyfips w_countyfips 
 
 ============================================================ 
     variable    mean      sd     min   max     N     type    
 ------------------------------------------------------------ 
 1 h_countyfips                               23902 character 
 2  job_lowinc  43.042   993.724   0  94,166  23902  integer  
 3  job_young   44.447  1,078.549  0  98,107  23902  integer  
 4    totjob    180.193 4,426.475  1  404,012 23902  integer  
 5 w_countyfips                               23902 character 
 ------------------------------------------------------------ 

========================================================================== 
File: ../../../drive/base_large/lodes//odcounty_27.csv 
MD5:  a9b9511dab985e47f6ad66f419d85f26 
Key:  h_countyfips w_countyfips 
 
 ============================================================ 
     variable    mean      sd     min   max     N     type    
 ------------------------------------------------------------ 
 1 h_countyfips                               18068 character 
 2  job_lowinc  36.735   877.108   0  99,154  18068  integer  
 3  job_young   37.970   985.416   0  114,677 18068  integer  
 4    totjob    156.827 4,061.993  1  469,786 18068  integer  
 5 w_countyfips                               18068 character 
 ------------------------------------------------------------ 

========================================================================== 
File: ../../../drive/base_large/lodes//odcounty_28.csv 
MD5:  e9a762cdeb7d8f9b068ea174cb9a2414 
Key:  h_countyfips w_countyfips 
 
 ======================================================== 
     variable    mean    sd    min  max     N     type    
 -------------------------------------------------------- 
 1 h_countyfips                           19472 character 
 2  job_lowinc  15.686 218.278  0  15,090 19472  integer  
 3  job_young   14.077 192.376  0  11,793 19472  integer  
 4    totjob    59.711 851.246  1  54,793 19472  integer  
 5 w_countyfips                           19472 character 
 -------------------------------------------------------- 

========================================================================== 
File: ../../../drive/base_large/lodes//odcounty_29.csv 
MD5:  4cd64f258bde515af9a8112fb71529ef 
Key:  h_countyfips w_countyfips 
 
 =========================================================== 
     variable    mean     sd     min   max     N     type    
 ----------------------------------------------------------- 
 1 h_countyfips                              28210 character 
 2  job_lowinc  24.413  641.710   0  75,885  28210  integer  
 3  job_young   23.776  613.536   0  68,712  28210  integer  
 4    totjob    96.410 2,602.523  1  306,431 28210  integer  
 5 w_countyfips                              28210 character 
 ----------------------------------------------------------- 

========================================================================== 
File: ../../../drive/base_large/lodes//odcounty_30.csv 
MD5:  914c5a82225af4fe4debd2f9b108e9f0 
Key:  h_countyfips w_countyfips 
 
 ========================================================= 
     variable    mean     sd     min  max    N     type    
 --------------------------------------------------------- 
 1 h_countyfips                             5916 character 
 2  job_lowinc  20.901  358.531   0  16,805 5916  integer  
 3  job_young   17.821  333.144   0  15,924 5916  integer  
 4    totjob    76.437 1,387.054  1  68,875 5916  integer  
 5 w_countyfips                             5916 character 
 --------------------------------------------------------- 

========================================================================== 
File: ../../../drive/base_large/lodes//odcounty_31.csv 
MD5:  24cf1d07d6103e33688d39c2cf1e519d 
Key:  h_countyfips w_countyfips 
 
 =========================================================== 
     variable    mean     sd     min   max     N     type    
 ----------------------------------------------------------- 
 1 h_countyfips                              12026 character 
 2  job_lowinc  19.528  580.807   0  52,439  12026  integer  
 3  job_young   19.298  611.828   0  55,210  12026  integer  
 4    totjob    77.935 2,437.901  1  220,839 12026  integer  
 5 w_countyfips                              12026 character 
 ----------------------------------------------------------- 

========================================================================== 
File: ../../../drive/base_large/lodes//odcounty_32.csv 
MD5:  aa22a67e9edbb7e99fabf823640debde 
Key:  h_countyfips w_countyfips 
 
 ============================================================ 
     variable    mean       sd     min   max    N     type    
 ------------------------------------------------------------ 
 1 h_countyfips                                3163 character 
 2  job_lowinc  86.347  3,397.336   0  187,334 3163  integer  
 3  job_young   93.724  3,732.460   0  205,511 3163  integer  
 4    totjob    407.770 16,306.920  1  899,738 3163  integer  
 5 w_countyfips                                3163 character 
 ------------------------------------------------------------ 

========================================================================== 
File: ../../../drive/base_large/lodes//odcounty_33.csv 
MD5:  10814dbb1542a621d0f7561dde2d0327 
Key:  h_countyfips w_countyfips 
 
 =========================================================== 
     variable    mean      sd     min   max    N     type    
 ----------------------------------------------------------- 
 1 h_countyfips                               2573 character 
 2  job_lowinc  59.063   750.992   0  28,552  2573  integer  
 3  job_young   60.878   757.921   0  29,156  2573  integer  
 4    totjob    267.213 3,242.347  1  121,229 2573  integer  
 5 w_countyfips                               2573 character 
 ----------------------------------------------------------- 

========================================================================== 
File: ../../../drive/base_large/lodes//odcounty_34.csv 
MD5:  3179292fab307f53cef0c04403378c66 
Key:  h_countyfips w_countyfips 
 
 ============================================================ 
     variable    mean      sd     min   max     N     type    
 ------------------------------------------------------------ 
 1 h_countyfips                               10482 character 
 2  job_lowinc  85.741  1,059.452  0  42,902  10482  integer  
 3  job_young   85.918   976.347   0  35,829  10482  integer  
 4    totjob    406.244 4,622.570  1  186,521 10482  integer  
 5 w_countyfips                               10482 character 
 ------------------------------------------------------------ 

========================================================================== 
File: ../../../drive/base_large/lodes//odcounty_35.csv 
MD5:  2ebb9cb790cac9397985b7b25d71bb60 
Key:  h_countyfips w_countyfips 
 
 =========================================================== 
     variable    mean      sd     min   max    N     type    
 ----------------------------------------------------------- 
 1 h_countyfips                               5650 character 
 2  job_lowinc  35.570   818.287   0  56,451  5650  integer  
 3  job_young   33.084   811.940   0  56,864  5650  integer  
 4    totjob    140.915 3,472.806  1  242,772 5650  integer  
 5 w_countyfips                               5650 character 
 ----------------------------------------------------------- 

========================================================================== 
File: ../../../drive/base_large/lodes//odcounty_36.csv 
MD5:  c86a6b2f00feaba62cddd749f840e8af 
Key:  h_countyfips w_countyfips 
 
 ============================================================ 
     variable    mean      sd     min   max     N     type    
 ------------------------------------------------------------ 
 1 h_countyfips                               24245 character 
 2  job_lowinc  79.821  1,786.334  0  108,171 24245  integer  
 3  job_young   84.163  2,037.103  0  153,052 24245  integer  
 4    totjob    365.008 8,485.702  1  556,679 24245  integer  
 5 w_countyfips                               24245 character 
 ------------------------------------------------------------ 

========================================================================== 
File: ../../../drive/base_large/lodes//odcounty_37.csv 
MD5:  5a6becdaab26e7c78b53c3b76d8694df 
Key:  h_countyfips w_countyfips 
 
 ============================================================ 
     variable    mean      sd     min   max     N     type    
 ------------------------------------------------------------ 
 1 h_countyfips                               34443 character 
 2  job_lowinc  30.079   655.570   0  74,126  34443  integer  
 3  job_young   28.153   674.750   0  82,666  34443  integer  
 4    totjob    124.010 3,012.318  1  352,250 34443  integer  
 5 w_countyfips                               34443 character 
 ------------------------------------------------------------ 

========================================================================== 
File: ../../../drive/base_large/lodes//odcounty_38.csv 
MD5:  2bdea8642d6a4b53af0b87ecb94ac892 
Key:  h_countyfips w_countyfips 
 
 ========================================================= 
     variable    mean     sd     min  max    N     type    
 --------------------------------------------------------- 
 1 h_countyfips                             5025 character 
 2  job_lowinc  17.274  303.103   0  17,027 5025  integer  
 3  job_young   19.184  359.463   0  20,949 5025  integer  
 4    totjob    74.089 1,341.357  1  76,013 5025  integer  
 5 w_countyfips                             5025 character 
 --------------------------------------------------------- 

========================================================================== 
File: ../../../drive/base_large/lodes//odcounty_39.csv 
MD5:  c195b57743671f4e5391b20ac36de9b3 
Key:  h_countyfips w_countyfips 
 
 ============================================================ 
     variable    mean      sd     min   max     N     type    
 ------------------------------------------------------------ 
 1 h_countyfips                               33797 character 
 2  job_lowinc  37.773   989.523   0  104,884 33797  integer  
 3  job_young   37.411  1,017.307  0  119,098 33797  integer  
 4    totjob    155.908 4,234.992  1  465,697 33797  integer  
 5 w_countyfips                               33797 character 
 ------------------------------------------------------------ 

========================================================================== 
File: ../../../drive/base_large/lodes//odcounty_40.csv 
MD5:  032344ac8df5555b6c04005b3ed0eb7f 
Key:  h_countyfips w_countyfips 
 
 =========================================================== 
     variable    mean     sd     min   max     N     type    
 ----------------------------------------------------------- 
 1 h_countyfips                              16271 character 
 2  job_lowinc  22.851  636.080   0  58,059  16271  integer  
 3  job_young   23.618  672.013   0  61,690  16271  integer  
 4    totjob    96.274 2,749.764  1  246,786 16271  integer  
 5 w_countyfips                              16271 character 
 ----------------------------------------------------------- 

========================================================================== 
File: ../../../drive/base_large/lodes//odcounty_41.csv 
MD5:  50a5167a04e0d2622a925951c8e7908d 
Key:  h_countyfips w_countyfips 
 
 =========================================================== 
     variable    mean      sd     min   max    N     type    
 ----------------------------------------------------------- 
 1 h_countyfips                               7809 character 
 2  job_lowinc  49.366   854.078   0  49,019  7809  integer  
 3  job_young   50.758   920.087   0  54,523  7809  integer  
 4    totjob    230.348 4,245.104  1  247,996 7809  integer  
 5 w_countyfips                               7809 character 
 ----------------------------------------------------------- 

========================================================================== 
File: ../../../drive/base_large/lodes//odcounty_42.csv 
MD5:  7aff3ce60dbfb0e94864e2a3d1c48656 
Key:  h_countyfips w_countyfips 
 
 ============================================================ 
     variable    mean      sd     min   max     N     type    
 ------------------------------------------------------------ 
 1 h_countyfips                               25760 character 
 2  job_lowinc  52.086  1,101.269  0  106,442 25760  integer  
 3  job_young   51.015  1,116.897  0  108,378 25760  integer  
 4    totjob    226.274 4,849.150  1  479,006 25760  integer  
 5 w_countyfips                               25760 character 
 ------------------------------------------------------------ 

========================================================================== 
File: ../../../drive/base_large/lodes//odcounty_44.csv 
MD5:  67f7fe25a904a634f93455eaa6abe443 
Key:  h_countyfips w_countyfips 
 
 =========================================================== 
     variable    mean      sd     min   max    N     type    
 ----------------------------------------------------------- 
 1 h_countyfips                               1633 character 
 2  job_lowinc  69.669  1,159.679  0  43,806  1633  integer  
 3  job_young   70.313  1,135.605  0  42,957  1633  integer  
 4    totjob    305.102 4,854.146  1  182,681 1633  integer  
 5 w_countyfips                               1633 character 
 ----------------------------------------------------------- 

========================================================================== 
File: ../../../drive/base_large/lodes//odcounty_45.csv 
MD5:  2190a1609e9b580ff6645015f2f245bd 
Key:  h_countyfips w_countyfips 
 
 ============================================================ 
     variable    mean      sd     min   max     N     type    
 ------------------------------------------------------------ 
 1 h_countyfips                               16196 character 
 2  job_lowinc  31.910   560.877   0  34,045  16196  integer  
 3  job_young   30.082   533.620   0  34,842  16196  integer  
 4    totjob    127.713 2,299.239  1  150,452 16196  integer  
 5 w_countyfips                               16196 character 
 ------------------------------------------------------------ 

========================================================================== 
File: ../../../drive/base_large/lodes//odcounty_46.csv 
MD5:  84cfc535227bd54510da3f2eaf593893 
Key:  h_countyfips w_countyfips 
 
 ========================================================= 
     variable    mean     sd     min  max    N     type    
 --------------------------------------------------------- 
 1 h_countyfips                             8020 character 
 2  job_lowinc  13.488  281.718   0  20,574 8020  integer  
 3  job_young   12.314  277.868   0  21,064 8020  integer  
 4    totjob    50.459 1,107.849  1  82,065 8020  integer  
 5 w_countyfips                             8020 character 
 --------------------------------------------------------- 

========================================================================== 
File: ../../../drive/base_large/lodes//odcounty_47.csv 
MD5:  e94d3b7fdf3ad4d7265ca9d818fb764e 
Key:  h_countyfips w_countyfips 
 
 =========================================================== 
     variable    mean     sd     min   max     N     type    
 ----------------------------------------------------------- 
 1 h_countyfips                              30881 character 
 2  job_lowinc  21.792  626.500   0  84,045  30881  integer  
 3  job_young   22.603  652.162   0  81,898  30881  integer  
 4    totjob    92.448 2,680.899  1  343,659 30881  integer  
 5 w_countyfips                              30881 character 
 ----------------------------------------------------------- 

========================================================================== 
File: ../../../drive/base_large/lodes//odcounty_48.csv 
MD5:  50263ce121df5bd204c58c83ad96cc6b 
Key:  h_countyfips w_countyfips 
 
 ============================================================== 
     variable    mean      sd     min    max      N     type    
 -------------------------------------------------------------- 
 1 h_countyfips                                 64766 character 
 2  job_lowinc  40.564  1,674.380  0   299,016  64766  integer  
 3  job_young   43.646  1,900.495  0   350,281  64766  integer  
 4    totjob    182.982 8,130.637  1  1,523,757 64766  integer  
 5 w_countyfips                                 64766 character 
 -------------------------------------------------------------- 

========================================================================== 
File: ../../../drive/base_large/lodes//odcounty_49.csv 
MD5:  95220aa5542b173ce08003468c8d9cf3 
Key:  h_countyfips w_countyfips 
 
 =========================================================== 
     variable    mean      sd     min   max    N     type    
 ----------------------------------------------------------- 
 1 h_countyfips                               5141 character 
 2  job_lowinc  72.630  1,771.310  0  110,658 5141  integer  
 3  job_young   76.975  1,976.808  0  123,746 5141  integer  
 4    totjob    268.728 7,163.375  1  464,569 5141  integer  
 5 w_countyfips                               5141 character 
 ----------------------------------------------------------- 

========================================================================== 
File: ../../../drive/base_large/lodes//odcounty_50.csv 
MD5:  3bbd952beadac5dbfd41582b8fe74b70 
Key:  h_countyfips w_countyfips 
 
 ========================================================== 
     variable    mean      sd     min  max    N     type    
 ---------------------------------------------------------- 
 1 h_countyfips                              2341 character 
 2  job_lowinc  32.342   370.140   0  14,557 2341  integer  
 3  job_young   28.238   376.240   0  16,298 2341  integer  
 4    totjob    128.428 1,639.374  1  68,200 2341  integer  
 5 w_countyfips                              2341 character 
 ---------------------------------------------------------- 

========================================================================== 
File: ../../../drive/base_large/lodes//odcounty_51.csv 
MD5:  013dc5b355ce6c803bfe22734016aa5b 
Key:  h_countyfips w_countyfips 
 
 =========================================================== 
     variable    mean     sd     min   max     N     type    
 ----------------------------------------------------------- 
 1 h_countyfips                              39961 character 
 2  job_lowinc  21.100  355.339   0  44,238  39961  integer  
 3  job_young   21.013  369.070   0  48,933  39961  integer  
 4    totjob    92.414 1,733.712  1  239,741 39961  integer  
 5 w_countyfips                              39961 character 
 ----------------------------------------------------------- 

========================================================================== 
File: ../../../drive/base_large/lodes//odcounty_53.csv 
MD5:  c64db6387247864ae4a551f5fed34df1 
Key:  h_countyfips w_countyfips 
 
 ============================================================ 
     variable    mean       sd     min   max    N     type    
 ------------------------------------------------------------ 
 1 h_countyfips                                9330 character 
 2  job_lowinc  63.086  1,533.924   0  125,905 9330  integer  
 3  job_young   78.360  2,243.237   0  194,559 9330  integer  
 4    totjob    346.585 10,257.260  1  893,964 9330  integer  
 5 w_countyfips                                9330 character 
 ------------------------------------------------------------ 

========================================================================== 
File: ../../../drive/base_large/lodes//odcounty_54.csv 
MD5:  39dad451ee51d83c4a014613d1e9fce8 
Key:  h_countyfips w_countyfips 
 
 ======================================================== 
     variable    mean    sd    min  max     N     type    
 -------------------------------------------------------- 
 1 h_countyfips                           13743 character 
 2  job_lowinc  12.107 167.071  0  11,977 13743  integer  
 3  job_young   11.199 151.658  0  10,654 13743  integer  
 4    totjob    51.034 728.504  1  57,825 13743  integer  
 5 w_countyfips                           13743 character 
 -------------------------------------------------------- 

========================================================================== 
File: ../../../drive/base_large/lodes//odcounty_55.csv 
MD5:  858f1c76a0995f6254df6013578b74f0 
Key:  h_countyfips w_countyfips 
 
 ============================================================ 
     variable    mean      sd     min   max     N     type    
 ------------------------------------------------------------ 
 1 h_countyfips                               17634 character 
 2  job_lowinc  41.243   868.101   0  87,376  17634  integer  
 3  job_young   39.488   849.551   0  80,979  17634  integer  
 4    totjob    164.062 3,410.793  1  310,090 17634  integer  
 5 w_countyfips                               17634 character 
 ------------------------------------------------------------ 

========================================================================== 
File: ../../../drive/base_large/lodes//odcounty_56.csv 
MD5:  c2405a1e8726c6caf3582a0f61b86ba3 
Key:  h_countyfips w_countyfips 
 
 ========================================================= 
     variable    mean     sd     min  max    N     type    
 --------------------------------------------------------- 
 1 h_countyfips                             3425 character 
 2  job_lowinc  17.886  232.002   0  8,091  3425  integer  
 3  job_young   16.302  223.028   0  8,072  3425  integer  
 4    totjob    73.583 1,016.334  1  35,947 3425  integer  
 5 w_countyfips                             3425 character 
 --------------------------------------------------------- 

========================================================================== 
File: ../../../drive/base_large/lodes//odcounty_11.csv 
MD5:  ef8b64cd389338d7b7499a47f8370c63 
Key:  h_countyfips w_countyfips 
 
 ========================================================== 
     variable    mean      sd     min   max    N    type    
 ---------------------------------------------------------- 
 1 h_countyfips                               777 character 
 2  job_lowinc  65.148  1,136.360  0  30,946  777  integer  
 3  job_young   103.990 1,931.809  0  52,962  777  integer  
 4    totjob    366.278 6,762.764  1  185,089 777  integer  
 5 w_countyfips                               777 character 
 ---------------------------------------------------------- 
