
========================================================================== 
File: ../../../drive/base_large/lodes//zipcode_shares.csv 
MD5:  f8f586f44dd3bb9594dda99943bef2f7 
Key:  zipcode 
 
 ======================================================================================= 
       variable         mean           sd           min          max         N    type   
 --------------------------------------------------------------------------------------- 
 1    job_lowinc       129.259       266.190         0        3,995.538    34690 numeric 
 2     job_young       103.791       235.177         0        4,854.239    34690 numeric 
 3  resident_lowinc 1,077,210.000  930,917.500  50,523.000  3,564,436.000  34690 numeric 
 4   residents_tot  4,755,214.000 4,312,629.000 252,002.000 16,643,961.000 34690 numeric 
 5  residents_young 1,101,248.000  979,450.500  55,835.000  3,729,579.000  34690 numeric 
 6   share_lowinc      0.0003         0.001          0          0.046      34690 numeric 
 7     share_tot       0.0002         0.001          0          0.050      34690 numeric 
 8    share_young      0.0002         0.001          0          0.043      34690 numeric 
 9      totjob         454.306       979.452         0        13,930.500   34690 numeric 
 10     zipcode      50,087.540    27,397.410      1,001        99,919     34690 integer 
 --------------------------------------------------------------------------------------- 

========================================================================== 
File: ../../../drive/base_large/lodes//zipcode_shares.dta 
MD5:  f8f586f44dd3bb9594dda99943bef2f7 
Key:  zipcode 
 
 ======================================================================================= 
       variable         mean           sd           min          max         N    type   
 --------------------------------------------------------------------------------------- 
 1    job_lowinc       129.259       266.190         0        3,995.538    34690 numeric 
 2     job_young       103.791       235.177         0        4,854.239    34690 numeric 
 3  resident_lowinc 1,077,210.000  930,917.500  50,523.000  3,564,436.000  34690 numeric 
 4   residents_tot  4,755,214.000 4,312,629.000 252,002.000 16,643,961.000 34690 numeric 
 5  residents_young 1,101,248.000  979,450.500  55,835.000  3,729,579.000  34690 numeric 
 6   share_lowinc      0.0003         0.001          0          0.046      34690 numeric 
 7     share_tot       0.0002         0.001          0          0.050      34690 numeric 
 8    share_young      0.0002         0.001          0          0.043      34690 numeric 
 9      totjob         454.306       979.452         0        13,930.500   34690 numeric 
 10     zipcode      50,087.540    27,397.410      1,001        99,919     34690 integer 
 --------------------------------------------------------------------------------------- 
