============================================================================
File: ../temp/rent_panel.dta
Key: zipcode year_month
============================================================================
  156600:17(88611):3417543796:3089780486

    Variable |        Obs        Mean    Std. Dev.       Min        Max
-------------+---------------------------------------------------------
     zipcode |    156,600    51920.57    29185.78       2113      99577
  year_month |    156,600       659.5    34.63992        600        719
  place_code |    129,840    40657.65    22564.03        410      87240
  countyfips |    156,240    24077.04    16484.28       1003      56021
   statefips |    156,600    23.97854    16.42626          1         56
-------------+---------------------------------------------------------
   actual_mw |    156,600    8.077733    1.207496       7.25         16
  dactual_mw |    156,600    .0151952    .1121177          0       2.21
calendar_m~h |    156,600         6.5    3.452064          1         12
         msa |    156,600    436.1801    240.1675         12        860
       trend |    156,600       225.5    34.63992        166        285
-------------+---------------------------------------------------------
    trend_sq |    156,600    52050.17    15659.42      27556      81225
    trend_cu |    156,600    1.23e+07     5408203    4574296   2.31e+07
medrentpri~c |    113,375    1.188344    .7824813   .4180214   6.731387
medrentpri~r |     24,789     1.84165    .9184999   .5015197   6.499599
medrentpri~s |     37,588    1.842276    1.001968   .5106889    6.48415
-------------+---------------------------------------------------------
ln_med_ren~c |    113,375    .0472541    .4493362  -.8722228   1.906781
       ln_mw |    156,600    2.079598    .1327617   1.981001   2.772589




