This is pdfTeX, Version 3.14159265-2.6-1.40.19 (TeX Live 2018) (preloaded format=pdflatex 2018.4.16)  10 JUN 2020 09:54
entering extended mode
 restricted \write18 enabled.
 file:line:error style messages enabled.
 %&-line parsing enabled.
**mw_rent_amenities.tex
(./mw_rent_amenities.tex
LaTeX2e <2018-04-01> patch level 2
Babel <3.18> and hyphenation patterns for 84 language(s) loaded.
(/usr/local/texlive/2018/texmf-dist/tex/latex/base/article.cls
Document Class: article 2014/09/29 v1.4h Standard LaTeX document class
(/usr/local/texlive/2018/texmf-dist/tex/latex/base/size10.clo
File: size10.clo 2014/09/29 v1.4h Standard LaTeX file (size option)
)
\c@part=\count80
\c@section=\count81
\c@subsection=\count82
\c@subsubsection=\count83
\c@paragraph=\count84
\c@subparagraph=\count85
\c@figure=\count86
\c@table=\count87
\abovecaptionskip=\skip41
\belowcaptionskip=\skip42
\bibindent=\dimen102
)
(/usr/local/texlive/2018/texmf-dist/tex/latex/base/inputenc.sty
Package: inputenc 2018/04/06 v1.3b Input encoding file
\inpenc@prehook=\toks14
\inpenc@posthook=\toks15
)
(/usr/local/texlive/2018/texmf-dist/tex/latex/csquotes/csquotes.sty
Package: csquotes 2018/02/11 v5.2c context-sensitive quotations (JAW)

(/usr/local/texlive/2018/texmf-dist/tex/latex/etoolbox/etoolbox.sty
Package: etoolbox 2018/02/11 v2.5e e-TeX tools for LaTeX (JAW)
\etb@tempcnta=\count88
)
(/usr/local/texlive/2018/texmf-dist/tex/latex/graphics/keyval.sty
Package: keyval 2014/10/28 v1.15 key=value parser (DPC)
\KV@toks@=\toks16
)
\csq@reset=\count89
\csq@gtype=\count90
\csq@glevel=\count91
\csq@qlevel=\count92
\csq@maxlvl=\count93
\csq@tshold=\count94
\csq@ltx@everypar=\toks17

(/usr/local/texlive/2018/texmf-dist/tex/latex/csquotes/csquotes.def
File: csquotes.def 2018/02/11 v5.2c csquotes generic definitions (JAW)
)
Package csquotes Info: Trying to load configuration file 'csquotes.cfg'...
Package csquotes Info: ... configuration file loaded successfully.

(/usr/local/texlive/2018/texmf-dist/tex/latex/csquotes/csquotes.cfg
File: csquotes.cfg 
))
(/usr/local/texlive/2018/texmf-dist/tex/latex/geometry/geometry.sty
Package: geometry 2018/03/24 v5.7 Page Geometry

(/usr/local/texlive/2018/texmf-dist/tex/generic/oberdiek/ifpdf.sty
Package: ifpdf 2017/03/15 v3.2 Provides the ifpdf switch
)
(/usr/local/texlive/2018/texmf-dist/tex/generic/oberdiek/ifvtex.sty
Package: ifvtex 2016/05/16 v1.6 Detect VTeX and its facilities (HO)
Package ifvtex Info: VTeX not detected.
)
(/usr/local/texlive/2018/texmf-dist/tex/generic/ifxetex/ifxetex.sty
Package: ifxetex 2010/09/12 v0.6 Provides ifxetex conditional
)
\Gm@cnth=\count95
\Gm@cntv=\count96
\c@Gm@tempcnt=\count97
\Gm@bindingoffset=\dimen103
\Gm@wd@mp=\dimen104
\Gm@odd@mp=\dimen105
\Gm@even@mp=\dimen106
\Gm@layoutwidth=\dimen107
\Gm@layoutheight=\dimen108
\Gm@layouthoffset=\dimen109
\Gm@layoutvoffset=\dimen110
\Gm@dimlist=\toks18
)
(/usr/local/texlive/2018/texmf-dist/tex/latex/hyperref/hyperref.sty
Package: hyperref 2018/02/06 v6.86b Hypertext links for LaTeX

(/usr/local/texlive/2018/texmf-dist/tex/generic/oberdiek/hobsub-hyperref.sty
Package: hobsub-hyperref 2016/05/16 v1.14 Bundle oberdiek, subset hyperref (HO)


(/usr/local/texlive/2018/texmf-dist/tex/generic/oberdiek/hobsub-generic.sty
Package: hobsub-generic 2016/05/16 v1.14 Bundle oberdiek, subset generic (HO)
Package: hobsub 2016/05/16 v1.14 Construct package bundles (HO)
Package: infwarerr 2016/05/16 v1.4 Providing info/warning/error messages (HO)
Package: ltxcmds 2016/05/16 v1.23 LaTeX kernel commands for general use (HO)
Package: ifluatex 2016/05/16 v1.4 Provides the ifluatex switch (HO)
Package ifluatex Info: LuaTeX not detected.
Package hobsub Info: Skipping package `ifvtex' (already loaded).
Package: intcalc 2016/05/16 v1.2 Expandable calculations with integers (HO)
Package hobsub Info: Skipping package `ifpdf' (already loaded).
Package: etexcmds 2016/05/16 v1.6 Avoid name clashes with e-TeX commands (HO)
Package etexcmds Info: Could not find \expanded.
(etexcmds)             That can mean that you are not using pdfTeX 1.50 or
(etexcmds)             that some package has redefined \expanded.
(etexcmds)             In the latter case, load this package earlier.
Package: kvsetkeys 2016/05/16 v1.17 Key value parser (HO)
Package: kvdefinekeys 2016/05/16 v1.4 Define keys (HO)
Package: pdftexcmds 2018/01/30 v0.27 Utility functions of pdfTeX for LuaTeX (HO
)
Package pdftexcmds Info: LuaTeX not detected.
Package pdftexcmds Info: \pdf@primitive is available.
Package pdftexcmds Info: \pdf@ifprimitive is available.
Package pdftexcmds Info: \pdfdraftmode found.
Package: pdfescape 2016/05/16 v1.14 Implements pdfTeX's escape features (HO)
Package: bigintcalc 2016/05/16 v1.4 Expandable calculations on big integers (HO
)
Package: bitset 2016/05/16 v1.2 Handle bit-vector datatype (HO)
Package: uniquecounter 2016/05/16 v1.3 Provide unlimited unique counter (HO)
)
Package hobsub Info: Skipping package `hobsub' (already loaded).
Package: letltxmacro 2016/05/16 v1.5 Let assignment for LaTeX macros (HO)
Package: hopatch 2016/05/16 v1.3 Wrapper for package hooks (HO)
Package: xcolor-patch 2016/05/16 xcolor patch
Package: atveryend 2016/05/16 v1.9 Hooks at the very end of document (HO)
Package: atbegshi 2016/06/09 v1.18 At begin shipout hook (HO)
Package: refcount 2016/05/16 v3.5 Data extraction from label references (HO)
Package: hycolor 2016/05/16 v1.8 Color options for hyperref/bookmark (HO)
)
(/usr/local/texlive/2018/texmf-dist/tex/latex/oberdiek/auxhook.sty
Package: auxhook 2016/05/16 v1.4 Hooks for auxiliary files (HO)
)
(/usr/local/texlive/2018/texmf-dist/tex/latex/oberdiek/kvoptions.sty
Package: kvoptions 2016/05/16 v3.12 Key value format for package options (HO)
)
\@linkdim=\dimen111
\Hy@linkcounter=\count98
\Hy@pagecounter=\count99

(/usr/local/texlive/2018/texmf-dist/tex/latex/hyperref/pd1enc.def
File: pd1enc.def 2018/02/06 v6.86b Hyperref: PDFDocEncoding definition (HO)
Now handling font encoding PD1 ...
... no UTF-8 mapping file for font encoding PD1
)
\Hy@SavedSpaceFactor=\count100

(/usr/local/texlive/2018/texmf-dist/tex/latex/latexconfig/hyperref.cfg
File: hyperref.cfg 2002/06/06 v1.2 hyperref configuration of TeXLive
)
Package hyperref Info: Hyper figures OFF on input line 4509.
Package hyperref Info: Link nesting OFF on input line 4514.
Package hyperref Info: Hyper index ON on input line 4517.
Package hyperref Info: Plain pages OFF on input line 4524.
Package hyperref Info: Backreferencing OFF on input line 4529.
Package hyperref Info: Implicit mode ON; LaTeX internals redefined.
Package hyperref Info: Bookmarks ON on input line 4762.
\c@Hy@tempcnt=\count101

(/usr/local/texlive/2018/texmf-dist/tex/latex/url/url.sty
\Urlmuskip=\muskip10
Package: url 2013/09/16  ver 3.4  Verb mode for urls, etc.
)
LaTeX Info: Redefining \url on input line 5115.
\XeTeXLinkMargin=\dimen112
\Fld@menulength=\count102
\Field@Width=\dimen113
\Fld@charsize=\dimen114
Package hyperref Info: Hyper figures OFF on input line 6369.
Package hyperref Info: Link nesting OFF on input line 6374.
Package hyperref Info: Hyper index ON on input line 6377.
Package hyperref Info: backreferencing OFF on input line 6384.
Package hyperref Info: Link coloring OFF on input line 6389.
Package hyperref Info: Link coloring with OCG OFF on input line 6394.
Package hyperref Info: PDF/A mode OFF on input line 6399.
LaTeX Info: Redefining \ref on input line 6439.
LaTeX Info: Redefining \pageref on input line 6443.
\Hy@abspage=\count103
\c@Item=\count104
\c@Hfootnote=\count105
)
Package hyperref Info: Driver (autodetected): hpdftex.

(/usr/local/texlive/2018/texmf-dist/tex/latex/hyperref/hpdftex.def
File: hpdftex.def 2018/02/06 v6.86b Hyperref driver for pdfTeX
\Fld@listcount=\count106
\c@bookmark@seq@number=\count107

(/usr/local/texlive/2018/texmf-dist/tex/latex/oberdiek/rerunfilecheck.sty
Package: rerunfilecheck 2016/05/16 v1.8 Rerun checks for auxiliary files (HO)
Package uniquecounter Info: New unique counter `rerunfilecheck' on input line 2
82.
)
\Hy@SectionHShift=\skip43
)
(/usr/local/texlive/2018/texmf-dist/tex/latex/amsmath/amsmath.sty
Package: amsmath 2017/09/02 v2.17a AMS math features
\@mathmargin=\skip44

For additional information on amsmath, use the `?' option.
(/usr/local/texlive/2018/texmf-dist/tex/latex/amsmath/amstext.sty
Package: amstext 2000/06/29 v2.01 AMS text

(/usr/local/texlive/2018/texmf-dist/tex/latex/amsmath/amsgen.sty
File: amsgen.sty 1999/11/30 v2.0 generic functions
\@emptytoks=\toks19
\ex@=\dimen115
))
(/usr/local/texlive/2018/texmf-dist/tex/latex/amsmath/amsbsy.sty
Package: amsbsy 1999/11/29 v1.2d Bold Symbols
\pmbraise@=\dimen116
)
(/usr/local/texlive/2018/texmf-dist/tex/latex/amsmath/amsopn.sty
Package: amsopn 2016/03/08 v2.02 operator names
)
\inf@bad=\count108
LaTeX Info: Redefining \frac on input line 213.
\uproot@=\count109
\leftroot@=\count110
LaTeX Info: Redefining \overline on input line 375.
\classnum@=\count111
\DOTSCASE@=\count112
LaTeX Info: Redefining \ldots on input line 472.
LaTeX Info: Redefining \dots on input line 475.
LaTeX Info: Redefining \cdots on input line 596.
\Mathstrutbox@=\box26
\strutbox@=\box27
\big@size=\dimen117
LaTeX Font Info:    Redeclaring font encoding OML on input line 712.
LaTeX Font Info:    Redeclaring font encoding OMS on input line 713.
\macc@depth=\count113
\c@MaxMatrixCols=\count114
\dotsspace@=\muskip11
\c@parentequation=\count115
\dspbrk@lvl=\count116
\tag@help=\toks20
\row@=\count117
\column@=\count118
\maxfields@=\count119
\andhelp@=\toks21
\eqnshift@=\dimen118
\alignsep@=\dimen119
\tagshift@=\dimen120
\tagwidth@=\dimen121
\totwidth@=\dimen122
\lineht@=\dimen123
\@envbody=\toks22
\multlinegap=\skip45
\multlinetaggap=\skip46
\mathdisplay@stack=\toks23
LaTeX Info: Redefining \[ on input line 2817.
LaTeX Info: Redefining \] on input line 2818.
)
(/usr/local/texlive/2018/texmf-dist/tex/latex/amsfonts/amssymb.sty
Package: amssymb 2013/01/14 v3.01 AMS font symbols

(/usr/local/texlive/2018/texmf-dist/tex/latex/amsfonts/amsfonts.sty
Package: amsfonts 2013/01/14 v3.01 Basic AMSFonts support
\symAMSa=\mathgroup4
\symAMSb=\mathgroup5
LaTeX Font Info:    Overwriting math alphabet `\mathfrak' in version `bold'
(Font)                  U/euf/m/n --> U/euf/b/n on input line 106.
))
(/usr/local/texlive/2018/texmf-dist/tex/latex/graphics/graphicx.sty
Package: graphicx 2017/06/01 v1.1a Enhanced LaTeX Graphics (DPC,SPQR)

(/usr/local/texlive/2018/texmf-dist/tex/latex/graphics/graphics.sty
Package: graphics 2017/06/25 v1.2c Standard LaTeX Graphics (DPC,SPQR)

(/usr/local/texlive/2018/texmf-dist/tex/latex/graphics/trig.sty
Package: trig 2016/01/03 v1.10 sin cos tan (DPC)
)
(/usr/local/texlive/2018/texmf-dist/tex/latex/graphics-cfg/graphics.cfg
File: graphics.cfg 2016/06/04 v1.11 sample graphics configuration
)
Package graphics Info: Driver file: pdftex.def on input line 99.

(/usr/local/texlive/2018/texmf-dist/tex/latex/graphics-def/pdftex.def
File: pdftex.def 2018/01/08 v1.0l Graphics/color driver for pdftex
))
\Gin@req@height=\dimen124
\Gin@req@width=\dimen125
)
(/usr/local/texlive/2018/texmf-dist/tex/latex/tools/indentfirst.sty
Package: indentfirst 1995/11/23 v1.03 Indent first paragraph (DPC)
)
(/usr/local/texlive/2018/texmf-dist/tex/latex/caption/caption.sty
Package: caption 2016/02/21 v3.3-144 Customizing captions (AR)

(/usr/local/texlive/2018/texmf-dist/tex/latex/caption/caption3.sty
Package: caption3 2016/05/22 v1.7-166 caption3 kernel (AR)
Package caption3 Info: TeX engine: e-TeX on input line 67.
\captionmargin=\dimen126
\captionmargin@=\dimen127
\captionwidth=\dimen128
\caption@tempdima=\dimen129
\caption@indent=\dimen130
\caption@parindent=\dimen131
\caption@hangindent=\dimen132
)
\c@ContinuedFloat=\count120
Package caption Info: hyperref package is loaded.
)
(/usr/local/texlive/2018/texmf-dist/tex/latex/caption/subcaption.sty
Package: subcaption 2016/05/22 v1.1-161 Sub-captions (AR)
\c@subfigure=\count121
\c@subtable=\count122
)
(/usr/local/texlive/2018/texmf-dist/tex/latex/biblatex/biblatex.sty
Package: biblatex 2018/03/04 v3.11 programmable bibliographies (PK/MW)

(/usr/local/texlive/2018/texmf-dist/tex/latex/logreq/logreq.sty
Package: logreq 2010/08/04 v1.0 xml request logger
\lrq@indent=\count123

(/usr/local/texlive/2018/texmf-dist/tex/latex/logreq/logreq.def
File: logreq.def 2010/08/04 v1.0 logreq spec v1.0
))
(/usr/local/texlive/2018/texmf-dist/tex/latex/base/ifthen.sty
Package: ifthen 2014/09/29 v1.1c Standard LaTeX ifthen package (DPC)
)
(/usr/local/texlive/2018/texmf-dist/tex/generic/xstring/xstring.sty
(/usr/local/texlive/2018/texmf-dist/tex/generic/xstring/xstring.tex
\@xs@message=\write3
\integerpart=\count124
\decimalpart=\count125
)
Package: xstring 2013/10/13  v1.7c  String manipulations (C Tellechea)
)
\c@tabx@nest=\count126
\c@listtotal=\count127
\c@listcount=\count128
\c@liststart=\count129
\c@liststop=\count130
\c@citecount=\count131
\c@citetotal=\count132
\c@multicitecount=\count133
\c@multicitetotal=\count134
\c@instcount=\count135
\c@maxnames=\count136
\c@minnames=\count137
\c@maxitems=\count138
\c@minitems=\count139
\c@citecounter=\count140
\c@savedcitecounter=\count141
\c@uniquelist=\count142
\c@uniquename=\count143
\c@refsection=\count144
\c@refsegment=\count145
\c@maxextratitle=\count146
\c@maxextratitleyear=\count147
\c@maxextradate=\count148
\c@maxextraalpha=\count149
\c@abbrvpenalty=\count150
\c@highnamepenalty=\count151
\c@lownamepenalty=\count152
\c@maxparens=\count153
\c@parenlevel=\count154
\blx@tempcnta=\count155
\blx@tempcntb=\count156
\blx@tempcntc=\count157
\blx@maxsection=\count158
\blx@maxsegment@0=\count159
\blx@notetype=\count160
\blx@parenlevel@text=\count161
\blx@parenlevel@foot=\count162
\blx@sectionciteorder@0=\count163
\labelnumberwidth=\skip47
\labelalphawidth=\skip48
\biblabelsep=\skip49
\bibitemsep=\skip50
\bibnamesep=\skip51
\bibinitsep=\skip52
\bibparsep=\skip53
\bibhang=\skip54
\blx@bcfin=\read1
\blx@bcfout=\write4
\c@mincomprange=\count164
\c@maxcomprange=\count165
\c@mincompwidth=\count166
Package biblatex Info: Trying to load biblatex default data model...
Package biblatex Info: ... file 'blx-dm.def' found.

(/usr/local/texlive/2018/texmf-dist/tex/latex/biblatex/blx-dm.def
File: blx-dm.def 2018/03/04 v3.11 biblatex localization (PK/MW)
)
Package biblatex Info: Trying to load biblatex style data model...
Package biblatex Info: ... file 'authoryear.dbx' not found.
Package biblatex Info: Trying to load biblatex custom data model...
Package biblatex Info: ... file 'biblatex-dm.cfg' not found.
\c@afterword=\count167
\c@savedafterword=\count168
\c@annotator=\count169
\c@savedannotator=\count170
\c@author=\count171
\c@savedauthor=\count172
\c@bookauthor=\count173
\c@savedbookauthor=\count174
\c@commentator=\count175
\c@savedcommentator=\count176
\c@editor=\count177
\c@savededitor=\count178
\c@editora=\count179
\c@savededitora=\count180
\c@editorb=\count181
\c@savededitorb=\count182
\c@editorc=\count183
\c@savededitorc=\count184
\c@foreword=\count185
\c@savedforeword=\count186
\c@holder=\count187
\c@savedholder=\count188
\c@introduction=\count189
\c@savedintroduction=\count190
\c@namea=\count191
\c@savednamea=\count192
\c@nameb=\count193
\c@savednameb=\count194
\c@namec=\count195
\c@savednamec=\count196
\c@translator=\count197
\c@savedtranslator=\count198
\c@shortauthor=\count199
\c@savedshortauthor=\count266
\c@shorteditor=\count267
\c@savedshorteditor=\count268
\c@labelname=\count269
\c@savedlabelname=\count270
\c@institution=\count271
\c@savedinstitution=\count272
\c@lista=\count273
\c@savedlista=\count274
\c@listb=\count275
\c@savedlistb=\count276
\c@listc=\count277
\c@savedlistc=\count278
\c@listd=\count279
\c@savedlistd=\count280
\c@liste=\count281
\c@savedliste=\count282
\c@listf=\count283
\c@savedlistf=\count284
\c@location=\count285
\c@savedlocation=\count286
\c@organization=\count287
\c@savedorganization=\count288
\c@origlocation=\count289
\c@savedoriglocation=\count290
\c@origpublisher=\count291
\c@savedorigpublisher=\count292
\c@publisher=\count293
\c@savedpublisher=\count294
\c@language=\count295
\c@savedlanguage=\count296
\c@origlanguage=\count297
\c@savedoriglanguage=\count298
\c@pageref=\count299
\c@savedpageref=\count300
\shorthandwidth=\skip55
\shortjournalwidth=\skip56
\shortserieswidth=\skip57
\shorttitlewidth=\skip58
\shortauthorwidth=\skip59
\shorteditorwidth=\skip60
\locallabelnumberwidth=\skip61
\locallabelalphawidth=\skip62
\localshorthandwidth=\skip63
\localshortjournalwidth=\skip64
\localshortserieswidth=\skip65
\localshorttitlewidth=\skip66
\localshortauthorwidth=\skip67
\localshorteditorwidth=\skip68
Package biblatex Info: Trying to load compatibility code...
Package biblatex Info: ... file 'blx-compat.def' found.

(/usr/local/texlive/2018/texmf-dist/tex/latex/biblatex/blx-compat.def
File: blx-compat.def 2018/03/04 v3.11 biblatex compatibility (PK/MW)
)
Package biblatex Info: Trying to load generic definitions...
Package biblatex Info: ... file 'biblatex.def' found.

(/usr/local/texlive/2018/texmf-dist/tex/latex/biblatex/biblatex.def
File: biblatex.def 2018/03/04 v3.11 biblatex compatibility (PK/MW)
\c@textcitecount=\count301
\c@textcitetotal=\count302
\c@textcitemaxnames=\count303
\c@biburlnumpenalty=\count304
\c@biburlucpenalty=\count305
\c@biburllcpenalty=\count306
\c@smartand=\count307
)
Package biblatex Info: Trying to load bibliography style 'authoryear'...
Package biblatex Info: ... file 'authoryear.bbx' found.

(/usr/local/texlive/2018/texmf-dist/tex/latex/biblatex/bbx/authoryear.bbx
File: authoryear.bbx 2018/03/04 v3.11 biblatex bibliography style (PK/MW)
Package biblatex Info: Trying to load bibliography style 'standard'...
Package biblatex Info: ... file 'standard.bbx' found.

(/usr/local/texlive/2018/texmf-dist/tex/latex/biblatex/bbx/standard.bbx
File: standard.bbx 2018/03/04 v3.11 biblatex bibliography style (PK/MW)
\c@bbx:relatedcount=\count308
\c@bbx:relatedtotal=\count309
))
Package biblatex Info: Trying to load citation style 'authoryear'...
Package biblatex Info: ... file 'authoryear.cbx' found.

(/usr/local/texlive/2018/texmf-dist/tex/latex/biblatex/cbx/authoryear.cbx
File: authoryear.cbx 2018/03/04 v3.11 biblatex citation style (PK/MW)
Package biblatex Info: Redefining '\cite'.
Package biblatex Info: Redefining '\parencite'.
Package biblatex Info: Redefining '\footcite'.
Package biblatex Info: Redefining '\footcitetext'.
Package biblatex Info: Redefining '\smartcite'.
Package biblatex Info: Redefining '\textcite'.
Package biblatex Info: Redefining '\textcites'.
)
Package biblatex Info: Trying to load configuration file...
Package biblatex Info: ... file 'biblatex.cfg' found.

(/usr/local/texlive/2018/texmf-dist/tex/latex/biblatex/biblatex.cfg
File: biblatex.cfg 
))
Package csquotes Info: Checking for multilingual support...
Package csquotes Info: ... none found.
Package biblatex Info: Trying to load language 'english'...
Package biblatex Info: ... file 'english.lbx' found.

(/usr/local/texlive/2018/texmf-dist/tex/latex/biblatex/lbx/english.lbx
File: english.lbx 2018/03/04 v3.11 biblatex localization (PK/MW)
)
(./mw_rent_amenities.aux

LaTeX Warning: Label `tab:table1' multiply defined.


LaTeX Warning: Label `tab:table1' multiply defined.

)
\openout1 = `mw_rent_amenities.aux'.

LaTeX Font Info:    Checking defaults for OML/cmm/m/it on input line 27.
LaTeX Font Info:    ... okay on input line 27.
LaTeX Font Info:    Checking defaults for T1/cmr/m/n on input line 27.
LaTeX Font Info:    ... okay on input line 27.
LaTeX Font Info:    Checking defaults for OT1/cmr/m/n on input line 27.
LaTeX Font Info:    ... okay on input line 27.
LaTeX Font Info:    Checking defaults for OMS/cmsy/m/n on input line 27.
LaTeX Font Info:    ... okay on input line 27.
LaTeX Font Info:    Checking defaults for OMX/cmex/m/n on input line 27.
LaTeX Font Info:    ... okay on input line 27.
LaTeX Font Info:    Checking defaults for U/cmr/m/n on input line 27.
LaTeX Font Info:    ... okay on input line 27.
LaTeX Font Info:    Checking defaults for PD1/pdf/m/n on input line 27.
LaTeX Font Info:    ... okay on input line 27.

*geometry* driver: auto-detecting
*geometry* detected driver: pdftex
*geometry* verbose mode - [ preamble ] result:
* driver: pdftex
* paper: a4paper
* layout: <same size as paper>
* layoutoffset:(h,v)=(0.0pt,0.0pt)
* modes: 
* h-part:(L,W,R)=(81.94394pt, 433.62pt, 81.94394pt)
* v-part:(T,H,B)=(48.93872pt, 722.7pt, 73.40813pt)
* \paperwidth=597.50787pt
* \paperheight=845.04684pt
* \textwidth=433.62pt
* \textheight=722.7pt
* \oddsidemargin=9.67395pt
* \evensidemargin=9.67395pt
* \topmargin=-60.33127pt
* \headheight=12.0pt
* \headsep=25.0pt
* \topskip=10.0pt
* \footskip=30.0pt
* \marginparwidth=65.0pt
* \marginparsep=11.0pt
* \columnsep=10.0pt
* \skip\footins=9.0pt plus 4.0pt minus 2.0pt
* \hoffset=0.0pt
* \voffset=0.0pt
* \mag=1000
* \@twocolumnfalse
* \@twosidefalse
* \@mparswitchfalse
* \@reversemarginfalse
* (1in=72.27pt=25.4mm, 1cm=28.453pt)

\AtBeginShipoutBox=\box28
Package hyperref Info: Link coloring OFF on input line 27.
(/usr/local/texlive/2018/texmf-dist/tex/latex/hyperref/nameref.sty
Package: nameref 2016/05/21 v2.44 Cross-referencing by name of section

(/usr/local/texlive/2018/texmf-dist/tex/generic/oberdiek/gettitlestring.sty
Package: gettitlestring 2016/05/16 v1.5 Cleanup title references (HO)
)
\c@section@level=\count310
)
LaTeX Info: Redefining \ref on input line 27.
LaTeX Info: Redefining \pageref on input line 27.
LaTeX Info: Redefining \nameref on input line 27.

(./mw_rent_amenities.out) (./mw_rent_amenities.out)
\@outlinefile=\write5
\openout5 = `mw_rent_amenities.out'.


(/usr/local/texlive/2018/texmf-dist/tex/context/base/mkii/supp-pdf.mkii
[Loading MPS to PDF converter (version 2006.09.02).]
\scratchcounter=\count311
\scratchdimen=\dimen133
\scratchbox=\box29
\nofMPsegments=\count312
\nofMParguments=\count313
\everyMPshowfont=\toks24
\MPscratchCnt=\count314
\MPscratchDim=\dimen134
\MPnumerator=\count315
\makeMPintoPDFobject=\count316
\everyMPtoPDFconversion=\toks25
) (/usr/local/texlive/2018/texmf-dist/tex/latex/oberdiek/epstopdf-base.sty
Package: epstopdf-base 2016/05/15 v2.6 Base part for package epstopdf

(/usr/local/texlive/2018/texmf-dist/tex/latex/oberdiek/grfext.sty
Package: grfext 2016/05/16 v1.2 Manage graphics extensions (HO)
)
Package epstopdf-base Info: Redefining graphics rule for `.eps' on input line 4
38.
Package grfext Info: Graphics extension search list:
(grfext)             [.pdf,.png,.jpg,.mps,.jpeg,.jbig2,.jb2,.PDF,.PNG,.JPG,.JPE
G,.JBIG2,.JB2,.eps]
(grfext)             \AppendGraphicsExtensions on input line 456.

(/usr/local/texlive/2018/texmf-dist/tex/latex/latexconfig/epstopdf-sys.cfg
File: epstopdf-sys.cfg 2010/07/13 v1.3 Configuration of (r)epstopdf for TeX Liv
e
))
Package caption Info: Begin \AtBeginDocument code.
Package caption Info: End \AtBeginDocument code.
Package biblatex Info: Input encoding 'utf8' detected.
Package biblatex Info: Automatic encoding selection.
(biblatex)             Assuming data encoding 'utf8'.
\openout4 = `mw_rent_amenities.bcf'.

Package biblatex Info: Trying to load bibliographic data...
Package biblatex Info: ... file 'mw_rent_amenities.bbl' not found.

No file mw_rent_amenities.bbl.
Package biblatex Info: Reference section=0 on input line 27.
Package biblatex Info: Reference segment=0 on input line 27.
LaTeX Font Info:    Try loading font information for U+msa on input line 30.
(/usr/local/texlive/2018/texmf-dist/tex/latex/amsfonts/umsa.fd
File: umsa.fd 2013/01/14 v3.01 AMS symbols A
)
LaTeX Font Info:    Try loading font information for U+msb on input line 30.

(/usr/local/texlive/2018/texmf-dist/tex/latex/amsfonts/umsb.fd
File: umsb.fd 2013/01/14 v3.01 AMS symbols B
)

LaTeX Warning: Citation 'card2000minimum' on page 1 undefined on input line 33.



LaTeX Warning: Citation 'neumark2006minimum' on page 1 undefined on input line 
33.


LaTeX Warning: Citation 'dube2010minimum' on page 1 undefined on input line 33.



LaTeX Warning: Citation 'dube2016minimum' on page 1 undefined on input line 33.



LaTeX Warning: Citation 'yamagishi2019minimum' on page 1 undefined on input lin
e 33.


LaTeX Warning: Citation 'tidemann2018mw' on page 1 undefined on input line 33.


LaTeX Warning: Citation 'yamagishi2019minimum' on page 1 undefined on input lin
e 33.


LaTeX Warning: Citation 'tidemann2018mw' on page 1 undefined on input line 33.


LaTeX Warning: Citation 'yamagishi2019minimum' on page 1 undefined on input lin
e 33.


LaTeX Warning: Citation 'tidemann2018mw' on page 1 undefined on input line 33.


LaTeX Warning: Citation 'brueckner1987structure' on page 1 undefined on input l
ine 35.


LaTeX Warning: Citation 'diamond2016determinants' on page 1 undefined on input 
line 35.


LaTeX Warning: Citation 'agarwal2019minimum' on page 1 undefined on input line 
39.


LaTeX Warning: Citation 'abraham2018estimating' on page 1 undefined on input li
ne 43.


LaTeX Warning: Citation 'borusyak2017revisiting' on page 1 undefined on input l
ine 43.


LaTeX Warning: Citation 'roth2018pre' on page 1 undefined on input line 43.


Overfull \hbox (0.5617pt too wide) in paragraph at lines 43--44
[]\OT1/cmr/m/n/10 To over-come this chal-lenge, we use a panel event-study meth
od-ol-ogy ([];
 []

[1

{/usr/local/texlive/2018/texmf-var/fonts/map/pdftex/updmap/pdftex.map}]

LaTeX Warning: Citation 'tidemann2018mw' on page 2 undefined on input line 47.


LaTeX Warning: Citation 'yamagishi2019minimum' on page 2 undefined on input lin
e 47.


LaTeX Warning: Citation 'yamagishi2019minimum' on page 2 undefined on input lin
e 47.


LaTeX Warning: Citation 'card2000minimum' on page 2 undefined on input line 49.



LaTeX Warning: Citation 'cengiz2019effect' on page 2 undefined on input line 49
.


LaTeX Warning: Citation 'tidemann2018mw' on page 2 undefined on input line 49.


LaTeX Warning: Citation 'tidemann2018mw' on page 2 undefined on input line 49.


LaTeX Warning: Citation 'card2000minimum' on page 2 undefined on input line 49.



LaTeX Warning: Citation 'cengiz2019effect' on page 2 undefined on input line 49
.


LaTeX Warning: Citation 'diamond2016determinants' on page 2 undefined on input 
line 49.


LaTeX Warning: Citation 'diamond2016determinants' on page 2 undefined on input 
line 53.


LaTeX Warning: Citation 'almagro2019location' on page 2 undefined on input line
 53.

[2]

LaTeX Warning: Citation 'dinardo1995labor' on page 3 undefined on input line 57
.


LaTeX Warning: Citation 'autor2016contribution' on page 3 undefined on input li
ne 57.


LaTeX Warning: Citation 'card2000minimum' on page 3 undefined on input line 57.



LaTeX Warning: Citation 'neumark2006minimum' on page 3 undefined on input line 
57.


LaTeX Warning: Citation 'jardim2017minimum' on page 3 undefined on input line 5
7.


LaTeX Warning: Citation 'roback1982wages' on page 3 undefined on input line 59.



LaTeX Warning: Citation 'kennan2011effect' on page 3 undefined on input line 59
.


LaTeX Warning: Citation 'desmet2013urban' on page 3 undefined on input line 59.



LaTeX Warning: Citation 'perez2018city' on page 3 undefined on input line 59.


LaTeX Warning: Citation 'diamond2016determinants' on page 3 undefined on input 
line 59.


LaTeX Warning: Citation 'almagro2019location' on page 3 undefined on input line
 59.


LaTeX Warning: Citation 'couture2019income' on page 3 undefined on input line 5
9.


LaTeX Warning: Citation 'bayer2004equilibrium' on page 3 undefined on input lin
e 59.


Overfull \hbox (23.61194pt too wide) in paragraph at lines 59--60
\OT1/cmr/m/n/10 or based on spa-tial rent and amenity dif-fer-en-tials ([]; [];

 []


LaTeX Warning: Citation 'vaghul2016historical' on page 3 undefined on input lin
e 67.


LaTeX Warning: Citation 'cengiz2019effect' on page 3 undefined on input line 67
.


LaTeX Warning: Citation 'cengiz2019effect' on page 3 undefined on input line 67
.


LaTeX Warning: Citation 'cengiz2019effect' on page 3 undefined on input line 67
.


LaTeX Warning: Citation 'zillow' on page 3 undefined on input line 69.


LaTeX Warning: Citation 'hud' on page 3 undefined on input line 69.


LaTeX Warning: Citation 'case' on page 3 undefined on input line 69.

[3]

LaTeX Warning: Citation 'safegraph' on page 4 undefined on input line 73.


LaTeX Warning: Citation 'couture2019income' on page 4 undefined on input line 7
3.

LaTeX Font Info:    Try loading font information for OMS+cmr on input line 90.
(/usr/local/texlive/2018/texmf-dist/tex/latex/base/omscmr.fd
File: omscmr.fd 2014/09/29 v2.5h Standard LaTeX font definitions
)
LaTeX Font Info:    Font shape `OMS/cmr/m/n' in size <10> not available
(Font)              Font shape `OMS/cmsy/m/n' tried instead on input line 90.
<../analysis/event_study/output/last_rentpsqft_sfcc_w6.png, id=100, 695.59875pt
 x 505.89pt>
File: ../analysis/event_study/output/last_rentpsqft_sfcc_w6.png Graphic file (t
ype png)
<use ../analysis/event_study/output/last_rentpsqft_sfcc_w6.png>
Package pdftex.def Info: ../analysis/event_study/output/last_rentpsqft_sfcc_w6.
png  used on input line 112.
(pdftex.def)             Requested size: 695.59706pt x 505.88875pt.
 [4]

LaTeX Warning: Citation 'bi' on page 5 undefined on input line 119.

(../analysis/bootstrap_passthrough/output/bootstrap_rent.tex)

LaTeX Warning: `!h' float specifier changed to `!ht'.

[5 <../analysis/event_study/output/last_rentpsqft_sfcc_w6.png (PNG copy)>]
<../analysis/event_study/output/two_way_last_medrentpricepsqft_sfcc6.png, id=12
7, 695.59875pt x 505.89pt>
File: ../analysis/event_study/output/two_way_last_medrentpricepsqft_sfcc6.png G
raphic file (type png)
<use ../analysis/event_study/output/two_way_last_medrentpricepsqft_sfcc6.png>
Package pdftex.def Info: ../analysis/event_study/output/two_way_last_medrentpri
cepsqft_sfcc6.png  used on input line 140.
(pdftex.def)             Requested size: 695.59706pt x 505.88875pt.


LaTeX Warning: Citation 'tidemann2018mw' on page 6 undefined on input line 147.



LaTeX Warning: Citation 'yamagishi2019minimum' on page 6 undefined on input lin
e 147.


LaTeX Warning: Citation 'tidemann2018mw' on page 6 undefined on input line 147.


[6 <../analysis/event_study/output/two_way_last_medrentpricepsqft_sfcc6.png (PN
G copy)>]
<../analysis/event_study_county_quarter/output/last_rentpsqft_sfcc_w2.png, id=1
37, 695.59875pt x 505.89pt>
File: ../analysis/event_study_county_quarter/output/last_rentpsqft_sfcc_w2.png 
Graphic file (type png)
<use ../analysis/event_study_county_quarter/output/last_rentpsqft_sfcc_w2.png>
Package pdftex.def Info: ../analysis/event_study_county_quarter/output/last_ren
tpsqft_sfcc_w2.png  used on input line 153.
(pdftex.def)             Requested size: 695.59706pt x 505.88875pt.
<../analysis/event_study/output/last_listingpsqft_sfcc_w6.png, id=139, 695.5987
5pt x 505.89pt>
File: ../analysis/event_study/output/last_listingpsqft_sfcc_w6.png Graphic file
 (type png)
<use ../analysis/event_study/output/last_listingpsqft_sfcc_w6.png>
Package pdftex.def Info: ../analysis/event_study/output/last_listingpsqft_sfcc_
w6.png  used on input line 166.
(pdftex.def)             Requested size: 695.59706pt x 505.88875pt.


LaTeX Warning: `!h' float specifier changed to `!ht'.

[7 <../analysis/event_study_county_quarter/output/last_rentpsqft_sfcc_w2.png (P
NG copy)>] (../analysis/first_differences/output/fd_table.tex)
(../analysis/first_differences/output/fd_dynamic_table.tex)

LaTeX Warning: `!h' float specifier changed to `!ht'.

(../analysis/first_differences/output/fd_dynamic_lincom_table.tex)

LaTeX Warning: `!h' float specifier changed to `!ht'.


LaTeX Warning: Empty bibliography on input line 227.

Package atveryend Info: Empty hook `BeforeClearDocument' on input line 266.
[8 <../analysis/event_study/output/last_listingpsqft_sfcc_w6.png (PNG copy)>]
[9]
Package atveryend Info: Empty hook `AfterLastShipout' on input line 266.
 (./mw_rent_amenities.aux)
Package atveryend Info: Executing hook `AtVeryEndDocument' on input line 266.
Package atveryend Info: Executing hook `AtEndAfterFileList' on input line 266.
Package rerunfilecheck Info: File `mw_rent_amenities.out' has not changed.
(rerunfilecheck)             Checksum: 434908C030E442A0337E4EF3F497BB54;546.


LaTeX Warning: There were undefined references.


LaTeX Warning: There were multiply-defined labels.


Package biblatex Warning: Please (re)run Biber on the file:
(biblatex)                mw_rent_amenities
(biblatex)                and rerun LaTeX afterwards.

Package logreq Info: Writing requests to 'mw_rent_amenities.run.xml'.
\openout1 = `mw_rent_amenities.run.xml'.

 ) 
Here is how much of TeX's memory you used:
 14742 strings out of 492649
 246701 string characters out of 6129622
 714887 words of memory out of 5000000
 18408 multiletter control sequences out of 15000+600000
 15421 words of font info for 58 fonts, out of 8000000 for 9000
 1141 hyphenation exceptions out of 8191
 36i,11n,39p,2595b,1115s stack positions out of 5000i,500n,10000p,200000b,80000s
pdfTeX warning (dest): name{Hfootnote.8} has been referenced but does not exi
st, replaced by a fixed one

</usr/local/texlive/2018/texmf-dist/fonts/type1/public/amsfonts/cm/cmbx10.pfb><
/usr/local/texlive/2018/texmf-dist/fonts/type1/public/amsfonts/cm/cmbx12.pfb></
usr/local/texlive/2018/texmf-dist/fonts/type1/public/amsfonts/cm/cmbx8.pfb></us
r/local/texlive/2018/texmf-dist/fonts/type1/public/amsfonts/cm/cmex10.pfb></usr
/local/texlive/2018/texmf-dist/fonts/type1/public/amsfonts/cm/cmmi10.pfb></usr/
local/texlive/2018/texmf-dist/fonts/type1/public/amsfonts/cm/cmmi7.pfb></usr/lo
cal/texlive/2018/texmf-dist/fonts/type1/public/amsfonts/cm/cmmib10.pfb></usr/lo
cal/texlive/2018/texmf-dist/fonts/type1/public/amsfonts/cm/cmr10.pfb></usr/loca
l/texlive/2018/texmf-dist/fonts/type1/public/amsfonts/cm/cmr12.pfb></usr/local/
texlive/2018/texmf-dist/fonts/type1/public/amsfonts/cm/cmr17.pfb></usr/local/te
xlive/2018/texmf-dist/fonts/type1/public/amsfonts/cm/cmr6.pfb></usr/local/texli
ve/2018/texmf-dist/fonts/type1/public/amsfonts/cm/cmr7.pfb></usr/local/texlive/
2018/texmf-dist/fonts/type1/public/amsfonts/cm/cmr8.pfb></usr/local/texlive/201
8/texmf-dist/fonts/type1/public/amsfonts/cm/cmr9.pfb></usr/local/texlive/2018/t
exmf-dist/fonts/type1/public/amsfonts/cm/cmsy10.pfb></usr/local/texlive/2018/te
xmf-dist/fonts/type1/public/amsfonts/cm/cmsy7.pfb></usr/local/texlive/2018/texm
f-dist/fonts/type1/public/amsfonts/cm/cmti10.pfb></usr/local/texlive/2018/texmf
-dist/fonts/type1/public/amsfonts/cm/cmti12.pfb></usr/local/texlive/2018/texmf-
dist/fonts/type1/public/amsfonts/cm/cmtt8.pfb>
Output written on mw_rent_amenities.pdf (9 pages, 314018 bytes).
PDF statistics:
 233 PDF objects out of 1000 (max. 8388607)
 197 compressed objects within 2 object streams
 47 named destinations out of 1000 (max. 500000)
 101 words of extra memory for PDF output out of 10000 (max. 10000000)

