===============================================================================
File: ../../../drive/derived_large/stacked_sample_experimental/stacked_sample_w
> indow3.dta
Key: zipcode year_month event_id
===============================================================================
  662949:54(74997):1281131805:1561888986

    Variable |        Obs        Mean    Std. Dev.       Min        Max
-------------+---------------------------------------------------------
     zipcode |          0
  year_month |    662,949    681.7004    28.86382        609        717
    event_id |    662,949    367.8869    173.5743          1        605
   statefips |          0
 zipcode_num |    662,949     58730.5    29804.55       1545      99705
-------------+---------------------------------------------------------
      cbsa10 |          0
       rural |    662,949    .1199595    .3249144          0          1
   actual_mw |    662,949    9.417424    1.908026       7.25       16.3
exp_ln_mw_17 |    662,949    2.223507    .1875992   1.884169   2.697305
   exp_ln_mw |    662,949     2.22376    .1876637   1.887812   2.702946
-------------+---------------------------------------------------------
    ln_rents |    662,949    .2743457    .4685982  -.8414373   3.100092
       ln_mw |    662,949    2.223768    .1898521   1.981001   2.791165
ln_emp_biz~v |    662,945    11.31417    1.265407   3.663562    13.3753
 ln_emp_info |    662,183    9.222695    1.547009   2.302585   12.38988
  ln_emp_fin |    662,923    10.36754    1.271208   4.094345   12.89542
-------------+---------------------------------------------------------
ln_estcoun~v |    662,949    8.981344    1.132938   2.639057   10.96353
ln_estcoun~o |    662,945    6.417725    1.356155          0   9.531191
ln_estcoun~n |    662,949    8.293023    1.108392   2.639057   10.33748
ln_avgwwag~v |    662,945    7.138502    .3154951   6.253829   8.432724
ln_avgwwag~o |    662,183    7.402681    .4258407   5.693732   9.004791
-------------+---------------------------------------------------------
ln_avgwwag~n |    662,923    7.315559    .3536237   6.318968   9.163982
cbsa10_tre~d |          0
zipcode_ev~d |    662,949    203.1397    141.8031          1        501
  d_ln_rents |    662,177    .0034814    .0331085  -.1848367   .1651244
     d_ln_mw |    662,177    .0051513    .0192235   -.290338   .2412503
-------------+---------------------------------------------------------
d_exp_ln_~17 |    662,177    .0049945    .0172097  -.0896568   .2146022
 d_exp_ln_mw |    662,177    .0049959    .0172143  -.0876359   .2146022
d_ln_emp_b~v |    662,173      .00303    .0173778  -.2779665   .3948364
d_ln_emp_i~o |    661,211      .00099    .0343353  -.7435412   .6737289
d_ln_emp_fin |    662,147    .0018889    .0133076  -.5540133   .2921948
-------------+---------------------------------------------------------
d_ln_estco~v |    662,177    .0039323    .0115842  -.1546545   .0946836
d_ln_estco~o |    662,173    .0039016    .0200068  -.6931472   .4054651
d_ln_estco~n |    662,177    .0033752    .0130823   -.482594   .5102034
d_ln_avgww~v |    662,173     .005183    .0769473  -.9705091   1.036364
d_ln_avgww~o |    661,211    .0022871    .0970637  -1.326556   1.325468
-------------+---------------------------------------------------------
d_ln_avgww~n |    662,147    .0027799    .1162732  -.9421382   1.088082
  L1_d_ln_mw |    659,866    .0051425    .0191836   -.290338   .2412503
  F1_d_ln_mw |    662,949    .0051423    .0192002   -.290338   .2412503
  L2_d_ln_mw |    655,465    .0051978    .0191039          0   .2412503
  F2_d_ln_mw |    662,949    .0051415    .0191987   -.290338   .2412503
-------------+---------------------------------------------------------
  L3_d_ln_mw |    649,183    .0067034    .0224426          0   .2412503
  F3_d_ln_mw |    660,015     .006399    .0215572   -.290338   .2412503
L1_d_exp_~17 |    659,866    .0049892    .0172148  -.0896568   .2146022
F1_d_exp_~17 |    662,949    .0049785    .0171993  -.0896568   .2146022
L2_d_exp_~17 |    655,465     .005057    .0172355   -.003039   .2146022
-------------+---------------------------------------------------------
F2_d_exp_~17 |    662,949    .0049777     .017199  -.0896568   .2146022
L3_d_exp_~17 |    649,183    .0066823    .0198442   -.003039   .2146022
F3_d_exp_~17 |    660,015    .0063479    .0189905  -.0896568   .2146022
L1_d_exp_l~w |    659,866    .0049905    .0172196  -.0876359   .2146022
F1_d_exp_l~w |    662,949    .0049795    .0172038  -.0876359   .2146022
-------------+---------------------------------------------------------
L2_d_exp_l~w |    655,465    .0050579    .0172414  -.0030391   .2146022
F2_d_exp_l~w |    662,949    .0049788    .0172035  -.0876359   .2146022
L3_d_exp_l~w |    649,183    .0066828    .0198519  -.0030391   .2146022
F3_d_exp_l~w |    660,015    .0063489    .0189959  -.0876359   .2146022




===============================================================================
File: ../../../drive/derived_large/stacked_sample_experimental/stacked_sample_w
> indow6.dta
Key: zipcode year_month event_id
===============================================================================
  1011959:72(72752):3189267992:3529045652

    Variable |        Obs        Mean    Std. Dev.       Min        Max
-------------+---------------------------------------------------------
     zipcode |          0
  year_month |  1,011,959    680.9401    28.36205        606        716
    event_id |  1,011,959     355.356    167.3074          1        596
   statefips |          0
 zipcode_num |  1,011,959    54618.28     28710.1       1545      99705
-------------+---------------------------------------------------------
      cbsa10 |          0
       rural |  1,011,959    .1263441    .3322369          0          1
   actual_mw |  1,011,959    9.159425    1.778997       7.25       16.3
exp_ln_mw_17 |  1,011,959    2.197205    .1754755   1.884169   2.697305
   exp_ln_mw |  1,011,959    2.197448    .1755371   1.887812   2.702941
-------------+---------------------------------------------------------
    ln_rents |  1,011,959    .2360146    .4544929  -.8414373   3.100092
       ln_mw |  1,011,959    2.198089     .177426   1.981001   2.791165
ln_emp_biz~v |  1,011,952    11.25119    1.248631   3.610918   13.36667
 ln_emp_info |  1,010,682    9.132547    1.503955   1.791759   12.38988
  ln_emp_fin |  1,011,910    10.32925    1.269074   4.276666   12.88161
-------------+---------------------------------------------------------
ln_estcoun~v |  1,011,959    8.948271    1.116307   2.639057   10.93852
ln_estcoun~o |  1,011,952    6.352273    1.308661          0   9.488881
ln_estcoun~n |  1,011,959    8.250759    1.089714    2.70805   10.31685
ln_avgwwag~v |  1,011,952    7.085579    .2949926   6.253829   8.432724
ln_avgwwag~o |  1,010,682    7.347473    .3989734   5.891644   9.004791
-------------+---------------------------------------------------------
ln_avgwwag~n |  1,011,910    7.248389    .3311118   6.318968   9.163982
cbsa10_tre~d |          0
zipcode_ev~d |  1,011,959    199.2177    141.0132          1        501
  d_ln_rents |  1,010,693    .0029602    .0318479  -.1955121   .1651244
     d_ln_mw |  1,010,693    .0038403    .0173859   -.290338   .2412503
-------------+---------------------------------------------------------
d_exp_ln_~17 |  1,010,693    .0038942    .0153917  -.0896568   .2146022
 d_exp_ln_mw |  1,010,693    .0038946    .0153963  -.0876359   .2146022
d_ln_emp_b~v |  1,010,686    .0023493    .0154708  -.2854004   .3948364
d_ln_emp_i~o |  1,009,181    .0000172    .0304041  -.9162908   .8472979
d_ln_emp_fin |  1,010,627    .0015786    .0119153  -.5540133   .2210426
-------------+---------------------------------------------------------
d_ln_estco~v |  1,010,693    .0033112    .0100874  -.1546545   .1335313
d_ln_estco~o |  1,010,686    .0031418    .0173374  -.6931472   .4054651
d_ln_estco~n |  1,010,693    .0029376     .011165   -.482594   .5102034
d_ln_avgww~v |  1,010,686     .002101    .0609419  -.9705091   1.036364
d_ln_avgww~o |  1,009,181    .0031872    .0824873  -1.326556   1.693995
-------------+---------------------------------------------------------
d_ln_avgww~n |  1,010,627    .0022929    .0920215  -.9973412   1.088082
  L1_d_ln_mw |  1,008,471    .0034052    .0162299   -.290338   .2412503
  F1_d_ln_mw |  1,011,959    .0033438     .015641   -.290338   .2412503
  L2_d_ln_mw |  1,005,186    .0034203    .0162672   -.290338   .2412503
  F2_d_ln_mw |  1,011,959    .0033461    .0156545   -.290338   .2412503
-------------+---------------------------------------------------------
  L3_d_ln_mw |  1,001,110    .0034537    .0163572   -.290338   .2412503
  F3_d_ln_mw |  1,011,959    .0033489    .0156654   -.290338   .2412503
  L4_d_ln_mw |    996,005    .0034578    .0163559   -.290338   .2412503
  F4_d_ln_mw |  1,011,514    .0033508    .0156646   -.290338   .2412503
  L5_d_ln_mw |    988,265    .0035583    .0165543          0   .2412503
-------------+---------------------------------------------------------
  F5_d_ln_mw |  1,011,069    .0033516    .0156669   -.290338   .2412503
  L6_d_ln_mw |    974,462    .0052756    .0194228          0   .2412503
  F6_d_ln_mw |    988,969    .0048862    .0179161   -.290338   .2412503
L1_d_exp_~17 |  1,008,471    .0033805    .0144901  -.0896568   .2146022
F1_d_exp_~17 |  1,011,959    .0033236    .0140437  -.0896568   .2146022
-------------+---------------------------------------------------------
L2_d_exp_~17 |  1,005,186    .0033961    .0145174  -.0896568   .2146022
F2_d_exp_~17 |  1,011,959    .0033278    .0140517  -.0896568   .2146022
L3_d_exp_~17 |  1,001,110    .0034238    .0145624  -.0896568   .2146022
F3_d_exp_~17 |  1,011,959    .0033321    .0140544  -.0896568   .2146022
L4_d_exp_~17 |    996,005    .0034324    .0145829  -.0896568   .2146022
-------------+---------------------------------------------------------
F4_d_exp_~17 |  1,011,514    .0033307    .0140581  -.0896568   .2146022
L5_d_exp_~17 |    988,265    .0035375    .0148251   -.003039   .2146022
F5_d_exp_~17 |  1,011,069    .0033353    .0140614  -.0896568   .2146022
L6_d_exp_~17 |    974,462    .0052191    .0175314   -.003039   .2146022
F6_d_exp_~17 |    988,969    .0048219    .0159852  -.0896568   .2146022
-------------+---------------------------------------------------------
L1_d_exp_l~w |  1,008,471    .0033812    .0144942  -.0876359   .2146022
F1_d_exp_l~w |  1,011,959    .0033244    .0140479  -.0876359   .2146022
L2_d_exp_l~w |  1,005,186    .0033967    .0145216  -.0876359   .2146022
F2_d_exp_l~w |  1,011,959    .0033288     .014056  -.0876359   .2146022
L3_d_exp_l~w |  1,001,110    .0034243    .0145667  -.0876359   .2146022
-------------+---------------------------------------------------------
F3_d_exp_l~w |  1,011,959    .0033332    .0140588  -.0876359   .2146022
L4_d_exp_l~w |    996,005    .0034331    .0145876  -.0876359   .2146022
F4_d_exp_l~w |  1,011,514    .0033316     .014062  -.0876359   .2146022
L5_d_exp_l~w |    988,265     .003538    .0148309  -.0028222   .2146022
F5_d_exp_l~w |  1,011,069     .003336    .0140653  -.0876359   .2146022
-------------+---------------------------------------------------------
L6_d_exp_l~w |    974,462    .0052199    .0175369  -.0028222   .2147492
F6_d_exp_l~w |    988,969    .0048225    .0159884  -.0876359   .2146022




===============================================================================
File: ../../../drive/derived_large/stacked_sample_experimental/stacked_sample_w
> indow9.dta
Key: zipcode year_month event_id
===============================================================================
  1341856:90(67826):786214747:864723827

    Variable |        Obs        Mean    Std. Dev.       Min        Max
-------------+---------------------------------------------------------
     zipcode |          0
  year_month |  1,341,856    684.0471    25.91749        603        719
    event_id |  1,341,856    364.8442    165.5599          1        592
   statefips |          0
 zipcode_num |  1,341,856    55584.23    28850.84       1545      99705
-------------+---------------------------------------------------------
      cbsa10 |          0
       rural |  1,341,856    .1244053    .3300435          0          1
   actual_mw |  1,341,856    9.236847    1.782179       7.25       16.3
exp_ln_mw_17 |  1,341,856      2.2055    .1740403   1.884169   2.697305
   exp_ln_mw |  1,341,856    2.205723    .1741235   1.887812   2.702946
-------------+---------------------------------------------------------
    ln_rents |  1,341,856    .2510572    .4575541  -.8414373   3.118553
       ln_mw |  1,341,856    2.206743    .1761169   1.981001   2.791165
ln_emp_biz~v |  1,341,847    11.28585    1.246627   3.610918    13.3753
 ln_emp_info |  1,340,073    9.164942    1.508409   3.295837   12.38988
  ln_emp_fin |  1,341,799    10.36066    1.267142   4.276666   12.89542
-------------+---------------------------------------------------------
ln_estcoun~v |  1,341,856    8.975401    1.111624   2.639057   10.96353
ln_estcoun~o |  1,341,846    6.380732    1.310893          0   9.531191
ln_estcoun~n |  1,341,856    8.280461    1.085779   2.639057   10.33748
ln_avgwwag~v |  1,341,847    7.086172    .2921431   6.253829   8.432724
ln_avgwwag~o |  1,340,073    7.348564    .3972537   5.891644   9.004791
-------------+---------------------------------------------------------
ln_avgwwag~n |  1,341,799    7.243656    .3220987   6.318968   9.163982
cbsa10_tre~d |          0
zipcode_ev~d |  1,341,856    198.9057    141.2594          1        501
  d_ln_rents |  1,341,118     .002762    .0318726  -.1955121   .1651244
     d_ln_mw |  1,341,118    .0026672    .0147425   -.290338   .2412503
-------------+---------------------------------------------------------
d_exp_ln_~17 |  1,341,118    .0027088      .01302  -.0896568   .2146022
 d_exp_ln_mw |  1,341,118    .0027089     .013023  -.0876359   .2146022
d_ln_emp_b~v |  1,341,108    .0030102    .0144383  -.2854004   .3948364
d_ln_emp_i~o |  1,339,070   -.0001193    .0289773  -.7435412   .5844231
d_ln_emp_fin |  1,341,051    .0018346    .0106752  -.5540133   .2698245
-------------+---------------------------------------------------------
d_ln_estco~v |  1,341,118    .0039074    .0100992  -.1546545   .1335313
d_ln_estco~o |  1,341,108    .0038099    .0167236  -.6931472   .4054651
d_ln_estco~n |  1,341,118    .0033279    .0103478   -.482594   .5102034
d_ln_avgww~v |  1,341,108    .0061091    .0661458  -.9705091   1.036364
d_ln_avgww~o |  1,339,070   -.0005651    .0832981   -1.67808   1.693995
-------------+---------------------------------------------------------
d_ln_avgww~n |  1,341,051   -.0021067    .0989518  -.9973412   1.088082
  L1_d_ln_mw |  1,339,487    .0026684    .0147425   -.290338   .2412503
  F1_d_ln_mw |  1,341,432    .0026584    .0147134   -.290338   .2412503
  L2_d_ln_mw |  1,336,108    .0027187    .0149563   -.290338   .2412503
  F2_d_ln_mw |  1,341,008    .0026564    .0147065   -.290338   .2412503
-------------+---------------------------------------------------------
  L3_d_ln_mw |  1,327,959    .0039818    .0174894   -.290338   .2412503
  F3_d_ln_mw |  1,319,714    .0036833     .016426   -.290338   .2412503
  L4_d_ln_mw |  1,318,725    .0036629    .0167139   -.290338   .2412503
  F4_d_ln_mw |  1,297,998    .0033659    .0152581   -.290338   .2412503
  L5_d_ln_mw |  1,308,722     .003703    .0167851   -.290338   .2412503
-------------+---------------------------------------------------------
  F5_d_ln_mw |  1,276,282    .0034187    .0154706   -.290338   .2412503
  L6_d_ln_mw |  1,298,076    .0037338    .0168524   -.290338   .2412503
  F6_d_ln_mw |  1,254,566    .0034816    .0156106   -.290338   .2412503
  L7_d_ln_mw |  1,286,824    .0037629      .01691   -.290338   .2412503
  F7_d_ln_mw |  1,232,850    .0035424    .0157317   -.290338   .2412503
-------------+---------------------------------------------------------
  L8_d_ln_mw |  1,275,006    .0038073    .0169003          0   .2412503
  F8_d_ln_mw |  1,211,134    .0036054    .0158641   -.290338   .2412503
  L9_d_ln_mw |  1,262,371    .0041772    .0180206          0   .2412503
  F9_d_ln_mw |  1,188,902    .0040208    .0169466   -.290338   .2412503
L1_d_exp_~17 |  1,339,487     .002711    .0130259  -.0896568   .2146022
-------------+---------------------------------------------------------
F1_d_exp_~17 |  1,341,432    .0027039     .013012  -.0896568   .2146022
L2_d_exp_~17 |  1,336,108     .002757    .0132146  -.0896568   .2146022
F2_d_exp_~17 |  1,341,008    .0027043    .0130108  -.0896568   .2146022
L3_d_exp_~17 |  1,327,959     .003989    .0156271  -.0896568   .2146022
F3_d_exp_~17 |  1,319,714    .0037036    .0145056  -.0896568   .2146022
-------------+---------------------------------------------------------
L4_d_exp_~17 |  1,318,725    .0036165    .0150317  -.0896568   .2146022
F4_d_exp_~17 |  1,297,998    .0033275    .0136038  -.0896568   .2146022
L5_d_exp_~17 |  1,308,722    .0036558    .0150966  -.0896568   .2146022
F5_d_exp_~17 |  1,276,282    .0033736    .0137332  -.0896568   .2146022
L6_d_exp_~17 |  1,298,076    .0036886    .0151556  -.0896568   .2146022
-------------+---------------------------------------------------------
F6_d_exp_~17 |  1,254,566     .003436    .0138507  -.0896568   .2146022
L7_d_exp_~17 |  1,286,824    .0037193    .0152197  -.0896568   .2146022
F7_d_exp_~17 |  1,232,850    .0034932    .0139642  -.0896568   .2146022
L8_d_exp_~17 |  1,275,006    .0037702     .015267   -.003039   .2146022
F8_d_exp_~17 |  1,211,134    .0035553    .0140807  -.0896568   .2146022
-------------+---------------------------------------------------------
L9_d_exp_~17 |  1,262,371    .0041779    .0161985   -.003039   .2146022
F9_d_exp_~17 |  1,188,902    .0039933    .0150317  -.0896568   .2146022
L1_d_exp_l~w |  1,339,487    .0027111    .0130288  -.0876359   .2146022
F1_d_exp_l~w |  1,341,432     .002704    .0130146  -.0876359   .2146022
L2_d_exp_l~w |  1,336,108     .002757    .0132178  -.0876359   .2146022
-------------+---------------------------------------------------------
F2_d_exp_l~w |  1,341,008    .0027043    .0130132  -.0876359   .2146022
L3_d_exp_l~w |  1,327,959    .0039892    .0156305  -.0876359   .2147492
F3_d_exp_l~w |  1,319,714    .0037032    .0145075  -.0876359   .2146022
L4_d_exp_l~w |  1,318,725    .0036167    .0150347  -.0876359   .2147492
F4_d_exp_l~w |  1,297,998    .0033274    .0136061  -.0876359   .2146022
-------------+---------------------------------------------------------
L5_d_exp_l~w |  1,308,722     .003656    .0150997  -.0876359   .2147492
F5_d_exp_l~w |  1,276,282    .0033738     .013735  -.0876359   .2146022
L6_d_exp_l~w |  1,298,076    .0036889    .0151587  -.0876359   .2147492
F6_d_exp_l~w |  1,254,566    .0034361     .013852  -.0876359   .2146022
L7_d_exp_l~w |  1,286,824    .0037196    .0152228  -.0876359   .2147492
-------------+---------------------------------------------------------
F7_d_exp_l~w |  1,232,850    .0034932    .0139654  -.0876359   .2146022
L8_d_exp_l~w |  1,275,006    .0037703    .0152707  -.0028222   .2147492
F8_d_exp_l~w |  1,211,134    .0035553    .0140819  -.0876359   .2146022
L9_d_exp_l~w |  1,262,371    .0041781    .0162032  -.0028222   .2147492
F9_d_exp_l~w |  1,188,902    .0039935    .0150348  -.0876359   .2146022




