===============================================================================
> ===================
File: ../../../drive/derived_large/output/county_quarter_panel_all.dta
Key: countyfips year_quarter
===============================================================================
> ===================
  281138:22(69947):3205522925:2901867564

    Variable |        Obs        Mean    Std. Dev.       Min        Max
-------------+---------------------------------------------------------
  countyfips |          0
year_quarter |    281,138     192.089    27.43214        145        239
      county |          0
   statefips |          0
    stateabb |          0
-------------+---------------------------------------------------------
calendar_q~r |    281,138     7.54756    3.339662          3         12
medre~e_sfcc |     10,954    1490.831    947.0542        500      45000
medre~t_sfcc |     10,926     1.10505    .8819042   .1163073   18.90778
medli~e_sfcc |     62,637    211077.8      119739      12500    2315833
medli~t_sfcc |     65,664    123.1965     86.9153   17.67401   1759.438
-------------+---------------------------------------------------------
    mw_event |    281,122    .0822099    .2746847          0          1
  dactual_mw |    281,122    .0418596    .1657753          0       5.81
sal_mw_event |    281,138    .0554639    .2288838          0          1
 mw_event025 |    281,138    .0760089    .2650129          0          1
 mw_event075 |    281,138    .0226544    .1487992          0          1
-------------+---------------------------------------------------------
 estab_count |    115,915    2987.288     11788.9         22     511616
employment~1 |    115,915    45034.19    155820.2          0    4484785
employment~2 |    115,915     45281.7    156611.1          0    4528403
employment~3 |    115,915    45471.23    157205.9          0    4526194
avg_week_w~e |    115,915    731.1067    175.9148          0       4317
-------------+---------------------------------------------------------
above_avg_~e |    115,915    .0538325    .2256879          0          1
decile_avg~e |    115,915    5.501687    2.798334          1         10




===============================================================================
> ===================
File: ../../../drive/derived_large/output/baseline_rent_county_quarter.dta
Key: countyfips year_quarter
===============================================================================
> ===================
  8200:23(38501):2321165594:3684078202

    Variable |        Obs        Mean    Std. Dev.       Min        Max
-------------+---------------------------------------------------------
  countyfips |      8,200         103    59.18131          1        205
year_quarter |      8,200       219.5     11.5441        200        239
countyfips~r |          0
      county |          0
   statefips |          0
-------------+---------------------------------------------------------
    stateabb |          0
calendar_q~r |      8,200         7.5    3.354307          3         12
medre~e_sfcc |      7,137    1468.096    501.8558   673.3333   4851.595
medre~t_sfcc |      6,928    1.066187    .5986181   .4260571   5.481292
medli~e_sfcc |      8,185    270164.1    150964.9   41791.24    1727956
-------------+---------------------------------------------------------
medli~t_sfcc |      8,200    156.8231    134.6317   47.28387   1759.438
    mw_event |      8,200    .0796341    .2707425          0          1
  dactual_mw |      8,200    .0375061    .1868197          0       5.81
sal_mw_event |      8,200    .0331707    .1790931          0          1
 mw_event025 |      8,200     .044878    .2070489          0          1
-------------+---------------------------------------------------------
 mw_event075 |      8,200    .0215854    .1453341          0          1
 estab_count |      7,995    21095.52    38448.86        424     511616
employment~1 |      7,995    320768.5    473054.5       5649    4484785
employment~2 |      7,995    322594.8    475388.5       5675    4528403
employment~3 |      7,995    323662.6    477141.2       5709    4526194
-------------+---------------------------------------------------------
avg_week_w~e |      7,995    942.9827    262.4728        491       3154
above_avg_~e |      7,995    .3073171    .4614108          0          1
decile_avg~e |      7,995    8.512195    1.765937          2         10




===============================================================================
> ===================
File: ../../../drive/derived_large/output/baseline_listing_county_quarter.dta
Key: countyfips year_quarter
===============================================================================
> ===================
  61080:23(38501):735369678:1246214719

    Variable |        Obs        Mean    Std. Dev.       Min        Max
-------------+---------------------------------------------------------
  countyfips |     61,080         764    440.8104          1       1527
year_quarter |     61,080       219.5    11.54349        200        239
countyfips~r |          0
      county |          0
   statefips |          0
-------------+---------------------------------------------------------
    stateabb |          0
calendar_q~r |     61,080         7.5    3.354129          3         12
medre~e_sfcc |     10,724    1496.551    954.8492        500      45000
medre~t_sfcc |     10,883    1.105099    .8831959   .1163073   18.90778
medli~e_sfcc |     51,639    219445.4    125277.2   41791.24    2315833
-------------+---------------------------------------------------------
medli~t_sfcc |     60,228    124.9489    89.16766   17.67401   1759.438
    mw_event |     61,080    .0672724    .2504953          0          1
  dactual_mw |     61,080    .0285509    .1443361          0       5.81
sal_mw_event |     61,080    .0271284    .1624587          0          1
 mw_event025 |     61,080    .0375737    .1901644          0          1
-------------+---------------------------------------------------------
 mw_event075 |     61,080    .0158808    .1250155          0          1
 estab_count |     59,553    5336.475    16083.28         63     511616
employment~1 |     59,553    81337.04    210786.6        753    4484785
employment~2 |     59,553    81784.23    211850.7        743    4528403
employment~3 |     59,553    82122.88    212651.8        743    4526194
-------------+---------------------------------------------------------
avg_week_w~e |     59,553    774.2393    185.0259        413       3240
above_avg_~e |     59,553     .081205    .2731519          0          1
decile_avg~e |     59,553    6.521284    2.553068          1         10




