============================================================================
File: ../temp/unbal_fd_rent_panel.dta
Key: zipcode year_month
============================================================================
  552477:129(69539):1268316629:3639873048

    Variable |        Obs        Mean    Std. Dev.       Min        Max
-------------+---------------------------------------------------------
     zipcode |    552,477    53537.25    30554.29       1060      99705
  year_month |    552,477    659.5003    34.63966        600        719
  place_code |    453,837    41994.73    23168.35        100      88940
  countyfips |    551,157    25881.72    16485.24       1001      56021
   statefips |    552,477    25.79028    16.43845          1         56
-------------+---------------------------------------------------------
medrentpri~c |    197,978    1.303812    1.033133   .1091193   23.96932
   actual_mw |    552,477    8.200625     1.36035       7.25         16
  dactual_mw |    552,473     .017035    .1206529          0       3.25
calendar_m~h |    552,477     6.50003    3.452041          1         12
         msa |    552,357    442.6709     239.245          2        860
-------------+---------------------------------------------------------
       trend |    552,477    225.5003    34.63966        166        285
    trend_sq |    552,477     52050.3    15659.32      27556      81225
    trend_cu |    552,477    1.23e+07     5408175    4574296   2.31e+07
  entry_sfcc |    397,920    660.2961    34.20743        601        708
   entry_2br |    286,919    681.1911    24.64555        601        708
-------------+---------------------------------------------------------
entry_mfr5~s |    403,797    676.3571    27.37039        601        708
white_s~2010 |    551,997     .589158    .2409829   .0037838   .9748839
black_s~2010 |    551,997    .1447029     .191157   .0009378   .9753076
renthou~2010 |    551,997    .4013557    .1759362   .0608285   .9884645
work_c~20105 |    551,997     .755335    .1942749   .1248519    .998565
-------------+---------------------------------------------------------
colleg~20105 |    551,997    .4360505    .1674601   .0580171   .9082218
med_hh~20105 |    551,997    64289.41    25477.42   12404.68   214212.3
estcount_b~v |    537,378    8393.523    10253.42          3      56304
avgwwage_b~v |    537,378    1252.293    431.0258          0       9279
 emp_bizserv |    537,378      112161    141040.4          0     642234
-------------+---------------------------------------------------------
estcount_c~t |    537,378    2891.326    3117.631         13      16939
avgwwage_c~t |    537,378    1095.866    270.7647          0       2608
   emp_const |    537,378    29303.59    34284.29          0     173773
estcount_e~e |    537,378    10989.93     34595.9          3     245645
avgwwage_e~e |    537,378    930.1526    142.4601        394       2315
-------------+---------------------------------------------------------
   emp_eduhe |    537,378    105855.4    142375.6         13     835039
estcount_f~v |    537,378    109.2121    91.18624          1        456
avgwwage_f~v |    537,378    1423.228    234.5962        508       3287
  emp_fedgov |    537,378    12543.54    18125.38          8     215436
estcount_g~r |    537,378    4659.562     5645.48         18      30126
-------------+---------------------------------------------------------
avgwwage_g~r |    537,378    1237.183    347.6868          0       4214
  emp_goodpr |    537,378     83418.5    111571.2          0     500610
estcount_i~o |    537,261    907.2256    1861.707          1      13212
avgwwage_i~o |    537,261    1508.039    725.2269          0      14537
    emp_info |    537,261     20385.2    40631.67          0     240358
-------------+---------------------------------------------------------
estcount_l~s |    537,378    3974.641    6065.748          3      39222
avgwwage_l~s |    537,378    428.1737     126.806          0       1533
    emp_leis |    537,378    77589.56    101436.7          0     551791
estcount_l~v |    537,378     398.407    732.8703          1       4162
avgwwage_l~v |    537,378    955.7523    270.3156          0       2042
-------------+---------------------------------------------------------
  emp_locgov |    537,378    62584.17    90712.08          0     463785
estcount_m~u |    537,378    1576.214    2501.603          1      13469
avgwwage_m~u |    537,378    1293.007    438.6673          0       6535
    emp_manu |    537,378    49693.43    75193.29          0     376653
estcount_n~s |    534,600      193.02    290.1026          1       1859
-------------+---------------------------------------------------------
avgwwage_n~s |    534,600    1101.686     822.494          0      10760
  emp_natres |    534,600    4330.974    12093.62          0      97846
estcount_s~r |    537,378    44586.04     79770.9         36     473025
avgwwage_s~r |    537,378    974.4365    306.2438        375       3594
  emp_servpr |    537,378    515777.1    670715.5        128    3452495
-------------+---------------------------------------------------------
estcount_s~v |    536,991     178.197    494.9203          1       5969
avgwwage_s~v |    536,991    1024.089     315.792          0       2572
   emp_stgov |    536,991    15903.14    18688.66          0     114555
estcount_t~p |    537,378    8281.226    11015.18         10      59438
avgwwage_t~p |    537,378    847.0418    189.5476        316       3194
-------------+---------------------------------------------------------
  emp_transp |    537,378    128683.7    167982.6         41     872187
    u1_bldgs |    442,906    216.4294    293.7394      -1622       2687
    u1_units |    442,906    216.4294    293.7394      -1622       2687
    u1_value |    442,906    5.64e+07    7.31e+07  -1.94e+08   6.43e+08
 u1rep_bldgs |    442,906     205.525     292.571       -478       3758
-------------+---------------------------------------------------------
 u1rep_units |    442,906     205.525     292.571       -478       3758
 u1rep_value |    442,906    5.37e+07    7.23e+07  -2.01e+08   8.74e+08
       ln_mw |    552,477    2.092554    .1468084   1.981001   2.772589
ln_med_ren~c |    197,978    .1260564    .4678614  -2.215314   3.176775
ln_emp_biz~v |    537,333    10.83787    1.412552   1.609438   13.37271
-------------+---------------------------------------------------------
ln_emp_const |    531,744    9.689291    1.180367   3.091043   12.06551
ln_emp_eduhe |    537,378    10.88189    1.262927   2.564949   13.63523
ln_emp_fed~v |    537,378    8.644764    1.458775   2.079442   12.28042
ln_emp_goo~r |    536,922    10.65712    1.200274   3.912023   13.12358
 ln_emp_info |    533,736    8.790938    1.586888   1.609438   12.38988
-------------+---------------------------------------------------------
 ln_emp_leis |    537,333    10.59219    1.200259   3.218876   13.22092
ln_emp_loc~v |    519,045    10.41727    1.149798   6.200509   13.04718
 ln_emp_manu |    532,122    10.00256    1.343881   3.218876   12.83908
ln_emp_nat~s |    524,157    6.919379     1.70844   .6931472   11.49115
ln_emp_ser~r |    537,378    12.46458    1.257071    4.85203   15.05461
-------------+---------------------------------------------------------
ln_emp_stgov |    519,090     8.94849    1.442332   3.044523   11.64881
ln_emp_tra~p |    537,378     11.1087    1.199456   3.713572   13.67876
ln_estcou~rv |    537,378     8.35881    1.266519   1.098612   10.93852
ln_estcoun~t |    537,378    7.462576    1.062664   2.564949   9.737374
ln_estcoun~e |    537,378    8.037471    1.409521   1.098612   12.41164
-------------+---------------------------------------------------------
ln_estc~dgov |    537,378     4.38225    .8267526          0   6.122493
ln_estco~dpr |    537,378    7.889569    1.087352   2.890372   10.31314
ln_estcoun~o |    537,261    5.837056     1.38399          0   9.488881
ln_estcou~is |    537,378    7.612603    1.167492   1.098612   10.57699
ln_estc~cgov |    537,378    5.164099    1.243713          0   8.333751
-------------+---------------------------------------------------------
ln_estcoun~u |    537,378    6.591603    1.253996          0   9.508146
ln_estcou~es |    534,600    4.450421    1.332801          0   7.527794
ln_estco~vpr |    537,378    9.896569    1.265618   3.583519    13.0669
ln_estc~tgov |    536,991    4.152004    1.248213          0   8.694335
ln_estcoun~p |    537,378     8.38485    1.159758   2.302585   10.99269
-------------+---------------------------------------------------------
ln_avgwwa~rv |    537,333    7.079858    .3222018   5.420535   9.135509
ln_avgwwag~t |    531,744    6.985567    .2204274   6.037871   7.866339
ln_avgwwag~e |    537,378    6.823603    .1541666   5.976351   7.747165
ln_avgw~dgov |    537,378    7.247316    .1636489   6.230482   8.097731
ln_avgww~dpr |    536,922     7.08729    .2567735   5.888878   8.346168
-------------+---------------------------------------------------------
ln_avgwwag~o |    533,736    7.248079    .3729455   5.802118   9.584453
ln_avgwwa~is |    537,333    6.021226    .2711417    5.01728   7.334982
ln_avgw~cgov |    519,045    6.876614    .2016476   5.843544   7.621685
ln_avgwwag~u |    532,122    7.132681    .2792439   5.953243   8.784927
ln_avgwwa~es |    524,157    6.854561    .5386964   5.293305   9.283591
-------------+---------------------------------------------------------
ln_avgww~vpr |    537,378    6.841189    .2761753   5.926926   8.187021
ln_avgw~tgov |    519,090    6.936219    .2430032   5.950643   7.852439
ln_avgwwag~p |    537,378    6.718587    .2129639   5.755742   8.069029
 ln_u1_bldgs |    434,805    4.703996     1.29216          0   7.896181
 ln_u1_units |    434,805    4.703996     1.29216          0   7.896181
-------------+---------------------------------------------------------
 ln_u1_value |    434,619    17.13987    1.373373   8.517193   20.28197
ln_u1rep_b~s |    425,046    4.614636    1.362406          0   8.231642
ln_u1rep_u~s |    425,046    4.614636    1.362406          0   8.231642
ln_u1rep_v~e |    424,736    17.06821    1.424652   8.517193   20.58904
nonwhit~2010 |    551,997     .410842    .2409829   .0251161   .9962162
-------------+---------------------------------------------------------
trend_times2 |    552,477    451.0006    69.27932        332        570
med_h~at_qtl |    551,997    2.499352    1.118034          1          4
med_h~st_qtl |    551,997     2.48957    1.117597          1          4
renth~at_qtl |    551,997    2.499992    1.118033          1          4
renth~st_qtl |    551,997    2.489992    1.117599          1          4
-------------+---------------------------------------------------------
colle~at_qtl |    551,997    2.499568    1.118227          1          4
colle~st_qtl |    551,997    2.489785    1.117791          1          4
black~at_qtl |    551,997    2.499995    1.118036          1          4
black~st_qtl |    551,997    2.489564    1.117404          1          4
nonwh~at_qtl |    551,997    2.499995    1.118034          1          4
-------------+---------------------------------------------------------
nonwh~st_qtl |    551,997     2.48978    1.117791          1          4
work_~at_qtl |    551,997    2.499994    1.118034          1          4
work_~st_qtl |    551,997    2.489995      1.1176          1          4
     d_ln_mw |    547,873    .0017993    .0125654   -.331534   .3083012




============================================================================
File: ../temp/unbal_fd_rent_panel.dta
Key: zipcode year_month
============================================================================
  552477:129(69539):1988655589:4199765720

    Variable |        Obs        Mean    Std. Dev.       Min        Max
-------------+---------------------------------------------------------
     zipcode |    552,477    53537.25    30554.29       1060      99705
  year_month |    552,477    659.5003    34.63966        600        719
  place_code |    453,837    41994.73    23168.35        100      88940
  countyfips |    551,157    25881.72    16485.24       1001      56021
   statefips |    552,477    25.79028    16.43845          1         56
-------------+---------------------------------------------------------
medrentpri~c |    197,978    1.303812    1.033133   .1091193   23.96932
   actual_mw |    552,477    8.200625     1.36035       7.25         16
  dactual_mw |    552,473     .017035    .1206529          0       3.25
calendar_m~h |    552,477     6.50003    3.452041          1         12
         msa |    552,357    442.6709     239.245          2        860
-------------+---------------------------------------------------------
       trend |    552,477    225.5003    34.63966        166        285
    trend_sq |    552,477     52050.3    15659.32      27556      81225
    trend_cu |    552,477    1.23e+07     5408175    4574296   2.31e+07
  entry_sfcc |    397,920    660.2961    34.20743        601        708
   entry_2br |    286,919    681.1911    24.64555        601        708
-------------+---------------------------------------------------------
entry_mfr5~s |    403,797    676.3571    27.37039        601        708
white_s~2010 |    551,997     .589158    .2409829   .0037838   .9748839
black_s~2010 |    551,997    .1447029     .191157   .0009378   .9753076
renthou~2010 |    551,997    .4013557    .1759362   .0608285   .9884645
work_c~20105 |    551,997     .755335    .1942749   .1248519    .998565
-------------+---------------------------------------------------------
colleg~20105 |    551,997    .4360505    .1674601   .0580171   .9082218
med_hh~20105 |    551,997    64289.41    25477.42   12404.68   214212.3
estcount_b~v |    537,378    8393.523    10253.42          3      56304
avgwwage_b~v |    537,378    1252.293    431.0258          0       9279
 emp_bizserv |    537,378      112161    141040.4          0     642234
-------------+---------------------------------------------------------
estcount_c~t |    537,378    2891.326    3117.631         13      16939
avgwwage_c~t |    537,378    1095.866    270.7647          0       2608
   emp_const |    537,378    29303.59    34284.29          0     173773
estcount_e~e |    537,378    10989.93     34595.9          3     245645
avgwwage_e~e |    537,378    930.1526    142.4601        394       2315
-------------+---------------------------------------------------------
   emp_eduhe |    537,378    105855.4    142375.6         13     835039
estcount_f~v |    537,378    109.2121    91.18624          1        456
avgwwage_f~v |    537,378    1423.228    234.5962        508       3287
  emp_fedgov |    537,378    12543.54    18125.38          8     215436
estcount_g~r |    537,378    4659.562     5645.48         18      30126
-------------+---------------------------------------------------------
avgwwage_g~r |    537,378    1237.183    347.6868          0       4214
  emp_goodpr |    537,378     83418.5    111571.2          0     500610
estcount_i~o |    537,261    907.2256    1861.707          1      13212
avgwwage_i~o |    537,261    1508.039    725.2269          0      14537
    emp_info |    537,261     20385.2    40631.67          0     240358
-------------+---------------------------------------------------------
estcount_l~s |    537,378    3974.641    6065.748          3      39222
avgwwage_l~s |    537,378    428.1737     126.806          0       1533
    emp_leis |    537,378    77589.56    101436.7          0     551791
estcount_l~v |    537,378     398.407    732.8703          1       4162
avgwwage_l~v |    537,378    955.7523    270.3156          0       2042
-------------+---------------------------------------------------------
  emp_locgov |    537,378    62584.17    90712.08          0     463785
estcount_m~u |    537,378    1576.214    2501.603          1      13469
avgwwage_m~u |    537,378    1293.007    438.6673          0       6535
    emp_manu |    537,378    49693.43    75193.29          0     376653
estcount_n~s |    534,600      193.02    290.1026          1       1859
-------------+---------------------------------------------------------
avgwwage_n~s |    534,600    1101.686     822.494          0      10760
  emp_natres |    534,600    4330.974    12093.62          0      97846
estcount_s~r |    537,378    44586.04     79770.9         36     473025
avgwwage_s~r |    537,378    974.4365    306.2438        375       3594
  emp_servpr |    537,378    515777.1    670715.5        128    3452495
-------------+---------------------------------------------------------
estcount_s~v |    536,991     178.197    494.9203          1       5969
avgwwage_s~v |    536,991    1024.089     315.792          0       2572
   emp_stgov |    536,991    15903.14    18688.66          0     114555
estcount_t~p |    537,378    8281.226    11015.18         10      59438
avgwwage_t~p |    537,378    847.0418    189.5476        316       3194
-------------+---------------------------------------------------------
  emp_transp |    537,378    128683.7    167982.6         41     872187
    u1_bldgs |    442,906    217.4294    293.7394      -1621       2688
    u1_units |    442,906    217.4294    293.7394      -1621       2688
    u1_value |    442,906    5.64e+07    7.31e+07  -1.94e+08   6.43e+08
 u1rep_bldgs |    442,906     206.525     292.571       -477       3759
-------------+---------------------------------------------------------
 u1rep_units |    442,906     206.525     292.571       -477       3759
 u1rep_value |    442,906    5.37e+07    7.23e+07  -2.01e+08   8.74e+08
       ln_mw |    552,477    2.092554    .1468084   1.981001   2.772589
ln_med_ren~c |    197,978    .1260564    .4678614  -2.215314   3.176775
ln_emp_biz~v |    537,333    10.83787    1.412552   1.609438   13.37271
-------------+---------------------------------------------------------
ln_emp_const |    531,744    9.689291    1.180367   3.091043   12.06551
ln_emp_eduhe |    537,378    10.88189    1.262927   2.564949   13.63523
ln_emp_fed~v |    537,378    8.644764    1.458775   2.079442   12.28042
ln_emp_goo~r |    536,922    10.65712    1.200274   3.912023   13.12358
 ln_emp_info |    533,736    8.790938    1.586888   1.609438   12.38988
-------------+---------------------------------------------------------
 ln_emp_leis |    537,333    10.59219    1.200259   3.218876   13.22092
ln_emp_loc~v |    519,045    10.41727    1.149798   6.200509   13.04718
 ln_emp_manu |    532,122    10.00256    1.343881   3.218876   12.83908
ln_emp_nat~s |    524,157    6.919379     1.70844   .6931472   11.49115
ln_emp_ser~r |    537,378    12.46458    1.257071    4.85203   15.05461
-------------+---------------------------------------------------------
ln_emp_stgov |    519,090     8.94849    1.442332   3.044523   11.64881
ln_emp_tra~p |    537,378     11.1087    1.199456   3.713572   13.67876
ln_estcou~rv |    537,378     8.35881    1.266519   1.098612   10.93852
ln_estcoun~t |    537,378    7.462576    1.062664   2.564949   9.737374
ln_estcoun~e |    537,378    8.037471    1.409521   1.098612   12.41164
-------------+---------------------------------------------------------
ln_estc~dgov |    537,378     4.38225    .8267526          0   6.122493
ln_estco~dpr |    537,378    7.889569    1.087352   2.890372   10.31314
ln_estcoun~o |    537,261    5.837056     1.38399          0   9.488881
ln_estcou~is |    537,378    7.612603    1.167492   1.098612   10.57699
ln_estc~cgov |    537,378    5.164099    1.243713          0   8.333751
-------------+---------------------------------------------------------
ln_estcoun~u |    537,378    6.591603    1.253996          0   9.508146
ln_estcou~es |    534,600    4.450421    1.332801          0   7.527794
ln_estco~vpr |    537,378    9.896569    1.265618   3.583519    13.0669
ln_estc~tgov |    536,991    4.152004    1.248213          0   8.694335
ln_estcoun~p |    537,378     8.38485    1.159758   2.302585   10.99269
-------------+---------------------------------------------------------
ln_avgwwa~rv |    537,333    7.079858    .3222018   5.420535   9.135509
ln_avgwwag~t |    531,744    6.985567    .2204274   6.037871   7.866339
ln_avgwwag~e |    537,378    6.823603    .1541666   5.976351   7.747165
ln_avgw~dgov |    537,378    7.247316    .1636489   6.230482   8.097731
ln_avgww~dpr |    536,922     7.08729    .2567735   5.888878   8.346168
-------------+---------------------------------------------------------
ln_avgwwag~o |    533,736    7.248079    .3729455   5.802118   9.584453
ln_avgwwa~is |    537,333    6.021226    .2711417    5.01728   7.334982
ln_avgw~cgov |    519,045    6.876614    .2016476   5.843544   7.621685
ln_avgwwag~u |    532,122    7.132681    .2792439   5.953243   8.784927
ln_avgwwa~es |    524,157    6.854561    .5386964   5.293305   9.283591
-------------+---------------------------------------------------------
ln_avgww~vpr |    537,378    6.841189    .2761753   5.926926   8.187021
ln_avgw~tgov |    519,090    6.936219    .2430032   5.950643   7.852439
ln_avgwwag~p |    537,378    6.718587    .2129639   5.755742   8.069029
 ln_u1_bldgs |    441,742     4.65448    1.371705          0   7.896553
 ln_u1_units |    441,742     4.65448    1.371705          0   7.896553
-------------+---------------------------------------------------------
 ln_u1_value |    441,362    16.87801    2.505392          0   20.28197
ln_u1rep_b~s |    442,449    4.461159    1.571211          0   8.231908
ln_u1rep_u~s |    442,449    4.461159    1.571211          0   8.231908
ln_u1rep_v~e |    442,022    16.40073    3.591301          0   20.58904
nonwhit~2010 |    551,997     .410842    .2409829   .0251161   .9962162
-------------+---------------------------------------------------------
trend_times2 |    552,477    451.0006    69.27932        332        570
med_h~at_qtl |    551,997    2.499352    1.118034          1          4
med_h~st_qtl |    551,997     2.48957    1.117597          1          4
renth~at_qtl |    551,997    2.499992    1.118033          1          4
renth~st_qtl |    551,997    2.489992    1.117599          1          4
-------------+---------------------------------------------------------
colle~at_qtl |    551,997    2.499568    1.118227          1          4
colle~st_qtl |    551,997    2.489785    1.117791          1          4
black~at_qtl |    551,997    2.499995    1.118036          1          4
black~st_qtl |    551,997    2.489564    1.117404          1          4
nonwh~at_qtl |    551,997    2.499995    1.118034          1          4
-------------+---------------------------------------------------------
nonwh~st_qtl |    551,997     2.48978    1.117791          1          4
work_~at_qtl |    551,997    2.499994    1.118034          1          4
work_~st_qtl |    551,997    2.489995      1.1176          1          4
     d_ln_mw |    547,873    .0017993    .0125654   -.331534   .3083012




