
 make.py started: 2021-10-25 12:50:26 C:\Users\diegog\Desktop\Diego\min_wage_rent\base\acs_2019\code 




Execute:  R CMD BATCH --no-save "./acs.R" acs.Rout

R version 4.1.1 (2021-08-10) -- "Kick Things"
Copyright (C) 2021 The R Foundation for Statistical Computing
Platform: x86_64-w64-mingw32/x64 (64-bit)

R is free software and comes with ABSOLUTELY NO WARRANTY.
You are welcome to redistribute it under certain conditions.
Type 'license()' or 'licence()' for distribution details.

  Natural language support but running in an English locale

R is a collaborative project with many contributors.
Type 'contributors()' for more information and
'citation()' on how to cite R or R packages in publications.

Type 'demo()' for some demos, 'help()' for on-line help, or
'help.start()' for an HTML browser interface to help.
Type 'q()' to quit R.

> library(tidycensus)
> library(tidyverse)
-- Attaching packages --------------------------------------- tidyverse 1.3.1 --
v ggplot2 3.3.5     v purrr   0.3.4
v tibble  3.1.4     v dplyr   1.0.7
v tidyr   1.1.3     v stringr 1.4.0
v readr   2.0.1     v forcats 0.5.1
-- Conflicts ------------------------------------------ tidyverse_conflicts() --
x dplyr::filter() masks stats::filter()
x dplyr::lag()    masks stats::lag()
> library(data.table)

Attaching package: 'data.table'

The following objects are masked from 'package:dplyr':

    between, first, last

The following object is masked from 'package:purrr':

    transpose

> 
> source("../../../lib/R/save_data.R")

Please cite as: 

 Hlavac, Marek (2018). stargazer: Well-Formatted Regression and Summary Statistics Tables.
 R package version 5.2.2. https://CRAN.R-project.org/package=stargazer 

> 
> main <- function(){
+   census_api_key("b04b7f3197f8bf4bdc31956fcfb3f28364ccf6cb")
+   
+   dt <- get_acs(geography = "zcta", 
+                 variables = c("B25011_001E", "B25011_002E", 
+                               "B25007_012E", "B01001B_001E",
+                               "B01001I_001E"), 
+                 year = 2019) %>%
+     select(-NAME, -moe)
+   
+   dt <- dt %>%
+     pivot_wider(names_from = variable,
+                 values_from = estimate)
+   dt <- dt %>%
+     rename(zcta = GEOID,
+            total_households = B25011_001,
+            owner_occupied = B25011_002,
+            renter_occupied = B25007_012,
+            black = B01001B_001,
+            hispanic = B01001I_001)
+   
+   save_data(dt, key = "zcta",
+             filename = file.path("../output", "acs_2019.csv"),
+             logfile  = "../output/data_manifest.log")
+ }
> 
> main()
To install your API key for use in future sessions, run this function with `install = TRUE`.
Getting data from the 2015-2019 5-year ACS
[1] "File '../output/acs_2019.csv' saved successfully."
[1] "Log file generated successfully."
> 
> proc.time()
   user  system elapsed 
   8.78    1.20   13.20 

 make.py ended: 2021-10-25 12:50:39
