===============================================================================
File: ../output/clean_pennington_with_zipcode.dta
Key: post_id
===============================================================================
  30540:51(51662):194107255:2892046656

    Variable |        Obs        Mean    Std. Dev.       Min        Max
-------------+---------------------------------------------------------
     post_id |     30,540    37120.47     18536.9          1      64679
       nhood |          0
        city |          0
pennington~d |     30,540    106.1228      39.997          1        158
       score |     30,540    .9999666    .0003497   .9951188          1
-------------+---------------------------------------------------------
     zipcode |          0
  place_code |          0
  countyfips |          0
      cbsa10 |          0
        zcta |          0
-------------+---------------------------------------------------------
  place_name |          0
 county_name |          0
 cbsa10_name |          0
   state_abb |          0
   statefips |          0
-------------+---------------------------------------------------------
houses_zct~y |     30,540    10766.03    6258.847          2      37182
       rural |     30,540           0           0          0          0
        year |     30,540    2013.445    2.366452       2001       2018
       month |     30,540    5.987164    3.897265          1         12
      county |          0
-------------+---------------------------------------------------------
       price |     30,540    2516.045    1387.491        220      30000
        beds |     29,884    1.990329    1.048025          0          8
       baths |      6,618    1.732245    .6989423          1        6.5
        sqft |     30,540    1134.127     876.473         80      57067
 room_in_apt |     30,540    .0010806    .0328545          0          1
-------------+---------------------------------------------------------
actual~w_max |     29,749    8.942182    1.184316          8         15
actual~l_max |     29,749    8.780278    .8991528          8         11
ac~w_wg_mean |     29,749    8.930009     1.16036          8         15
ac~l_wg_mean |     29,749    8.780278    .8991528          8         11
   actual_mw |     29,749    8.934784    1.173384          8         15
-------------+---------------------------------------------------------
  binding_mw |     29,749     2.20478    .6063312          2          4
actual_mw_~l |     29,749    8.780278    .8991528          8         11
binding_mw~l |     29,749           2           0          2          2
  exp_mw_tot |     29,717    9.183579    1.103777   8.009583   14.01134
exp_mw_young |     29,717    9.156728    1.076521   8.011362   13.97771
-------------+---------------------------------------------------------
exp_mw_low~c |     29,717     9.10438    1.072528   8.006046   14.23412
exp_ln_mw_~t |     29,717    2.207393    .1146253   2.080522   2.632453
exp_ln_mw_~g |     29,717    2.204732    .1122434   2.080762   2.629938
exp_ln_mw_~c |     29,717    2.199449    .1124044   2.080109   2.649304
exp_mw_tot~n |     29,717    9.183579    1.103777   8.009583   14.01134
-------------+---------------------------------------------------------
exp_mw_you~n |     29,717    9.156728    1.076521   8.011362   13.97771
exp_mw_low~n |     29,717     9.10438    1.072528   8.006046   14.23412
exp_ln_mw_.. |     29,717    2.207393    .1146253   2.080522   2.632453
exp_ln_mw_.. |     29,717    2.204732    .1122434   2.080762   2.629938
exp_ln_mw_.. |     29,717    2.199449    .1124044   2.080109   2.649304
-------------+---------------------------------------------------------
exp_mw_tot~x |     29,717    9.212262    1.125135    8.01341   14.07188
exp_mw_you~x |     29,717    9.189325    1.097206   8.022522   14.05198
exp_mw_low~x |     29,717    9.132505    1.089471   8.006046   14.26264
exp_ln~t_max |     29,717    2.210021    .1163356   2.080893   2.637236
exp_ln~g_max |     29,717    2.207722    .1138789   2.081846   2.635839
-------------+---------------------------------------------------------
exp_ln~c_max |     29,717    2.202042    .1137385   2.080109   2.651469




