
 make.py started: 2021-09-22 15:03:28 C:\Users\diegog\Desktop\Diego\min_wage_rent\analysis\income_elasticities\code 




Execute:  StataMP-64 /e do "./estimate.do"

  ___  ____  ____  ____  ____ (R)
 /__    /   ____/   /   ____/
___/   /   /___/   /   /___/   15.1   Copyright 1985-2017 StataCorp LLC
  Statistics/Data Analysis            StataCorp
                                      4905 Lakeway Drive
     MP - Parallel Edition            College Station, Texas 77845 USA
                                      800-STATA-PC        http://www.stata.com
                                      979-696-4600        stata@stata.com
                                      979-696-4601 (fax)

Single-user 32-core Stata perpetual license:
       Serial number:  501506205566
         Licensed to:  KU Leuven FEB (CES)
                       KU Leuven

Notes:
      1.  Stata is running in batch mode.
      2.  Unicode is supported; see help unicode_advice.
      3.  More than 2 billion observations are allowed; see help obs_advice.
      4.  Maximum number of variables is set to 5000; see help set_maxvar.

. do ./estimate.do 

. set more off

. clear all

. adopath + ../../../lib/stata/gslab_misc/ado
  [1]  (BASE)      "C:\Program Files\Stata15\ado\base/"
  [2]  (SITE)      "C:\Program Files\Stata15\ado\site/"
  [3]              "."
  [4]  (PERSONAL)  "c:\ado\personal/"
  [5]  (PLUS)      "c:\ado\plus/"
  [6]  (OLDPLACE)  "c:\ado/"
  [7]              "../../../lib/stata/gslab_misc/ado"

. adopath + ../../../lib/stata/min_wage/ado
  [1]  (BASE)      "C:\Program Files\Stata15\ado\base/"
  [2]  (SITE)      "C:\Program Files\Stata15\ado\site/"
  [3]              "."
  [4]  (PERSONAL)  "c:\ado\personal/"
  [5]  (PLUS)      "c:\ado\plus/"
  [6]  (OLDPLACE)  "c:\ado/"
  [7]              "../../../lib/stata/gslab_misc/ado"
  [8]              "../../../lib/stata/min_wage/ado"

. 
. program main
  1.     local in_derived_large "../../../drive/derived_large"
  2.     local outstub          "../../../drive/derived_large/zipcode_year"
  3.     local logfile          "../output/data_file_manifest.log"
  4. 
.         use "`in_derived_large'/zipcode_year/zipcode_year.dta", clear
  5.         
.         destring zipcode, gen(zipcode_num)
  6.         destring statefips, gen(statefips_num)
  7.         destring countyfips, gen(countyfips_num)
  8. 
.         xtset zipcode_num year
  9.         
.         define_controls
 10.         local controls "`r(economic_controls)'"
 11.         local cluster "statefips"
 12.         
.     reghdfe D.ln_agi_per_cap D.exp_ln_mw D.ln_mw D.(`controls'), ///
>             absorb(year#statefips_num) cluster(`cluster')
 13.     reghdfe D.ln_wage_per_cap D.exp_ln_mw D.ln_mw D.(`controls'), ///
>             absorb(year#statefips_num) cluster(`cluster')
 14.     reghdfe D.ln_wage_per_wage_hhld D.exp_ln_mw D.ln_mw D.(`controls'), //
> /
>             absorb(year#statefips_num) cluster(`cluster')
 15.     reghdfe D.ln_bussines_rev_per_owner D.exp_ln_mw D. ln_mw D.(`controls'
> ), ///
>             absorb(year#statefips_num) cluster(`cluster')
 16. end

. 
. main
zipcode: all characters numeric; zipcode_num generated as long
statefips: all characters numeric; statefips_num generated as byte
countyfips: all characters numeric; countyfips_num generated as long
       panel variable:  zipcode_num (strongly balanced)
        time variable:  year, 2010 to 2019
                delta:  1 unit
(MWFE estimator converged in 1 iterations)

HDFE Linear regression                            Number of obs   =    186,327
Absorbing 1 HDFE group                            F(  11,     50) =       4.12
Statistics robust to heteroskedasticity           Prob > F        =     0.0003
                                                  R-squared       =     0.1164
                                                  Adj R-squared   =     0.1145
                                                  Within R-sq.    =     0.0009
Number of clusters (statefips) =         51       Root MSE        =     0.0660

                             (Std. Err. adjusted for 51 clusters in statefips)
------------------------------------------------------------------------------
D.           |               Robust
ln_agi_per~p |      Coef.   Std. Err.      t    P>|t|     [95% Conf. Interval]
-------------+----------------------------------------------------------------
   exp_ln_mw |
         D1. |   .0415782   .0548588     0.76   0.452    -.0686089    .1517653
             |
       ln_mw |
         D1. |   .0102026   .0365829     0.28   0.781    -.0632764    .0836816
             |
ln_emp_biz~v |
         D1. |   .0041909   .0015021     2.79   0.007     .0011739    .0072079
             |
 ln_emp_info |
         D1. |   .0025793   .0016229     1.59   0.118    -.0006804     .005839
             |
  ln_emp_fin |
         D1. |   .0125171   .0033946     3.69   0.001     .0056989    .0193353
             |
ln_estcoun~v |
         D1. |   .0054335   .0052702     1.03   0.308     -.005152     .016019
             |
ln_estcoun~o |
         D1. |    .004176   .0019538     2.14   0.037     .0002517    .0081003
             |
ln_estcoun~n |
         D1. |   .0100055   .0056331     1.78   0.082     -.001309    .0213199
             |
ln_avgwwag~v |
         D1. |   .0088946   .0026486     3.36   0.002     .0035747    .0142145
             |
ln_avgwwag~o |
         D1. |   .0019003   .0019631     0.97   0.338    -.0020427    .0058434
             |
ln_avgwwag~n |
         D1. |   .0116819   .0033963     3.44   0.001     .0048602    .0185036
             |
       _cons |   .0266161   .0005046    52.75   0.000     .0256026    .0276296
------------------------------------------------------------------------------

Absorbed degrees of freedom:
--------------------------------------------------------------+
          Absorbed FE | Categories  - Redundant  = Num. Coefs |
----------------------+---------------------------------------|
   year#statefips_num |       382         382           0    *|
--------------------------------------------------------------+
* = FE nested within cluster; treated as redundant for DoF computation
(MWFE estimator converged in 1 iterations)

HDFE Linear regression                            Number of obs   =    186,326
Absorbing 1 HDFE group                            F(  11,     50) =       6.84
Statistics robust to heteroskedasticity           Prob > F        =     0.0000
                                                  R-squared       =     0.0708
                                                  Adj R-squared   =     0.0689
                                                  Within R-sq.    =     0.0021
Number of clusters (statefips) =         51       Root MSE        =     0.0443

                             (Std. Err. adjusted for 51 clusters in statefips)
------------------------------------------------------------------------------
D.           |               Robust
ln_wage_pe~p |      Coef.   Std. Err.      t    P>|t|     [95% Conf. Interval]
-------------+----------------------------------------------------------------
   exp_ln_mw |
         D1. |   .0609539   .0368115     1.66   0.104    -.0129842     .134892
             |
       ln_mw |
         D1. |   .0321374   .0210632     1.53   0.133    -.0101692     .074444
             |
ln_emp_biz~v |
         D1. |   .0081419   .0011717     6.95   0.000     .0057885    .0104952
             |
 ln_emp_info |
         D1. |   .0031184   .0010971     2.84   0.006     .0009147     .005322
             |
  ln_emp_fin |
         D1. |    .011571   .0031691     3.65   0.001     .0052056    .0179364
             |
ln_estcoun~v |
         D1. |   .0070011   .0054227     1.29   0.203    -.0038907    .0178929
             |
ln_estcoun~o |
         D1. |   .0031084   .0015093     2.06   0.045      .000077    .0061398
             |
ln_estcoun~n |
         D1. |    .004383   .0040319     1.09   0.282    -.0037154    .0124814
             |
ln_avgwwag~v |
         D1. |   .0083115   .0019657     4.23   0.000     .0043633    .0122598
             |
ln_avgwwag~o |
         D1. |   .0025823   .0013461     1.92   0.061    -.0001214    .0052861
             |
ln_avgwwag~n |
         D1. |   .0066686   .0023059     2.89   0.006     .0020371    .0113001
             |
       _cons |   .0291002   .0004963    58.64   0.000     .0281034     .030097
------------------------------------------------------------------------------

Absorbed degrees of freedom:
--------------------------------------------------------------+
          Absorbed FE | Categories  - Redundant  = Num. Coefs |
----------------------+---------------------------------------|
   year#statefips_num |       382         382           0    *|
--------------------------------------------------------------+
* = FE nested within cluster; treated as redundant for DoF computation
(MWFE estimator converged in 1 iterations)

HDFE Linear regression                            Number of obs   =    186,326
Absorbing 1 HDFE group                            F(  11,     50) =       4.98
Statistics robust to heteroskedasticity           Prob > F        =     0.0000
                                                  R-squared       =     0.0601
                                                  Adj R-squared   =     0.0582
                                                  Within R-sq.    =     0.0013
Number of clusters (statefips) =         51       Root MSE        =     0.0456

                             (Std. Err. adjusted for 51 clusters in statefips)
------------------------------------------------------------------------------
D.           |               Robust
ln_wage_pe~d |      Coef.   Std. Err.      t    P>|t|     [95% Conf. Interval]
-------------+----------------------------------------------------------------
   exp_ln_mw |
         D1. |   .0196122   .0299674     0.65   0.516    -.0405791    .0798035
             |
       ln_mw |
         D1. |   .0232969   .0208965     1.11   0.270    -.0186749    .0652687
             |
ln_emp_biz~v |
         D1. |    .005992    .001078     5.56   0.000     .0038267    .0081573
             |
 ln_emp_info |
         D1. |   .0023646   .0008977     2.63   0.011     .0005615    .0041677
             |
  ln_emp_fin |
         D1. |   .0096999   .0030791     3.15   0.003     .0035153    .0158845
             |
ln_estcoun~v |
         D1. |   .0043248   .0037417     1.16   0.253    -.0031907    .0118403
             |
ln_estcoun~o |
         D1. |    .002497   .0013663     1.83   0.074    -.0002473    .0052414
             |
ln_estcoun~n |
         D1. |   .0044509   .0034128     1.30   0.198     -.002404    .0113057
             |
ln_avgwwag~v |
         D1. |   .0087127   .0018186     4.79   0.000       .00506    .0123655
             |
ln_avgwwag~o |
         D1. |   .0017356   .0014222     1.22   0.228    -.0011211    .0045923
             |
ln_avgwwag~n |
         D1. |   .0061926   .0022712     2.73   0.009     .0016307    .0107544
             |
       _cons |   .0243156   .0003612    67.32   0.000     .0235901    .0250411
------------------------------------------------------------------------------

Absorbed degrees of freedom:
--------------------------------------------------------------+
          Absorbed FE | Categories  - Redundant  = Num. Coefs |
----------------------+---------------------------------------|
   year#statefips_num |       382         382           0    *|
--------------------------------------------------------------+
* = FE nested within cluster; treated as redundant for DoF computation
(MWFE estimator converged in 1 iterations)

HDFE Linear regression                            Number of obs   =    177,501
Absorbing 1 HDFE group                            F(  11,     50) =       3.82
Statistics robust to heteroskedasticity           Prob > F        =     0.0005
                                                  R-squared       =     0.0304
                                                  Adj R-squared   =     0.0283
                                                  Within R-sq.    =     0.0001
Number of clusters (statefips) =         51       Root MSE        =     0.3279

                             (Std. Err. adjusted for 51 clusters in statefips)
------------------------------------------------------------------------------
D.           |               Robust
ln_bussine~r |      Coef.   Std. Err.      t    P>|t|     [95% Conf. Interval]
-------------+----------------------------------------------------------------
   exp_ln_mw |
         D1. |  -.3020576   .1244994    -2.43   0.019     -.552122   -.0519933
             |
       ln_mw |
         D1. |   .1071026   .0766146     1.40   0.168    -.0467823    .2609876
             |
ln_emp_biz~v |
         D1. |  -.0029559   .0071328    -0.41   0.680    -.0172825    .0113708
             |
 ln_emp_info |
         D1. |   .0010758   .0070842     0.15   0.880    -.0131532    .0153047
             |
  ln_emp_fin |
         D1. |   .0116465   .0165301     0.70   0.484    -.0215552    .0448483
             |
ln_estcoun~v |
         D1. |   .0439372   .0214791     2.05   0.046     .0007951    .0870793
             |
ln_estcoun~o |
         D1. |  -.0056637   .0116706    -0.49   0.630    -.0291048    .0177775
             |
ln_estcoun~n |
         D1. |    .050635   .0221969     2.28   0.027     .0060511    .0952188
             |
ln_avgwwag~v |
         D1. |   .0050038    .010765     0.46   0.644    -.0166184     .026626
             |
ln_avgwwag~o |
         D1. |  -.0035734   .0073371    -0.49   0.628    -.0183103    .0111635
             |
ln_avgwwag~n |
         D1. |   .0123969   .0135553     0.91   0.365    -.0148296    .0396235
             |
       _cons |  -.0012783   .0011675    -1.09   0.279    -.0036232    .0010666
------------------------------------------------------------------------------

Absorbed degrees of freedom:
--------------------------------------------------------------+
          Absorbed FE | Categories  - Redundant  = Num. Coefs |
----------------------+---------------------------------------|
   year#statefips_num |       382         382           0    *|
--------------------------------------------------------------+
* = FE nested within cluster; treated as redundant for DoF computation

. 
end of do-file

 make.py ended: 2021-09-22 15:03:43
