===============================================================================
> ===================
File: ../output/industry_county_qtr_emp_wage.dta
Key: year_quarter countyfips naics ownership
===============================================================================
> ===================
  2146514:12(87744):3706758083:962114752

    Variable |        Obs        Mean    Std. Dev.       Min        Max
-------------+---------------------------------------------------------
year_quarter |  2,146,514    219.0067    11.25514        200        238
  countyfips |          0
       naics |          0
   ownership |          0
      county |          0
-------------+---------------------------------------------------------
   statefips |          0
    industry |          0
 estab_count |  2,146,514    678.7607    4925.418          1     511616
employment~1 |  2,146,514    9127.313    58614.31          0    4484785
employment~2 |  2,146,514    9173.396    58915.18          0    4528403
-------------+---------------------------------------------------------
employment~3 |  2,146,514    9204.943    59097.88          0    4526194
avg_week_w~e |  2,146,514    708.3412     401.591          0     196538




