
========================================================================== 
File: ../../../drive/derived_large/demographics_at_baseline/block.dta 
MD5:  2e29c2aa7306139370ac34acb5f4c2c1 
Key:  block 
 
 ====================================================================== 
           variable          mean    sd   min  max      N       type    
 ---------------------------------------------------------------------- 
 1           block                                   11078297 character 
 2          n_black         3.489  23.205  0  7,231  11071790  integer  
 3          n_hhlds         11.869 33.727  0  4,022  11071790  integer  
 4  n_hhlds_renter_occupied 3.665  19.529  0  2,122  11071790  integer  
 5       n_hhlds_urban      9.368  32.748  0  4,022  11071790  integer  
 6          n_male          13.683 41.725  0  16,412 11071790  integer  
 7          n_white         20.170 53.986  0  11,739 11071790  integer  
 8        population        27.831 78.488  0  19,352 11071790  integer  
 9        share_black       0.093  0.228   0    1    6202587   numeric  
 10       share_male        0.497  0.141   0    1    6202587   numeric  
 11   share_renter_hhlds    0.215  0.269   0    1    6375550   numeric  
 12       share_urban       0.580  0.493   0    1    6202587   numeric  
 13    share_urban_hhlds    0.567  0.495   0    1    6375550   numeric  
 14       share_white       0.807  0.287   0    1    6202587   numeric  
 15    urban_population     22.458 75.964  0  19,352 11071790  integer  
 ---------------------------------------------------------------------- 
===============================================================================
File: ../../../drive/derived_large/demographics_at_baseline/tract.dta
Key: tract
===============================================================================
  73056:22(99881):3896863225:1487867480

    Variable |        Obs        Mean    Std. Dev.       Min        Max
-------------+---------------------------------------------------------
       tract |          0
statutory_mw |     72,451    7.486128    .4111467       7.25      12.81
    local_mw |      6,284     7.80021    .5988604       7.25      12.81
   county_mw |      5,127    7.857519    .3817858       7.25       8.25
    state_mw |     72,451    7.479896    .3881279       7.25       8.67
-------------+---------------------------------------------------------
      fed_mw |     72,451        7.25           0       7.25       7.25
  population |     72,864    4198.974    1957.894          0      36880
     n_hhlds |     72,864    1571.187    716.8547          0      12308
med_hhld_inc |     71,955     56496.5    27763.23       2499     250001
   n_workers |     72,864    1909.693    981.5716          0      21714
-------------+---------------------------------------------------------
ft_statuto~n |     72,451    11678.36    641.3888      11310    19983.6
ft_state_y~n |     72,451    11668.64    605.4796      11310    13525.2
ft_fed_yrl~n |     72,451       11310           0      11310      11310
n_mw_worke~y |     72,259    316.9333    197.8206          0       4477
share_mw_w.. |     72,082    .1726093    .0826953          0          1
-------------+---------------------------------------------------------
~p_statutory |     72,129      .07545    .0331847          0   .5371179
n_mw_worke~e |     72,259     316.673    197.7034          0       4477
shar~s_state |     72,082    .1724799    .0826632          0          1
shar~p_state |     72,129    .0753831    .0331497          0   .5371179
n_mw_worke~d |     72,259    305.9388     192.438          0       4477
-------------+---------------------------------------------------------
share_~s_fed |     72,082     .166841    .0813226          0          1
share_~p_fed |     72,129    .0729055    .0325602          0   .5238096




