
========================================================================== 
File: ../../../drive/derived_large/demographics_at_baseline/county.dta 
MD5:  e2a2f903398a36062e6bbeb54a859a4b 
Key:  countyfips 
 
 ====================================================================================== 
              variable               mean        sd       min     max     N     type    
 -------------------------------------------------------------------------------------- 
 1           countyfips                                                  3139 character 
 2        n_black_cens2010        12,285.440 54,199.890    0   1,287,767 3139  integer  
 3        n_hhlds_cens2010        41,715.390 122,699.800   0   3,445,076 3139  integer  
 4  n_hhlds_renteroccup_cens2010  12,874.460 50,918.670    0   1,696,455 3139  integer  
 5     n_hhlds_urban_cens2010     32,909.790 121,118.400   0   3,420,978 3139  integer  
 6         n_male_cens2010        48,100.890 153,447.700   0   4,839,654 3139  integer  
 7        n_white_cens2010        70,871.270 187,536.900   0   4,936,599 3139  integer  
 8       population_cens2010      97,830.920 312,835.200   0   9,818,605 3139  integer  
 9        sh_black_cens2010         0.089       0.145      0     0.857   3136  numeric  
 10 sh_hhlds_renteroccup_cens2010   0.234       0.075    0.042   0.763   3136  numeric  
 11    sh_hhlds_urban_cens2010      0.404       0.315      0       1     3136  numeric  
 12       sh_male_cens2010          0.500       0.022    0.432   0.721   3136  numeric  
 13       sh_white_cens2010         0.829       0.168    0.027   0.992   3136  numeric  
 14       urb_pop_cens2010          0.412       0.315      0       1     3136  numeric  
 -------------------------------------------------------------------------------------- 
