
========================================================================== 
File: ../../../drive/derived_large/demographics_at_baseline/block_demo_baseline.dta 
MD5:  6441246c253b9fabb18b0f10f33d2261 
Key:  block 
 
 ====================================================================== 
           variable          mean    sd   min  max      N       type    
 ---------------------------------------------------------------------- 
 1           block                                   11053116 character 
 2          n_black         3.491  23.228  0  7,231  11046609  integer  
 3          n_hhlds         11.854 33.727  0  4,022  11046609  integer  
 4  n_hhlds_renter_occupied 3.658  19.529  0  2,122  11046609  integer  
 5          n_male          13.668 41.733  0  16,412 11046609  integer  
 6          n_white         20.139 53.954  0  11,739 11046609  integer  
 7        population        27.800 78.487  0  19,352 11046609  integer  
 8        share_black       0.093  0.229   0    1    6184943   numeric  
 9        share_male        0.497  0.141   0    1    6184943   numeric  
 10   share_renter_hhlds    0.215  0.269   0    1    6357754   numeric  
 11       share_urban       0.580  0.494   0    1    6184943   numeric  
 12       share_white       0.807  0.287   0    1    6184943   numeric  
 13    urban_population     22.423 75.963  0  19,352 11046609  integer  
 ---------------------------------------------------------------------- 
===============================================================================
File: ../../../drive/derived_large/demographics_at_baseline/tract_demo_baseline
> .dta
Key: tract
===============================================================================
  72814:22(99881):1057962579:3435218629

    Variable |        Obs        Mean    Std. Dev.       Min        Max
-------------+---------------------------------------------------------
       tract |          0
statutory_mw |     72,210    7.486416     .411802       7.25      12.81
    local_mw |      6,284     7.80021    .5988604       7.25      12.81
   county_mw |      5,127    7.857519    .3817858       7.25       8.25
    state_mw |     72,210    7.480163    .3887476       7.25       8.67
-------------+---------------------------------------------------------
      fed_mw |     72,210        7.25           0       7.25       7.25
  population |     72,622    4198.526    1958.903          0      36880
     n_hhlds |     72,622      1570.8    717.0813          0      12308
med_hhld_inc |     71,717    56490.38    27778.35       2499     250001
   n_workers |     72,622    1909.194    981.9886          0      21714
-------------+---------------------------------------------------------
ft_statuto~n |     72,210    11678.81    642.4112      11310    19983.6
ft_state_y~n |     72,210    11669.05    606.4463      11310    13525.2
ft_fed_yrl~n |     72,210       11310           0      11310      11310
n_mw_worke~y |     72,018    316.8567     197.748          0       4477
share_mw_w.. |     71,842    .1726318     .082686          0          1
-------------+---------------------------------------------------------
~p_statutory |     71,889     .075445     .033176          0   .5371179
n_mw_worke~e |     72,018    316.5955    197.6302          0       4477
shar~s_state |     71,842     .172502    .0826538          0          1
shar~p_state |     71,889    .0753779    .0331408          0   .5371179
n_mw_worke~d |     72,018    305.8466    192.3486          0       4477
-------------+---------------------------------------------------------
share_~s_fed |     71,842    .1668546    .0813096          0          1
share_~p_fed |     71,889    .0728969    .0325492          0   .5238096




===============================================================================
File: ../../../drive/derived_large/demographics_at_baseline/zip_demo_at_baselin
> e.dta
Key: zipcode
===============================================================================
  31754:34(98392):831068528:108559658

    Variable |        Obs        Mean    Std. Dev.       Min        Max
-------------+---------------------------------------------------------
     zipcode |          0
n_census_b~s |     31,754    347.5475    355.8447          1       9067
n_blockgro~s |     31,754    10.52548    11.06104          1        101
    n_tracts |     31,754    5.116584    4.594125          1         47
    n_places |     31,754    2.567173    1.694982          1         81
-------------+---------------------------------------------------------
  n_counties |     31,754    1.451943    .7022054          1          7
      n_cbsa |     31,754     1.24863    .5041342          1          5
    n_states |     31,754    1.015715    .1243708          1          2
  num_houses |     31,754    4132.686    5588.503          0      48073
  population |     31,754    9689.449    13768.12          0     115182
-------------+---------------------------------------------------------
    sh_rural |     31,754    .5669182    .3566124          0          1
sh_rural_w~s |     31,496    .4788689    .3638109          0          1
       tract |          0
  place_code |          0
  countyfips |          0
-------------+---------------------------------------------------------
   statefips |          0
        cbsa |          0
n_male_~2010 |     31,754    4754.675    6726.825          0      57965
n_white~2010 |     31,754    7005.537    9522.777          0      91407
n_black~2010 |     31,754    1214.418    3814.809          0      79984
-------------+---------------------------------------------------------
urb_pop~2010 |     31,754     7800.09    13652.59          0     115182
n_hhlds~2010 |     31,754    1272.652    2373.331          0      33601
populat~2011 |     20,060    15199.56    14916.58          0     117058
n_worke~2011 |     20,060    6911.713    6970.112          0      51551
n_mw_wkrs_~y |     20,060    1137.554    1192.768          0      11845
-------------+---------------------------------------------------------
n_mw_wkrs_~e |     20,060    1136.616    1190.855          0      11845
n_mw_wkrs_~d |     20,060    1098.027    1136.552          0      11142
med_hhl~2011 |     19,971    54686.92    22665.47       2499   245224.4
share_mw_w.. |     19,995    .1735971    .0609454          0          1
~p_statutory |     19,999     .075935    .0247059          0   .5076452
-------------+---------------------------------------------------------
shar~s_state |     19,995    .1735424     .060949          0          1
shar~p_state |     19,999     .075906    .0246952          0   .5076452
share_~s_fed |     19,995    .1688402    .0598889          0          1
share_~p_fed |     19,999    .0738386    .0242491          0   .5076452




