
========================================================================== 
File: ../../../drive/derived_large/demographics_at_baseline/zipcode.dta 
MD5:  935d40ea569083d99f865bd0ad4fc546 
Key:  zipcode 
 
 ====================================================================================== 
              variable               mean        sd     min     max       N     type    
 -------------------------------------------------------------------------------------- 
 1      med_hhld_inc_acs2014      28,852.450 24,691.600  8  231,076.100 30467  numeric  
 2        n_black_cens2010        1,213.567  3,811.292   0    79,984    31827  integer  
 3        n_hhlds_cens2010        4,128.822  5,580.425   0    48,073    31827  integer  
 4  n_hhlds_renteroccup_cens2010  1,274.879  2,374.466   0    33,601    31827  integer  
 5     n_hhlds_urban_cens2010     3,258.963  5,559.650   0    48,073    31827  integer  
 6         n_male_cens2010        4,760.018  6,725.575   0    57,965    31827  integer  
 7          n_mw_wkrs_fed          688.881   1,035.900   0    10,627    31226  numeric  
 8         n_mw_wkrs_state         732.952   1,114.541   0    11,264    31226  numeric  
 9       n_mw_wkrs_statutory       734.832   1,119.996   0    11,264    31226  numeric  
 10       n_white_cens2010        7,016.740  9,524.411   0    91,407    31827  integer  
 11       n_workers_acs2014       4,335.868  6,376.327   0    51,695    31226  numeric  
 12      population_acs2014       9,634.859  13,841.210  0    113,110   31226  numeric  
 13      population_cens2010      9,681.837  13,753.370  0    115,182   31827  integer  
 14      rural_pop_cens2010       1,869.239  2,541.011   0    26,907    31827  integer  
 15       sh_black_cens2010         0.075      0.155     0       1      31605  numeric  
 16 sh_hhlds_renteroccup_cens2010   0.224      0.145     0       1      31548  numeric  
 17    sh_hhlds_urban_cens2010      0.387      0.436     0       1      31548  numeric  
 18       sh_male_cens2010          0.502      0.042     0       1      31605  numeric  
 19        sh_mw_wkrs_fed           0.169      0.059     0       1      30988  numeric  
 20       sh_mw_wkrs_state          0.177      0.061     0       1      30988  numeric  
 21     sh_mw_wkrs_statutory        0.178      0.061     0       1      30988  numeric  
 22     sh_rural_pop_cens2010       0.609      0.437     0       1      31605  numeric  
 23      sh_urb_pop_cens2010        0.391      0.437     0       1      31605  numeric  
 24       sh_white_cens2010         0.834      0.203     0       1      31605  numeric  
 25       urb_pop_cens2010        7,812.598  13,652.440  0    115,182   31827  integer  
 26            zipcode                                                  31827 character 
 -------------------------------------------------------------------------------------- 

========================================================================== 
File: ../../../drive/derived_large/demographics_at_baseline/zcta.dta 
MD5:  6dfc3aab452bc43294beb46ead75fe10 
Key:  zcta 
 
 ====================================================================================== 
              variable               mean        sd     min     max       N     type    
 -------------------------------------------------------------------------------------- 
 1      med_hhld_inc_acs2014      27,988.670 24,809.770  6  232,267.800 31860  numeric  
 2        n_black_cens2010        1,170.785  3,747.509   0    79,835    32990  integer  
 3        n_hhlds_cens2010        3,983.268  5,542.816   0    47,617    32990  integer  
 4  n_hhlds_renteroccup_cens2010  1,229.935  2,349.450   0    33,510    32990  integer  
 5     n_hhlds_urban_cens2010     3,144.074  5,506.773   0    47,617    32990  integer  
 6         n_male_cens2010        4,592.213  6,678.513   0    58,421    32990  integer  
 7          n_mw_wkrs_fed          667.827   1,034.406   0    10,642    32562  numeric  
 8         n_mw_wkrs_state         710.561   1,112.577   0    11,151    32562  numeric  
 9       n_mw_wkrs_statutory       712.364   1,117.878   0    11,151    32562  numeric  
 10       n_white_cens2010        6,769.378  9,471.072   0    91,748    32990  integer  
 11       n_workers_acs2014       4,206.359  6,364.952   0    51,917    32562  numeric  
 12      population_acs2014       9,346.955  13,820.290  0    113,605   32562  numeric  
 13      population_cens2010      9,340.522  13,655.560  0    113,916   32990  integer  
 14      rural_pop_cens2010       1,803.342  2,497.121   0    26,789    32990  integer  
 15       sh_black_cens2010         0.076      0.157     0       1      32815  numeric  
 16 sh_hhlds_renteroccup_cens2010   0.223      0.142     0       1      32662  numeric  
 17    sh_hhlds_urban_cens2010      0.378      0.434     0       1      32662  numeric  
 18       sh_male_cens2010          0.502      0.044     0       1      32815  numeric  
 19        sh_mw_wkrs_fed           0.169      0.055     0       1      32299  numeric  
 20       sh_mw_wkrs_state          0.177      0.057     0       1      32299  numeric  
 21     sh_mw_wkrs_statutory        0.177      0.057     0       1      32299  numeric  
 22     sh_rural_pop_cens2010       0.618      0.435     0       1      32815  numeric  
 23      sh_urb_pop_cens2010        0.382      0.435     0       1      32815  numeric  
 24       sh_white_cens2010         0.833      0.207     0       1      32815  numeric  
 25       urb_pop_cens2010        7,537.179  13,523.760  0    113,916   32990  integer  
 26             zcta                                                    32990 character 
 -------------------------------------------------------------------------------------- 
