===============================================================================
File: ../../../drive/base_large/zcta_master/zcta_master.dta
Key: zcta
===============================================================================
  32990:17(89071):3258150025:3905138466

    Variable |        Obs        Mean    Std. Dev.       Min        Max
-------------+---------------------------------------------------------
        zcta |          0
n_census_b~s |     32,990    335.2858    1750.543          1     312601
n_blockgro~s |     32,990    9.750773    23.21944          1       3748
    n_tracts |     32,990     4.65923    15.97988          1       2797
    n_places |     32,990    2.455289    5.601814          1        979
-------------+---------------------------------------------------------
  n_counties |     32,990    1.380691    4.533966          1        817
      n_cbsa |     32,990    1.209306    2.064451          1        367
    n_states |     32,990     1.00679    .2688513          1         48
  num_houses |     32,990    3991.898    5550.697          0      47617
  population |     32,990    9358.331    13667.13          0     113916
-------------+---------------------------------------------------------
    sh_rural |     32,990     .563455    .3572654          0          1
sh_rural_w~s |     32,687    .4795045    .3662462          0          1
       tract |          0
  place_code |          0
  countyfips |          0
-------------+---------------------------------------------------------
   statefips |          0
        cbsa |          0




