
 make.py started: 2024-06-26 15:00:41 C:\Users\diegog\Desktop\Diego\min_wage_rent\base\zcta_master\code 




Execute:  StataMP-64 /e do "./build.do"

  ___  ____  ____  ____  ____ (R)
 /__    /   ____/   /   ____/
___/   /   /___/   /   /___/   15.1   Copyright 1985-2017 StataCorp LLC
  Statistics/Data Analysis            StataCorp
                                      4905 Lakeway Drive
     MP - Parallel Edition            College Station, Texas 77845 USA
                                      800-STATA-PC        http://www.stata.com
                                      979-696-4600        stata@stata.com
                                      979-696-4601 (fax)

Single-user 32-core Stata perpetual license:
       Serial number:  501506205566
         Licensed to:  KU Leuven FEB (CES)
                       KU Leuven

Notes:
      1.  Stata is running in batch mode.
      2.  Unicode is supported; see help unicode_advice.
      3.  More than 2 billion observations are allowed; see help obs_advice.
      4.  Maximum number of variables is set to 5000; see help set_maxvar.


running c:\ado\personal\profile.do ...
file D:\joaog\Dropbox\Dropbox (Brown)/stata_profile.do not found
r(601);

. do ./build.do 

. set more off

. clear all

. adopath + ../../../lib/stata/gslab_misc/ado
  [1]  (BASE)      "C:\Program Files\Stata15\ado\base/"
  [2]  (SITE)      "C:\Program Files\Stata15\ado\site/"
  [3]              "."
  [4]  (PERSONAL)  "c:\ado\personal/"
  [5]  (PLUS)      "c:\ado\plus/"
  [6]  (OLDPLACE)  "c:\ado/"
  [7]              "../../../lib/stata/gslab_misc/ado"

. adopath + ../../../lib/stata/min_wage/ado
  [1]  (BASE)      "C:\Program Files\Stata15\ado\base/"
  [2]  (SITE)      "C:\Program Files\Stata15\ado\site/"
  [3]              "."
  [4]  (PERSONAL)  "c:\ado\personal/"
  [5]  (PLUS)      "c:\ado\plus/"
  [6]  (OLDPLACE)  "c:\ado/"
  [7]              "../../../lib/stata/gslab_misc/ado"
  [8]              "../../../lib/stata/min_wage/ado"

. 
. program main
  1.     local instub  "../../../drive/base_large/census_block_master"
  2.     local outstub "../../../drive/base_large/zcta_master"
  3.     local logfile "../output/data_file_manifest.log"
  4. 
.     use `instub'/census_block_master.dta if !missing(zipcode), clear
  5. 
.     make_baseline_frame, master_geo(zcta)
  6. 
.     assign_geography, instub(`instub') master_geo(zcta) geo_to_assign(tract)
  7.     assign_geography, instub(`instub') master_geo(zcta) geo_to_assign(plac
> e_code)
  8.     assign_geography, instub(`instub') master_geo(zcta) geo_to_assign(coun
> tyfips)
  9.     assign_geography, instub(`instub') master_geo(zcta) geo_to_assign(stat
> efips)
 10.     assign_geography, instub(`instub') master_geo(zcta) geo_to_assign(cbsa
> )
 11. 
.     strcompress
 12.     save_data "`outstub'/zcta_master.dta",                  ///
>         key(zcta) log(`logfile') replace
 13.     export delimited "`outstub'/zcta_master.csv", replace
 14. end

. 
. main
(note: file ../temp/share_rural.dta not found)
file ../temp/share_rural.dta saved
(0 real changes made)
(0 real changes made)
(0 real changes made)
(0 real changes made)
(0 real changes made)
(0 real changes made)

    Result                           # of obs.
    -----------------------------------------
    not matched                           303
        from master                       303  
        from using                          0  

    matched                            32,687  
    -----------------------------------------
(121,134 observations deleted)
(note: file C:\Users\diegog\AppData\Local\Temp\3\ST_6e2c_000002.tmp not found)
file C:\Users\diegog\AppData\Local\Temp\3\ST_6e2c_000002.tmp saved

    Result                           # of obs.
    -----------------------------------------
    not matched                             0
    matched                            32,990  
    -----------------------------------------
(48,203 observations deleted)
(note: file C:\Users\diegog\AppData\Local\Temp\3\ST_6e2c_000002.tmp not found)
file C:\Users\diegog\AppData\Local\Temp\3\ST_6e2c_000002.tmp saved

    Result                           # of obs.
    -----------------------------------------
    not matched                             0
    matched                            32,990  
    -----------------------------------------
(12,632 observations deleted)
(note: file C:\Users\diegog\AppData\Local\Temp\3\ST_6e2c_000002.tmp not found)
file C:\Users\diegog\AppData\Local\Temp\3\ST_6e2c_000002.tmp saved

    Result                           # of obs.
    -----------------------------------------
    not matched                             0
    matched                            32,990  
    -----------------------------------------
(224 observations deleted)
(note: file C:\Users\diegog\AppData\Local\Temp\3\ST_6e2c_000002.tmp not found)
file C:\Users\diegog\AppData\Local\Temp\3\ST_6e2c_000002.tmp saved

    Result                           # of obs.
    -----------------------------------------
    not matched                             0
    matched                            32,990  
    -----------------------------------------
(6,930 observations deleted)
(note: file C:\Users\diegog\AppData\Local\Temp\3\ST_6e2c_000002.tmp not found)
file C:\Users\diegog\AppData\Local\Temp\3\ST_6e2c_000002.tmp saved

    Result                           # of obs.
    -----------------------------------------
    not matched                             0
    matched                            32,990  
    -----------------------------------------
  Converting str to strL: zcta tract place_code countyfips statefips cbsa
    strcompress grew data 445% so far, but I'm not done yet!
  variable n_blockgroups was float now int
  variable n_tracts was float now int
  variable n_places was float now int
  variable n_counties was float now int
  variable n_cbsa was float now int
  variable n_states was float now byte
  variable num_houses was double now long
  variable population was double now long
  variable zcta was strL now str5
  variable tract was strL now str11
  variable place_code was strL now str7
  variable countyfips was strL now str5
  variable statefips was strL now str2
  variable cbsa was strL now str5
  (15,707,452 bytes saved)
       compress shrank data 86%
    strcompress shrank data 24% overall
(data already sorted by zcta)
  (0 bytes saved)
===============================================================================
File: ../../../drive/base_large/zcta_master/zcta_master.dta
Key: zcta
===============================================================================
  32990:17(89071):3258150025:3905138466

    Variable |        Obs        Mean    Std. Dev.       Min        Max
-------------+---------------------------------------------------------
        zcta |          0
n_census_b~s |     32,990    335.2858    1750.543          1     312601
n_blockgro~s |     32,990    9.750773    23.21944          1       3748
    n_tracts |     32,990     4.65923    15.97988          1       2797
    n_places |     32,990    2.455289    5.601814          1        979
-------------+---------------------------------------------------------
  n_counties |     32,990    1.380691    4.533966          1        817
      n_cbsa |     32,990    1.209306    2.064451          1        367
    n_states |     32,990     1.00679    .2688513          1         48
  num_houses |     32,990    3991.898    5550.697          0      47617
  population |     32,990    9358.331    13667.13          0     113916
-------------+---------------------------------------------------------
    sh_rural |     32,990     .563455    .3572654          0          1
sh_rural_w~s |     32,687    .4795045    .3662462          0          1
       tract |          0
  place_code |          0
  countyfips |          0
-------------+---------------------------------------------------------
   statefips |          0
        cbsa |          0




(note: file ../../../drive/base_large/zcta_master/zcta_master.dta not found)
file ../../../drive/base_large/zcta_master/zcta_master.dta saved
(note: file ../../../drive/base_large/zcta_master/zcta_master.csv not found)
file ../../../drive/base_large/zcta_master/zcta_master.csv saved

. 
end of do-file

 make.py ended: 2024-06-26 15:08:28
