
============================================================================ 
File: ../../../drive/derived_large/output/simulated_zipcode_yearmonth_panel.dta 
MD5:  9ab843a589be74e1b303b913185b18d9 
Key:  zipcode year_month 
 
 =========================================================================================================================== 
            variable             mean         sd        min       max       N                       type                     
 --------------------------------------------------------------------------------------------------------------------------- 
 1          actual_mw            8.077       1.241     7.250       16     411476                   numeric                   
 2          county_mw            9.063       1.681     7.250     14.250   29280                    numeric                   
 3         countyfips         24,869.180  16,665.170   1,001     56,021   411476                   numeric                   
 4        cumsum_events          0.453       1.067       0         7      411476                   numeric                   
 5         dactual_mw            0.016       0.116       0       3.250    411475                   numeric                   
 6        dactual_mw_1           0.230       0.484       0       3.250    411360                   numeric                   
 7        dactual_mw_2           0.133       0.390       0       3.250    411476                   numeric                   
 8        dactual_mw_3           0.085       0.314       0       3.250    411476                   numeric                   
 9        dactual_mw_4           0.043       0.221       0         2      411476                   numeric                   
 10       dactual_mw_5           0.017       0.141       0         2      411476                   numeric                   
 11       dactual_mw_6           0.001       0.045       0         2      411476                   numeric                   
 12       dactual_mw_7          0.00001      0.003       0       1.500    411476                   numeric                   
 13          fed_mw              7.250         0       7.250     7.250    411476                   numeric                   
 14         local_mw             9.588       1.965     7.250       16     33720                    numeric                   
 15   medlistingprice_sfcc    332,421.000 310,123.300  17,800  6,750,000  301346                   numeric                   
 16 medlistingpricepsqft_sfcc   191.338     178.684    15.758  2,743.823  345824                   numeric                   
 17     medrentprice_sfcc      1,754.675   1,510.472    500      50,000   178787                   numeric                   
 18  medrentpricepsqft_sfcc      1.271       0.955     0.109     23.969   176065                   numeric                   
 19            msa              446.049     240.013      2        860     411356 c("haven_labelled", "vctrs_vctr", "double") 
 20         mw_effect            8.847      22.205       0      208.800   411360                   numeric                   
 21      mw_effect_level         4.922      21.465       0        150     411360                   numeric                   
 22         mw_event             0.033       0.178       0         1      411475                   numeric                   
 23        mw_event_1            0.208       0.406       0         1      411476                   numeric                   
 24        mw_event_2            0.116       0.320       0         1      411476                   numeric                   
 25        mw_event_3            0.075       0.263       0         1      411476                   numeric                   
 26        mw_event_4            0.039       0.193       0         1      411476                   numeric                   
 27        mw_event_5            0.014       0.119       0         1      411476                   numeric                   
 28        mw_event_6            0.001       0.030       0         1      411476                   numeric                   
 29        mw_event_7           0.00000      0.002       0         1      411476                   numeric                   
 30        mw_event025           0.018       0.135       0         1      411476                   numeric                   
 31        mw_event075           0.009       0.096       0         1      411476                   numeric                   
 32  pct_zip_houses_incounty    98.391       6.509     50.460     100     411476                   numeric                   
 33   pct_zip_pop_incounty      98.396       6.513     47.520     100     411476                   numeric                   
 34         placetype                                                     411476                  character                  
 35     pop10_zip_county      34,047.830  15,281.270    408     111,086   411476                   numeric                   
 36           rent1            1,773.257   1,878.226    500    47,991.990 394335                   numeric                   
 37           rent2            1,782.796   1,883.360    500    48,070.290 394220                   numeric                   
 38           rent3            1,778.701   1,880.559    500    47,991.990 394220                   numeric                   
 39           rent4            1,847.589   1,873.507    500    48,062.610 394335                   numeric                   
 40           rent5            1,857.103   1,878.653    500    48,140.900 394220                   numeric                   
 41           rent6            1,853.007   1,875.783    500    48,062.610 394220                   numeric                   
 42       sal_mw_event           0.014       0.118       0         1      411476                   numeric                   
 43           shock             -0.090      75.054    -327.708  355.115   411476                   numeric                   
 44         state_mw             8.007       1.074     7.250       14     411476                   numeric                   
 45        state_trend          74.594      62.113     4.845    196.017   411476                   numeric                   
 46         statefips           24.774      16.622       1         56     411476                   numeric                   
 47     timeperiod_effect          0        168.271   -234.739  322.798   394335                   numeric                   
 48        year_month           655.501     34.640      596       715     411476                   numeric                   
 49           zcta            57,837.110  29,501.280   1,801     99,705   339116                   numeric                   
 50          zipcode          54,856.160  29,591.280   1,801     99,705   411476                   numeric                   
 51      zipcode_effect        1,773.041   1,869.492    550      47,600   411476                   numeric                   
 --------------------------------------------------------------------------------------------------------------------------- 
