
 make.py started: 2021-10-16 18:23:03 C:\Users\shermo\Documents\GitHub\min_wage_rent\analysis\fd_county\code 




Execute:  StataMP-64 /e do "./estimates.do"

  ___  ____  ____  ____  ____ (R)
 /__    /   ____/   /   ____/
___/   /   /___/   /   /___/   15.1   Copyright 1985-2017 StataCorp LLC
  Statistics/Data Analysis            StataCorp
                                      4905 Lakeway Drive
     MP - Parallel Edition            College Station, Texas 77845 USA
                                      800-STATA-PC        http://www.stata.com
                                      979-696-4600        stata@stata.com
                                      979-696-4601 (fax)

Single-user 32-core Stata perpetual license:
       Serial number:  501506205566
         Licensed to:  KU Leuven FEB (CES)
                       KU Leuven

Notes:
      1.  Stata is running in batch mode.
      2.  Unicode is supported; see help unicode_advice.
      3.  More than 2 billion observations are allowed; see help obs_advice.
      4.  Maximum number of variables is set to 5000; see help set_maxvar.

. do ./estimates.do 

. clear all

. set more off

. adopath + ../../../lib/stata/gslab_misc/ado
  [1]  (BASE)      "C:\Program Files\Stata15\ado\base/"
  [2]  (SITE)      "C:\Program Files\Stata15\ado\site/"
  [3]              "."
  [4]  (PERSONAL)  "c:\ado\personal/"
  [5]  (PLUS)      "c:\ado\plus/"
  [6]  (OLDPLACE)  "c:\ado/"
  [7]              "../../../lib/stata/gslab_misc/ado"

. adopath + ../../../lib/stata/min_wage/ado
  [1]  (BASE)      "C:\Program Files\Stata15\ado\base/"
  [2]  (SITE)      "C:\Program Files\Stata15\ado\site/"
  [3]              "."
  [4]  (PERSONAL)  "c:\ado\personal/"
  [5]  (PLUS)      "c:\ado\plus/"
  [6]  (OLDPLACE)  "c:\ado/"
  [7]              "../../../lib/stata/gslab_misc/ado"
  [8]              "../../../lib/stata/min_wage/ado"

. set maxvar 32000 


. 
. program main
  1.     local instub "../../../drive/derived_large/estimation_samples"
  2.     local outstub "../output"
  3.     
.     define_controls
  4.     local controls "`r(economic_controls)'"
  5.     di "`controls'"
  6.     
.     local cluster "statefips"
  7.     local absorb year_month#statefips_num
  8.     
.     ** STATIC
.     use "`instub'/baseline_county_months.dta", clear
  9.     xtset county_num year_month
 10. 
.     estimate_dist_lag_model if !missing(D.ln_rents), depvar(exp_ln_mw_17) ///
>         dyn_var(ln_mw) w(0) stat_var(ln_mw) ///
>         controls(`controls') absorb(`absorb') cluster(`cluster') ///
>         model_name(exp_mw_on_mw) outfolder("../temp")
 11. 
.     estimate_dist_lag_model, depvar(ln_rents) ///
>         dyn_var(ln_mw) w(0) stat_var(ln_mw) ///
>         controls(`controls') absorb(`absorb') cluster(`cluster') ///
>         model_name(static_statutory) outfolder("../temp")
 12. 
.     estimate_dist_lag_model, depvar(ln_rents) ///
>         dyn_var(exp_ln_mw_17) w(0) stat_var(exp_ln_mw_17) ///
>         controls(`controls') absorb(`absorb') cluster(`cluster') ///
>         model_name(static_experienced) outfolder("../temp")
 13. 
.     estimate_dist_lag_model, depvar(ln_rents) ///
>         dyn_var(exp_ln_mw_17) w(0) stat_var(ln_mw) ///
>         controls(`controls') absorb(`absorb') cluster(`cluster') ///
>         model_name(static_both) test_equality outfolder("../temp")
 14.     
.     use ../temp/estimates_exp_mw_on_mw.dta, clear
 15.     gen p_equality = .
 16.     foreach ff in static_statutory static_experienced static_both {
 17.         append using ../temp/estimates_`ff'.dta
 18.     }
 19.     save             `outstub'/estimates_static.dta, replace
 20.     export delimited `outstub'/estimates_static.csv, replace
 21.     
.     ** DYNAMIC
.     use "`instub'/baseline_county_months.dta", clear
 22.     xtset county_num year_month
 23. 
.     estimate_dist_lag_model, depvar(ln_rents) ///
>         dyn_var(exp_ln_mw_17) w(4) stat_var(ln_mw) ///
>         controls(`controls') absorb(`absorb') cluster(`cluster') ///
>         model_name(baseline_exp_ln_mw_17_dynamic) outfolder("../temp")
 24.         
.     estimate_dist_lag_model, depvar(ln_rents) ///
>         dyn_var(ln_mw) w(4) stat_var(exp_ln_mw_17) ///
>         controls(`controls') absorb(`absorb') cluster(`cluster') ///
>         model_name(both_ln_mw_dynamic) outfolder("../temp")
 25.         
.     estimate_dist_lag_model, depvar(ln_rents) ///
>         dyn_var(exp_ln_mw_17) w(4) stat_var(exp_ln_mw_17) ///
>         controls(`controls') absorb(`absorb') cluster(`cluster') ///
>         model_name(exp_ln_mw_17_only_dynamic) outfolder("../temp")
 26.         
.     estimate_dist_lag_model, depvar(ln_rents) ///
>         dyn_var(ln_mw) w(4) stat_var(ln_mw) ///
>         controls(`controls') absorb(`absorb') cluster(`cluster') ///
>         model_name(ln_mw_only_dynamic) outfolder("../temp")
 27.         
.     use ../temp/estimates_baseline_exp_ln_mw_17_dynamic.dta, clear
 28.     foreach ff in both_ln_mw_dynamic exp_ln_mw_17_only_dynamic ln_mw_only_
> dynamic {
 29.         append using ../temp/estimates_`ff'.dta
 30.     }
 31.     save             `outstub'/estimates_dynamic.dta, replace
 32.     export delimited `outstub'/estimates_dynamic.csv, replace
 33. end

. 
. main
 ln_emp_bizserv ln_emp_info ln_emp_fin ln_estcount_bizserv ln_estcount_info ln_
> estcount_fin ln_avgwwage_bizserv ln_avgwwage_info ln_avgwwage_fin
       panel variable:  county_num (strongly balanced)
        time variable:  year_month, 2010m1 to 2019m12
                delta:  1 month
(dropped 686 singleton observations)
(MWFE estimator converged in 1 iterations)
note: D.ln_mw omitted because of collinearity

HDFE Linear regression                            Number of obs   =     39,558
Absorbing 1 HDFE group                            F(  10,     36) =     124.12
Statistics robust to heteroskedasticity           Prob > F        =     0.0000
                                                  R-squared       =     0.9596
                                                  Adj R-squared   =     0.9551
                                                  Within R-sq.    =     0.7425
Number of clusters (statefips) =         37       Root MSE        =     0.0020

                             (Std. Err. adjusted for 37 clusters in statefips)
------------------------------------------------------------------------------
D.           |               Robust
exp_ln_mw_17 |      Coef.   Std. Err.      t    P>|t|     [95% Conf. Interval]
-------------+----------------------------------------------------------------
       ln_mw |
         D1. |   .6720535   .0374974    17.92   0.000     .5960052    .7481018
         D1. |          0  (omitted)
             |
ln_emp_biz~v |
         D1. |   .0005921    .000439     1.35   0.186    -.0002982    .0014824
             |
 ln_emp_info |
         D1. |  -.0000974   .0003382    -0.29   0.775    -.0007832    .0005884
             |
  ln_emp_fin |
         D1. |  -.0019407   .0013847    -1.40   0.170     -.004749    .0008677
             |
ln_estcoun~v |
         D1. |   .0005461   .0017275     0.32   0.754    -.0029575    .0040498
             |
ln_estcoun~o |
         D1. |   .0000273   .0005384     0.05   0.960    -.0010646    .0011193
             |
ln_estcoun~n |
         D1. |   .0037996   .0038855     0.98   0.335    -.0040806    .0116799
             |
ln_avgwwag~v |
         D1. |  -.0001828   .0003183    -0.57   0.569    -.0008283    .0004627
             |
ln_avgwwag~o |
         D1. |   .0003918   .0002962     1.32   0.194    -.0002089    .0009926
             |
ln_avgwwag~n |
         D1. |   .0003536   .0002883     1.23   0.228     -.000231    .0009382
------------------------------------------------------------------------------

Absorbed degrees of freedom:
--------------------------------------------------------------------+
                Absorbed FE | Categories  - Redundant  = Num. Coefs |
----------------------------+---------------------------------------|
   year_month#statefips_num |      3954        3954           0    *|
--------------------------------------------------------------------+
* = FE nested within cluster; treated as redundant for DoF computation
(note: file ../temp/estimates.dta not found)
file ../temp/estimates.dta saved

Generated variables:
              storage   display    value
variable name   type    format     label      variable label
-------------------------------------------------------------------------------
__by            byte    %9.0g      __by       subgraph ID
__plot          byte    %9.0g      __plot     plot ID
__at            byte    %9.0g                 plot position (category axis)
__mlbl          str1    %9s                   marker label
__mlpos         byte    %9.0g                 marker label position
__b             float   %9.0g                 coefficient
__V             float   %9.0g                 variance
__se            float   %9.0g                 standard error
__t             float   %9.0g                 t or z statistic
__df            byte    %9.0g                 degrees of freedom
__pval          float   %9.0g                 p-value
__ll1           float   %9.0g                 CI1: lower limit
__ul1           float   %9.0g                 CI1: upper limit
(55,918 observations deleted)
(0 observations deleted)
(1 missing value generated)
(1 real change made)
(2 real changes made)
(1 real change made)
(note: file ../temp/estimates_exp_mw_on_mw.dta not found)
file ../temp/estimates_exp_mw_on_mw.dta saved

 ( 1)  D.ln_mw = 0

------------------------------------------------------------------------------
D.           |
exp_ln_mw_17 |      Coef.   Std. Err.      t    P>|t|     [95% Conf. Interval]
-------------+----------------------------------------------------------------
         (1) |   .6720535   .0374974    17.92   0.000     .5960052    .7481018
------------------------------------------------------------------------------
number of observations will be reset to 1
Press any key to continue, or Break to abort
number of observations (_N) was 0, now 1
(note: file ../temp/estimates_exp_mw_on_mw_sumsum_from0.dta not found)
file ../temp/estimates_exp_mw_on_mw_sumsum_from0.dta saved
(note: variable at was byte, now float to accommodate using data's values)
(note: variable var was str5, now str12 to accommodate using data's values)
(1 observation deleted)
file ../temp/estimates_exp_mw_on_mw.dta saved
(note: file ../temp/estimates_exp_mw_on_mw.csv not found)
file ../temp/estimates_exp_mw_on_mw.csv saved
(dropped 702 singleton observations)
(MWFE estimator converged in 1 iterations)
note: D.ln_mw omitted because of collinearity

HDFE Linear regression                            Number of obs   =     47,237
Absorbing 1 HDFE group                            F(  10,     43) =       1.22
Statistics robust to heteroskedasticity           Prob > F        =     0.3067
                                                  R-squared       =     0.1768
                                                  Adj R-squared   =     0.0846
                                                  Within R-sq.    =     0.0002
Number of clusters (statefips) =         44       Root MSE        =     0.0248

                             (Std. Err. adjusted for 44 clusters in statefips)
------------------------------------------------------------------------------
             |               Robust
  D.ln_rents |      Coef.   Std. Err.      t    P>|t|     [95% Conf. Interval]
-------------+----------------------------------------------------------------
       ln_mw |
         D1. |  -.0191683   .0195264    -0.98   0.332    -.0585469    .0202104
         D1. |          0  (omitted)
             |
ln_emp_biz~v |
         D1. |   -.005875   .0048579    -1.21   0.233    -.0156719    .0039218
             |
 ln_emp_info |
         D1. |  -.0005768   .0026297    -0.22   0.827    -.0058801    .0047266
             |
  ln_emp_fin |
         D1. |   .0021317   .0082822     0.26   0.798     -.014571    .0188343
             |
ln_estcoun~v |
         D1. |  -.0104476   .0159778    -0.65   0.517    -.0426699    .0217747
             |
ln_estcoun~o |
         D1. |  -.0023218   .0057602    -0.40   0.689    -.0139384    .0092947
             |
ln_estcoun~n |
         D1. |  -.0072955   .0151589    -0.48   0.633    -.0378664    .0232754
             |
ln_avgwwag~v |
         D1. |  -.0006868   .0018274    -0.38   0.709    -.0043722    .0029986
             |
ln_avgwwag~o |
         D1. |  -.0007836    .001675    -0.47   0.642    -.0041616    .0025944
             |
ln_avgwwag~n |
         D1. |  -.0039388     .00207    -1.90   0.064    -.0081133    .0002356
------------------------------------------------------------------------------

Absorbed degrees of freedom:
--------------------------------------------------------------------+
                Absorbed FE | Categories  - Redundant  = Num. Coefs |
----------------------------+---------------------------------------|
   year_month#statefips_num |      4750        4750           0    *|
--------------------------------------------------------------------+
* = FE nested within cluster; treated as redundant for DoF computation
file ../temp/estimates.dta saved

Generated variables:
              storage   display    value
variable name   type    format     label      variable label
-------------------------------------------------------------------------------
__by            byte    %9.0g      __by       subgraph ID
__plot          byte    %9.0g      __plot     plot ID
__at            byte    %9.0g                 plot position (category axis)
__mlbl          str1    %9s                   marker label
__mlpos         byte    %9.0g                 marker label position
__b             float   %9.0g                 coefficient
__V             float   %9.0g                 variance
__se            float   %9.0g                 standard error
__t             float   %9.0g                 t or z statistic
__df            byte    %9.0g                 degrees of freedom
__pval          float   %9.0g                 p-value
__ll1           float   %9.0g                 CI1: lower limit
__ul1           float   %9.0g                 CI1: upper limit
(55,918 observations deleted)
(0 observations deleted)
(1 missing value generated)
(1 real change made)
(2 real changes made)
(1 real change made)
(note: file ../temp/estimates_static_statutory.dta not found)
file ../temp/estimates_static_statutory.dta saved

 ( 1)  D.ln_mw = 0

------------------------------------------------------------------------------
  D.ln_rents |      Coef.   Std. Err.      t    P>|t|     [95% Conf. Interval]
-------------+----------------------------------------------------------------
         (1) |  -.0191683   .0195264    -0.98   0.332    -.0585469    .0202104
------------------------------------------------------------------------------
number of observations will be reset to 1
Press any key to continue, or Break to abort
number of observations (_N) was 0, now 1
(note: file ../temp/estimates_static_statutory_sumsum_from0.dta not found)
file ../temp/estimates_static_statutory_sumsum_from0.dta saved
(note: variable at was byte, now float to accommodate using data's values)
(note: variable var was str5, now str12 to accommodate using data's values)
(1 observation deleted)
file ../temp/estimates_static_statutory.dta saved
(note: file ../temp/estimates_static_statutory.csv not found)
file ../temp/estimates_static_statutory.csv saved
(dropped 686 singleton observations)
(MWFE estimator converged in 1 iterations)
note: D.exp_ln_mw_17 omitted because of collinearity

HDFE Linear regression                            Number of obs   =     39,558
Absorbing 1 HDFE group                            F(  10,     36) =       1.08
Statistics robust to heteroskedasticity           Prob > F        =     0.4015
                                                  R-squared       =     0.1765
                                                  Adj R-squared   =     0.0848
                                                  Within R-sq.    =     0.0003
Number of clusters (statefips) =         37       Root MSE        =     0.0250

                             (Std. Err. adjusted for 37 clusters in statefips)
------------------------------------------------------------------------------
             |               Robust
  D.ln_rents |      Coef.   Std. Err.      t    P>|t|     [95% Conf. Interval]
-------------+----------------------------------------------------------------
exp_ln_mw_17 |
         D1. |  -.0120127   .0362235    -0.33   0.742    -.0854774    .0614521
         D1. |          0  (omitted)
             |
ln_emp_biz~v |
         D1. |   -.006975   .0052334    -1.33   0.191    -.0175887    .0036388
             |
 ln_emp_info |
         D1. |   .0006741   .0026649     0.25   0.802    -.0047306    .0060787
             |
  ln_emp_fin |
         D1. |   .0020666   .0095364     0.22   0.830    -.0172741    .0214073
             |
ln_estcoun~v |
         D1. |  -.0117497   .0170765    -0.69   0.496    -.0463824     .022883
             |
ln_estcoun~o |
         D1. |   .0033759   .0056218     0.60   0.552    -.0080257    .0147775
             |
ln_estcoun~n |
         D1. |  -.0112182   .0169775    -0.66   0.513    -.0456502    .0232139
             |
ln_avgwwag~v |
         D1. |  -.0014701   .0021271    -0.69   0.494     -.005784    .0028439
             |
ln_avgwwag~o |
         D1. |  -.0020138   .0018942    -1.06   0.295    -.0058555    .0018278
             |
ln_avgwwag~n |
         D1. |  -.0035951   .0022284    -1.61   0.115    -.0081145    .0009243
------------------------------------------------------------------------------

Absorbed degrees of freedom:
--------------------------------------------------------------------+
                Absorbed FE | Categories  - Redundant  = Num. Coefs |
----------------------------+---------------------------------------|
   year_month#statefips_num |      3954        3954           0    *|
--------------------------------------------------------------------+
* = FE nested within cluster; treated as redundant for DoF computation
file ../temp/estimates.dta saved

Generated variables:
              storage   display    value
variable name   type    format     label      variable label
-------------------------------------------------------------------------------
__by            byte    %9.0g      __by       subgraph ID
__plot          byte    %9.0g      __plot     plot ID
__at            byte    %9.0g                 plot position (category axis)
__mlbl          str1    %9s                   marker label
__mlpos         byte    %9.0g                 marker label position
__b             float   %9.0g                 coefficient
__V             float   %9.0g                 variance
__se            float   %9.0g                 standard error
__t             float   %9.0g                 t or z statistic
__df            byte    %9.0g                 degrees of freedom
__pval          float   %9.0g                 p-value
__ll1           float   %9.0g                 CI1: lower limit
__ul1           float   %9.0g                 CI1: upper limit
(55,918 observations deleted)
(0 observations deleted)
(1 missing value generated)
(1 real change made)
(2 real changes made)
(1 real change made)
(note: file ../temp/estimates_static_experienced.dta not found)
file ../temp/estimates_static_experienced.dta saved

 ( 1)  D.exp_ln_mw_17 = 0

------------------------------------------------------------------------------
  D.ln_rents |      Coef.   Std. Err.      t    P>|t|     [95% Conf. Interval]
-------------+----------------------------------------------------------------
         (1) |  -.0120127   .0362235    -0.33   0.742    -.0854774    .0614521
------------------------------------------------------------------------------
number of observations will be reset to 1
Press any key to continue, or Break to abort
number of observations (_N) was 0, now 1
(note: file ../temp/estimates_static_experienced_sumsum_from0.dta not found)
file ../temp/estimates_static_experienced_sumsum_from0.dta saved
(note: variable at was byte, now float to accommodate using data's values)
(1 observation deleted)
file ../temp/estimates_static_experienced.dta saved
(note: file ../temp/estimates_static_experienced.csv not found)
file ../temp/estimates_static_experienced.csv saved
(dropped 686 singleton observations)
(MWFE estimator converged in 1 iterations)

HDFE Linear regression                            Number of obs   =     39,558
Absorbing 1 HDFE group                            F(  11,     36) =       1.88
Statistics robust to heteroskedasticity           Prob > F        =     0.0759
                                                  R-squared       =     0.1765
                                                  Adj R-squared   =     0.0848
                                                  Within R-sq.    =     0.0003
Number of clusters (statefips) =         37       Root MSE        =     0.0250

                             (Std. Err. adjusted for 37 clusters in statefips)
------------------------------------------------------------------------------
             |               Robust
  D.ln_rents |      Coef.   Std. Err.      t    P>|t|     [95% Conf. Interval]
-------------+----------------------------------------------------------------
exp_ln_mw_17 |
         D1. |   .0402343    .052065     0.77   0.445    -.0653583     .145827
             |
       ln_mw |
         D1. |  -.0473082   .0365221    -1.30   0.203    -.1213785     .026762
             |
ln_emp_biz~v |
         D1. |  -.0070177   .0052436    -1.34   0.189    -.0176522    .0036168
             |
 ln_emp_info |
         D1. |   .0006764   .0026604     0.25   0.801    -.0047192    .0060719
             |
  ln_emp_fin |
         D1. |   .0021631   .0095463     0.23   0.822    -.0171978    .0215239
             |
ln_estcoun~v |
         D1. |   -.011815   .0170838    -0.69   0.494    -.0464625    .0228325
             |
ln_estcoun~o |
         D1. |   .0033742   .0056194     0.60   0.552    -.0080226    .0147709
             |
ln_estcoun~n |
         D1. |   -.011333   .0169951    -0.67   0.509    -.0458005    .0231346
             |
ln_avgwwag~v |
         D1. |  -.0014679   .0021251    -0.69   0.494    -.0057779     .002842
             |
ln_avgwwag~o |
         D1. |  -.0020329   .0018936    -1.07   0.290    -.0058732    .0018075
             |
ln_avgwwag~n |
         D1. |  -.0035957   .0022281    -1.61   0.115    -.0081145    .0009231
------------------------------------------------------------------------------

Absorbed degrees of freedom:
--------------------------------------------------------------------+
                Absorbed FE | Categories  - Redundant  = Num. Coefs |
----------------------------+---------------------------------------|
   year_month#statefips_num |      3954        3954           0    *|
--------------------------------------------------------------------+
* = FE nested within cluster; treated as redundant for DoF computation

 ( 1)  D.exp_ln_mw_17 - D.ln_mw = 0

       F(  1,    36) =    1.13
            Prob > F =    0.2947
file ../temp/estimates.dta saved

Generated variables:
              storage   display    value
variable name   type    format     label      variable label
-------------------------------------------------------------------------------
__by            byte    %9.0g      __by       subgraph ID
__plot          byte    %9.0g      __plot     plot ID
__at            byte    %9.0g                 plot position (category axis)
__mlbl          str1    %9s                   marker label
__mlpos         byte    %9.0g                 marker label position
__b             float   %9.0g                 coefficient
__V             float   %9.0g                 variance
__se            float   %9.0g                 standard error
__t             float   %9.0g                 t or z statistic
__df            byte    %9.0g                 degrees of freedom
__pval          float   %9.0g                 p-value
__ll1           float   %9.0g                 CI1: lower limit
__ul1           float   %9.0g                 CI1: upper limit
(55,918 observations deleted)
(0 observations deleted)
(1 missing value generated)
(1 real change made)
(2 real changes made)
(1 real change made)
(note: file ../temp/estimates_static_both.dta not found)
file ../temp/estimates_static_both.dta saved

 ( 1)  D.exp_ln_mw_17 + D.ln_mw = 0

------------------------------------------------------------------------------
  D.ln_rents |      Coef.   Std. Err.      t    P>|t|     [95% Conf. Interval]
-------------+----------------------------------------------------------------
         (1) |  -.0070739   .0362176    -0.20   0.846    -.0805267    .0663788
------------------------------------------------------------------------------
number of observations will be reset to 1
Press any key to continue, or Break to abort
number of observations (_N) was 0, now 1
(note: file ../temp/estimates_static_both_sumsum_from0.dta not found)
file ../temp/estimates_static_both_sumsum_from0.dta saved
(note: variable at was byte, now float to accommodate using data's values)
file ../temp/estimates_static_both.dta saved
(note: file ../temp/estimates_static_both.csv not found)
file ../temp/estimates_static_both.csv saved
(2 missing values generated)
(note: variable model was str12, now str16 to accommodate using data's
       values)
(note: variable model was str16, now str18 to accommodate using data's
       values)
(note: file ../output/estimates_static.dta not found)
file ../output/estimates_static.dta saved
(note: file ../output/estimates_static.csv not found)
file ../output/estimates_static.csv saved
       panel variable:  county_num (strongly balanced)
        time variable:  year_month, 2010m1 to 2019m12
                delta:  1 month
(dropped 649 singleton observations)
(MWFE estimator converged in 1 iterations)

HDFE Linear regression                            Number of obs   =     37,810
Absorbing 1 HDFE group                            F(  19,     36) =       3.45
Statistics robust to heteroskedasticity           Prob > F        =     0.0007
                                                  R-squared       =     0.1762
                                                  Adj R-squared   =     0.0845
                                                  Within R-sq.    =     0.0005
Number of clusters (statefips) =         37       Root MSE        =     0.0251

                             (Std. Err. adjusted for 37 clusters in statefips)
------------------------------------------------------------------------------
             |               Robust
  D.ln_rents |      Coef.   Std. Err.      t    P>|t|     [95% Conf. Interval]
-------------+----------------------------------------------------------------
exp_ln_mw_17 |
        F4D. |   .0332793   .0322358     1.03   0.309    -.0320979    .0986565
        F3D. |   -.061108   .0206506    -2.96   0.005    -.1029893   -.0192266
        F2D. |  -.0240487   .0282695    -0.85   0.401     -.081382    .0332845
         FD. |  -.0190435   .0281943    -0.68   0.504    -.0762241    .0381371
         D1. |    .042385    .052261     0.81   0.423    -.0636053    .1483753
         LD. |   .0056432    .024458     0.23   0.819    -.0439598    .0552463
        L2D. |  -.0243784   .0420628    -0.58   0.566    -.1096858    .0609289
        L3D. |   .0096864   .0222328     0.44   0.666    -.0354038    .0547766
        L4D. |   .0327203   .0268709     1.22   0.231    -.0217765     .087217
             |
       ln_mw |
         D1. |  -.0508848   .0379632    -1.34   0.189    -.1278777     .026108
             |
ln_emp_biz~v |
         D1. |  -.0065854   .0050792    -1.30   0.203    -.0168865    .0037158
             |
 ln_emp_info |
         D1. |   .0005422   .0026246     0.21   0.837    -.0047807    .0058651
             |
  ln_emp_fin |
         D1. |   .0004103   .0095423     0.04   0.966    -.0189424     .019763
             |
ln_estcoun~v |
         D1. |  -.0112511   .0173605    -0.65   0.521    -.0464598    .0239575
             |
ln_estcoun~o |
         D1. |   .0026823   .0057676     0.47   0.645    -.0090149    .0143795
             |
ln_estcoun~n |
         D1. |  -.0075623   .0165907    -0.46   0.651    -.0412098    .0260852
             |
ln_avgwwag~v |
         D1. |  -.0021585   .0023014    -0.94   0.355    -.0068259    .0025089
             |
ln_avgwwag~o |
         D1. |  -.0020986   .0020014    -1.05   0.301    -.0061577    .0019604
             |
ln_avgwwag~n |
         D1. |  -.0037298   .0020879    -1.79   0.082    -.0079642    .0005046
------------------------------------------------------------------------------

Absorbed degrees of freedom:
--------------------------------------------------------------------+
                Absorbed FE | Categories  - Redundant  = Num. Coefs |
----------------------------+---------------------------------------|
   year_month#statefips_num |      3769        3769           0    *|
--------------------------------------------------------------------+
* = FE nested within cluster; treated as redundant for DoF computation

 ( 1)  FD.exp_ln_mw_17 = 0
 ( 2)  F2D.exp_ln_mw_17 = 0
 ( 3)  F3D.exp_ln_mw_17 = 0
 ( 4)  F4D.exp_ln_mw_17 = 0

       F(  4,    36) =    3.99
            Prob > F =    0.0088
file ../temp/estimates.dta saved

Generated variables:
              storage   display    value
variable name   type    format     label      variable label
-------------------------------------------------------------------------------
__by            byte    %9.0g      __by       subgraph ID
__plot          byte    %9.0g      __plot     plot ID
__at            byte    %9.0g                 plot position (category axis)
__mlbl          str1    %9s                   marker label
__mlpos         byte    %9.0g                 marker label position
__b             float   %9.0g                 coefficient
__V             float   %9.0g                 variance
__se            float   %9.0g                 standard error
__t             float   %9.0g                 t or z statistic
__df            byte    %9.0g                 degrees of freedom
__pval          float   %9.0g                 p-value
__ll1           float   %9.0g                 CI1: lower limit
__ul1           float   %9.0g                 CI1: upper limit
(55,910 observations deleted)
(0 observations deleted)
(1 missing value generated)
(1 real change made)
(10 real changes made)
(1 real change made)
(note: file ../temp/estimates_baseline_exp_ln_mw_17_dynamic.dta not found)
file ../temp/estimates_baseline_exp_ln_mw_17_dynamic.dta saved

 ( 1)  D.exp_ln_mw_17 + D.ln_mw = 0

------------------------------------------------------------------------------
  D.ln_rents |      Coef.   Std. Err.      t    P>|t|     [95% Conf. Interval]
-------------+----------------------------------------------------------------
         (1) |  -.0084998   .0367474    -0.23   0.818    -.0830269    .0660273
------------------------------------------------------------------------------

 ( 1)  D.exp_ln_mw_17 + LD.exp_ln_mw_17 + D.ln_mw = 0

------------------------------------------------------------------------------
  D.ln_rents |      Coef.   Std. Err.      t    P>|t|     [95% Conf. Interval]
-------------+----------------------------------------------------------------
         (1) |  -.0028566   .0539577    -0.05   0.958    -.1122879    .1065748
------------------------------------------------------------------------------

 ( 1)  D.exp_ln_mw_17 + LD.exp_ln_mw_17 + L2D.exp_ln_mw_17 + D.ln_mw = 0

------------------------------------------------------------------------------
  D.ln_rents |      Coef.   Std. Err.      t    P>|t|     [95% Conf. Interval]
-------------+----------------------------------------------------------------
         (1) |   -.027235    .082019    -0.33   0.742    -.1935772    .1391073
------------------------------------------------------------------------------

 ( 1)  D.exp_ln_mw_17 + LD.exp_ln_mw_17 + L2D.exp_ln_mw_17 + L3D.exp_ln_mw_17 +
       D.ln_mw = 0

------------------------------------------------------------------------------
  D.ln_rents |      Coef.   Std. Err.      t    P>|t|     [95% Conf. Interval]
-------------+----------------------------------------------------------------
         (1) |  -.0175486   .0958212    -0.18   0.856    -.2118829    .1767858
------------------------------------------------------------------------------

 ( 1)  D.exp_ln_mw_17 + LD.exp_ln_mw_17 + L2D.exp_ln_mw_17 + L3D.exp_ln_mw_17 +
       L4D.exp_ln_mw_17 + D.ln_mw = 0

------------------------------------------------------------------------------
  D.ln_rents |      Coef.   Std. Err.      t    P>|t|     [95% Conf. Interval]
-------------+----------------------------------------------------------------
         (1) |   .0151717   .0818656     0.19   0.854    -.1508593    .1812027
------------------------------------------------------------------------------
number of observations will be reset to 6
Press any key to continue, or Break to abort
number of observations (_N) was 0, now 6
(note: file ../temp/estimates_baseline_exp_ln_mw_17_dynamic_sumsum_from0.dta no
> t found)
file ../temp/estimates_baseline_exp_ln_mw_17_dynamic_sumsum_from0.dta saved
(note: variable at was byte, now float to accommodate using data's values)
file ../temp/estimates_baseline_exp_ln_mw_17_dynamic.dta saved
(note: file ../temp/estimates_baseline_exp_ln_mw_17_dynamic.csv not found)
file ../temp/estimates_baseline_exp_ln_mw_17_dynamic.csv saved
(dropped 649 singleton observations)
(MWFE estimator converged in 1 iterations)
warning: missing F statistic; dropped variables due to collinearity or too few 
> clusters

HDFE Linear regression                            Number of obs   =     37,810
Absorbing 1 HDFE group                            F(  19,     36) =          .
Statistics robust to heteroskedasticity           Prob > F        =          .
                                                  R-squared       =     0.1761
                                                  Adj R-squared   =     0.0844
                                                  Within R-sq.    =     0.0004
Number of clusters (statefips) =         37       Root MSE        =     0.0251

                             (Std. Err. adjusted for 37 clusters in statefips)
------------------------------------------------------------------------------
             |               Robust
  D.ln_rents |      Coef.   Std. Err.      t    P>|t|     [95% Conf. Interval]
-------------+----------------------------------------------------------------
       ln_mw |
        F4D. |   .0077979   .0250203     0.31   0.757    -.0429457    .0585415
        F3D. |  -.0092493   .0187888    -0.49   0.626    -.0473548    .0288561
        F2D. |  -.0233441   .0094964    -2.46   0.019    -.0426036   -.0040845
         FD. |  -.0050543   .0155998    -0.32   0.748    -.0366922    .0265835
         D1. |  -.0498393   .0369666    -1.35   0.186     -.124811    .0251324
         LD. |   .0036558    .016936     0.22   0.830     -.030692    .0380036
        L2D. |  -.0285642   .0334439    -0.85   0.399    -.0963915    .0392632
        L3D. |   .0078918   .0178429     0.44   0.661    -.0282954    .0440789
        L4D. |   .0262466     .02043     1.28   0.207    -.0151873    .0676805
             |
exp_ln_mw_17 |
         D1. |   .0415555   .0507659     0.82   0.418    -.0614026    .1445135
             |
ln_emp_biz~v |
         D1. |  -.0065792    .005066    -1.30   0.202    -.0168535     .003695
             |
 ln_emp_info |
         D1. |   .0004826   .0026095     0.18   0.854    -.0048097    .0057749
             |
  ln_emp_fin |
         D1. |    .000343   .0095499     0.04   0.972    -.0190251    .0197111
             |
ln_estcoun~v |
         D1. |  -.0110844     .01738    -0.64   0.528    -.0463326    .0241638
             |
ln_estcoun~o |
         D1. |   .0026574   .0057574     0.46   0.647    -.0090191    .0143339
             |
ln_estcoun~n |
         D1. |  -.0075451   .0165962    -0.45   0.652    -.0412038    .0261135
             |
ln_avgwwag~v |
         D1. |  -.0022009   .0023042    -0.96   0.346    -.0068742    .0024723
             |
ln_avgwwag~o |
         D1. |  -.0020265   .0019945    -1.02   0.316    -.0060715    .0020185
             |
ln_avgwwag~n |
         D1. |  -.0037346   .0020736    -1.80   0.080      -.00794    .0004708
------------------------------------------------------------------------------

Absorbed degrees of freedom:
--------------------------------------------------------------------+
                Absorbed FE | Categories  - Redundant  = Num. Coefs |
----------------------------+---------------------------------------|
   year_month#statefips_num |      3769        3769           0    *|
--------------------------------------------------------------------+
* = FE nested within cluster; treated as redundant for DoF computation

 ( 1)  FD.ln_mw = 0
 ( 2)  F2D.ln_mw = 0
 ( 3)  F3D.ln_mw = 0
 ( 4)  F4D.ln_mw = 0

       F(  4,    36) =    2.30
            Prob > F =    0.0774
file ../temp/estimates.dta saved

Generated variables:
              storage   display    value
variable name   type    format     label      variable label
-------------------------------------------------------------------------------
__by            byte    %9.0g      __by       subgraph ID
__plot          byte    %9.0g      __plot     plot ID
__at            byte    %9.0g                 plot position (category axis)
__mlbl          str1    %9s                   marker label
__mlpos         byte    %9.0g                 marker label position
__b             float   %9.0g                 coefficient
__V             float   %9.0g                 variance
__se            float   %9.0g                 standard error
__t             float   %9.0g                 t or z statistic
__df            byte    %9.0g                 degrees of freedom
__pval          float   %9.0g                 p-value
__ll1           float   %9.0g                 CI1: lower limit
__ul1           float   %9.0g                 CI1: upper limit
(55,910 observations deleted)
(0 observations deleted)
(1 missing value generated)
variable var was str5 now str12
(1 real change made)
(10 real changes made)
(1 real change made)
(note: file ../temp/estimates_both_ln_mw_dynamic.dta not found)
file ../temp/estimates_both_ln_mw_dynamic.dta saved

 ( 1)  D.ln_mw + D.exp_ln_mw_17 = 0

------------------------------------------------------------------------------
  D.ln_rents |      Coef.   Std. Err.      t    P>|t|     [95% Conf. Interval]
-------------+----------------------------------------------------------------
         (1) |  -.0082839   .0363882    -0.23   0.821    -.0820825    .0655148
------------------------------------------------------------------------------

 ( 1)  D.ln_mw + LD.ln_mw + D.exp_ln_mw_17 = 0

------------------------------------------------------------------------------
  D.ln_rents |      Coef.   Std. Err.      t    P>|t|     [95% Conf. Interval]
-------------+----------------------------------------------------------------
         (1) |  -.0046281   .0517153    -0.09   0.929    -.1095116    .1002554
------------------------------------------------------------------------------

 ( 1)  D.ln_mw + LD.ln_mw + L2D.ln_mw + D.exp_ln_mw_17 = 0

------------------------------------------------------------------------------
  D.ln_rents |      Coef.   Std. Err.      t    P>|t|     [95% Conf. Interval]
-------------+----------------------------------------------------------------
         (1) |  -.0331922   .0747985    -0.44   0.660    -.1848907    .1185062
------------------------------------------------------------------------------

 ( 1)  D.ln_mw + LD.ln_mw + L2D.ln_mw + L3D.ln_mw + D.exp_ln_mw_17 = 0

------------------------------------------------------------------------------
  D.ln_rents |      Coef.   Std. Err.      t    P>|t|     [95% Conf. Interval]
-------------+----------------------------------------------------------------
         (1) |  -.0253005   .0904324    -0.28   0.781    -.2087059     .158105
------------------------------------------------------------------------------

 ( 1)  D.ln_mw + LD.ln_mw + L2D.ln_mw + L3D.ln_mw + L4D.ln_mw + D.exp_ln_mw_17
       = 0

------------------------------------------------------------------------------
  D.ln_rents |      Coef.   Std. Err.      t    P>|t|     [95% Conf. Interval]
-------------+----------------------------------------------------------------
         (1) |   .0009461   .0804393     0.01   0.991    -.1621925    .1640847
------------------------------------------------------------------------------
number of observations will be reset to 6
Press any key to continue, or Break to abort
number of observations (_N) was 0, now 6
(note: file ../temp/estimates_both_ln_mw_dynamic_sumsum_from0.dta not found)
file ../temp/estimates_both_ln_mw_dynamic_sumsum_from0.dta saved
(note: variable at was byte, now float to accommodate using data's values)
file ../temp/estimates_both_ln_mw_dynamic.dta saved
(note: file ../temp/estimates_both_ln_mw_dynamic.csv not found)
file ../temp/estimates_both_ln_mw_dynamic.csv saved
(dropped 649 singleton observations)
(MWFE estimator converged in 1 iterations)
note: D.exp_ln_mw_17 omitted because of collinearity

HDFE Linear regression                            Number of obs   =     37,810
Absorbing 1 HDFE group                            F(  18,     36) =       2.93
Statistics robust to heteroskedasticity           Prob > F        =     0.0030
                                                  R-squared       =     0.1762
                                                  Adj R-squared   =     0.0845
                                                  Within R-sq.    =     0.0005
Number of clusters (statefips) =         37       Root MSE        =     0.0251

                             (Std. Err. adjusted for 37 clusters in statefips)
------------------------------------------------------------------------------
             |               Robust
  D.ln_rents |      Coef.   Std. Err.      t    P>|t|     [95% Conf. Interval]
-------------+----------------------------------------------------------------
exp_ln_mw_17 |
        F4D. |   .0333534    .032289     1.03   0.309    -.0321317    .0988386
        F3D. |  -.0601241   .0205534    -2.93   0.006    -.1018084   -.0184398
        F2D. |   -.023371   .0280975    -0.83   0.411    -.0803554    .0336133
         FD. |  -.0189376   .0281855    -0.67   0.506    -.0761004    .0382252
         D1. |  -.0138205   .0370174    -0.37   0.711    -.0888952    .0612542
         LD. |   .0058017   .0243557     0.24   0.813     -.043594    .0551973
        L2D. |  -.0236866   .0418815    -0.57   0.575    -.1086261     .061253
        L3D. |   .0100912   .0223355     0.45   0.654    -.0352072    .0553897
        L4D. |   .0327685   .0268615     1.22   0.230    -.0217092    .0872462
         D1. |          0  (omitted)
             |
ln_emp_biz~v |
         D1. |  -.0065332   .0050674    -1.29   0.206    -.0168103    .0037439
             |
 ln_emp_info |
         D1. |   .0005408   .0026291     0.21   0.838    -.0047912    .0058728
             |
  ln_emp_fin |
         D1. |   .0002968   .0095363     0.03   0.975    -.0190437    .0196374
             |
ln_estcoun~v |
         D1. |  -.0111801   .0173509    -0.64   0.523    -.0463693    .0240091
             |
ln_estcoun~o |
         D1. |   .0026793   .0057679     0.46   0.645    -.0090185     .014377
             |
ln_estcoun~n |
         D1. |  -.0074376   .0165703    -0.45   0.656    -.0410436    .0261684
             |
ln_avgwwag~v |
         D1. |  -.0021627   .0023031    -0.94   0.354    -.0068336    .0025083
             |
ln_avgwwag~o |
         D1. |  -.0020739   .0020019    -1.04   0.307     -.006134    .0019861
             |
ln_avgwwag~n |
         D1. |  -.0037276   .0020878    -1.79   0.083    -.0079619    .0005066
------------------------------------------------------------------------------

Absorbed degrees of freedom:
--------------------------------------------------------------------+
                Absorbed FE | Categories  - Redundant  = Num. Coefs |
----------------------------+---------------------------------------|
   year_month#statefips_num |      3769        3769           0    *|
--------------------------------------------------------------------+
* = FE nested within cluster; treated as redundant for DoF computation

 ( 1)  FD.exp_ln_mw_17 = 0
 ( 2)  F2D.exp_ln_mw_17 = 0
 ( 3)  F3D.exp_ln_mw_17 = 0
 ( 4)  F4D.exp_ln_mw_17 = 0

       F(  4,    36) =    3.97
            Prob > F =    0.0090
file ../temp/estimates.dta saved

Generated variables:
              storage   display    value
variable name   type    format     label      variable label
-------------------------------------------------------------------------------
__by            byte    %9.0g      __by       subgraph ID
__plot          byte    %9.0g      __plot     plot ID
__at            byte    %9.0g                 plot position (category axis)
__mlbl          str1    %9s                   marker label
__mlpos         byte    %9.0g                 marker label position
__b             float   %9.0g                 coefficient
__V             float   %9.0g                 variance
__se            float   %9.0g                 standard error
__t             float   %9.0g                 t or z statistic
__df            byte    %9.0g                 degrees of freedom
__pval          float   %9.0g                 p-value
__ll1           float   %9.0g                 CI1: lower limit
__ul1           float   %9.0g                 CI1: upper limit
(55,910 observations deleted)
(0 observations deleted)
(1 missing value generated)
(1 real change made)
(10 real changes made)
(1 real change made)
(note: file ../temp/estimates_exp_ln_mw_17_only_dynamic.dta not found)
file ../temp/estimates_exp_ln_mw_17_only_dynamic.dta saved

 ( 1)  D.exp_ln_mw_17 = 0

------------------------------------------------------------------------------
  D.ln_rents |      Coef.   Std. Err.      t    P>|t|     [95% Conf. Interval]
-------------+----------------------------------------------------------------
         (1) |  -.0138205   .0370174    -0.37   0.711    -.0888952    .0612542
------------------------------------------------------------------------------

 ( 1)  D.exp_ln_mw_17 + LD.exp_ln_mw_17 = 0

------------------------------------------------------------------------------
  D.ln_rents |      Coef.   Std. Err.      t    P>|t|     [95% Conf. Interval]
-------------+----------------------------------------------------------------
         (1) |  -.0080189   .0548427    -0.15   0.885    -.1192451    .1032073
------------------------------------------------------------------------------

 ( 1)  D.exp_ln_mw_17 + LD.exp_ln_mw_17 + L2D.exp_ln_mw_17 = 0

------------------------------------------------------------------------------
  D.ln_rents |      Coef.   Std. Err.      t    P>|t|     [95% Conf. Interval]
-------------+----------------------------------------------------------------
         (1) |  -.0317055   .0836449    -0.38   0.707    -.2013452    .1379343
------------------------------------------------------------------------------

 ( 1)  D.exp_ln_mw_17 + LD.exp_ln_mw_17 + L2D.exp_ln_mw_17 + L3D.exp_ln_mw_17 =
       0

------------------------------------------------------------------------------
  D.ln_rents |      Coef.   Std. Err.      t    P>|t|     [95% Conf. Interval]
-------------+----------------------------------------------------------------
         (1) |  -.0216142   .0972203    -0.22   0.825    -.2187861    .1755576
------------------------------------------------------------------------------

 ( 1)  D.exp_ln_mw_17 + LD.exp_ln_mw_17 + L2D.exp_ln_mw_17 + L3D.exp_ln_mw_17 +
       L4D.exp_ln_mw_17 = 0

------------------------------------------------------------------------------
  D.ln_rents |      Coef.   Std. Err.      t    P>|t|     [95% Conf. Interval]
-------------+----------------------------------------------------------------
         (1) |   .0111542   .0839072     0.13   0.895    -.1590176     .181326
------------------------------------------------------------------------------
number of observations will be reset to 6
Press any key to continue, or Break to abort
number of observations (_N) was 0, now 6
(note: file ../temp/estimates_exp_ln_mw_17_only_dynamic_sumsum_from0.dta not fo
> und)
file ../temp/estimates_exp_ln_mw_17_only_dynamic_sumsum_from0.dta saved
(note: variable at was byte, now float to accommodate using data's values)
(1 observation deleted)
file ../temp/estimates_exp_ln_mw_17_only_dynamic.dta saved
(note: file ../temp/estimates_exp_ln_mw_17_only_dynamic.csv not found)
file ../temp/estimates_exp_ln_mw_17_only_dynamic.csv saved
(dropped 660 singleton observations)
(MWFE estimator converged in 1 iterations)
warning: missing F statistic; dropped variables due to collinearity or too few 
> clusters
note: D.ln_mw omitted because of collinearity

HDFE Linear regression                            Number of obs   =     45,158
Absorbing 1 HDFE group                            F(  18,     43) =          .
Statistics robust to heteroskedasticity           Prob > F        =          .
                                                  R-squared       =     0.1760
                                                  Adj R-squared   =     0.0838
                                                  Within R-sq.    =     0.0005
Number of clusters (statefips) =         44       Root MSE        =     0.0249

                             (Std. Err. adjusted for 44 clusters in statefips)
------------------------------------------------------------------------------
             |               Robust
  D.ln_rents |      Coef.   Std. Err.      t    P>|t|     [95% Conf. Interval]
-------------+----------------------------------------------------------------
       ln_mw |
        F4D. |   .0070426    .017522     0.40   0.690    -.0282938     .042379
        F3D. |  -.0079464    .015649    -0.51   0.614    -.0395057    .0236129
        F2D. |  -.0312583   .0097623    -3.20   0.003    -.0509459   -.0115708
         FD. |   .0132394   .0192149     0.69   0.495     -.025511    .0519898
         D1. |  -.0209361   .0190478    -1.10   0.278    -.0593497    .0174776
         LD. |  -.0051736   .0141199    -0.37   0.716    -.0336492    .0233019
        L2D. |  -.0384647   .0252661    -1.52   0.135    -.0894187    .0124892
        L3D. |   .0028427   .0137694     0.21   0.837     -.024926    .0306114
        L4D. |   .0430771   .0193142     2.23   0.031     .0041264    .0820278
         D1. |          0  (omitted)
             |
ln_emp_biz~v |
         D1. |  -.0051666   .0047329    -1.09   0.281    -.0147114    .0043783
             |
 ln_emp_info |
         D1. |  -.0007212   .0025909    -0.28   0.782    -.0059462    .0045039
             |
  ln_emp_fin |
         D1. |   .0004564   .0082692     0.06   0.956    -.0162201    .0171328
             |
ln_estcoun~v |
         D1. |  -.0105511   .0163578    -0.65   0.522    -.0435398    .0224376
             |
ln_estcoun~o |
         D1. |  -.0030109   .0058033    -0.52   0.607    -.0147143    .0086926
             |
ln_estcoun~n |
         D1. |  -.0026027   .0149583    -0.17   0.863    -.0327691    .0275636
             |
ln_avgwwag~v |
         D1. |  -.0010325       .002    -0.52   0.608    -.0050658    .0030008
             |
ln_avgwwag~o |
         D1. |  -.0008126   .0017638    -0.46   0.647    -.0043696    .0027445
             |
ln_avgwwag~n |
         D1. |  -.0039858   .0019525    -2.04   0.047    -.0079234   -.0000482
------------------------------------------------------------------------------

Absorbed degrees of freedom:
--------------------------------------------------------------------+
                Absorbed FE | Categories  - Redundant  = Num. Coefs |
----------------------------+---------------------------------------|
   year_month#statefips_num |      4526        4526           0    *|
--------------------------------------------------------------------+
* = FE nested within cluster; treated as redundant for DoF computation

 ( 1)  FD.ln_mw = 0
 ( 2)  F2D.ln_mw = 0
 ( 3)  F3D.ln_mw = 0
 ( 4)  F4D.ln_mw = 0

       F(  4,    43) =    5.34
            Prob > F =    0.0014
file ../temp/estimates.dta saved

Generated variables:
              storage   display    value
variable name   type    format     label      variable label
-------------------------------------------------------------------------------
__by            byte    %9.0g      __by       subgraph ID
__plot          byte    %9.0g      __plot     plot ID
__at            byte    %9.0g                 plot position (category axis)
__mlbl          str1    %9s                   marker label
__mlpos         byte    %9.0g                 marker label position
__b             float   %9.0g                 coefficient
__V             float   %9.0g                 variance
__se            float   %9.0g                 standard error
__t             float   %9.0g                 t or z statistic
__df            byte    %9.0g                 degrees of freedom
__pval          float   %9.0g                 p-value
__ll1           float   %9.0g                 CI1: lower limit
__ul1           float   %9.0g                 CI1: upper limit
(55,910 observations deleted)
(0 observations deleted)
(1 missing value generated)
(1 real change made)
(10 real changes made)
(1 real change made)
(note: file ../temp/estimates_ln_mw_only_dynamic.dta not found)
file ../temp/estimates_ln_mw_only_dynamic.dta saved

 ( 1)  D.ln_mw = 0

------------------------------------------------------------------------------
  D.ln_rents |      Coef.   Std. Err.      t    P>|t|     [95% Conf. Interval]
-------------+----------------------------------------------------------------
         (1) |  -.0209361   .0190478    -1.10   0.278    -.0593497    .0174776
------------------------------------------------------------------------------

 ( 1)  D.ln_mw + LD.ln_mw = 0

------------------------------------------------------------------------------
  D.ln_rents |      Coef.   Std. Err.      t    P>|t|     [95% Conf. Interval]
-------------+----------------------------------------------------------------
         (1) |  -.0261097   .0307091    -0.85   0.400    -.0880406    .0358212
------------------------------------------------------------------------------

 ( 1)  D.ln_mw + LD.ln_mw + L2D.ln_mw = 0

------------------------------------------------------------------------------
  D.ln_rents |      Coef.   Std. Err.      t    P>|t|     [95% Conf. Interval]
-------------+----------------------------------------------------------------
         (1) |  -.0645744    .048915    -1.32   0.194    -.1632209    .0340721
------------------------------------------------------------------------------

 ( 1)  D.ln_mw + LD.ln_mw + L2D.ln_mw + L3D.ln_mw = 0

------------------------------------------------------------------------------
  D.ln_rents |      Coef.   Std. Err.      t    P>|t|     [95% Conf. Interval]
-------------+----------------------------------------------------------------
         (1) |  -.0617317   .0601798    -1.03   0.311    -.1830958    .0596323
------------------------------------------------------------------------------

 ( 1)  D.ln_mw + LD.ln_mw + L2D.ln_mw + L3D.ln_mw + L4D.ln_mw = 0

------------------------------------------------------------------------------
  D.ln_rents |      Coef.   Std. Err.      t    P>|t|     [95% Conf. Interval]
-------------+----------------------------------------------------------------
         (1) |  -.0186546   .0506513    -0.37   0.714    -.1208027    .0834934
------------------------------------------------------------------------------
number of observations will be reset to 6
Press any key to continue, or Break to abort
number of observations (_N) was 0, now 6
(note: file ../temp/estimates_ln_mw_only_dynamic_sumsum_from0.dta not found)
file ../temp/estimates_ln_mw_only_dynamic_sumsum_from0.dta saved
(note: variable at was byte, now float to accommodate using data's values)
(note: variable var was str5, now str12 to accommodate using data's values)
(1 observation deleted)
file ../temp/estimates_ln_mw_only_dynamic.dta saved
(note: file ../temp/estimates_ln_mw_only_dynamic.csv not found)
file ../temp/estimates_ln_mw_only_dynamic.csv saved
(note: file ../output/estimates_dynamic.dta not found)
file ../output/estimates_dynamic.dta saved
(note: file ../output/estimates_dynamic.csv not found)
file ../output/estimates_dynamic.csv saved

. 
end of do-file


Execute:  R CMD BATCH --no-save "./tables.R" tables.Rout

R version 4.1.1 (2021-08-10) -- "Kick Things"
Copyright (C) 2021 The R Foundation for Statistical Computing
Platform: x86_64-w64-mingw32/x64 (64-bit)

R is free software and comes with ABSOLUTELY NO WARRANTY.
You are welcome to redistribute it under certain conditions.
Type 'license()' or 'licence()' for distribution details.

  Natural language support but running in an English locale

R is a collaborative project with many contributors.
Type 'contributors()' for more information and
'citation()' on how to cite R or R packages in publications.

Type 'demo()' for some demos, 'help()' for on-line help, or
'help.start()' for an HTML browser interface to help.
Type 'q()' to quit R.

> remove(list = ls())
> 
> 
> main <- function() {
+   
+   instub  <- "../output/"
+   outstub <- "../output/"
+   
+   est <- read.csv(file.path(instub, "estimates_static.csv"))
+   est_var <- est[est$var != "cumsum_from0", ]
+   
+   
+   txt <- c("<tab:static_county>")
+   txt <- c(txt, 
+            paste(est_var[est_var$model == "exp_mw_on_mw",]$b,
+                  est_var[est_var$model == "static_statutory",]$b, 
+                  est_var[est_var$model == "static_both" & est_var$var == "ln_mw",]$b, sep = "\t"))
+   
+   txt <- c(txt, 
+            paste(est_var[est_var$model == "exp_mw_on_mw",]$se,
+                  est_var[est_var$model == "static_statutory",]$se, 
+                  est_var[est_var$model == "static_both" & est_var$var == "ln_mw",]$se, sep = "\t"))
+   
+   txt <- c(txt, 
+            paste(est_var[est_var$model == "static_experienced",]$b, 
+                  est_var[est_var$model == "static_both" & est_var$var == "exp_ln_mw",]$b, sep = "\t"))
+   txt <- c(txt, 
+            paste(est_var[est_var$model == "static_experienced",]$se, 
+                  est_var[est_var$model == "static_both" & est_var$var == "exp_ln_mw",]$se, sep = "\t"))
+   
+   txt <- c(txt, paste0(est[est$model == "static_both" & est$var == "cumsum_from0",]$b))
+   txt <- c(txt, paste0(est[est$model == "static_both" & est$var == "cumsum_from0",]$se))
+   txt <- c(txt, paste0(est[est$model == "static_both" & est$var == "cumsum_from0",]$p_equality))
+   
+   txt <- c(txt, 
+            paste(est_var[est_var$model == "exp_mw_on_mw",]$r2,
+                  est_var[est_var$model == "static_statutory",]$r2, 
+                  est_var[est_var$model == "static_experienced",]$r2, 
+                  est_var[est_var$model == "static_both",]$r2[1], sep = "\t"))
+   
+   txt <- c(txt, 
+            paste(est_var[est_var$model == "exp_mw_on_mw",]$N,
+                  est_var[est_var$model == "static_statutory",]$N, 
+                  est_var[est_var$model == "static_experienced",]$N, 
+                  est_var[est_var$model == "static_both",]$N[1], sep = "\t"))
+   
+   fileConn <- file(file.path(outstub, "static_county.txt"))
+   writeLines(txt, fileConn)
+   close(fileConn)
+ }
> 
> 
> main()
> 
> proc.time()
   user  system elapsed 
   0.31    0.12    0.40 


Execute:  StataMP-64 /e do "./figures.do"

  ___  ____  ____  ____  ____ (R)
 /__    /   ____/   /   ____/
___/   /   /___/   /   /___/   15.1   Copyright 1985-2017 StataCorp LLC
  Statistics/Data Analysis            StataCorp
                                      4905 Lakeway Drive
     MP - Parallel Edition            College Station, Texas 77845 USA
                                      800-STATA-PC        http://www.stata.com
                                      979-696-4600        stata@stata.com
                                      979-696-4601 (fax)

Single-user 32-core Stata perpetual license:
       Serial number:  501506205566
         Licensed to:  KU Leuven FEB (CES)
                       KU Leuven

Notes:
      1.  Stata is running in batch mode.
      2.  Unicode is supported; see help unicode_advice.
      3.  More than 2 billion observations are allowed; see help obs_advice.
      4.  Maximum number of variables is set to 5000; see help set_maxvar.

. do ./figures.do 

. clear all

. set more off

. adopath + ../../../lib/stata/gslab_misc/ado
  [1]  (BASE)      "C:\Program Files\Stata15\ado\base/"
  [2]  (SITE)      "C:\Program Files\Stata15\ado\site/"
  [3]              "."
  [4]  (PERSONAL)  "c:\ado\personal/"
  [5]  (PLUS)      "c:\ado\plus/"
  [6]  (OLDPLACE)  "c:\ado/"
  [7]              "../../../lib/stata/gslab_misc/ado"

. adopath + ../../../lib/stata/min_wage/ado
  [1]  (BASE)      "C:\Program Files\Stata15\ado\base/"
  [2]  (SITE)      "C:\Program Files\Stata15\ado\site/"
  [3]              "."
  [4]  (PERSONAL)  "c:\ado\personal/"
  [5]  (PLUS)      "c:\ado\plus/"
  [6]  (OLDPLACE)  "c:\ado/"
  [7]              "../../../lib/stata/gslab_misc/ado"
  [8]              "../../../lib/stata/min_wage/ado"

. set maxvar 32000 


. 
. program main
  1.     local instub "../output"
  2.     
.     use "`instub'/estimates_dynamic.dta", replace
  3. 
.     make_bounds
  4.     
.     plot_dynamics, model(ln_mw_only_dynamic) var(ln_mw) ///
>         legend_var(Coefficents of ln MW) ///
>         color(maroon) symbol(square) ///
>         name(fd_ln_mw_only_dynamic)
  5.         
.     plot_dynamics, model(exp_ln_mw_17_only_dynamic) var(exp_ln_mw_17) ///
>         legend_var(Coefficents of experienced ln MW) ///
>         color(navy) symbol(circle) ///
>         name(fd_exp_ln_mw_17_only_dynamic)
  6.     
.     offset_x_axis
  7. 
.     plot_dynamics_both, model(baseline_exp_ln_mw_17_dynamic) dyn_var(exp_ln_m
> w_17) ///
>         legend_dyn_var(Coefficents of experienced ln MW) ///
>         color_dyn_var(navy) symbol_dyn_var(cirlce) ///
>         stat_var(ln_mw) legend_stat_var(Coefficent of ln MW) ///
>         color_stat_var(maroon) symbol_stat_var(square) ///
>         name(fd_baseline_exp_ln_mw_17_dynamic)
  8.         
.     plot_dynamics_both, model(both_ln_mw_dynamic) dyn_var(ln_mw) ///
>         legend_dyn_var(Coefficents of ln MW) ///
>         color_dyn_var(maroon) symbol_dyn_var(square) ///
>         stat_var(exp_ln_mw_17) legend_stat_var(Coefficent of experienced ln M
> W) ///
>         color_stat_var(navy) symbol_stat_var(circle) ///
>         name(fd_both_ln_mw_dynamic)
  9. end

. 
. program make_bounds
  1.     gen b_lb = b - 1.96*se
  2.     gen b_ub = b + 1.96*se
  3. end

. 
. program offset_x_axis
  1.     gen at_r = at + 0.2
  2.     gen at_l = at - 0.2
  3. end

. 
. program plot_dynamics
  1.     syntax, model(str) var(str) legend_var(str) ///
>             color(str) symbol(str) name(str) [w(int 4)]
  2.         
.     preserve
  3.         keep if model == "`model'"
  4. 
.         twoway ///
>                 (scatter b         at   if var == "`var'",        mcol(`color
> ') msymbol(`symbol')) ///
>             (rcap    b_lb b_ub at   if var == "`var'",        lcol(`color') l
> w(thin))          ///
>             (line    b         at   if var == "cumsum_from0", col(`color'))  
>                   ///
>             (line    b_lb      at   if var == "cumsum_from0", col(`color') lw
> (thin) lp(dash))  ///
>             (line    b_ub      at   if var == "cumsum_from0", col(`color') lw
> (thin) lp(dash)), ///
>           yline(0, lcol(black))                                              
>                   ///
>           xlabel(-`w'(1)`w', labsize(small)) xtitle("")                      
>                   ///
>           ylabel(-0.06(0.02).16, grid labsize(small)) ytitle("Coefficient")  
>                   ///
>           legend(order(1 `"`legend_var'"' 3 "Cumulative sum"))               
>                   ///
>           graphregion(color(white)) bgcolor(white)
  5. 
.         graph export "../output/`name'.png", replace
  6.         graph export "../output/`name'.eps", replace
  7.     restore
  8. end

. 
. program plot_dynamics_both
  1.     syntax, model(str) dyn_var(str) stat_var(str) ///
>         legend_dyn_var(str) color_dyn_var(str) symbol_dyn_var(str) ///
>         legend_stat_var(str) color_stat_var(str) symbol_stat_var(str) ///
>         name(str) [w(int 4)]
  2.         
.     preserve
  3.         keep if model == "`model'"
  4. 
.         twoway ///
>             (scatter b         at   if var == "`dyn_var'",    mcol(`color_dyn
> _var') msymbol(`symbol_dyn_var'))   ///
>             (rcap    b_lb b_ub at   if var == "`dyn_var'",    lcol(`color_dyn
> _var') lw(thin))                    ///
>             (scatter b         at_r if var == "`stat_var'",   mcol(`color_sta
> t_var') msymbol(`symbol_stat_var')) ///
>             (rcap    b_lb b_ub at_r if var == "`stat_var'",   col(`color_stat
> _var') lw(thin))                    ///
>             (line    b         at_l if var == "cumsum_from0", col(`color_dyn_
> var'))                              ///
>             (line    b_lb      at_l if var == "cumsum_from0", col(`color_dyn_
> var') lw(thin) lp(dash))            ///
>             (line    b_ub      at_l if var == "cumsum_from0", col(`color_dyn_
> var') lw(thin) lp(dash)),           ///
>           yline(0, lcol(black))                                              
>                                     ///
>           xlabel(-`w'(1)`w', labsize(small)) xtitle("")                      
>                                     ///
>           ylabel(-0.06(0.02).16, grid labsize(small)) ytitle("Coefficient")  
>                                     ///
>           legend(order(1 `"`legend_dyn_var'"' 3 `"`legend_stat_var'"' 5 "Cumu
> lative sum"))                       ///
>           graphregion(color(white)) bgcolor(white)
  5. 
.         graph export "../output/`name'.png", replace
  6.         graph export "../output/`name'.eps", replace
  7.     restore
  8. end

. 
. 
. main
(47 observations deleted)
(note: file ../output/fd_ln_mw_only_dynamic.png not found)
(file ../output/fd_ln_mw_only_dynamic.png written in PNG format)
(note: file ../output/fd_ln_mw_only_dynamic.eps not found)
(file ../output/fd_ln_mw_only_dynamic.eps written in EPS format)
(47 observations deleted)
(note: file ../output/fd_exp_ln_mw_17_only_dynamic.png not found)
(file ../output/fd_exp_ln_mw_17_only_dynamic.png written in PNG format)
(note: file ../output/fd_exp_ln_mw_17_only_dynamic.eps not found)
(file ../output/fd_exp_ln_mw_17_only_dynamic.eps written in EPS format)
(46 observations deleted)
(note:  named style cirlce not found in class symbol, default attributes
    used)
(note: file ../output/fd_baseline_exp_ln_mw_17_dynamic.png not found)
(file ../output/fd_baseline_exp_ln_mw_17_dynamic.png written in PNG format)
(note: file ../output/fd_baseline_exp_ln_mw_17_dynamic.eps not found)
(file ../output/fd_baseline_exp_ln_mw_17_dynamic.eps written in EPS format)
(46 observations deleted)
(note: file ../output/fd_both_ln_mw_dynamic.png not found)
(file ../output/fd_both_ln_mw_dynamic.png written in PNG format)
(note: file ../output/fd_both_ln_mw_dynamic.eps not found)
(file ../output/fd_both_ln_mw_dynamic.eps written in EPS format)

. 
end of do-file

 make.py ended: 2021-10-16 18:23:39
