===============================================================================
File: ../../../drive/derived_large/stacked_sample/stacked_sample_window3.dta
Key: zipcode year_month event_id
===============================================================================
  66402:53(81517):89294740:2089191936

    Variable |        Obs        Mean    Std. Dev.       Min        Max
-------------+---------------------------------------------------------
     zipcode |          0
  year_month |     66,402    682.1619    27.13289        609        717
    event_id |     66,402    425.2384    161.4995          1        605
      cbsa10 |          0
 zipcode_num |     66,402    55435.71    32555.66       1545      99705
-------------+---------------------------------------------------------
   statefips |          0
       rural |     66,402    .1088973    .3115127          0          1
   actual_mw |     66,402    9.457173    1.965926       7.25       16.3
exp_ln_mw_17 |     66,402    2.225433    .1828008   1.869081   2.697111
   exp_ln_mw |     66,402    2.225664    .1828348   1.880201   2.702742
-------------+---------------------------------------------------------
    ln_rents |     66,402    .3632877    .5458795  -.8414373   3.132185
       ln_mw |     66,402    2.226921    .1954214   1.981001   2.791165
ln_emp_biz~v |     66,402    11.40118    1.275725   5.783825    13.3753
 ln_emp_info |     66,342    9.350496     1.55433   1.791759   12.38988
  ln_emp_fin |     66,400    10.41485    1.318975   4.094345   12.89542
-------------+---------------------------------------------------------
ln_estcoun~v |     66,402    8.951209    1.131191    3.89182   10.96353
ln_estcoun~o |     66,402    6.451106      1.3547   1.098612   9.531191
ln_estcoun~n |     66,402    8.206987    1.150557   2.639057   10.33748
ln_avgwwag~v |     66,402     7.23432    .3338952   6.253829   8.432724
ln_avgwwag~o |     66,342    7.467822    .4149718   6.011267   9.004791
-------------+---------------------------------------------------------
ln_avgwwag~n |     66,400    7.410205    .4142925   6.318968   9.163982
zipcode_ev~d |     66,402    42.21516    38.25967          1        167
  d_ln_rents |     66,307     .002888     .034049  -.1955121   .1651244
     d_ln_mw |     66,307    .0063899    .0234739   -.290338   .2412503
d_exp_ln_~17 |     66,307    .0063193    .0207878  -.0896568   .2146022
-------------+---------------------------------------------------------
 d_exp_ln_mw |     66,307    .0063238    .0207996  -.0876359   .2146022
d_ln_emp_b~v |     66,307    .0025834    .0169031    -.25245   .3948364
d_ln_emp_i~o |     66,228    .0007197    .0327983  -.9162908   .8472979
d_ln_emp_fin |     66,305    .0016337    .0126928  -.5540133   .2210426
d_ln_estco~v |     66,307    .0034421    .0115523   -.115449   .0946836
-------------+---------------------------------------------------------
d_ln_estco~o |     66,307    .0045001    .0205142  -.2876821   .3254225
d_ln_estco~n |     66,307    .0029444    .0119654   -.482594   .5102034
d_ln_avgww~v |     66,307    .0056179    .0777765  -.9705091   1.036364
d_ln_avgww~o |     66,228    .0001201    .0995036  -1.326556   1.325468
d_ln_avgww~n |     66,305    .0021008    .1406001  -.9973412    .756268
-------------+---------------------------------------------------------
  L1_d_ln_mw |     66,063    .0063132    .0232819   -.290338   .2412503
  F1_d_ln_mw |     66,402    .0062774    .0232572   -.290338   .2412503
  L2_d_ln_mw |     65,622    .0063689    .0233066          0   .2412503
  F2_d_ln_mw |     66,402    .0062794    .0232594   -.290338   .2412503
  L3_d_ln_mw |     64,917    .0074471    .0251018          0   .2412503
-------------+---------------------------------------------------------
  F3_d_ln_mw |     65,711    .0072403    .0248897   -.290338   .2412503
L1_d_exp_~17 |     66,063    .0062457    .0207526  -.0896568   .2146022
F1_d_exp_~17 |     66,402    .0061678    .0206658  -.0896568   .2146022
L2_d_exp_~17 |     65,622    .0063044    .0208073  -.0002658   .2146022
F2_d_exp_~17 |     66,402    .0061689    .0206661  -.0896568   .2146022
-------------+---------------------------------------------------------
L3_d_exp_~17 |     64,917    .0074457    .0221138  -.0002658   .2146022
F3_d_exp_~17 |     65,711    .0071915    .0218011  -.0896568   .2146022
L1_d_exp_l~w |     66,063    .0062502    .0207646  -.0876359   .2146022
F1_d_exp_l~w |     66,402    .0061703    .0206751  -.0876359   .2146022
L2_d_exp_l~w |     65,622    .0063085    .0208196  -.0002656   .2146022
-------------+---------------------------------------------------------
F2_d_exp_l~w |     66,402    .0061715    .0206755  -.0876359   .2146022
L3_d_exp_l~w |     64,917      .00745    .0221285  -.0002656   .2146022
F3_d_exp_l~w |     65,711    .0071941    .0218097  -.0876359   .2146022




===============================================================================
File: ../../../drive/derived_large/stacked_sample/stacked_sample_window6.dta
Key: zipcode year_month event_id
===============================================================================
  108602:71(55216):368811390:1192080957

    Variable |        Obs        Mean    Std. Dev.       Min        Max
-------------+---------------------------------------------------------
     zipcode |          0
  year_month |    108,602    680.8329     25.6643        606        716
    event_id |    108,602    422.0608    155.1737          1        604
      cbsa10 |          0
 zipcode_num |    108,602     55498.6    32280.83       1545      99705
-------------+---------------------------------------------------------
   statefips |          0
       rural |    108,602    .1090496    .3117028          0          1
   actual_mw |    108,602    9.310654    1.805072       7.25       16.3
exp_ln_mw_17 |    108,602    2.212537    .1714668   1.884169   2.697305
   exp_ln_mw |    108,602    2.212762    .1715112   1.887812   2.702941
-------------+---------------------------------------------------------
    ln_rents |    108,602    .3393104     .535019  -.8414373   3.100092
       ln_mw |    108,602    2.213942    .1818626   1.981001   2.791165
ln_emp_biz~v |    108,602     11.3812    1.263418   5.529429   13.36667
 ln_emp_info |    108,498    9.316896    1.530735   1.791759   12.38988
  ln_emp_fin |    108,596    10.40144     1.31165    4.29046   12.89351
-------------+---------------------------------------------------------
ln_estcoun~v |    108,602    8.936207    1.121147   3.931826   10.93852
ln_estcoun~o |    108,602     6.41829    1.325789   1.386294   9.488881
ln_estcoun~n |    108,602    8.192217     1.13671    2.70805   10.31685
ln_avgwwag~v |    108,602    7.197603    .3305853   6.253829   8.432724
ln_avgwwag~o |    108,498    7.437434    .4128487   5.891644   9.004791
-------------+---------------------------------------------------------
ln_avgwwag~n |    108,596    7.362935      .40074   6.318968   9.163982
zipcode_ev~d |    108,602     41.6197     38.0397          1        167
  d_ln_rents |    108,353    .0025497    .0332319  -.1955121   .1653653
     d_ln_mw |    108,353    .0046772    .0203831   -.290338   .2412503
d_exp_ln_~17 |    108,353    .0047387    .0178736  -.0896568   .2146022
-------------+---------------------------------------------------------
 d_exp_ln_mw |    108,353    .0047416    .0178869  -.0876359   .2146022
d_ln_emp_b~v |    108,353    .0020141    .0159463  -.2854004   .3948364
d_ln_emp_i~o |    108,224    .0001985    .0318081  -.9162908   .8472979
d_ln_emp_fin |    108,345    .0013902    .0117991  -.5540133   .2210426
d_ln_estco~v |    108,353     .002875    .0110717  -.1546545   .0946836
-------------+---------------------------------------------------------
d_ln_estco~o |    108,353    .0038217    .0188636  -.2876821   .3254225
d_ln_estco~n |    108,353    .0025899    .0108047   -.482594   .5102034
d_ln_avgww~v |    108,353    .0017876      .06342  -.9705091   1.036364
d_ln_avgww~o |    108,224    .0044788    .0918497  -1.326556   1.693995
d_ln_avgww~n |    108,345    .0031668    .1183772  -.9973412   1.088082
-------------+---------------------------------------------------------
  L1_d_ln_mw |    107,984    .0041257    .0191541   -.290338   .2412503
  F1_d_ln_mw |    108,602    .0041747    .0192318   -.290338   .2412503
  L2_d_ln_mw |    107,492    .0041472    .0192035   -.290338   .2412503
  F2_d_ln_mw |    108,602    .0041807    .0192463   -.290338   .2412503
  L3_d_ln_mw |    106,889    .0042319    .0194326   -.290338   .2412503
-------------+---------------------------------------------------------
  F3_d_ln_mw |    108,602    .0042576    .0194176   -.290338   .2412503
  L4_d_ln_mw |    106,190    .0042086    .0193448   -.290338   .2412503
  F4_d_ln_mw |    108,539     .004196    .0192652   -.290338   .2412503
  L5_d_ln_mw |    105,252    .0043727     .019766          0   .2412503
  F5_d_ln_mw |    108,476    .0042125    .0192855   -.290338   .2412503
-------------+---------------------------------------------------------
  L6_d_ln_mw |    103,800    .0063701    .0235624          0   .2412503
  F6_d_ln_mw |    106,832    .0060553    .0221234   -.290338   .2412503
L1_d_exp_~17 |    107,984    .0041428    .0169773  -.0896568   .2146022
F1_d_exp_~17 |    108,602    .0041842     .016964  -.0896568   .2146022
L2_d_exp_~17 |    107,492    .0041642    .0170166  -.0896568   .2146022
-------------+---------------------------------------------------------
F2_d_exp_~17 |    108,602    .0041904    .0169757  -.0896568   .2146022
L3_d_exp_~17 |    106,889    .0042449    .0171178  -.0896568   .2146022
F3_d_exp_~17 |    108,602    .0042851    .0170849  -.0896568   .2146022
L4_d_exp_~17 |    106,190     .004228    .0171366  -.0896568   .2146022
F4_d_exp_~17 |    108,539    .0042014    .0169982  -.0896568   .2146022
-------------+---------------------------------------------------------
L5_d_exp_~17 |    105,252    .0043936    .0175341  -.0002658   .2146022
F5_d_exp_~17 |    108,476     .004223    .0170166  -.0896568   .2146022
L6_d_exp_~17 |    103,800    .0063594    .0209718  -.0002658   .2146022
F6_d_exp_~17 |    106,832    .0060432    .0194668  -.0896568   .2146022
L1_d_exp_l~w |    107,984    .0041459     .016991  -.0876359   .2146022
-------------+---------------------------------------------------------
F1_d_exp_l~w |    108,602    .0041866    .0169737  -.0876359   .2146022
L2_d_exp_l~w |    107,492    .0041674    .0170304  -.0876359   .2146022
F2_d_exp_l~w |    108,602    .0041932    .0169857  -.0876359   .2146022
L3_d_exp_l~w |    106,889     .004248    .0171319  -.0876359   .2146022
F3_d_exp_l~w |    108,602    .0042885    .0170953  -.0876359   .2146022
-------------+---------------------------------------------------------
L4_d_exp_l~w |    106,190    .0042312    .0171512  -.0876359   .2146022
F4_d_exp_l~w |    108,539    .0042036    .0170063  -.0876359   .2146022
L5_d_exp_l~w |    105,252    .0043969    .0175496  -.0004057   .2146022
F5_d_exp_l~w |    108,476     .004225    .0170248  -.0876359   .2146022
L6_d_exp_l~w |    103,800    .0063637    .0209859  -.0004057   .2147492
-------------+---------------------------------------------------------
F6_d_exp_l~w |    106,832    .0060465    .0194776  -.0876359   .2146022




===============================================================================
File: ../../../drive/derived_large/stacked_sample/stacked_sample_window9.dta
Key: zipcode year_month event_id
===============================================================================
  149378:89(74346):4175311280:2130732929

    Variable |        Obs        Mean    Std. Dev.       Min        Max
-------------+---------------------------------------------------------
     zipcode |          0
  year_month |    149,378    681.0843    25.65151        603        719
    event_id |    149,378      425.48    151.7969          3        604
      cbsa10 |          0
 zipcode_num |    149,378    55015.73    32241.65       1545      99705
-------------+---------------------------------------------------------
   statefips |          0
       rural |    149,378    .1078606    .3102053          0          1
   actual_mw |    149,378    9.298274     1.81011       7.25       16.3
exp_ln_mw_17 |    149,378    2.210682    .1715123   1.884169   2.697305
   exp_ln_mw |    149,378    2.210899    .1715612   1.887812   2.702946
-------------+---------------------------------------------------------
    ln_rents |    149,378     .340841    .5379413  -.8414373   3.118553
       ln_mw |    149,378    2.212561    .1818998   1.981001   2.791165
ln_emp_biz~v |    149,378    11.39364    1.253702   5.703783    13.3753
 ln_emp_info |    149,237    9.325459    1.516498   1.791759   12.38988
  ln_emp_fin |    149,370    10.41721    1.305156    4.26268   12.89542
-------------+---------------------------------------------------------
ln_estcoun~v |    149,378    8.950289    1.111971   3.931826   10.96353
ln_estcoun~o |    149,378     6.42808    1.313823   1.386294   9.531191
ln_estcoun~n |    149,378    8.205761    1.128693    2.70805   10.33748
ln_avgwwag~v |    149,378    7.191801    .3291094   6.253829   8.432724
ln_avgwwag~o |    149,237    7.429394    .4079338   5.891644   9.004791
-------------+---------------------------------------------------------
ln_avgwwag~n |    149,370    7.351416    .3953861   6.318968   9.163982
zipcode_ev~d |    149,378    42.02366    38.19739          1        167
  d_ln_rents |    149,267    .0022888    .0328581  -.1955121   .1645665
     d_ln_mw |    149,267    .0033518    .0174179   -.290338   .2412503
d_exp_ln_~17 |    149,267    .0034074    .0152345  -.0896568   .2146022
-------------+---------------------------------------------------------
 d_exp_ln_mw |    149,267    .0034097    .0152463  -.0876359   .2146022
d_ln_emp_b~v |    149,267    .0027118    .0149471  -.2854004   .3948364
d_ln_emp_i~o |    149,099    .0000706    .0304845  -.9162908   .8472979
d_ln_emp_fin |    149,257    .0017057    .0109482  -.5540133   .2210426
d_ln_estco~v |    149,267    .0031963    .0104924  -.1546545   .0946836
-------------+---------------------------------------------------------
d_ln_estco~o |    149,267    .0039543    .0176722  -.2876821   .2980447
d_ln_estco~n |    149,267    .0027878    .0101129   -.482594   .5102034
d_ln_avgww~v |    149,267    .0044891    .0673256  -.9705091   1.036364
d_ln_avgww~o |    149,099   -.0000812     .091373   -1.67808   1.693995
d_ln_avgww~n |    149,257   -.0028016    .1249148  -.9973412   1.088082
-------------+---------------------------------------------------------
  L1_d_ln_mw |    149,060    .0033105     .017317   -.290338   .2412503
  F1_d_ln_mw |    149,318    .0033067    .0172711   -.290338   .2412503
  L2_d_ln_mw |    148,614    .0033999    .0176314   -.290338   .2412503
  F2_d_ln_mw |    149,258    .0033137    .0172751   -.290338   .2412503
  L3_d_ln_mw |    147,654    .0048548    .0209141   -.290338   .2412503
-------------+---------------------------------------------------------
  F3_d_ln_mw |    147,674    .0045577    .0195214   -.290338   .2412503
  L4_d_ln_mw |    146,560     .004537    .0202434   -.290338   .2412503
  F4_d_ln_mw |    145,991    .0042847    .0189212   -.290338   .2412503
  L5_d_ln_mw |    145,366    .0045918     .020338   -.290338   .2412503
  F5_d_ln_mw |    144,308    .0043379    .0190555   -.290338   .2412503
-------------+---------------------------------------------------------
  L6_d_ln_mw |    144,081    .0046547    .0204745   -.290338   .2412503
  F6_d_ln_mw |    142,625    .0044159    .0192378   -.290338   .2412503
  L7_d_ln_mw |    142,691    .0046765    .0204921   -.290338   .2412503
  F7_d_ln_mw |    140,942    .0044304    .0192366   -.290338   .2412503
  L8_d_ln_mw |    141,191    .0047325    .0205707          0   .2412503
-------------+---------------------------------------------------------
  F8_d_ln_mw |    139,259    .0044845    .0193469   -.290338   .2412503
  L9_d_ln_mw |    139,471     .005036    .0212161          0   .2412503
  F9_d_ln_mw |    137,070    .0048924    .0202931   -.290338   .2412503
L1_d_exp_~17 |    149,060    .0033555     .015177  -.0896568   .2146022
F1_d_exp_~17 |    149,318     .003366    .0151847  -.0896568   .2146022
-------------+---------------------------------------------------------
L2_d_exp_~17 |    148,614    .0034447    .0154597  -.0896568   .2146022
F2_d_exp_~17 |    149,258     .003378    .0151929  -.0896568   .2146022
L3_d_exp_~17 |    147,654    .0048847    .0184916  -.0896568   .2146022
F3_d_exp_~17 |    147,674    .0046135    .0171646  -.0896568   .2146022
L4_d_exp_~17 |    146,560    .0045368    .0180219  -.0896568   .2146022
-------------+---------------------------------------------------------
F4_d_exp_~17 |    145,991    .0043099    .0167318  -.0896568   .2146022
L5_d_exp_~17 |    145,366    .0045907    .0181041  -.0896568   .2146022
F5_d_exp_~17 |    144,308     .004361    .0168293  -.0896568   .2146022
L6_d_exp_~17 |    144,081    .0046684    .0182159  -.0896568   .2146022
F6_d_exp_~17 |    142,625     .004437    .0169468  -.0896568   .2146022
-------------+---------------------------------------------------------
L7_d_exp_~17 |    142,691    .0046944    .0183025  -.0896568   .2146022
F7_d_exp_~17 |    140,942    .0044335    .0169825  -.0896568   .2146022
L8_d_exp_~17 |    141,191    .0047518      .01839  -.0002658   .2146022
F8_d_exp_~17 |    139,259    .0044863    .0170778  -.0896568   .2146022
L9_d_exp_~17 |    139,471    .0050715    .0189557  -.0002658   .2146022
-------------+---------------------------------------------------------
F9_d_exp_~17 |    137,070    .0049095     .017876  -.0896568   .2146022
L1_d_exp_l~w |    149,060    .0033574    .0151887  -.0876359   .2146022
F1_d_exp_l~w |    149,318    .0033684    .0151961  -.0876359   .2146022
L2_d_exp_l~w |    148,614    .0034465    .0154716  -.0876359   .2146022
F2_d_exp_l~w |    149,258    .0033803    .0152042  -.0876359   .2146022
-------------+---------------------------------------------------------
L3_d_exp_l~w |    147,654    .0048876     .018504  -.0876359   .2147492
F3_d_exp_l~w |    147,674    .0046164    .0171779  -.0876359   .2146022
L4_d_exp_l~w |    146,560    .0045397    .0180346  -.0876359   .2147492
F4_d_exp_l~w |    145,991     .004313    .0167456  -.0876359   .2146022
L5_d_exp_l~w |    145,366    .0045936    .0181169  -.0876359   .2147492
-------------+---------------------------------------------------------
F5_d_exp_l~w |    144,308    .0043643    .0168431  -.0876359   .2146022
L6_d_exp_l~w |    144,081    .0046719    .0182297  -.0876359   .2147492
F6_d_exp_l~w |    142,625    .0044403    .0169601  -.0876359   .2146022
L7_d_exp_l~w |    142,691    .0046978    .0183161  -.0876359   .2147492
F7_d_exp_l~w |    140,942    .0044359     .016994  -.0876359   .2146022
-------------+---------------------------------------------------------
L8_d_exp_l~w |    141,191    .0047552    .0184039  -.0004057   .2147492
F8_d_exp_l~w |    139,259    .0044887    .0170894  -.0876359   .2146022
L9_d_exp_l~w |    139,471    .0050748    .0189696  -.0004057   .2147492
F9_d_exp_l~w |    137,070    .0049121     .017889  -.0876359   .2146022




