
========================================================================== 
File: ../../../drive/derived_large/min_wage/zipcode_experienced_mw_cfs.csv 
MD5:  af023c4676bc550e79052c563ceb909c 
Key:  zipcode year month counterfactual 
 
 ======================================================================== 
            variable           mean     sd    min   max    N      type    
 ------------------------------------------------------------------------ 
 1       counterfactual                                  234846 character 
 2    exp_ln_mw_age_30to54     2.022   0.760   0   2.756 234846  numeric  
 3   exp_ln_mw_age_above55     2.022   0.760   0   2.756 234846  numeric  
 4   exp_ln_mw_age_under29     2.021   0.759   0   2.759 234846  numeric  
 5  exp_ln_mw_earn_1250_3333   2.021   0.759   0   2.755 234846  numeric  
 6  exp_ln_mw_earn_above3333   2.022   0.760   0   2.757 234846  numeric  
 7  exp_ln_mw_earn_under1250   2.021   0.759   0   2.757 234846  numeric  
 8    exp_ln_mw_goods_prod     2.021   0.759   0   2.745 234846  numeric  
 9  exp_ln_mw_other_serv_ind   2.022   0.760   0   2.756 234846  numeric  
 10      exp_ln_mw_tot         2.022   0.760   0   2.756 234846  numeric  
 11 exp_ln_mw_trad_tran_util   2.021   0.759   0   2.765 234846  numeric  
 12          month             6.500   5.500   1    12   234846  numeric  
 13           year           2,019.500 0.500 2,019 2,020 234846  numeric  
 14        year_month                                    234846  yearmon  
 15         zipcode                                      234846 character 
 ------------------------------------------------------------------------ 
