
========================================================================== 
File: ../../../drive/derived_large/min_wage/zip_statutory_mw.csv 
MD5:  f619f7ecdbfc0428caa9bce17a877224 
Key:  zipcode year month 
 
 ================================================================================ 
               variable              mean     sd    min   max      N      type    
 -------------------------------------------------------------------------------- 
 1            actual_mw              7.932   1.130 7.250 16.090 4858560  numeric  
 2      actual_mw_ignore_local       7.902   1.042 7.250   14   4858560  numeric  
 3    actual_mw_ignore_local_max     7.903   1.043 7.250   14   4858560  numeric  
 4  actual_mw_ignore_local_wg_mean   7.902   1.042 7.250   14   4858560  numeric  
 5          actual_mw_max            7.934   1.134 7.250 16.300 4858560  numeric  
 6        actual_mw_wg_mean          7.931   1.129 7.250 16.090 4858560  numeric  
 7            binding_mw             1.479   0.560   1     4    4858560  numeric  
 8     binding_mw_ignore_local       1.454   0.498   1     2    4858560  numeric  
 9            county_mw              9.203   1.832 7.250 14.250 137880   numeric  
 10             fed_mw               7.250     0   7.250 7.250  4858560  numeric  
 11            local_mw              9.709   2.181 7.250 16.090 169200   numeric  
 12             month                6.500   3.452   1     12   4858560  numeric  
 13            state_mw              7.902   1.042 7.250   14   4858560  numeric  
 14              year              2,014.500 2.872 2,010 2,019  4858560  numeric  
 15           year_month                                        4858560  yearmon  
 16            zipcode                                          4858560 character 
 -------------------------------------------------------------------------------- 

========================================================================== 
File: ../../../drive/derived_large/min_wage/county_statutory_mw.csv 
MD5:  c1ad9d00a4727c3ce91a2b34ea763597 
Key:  countyfips year month 
 
 =============================================================================== 
               variable              mean     sd    min   max     N      type    
 ------------------------------------------------------------------------------- 
 1            actual_mw              7.680   0.832 7.250 15.590 377160  numeric  
 2      actual_mw_ignore_local       7.676   0.818 7.250   14   377160  numeric  
 3    actual_mw_ignore_local_max     7.676   0.818 7.250   14   377160  numeric  
 4  actual_mw_ignore_local_wg_mean   7.676   0.818 7.250   14   377160  numeric  
 5          actual_mw_max            7.685   0.855 7.250 16.300 377160  numeric  
 6        actual_mw_wg_mean          7.681   0.836 7.250 15.590 377160  numeric  
 7            binding_mw             1.340   0.481   1     4    377160  numeric  
 8     binding_mw_ignore_local       1.337   0.473   1     2    377160  numeric  
 9            county_mw              8.818   1.680 7.250 14.250  1080   numeric  
 10           countyfips                                        377160 character 
 11             fed_mw               7.250     0   7.250 7.250  377160  numeric  
 12            local_mw              9.620   2.276 7.250 15.590  1440   numeric  
 13             month                6.500   3.452   1     12   377160  numeric  
 14            state_mw              7.676   0.818 7.250   14   377160  numeric  
 15              year              2,014.500 2.872 2,010 2,019  377160  numeric  
 16           year_month                                        377160  yearmon  
 ------------------------------------------------------------------------------- 

========================================================================== 
File: ../../../drive/derived_large/min_wage/zipcode_cfs.csv 
MD5:  8250de13beb255e1c412b497c2727768 
Key:  zipcode year month 
 
 ============================================================================== 
               variable              mean     sd    min   max     N     type    
 ------------------------------------------------------------------------------ 
 1            actual_mw              8.898   1.972 7.250 16.090 80976  numeric  
 2        actual_mw_cf_10pc          9.227   1.713 7.975 16.090 80976  numeric  
 3        actual_mw_cf_15usd        15.002   0.041  15   16.090 80976  numeric  
 4        actual_mw_cf_9usd          9.782   1.359   9   16.090 80976  numeric  
 5      actual_mw_ignore_local       8.795   1.781 7.250   14   80976  numeric  
 6    actual_mw_ignore_local_max     8.797   1.781 7.250   14   80976  numeric  
 7  actual_mw_ignore_local_wg_mean   8.795   1.781 7.250   14   80976  numeric  
 8          actual_mw_max            8.904   1.979 7.250 16.300 80976  numeric  
 9        actual_mw_wg_mean          8.897   1.971 7.250 16.090 80976  numeric  
 10           binding_mw             1.611   0.625   1     4    80976  numeric  
 11    binding_mw_ignore_local       1.552   0.497   1     2    80976  numeric  
 12           county_mw             12.844   1.473 7.250 14.250 2298   numeric  
 13             fed_mw               7.250     0   7.250 7.250  80976  numeric  
 14         fed_mw_cf_10pc           7.975     0   7.975 7.975  80976  numeric  
 15        fed_mw_cf_15usd            15       0    15     15   80976  numeric  
 16         fed_mw_cf_9usd             9       0     9     9    80976  numeric  
 17            local_mw             13.666   1.576 8.460 16.090 2820   numeric  
 18             month                6.500   5.500   1     12   80976  numeric  
 19            state_mw              8.795   1.781 7.250   14   80976  numeric  
 20              year              2,019.500 0.500 2,019 2,020  80976  numeric  
 21           year_month                                        80976  yearmon  
 22            zipcode                                          80976 character 
 ------------------------------------------------------------------------------ 
