
 make.py started: 2021-10-29 10:21:47 C:\Users\diegog\Desktop\Diego\min_wage_rent\derived\min_wage\code 




Execute:  R CMD BATCH --no-save "./build_statutory.R" build_statutory.Rout

R version 4.1.1 (2021-08-10) -- "Kick Things"
Copyright (C) 2021 The R Foundation for Statistical Computing
Platform: x86_64-w64-mingw32/x64 (64-bit)

R is free software and comes with ABSOLUTELY NO WARRANTY.
You are welcome to redistribute it under certain conditions.
Type 'license()' or 'licence()' for distribution details.

  Natural language support but running in an English locale

R is a collaborative project with many contributors.
Type 'contributors()' for more information and
'citation()' on how to cite R or R packages in publications.

Type 'demo()' for some demos, 'help()' for on-line help, or
'help.start()' for an HTML browser interface to help.
Type 'q()' to quit R.

> remove(list = ls())
> 
> library(data.table)
> library(zoo)

Attaching package: 'zoo'

The following objects are masked from 'package:base':

    as.Date, as.Date.numeric

> library(stringr)
> source("../../../lib/R/save_data.R")

Please cite as: 

 Hlavac, Marek (2018). stargazer: Well-Formatted Regression and Summary Statistics Tables.
 R package version 5.2.2. https://CRAN.R-project.org/package=stargazer 


Attaching package: 'dplyr'

The following objects are masked from 'package:data.table':

    between, first, last

The following objects are masked from 'package:stats':

    filter, lag

The following objects are masked from 'package:base':

    intersect, setdiff, setequal, union

> 
> setDTthreads(20)
> 
> main <- function(){
+    base_geo_dir <- "../../../base/geo_master/output"
+    base_mw_dir  <- "../../../base/min_wage/output"
+    outstub      <- "../../../drive/derived_large/min_wage"
+    log_file     <- "../output/data_file_manifest.log"
+    
+    if (file.exists(log_file)) file.remove(log_file)
+    
+    start_date <- "2010-01-01"
+    end_date   <- "2020-01-31"
+    
+    dt <- build_frame(base_geo_dir, start_date, end_date)
+    
+    dt.mw <- load_mw(base_mw_dir)
+    
+    dt <- assemble_statutory_mw(dt, dt.mw)
+    
+    dt.zip    <- collapse_datatable(copy(dt), key_vars = c("zipcode",    "year", "month"))
+    dt.county <- collapse_datatable(copy(dt), key_vars = c("countyfips", "year", "month"))
+    
+    save_data(dt.zip, key = c("zipcode", "year", "month"),
+              filename = file.path(outstub, "zip_statutory_mw.csv"),
+              logfile  = log_file)
+    save_data(dt.zip, key = c("zipcode", "year", "month"),
+              filename = file.path(outstub, "zip_statutory_mw.dta"),
+              nolog    = TRUE)
+ 
+    save_data(dt.county, key = c("countyfips", "year", "month"),
+              filename = file.path(outstub, "county_statutory_mw.csv"),
+              logfile  = log_file)
+    save_data(dt.county, key = c("countyfips", "year", "month"),
+              filename = file.path(outstub, "county_statutory_mw.dta"),
+              nolog    = TRUE)
+ 
+    dt.cf <- compute_counterfactual(dt.zip)
+    
+    save_data(dt.cf, key = c("zipcode", "year", "month"),
+              filename = file.path(outstub, "zipcode_cfs.csv"),
+              logfile  = log_file)
+    save_data(dt.cf, key = c("zipcode", "year", "month"),
+              filename = file.path(outstub, "zipcode_cfs.dta"),
+              nolog    = TRUE)
+ }
> 
> build_frame <- function(instub, start_date, end_date, freq = "month") {
+    
+    dt <- fread(file.path(instub, "zip_county_place_usps_all.csv"), 
+                colClasses = c("zipcode"    = "character", "place_code" = "character", 
+                               "countyfips" = "character", "statefips"  = "character", 
+                               "cbsa10"     = "character"))
+    
+    setnames(dt, old = c('state_abb', 'place_name', 'county_name'), 
+                 new = c('stateabb',  'placename',  'county'))
+    
+    dt[, county    := gsub("\\s*\\w*$", " County", dt$county)]
+    dt[, placename := gsub(",\\s*\\w*$", "", dt$placename)]     # Drop final state abb after comma, e.g. ", MA" 
+    dt[, placename := gsub("\\s*\\w*$", "",  dt$placename)]     # Drop final word "city"
+    
+    dt <- manual_corrections(dt)
+    
+    dt[, c('from', 'to') := list(as.Date(start_date), 
+                                 as.Date(end_date))]
+    
+    dt <- dt[, list(zcta, zipcode, place_code, placename, countyfips, county,
+                    statefips, stateabb, cbsa10, cbsa10_name, houses_zcta_place_county,
+                    daily_date = seq(from, to, by = freq)), 
+               by = 1:nrow(dt)][, nrow := NULL]
+    
+    dt[, c('year', 'month') :=  .(as.numeric(format(as.Date(daily_date), "%Y")),
+                                  as.numeric(format(as.Date(daily_date), "%m")))]
+    dt[, year_month := as.yearmon(daily_date)]
+    dt[, daily_date := NULL]
+    
+    return(dt)
+ }
> 
> manual_corrections <- function(dt) {
+   
+    dt[placename == 'Louisville/Jefferson County metro government (balance)', 
+       placename := 'Lousville']
+    dt[placename == 'New York',  placename := 'New York City']
+    dt[placename == 'St. Paul',  placename := 'Saint Paul']
+    dt[placename == 'Daly city', placename := 'Daly City']
+    
+    return(dt)
+ }
> 
> load_mw <- function(instub) {
+ 
+    # State MW
+    state_mw <- fread(file.path(instub, "state_monthly.csv"))
+    
+    setnames(state_mw, old = "mw", new = "state_mw")
+    
+    state_mw[, c("year", "month") := .(as.numeric(substr(monthly_date, 1, 4)),
+                                       as.numeric(gsub("m", "", substr(monthly_date, 5, length(monthly_date)))))]
+    state_mw[, c("monthly_date", "statename") := NULL]
+    
+    state_mw[, statefips := str_pad(as.character(statefips), 2, pad = 0)]
+    state_mw[, stateabb  := NULL]
+    
+    # Substate MW
+    local_mw <- fread(file.path(instub, "substate_monthly.csv"))
+    
+    local_mw[, c("year", "month") := .(as.numeric(substr(monthly_date, 1, 4)),
+                                       as.numeric(gsub("m", "", substr(monthly_date, 5, length(monthly_date)))))]
+    local_mw[, c("monthly_date", "statename") := NULL]
+ 
+    local_mw[, statefips := str_pad(as.character(statefips), 2, pad = 0)]
+    local_mw[, iscounty  := 1*grepl("County", locality)]
+    
+    mw_vars        <- names(local_mw)[grepl("mw", names(local_mw))]
+    county_mw_vars <- paste0("county_", mw_vars)
+    local_mw_vars  <- paste0("local_",  mw_vars)
+    
+    county_mw <- local_mw[iscounty == 1, ][, iscounty := NULL]
+    setnames(county_mw, old = c("locality", mw_vars), 
+                        new = c("county",   county_mw_vars))
+    
+    local_mw <- local_mw[iscounty == 0, ][, iscounty := NULL]
+    setnames(local_mw, old = c("locality",  mw_vars),
+                       new = c("placename", local_mw_vars))
+    
+    county_mw <- county_mw[, .(county,    statefips, county_mw,
+                               county_abovestate_mw, year, month)]
+    local_mw <- local_mw[,   .(placename, statefips, local_mw, 
+                               local_abovestate_mw,  year, month)]
+    
+    return(list("state"  = state_mw, 
+                "county" = county_mw, "local" = local_mw))
+ }
> 
> assemble_statutory_mw <- function(dt, dt.mw) {
+    
+    dt <- dt.mw$state[dt,  on = c(             "statefips", "year", "month")]
+    dt <- dt.mw$county[dt, on = c("county",    "statefips", "year", "month")]
+    dt <- dt.mw$local[dt,  on = c("placename", "statefips", "year", "month")]
+    
+    # Compute actual MW
+    dt[, actual_mw := pmax(local_mw, county_mw, state_mw, fed_mw, na.rm = T)]
+    dt[, binding_mw := fcase(
+       pmax(local_mw, county_mw, state_mw, fed_mw, na.rm = T) == fed_mw,    1,  # Fed MW
+       pmax(local_mw, county_mw, state_mw, fed_mw, na.rm = T) == state_mw,  2,  # State MW
+       pmax(local_mw, county_mw, state_mw, fed_mw, na.rm = T) == county_mw, 3,  # County MW
+       pmax(local_mw, county_mw, state_mw, fed_mw, na.rm = T) == local_mw,  4,  # City MW
+       default = NA
+    )]
+    
+    dt[, actual_mw_ignore_local := pmax(state_mw, fed_mw, na.rm = T)]
+    dt[, binding_mw_ignore_local := fcase(
+       pmax(state_mw, fed_mw, na.rm = T) == fed_mw,    1,  # Fed MW
+       pmax(state_mw, fed_mw, na.rm = T) == state_mw,  2,  # State MW
+       default = NA
+    )]
+    
+    return(dt)
+ }
> 
> collapse_datatable <- function(dt, key_vars = c("zipcode", "year", "month")) {
+    
+    dt <- dt[, .(actual_mw                   = max(actual_mw),
+                 actual_mw_ignore_local      = max(actual_mw_ignore_local),
+                 actual_mw_mean              = mean(actual_mw),
+                 actual_mw_ignore_local_mean = mean(actual_mw_ignore_local),
+                 binding_mw                  = first(binding_mw),
+                 binding_mw_ignore_local     = first(binding_mw_ignore_local),
+                 local_mw                    = max(local_mw),
+                 state_mw                    = max(state_mw),
+                 fed_mw                      = max(fed_mw)),
+             by = key_vars]
+    
+    mw_vars <- names(dt)[grepl("mw", names(dt)) & !grepl("abovestate", names(dt))]
+    vars_to_keep <- c(key_vars, mw_vars)
+    
+    dt <- dt[, ..vars_to_keep]
+    
+    return(dt)
+ }
> 
> compute_counterfactual <- function(dt) {
+ 
+    dt.last <- dt[year == 2019 & month == 12]
+    dt.cf   <- copy(dt.last)
+    dt.cf[, c("year", "month") := list(2020, 1)]
+ 
+    dt <- rbindlist(list(dt.last, dt.cf))
+ 
+    dt[, fed_mw_cf_10pc  := fed_mw*1.1]
+    dt[, fed_mw_cf_9usd  := 9]
+    dt[, fed_mw_cf_15usd := 15]
+ 
+    dt[, actual_mw_cf_10pc  := fcase(year == 2019 & month == 12, actual_mw,
+                                     year == 2020 & month ==  1, pmax(actual_mw, fed_mw_cf_10pc))]
+    dt[, actual_mw_cf_9usd  := fcase(year == 2019 & month == 12, actual_mw,
+                                     year == 2020 & month ==  1, pmax(actual_mw, fed_mw_cf_9usd))]
+    dt[, actual_mw_cf_15usd := fcase(year == 2019 & month == 12, actual_mw,
+                                     year == 2020 & month ==  1, pmax(actual_mw, fed_mw_cf_15usd))]
+ 
+    return(dt)
+ }
> 
> main()
[1] "File '../../../drive/derived_large/min_wage/zip_statutory_mw.csv' saved successfully."
[1] "File '../../../drive/derived_large/min_wage/zip_statutory_mw.dta' saved successfully."
[1] "File '../../../drive/derived_large/min_wage/county_statutory_mw.csv' saved successfully."
[1] "File '../../../drive/derived_large/min_wage/county_statutory_mw.dta' saved successfully."
[1] "File '../../../drive/derived_large/min_wage/zipcode_cfs.csv' saved successfully."
[1] "File '../../../drive/derived_large/min_wage/zipcode_cfs.dta' saved successfully."
> 
> proc.time()
   user  system elapsed 
 258.25   28.26  251.42 


Execute:  R CMD BATCH --no-save "./build_experienced.R" build_experienced.Rout

R version 4.1.1 (2021-08-10) -- "Kick Things"
Copyright (C) 2021 The R Foundation for Statistical Computing
Platform: x86_64-w64-mingw32/x64 (64-bit)

R is free software and comes with ABSOLUTELY NO WARRANTY.
You are welcome to redistribute it under certain conditions.
Type 'license()' or 'licence()' for distribution details.

  Natural language support but running in an English locale

R is a collaborative project with many contributors.
Type 'contributors()' for more information and
'citation()' on how to cite R or R packages in publications.

Type 'demo()' for some demos, 'help()' for on-line help, or
'help.start()' for an HTML browser interface to help.
Type 'q()' to quit R.

> remove(list = ls())
> 
> source("../../../lib/R/save_data.R")

Please cite as: 

 Hlavac, Marek (2018). stargazer: Well-Formatted Regression and Summary Statistics Tables.
 R package version 5.2.2. https://CRAN.R-project.org/package=stargazer 


Attaching package: 'dplyr'

The following objects are masked from 'package:stats':

    filter, lag

The following objects are masked from 'package:base':

    intersect, setdiff, setequal, union


Attaching package: 'data.table'

The following objects are masked from 'package:dplyr':

    between, first, last

> 
> paquetes <- c("data.table", "zoo")
> lapply(paquetes, require, character.only = TRUE)
Loading required package: zoo

Attaching package: 'zoo'

The following objects are masked from 'package:base':

    as.Date, as.Date.numeric

[[1]]
[1] TRUE

[[2]]
[1] TRUE

> 
> library(parallel)
> n_cores <- 16
> 
> main <- function(paquetes, n_cores){
+   in_mw    <- "../../../drive/derived_large/min_wage"
+   in_lodes <- "../../../drive/base_large/lodes_od"
+   outstub  <- "../../../drive/derived_large/min_wage"
+   log_file <- "../output/data_file_manifest.log"
+   
+   for (geo in c("countyfips", "zipcode")) {
+     
+     if (geo == "countyfips"){
+       dt <- fread(file.path(in_mw, "county_statutory_mw.csv"),
+                   colClasses = c("countyfips" = "character"))
+     } else{
+       dt <- fread(file.path(in_mw, "zip_statutory_mw.csv"),
+                   colClasses = c("zipcode" = "character"))
+     }
+     dt[, year_month := as.yearmon(paste0(year, "-", month))]
+     
+     periods <- unique(dt$year_month)
+     
+     for (yy in 2009:2018) {
+       
+       od_files <- list.files(file.path(in_lodes, yy), 
+                              pattern = sprintf("od%s*", substr(geo, 1, 3)),
+                              full.names = T)
+       
+       od_files <- add_missing_state_years(od_files, in_lodes, geo, yy)
+       
+       # Parallel set-up
+       cl <- makeCluster(n_cores, type = "PSOCK")   # Create cluster. Use type = "FORK" in Mac
+       
+       clusterExport(cl, "paquetes")                                         # Load "paquetes" object in nodes
+       clusterEvalQ(cl, lapply(paquetes, require, character.only = TRUE))    # Load packages in nodes
+       clusterExport(cl, "load_od_matrix", env = .GlobalEnv)                 # Load global environment objects in nodes
+       clusterExport(cl, "assemble_expmw_state", env = .GlobalEnv)           # Load global environment objects in nodes
+       clusterExport(cl, c("dt", "periods", "in_mw", "in_lodes", "outstub", "geo"), 
+                     env = environment())                                    # Load local environment objects in nodes
+       
+       # Build exp MW data
+       dt.exp_mw <- parLapply(cl, od_files, function(ff) {
+         
+         dt.st <- assemble_expmw_state(ff, yy, periods, "actual_mw", dt, in_lodes, geo)
+         return(dt.st)
+       })
+       
+       dt.exp_mw <- rbindlist(dt.exp_mw)
+       exp_mw_vars <- names(dt.exp_mw)[grepl("exp_ln_mw", names(dt.exp_mw))]
+       
+       dt.exp_mw_mean <- parLapply(cl, od_files, function(ff) {
+         
+         dt.st <- assemble_expmw_state(ff, yy, periods, "actual_mw_mean", dt, in_lodes, geo)
+         return(dt.st)
+       })
+       stopCluster(cl)
+       
+       dt.exp_mw_mean <- rbindlist(dt.exp_mw_mean)
+       exp_mw_vars <- names(dt.exp_mw_mean)[grepl("exp_ln_mw", names(dt.exp_mw_mean))]
+       setnames(dt.exp_mw_mean, old = exp_mw_vars,
+                                new = paste0(exp_mw_vars, "_mean"))
+       
+       # Put data together and format
+       dt.exp_mw <- merge(dt.exp_mw, dt.exp_mw_mean, by = c(geo, "year_month"))
+       
+       dt.exp_mw[, month := as.numeric(format(dt.exp_mw$year_month, "%m"))]
+       dt.exp_mw[, year  := as.numeric(format(dt.exp_mw$year_month, "%Y"))]
+       
+       if (geo == "countyfips") {
+         dt.exp_mw[countyfips == '46113', countyfips := '46002']
+       } else { # Drops duplicates that arise in ZIP code 75501
+         
+         dt.rogue  <- dt.exp_mw[zipcode == '75501' & exp_ln_mw_tot > 0,][, first(.SD)]
+         dt.exp_mw <- dt.exp_mw[zipcode != '75501']
+         dt.exp_mw <- rbindlist(list(dt.exp_mw, dt.rogue))
+       }
+       
+       # Save data
+       save_data(dt.exp_mw, key = c(geo, "year", "month"),
+                 filename = file.path(outstub, sprintf("%s_experienced_mw_%s.csv", geo, yy)),
+                 logfile  = log_file)
+       save_data(dt.exp_mw, key = c(geo, "year", "month"),
+                 filename = file.path(outstub, sprintf("%s_experienced_mw_%s.dta", geo, yy)),
+                 nolog    = TRUE)
+     }
+   }
+ }
> 
> add_missing_state_years <- function(od_files, instub, geo, yy) {
+   
+   if (geo == "countyfips") geo <- "county"
+   else                     geo <- "zip"
+   
+   if (yy == 2009) {
+     return(c(od_files, sprintf("%s/2010/od%s_11.csv", instub, geo), 
+                        sprintf("%s/2011/od%s_25.csv", instub, geo)))
+   } else if (yy == 2010) {
+     return(c(od_files, sprintf("%s/2011/od%s_25.csv", instub, geo)))
+   } else if (yy %in% c(2017, 2018)) {
+     return(c(od_files, sprintf("%s/2016/od%s_02.csv", instub, geo)))
+   } else {
+     return(od_files)
+   }
+ }
> 
> assemble_expmw_state <- function(ff, yy, periods, mw_var, dt, in_lodes, .geo) {
+   
+   if (.geo == "countyfips") {
+     .w_var = "w_countyfips"
+     .r_var = "r_countyfips"
+   }
+   else {
+     .w_var = "w_zipcode"
+     .r_var = "r_zipcode"
+   }
+   
+   dt.od     <- load_od_matrix(ff, .geo, .w_var, .r_var)
+   jobs_vars <- names(dt.od)[grepl("jobs", names(dt.od))]
+   
+   # Computes share of treated and experienced MW for every period
+   dts.period <- lapply(periods, function(ym, od.st = dt.od, dt.geo = dt,
+                                          geo = .geo, w_var = .w_var, h_var = .r_var) {
+      
+      dt.ym <- dt.geo[year_month == ym, ]            # Select given date
+      dt.ym[, c(w_var) := get(geo)]                  # Create matching variable
+      
+      vars_to_keep <- c(w_var, mw_var, "year_month")
+      dt.ym <- dt.ym[, ..vars_to_keep]
+      
+      dt.ym <- dt.ym[od.st, on = w_var]       # Paste MW to every residence(h)-workplace(w) combination in 'dt.od'
+      dt.ym <- dt.ym[!is.na(year_month),]     # Drop missings (geo not showing up in mw data)
+    
+      dt.ym <- dt.ym[,
+          .(exp_ln_mw_tot             = sum(log(get(mw_var))*sh_tot,            na.rm = T),
+            exp_ln_mw_age_under29     = sum(log(get(mw_var))*sh_age_under29,    na.rm = T),
+            exp_ln_mw_age_30to54      = sum(log(get(mw_var))*sh_age_30to54,     na.rm = T),
+            exp_ln_mw_age_above55     = sum(log(get(mw_var))*sh_age_above55,    na.rm = T),
+            exp_ln_mw_earn_under1250  = sum(log(get(mw_var))*sh_earn_under1250, na.rm = T),
+            exp_ln_mw_earn_1250_3333  = sum(log(get(mw_var))*sh_earn_1250_3333, na.rm = T),
+            exp_ln_mw_earn_above3333  = sum(log(get(mw_var))*sh_earn_above3333, na.rm = T),
+            exp_ln_mw_goods_prod      = sum(log(get(mw_var))*sh_goods_producing, na.rm = T),
+            exp_ln_mw_trad_tran_util  = sum(log(get(mw_var))*sh_trade_transp_util, na.rm = T),
+            exp_ln_mw_other_serv_ind  = sum(log(get(mw_var))*sh_other_service_industry, na.rm = T)),
+       .SDcols = jobs_vars,
+       by = c(h_var, "year_month")
+     ]
+      
+     setnames(dt.ym, old = h_var, new = geo)
+    
+     return(dt.ym)
+   })
+   
+   return(rbindlist(dts.period))
+ }
> 
> load_od_matrix <- function(ff, geo, workplace_var, residence_var) {
+   
+   if (geo == "countyfips") {
+     od <- fread(file.path(ff),
+                 colClasses = c("r_countyfips" = "character",
+                                "w_countyfips" = "character"))
+   } else{
+     od <- fread(file.path(ff), 
+                 colClasses = c("r_zipcode" = "character",
+                                "w_zipcode" = "character"))
+   }
+   
+   
+   jobs_vars <- names(od)[grepl("jobs", names(od))]
+   
+   # Sum all jobs originitaing in residence zipcode
+   od[, c(paste0("r_", jobs_vars)) := lapply(.SD, sum, na.rm = T) , 
+     .SDcols = jobs_vars, 
+     by = residence_var]
+   
+   # Compute share of job to each destination for each jobs_var
+   for (var in jobs_vars) {
+     od[, c(gsub("jobs_", "sh_", var)) := get(var)/get(paste0("r_", var))]
+     od[, c(var, paste0("r_", var))    := NULL]
+   }
+   
+   setorderv(od, c(workplace_var, residence_var))
+   return(od)
+ }
> 
> main(paquetes, n_cores)
[1] "File '../../../drive/derived_large/min_wage/countyfips_experienced_mw_2009.csv' saved successfully."
[1] "File '../../../drive/derived_large/min_wage/countyfips_experienced_mw_2009.dta' saved successfully."
[1] "File '../../../drive/derived_large/min_wage/countyfips_experienced_mw_2010.csv' saved successfully."
[1] "File '../../../drive/derived_large/min_wage/countyfips_experienced_mw_2010.dta' saved successfully."
[1] "File '../../../drive/derived_large/min_wage/countyfips_experienced_mw_2011.csv' saved successfully."
[1] "File '../../../drive/derived_large/min_wage/countyfips_experienced_mw_2011.dta' saved successfully."
[1] "File '../../../drive/derived_large/min_wage/countyfips_experienced_mw_2012.csv' saved successfully."
[1] "File '../../../drive/derived_large/min_wage/countyfips_experienced_mw_2012.dta' saved successfully."
[1] "File '../../../drive/derived_large/min_wage/countyfips_experienced_mw_2013.csv' saved successfully."
[1] "File '../../../drive/derived_large/min_wage/countyfips_experienced_mw_2013.dta' saved successfully."
[1] "File '../../../drive/derived_large/min_wage/countyfips_experienced_mw_2014.csv' saved successfully."
[1] "File '../../../drive/derived_large/min_wage/countyfips_experienced_mw_2014.dta' saved successfully."
[1] "File '../../../drive/derived_large/min_wage/countyfips_experienced_mw_2015.csv' saved successfully."
[1] "File '../../../drive/derived_large/min_wage/countyfips_experienced_mw_2015.dta' saved successfully."
[1] "File '../../../drive/derived_large/min_wage/countyfips_experienced_mw_2016.csv' saved successfully."
[1] "File '../../../drive/derived_large/min_wage/countyfips_experienced_mw_2016.dta' saved successfully."
[1] "File '../../../drive/derived_large/min_wage/countyfips_experienced_mw_2017.csv' saved successfully."
[1] "File '../../../drive/derived_large/min_wage/countyfips_experienced_mw_2017.dta' saved successfully."
[1] "File '../../../drive/derived_large/min_wage/countyfips_experienced_mw_2018.csv' saved successfully."
[1] "File '../../../drive/derived_large/min_wage/countyfips_experienced_mw_2018.dta' saved successfully."
[1] "File '../../../drive/derived_large/min_wage/zipcode_experienced_mw_2009.csv' saved successfully."
[1] "File '../../../drive/derived_large/min_wage/zipcode_experienced_mw_2009.dta' saved successfully."
[1] "File '../../../drive/derived_large/min_wage/zipcode_experienced_mw_2010.csv' saved successfully."
[1] "File '../../../drive/derived_large/min_wage/zipcode_experienced_mw_2010.dta' saved successfully."
[1] "File '../../../drive/derived_large/min_wage/zipcode_experienced_mw_2011.csv' saved successfully."
[1] "File '../../../drive/derived_large/min_wage/zipcode_experienced_mw_2011.dta' saved successfully."
[1] "File '../../../drive/derived_large/min_wage/zipcode_experienced_mw_2012.csv' saved successfully."
[1] "File '../../../drive/derived_large/min_wage/zipcode_experienced_mw_2012.dta' saved successfully."
[1] "File '../../../drive/derived_large/min_wage/zipcode_experienced_mw_2013.csv' saved successfully."
[1] "File '../../../drive/derived_large/min_wage/zipcode_experienced_mw_2013.dta' saved successfully."
[1] "File '../../../drive/derived_large/min_wage/zipcode_experienced_mw_2014.csv' saved successfully."
[1] "File '../../../drive/derived_large/min_wage/zipcode_experienced_mw_2014.dta' saved successfully."
[1] "File '../../../drive/derived_large/min_wage/zipcode_experienced_mw_2015.csv' saved successfully."
[1] "File '../../../drive/derived_large/min_wage/zipcode_experienced_mw_2015.dta' saved successfully."
[1] "File '../../../drive/derived_large/min_wage/zipcode_experienced_mw_2016.csv' saved successfully."
[1] "File '../../../drive/derived_large/min_wage/zipcode_experienced_mw_2016.dta' saved successfully."
[1] "File '../../../drive/derived_large/min_wage/zipcode_experienced_mw_2017.csv' saved successfully."
[1] "File '../../../drive/derived_large/min_wage/zipcode_experienced_mw_2017.dta' saved successfully."
[1] "File '../../../drive/derived_large/min_wage/zipcode_experienced_mw_2018.csv' saved successfully."
[1] "File '../../../drive/derived_large/min_wage/zipcode_experienced_mw_2018.dta' saved successfully."
> 
> proc.time()
    user   system  elapsed 
 5036.59  1535.62 20956.48 


Execute:  R CMD BATCH --no-save "./build_experienced_cf.R" build_experienced_cf.Rout

R version 4.1.1 (2021-08-10) -- "Kick Things"
Copyright (C) 2021 The R Foundation for Statistical Computing
Platform: x86_64-w64-mingw32/x64 (64-bit)

R is free software and comes with ABSOLUTELY NO WARRANTY.
You are welcome to redistribute it under certain conditions.
Type 'license()' or 'licence()' for distribution details.

  Natural language support but running in an English locale

R is a collaborative project with many contributors.
Type 'contributors()' for more information and
'citation()' on how to cite R or R packages in publications.

Type 'demo()' for some demos, 'help()' for on-line help, or
'help.start()' for an HTML browser interface to help.
Type 'q()' to quit R.

> remove(list = ls())
> 
> source("../../../lib/R/save_data.R")

Please cite as: 

 Hlavac, Marek (2018). stargazer: Well-Formatted Regression and Summary Statistics Tables.
 R package version 5.2.2. https://CRAN.R-project.org/package=stargazer 


Attaching package: 'dplyr'

The following objects are masked from 'package:stats':

    filter, lag

The following objects are masked from 'package:base':

    intersect, setdiff, setequal, union


Attaching package: 'data.table'

The following objects are masked from 'package:dplyr':

    between, first, last

> 
> paquetes <- c("data.table", "zoo")
> lapply(paquetes, require, character.only = TRUE)
Loading required package: zoo

Attaching package: 'zoo'

The following objects are masked from 'package:base':

    as.Date, as.Date.numeric

[[1]]
[1] TRUE

[[2]]
[1] TRUE

> 
> library(parallel)
> n_cores <- 10
> 
> main <- function(paquetes, n_cores){
+   in_mw    <- "../../../drive/derived_large/min_wage"
+   in_lodes <- "../../../drive/base_large/lodes_od"
+   outstub  <- "../../../drive/derived_large/min_wage"
+   log_file <- "../output/data_file_manifest_cfs.log"
+   
+   od_yy = 2018
+   geo = "zipcode"
+ 
+   dt <- fread(file.path(in_mw, "zipcode_cfs.csv"),
+                   colClasses = c("zipcode" = "character"))
+   dt[, year_month := as.yearmon(paste0(year, "-", month))]
+     
+   periods <- unique(dt$year_month)
+   
+   od_files <- list.files(file.path(in_lodes, od_yy), 
+                          pattern = sprintf("odzip*"),
+                          full.names = T) |>
+                 add_missing_state_years(in_lodes, geo, od_yy)
+   
+   # Parallel set-up
+   cl <- makeCluster(n_cores, type = "PSOCK")   # Create cluster. Use type = "FORK" in Mac
+       
+   clusterExport(cl, "paquetes")                                         # Load "paquetes" object in nodes
+   clusterEvalQ(cl, lapply(paquetes, require, character.only = TRUE))    # Load packages in nodes
+   clusterExport(cl, "load_od_matrix", env = .GlobalEnv)                 # Load global environment objects in nodes
+   clusterExport(cl, "assemble_expmw_state", env = .GlobalEnv)           # Load global environment objects in nodes
+   clusterExport(cl, c("dt", "periods", "in_mw", "in_lodes", "geo", "outstub"), 
+                 env = environment())                                    # Load local environment objects in nodes
+   
+   # Build exp MW data
+   dt.exp_mw_10pc <- rbindlist(
+     parLapply(cl, od_files, function(ff) {
+       
+       dt.st <- assemble_expmw_state(ff, yy, periods, "actual_mw_cf_10pc", dt, in_lodes, geo)
+       return(dt.st)
+     })
+   )
+   dt.exp_mw_10pc[, counterfactual := "fed_10pc"]
+   
+   dt.exp_mw_9usd <- rbindlist(
+     parLapply(cl, od_files, function(ff) {
+       
+       dt.st <- assemble_expmw_state(ff, yy, periods, "actual_mw_cf_9usd", dt, in_lodes, geo)
+       return(dt.st)
+     })
+   )
+   dt.exp_mw_9usd[, counterfactual := "fed_9usd"]
+   
+   dt.exp_mw_15usd <- rbindlist(
+     parLapply(cl, od_files, function(ff) {
+       
+       dt.st <- assemble_expmw_state(ff, yy, periods, "actual_mw_cf_15usd", dt, in_lodes, geo)
+       return(dt.st)
+     })
+   )
+   dt.exp_mw_15usd[, counterfactual := "fed_15usd"]
+   
+   stopCluster(cl)
+   
+   # Put data together and format
+   dt.exp_mw <- rbindlist(list(dt.exp_mw_10pc, dt.exp_mw_9usd, dt.exp_mw_15usd))
+   
+   dt.exp_mw[, month := as.numeric(format(dt.exp_mw$year_month, "%m"))]
+   dt.exp_mw[, year  := as.numeric(format(dt.exp_mw$year_month, "%Y"))]
+   
+   # Drop duplicate in zipcode 75501
+   dt.rogue  <- dt.exp_mw[zipcode == "75501" & exp_ln_mw_tot > 0]
+   dt.exp_mw <- rbindlist(list(dt.exp_mw[zipcode != "75501"], dt.rogue))
+   
+   # Save data
+   save_data(dt.exp_mw, key = c(geo, "year", "month", "counterfactual"),
+             filename = file.path(outstub, "zipcode_experienced_mw_cfs.csv"),
+             logfile  = log_file)
+   save_data(dt.exp_mw, key = c(geo, "year", "month", "counterfactual"),
+             filename = file.path(outstub, "zipcode_experienced_mw_cfs.dta"),
+             nolog    = TRUE)
+ }
> 
> add_missing_state_years <- function(od_files, instub, geo, yy) {
+   
+   if (geo == "countyfips") geo <- "county"
+   else                     geo <- "zip"
+   
+   if (yy == 2009) {
+     return(c(od_files, sprintf("%s/2010/od%s_11.csv", instub, geo), 
+                        sprintf("%s/2011/od%s_25.csv", instub, geo)))
+   } else if (yy == 2010) {
+     return(c(od_files, sprintf("%s/2011/od%s_25.csv", instub, geo)))
+   } else if (yy %in% c(2017, 2018)) {
+     return(c(od_files, sprintf("%s/2016/od%s_02.csv", instub, geo)))
+   } else {
+     return(od_files)
+   }
+ }
> 
> assemble_expmw_state <- function(ff, yy, periods, mw_var, dt, in_lodes, .geo) {
+   
+   if (.geo == "countyfips") {
+     .w_var = "w_countyfips"
+     .r_var = "r_countyfips"
+   }
+   else {
+     .w_var = "w_zipcode"
+     .r_var = "r_zipcode"
+   }
+   
+   dt.od     <- load_od_matrix(ff, .geo, .w_var, .r_var)
+   jobs_vars <- names(dt.od)[grepl("jobs", names(dt.od))]
+   
+   # Computes share of treated and experienced MW for every period
+   dts.period <- lapply(periods, function(ym, od.st = dt.od, dt.geo = dt,
+                                          geo = .geo, w_var = .w_var, h_var = .r_var) {
+      
+      dt.ym <- dt.geo[year_month == ym, ]            # Select given date
+      dt.ym[, c(w_var) := get(geo)]                  # Create matching variable
+      
+      vars_to_keep <- c(w_var, mw_var, "year_month")
+      dt.ym <- dt.ym[, ..vars_to_keep]
+      
+      dt.ym <- dt.ym[od.st, on = w_var]       # Paste MW to every residence(h)-workplace(w) combination in 'od.st'
+      dt.ym <- dt.ym[!is.na(year_month),]     # Drop missings (geo not showing up in mw data)
+    
+      dt.ym <- dt.ym[,
+          .(exp_ln_mw_tot             = sum(log(get(mw_var))*sh_tot,            na.rm = T),
+            exp_ln_mw_age_under29     = sum(log(get(mw_var))*sh_age_under29,    na.rm = T),
+            exp_ln_mw_age_30to54      = sum(log(get(mw_var))*sh_age_30to54,     na.rm = T),
+            exp_ln_mw_age_above55     = sum(log(get(mw_var))*sh_age_above55,    na.rm = T),
+            exp_ln_mw_earn_under1250  = sum(log(get(mw_var))*sh_earn_under1250, na.rm = T),
+            exp_ln_mw_earn_1250_3333  = sum(log(get(mw_var))*sh_earn_1250_3333, na.rm = T),
+            exp_ln_mw_earn_above3333  = sum(log(get(mw_var))*sh_earn_above3333, na.rm = T),
+            exp_ln_mw_goods_prod      = sum(log(get(mw_var))*sh_goods_producing, na.rm = T),
+            exp_ln_mw_trad_tran_util  = sum(log(get(mw_var))*sh_trade_transp_util, na.rm = T),
+            exp_ln_mw_other_serv_ind  = sum(log(get(mw_var))*sh_other_service_industry, na.rm = T)),
+       .SDcols = jobs_vars,
+       by = c(h_var, "year_month")
+     ]
+      
+     setnames(dt.ym, old = h_var, new = geo)
+    
+     return(dt.ym)
+   })
+   
+   return(rbindlist(dts.period))
+ }
> 
> load_od_matrix <- function(ff, geo, workplace_var, residence_var) {
+   
+   if (geo == "countyfips") {
+     od <- fread(file.path(ff),
+                 colClasses = c("r_countyfips" = "character",
+                                "w_countyfips" = "character"))
+   } else{
+     od <- fread(file.path(ff), 
+                 colClasses = c("r_zipcode" = "character",
+                                "w_zipcode" = "character"))
+   }
+   
+   
+   jobs_vars <- names(od)[grepl("jobs", names(od))]
+   
+   # Sum all jobs originitaing in residence zipcode
+   od[, c(paste0("r_", jobs_vars)) := lapply(.SD, sum, na.rm = T) , 
+     .SDcols = jobs_vars, 
+     by = residence_var]
+   
+   # Compute share of job to each destination for each jobs_var
+   for (var in jobs_vars) {
+     od[, c(gsub("jobs_", "sh_", var)) := get(var)/get(paste0("r_", var))]
+     od[, c(var, paste0("r_", var))    := NULL]
+   }
+   
+   setorderv(od, c(workplace_var, residence_var))
+   return(od)
+ }
> 
> main(paquetes, n_cores)
[1] "File '../../../drive/derived_large/min_wage/zipcode_experienced_mw_cfs.csv' saved successfully."
[1] "File '../../../drive/derived_large/min_wage/zipcode_experienced_mw_cfs.dta' saved successfully."
> 
> proc.time()
   user  system elapsed 
  26.07    2.93   97.23 

 make.py ended: 2021-10-29 16:16:59
