
========================================================================== 
File: ../../../drive/derived_large/output/zip_mw.dta 
MD5:  9c01236fb884b226f4963c6fde1bddba 
Key:  zipcode year_month 
 
 ============================================================================== 
          variable           mean        sd      min    max      N      type    
 ------------------------------------------------------------------------------ 
 1        actual_mw         7.932      1.130    7.250  16.090 4858560  numeric  
 2         county                                             4858560 character 
 3  county_abovestate_mw    0.325      0.468      0      1    137880   integer  
 4        county_mw         9.203      1.832    7.250  14.250 137880   numeric  
 5       countyfips                                           4858560 character 
 6       dactual_mw         0.012      0.100    -2.850 5.810  4818072  numeric  
 7    exp_mw_job_lowinc     7.928      1.103    6.391  15.265 4602840  numeric  
 8    exp_mw_job_young      7.930      1.103    5.341  15.355 4602840  numeric  
 9      exp_mw_totjob       7.930      1.108    5.614  15.187 4602840  numeric  
 10        fed_mw           7.250        0      7.250  7.250  4858560  numeric  
 11  local_abovestate_mw    0.306      0.461      0      1    169920   integer  
 12       local_mw          9.707      2.179    7.250  16.090 169920   numeric  
 13       placename                                           4858560 character 
 14 sh_treated_job_lowinc   0.025      0.151      0      1    4602840  numeric  
 15 sh_treated_job_young    0.025      0.150      0      1    4602840  numeric  
 16   sh_treated_totjob     0.025      0.150      0      1    4602840  numeric  
 17       state_mw          7.902      1.042    7.250    14   4858560  numeric  
 18       stateabb                                            4858560 character 
 19       statefips                                           4858560 character 
 20      treated_mw         0.025      0.157      0      1    4858560  numeric  
 21      year_month                                           4858560   Date    
 22        zipcode        49,846.900 27,784.540  501   99,950 4858560  integer  
 ------------------------------------------------------------------------------ 
