===============================================================================
File: ../../../drive/derived_large/county/county_cross.dta
Key: county
===============================================================================
  3143:57(11302):2460982190:54433148

    Variable |        Obs        Mean    Std. Dev.       Min        Max
-------------+---------------------------------------------------------
      county |          0
      cbsa10 |          0
   statefips |          0
n_months_z~s |        703     80.6771    36.13984         12        120
     pop2010 |      3,141     98288.6      312993         82    9818605
-------------+---------------------------------------------------------
urb_sha~2010 |      3,141    .4137007    .3151176          0          1
white_s~2010 |      3,141    .7834281    .1980282   .0286041   .9916318
black_s~2010 |      3,141     .087542    .1442435          0   .8543878
hisp_sh~2010 |      3,141    .0828822     .131938          0   .9574477
asian_s~2010 |      3,141    .0113735    .0247051          0   .4301469
-------------+---------------------------------------------------------
natam_s~2010 |      3,141     .000805    .0094588          0   .4888889
child_s~2010 |      3,141    .1922556      .02926          0   .3449854
teen_sh~2010 |      3,141    .1296905    .0351239   .0333333   .4876889
youngad~2010 |      3,141     .115452    .0207809   .0487805   .2764669
adult_s~2010 |      3,141    .4037113    .0340745   .1784953    .580408
-------------+---------------------------------------------------------
elder_s~2010 |      3,141    .1588906    .0418357    .034706   .4338471
housing~2010 |      3,141    41928.99    122803.3         50    3445076
hh_couple_s~ |      3,141    .5782099    .0592149   .1594203   .8099291
h~child_sh~0 |      3,141    .4007648    .0615034          0   .7200393
renthou~2010 |      3,139    .2773082    .0762095   .1016782   .8074233
-------------+---------------------------------------------------------
workers20105 |      3,141    44536.23    143083.7         55    4384405
workers_pr~5 |      3,141    35556.92    116816.2          8    3521225
work_c~20105 |      3,141    .6589085    .1803682   .0902625          1
worktravel.. |      3,141     .245927    .1285107   .0367979   .9326025
worktravel.. |      3,141     .679579    .1211418   .0665855    .889462
-------------+---------------------------------------------------------
worktravel.. |      3,141    .0744939    .0454474          0   .3216467
colleg~20105 |      3,141    .2726086    .0941842   .0365854   .7516183
poor_s~20105 |      3,141    .1628115    .0640739          0   .4772144
lo_hhi~20105 |      3,141    .5055628    .1030632   .1207927   .7748405
hi_hhi~20105 |      3,141    .1464673     .075713   .0245148   .6135803
-------------+---------------------------------------------------------
med_hh~20105 |      3,141    45652.18    11899.29      19624     122844
med_pi~20105 |      3,141    26620.33    5187.995       4725      62514
unemp_~20105 |      3,141    .0857471    .0373383          0   .2679856
employ~20105 |      3,141     .877604    .0540378   .4992928   .9863946
work~ce20105 |      3,141    2535.642    8158.096          0     237725
-------------+---------------------------------------------------------
tot_pinc20~5 |      3,141    1.1e-314           0          0   1.1e-312
tot_pinc_f~5 |      3,141    9.1e-315           0          0   9.1e-313
med_earn_h~5 |      3,094    19839.12    5602.371       2499     117857
m~tectserv~5 |      3,067    38451.99     12292.3       2499     125179
med_earn_f~5 |      3,134    11117.39    3357.323       2499      37734
-------------+---------------------------------------------------------
med_earn_c~5 |      3,131    16547.44    5103.044       2499      65625
med_~e_20105 |      3,105    14144.38    6302.726       2499     220071
med~sp_20105 |      3,139    30244.21    6127.976       2499      82813
worker_foo.. |      3,141    .0537222     .016531          0   .1709477
sh_re~g_2014 |      2,826    .2220404    .0213432   .1235741   .3557152
-------------+---------------------------------------------------------
sh_re~c_2014 |      2,826    .2707748    .0335561     .13939    .403125
sh_workers.. |      2,826    .2164893    .0322598          0   .4124027
sh_workers.. |      2,826    .2802976    .0519785   .0963055   .6055195
share_work~o |      2,825    .4019569    .1600288    .025958   .9557593
sh_work_sa.. |      2,825    .0826675    .0386973          0   .2290246
-------------+---------------------------------------------------------
sh_work_sa.. |      2,825    .1154507    .0440551   .0043668   .2771459
sh_re~g_2017 |      2,826    .2280936    .0207677   .1325536   .3905622
sh_re~c_2017 |      2,826    .2557556    .0330849   .1350967   .4152411
sh_workers.. |      2,826    .2207032    .0321399          0   .3643166
sh_workers.. |      2,826    .2645713     .049341    .093275   .6654719
-------------+---------------------------------------------------------
sh_work_sa.. |      2,825    .0865607     .038936          0   .2325652
sh_work_sa.. |      2,825    .1135292    .0429779          0   .2846034




