=====================================================

Filename: ../output/zillow/data_file_manifest.log
Key: zipcode, city, stateabb, msa, county

|         |mean    |sd      |median |min     |max    |n  |na_count |
|:--------|:-------|:-------|:------|:-------|:------|:--|:--------|
|zipcode  |NA      |NA      |NA     |NA      |NA     |NA |5        |
|city     |NA      |NA      |NA     |NA      |NA     |NA |5        |
|stateabb |NA      |NA      |NA     |NA      |NA     |NA |5        |
|msa      |NA      |NA      |NA     |NA      |NA     |NA |5        |
|county   |NA      |NA      |NA     |NA      |NA     |NA |5        |
|X2010.09 |NA      |NA      |NA     |NA      |NA     |NA |5        |
|X2010.10 |NaN     |NA      |Inf    |NA      |-Inf   |0  |5        |
|X2010.11 |NaN     |NA      |Inf    |NA      |-Inf   |0  |5        |
|X2010.12 |NaN     |NA      |Inf    |NA      |-Inf   |0  |5        |
|X2011.01 |1597.5  |NA      |1597.5 |1597.5  |1597.5 |1  |4        |
|X2011.02 |1633    |94.75   |1566   |1633    |1700   |2  |3        |
|X2011.03 |1648.75 |72.48   |1597.5 |1648.75 |1700   |2  |3        |
|X2011.04 |1625    |35.36   |1600   |1625    |1650   |2  |3        |
|X2011.05 |1630    |42.43   |1600   |1630    |1660   |2  |3        |
|X2011.06 |1707.5  |45.96   |1675   |1707.5  |1740   |2  |3        |
|X2011.07 |1730    |77.78   |1675   |1730    |1785   |2  |3        |
|X2011.08 |1700    |141.42  |1600   |1700    |1800   |2  |3        |
|X2011.09 |2118.33 |636.25  |1695   |1810    |2850   |3  |2        |
|X2011.10 |2190.83 |684.29  |1700   |1900    |2972.5 |3  |2        |
|X2011.11 |2257.5  |798.7   |1700   |1900    |3172.5 |3  |2        |
|X2011.12 |2215    |691.68  |1695   |1950    |3000   |3  |2        |
|X2012.01 |2206.67 |696.43  |1675   |1950    |2995   |3  |2        |
|X2012.02 |2158.33 |741.76  |1600   |1875    |3000   |3  |2        |
|X2012.03 |2141.67 |751.8   |1600   |1825    |3000   |3  |2        |
|X2012.04 |2155    |743.69  |1600   |1865    |3000   |3  |2        |
|X2012.05 |2238.33 |839.42  |1625   |1895    |3195   |3  |2        |
|X2012.06 |2298.33 |795.62  |1695   |2000    |3200   |3  |2        |
|X2012.07 |2246.67 |674.19  |1700   |2040    |3000   |3  |2        |
|X2012.08 |2373.33 |732.47  |1695   |2275    |3150   |3  |2        |
|X2012.09 |2516.67 |812.92  |1800   |2350    |3400   |3  |2        |
|X2012.10 |2573.33 |853.31  |1820   |2400    |3500   |3  |2        |
|X2012.11 |2540    |865.33  |1820   |2300    |3500   |3  |2        |
|X2012.12 |2551.67 |866.9   |1800   |2355    |3500   |3  |2        |
|X2013.01 |2448.33 |806.7   |1795   |2200    |3350   |3  |2        |
|X2013.02 |2383.33 |812.92  |1750   |2100    |3300   |3  |2        |
|X2013.03 |2303.33 |955.53  |1650   |1860    |3400   |3  |2        |
|X2013.04 |2291.67 |798.57  |1700   |1975    |3200   |3  |2        |
|X2013.05 |2300    |793.73  |1700   |2000    |3200   |3  |2        |
|X2013.06 |2331.67 |758.29  |1800   |1995    |3200   |3  |2        |
|X2013.07 |2282.5  |712.07  |1797.5 |1950    |3100   |3  |2        |
|X2013.08 |2343.33 |751.54  |1795   |2035    |3200   |3  |2        |
|X2013.09 |2398.33 |790.89  |1800   |2100    |3295   |3  |2        |
|X2013.10 |2391.67 |732.43  |1850   |2100    |3225   |3  |2        |
|X2013.11 |2450    |708.87  |1900   |2200    |3250   |3  |2        |
|X2013.12 |2458.33 |749.07  |1850   |2230    |3295   |3  |2        |
|X2014.01 |2433.33 |776.75  |1800   |2200    |3300   |3  |2        |
|X2014.02 |2400    |793.73  |1800   |2100    |3300   |3  |2        |
|X2014.03 |2415    |823.97  |1795   |2100    |3350   |3  |2        |
|X2014.04 |2356.67 |870.78  |1725   |1995    |3350   |3  |2        |
|X2014.05 |2333    |883.89  |1750   |1899    |3350   |3  |2        |
|X2014.06 |2355    |821.46  |1775   |1995    |3295   |3  |2        |
|X2014.07 |2431.67 |930.86  |1795   |2000    |3500   |3  |2        |
|X2014.08 |3070    |1542.35 |1770   |2697.5  |5115   |4  |1        |
|X2014.09 |3160.62 |1610.26 |1750   |2846.25 |5200   |4  |1        |
|X2014.10 |3160.62 |1561.07 |1795   |2875    |5097.5 |4  |1        |
|X2014.11 |3163.5  |1521.87 |1775   |2912.5  |5054   |4  |1        |
|X2014.12 |3105    |1483.02 |1750   |2847.5  |4975   |4  |1        |
|X2015.01 |3172.25 |1562.07 |1795   |2849.5  |5195   |4  |1        |
|X2015.02 |3053.75 |1461.29 |1795   |2747.5  |4925   |4  |1        |
|X2015.03 |3020    |1547.21 |1740   |2670    |5000   |4  |1        |
|X2015.04 |3154.38 |1651.86 |1800   |2722.5  |5372.5 |4  |1        |
|X2015.05 |3122.25 |1580.22 |1795   |2747    |5200   |4  |1        |
|X2015.06 |2757.2  |1474.71 |1466   |1995    |5000   |5  |0        |
|X2015.07 |2734.7  |1457.74 |1466   |1950    |4937.5 |5  |0        |
|X2015.08 |2741.8  |1457.99 |1486.5 |1997.5  |5000   |5  |0        |
|X2015.09 |2794.5  |1510.44 |1482   |1999    |5069.5 |5  |0        |
|X2015.10 |2768.5  |1474.51 |1443.5 |1999    |4900   |5  |0        |
|X2015.11 |2794.5  |1488.05 |1430.5 |2097    |4975   |5  |0        |
|X2015.12 |2748.5  |1484.9  |1425   |2017.5  |5000   |5  |0        |
|X2016.01 |2811    |1508.11 |1439   |2029    |5046.5 |5  |0        |
|X2016.02 |2856.2  |1494.76 |1436   |2200    |5000   |5  |0        |
|X2016.03 |2855.8  |1399.86 |1675   |2175    |5000   |5  |0        |
|X2016.04 |2804.5  |1422    |1562.5 |2055    |4925   |5  |0        |
|X2016.05 |2763.5  |1474.65 |1450   |2000    |4995   |5  |0        |
|X2016.06 |2781.5  |1398.63 |1547.5 |2060    |4900   |5  |0        |
|X2016.07 |2689.3  |1295    |1528   |1995    |4625   |5  |0        |
|X2016.08 |2780.4  |1429.71 |1582   |2000    |4962.5 |5  |0        |
|X2016.09 |2786.5  |1420.4  |1557.5 |1995    |4900   |5  |0        |
|X2016.10 |2751.5  |1368.58 |1552.5 |2055    |4800   |5  |0        |
|X2016.11 |2732.5  |1419.58 |1520   |1975    |4867.5 |5  |0        |
|X2016.12 |2724.3  |1389.79 |1524   |2000    |4800   |5  |0        |
|X2017.01 |2730.5  |1391.8  |1437.5 |2015    |4800   |5  |0        |
|X2017.02 |2787.6  |1395.29 |1528   |2060    |4900   |5  |0        |
|X2017.03 |2777.5  |1403.06 |1489   |2050    |4895   |5  |0        |
|X2017.04 |2763.9  |1418.45 |1459.5 |2060    |4900   |5  |0        |
|X2017.05 |2797.3  |1414.93 |1526.5 |2075    |4950   |5  |0        |
|X2017.06 |2789    |1375.27 |1600   |2050    |4900   |5  |0        |
|X2017.07 |2784.9  |1365.72 |1604.5 |2095    |4900   |5  |0        |
|X2017.08 |2744    |1342.29 |1590   |2010    |4800   |5  |0        |
|X2017.09 |2806.5  |1427.21 |1627.5 |2010    |5000   |5  |0        |
|X2017.10 |2806.9  |1475.29 |1610   |2000    |5087.5 |5  |0        |
|X2017.11 |2828.8  |1451.22 |1639.5 |2010    |5000   |5  |0        |
|X2017.12 |2818.4  |1428.89 |1634.5 |2085    |4950   |5  |0        |
|X2018.01 |2850.8  |1451.09 |1650   |2100    |5054   |5  |0        |
|X2018.02 |2880.8  |1496.74 |1645   |2092    |5200   |5  |0        |
|X2018.03 |2833.2  |1366.89 |1656   |2135    |4925   |5  |0        |
|X2018.04 |2811.2  |1317.49 |1656   |2150    |4800   |5  |0        |
|X2018.05 |2830    |1384.16 |1630   |2100    |4925   |5  |0        |
|X2018.06 |2825    |1386.32 |1650   |2100    |4950   |5  |0        |
|X2018.07 |2821.3  |1384.19 |1619   |2100    |4937.5 |5  |0        |
|X2018.08 |2818    |1418.93 |1600   |2095    |4995   |5  |0        |
|X2018.09 |2795    |1436.73 |1620   |2005    |5000   |5  |0        |
|X2018.10 |2801.8  |1435.14 |1609   |2100    |5000   |5  |0        |
|X2018.11 |2827.3  |1389.96 |1699   |2150    |4925   |5  |0        |
|X2018.12 |2797.9  |1331.84 |1649.5 |2200    |4800   |5  |0        |
|X2019.01 |2863.4  |1314.71 |1672   |2350    |4800   |5  |0        |
|X2019.02 |2855.1  |1324.6  |1665   |2350    |4860   |5  |0        |
|X2019.03 |2830.8  |1280.15 |1659   |2300    |4750   |5  |0        |
|X2019.04 |2815.3  |1334.59 |1599   |2200    |4827.5 |5  |0        |
|X2019.05 |2851    |1373.64 |1605   |2200    |4900   |5  |0        |
|X2019.06 |2817.8  |1354.52 |1619   |2155    |4900   |5  |0        |
|X2019.07 |2821.7  |1365    |1619   |2150    |4950   |5  |0        |
|X2019.08 |2889.5  |1467.16 |1600   |2247.5  |5200   |5  |0        |
|X2019.09 |2922.7  |1453.49 |1590   |2390    |5183.5 |5  |0        |
|X2019.10 |3017.8  |1585.86 |1590   |2300    |5400   |5  |0        |
|X2019.11 |2988.3  |1537.66 |1578   |2316    |5200   |5  |0        |
|X2019.12 |2960.9  |1517.08 |1586   |2300    |5105   |5  |0        |


=====================================================


 

=====================================================

Filename: ../output/zillow/data_file_manifest.log
Key: zipcode, city, stateabb, msa, county

|         |mean |sd   |median |min  |max  |n  |na_count |
|:--------|:----|:----|:------|:----|:----|:--|:--------|
|zipcode  |NA   |NA   |NA     |NA   |NA   |NA |5        |
|city     |NA   |NA   |NA     |NA   |NA   |NA |5        |
|stateabb |NA   |NA   |NA     |NA   |NA   |NA |5        |
|msa      |NA   |NA   |NA     |NA   |NA   |NA |5        |
|county   |NA   |NA   |NA     |NA   |NA   |NA |5        |
|X2010.02 |NaN  |NA   |Inf    |NA   |-Inf |0  |5        |
|X2010.03 |NaN  |NA   |Inf    |NA   |-Inf |0  |5        |
|X2010.04 |NaN  |NA   |Inf    |NA   |-Inf |0  |5        |
|X2010.05 |NaN  |NA   |Inf    |NA   |-Inf |0  |5        |
|X2010.06 |NaN  |NA   |Inf    |NA   |-Inf |0  |5        |
|X2010.07 |NaN  |NA   |Inf    |NA   |-Inf |0  |5        |
|X2010.08 |NaN  |NA   |Inf    |NA   |-Inf |0  |5        |
|X2010.09 |NaN  |NA   |Inf    |NA   |-Inf |0  |5        |
|X2010.10 |NaN  |NA   |Inf    |NA   |-Inf |0  |5        |
|X2010.11 |NaN  |NA   |Inf    |NA   |-Inf |0  |5        |
|X2010.12 |NaN  |NA   |Inf    |NA   |-Inf |0  |5        |
|X2011.01 |1.73 |NA   |1.73   |1.73 |1.73 |1  |4        |
|X2011.02 |1.74 |NA   |1.74   |1.74 |1.74 |1  |4        |
|X2011.03 |1.75 |NA   |1.75   |1.75 |1.75 |1  |4        |
|X2011.04 |1.77 |NA   |1.77   |1.77 |1.77 |1  |4        |
|X2011.05 |1.68 |NA   |1.68   |1.68 |1.68 |1  |4        |
|X2011.06 |1.73 |NA   |1.73   |1.73 |1.73 |1  |4        |
|X2011.07 |1.66 |NA   |1.66   |1.66 |1.66 |1  |4        |
|X2011.08 |1.7  |NA   |1.7    |1.7  |1.7  |1  |4        |
|X2011.09 |1.73 |NA   |1.73   |1.73 |1.73 |1  |4        |
|X2011.10 |1.77 |NA   |1.77   |1.77 |1.77 |1  |4        |
|X2011.11 |1.82 |NA   |1.82   |1.82 |1.82 |1  |4        |
|X2011.12 |1.82 |NA   |1.82   |1.82 |1.82 |1  |4        |
|X2012.01 |1.84 |NA   |1.84   |1.84 |1.84 |1  |4        |
|X2012.02 |1.79 |NA   |1.79   |1.79 |1.79 |1  |4        |
|X2012.03 |1.84 |NA   |1.84   |1.84 |1.84 |1  |4        |
|X2012.04 |1.9  |NA   |1.9    |1.9  |1.9  |1  |4        |
|X2012.05 |1.96 |NA   |1.96   |1.96 |1.96 |1  |4        |
|X2012.06 |1.92 |NA   |1.92   |1.92 |1.92 |1  |4        |
|X2012.07 |1.89 |NA   |1.89   |1.89 |1.89 |1  |4        |
|X2012.08 |1.99 |NA   |1.99   |1.99 |1.99 |1  |4        |
|X2012.09 |1.97 |NA   |1.97   |1.97 |1.97 |1  |4        |
|X2012.10 |2.1  |NA   |2.1    |2.1  |2.1  |1  |4        |
|X2012.11 |2.1  |NA   |2.1    |2.1  |2.1  |1  |4        |
|X2012.12 |2.09 |NA   |2.09   |2.09 |2.09 |1  |4        |
|X2013.01 |2.1  |NA   |2.1    |2.1  |2.1  |1  |4        |
|X2013.02 |2.02 |NA   |2.02   |2.02 |2.02 |1  |4        |
|X2013.03 |1.76 |NA   |1.76   |1.76 |1.76 |1  |4        |
|X2013.04 |2    |NA   |2      |2    |2    |1  |4        |
|X2013.05 |2    |NA   |2      |2    |2    |1  |4        |
|X2013.06 |1.93 |NA   |1.93   |1.93 |1.93 |1  |4        |
|X2013.07 |2    |NA   |2      |2    |2    |1  |4        |
|X2013.08 |2.09 |NA   |2.09   |2.09 |2.09 |1  |4        |
|X2013.09 |2.09 |NA   |2.09   |2.09 |2.09 |1  |4        |
|X2013.10 |1.99 |NA   |1.99   |1.99 |1.99 |1  |4        |
|X2013.11 |2    |NA   |2      |2    |2    |1  |4        |
|X2013.12 |2.07 |NA   |2.07   |2.07 |2.07 |1  |4        |
|X2014.01 |1.98 |NA   |1.98   |1.98 |1.98 |1  |4        |
|X2014.02 |2    |NA   |2      |2    |2    |1  |4        |
|X2014.03 |2    |NA   |2      |2    |2    |1  |4        |
|X2014.04 |2    |NA   |2      |2    |2    |1  |4        |
|X2014.05 |1.95 |NA   |1.95   |1.95 |1.95 |1  |4        |
|X2014.06 |3.59 |2.24 |2      |3.59 |5.17 |2  |3        |
|X2014.07 |3.84 |1.62 |2      |4.51 |5.01 |3  |2        |
|X2014.08 |3.3  |1.76 |1.67   |3.24 |5.07 |4  |1        |
|X2014.09 |3.33 |1.76 |1.71   |3.23 |5.13 |4  |1        |
|X2014.10 |3.3  |1.74 |1.68   |3.28 |4.97 |4  |1        |
|X2014.11 |3.3  |1.76 |1.67   |3.28 |4.95 |4  |1        |
|X2014.12 |3.25 |1.72 |1.65   |3.23 |4.9  |4  |1        |
|X2015.01 |3.31 |1.72 |1.69   |3.27 |5.01 |4  |1        |
|X2015.02 |3.35 |1.75 |1.75   |3.32 |5    |4  |1        |
|X2015.03 |3.35 |1.9  |1.63   |3.32 |5.14 |4  |1        |
|X2015.04 |3.46 |1.82 |1.79   |3.39 |5.26 |4  |1        |
|X2015.05 |3.38 |1.73 |1.78   |3.31 |5.12 |4  |1        |
|X2015.06 |3.39 |1.73 |1.82   |3.3  |5.15 |4  |1        |
|X2015.07 |3.39 |1.73 |1.81   |3.3  |5.13 |4  |1        |
|X2015.08 |3.36 |1.73 |1.75   |3.28 |5.12 |4  |1        |
|X2015.09 |3.35 |1.74 |1.77   |3.29 |5.07 |4  |1        |
|X2015.10 |3.3  |1.72 |1.74   |3.25 |4.97 |4  |1        |
|X2015.11 |2.95 |1.79 |1.26   |2    |5.04 |5  |0        |
|X2015.12 |2.94 |1.79 |1.23   |1.94 |5.04 |5  |0        |
|X2016.01 |2.96 |1.82 |1.22   |1.92 |5.05 |5  |0        |
|X2016.02 |3.04 |1.8  |1.25   |2.21 |5.16 |5  |0        |
|X2016.03 |3.02 |1.77 |1.41   |2    |5.13 |5  |0        |
|X2016.04 |2.96 |1.75 |1.31   |2    |4.99 |5  |0        |
|X2016.05 |2.97 |1.73 |1.32   |1.99 |4.95 |5  |0        |
|X2016.06 |2.96 |1.72 |1.3    |2    |4.99 |5  |0        |
|X2016.07 |2.89 |1.6  |1.31   |2.05 |4.63 |5  |0        |
|X2016.08 |2.94 |1.7  |1.34   |2    |4.97 |5  |0        |
|X2016.09 |2.93 |1.72 |1.28   |1.95 |4.95 |5  |0        |
|X2016.10 |2.9  |1.71 |1.27   |1.95 |4.91 |5  |0        |
|X2016.11 |2.85 |1.73 |1.24   |1.85 |4.9  |5  |0        |
|X2016.12 |2.87 |1.73 |1.27   |1.94 |4.89 |5  |0        |
|X2017.01 |2.89 |1.7  |1.29   |1.92 |4.89 |5  |0        |
|X2017.02 |2.92 |1.72 |1.23   |2    |4.91 |5  |0        |
|X2017.03 |2.94 |1.68 |1.25   |2.08 |4.99 |5  |0        |
|X2017.04 |2.96 |1.7  |1.25   |2.07 |4.98 |5  |0        |
|X2017.05 |2.97 |1.69 |1.28   |2.08 |5    |5  |0        |
|X2017.06 |2.94 |1.66 |1.32   |2.03 |4.95 |5  |0        |
|X2017.07 |2.97 |1.67 |1.33   |2.05 |4.92 |5  |0        |
|X2017.08 |2.94 |1.67 |1.33   |2    |4.89 |5  |0        |
|X2017.09 |2.94 |1.67 |1.36   |2    |4.91 |5  |0        |
|X2017.10 |2.98 |1.76 |1.34   |1.97 |5.14 |5  |0        |
|X2017.11 |2.97 |1.72 |1.39   |2    |5.1  |5  |0        |
|X2017.12 |2.97 |1.69 |1.36   |2.08 |5.07 |5  |0        |
|X2018.01 |3    |1.71 |1.36   |2.08 |5.1  |5  |0        |
|X2018.02 |3.05 |1.76 |1.36   |2.08 |5.27 |5  |0        |
|X2018.03 |2.98 |1.65 |1.36   |2.12 |5.05 |5  |0        |
|X2018.04 |3.02 |1.67 |1.36   |2.14 |5.03 |5  |0        |
|X2018.05 |3.06 |1.71 |1.36   |2.16 |5.14 |5  |0        |
|X2018.06 |3.09 |1.7  |1.39   |2.2  |5.09 |5  |0        |
|X2018.07 |3.06 |1.68 |1.37   |2.2  |5.11 |5  |0        |
|X2018.08 |3.09 |1.76 |1.35   |2.19 |5.25 |5  |0        |
|X2018.09 |3.02 |1.73 |1.36   |2.09 |5.16 |5  |0        |
|X2018.10 |3.06 |1.79 |1.36   |2.1  |5.26 |5  |0        |
|X2018.11 |2.98 |1.67 |1.39   |2.08 |5    |5  |0        |
|X2018.12 |2.97 |1.65 |1.37   |2.1  |4.91 |5  |0        |
|X2019.01 |3.02 |1.66 |1.36   |2.2  |4.91 |5  |0        |
|X2019.02 |3.02 |1.65 |1.36   |2.25 |4.96 |5  |0        |
|X2019.03 |3.03 |1.66 |1.36   |2.25 |5.04 |5  |0        |
|X2019.04 |3.04 |1.7  |1.35   |2.19 |5.07 |5  |0        |
|X2019.05 |3.1  |1.77 |1.36   |2.18 |5.23 |5  |0        |
|X2019.06 |3.12 |1.76 |1.36   |2.2  |5.21 |5  |0        |
|X2019.07 |3.14 |1.77 |1.37   |2.2  |5.26 |5  |0        |
|X2019.08 |3.09 |1.71 |1.36   |2.25 |5.1  |5  |0        |
|X2019.09 |3.08 |1.69 |1.35   |2.28 |4.9  |5  |0        |
|X2019.10 |3.12 |1.81 |1.31   |2.21 |5.23 |5  |0        |
|X2019.11 |3.07 |1.74 |1.27   |2.22 |5    |5  |0        |
|X2019.12 |3.15 |1.83 |1.29   |2.27 |5.24 |5  |0        |


=====================================================


 

=====================================================

Filename: ../output/zillow/data_file_manifest.log
Key: zipcode, city, stateabb, msa, county

|         |mean |sd   |median |min  |max  |n  |na_count |
|:--------|:----|:----|:------|:----|:----|:--|:--------|
|zipcode  |NA   |NA   |NA     |NA   |NA   |NA |5        |
|city     |NA   |NA   |NA     |NA   |NA   |NA |5        |
|stateabb |NA   |NA   |NA     |NA   |NA   |NA |5        |
|msa      |NA   |NA   |NA     |NA   |NA   |NA |5        |
|county   |NA   |NA   |NA     |NA   |NA   |NA |5        |
|X2010.02 |NaN  |NA   |Inf    |NA   |-Inf |0  |5        |
|X2010.03 |NaN  |NA   |Inf    |NA   |-Inf |0  |5        |
|X2010.04 |NaN  |NA   |Inf    |NA   |-Inf |0  |5        |
|X2010.05 |NaN  |NA   |Inf    |NA   |-Inf |0  |5        |
|X2010.06 |NaN  |NA   |Inf    |NA   |-Inf |0  |5        |
|X2010.07 |NaN  |NA   |Inf    |NA   |-Inf |0  |5        |
|X2010.08 |NaN  |NA   |Inf    |NA   |-Inf |0  |5        |
|X2010.09 |NaN  |NA   |Inf    |NA   |-Inf |0  |5        |
|X2010.10 |NaN  |NA   |Inf    |NA   |-Inf |0  |5        |
|X2010.11 |NaN  |NA   |Inf    |NA   |-Inf |0  |5        |
|X2010.12 |NaN  |NA   |Inf    |NA   |-Inf |0  |5        |
|X2011.01 |0.64 |NA   |0.64   |0.64 |0.64 |1  |4        |
|X2011.02 |0.67 |NA   |0.67   |0.67 |0.67 |1  |4        |
|X2011.03 |0.69 |NA   |0.69   |0.69 |0.69 |1  |4        |
|X2011.04 |0.66 |NA   |0.66   |0.66 |0.66 |1  |4        |
|X2011.05 |0.68 |NA   |0.68   |0.68 |0.68 |1  |4        |
|X2011.06 |0.7  |NA   |0.7    |0.7  |0.7  |1  |4        |
|X2011.07 |0.71 |NA   |0.71   |0.71 |0.71 |1  |4        |
|X2011.08 |0.7  |NA   |0.7    |0.7  |0.7  |1  |4        |
|X2011.09 |0.7  |NA   |0.7    |0.7  |0.7  |1  |4        |
|X2011.10 |0.68 |NA   |0.68   |0.68 |0.68 |1  |4        |
|X2011.11 |0.68 |NA   |0.68   |0.68 |0.68 |1  |4        |
|X2011.12 |0.7  |NA   |0.7    |0.7  |0.7  |1  |4        |
|X2012.01 |0.69 |NA   |0.69   |0.69 |0.69 |1  |4        |
|X2012.02 |0.7  |NA   |0.7    |0.7  |0.7  |1  |4        |
|X2012.03 |0.73 |NA   |0.73   |0.73 |0.73 |1  |4        |
|X2012.04 |0.7  |NA   |0.7    |0.7  |0.7  |1  |4        |
|X2012.05 |0.69 |NA   |0.69   |0.69 |0.69 |1  |4        |
|X2012.06 |0.71 |NA   |0.71   |0.71 |0.71 |1  |4        |
|X2012.07 |0.72 |NA   |0.72   |0.72 |0.72 |1  |4        |
|X2012.08 |0.7  |NA   |0.7    |0.7  |0.7  |1  |4        |
|X2012.09 |0.68 |NA   |0.68   |0.68 |0.68 |1  |4        |
|X2012.10 |0.72 |NA   |0.72   |0.72 |0.72 |1  |4        |
|X2012.11 |0.69 |NA   |0.69   |0.69 |0.69 |1  |4        |
|X2012.12 |0.71 |NA   |0.71   |0.71 |0.71 |1  |4        |
|X2013.01 |0.72 |NA   |0.72   |0.72 |0.72 |1  |4        |
|X2013.02 |0.78 |NA   |0.78   |0.78 |0.78 |1  |4        |
|X2013.03 |0.83 |0.14 |0.73   |0.83 |0.93 |2  |3        |
|X2013.04 |1.43 |0.72 |0.74   |1.34 |2.28 |4  |1        |
|X2013.05 |1.36 |0.64 |0.73   |1.3  |2.09 |4  |1        |
|X2013.06 |1.34 |0.65 |0.73   |1.24 |2.15 |4  |1        |
|X2013.07 |2.16 |1.88 |0.75   |1.6  |5.36 |5  |0        |
|X2013.08 |2.08 |1.72 |0.73   |1.7  |4.98 |5  |0        |
|X2013.09 |2.1  |1.77 |0.72   |1.62 |5.11 |5  |0        |
|X2013.10 |2.08 |1.72 |0.71   |1.65 |4.98 |5  |0        |
|X2013.11 |2.06 |1.72 |0.71   |1.67 |4.98 |5  |0        |
|X2013.12 |2.12 |1.85 |0.72   |1.58 |5.29 |5  |0        |
|X2014.01 |2.07 |1.72 |0.72   |1.68 |4.99 |5  |0        |
|X2014.02 |2.08 |1.71 |0.73   |1.72 |4.98 |5  |0        |
|X2014.03 |2.05 |1.64 |0.73   |1.72 |4.81 |5  |0        |
|X2014.04 |2    |1.55 |0.74   |1.72 |4.6  |5  |0        |
|X2014.05 |2.05 |1.66 |0.77   |1.6  |4.86 |5  |0        |
|X2014.06 |2.13 |1.69 |0.79   |1.75 |4.98 |5  |0        |
|X2014.07 |2.23 |1.88 |0.78   |1.72 |5.4  |5  |0        |
|X2014.08 |2.21 |1.89 |0.77   |1.68 |5.4  |5  |0        |
|X2014.09 |2.2  |1.89 |0.77   |1.66 |5.4  |5  |0        |
|X2014.10 |2.2  |1.89 |0.79   |1.64 |5.4  |5  |0        |
|X2014.11 |2.17 |1.87 |0.78   |1.55 |5.34 |5  |0        |
|X2014.12 |2.18 |1.92 |0.79   |1.55 |5.46 |5  |0        |
|X2015.01 |2.15 |1.82 |0.8    |1.61 |5.25 |5  |0        |
|X2015.02 |2.2  |1.86 |0.8    |1.63 |5.34 |5  |0        |
|X2015.03 |2.19 |1.89 |0.79   |1.56 |5.4  |5  |0        |
|X2015.04 |2.21 |1.88 |0.8    |1.72 |5.4  |5  |0        |
|X2015.05 |2.23 |1.85 |0.81   |1.81 |5.34 |5  |0        |
|X2015.06 |2.16 |1.77 |0.81   |1.78 |5.16 |5  |0        |
|X2015.07 |2.17 |1.77 |0.82   |1.78 |5.16 |5  |0        |
|X2015.08 |2.24 |1.9  |0.81   |1.71 |5.46 |5  |0        |
|X2015.09 |2.21 |1.91 |0.79   |1.61 |5.46 |5  |0        |
|X2015.10 |2.18 |1.86 |0.78   |1.63 |5.34 |5  |0        |
|X2015.11 |2.2  |1.88 |0.79   |1.72 |5.4  |5  |0        |
|X2015.12 |2.17 |1.78 |0.81   |1.75 |5.16 |5  |0        |
|X2016.01 |2.18 |1.88 |0.8    |1.64 |5.4  |5  |0        |
|X2016.02 |2.19 |1.89 |0.81   |1.69 |5.43 |5  |0        |
|X2016.03 |2.21 |1.91 |0.82   |1.72 |5.46 |5  |0        |
|X2016.04 |2.23 |1.91 |0.81   |1.75 |5.46 |5  |0        |
|X2016.05 |2.18 |1.85 |0.82   |1.72 |5.34 |5  |0        |
|X2016.06 |2.22 |1.9  |0.81   |1.81 |5.46 |5  |0        |
|X2016.07 |2.17 |1.86 |0.78   |1.72 |5.34 |5  |0        |
|X2016.08 |2.2  |1.86 |0.8    |1.7  |5.34 |5  |0        |
|X2016.09 |2.17 |1.95 |0.8    |1.58 |5.52 |5  |0        |
|X2016.10 |2.18 |1.92 |0.81   |1.68 |5.46 |5  |0        |
|X2016.11 |2.16 |1.9  |0.8    |1.66 |5.4  |5  |0        |
|X2016.12 |2.18 |1.87 |0.79   |1.76 |5.34 |5  |0        |
|X2017.01 |2.18 |1.89 |0.8    |1.72 |5.4  |5  |0        |
|X2017.02 |2.24 |1.89 |0.8    |1.81 |5.4  |5  |0        |
|X2017.03 |2.19 |1.86 |0.8    |1.8  |5.34 |5  |0        |
|X2017.04 |2.15 |1.7  |0.83   |1.82 |4.98 |5  |0        |
|X2017.05 |2.14 |1.71 |0.84   |1.72 |4.98 |5  |0        |
|X2017.06 |2.15 |1.7  |0.83   |1.76 |4.99 |5  |0        |
|X2017.07 |2.18 |1.78 |0.83   |1.79 |5.16 |5  |0        |
|X2017.08 |2.2  |1.86 |0.82   |1.69 |5.34 |5  |0        |
|X2017.09 |2.19 |1.91 |0.82   |1.68 |5.46 |5  |0        |
|X2017.10 |2.16 |1.89 |0.82   |1.6  |5.4  |5  |0        |
|X2017.11 |2.18 |1.89 |0.83   |1.59 |5.4  |5  |0        |
|X2017.12 |2.19 |1.91 |0.82   |1.56 |5.46 |5  |0        |
|X2018.01 |2.17 |1.87 |0.81   |1.57 |5.34 |5  |0        |
|X2018.02 |2.2  |1.88 |0.83   |1.68 |5.4  |5  |0        |
|X2018.03 |2.21 |1.88 |0.84   |1.69 |5.4  |5  |0        |
|X2018.04 |2.18 |1.79 |0.83   |1.71 |5.19 |5  |0        |
|X2018.05 |2.17 |1.78 |0.83   |1.81 |5.19 |5  |0        |
|X2018.06 |2.13 |1.79 |0.84   |1.72 |5.19 |5  |0        |
|X2018.07 |2.17 |1.85 |0.84   |1.81 |5.34 |5  |0        |
|X2018.08 |2.08 |1.7  |0.83   |1.72 |4.98 |5  |0        |
|X2018.09 |2.09 |1.71 |0.82   |1.69 |4.98 |5  |0        |
|X2018.10 |2.08 |1.71 |0.83   |1.69 |4.98 |5  |0        |
|X2018.11 |2.06 |1.65 |0.83   |1.72 |4.86 |5  |0        |
|X2018.12 |2.15 |1.7  |0.84   |1.81 |4.99 |5  |0        |
|X2019.01 |2.16 |1.7  |0.85   |1.89 |5    |5  |0        |
|X2019.02 |2.26 |1.84 |0.84   |1.91 |5.34 |5  |0        |
|X2019.03 |2.25 |1.87 |0.85   |1.81 |5.4  |5  |0        |
|X2019.04 |2.21 |1.79 |0.86   |1.81 |5.21 |5  |0        |
|X2019.05 |2.23 |1.81 |0.86   |1.81 |5.27 |5  |0        |
|X2019.06 |2.17 |1.74 |0.87   |1.77 |5.09 |5  |0        |
|X2019.07 |2.15 |1.69 |0.87   |1.76 |4.98 |5  |0        |
|X2019.08 |2.18 |1.8  |0.86   |1.72 |5.23 |5  |0        |
|X2019.09 |2.16 |1.77 |0.85   |1.72 |5.15 |5  |0        |
|X2019.10 |2.24 |1.87 |0.86   |1.84 |5.4  |5  |0        |
|X2019.11 |2.26 |1.87 |0.86   |1.84 |5.4  |5  |0        |
|X2019.12 |2.2  |1.77 |0.86   |1.8  |5.16 |5  |0        |


=====================================================


 

=====================================================

Filename: ../output/zillow/data_file_manifest.log
Key: zipcode, city, stateabb, msa, county

|         |mean |sd |median |min |max |n  |na_count |
|:--------|:----|:--|:------|:---|:---|:--|:--------|
|zipcode  |NA   |NA |NA     |NA  |NA  |NA |5        |
|city     |NA   |NA |NA     |NA  |NA  |NA |5        |
|stateabb |NA   |NA |NA     |NA  |NA  |NA |5        |
|msa      |NA   |NA |NA     |NA  |NA  |NA |5        |
|county   |NA   |NA |NA     |NA  |NA  |NA |5        |
|RegionID |NA   |NA |NA     |NA  |NA  |NA |5        |
|X1996.04 |NA   |NA |NA     |NA  |NA  |NA |5        |
|X1996.05 |NA   |NA |NA     |NA  |NA  |NA |5        |
|X1996.06 |NA   |NA |NA     |NA  |NA  |NA |5        |
|X1996.07 |NA   |NA |NA     |NA  |NA  |NA |5        |
|X1996.08 |NA   |NA |NA     |NA  |NA  |NA |5        |
|X1996.09 |NA   |NA |NA     |NA  |NA  |NA |5        |
|X1996.10 |NA   |NA |NA     |NA  |NA  |NA |5        |
|X1996.11 |NA   |NA |NA     |NA  |NA  |NA |5        |
|X1996.12 |NA   |NA |NA     |NA  |NA  |NA |5        |
|X1997.01 |NA   |NA |NA     |NA  |NA  |NA |5        |
|X1997.02 |NA   |NA |NA     |NA  |NA  |NA |5        |
|X1997.03 |NA   |NA |NA     |NA  |NA  |NA |5        |
|X1997.04 |NA   |NA |NA     |NA  |NA  |NA |5        |
|X1997.05 |NA   |NA |NA     |NA  |NA  |NA |5        |
|X1997.06 |NA   |NA |NA     |NA  |NA  |NA |5        |
|X1997.07 |NA   |NA |NA     |NA  |NA  |NA |5        |
|X1997.08 |NA   |NA |NA     |NA  |NA  |NA |5        |
|X1997.09 |NA   |NA |NA     |NA  |NA  |NA |5        |
|X1997.10 |NA   |NA |NA     |NA  |NA  |NA |5        |
|X1997.11 |NA   |NA |NA     |NA  |NA  |NA |5        |
|X1997.12 |NA   |NA |NA     |NA  |NA  |NA |5        |
|X1998.01 |NA   |NA |NA     |NA  |NA  |NA |5        |
|X1998.02 |NA   |NA |NA     |NA  |NA  |NA |5        |
|X1998.03 |NA   |NA |NA     |NA  |NA  |NA |5        |
|X1998.04 |NA   |NA |NA     |NA  |NA  |NA |5        |
|X1998.05 |NA   |NA |NA     |NA  |NA  |NA |5        |
|X1998.06 |NA   |NA |NA     |NA  |NA  |NA |5        |
|X1998.07 |NA   |NA |NA     |NA  |NA  |NA |5        |
|X1998.08 |NA   |NA |NA     |NA  |NA  |NA |5        |
|X1998.09 |NA   |NA |NA     |NA  |NA  |NA |5        |
|X1998.10 |NA   |NA |NA     |NA  |NA  |NA |5        |
|X1998.11 |NA   |NA |NA     |NA  |NA  |NA |5        |
|X1998.12 |NA   |NA |NA     |NA  |NA  |NA |5        |
|X1999.01 |NA   |NA |NA     |NA  |NA  |NA |5        |
|X1999.02 |NA   |NA |NA     |NA  |NA  |NA |5        |
|X1999.03 |NA   |NA |NA     |NA  |NA  |NA |5        |
|X1999.04 |NA   |NA |NA     |NA  |NA  |NA |5        |
|X1999.05 |NA   |NA |NA     |NA  |NA  |NA |5        |
|X1999.06 |NA   |NA |NA     |NA  |NA  |NA |5        |
|X1999.07 |NA   |NA |NA     |NA  |NA  |NA |5        |
|X1999.08 |NA   |NA |NA     |NA  |NA  |NA |5        |
|X1999.09 |NA   |NA |NA     |NA  |NA  |NA |5        |
|X1999.10 |NA   |NA |NA     |NA  |NA  |NA |5        |
|X1999.11 |NA   |NA |NA     |NA  |NA  |NA |5        |
|X1999.12 |NA   |NA |NA     |NA  |NA  |NA |5        |
|X2000.01 |NA   |NA |NA     |NA  |NA  |NA |5        |
|X2000.02 |NA   |NA |NA     |NA  |NA  |NA |5        |
|X2000.03 |NA   |NA |NA     |NA  |NA  |NA |5        |
|X2000.04 |NA   |NA |NA     |NA  |NA  |NA |5        |
|X2000.05 |NA   |NA |NA     |NA  |NA  |NA |5        |
|X2000.06 |NA   |NA |NA     |NA  |NA  |NA |5        |
|X2000.07 |NA   |NA |NA     |NA  |NA  |NA |5        |
|X2000.08 |NA   |NA |NA     |NA  |NA  |NA |5        |
|X2000.09 |NA   |NA |NA     |NA  |NA  |NA |5        |
|X2000.10 |NA   |NA |NA     |NA  |NA  |NA |5        |
|X2000.11 |NA   |NA |NA     |NA  |NA  |NA |5        |
|X2000.12 |NA   |NA |NA     |NA  |NA  |NA |5        |
|X2001.01 |NA   |NA |NA     |NA  |NA  |NA |5        |
|X2001.02 |NA   |NA |NA     |NA  |NA  |NA |5        |
|X2001.03 |NA   |NA |NA     |NA  |NA  |NA |5        |
|X2001.04 |NA   |NA |NA     |NA  |NA  |NA |5        |
|X2001.05 |NA   |NA |NA     |NA  |NA  |NA |5        |
|X2001.06 |NA   |NA |NA     |NA  |NA  |NA |5        |
|X2001.07 |NA   |NA |NA     |NA  |NA  |NA |5        |
|X2001.08 |NA   |NA |NA     |NA  |NA  |NA |5        |
|X2001.09 |NA   |NA |NA     |NA  |NA  |NA |5        |
|X2001.10 |NA   |NA |NA     |NA  |NA  |NA |5        |
|X2001.11 |NA   |NA |NA     |NA  |NA  |NA |5        |
|X2001.12 |NA   |NA |NA     |NA  |NA  |NA |5        |
|X2002.01 |NA   |NA |NA     |NA  |NA  |NA |5        |
|X2002.02 |NA   |NA |NA     |NA  |NA  |NA |5        |
|X2002.03 |NA   |NA |NA     |NA  |NA  |NA |5        |
|X2002.04 |NA   |NA |NA     |NA  |NA  |NA |5        |
|X2002.05 |NA   |NA |NA     |NA  |NA  |NA |5        |
|X2002.06 |NA   |NA |NA     |NA  |NA  |NA |5        |
|X2002.07 |NA   |NA |NA     |NA  |NA  |NA |5        |
|X2002.08 |NA   |NA |NA     |NA  |NA  |NA |5        |
|X2002.09 |NA   |NA |NA     |NA  |NA  |NA |5        |
|X2002.10 |NA   |NA |NA     |NA  |NA  |NA |5        |
|X2002.11 |NA   |NA |NA     |NA  |NA  |NA |5        |
|X2002.12 |NA   |NA |NA     |NA  |NA  |NA |5        |
|X2003.01 |NA   |NA |NA     |NA  |NA  |NA |5        |
|X2003.02 |NA   |NA |NA     |NA  |NA  |NA |5        |
|X2003.03 |NA   |NA |NA     |NA  |NA  |NA |5        |
|X2003.04 |NA   |NA |NA     |NA  |NA  |NA |5        |
|X2003.05 |NA   |NA |NA     |NA  |NA  |NA |5        |
|X2003.06 |NA   |NA |NA     |NA  |NA  |NA |5        |
|X2003.07 |NA   |NA |NA     |NA  |NA  |NA |5        |
|X2003.08 |NA   |NA |NA     |NA  |NA  |NA |5        |
|X2003.09 |NA   |NA |NA     |NA  |NA  |NA |5        |
|X2003.10 |NA   |NA |NA     |NA  |NA  |NA |5        |
|X2003.11 |NA   |NA |NA     |NA  |NA  |NA |5        |
|X2003.12 |NA   |NA |NA     |NA  |NA  |NA |5        |
|X2004.01 |NA   |NA |NA     |NA  |NA  |NA |5        |
|X2004.02 |NA   |NA |NA     |NA  |NA  |NA |5        |
|X2004.03 |NA   |NA |NA     |NA  |NA  |NA |5        |
|X2004.04 |NA   |NA |NA     |NA  |NA  |NA |5        |
|X2004.05 |NA   |NA |NA     |NA  |NA  |NA |5        |
|X2004.06 |NA   |NA |NA     |NA  |NA  |NA |5        |
|X2004.07 |NA   |NA |NA     |NA  |NA  |NA |5        |
|X2004.08 |NA   |NA |NA     |NA  |NA  |NA |5        |
|X2004.09 |NA   |NA |NA     |NA  |NA  |NA |5        |
|X2004.10 |NA   |NA |NA     |NA  |NA  |NA |5        |
|X2004.11 |NA   |NA |NA     |NA  |NA  |NA |5        |
|X2004.12 |NA   |NA |NA     |NA  |NA  |NA |5        |
|X2005.01 |NA   |NA |NA     |NA  |NA  |NA |5        |
|X2005.02 |NA   |NA |NA     |NA  |NA  |NA |5        |
|X2005.03 |NA   |NA |NA     |NA  |NA  |NA |5        |
|X2005.04 |NA   |NA |NA     |NA  |NA  |NA |5        |
|X2005.05 |NA   |NA |NA     |NA  |NA  |NA |5        |
|X2005.06 |NA   |NA |NA     |NA  |NA  |NA |5        |
|X2005.07 |NA   |NA |NA     |NA  |NA  |NA |5        |
|X2005.08 |NA   |NA |NA     |NA  |NA  |NA |5        |
|X2005.09 |NA   |NA |NA     |NA  |NA  |NA |5        |
|X2005.10 |NA   |NA |NA     |NA  |NA  |NA |5        |
|X2005.11 |NA   |NA |NA     |NA  |NA  |NA |5        |
|X2005.12 |NA   |NA |NA     |NA  |NA  |NA |5        |
|X2006.01 |NA   |NA |NA     |NA  |NA  |NA |5        |
|X2006.02 |NA   |NA |NA     |NA  |NA  |NA |5        |
|X2006.03 |NA   |NA |NA     |NA  |NA  |NA |5        |
|X2006.04 |NA   |NA |NA     |NA  |NA  |NA |5        |
|X2006.05 |NA   |NA |NA     |NA  |NA  |NA |5        |
|X2006.06 |NA   |NA |NA     |NA  |NA  |NA |5        |
|X2006.07 |NA   |NA |NA     |NA  |NA  |NA |5        |
|X2006.08 |NA   |NA |NA     |NA  |NA  |NA |5        |
|X2006.09 |NA   |NA |NA     |NA  |NA  |NA |5        |
|X2006.10 |NA   |NA |NA     |NA  |NA  |NA |5        |
|X2006.11 |NA   |NA |NA     |NA  |NA  |NA |5        |
|X2006.12 |NA   |NA |NA     |NA  |NA  |NA |5        |
|X2007.01 |NA   |NA |NA     |NA  |NA  |NA |5        |
|X2007.02 |NA   |NA |NA     |NA  |NA  |NA |5        |
|X2007.03 |NA   |NA |NA     |NA  |NA  |NA |5        |
|X2007.04 |NA   |NA |NA     |NA  |NA  |NA |5        |
|X2007.05 |NA   |NA |NA     |NA  |NA  |NA |5        |
|X2007.06 |NA   |NA |NA     |NA  |NA  |NA |5        |
|X2007.07 |NA   |NA |NA     |NA  |NA  |NA |5        |
|X2007.08 |NA   |NA |NA     |NA  |NA  |NA |5        |
|X2007.09 |NA   |NA |NA     |NA  |NA  |NA |5        |
|X2007.10 |NA   |NA |NA     |NA  |NA  |NA |5        |
|X2007.11 |NA   |NA |NA     |NA  |NA  |NA |5        |
|X2007.12 |NA   |NA |NA     |NA  |NA  |NA |5        |
|X2008.01 |NA   |NA |NA     |NA  |NA  |NA |5        |
|X2008.02 |NA   |NA |NA     |NA  |NA  |NA |5        |
|X2008.03 |NA   |NA |NA     |NA  |NA  |NA |5        |
|X2008.04 |NA   |NA |NA     |NA  |NA  |NA |5        |
|X2008.05 |NA   |NA |NA     |NA  |NA  |NA |5        |
|X2008.06 |NA   |NA |NA     |NA  |NA  |NA |5        |
|X2008.07 |NA   |NA |NA     |NA  |NA  |NA |5        |
|X2008.08 |NA   |NA |NA     |NA  |NA  |NA |5        |
|X2008.09 |NA   |NA |NA     |NA  |NA  |NA |5        |
|X2008.10 |NA   |NA |NA     |NA  |NA  |NA |5        |
|X2008.11 |NA   |NA |NA     |NA  |NA  |NA |5        |
|X2008.12 |NA   |NA |NA     |NA  |NA  |NA |5        |
|X2009.01 |NA   |NA |NA     |NA  |NA  |NA |5        |
|X2009.02 |NA   |NA |NA     |NA  |NA  |NA |5        |
|X2009.03 |NA   |NA |NA     |NA  |NA  |NA |5        |
|X2009.04 |NA   |NA |NA     |NA  |NA  |NA |5        |
|X2009.05 |NA   |NA |NA     |NA  |NA  |NA |5        |
|X2009.06 |NA   |NA |NA     |NA  |NA  |NA |5        |
|X2009.07 |NA   |NA |NA     |NA  |NA  |NA |5        |
|X2009.08 |NA   |NA |NA     |NA  |NA  |NA |5        |
|X2009.09 |NA   |NA |NA     |NA  |NA  |NA |5        |
|X2009.10 |NA   |NA |NA     |NA  |NA  |NA |5        |
|X2009.11 |NA   |NA |NA     |NA  |NA  |NA |5        |
|X2009.12 |NA   |NA |NA     |NA  |NA  |NA |5        |
|X2010.01 |NA   |NA |NA     |NA  |NA  |NA |5        |
|X2010.02 |NA   |NA |NA     |NA  |NA  |NA |5        |
|X2010.03 |NA   |NA |NA     |NA  |NA  |NA |5        |
|X2010.04 |NA   |NA |NA     |NA  |NA  |NA |5        |
|X2010.05 |NA   |NA |NA     |NA  |NA  |NA |5        |
|X2010.06 |NA   |NA |NA     |NA  |NA  |NA |5        |
|X2010.07 |NA   |NA |NA     |NA  |NA  |NA |5        |
|X2010.08 |NA   |NA |NA     |NA  |NA  |NA |5        |
|X2010.09 |NA   |NA |NA     |NA  |NA  |NA |5        |
|X2010.10 |NA   |NA |NA     |NA  |NA  |NA |5        |
|X2010.11 |NA   |NA |NA     |NA  |NA  |NA |5        |
|X2010.12 |NA   |NA |NA     |NA  |NA  |NA |5        |
|X2011.01 |NA   |NA |NA     |NA  |NA  |NA |5        |
|X2011.02 |NA   |NA |NA     |NA  |NA  |NA |5        |
|X2011.03 |NA   |NA |NA     |NA  |NA  |NA |5        |
|X2011.04 |NA   |NA |NA     |NA  |NA  |NA |5        |
|X2011.05 |NA   |NA |NA     |NA  |NA  |NA |5        |
|X2011.06 |NA   |NA |NA     |NA  |NA  |NA |5        |
|X2011.07 |NA   |NA |NA     |NA  |NA  |NA |5        |
|X2011.08 |NA   |NA |NA     |NA  |NA  |NA |5        |
|X2011.09 |NA   |NA |NA     |NA  |NA  |NA |5        |
|X2011.10 |NA   |NA |NA     |NA  |NA  |NA |5        |
|X2011.11 |NA   |NA |NA     |NA  |NA  |NA |5        |
|X2011.12 |NA   |NA |NA     |NA  |NA  |NA |5        |
|X2012.01 |NA   |NA |NA     |NA  |NA  |NA |5        |
|X2012.02 |NA   |NA |NA     |NA  |NA  |NA |5        |
|X2012.03 |NA   |NA |NA     |NA  |NA  |NA |5        |
|X2012.04 |NA   |NA |NA     |NA  |NA  |NA |5        |
|X2012.05 |NA   |NA |NA     |NA  |NA  |NA |5        |
|X2012.06 |NA   |NA |NA     |NA  |NA  |NA |5        |
|X2012.07 |NA   |NA |NA     |NA  |NA  |NA |5        |
|X2012.08 |NA   |NA |NA     |NA  |NA  |NA |5        |
|X2012.09 |NA   |NA |NA     |NA  |NA  |NA |5        |
|X2012.10 |NA   |NA |NA     |NA  |NA  |NA |5        |
|X2012.11 |NA   |NA |NA     |NA  |NA  |NA |5        |
|X2012.12 |NA   |NA |NA     |NA  |NA  |NA |5        |
|X2013.01 |NA   |NA |NA     |NA  |NA  |NA |5        |
|X2013.02 |NA   |NA |NA     |NA  |NA  |NA |5        |
|X2013.03 |NA   |NA |NA     |NA  |NA  |NA |5        |
|X2013.04 |NA   |NA |NA     |NA  |NA  |NA |5        |
|X2013.05 |NA   |NA |NA     |NA  |NA  |NA |5        |
|X2013.06 |NA   |NA |NA     |NA  |NA  |NA |5        |
|X2013.07 |NA   |NA |NA     |NA  |NA  |NA |5        |
|X2013.08 |NA   |NA |NA     |NA  |NA  |NA |5        |
|X2013.09 |NA   |NA |NA     |NA  |NA  |NA |5        |
|X2013.10 |NA   |NA |NA     |NA  |NA  |NA |5        |
|X2013.11 |NA   |NA |NA     |NA  |NA  |NA |5        |
|X2013.12 |NA   |NA |NA     |NA  |NA  |NA |5        |
|X2014.01 |NA   |NA |NA     |NA  |NA  |NA |5        |
|X2014.02 |NA   |NA |NA     |NA  |NA  |NA |5        |
|X2014.03 |NA   |NA |NA     |NA  |NA  |NA |5        |
|X2014.04 |NA   |NA |NA     |NA  |NA  |NA |5        |
|X2014.05 |NA   |NA |NA     |NA  |NA  |NA |5        |
|X2014.06 |NA   |NA |NA     |NA  |NA  |NA |5        |
|X2014.07 |NA   |NA |NA     |NA  |NA  |NA |5        |
|X2014.08 |NA   |NA |NA     |NA  |NA  |NA |5        |
|X2014.09 |NA   |NA |NA     |NA  |NA  |NA |5        |
|X2014.10 |NA   |NA |NA     |NA  |NA  |NA |5        |
|X2014.11 |NA   |NA |NA     |NA  |NA  |NA |5        |
|X2014.12 |NA   |NA |NA     |NA  |NA  |NA |5        |
|X2015.01 |NA   |NA |NA     |NA  |NA  |NA |5        |
|X2015.02 |NA   |NA |NA     |NA  |NA  |NA |5        |
|X2015.03 |NA   |NA |NA     |NA  |NA  |NA |5        |
|X2015.04 |NA   |NA |NA     |NA  |NA  |NA |5        |
|X2015.05 |NA   |NA |NA     |NA  |NA  |NA |5        |
|X2015.06 |NA   |NA |NA     |NA  |NA  |NA |5        |
|X2015.07 |NA   |NA |NA     |NA  |NA  |NA |5        |
|X2015.08 |NA   |NA |NA     |NA  |NA  |NA |5        |
|X2015.09 |NA   |NA |NA     |NA  |NA  |NA |5        |
|X2015.10 |NA   |NA |NA     |NA  |NA  |NA |5        |
|X2015.11 |NA   |NA |NA     |NA  |NA  |NA |5        |
|X2015.12 |NA   |NA |NA     |NA  |NA  |NA |5        |
|X2016.01 |NA   |NA |NA     |NA  |NA  |NA |5        |
|X2016.02 |NA   |NA |NA     |NA  |NA  |NA |5        |
|X2016.03 |NA   |NA |NA     |NA  |NA  |NA |5        |
|X2016.04 |NA   |NA |NA     |NA  |NA  |NA |5        |
|X2016.05 |NA   |NA |NA     |NA  |NA  |NA |5        |
|X2016.06 |NA   |NA |NA     |NA  |NA  |NA |5        |
|X2016.07 |NA   |NA |NA     |NA  |NA  |NA |5        |
|X2016.08 |NA   |NA |NA     |NA  |NA  |NA |5        |
|X2016.09 |NA   |NA |NA     |NA  |NA  |NA |5        |
|X2016.10 |NA   |NA |NA     |NA  |NA  |NA |5        |
|X2016.11 |NA   |NA |NA     |NA  |NA  |NA |5        |
|X2016.12 |NA   |NA |NA     |NA  |NA  |NA |5        |
|X2017.01 |NA   |NA |NA     |NA  |NA  |NA |5        |
|X2017.02 |NA   |NA |NA     |NA  |NA  |NA |5        |
|X2017.03 |NA   |NA |NA     |NA  |NA  |NA |5        |
|X2017.04 |NA   |NA |NA     |NA  |NA  |NA |5        |
|X2017.05 |NA   |NA |NA     |NA  |NA  |NA |5        |
|X2017.06 |NA   |NA |NA     |NA  |NA  |NA |5        |
|X2017.07 |NA   |NA |NA     |NA  |NA  |NA |5        |
|X2017.08 |NA   |NA |NA     |NA  |NA  |NA |5        |
|X2017.09 |NA   |NA |NA     |NA  |NA  |NA |5        |
|X2017.10 |NA   |NA |NA     |NA  |NA  |NA |5        |
|X2017.11 |NA   |NA |NA     |NA  |NA  |NA |5        |
|X2017.12 |NA   |NA |NA     |NA  |NA  |NA |5        |
|X2018.01 |NA   |NA |NA     |NA  |NA  |NA |5        |
|X2018.02 |NA   |NA |NA     |NA  |NA  |NA |5        |
|X2018.03 |NA   |NA |NA     |NA  |NA  |NA |5        |
|X2018.04 |NA   |NA |NA     |NA  |NA  |NA |5        |
|X2018.05 |NA   |NA |NA     |NA  |NA  |NA |5        |
|X2018.06 |NA   |NA |NA     |NA  |NA  |NA |5        |
|X2018.07 |NA   |NA |NA     |NA  |NA  |NA |5        |
|X2018.08 |NA   |NA |NA     |NA  |NA  |NA |5        |
|X2018.09 |NA   |NA |NA     |NA  |NA  |NA |5        |
|X2018.10 |NA   |NA |NA     |NA  |NA  |NA |5        |
|X2018.11 |NA   |NA |NA     |NA  |NA  |NA |5        |
|X2018.12 |NA   |NA |NA     |NA  |NA  |NA |5        |
|X2019.01 |NA   |NA |NA     |NA  |NA  |NA |5        |
|X2019.02 |NA   |NA |NA     |NA  |NA  |NA |5        |
|X2019.03 |NA   |NA |NA     |NA  |NA  |NA |5        |
|X2019.04 |NA   |NA |NA     |NA  |NA  |NA |5        |
|X2019.05 |NA   |NA |NA     |NA  |NA  |NA |5        |
|X2019.06 |NA   |NA |NA     |NA  |NA  |NA |5        |
|X2019.07 |NA   |NA |NA     |NA  |NA  |NA |5        |
|X2019.08 |NA   |NA |NA     |NA  |NA  |NA |5        |
|X2019.09 |NA   |NA |NA     |NA  |NA  |NA |5        |
|X2019.10 |NA   |NA |NA     |NA  |NA  |NA |5        |
|X2019.11 |NA   |NA |NA     |NA  |NA  |NA |5        |
|X2019.12 |NA   |NA |NA     |NA  |NA  |NA |5        |


=====================================================

