
========================================================================== 
File: ../../../drive/base_large/zillow/zillow_county_clean.csv 
MD5:  f7f0acbffb3c6489e2695985114d41b5 
Key:  countyfips date 
 
 ================================================================= 
          variable        mean   sd    min   max     N     type    
 ----------------------------------------------------------------- 
 1         cbsa10                                  84840 character 
 2       countyfips                                84840 character 
 3          date                                   84840  factor   
 4  medrentpricepsqft_SF  0.986 0.596 0.121 17.143 53757  numeric  
 5 medrentpricepsqft_SFCC 1.022 0.634 0.447 17.059 56716  numeric  
 6       place_code                                84840 character 
 7       statefips                                 84840 character 
 ----------------------------------------------------------------- 

========================================================================== 
File: ../../../drive/base_large/zillow/zillow_zipcode_clean.csv 
MD5:  fe73788e8f112007e2c74e34771b5f5a 
Key:  zipcode date 
 
 ============================================================================================ 
              variable               mean         sd        min      max       N      type    
 -------------------------------------------------------------------------------------------- 
 1             cbsa10                                                       9227337 character 
 2           countyfips                                                     9227337 character 
 3              date                                                        9264647  factor   
 4    medDailylistings_NSA_SFCC     106.300     96.615      11      2,234   895420   integer  
 5    medlistingprice_low_tier    151,736.700 94,283.890  11,750   939,935  237537   numeric  
 6      medlistingprice_SFCC      296,431.400 256,952.600 12,000  6,995,000 919945   numeric  
 7    medlistingprice_top_tier    463,979.400 350,800.100 112,450 7,295,000 481521   numeric  
 8  medlistingpricepsqft_low_tier   121.533     83.335    11.507  1,672.388 296286   numeric  
 9    medlistingpricepsqft_SFCC     165.608     135.726   11.571  2,802.347 1084523  numeric  
 10 medlistingpricepsqft_top_tier   206.646     177.982   31.522  2,799.423 516368   numeric  
 11   medpctpricereduction_SFCC      3.958       1.950    0.0002   48.276   828016   numeric  
 12       medrentprice_1BR         1,607.937    670.499     350     5,195    69440   numeric  
 13       medrentprice_2BR         1,766.741    879.010     475    19,500   106799   numeric  
 14       medrentprice_3BR         1,928.871   1,459.310    455    40,000    76539   numeric  
 15       medrentprice_4BR         3,116.339   5,197.041    435    50,000    10310   numeric  
 16       medrentprice_5BR         5,715.090   7,571.906   1,250   50,000     868    numeric  
 17        medrentprice_CC         2,105.650    938.792     700     8,975    34676   numeric  
 18      medrentprice_MFdxtx       1,979.011    832.966     375     6,646    26880   numeric  
 19     medrentprice_Mfr5Plus      1,554.040    697.888     375    20,000   175096   numeric  
 20        medrentprice_SF         1,778.371   1,931.017    500    50,000   142386   numeric  
 21       medrentprice_SFCC        1,768.679   1,527.426    500    50,000   192932   numeric  
 22      medrentprice_Studio       1,670.905   1,365.808    300    50,000    28999   numeric  
 23     medrentpricepsqft_1BR        2.191       0.919     0.639    7.164    55424   numeric  
 24     medrentpricepsqft_2BR        1.683       0.804     0.502   12.555    92792   numeric  
 25     medrentpricepsqft_3BR        1.233       0.812     0.506   17.500    67139   numeric  
 26     medrentpricepsqft_4BR        1.499       2.560     0.549   21.851    8370    numeric  
 27     medrentpricepsqft_5BR        7.754       7.031     0.373     22       537    numeric  
 28     medrentpricepsqft_CC         2.170       1.169     0.584   12.928    30608   numeric  
 29   medrentpricepsqft_MFdxtx       2.452       1.287     0.363    6.937    11949   numeric  
 30  medrentpricepsqft_Mfr5Plus      1.737       0.849     0.315   12.554   146858   numeric  
 31     medrentpricepsqft_SF         1.145       1.002     0.104   24.485   144593   numeric  
 32    medrentpricepsqft_SFCC        1.304       1.033     0.109   23.969   197978   numeric  
 33   medrentpricepsqft_Studio       1.955       1.575     0.429    7.348    23491   numeric  
 34   Monthlylistings_NSA_SFCC      127.018     115.694     11      2,540   970949   integer  
 35  NewMonthlylistings_NSA_SFCC    50.399      31.369      11       609    118648   integer  
 36  pctlistings_pricedown_SFCC     13.157       5.350       0     47.945   1108016  numeric  
 37          place_code                                                     9227337 character 
 38          Sale_Counts            10.667      19.139       0       493    4399979  integer  
 39   SalesPrevForeclosed_Share      0.035       0.108       0        1     3115832  numeric  
 40           statefips                                                     9227337 character 
 41           zhvi_2BR            146,003.900 133,146.300  7,100  3,893,638 5565556  integer  
 42            zhvi_C             199,634.700 160,856.000 13,592  3,848,327 2325780  integer  
 43            zhvi_SF            191,190.800 212,985.500  8,565  8,737,684 6686415  integer  
 44           zhvi_SFCC           183,337.300 176,086.700  8,565  6,648,479 6699435  integer  
 45            zipcode            48,970.690  27,356.940    501    99,929   9264647  integer  
 46            zri_MF              1,518.065    639.549     420    18,349   140035   integer  
 47          zri_SFCCMF            1,356.072    875.949     368    83,894   1347720  integer  
 -------------------------------------------------------------------------------------------- 
