============================================================================
File: ../temp/baseline_rent_panel_6.dta
Key: zipcode year_month
============================================================================
  156600:77(58357):3849116430:1004283509

    Variable |        Obs        Mean    Std. Dev.       Min        Max
-------------+---------------------------------------------------------
     zipcode |    156,600    51920.57    29185.78       2113      99577
  year_month |    156,600       659.5    34.63992        600        719
  place_code |    129,840    40657.65    22564.03        410      87240
   placetype |          0
  countyfips |    156,240    24077.04    16484.28       1003      56021
-------------+---------------------------------------------------------
      county |          0
   statefips |    156,600    23.97854    16.42626          1         56
medre~e_sfcc |    125,644    1651.102    702.9949        595       6595
      fed_mw |    156,600        7.25           0       7.25       7.25
    state_mw |    156,600    8.016521    1.074868       7.25         14
-------------+---------------------------------------------------------
   county_mw |      8,400    9.085036    1.582498       7.25      14.25
county_abo~w |      8,400        .305    .4604348          0          1
    local_mw |      9,720    9.504039    1.904531       7.25         16
local_abov~w |      9,720     .369856    .4827903          0          1
   actual_mw |    156,600    8.077733    1.207496       7.25         16
-------------+---------------------------------------------------------
    which_mw |    156,600    2.137701    .4837252          2          4
  dactual_mw |    156,600    .0151952    .1121177          0       2.21
    mw_event |    156,600    .0338506     .180845          0          1
 state_event |    156,600    .0300255    .1706581          0          1
county_event |    156,600    .0009962    .0315465          0          1
-------------+---------------------------------------------------------
 local_event |    156,600    .0028289    .0531119          0          1
   fed_event |    156,600           0           0          0          0
calendar_m~h |    156,600         6.5    3.452064          1         12
         msa |    156,600    436.1801    240.1675         12        860
       trend |    156,600       225.5    34.63992        166        285
-------------+---------------------------------------------------------
    trend_sq |    156,600    52050.17    15659.42      27556      81225
    trend_cu |    156,600    1.23e+07     5408203    4574296   2.31e+07
sal_mw_event |    156,600    .0134036    .1149957          0          1
 mw_event025 |    156,600    .0179374    .1327245          0          1
 mw_event075 |    156,600    .0081354     .089829          0          1
-------------+---------------------------------------------------------
m~e_mfr5plus |     47,091     1715.37    757.3231        450       6095
medren~e_2br |     32,426    1996.785    1014.866        495       6800
medre~t_sfcc |    113,375    1.188344    .7824813   .4180214   6.731387
medren~t_2br |     24,789     1.84165    .9184999   .5015197   6.499599
m~t_mfr5plus |     37,588    1.842276    1.001968   .5106889    6.48415
-------------+---------------------------------------------------------
     pop2010 |    156,600    5094.666    2053.232   1134.729   29439.89
urb_sha~2010 |    156,600    .9672256    .0773197   .2883417          1
white_s~2010 |    156,600    .5450552    .2217932   .0036694   .9396675
black_s~2010 |    156,600    .1651694    .2005277   .0034277   .9753516
hisp_sh~2010 |    156,600    .1888204     .170269   .0072045   .9338689
-------------+---------------------------------------------------------
asian_s~2010 |    156,600    .0694605    .0849161   .0004593    .689378
natam_s~2010 |    156,600    .0016674    .0054796          0   .0926286
child_s~2010 |    156,600    .1949678    .0525717   .0183688   .3495505
teen_sh~2010 |    156,600    .0936518    .0332365   .0099649   .4035518
youngad~2010 |    156,600    .2025643    .0731132   .0293848    .625282
-------------+---------------------------------------------------------
adult_s~2010 |    156,600    .3950195    .0471422   .1545396   .5850629
elder_s~2010 |    156,600    .1137966    .0604392   .0093771   .7075161
housing~2010 |    156,600     2154.05    835.5169   808.8774   13289.88
hh_couple_s~ |    156,600     .537118    .1326535   .1637825   .8152068
h~child_sh~0 |    156,600    .4511574    .1031615   .0341987   .7473651
-------------+---------------------------------------------------------
renthou~2010 |    156,600    .3799848    .1759554    .062864   .9660729
work_c~20105 |    156,600    .7582464    .2010222   .1421741   .9951102
worktravel.. |    156,600    .0968771    .0454301   .0054477   .3653359
worktravel.. |    156,600    .8210624    .0594933    .565174   .9481063
worktravel.. |    156,600    .0820605    .0578614   .0080907    .362708
-------------+---------------------------------------------------------
colleg~20105 |    156,600    .4411882    .1670347   .0860239   .9081349
poor_s~20105 |    156,600    .1349342    .0819292   .0123633   .5788661
lo_hhi~20105 |    156,600    .3756629    .1473196   .0449036   .8225102
hi_hhi~20105 |    156,600     .275351    .1501347   .0254453   .7851244
med_hh~20105 |    156,600    66919.72    24575.33   20527.66   191553.2
-------------+---------------------------------------------------------
unemp_~20105 |    156,600    .0936933    .0418548   .0211286   .3385852
employ~20105 |    156,600    .9009183     .039899   .6807186   .9719977
med_earn_h~5 |    155,040    27237.46    14110.53       2499     250001
m~tectserv~5 |    155,280    48087.58    20765.34       2499     250001
med_earn_f~5 |    156,480    16558.06    7029.657   4436.876   136515.3
-------------+---------------------------------------------------------
med_earn_c~5 |    155,040     22797.4    11990.55       2499   246364.8
med_~e_20105 |    156,600    19792.87    10529.06       2499     250001
med~sp_20105 |    156,480    34127.94    11516.45   15005.94   193485.7
l~25_rel_m~6 |    156,600     2005.62    2270.478          0       5000
treated~25_6 |    156,600    .6413793    .4795971          0          1
-------------+---------------------------------------------------------
unused_~25_6 |    156,600    .0285057    .1664132          0          1
c_unuse~25_6 |    156,600    1.552612    2.163527          0          9
months_unt~s |    156,600        59.5    34.63992          0        119
l~75_rel_m~6 |    156,600    3134.988    2356.225          0       5000
treated~75_6 |    156,600    .3877395    .4872362          0          1
-------------+---------------------------------------------------------
unused_~75_6 |    156,600    .0306194    .1722848          0          1
c_unuse~75_6 |    156,600    1.706047    2.301755          0          9




