
 make.py started: 2020-05-14 21:08:03 C:\Users\diegog\Desktop\Diego\min_wage_rent\analysis\event_size_robustness\code 




Execute:  StataMP-64 /e do "./preclean_event_studies.do"

  ___  ____  ____  ____  ____ (R)
 /__    /   ____/   /   ____/
___/   /   /___/   /   /___/   15.1   Copyright 1985-2017 StataCorp LLC
  Statistics/Data Analysis            StataCorp
                                      4905 Lakeway Drive
     MP - Parallel Edition            College Station, Texas 77845 USA
                                      800-STATA-PC        http://www.stata.com
                                      979-696-4600        stata@stata.com
                                      979-696-4601 (fax)

Single-user 32-core Stata perpetual license:
       Serial number:  501506205566
         Licensed to:  KU Leuven FEB (CES)
                       KU Leuven

Notes:
      1.  Stata is running in batch mode.
      2.  Unicode is supported; see help unicode_advice.
      3.  More than 2 billion observations are allowed; see help obs_advice.
      4.  Maximum number of variables is set to 5000; see help set_maxvar.

. do ./preclean_event_studies.do 

. clear all

. set more off

. adopath + ../../../lib/stata/mental_coupons/ado
  [1]  (BASE)      "C:\Program Files\Stata15\ado\base/"
  [2]  (SITE)      "C:\Program Files\Stata15\ado\site/"
  [3]              "."
  [4]  (PERSONAL)  "c:\ado\personal/"
  [5]  (PLUS)      "c:\ado\plus/"
  [6]  (OLDPLACE)  "c:\ado/"
  [7]              "../../../lib/stata/mental_coupons/ado"

. adopath + ../../../lib/stata/gslab_misc/ado
  [1]  (BASE)      "C:\Program Files\Stata15\ado\base/"
  [2]  (SITE)      "C:\Program Files\Stata15\ado\site/"
  [3]              "."
  [4]  (PERSONAL)  "c:\ado\personal/"
  [5]  (PLUS)      "c:\ado\plus/"
  [6]  (OLDPLACE)  "c:\ado/"
  [7]              "../../../lib/stata/mental_coupons/ado"
  [8]              "../../../lib/stata/gslab_misc/ado"

. set maxvar 32000 


. 
. program main
  1.     foreach data in rent listing {
  2.             foreach window in 6 12 {
  3.                 use "../../../drive/derived_large/output/baseline_`data'_p
> anel.dta", clear
  4.                     create_latest_event_vars, event_dummy(mw_event025) win
> dow(`window')                ///
>                             time_var(year_month) geo_unit(zipcode) panel_end(
> 2019m12)
  5.                 create_latest_event_vars, event_dummy(mw_event075) window(
> `window')                ///
>                             time_var(year_month) geo_unit(zipcode) panel_end(
> 2019m12)
  6. 
.                 save_data "../temp/baseline_`data'_panel_`window'.dta", key(z
> ipcode year_month)            ///
>                     replace log(none)
  7.                         }
  8.         }
  9. end

. 
. program create_latest_event_vars
  1.         syntax, event_dummy(str) window(int) time_var(str) ///
>             geo_unit(str) panel_end(str)
  2.         
.         local window_span = `window'*2 + 1 
  3. 
.         gen `event_dummy'_`time_var' = `time_var' if `event_dummy' == 1
  4.         format `event_dummy'_`time_var' %tm
  5. 
.         cap gen months_until_panel_ends = `=tm(`panel_end')' - year_month
  6.         
.         preserve
  7.         keep if months_until_panel_ends >= (`window' + 1)
  8.         collapse (max) last_`event_dummy'_`time_var' = `event_dummy'_`time
> _var', by(`geo_unit')
  9.         format last_`event_dummy'_`time_var' %tm
 10.         keep `geo_unit' last_`event_dummy'_`time_var'
 11.         save_data "../temp/last_event`window'_by_`geo_unit'.dta", key(`geo
> _unit') replace
 12.         restore
 13.         
.         merge m:1 `geo_unit' using "../temp/last_event`window'_by_`geo_unit'.
> dta", ///
>             nogen assert(3) keep(3)
 14.         
.         gen last_`event_dummy'_rel_months`window' = `time_var' - last_`event_
> dummy'_`time_var'
 15.         replace last_`event_dummy'_rel_months`window' = last_`event_dummy'
> _rel_months`window' + `window' + 1
 16.         replace last_`event_dummy'_rel_months`window' = 0 ///
>             if last_`event_dummy'_rel_months`window' <= 0
 17.         replace last_`event_dummy'_rel_months`window' = 1000 ///
>             if (last_`event_dummy'_rel_months`window' > `window_span' & ///
>                 !missing(last_`event_dummy'_rel_months`window'))
 18.         
.         gen unused_mw_event`event_dummy'_`window' = ///
>             (mw_event == 1 & last_`event_dummy'_rel_months`window' != (`windo
> w' + 1))
 19.         bysort `geo_unit' (`time_var'): gen c_nbr_unused_`event_dummy'_`wi
> ndow' = ///
>             sum(unused_mw_event`event_dummy'_`window')
 20.                 
.         drop `event_dummy'_`time_var' last_`event_dummy'_`time_var'
 21. end

. 
. main
(147,709 missing values generated)
(8,771 observations deleted)
(data already sorted by zipcode)
  variable last_mw_event025_year_month was float now int
  (2,506 bytes saved)
===============================================================================
> ===================
File: ../temp/last_event6_by_zipcode.dta
Key: zipcode
===============================================================================
> ===================
  1253:2(71212):2074968706:1696188245

    Variable |        Obs        Mean    Std. Dev.       Min        Max
-------------+---------------------------------------------------------
     zipcode |      1,253    51319.01    29015.52       2113      99577
last_mw_ev~h |        799    672.5069    40.95143        606        708




(note: file ../temp/last_event6_by_zipcode.dta not found)
file ../temp/last_event6_by_zipcode.dta saved

    Result                           # of obs.
    -----------------------------------------
    not matched                             0
    matched                           150,360  
    -----------------------------------------
(54,480 missing values generated)
(95,880 real changes made)
(52,394 real changes made)
(32,354 real changes made)
(149,165 missing values generated)
(8,771 observations deleted)
(data already sorted by zipcode)
  variable last_mw_event075_year_month was float now int
  (2,506 bytes saved)
===============================================================================
> ===================
File: ../temp/last_event6_by_zipcode.dta
Key: zipcode
===============================================================================
> ===================
  1253:2(71245):3917202500:2391888169

    Variable |        Obs        Mean    Std. Dev.       Min        Max
-------------+---------------------------------------------------------
     zipcode |      1,253    51319.01    29015.52       2113      99577
last_mw_ev~h |        477    689.8637     20.1217        636        708




file ../temp/last_event6_by_zipcode.dta saved

    Result                           # of obs.
    -----------------------------------------
    not matched                             0
    matched                           150,360  
    -----------------------------------------
(93,120 missing values generated)
(57,240 real changes made)
(39,526 real changes made)
(11,036 real changes made)
(data already sorted by zipcode year_month)
  variable months_until_panel_ends was float now int
  variable last_mw_event025_rel_months6 was float now int
  variable unused_mw_eventmw_event025_6 was float now byte
  variable c_nbr_unused_mw_event025_6 was float now byte
  variable last_mw_event075_rel_months6 was float now int
  variable unused_mw_eventmw_event075_6 was float now byte
  variable c_nbr_unused_mw_event075_6 was float now byte
  (2,706,480 bytes saved)
===============================================================================
> ===================
File: ../temp/baseline_rent_panel_6.dta
Key: zipcode year_month
===============================================================================
> ===================
  150360:34(107344):4225590318:4226866873

    Variable |        Obs        Mean    Std. Dev.       Min        Max
-------------+---------------------------------------------------------
     zipcode |    150,360    51319.01    29004.04       2113      99577
  year_month |    150,360       659.5    34.63993        600        719
  place_code |    124,200       40791    22611.89        410      87240
   placetype |          0
  countyfips |    150,000    24129.28    16433.47       1003      56021
-------------+---------------------------------------------------------
      county |          0
   statefips |    150,360    24.02953    16.37417          1         56
medre~e_sfcc |    122,702    1641.121    693.2088        595       6595
      fed_mw |    150,360        7.25           0       7.25       7.25
    state_mw |    150,360     8.00464    1.065423       7.25         14
-------------+---------------------------------------------------------
   county_mw |      8,160    9.073235    1.572141       7.25      14.25
county_abo~w |      8,160    .3026961     .459453          0          1
    local_mw |      8,760    9.411226    1.795166       7.25         16
local_abov~w |      8,760    .3366438    .4725889          0          1
   actual_mw |    150,360     8.06152    1.184424       7.25         16
-------------+---------------------------------------------------------
  dactual_mw |    150,360    .0149334    .1110563          0       2.21
    mw_event |    150,360    .0335528    .1800756          0          1
calendar_m~h |    150,360         6.5    3.452064          1         12
         msa |    150,360    436.0295    241.1196         12        860
sal_mw_event |    150,360    .0131152    .1137685          0          1
-------------+---------------------------------------------------------
 mw_event025 |    150,360     .017631    .1316065          0          1
 mw_event075 |    150,360    .0079476    .0887946          0          1
m~e_mfr5plus |     43,854    1717.106    754.5874        450       6095
medren~e_2br |     30,748    1998.906    1020.178        495       6800
medre~t_sfcc |    109,861    1.182011    .7855536   .4180214   6.731387
-------------+---------------------------------------------------------
m~t_mfr5plus |     34,604    1.845265    1.008575   .5106889   6.471716
medren~t_2br |     23,145    1.855966    .9358948   .5015197   6.499599
months_unt~s |    150,360        59.5    34.63993          0        119
l~25_rel_m~6 |     95,880     338.201    472.3049          0       1000
unused_~25_6 |    150,360    .0282389    .1656552          0          1
-------------+---------------------------------------------------------
c_nbr_u~25_6 |    150,360     1.53332    2.145836          0          9
l~75_rel_m~6 |     57,240    193.5606    394.1397          0       1000
unused_~75_6 |    150,360    .0303804    .1716323          0          1
c_nbr_u~75_6 |    150,360     1.69009    2.290124          0          9




(note: file ../temp/baseline_rent_panel_6.dta not found)
file ../temp/baseline_rent_panel_6.dta saved
(147,709 missing values generated)
(16,289 observations deleted)
(data already sorted by zipcode)
  variable last_mw_event025_year_month was float now int
  (2,506 bytes saved)
===============================================================================
> ===================
File: ../temp/last_event12_by_zipcode.dta
Key: zipcode
===============================================================================
> ===================
  1253:2(71212):4286262059:2547907316

    Variable |        Obs        Mean    Std. Dev.       Min        Max
-------------+---------------------------------------------------------
     zipcode |      1,253    51319.01    29015.52       2113      99577
last_mw_ev~h |        787    666.0191     36.7074        606        702




(note: file ../temp/last_event12_by_zipcode.dta not found)
file ../temp/last_event12_by_zipcode.dta saved

    Result                           # of obs.
    -----------------------------------------
    not matched                             0
    matched                           150,360  
    -----------------------------------------
(55,920 missing values generated)
(94,440 real changes made)
(42,104 real changes made)
(32,252 real changes made)
(149,165 missing values generated)
(16,289 observations deleted)
(data already sorted by zipcode)
  variable last_mw_event075_year_month was float now int
  (2,506 bytes saved)
===============================================================================
> ===================
File: ../temp/last_event12_by_zipcode.dta
Key: zipcode
===============================================================================
> ===================
  1253:2(71245):3948540980:893436671

    Variable |        Obs        Mean    Std. Dev.       Min        Max
-------------+---------------------------------------------------------
     zipcode |      1,253    51319.01    29015.52       2113      99577
last_mw_ev~h |        462    679.9242    16.53199        636        702




file ../temp/last_event12_by_zipcode.dta saved

    Result                           # of obs.
    -----------------------------------------
    not matched                             0
    matched                           150,360  
    -----------------------------------------
(94,920 missing values generated)
(55,440 real changes made)
(30,919 real changes made)
(12,509 real changes made)
(data already sorted by zipcode year_month)
  variable months_until_panel_ends was float now int
  variable last_mw_event025_rel_months12 was float now int
  variable unused_mw_eventmw_event025_12 was float now byte
  variable c_nbr_unused_mw_event025_12 was float now byte
  variable last_mw_event075_rel_months12 was float now int
  variable unused_mw_eventmw_event075_12 was float now byte
  variable c_nbr_unused_mw_event075_12 was float now byte
  (2,706,480 bytes saved)
===============================================================================
> ===================
File: ../temp/baseline_rent_panel_12.dta
Key: zipcode year_month
===============================================================================
> ===================
  150360:34(73360):1980414978:1973952216

    Variable |        Obs        Mean    Std. Dev.       Min        Max
-------------+---------------------------------------------------------
     zipcode |    150,360    51319.01    29004.04       2113      99577
  year_month |    150,360       659.5    34.63993        600        719
  place_code |    124,200       40791    22611.89        410      87240
   placetype |          0
  countyfips |    150,000    24129.28    16433.47       1003      56021
-------------+---------------------------------------------------------
      county |          0
   statefips |    150,360    24.02953    16.37417          1         56
medre~e_sfcc |    122,702    1641.121    693.2088        595       6595
      fed_mw |    150,360        7.25           0       7.25       7.25
    state_mw |    150,360     8.00464    1.065423       7.25         14
-------------+---------------------------------------------------------
   county_mw |      8,160    9.073235    1.572141       7.25      14.25
county_abo~w |      8,160    .3026961     .459453          0          1
    local_mw |      8,760    9.411226    1.795166       7.25         16
local_abov~w |      8,760    .3366438    .4725889          0          1
   actual_mw |    150,360     8.06152    1.184424       7.25         16
-------------+---------------------------------------------------------
  dactual_mw |    150,360    .0149334    .1110563          0       2.21
    mw_event |    150,360    .0335528    .1800756          0          1
calendar_m~h |    150,360         6.5    3.452064          1         12
         msa |    150,360    436.0295    241.1196         12        860
sal_mw_event |    150,360    .0131152    .1137685          0          1
-------------+---------------------------------------------------------
 mw_event025 |    150,360     .017631    .1316065          0          1
 mw_event075 |    150,360    .0079476    .0887946          0          1
m~e_mfr5plus |     43,854    1717.106    754.5874        450       6095
medren~e_2br |     30,748    1998.906    1020.178        495       6800
medre~t_sfcc |    109,861    1.182011    .7855536   .4180214   6.731387
-------------+---------------------------------------------------------
m~t_mfr5plus |     34,604    1.845265    1.008575   .5106889   6.471716
medren~t_2br |     23,145    1.855966    .9358948   .5015197   6.499599
months_unt~s |    150,360        59.5    34.63993          0        119
l~25_rel_m~2 |     94,440    344.2042    472.3131          0       1000
unused~25_12 |    150,360    .0283187    .1658823          0          1
-------------+---------------------------------------------------------
c_nbr_~25_12 |    150,360    1.503152    2.103992          0          9
l~75_rel_m~2 |     55,440    228.3396    416.5831          0       1000
unused~75_12 |    150,360    .0304802     .171905          0          1
c_nbr_~75_12 |    150,360    1.662557    2.277397          0          9




(note: file ../temp/baseline_rent_panel_12.dta not found)
file ../temp/baseline_rent_panel_12.dta saved
(1,046,366 missing values generated)
(62,181 observations deleted)
(data already sorted by zipcode)
  variable last_mw_event025_year_month was float now int
  (17,766 bytes saved)
===============================================================================
> ===================
File: ../temp/last_event6_by_zipcode.dta
Key: zipcode
===============================================================================
> ===================
  8883:2(71212):2531121240:3877311379

    Variable |        Obs        Mean    Std. Dev.       Min        Max
-------------+---------------------------------------------------------
     zipcode |      8,883    49060.51    29963.86        623      99901
last_mw_ev~h |      5,484    683.5972    34.70646        600        710




file ../temp/last_event6_by_zipcode.dta saved

    Result                           # of obs.
    -----------------------------------------
    not matched                             0
    matched                         1,065,960  
    -----------------------------------------
(407,880 missing values generated)
(658,080 real changes made)
(420,365 real changes made)
(161,245 real changes made)
(1,056,786 missing values generated)
(62,181 observations deleted)
(data already sorted by zipcode)
  variable last_mw_event075_year_month was float now int
  (17,766 bytes saved)
===============================================================================
> ===================
File: ../temp/last_event6_by_zipcode.dta
Key: zipcode
===============================================================================
> ===================
  8883:2(71245):3167291400:2585983913

    Variable |        Obs        Mean    Std. Dev.       Min        Max
-------------+---------------------------------------------------------
     zipcode |      8,883    49060.51    29963.86        623      99901
last_mw_ev~h |      3,790    686.8074    23.10349        600        708




file ../temp/last_event6_by_zipcode.dta saved

    Result                           # of obs.
    -----------------------------------------
    not matched                             0
    matched                         1,065,960  
    -----------------------------------------
(611,160 missing values generated)
(454,800 real changes made)
(302,505 real changes made)
(99,270 real changes made)
(data already sorted by zipcode year_month)
  variable months_until_panel_ends was float now int
  variable last_mw_event025_rel_months6 was float now int
  variable unused_mw_eventmw_event025_6 was float now byte
  variable c_nbr_unused_mw_event025_6 was float now byte
  variable last_mw_event075_rel_months6 was float now int
  variable unused_mw_eventmw_event075_6 was float now byte
  variable c_nbr_unused_mw_event075_6 was float now byte
  (19,187,280 bytes saved)
===============================================================================
> ===================
File: ../temp/baseline_listing_panel_6.dta
Key: zipcode year_month
===============================================================================
> ===================
  1065960:34(112421):2837377379:3802436727

    Variable |        Obs        Mean    Std. Dev.       Min        Max
-------------+---------------------------------------------------------
     zipcode |  1,065,960    49060.51    29962.19        623      99901
  year_month |  1,065,960       659.5    34.63983        600        719
  place_code |    695,160     42351.2    23702.99        100      88940
   placetype |          0
  countyfips |  1,062,840    27492.39    15923.98       1001      56043
-------------+---------------------------------------------------------
      county |          0
   statefips |  1,065,960    27.41653    15.89854          1         56
medli~t_sfcc |  1,022,159     163.521    128.4221   15.75758   2695.917
      fed_mw |  1,065,960        7.25           0       7.25       7.25
    state_mw |  1,065,960    8.024201    1.108313       7.25         14
-------------+---------------------------------------------------------
   county_mw |     60,840     9.19434    1.815913       7.25      14.25
county_abo~w |     60,840    .3172255    .4653999          0          1
    local_mw |     37,560    9.617641    2.012162       7.25      16.09
local_abov~w |     37,560    .3534079    .4780343          0          1
   actual_mw |  1,065,960    8.063322    1.203644       7.25      16.09
-------------+---------------------------------------------------------
  dactual_mw |  1,065,954      .01481    .1093318          0       5.81
    mw_event |  1,065,954    .0309235    .1731105          0          1
calendar_m~h |  1,065,960         6.5    3.452054          1         12
         msa |  1,016,520    437.8036     242.451          1        861
sal_mw_event |  1,065,960    .0136975    .1162321          0          1
-------------+---------------------------------------------------------
 mw_event025 |  1,065,960    .0183816    .1343268          0          1
 mw_event075 |  1,065,960    .0086063    .0923703          0          1
medli~e_sfcc |    733,012    291189.9    232048.7      17800    4650000
m~e_low_tier |    176,576    147825.6       88375      16050     849990
m~e_top_tier |    410,937    446087.4    309621.2     119900    6895000
-------------+---------------------------------------------------------
m~t_low_tier |    248,987    118.6315    74.39634   15.82222   678.1115
m~t_top_tier |    466,112     197.849    159.3114   53.23853   2729.885
months_unt~s |  1,065,960        59.5    34.63983          0        119
l~25_rel_m~6 |    658,080    245.7816    429.6765          0       1000
unused_~25_6 |  1,065,960    .0257833    .1584884          0          1
-------------+---------------------------------------------------------
c_nbr_u~25_6 |  1,065,960    1.369319    2.064848          0          9
l~75_rel_m~6 |    454,800    219.0299    412.6801          0       1000
unused_~75_6 |  1,065,960    .0273725    .1631664          0          1
c_nbr_u~75_6 |  1,065,960    1.438583    2.139446          0          9




(note: file ../temp/baseline_listing_panel_6.dta not found)
file ../temp/baseline_listing_panel_6.dta saved
(1,046,366 missing values generated)
(115,479 observations deleted)
(data already sorted by zipcode)
  variable last_mw_event025_year_month was float now int
  (17,766 bytes saved)
===============================================================================
> ===================
File: ../temp/last_event12_by_zipcode.dta
Key: zipcode
===============================================================================
> ===================
  8883:2(71212):87797679:3869185937

    Variable |        Obs        Mean    Std. Dev.       Min        Max
-------------+---------------------------------------------------------
     zipcode |      8,883    49060.51    29963.86        623      99901
last_mw_ev~h |      5,274    671.5721    32.97125        600        702




file ../temp/last_event12_by_zipcode.dta saved

    Result                           # of obs.
    -----------------------------------------
    not matched                             0
    matched                         1,065,960  
    -----------------------------------------
(433,080 missing values generated)
(632,880 real changes made)
(310,884 real changes made)
(186,847 real changes made)
(1,056,786 missing values generated)
(115,479 observations deleted)
(data already sorted by zipcode)
  variable last_mw_event075_year_month was float now int
  (17,766 bytes saved)
===============================================================================
> ===================
File: ../temp/last_event12_by_zipcode.dta
Key: zipcode
===============================================================================
> ===================
  8883:2(71245):4142907006:2699393500

    Variable |        Obs        Mean    Std. Dev.       Min        Max
-------------+---------------------------------------------------------
     zipcode |      8,883    49060.51    29963.86        623      99901
last_mw_ev~h |      3,491    675.2985    18.07686        600        702




file ../temp/last_event12_by_zipcode.dta saved

    Result                           # of obs.
    -----------------------------------------
    not matched                             0
    matched                         1,065,960  
    -----------------------------------------
(647,040 missing values generated)
(418,920 real changes made)
(217,562 real changes made)
(110,670 real changes made)
(data already sorted by zipcode year_month)
  variable months_until_panel_ends was float now int
  variable last_mw_event025_rel_months12 was float now int
  variable unused_mw_eventmw_event025_12 was float now byte
  variable c_nbr_unused_mw_event025_12 was float now byte
  variable last_mw_event075_rel_months12 was float now int
  variable unused_mw_eventmw_event075_12 was float now byte
  variable c_nbr_unused_mw_event075_12 was float now byte
  (19,187,280 bytes saved)
===============================================================================
> ===================
File: ../temp/baseline_listing_panel_12.dta
Key: zipcode year_month
===============================================================================
> ===================
  1065960:34(12901):2171496927:1163317581

    Variable |        Obs        Mean    Std. Dev.       Min        Max
-------------+---------------------------------------------------------
     zipcode |  1,065,960    49060.51    29962.19        623      99901
  year_month |  1,065,960       659.5    34.63983        600        719
  place_code |    695,160     42351.2    23702.99        100      88940
   placetype |          0
  countyfips |  1,062,840    27492.39    15923.98       1001      56043
-------------+---------------------------------------------------------
      county |          0
   statefips |  1,065,960    27.41653    15.89854          1         56
medli~t_sfcc |  1,022,159     163.521    128.4221   15.75758   2695.917
      fed_mw |  1,065,960        7.25           0       7.25       7.25
    state_mw |  1,065,960    8.024201    1.108313       7.25         14
-------------+---------------------------------------------------------
   county_mw |     60,840     9.19434    1.815913       7.25      14.25
county_abo~w |     60,840    .3172255    .4653999          0          1
    local_mw |     37,560    9.617641    2.012162       7.25      16.09
local_abov~w |     37,560    .3534079    .4780343          0          1
   actual_mw |  1,065,960    8.063322    1.203644       7.25      16.09
-------------+---------------------------------------------------------
  dactual_mw |  1,065,954      .01481    .1093318          0       5.81
    mw_event |  1,065,954    .0309235    .1731105          0          1
calendar_m~h |  1,065,960         6.5    3.452054          1         12
         msa |  1,016,520    437.8036     242.451          1        861
sal_mw_event |  1,065,960    .0136975    .1162321          0          1
-------------+---------------------------------------------------------
 mw_event025 |  1,065,960    .0183816    .1343268          0          1
 mw_event075 |  1,065,960    .0086063    .0923703          0          1
medli~e_sfcc |    733,012    291189.9    232048.7      17800    4650000
m~e_low_tier |    176,576    147825.6       88375      16050     849990
m~e_top_tier |    410,937    446087.4    309621.2     119900    6895000
-------------+---------------------------------------------------------
m~t_low_tier |    248,987    118.6315    74.39634   15.82222   678.1115
m~t_top_tier |    466,112     197.849    159.3114   53.23853   2729.885
months_unt~s |  1,065,960        59.5    34.63983          0        119
l~25_rel_m~2 |    632,880    297.9315    454.4404          0       1000
unused~25_12 |  1,065,960    .0259813    .1590795          0          1
-------------+---------------------------------------------------------
c_nbr_~25_12 |  1,065,960    1.317107      1.9934          0          9
l~75_rel_m~2 |    418,920    266.8865    439.3147          0       1000
unused~75_12 |  1,065,960    .0276539    .1639794          0          1
c_nbr_~75_12 |  1,065,960    1.410315    2.121355          0          9




(note: file ../temp/baseline_listing_panel_12.dta not found)
file ../temp/baseline_listing_panel_12.dta saved

. 
end of do-file


Execute:  StataMP-64 /e do "./last_event_study.do"

  ___  ____  ____  ____  ____ (R)
 /__    /   ____/   /   ____/
___/   /   /___/   /   /___/   15.1   Copyright 1985-2017 StataCorp LLC
  Statistics/Data Analysis            StataCorp
                                      4905 Lakeway Drive
     MP - Parallel Edition            College Station, Texas 77845 USA
                                      800-STATA-PC        http://www.stata.com
                                      979-696-4600        stata@stata.com
                                      979-696-4601 (fax)

Single-user 32-core Stata perpetual license:
       Serial number:  501506205566
         Licensed to:  KU Leuven FEB (CES)
                       KU Leuven

Notes:
      1.  Stata is running in batch mode.
      2.  Unicode is supported; see help unicode_advice.
      3.  More than 2 billion observations are allowed; see help obs_advice.
      4.  Maximum number of variables is set to 5000; see help set_maxvar.

. do ./last_event_study.do 

. clear all

. set more off

. adopath + ../../../lib/stata/mental_coupons/ado
  [1]  (BASE)      "C:\Program Files\Stata15\ado\base/"
  [2]  (SITE)      "C:\Program Files\Stata15\ado\site/"
  [3]              "."
  [4]  (PERSONAL)  "c:\ado\personal/"
  [5]  (PLUS)      "c:\ado\plus/"
  [6]  (OLDPLACE)  "c:\ado/"
  [7]              "../../../lib/stata/mental_coupons/ado"

. adopath + ../../../lib/stata/gslab_misc/ado
  [1]  (BASE)      "C:\Program Files\Stata15\ado\base/"
  [2]  (SITE)      "C:\Program Files\Stata15\ado\site/"
  [3]              "."
  [4]  (PERSONAL)  "c:\ado\personal/"
  [5]  (PLUS)      "c:\ado\plus/"
  [6]  (OLDPLACE)  "c:\ado/"
  [7]              "../../../lib/stata/mental_coupons/ado"
  [8]              "../../../lib/stata/gslab_misc/ado"

. adopath + ../../../lib/stata/min_wage/ado
  [1]  (BASE)      "C:\Program Files\Stata15\ado\base/"
  [2]  (SITE)      "C:\Program Files\Stata15\ado\site/"
  [3]              "."
  [4]  (PERSONAL)  "c:\ado\personal/"
  [5]  (PLUS)      "c:\ado\plus/"
  [6]  (OLDPLACE)  "c:\ado/"
  [7]              "../../../lib/stata/mental_coupons/ado"
  [8]              "../../../lib/stata/gslab_misc/ado"
  [9]              "../../../lib/stata/min_wage/ado"

. set maxvar 32000 


. 
. program main
  1. 
.         foreach window in 6 12 {
  2.                 use "../temp/baseline_rent_panel_`window'.dta", clear
  3.                         
.             create_event_plot, depvar(medrentpricepsqft_sfcc)                
>            ///
>                         event_var(last_mw_event025_rel_months`window') ///
>                         controls("i.c_nbr_unused_mw_event025_`window'") windo
> w(`window')        ///
>                         absorb(zipcode calendar_month#countyfips year_month#s
> tatefips) cluster(zipcode)
  4.             graph export "../output/rent_last_mw_event025_rel_months`windo
> w'.png", replace
  5.                 
.             create_event_plot, depvar(medrentpricepsqft_sfcc)                
>            ///
>                         event_var(last_mw_event075_rel_months`window') ///
>                         controls("i.c_nbr_unused_mw_event075_`window'") windo
> w(`window')        ///
>                         absorb(zipcode calendar_month#countyfips year_month#s
> tatefips) cluster(zipcode)
  6.             graph export "../output/rent_last_mw_event075_rel_months`windo
> w'.png", replace
  7.                 
.                 use "../temp/baseline_listing_panel_`window'.dta", clear
  8.                 
.         create_event_plot, depvar(medlistingpricepsqft_sfcc)                 
>            ///
>                         event_var(last_mw_event025_rel_months`window') ///
>                         controls("i.c_nbr_unused_mw_event025_`window'") windo
> w(`window')        ///
>                         absorb(zipcode calendar_month#countyfips year_month#c
> ountyfips) cluster(zipcode)
  9.             graph export "../output/listing_last_mw_event025_rel_months`wi
> ndow'.png", replace
 10.                 
.             create_event_plot, depvar(medlistingpricepsqft_sfcc)             
>                    ///
>                         event_var(last_mw_event075_rel_months`window') ///
>                         controls("i.c_nbr_unused_mw_event075_`window'") windo
> w(`window')        ///
>                         absorb(zipcode calendar_month#countyfips year_month#c
> ountyfips) cluster(zipcode)
 11.             graph export "../output/listing_last_mw_event075_rel_months`wi
> ndow'.png", replace
 12.         }
 13. end

. 
. main
(dropped 312 singleton observations)
(MWFE estimator converged in 7 iterations)

HDFE Linear regression                            Number of obs   =     68,713
Absorbing 3 HDFE groups                           F(  23,    675) =      43.38
Statistics robust to heteroskedasticity           Prob > F        =     0.0000
                                                  R-squared       =     0.9947
                                                  Adj R-squared   =     0.9944
                                                  Within R-sq.    =     0.0561
Number of clusters (zipcode) =        676         Root MSE        =     0.0690

                              (Std. Err. adjusted for 676 clusters in zipcode)
------------------------------------------------------------------------------
             |               Robust
medre~t_sfcc |      Coef.   Std. Err.      t    P>|t|     [95% Conf. Interval]
-------------+----------------------------------------------------------------
l~25_rel_m~6 |
          0  |  -.0039395   .0126893    -0.31   0.756    -.0288548    .0209758
          1  |   .0217847   .0170489     1.28   0.202    -.0116904    .0552599
          2  |  -.0073609   .0164675    -0.45   0.655    -.0396946    .0249728
          3  |   .0091065   .0119049     0.76   0.445    -.0142686    .0324816
          4  |  -.0047272   .0107935    -0.44   0.662    -.0259201    .0164657
          5  |   .0028663   .0094183     0.30   0.761    -.0156264    .0213589
          7  |   .0411011   .0124576     3.30   0.001     .0166409    .0655614
          8  |   .0098563   .0128756     0.77   0.444    -.0154247    .0351373
          9  |   .0201445   .0133736     1.51   0.132    -.0061144    .0464034
         10  |   .0192277   .0138805     1.39   0.166    -.0080265     .046482
         11  |   .0077969   .0139283     0.56   0.576    -.0195512     .035145
         12  |   .0050359   .0145719     0.35   0.730    -.0235758    .0336476
         13  |   .0601711   .0205385     2.93   0.004      .019844    .1004981
       1000  |  -.0291239   .0294229    -0.99   0.323    -.0868954    .0286476
             |
c_nbr_u~25_6 |
          1  |  -.1900312   .0416239    -4.57   0.000    -.2717592   -.1083033
          2  |  -.2035999   .0403044    -5.05   0.000    -.2827369   -.1244629
          3  |  -.1700033   .0392318    -4.33   0.000    -.2470343   -.0929724
          4  |  -.0974093   .0452185    -2.15   0.032    -.1861951   -.0086235
          5  |   .0458584   .0542536     0.85   0.398    -.0606676    .1523844
          6  |   .1533875   .0514949     2.98   0.003      .052278     .254497
          7  |   .1184631   .0689523     1.72   0.086    -.0169236    .2538499
          8  |   .1271106   .0917577     1.39   0.166    -.0530542    .3072754
          9  |   .2746135   .0952871     2.88   0.004     .0875186    .4617083
------------------------------------------------------------------------------

Absorbed degrees of freedom:
---------------------------------------------------------------------+
                 Absorbed FE | Categories  - Redundant  = Num. Coefs |
-----------------------------+---------------------------------------|
                     zipcode |       676         676           0    *|
   calendar_month#countyfips |      1308           0        1308     |
        year_month#statefips |      2155         252        1903     |
---------------------------------------------------------------------+
* = FE nested within cluster; treated as redundant for DoF computation
(note:  named style grey not found in class color, default attributes used)
(note:  named style grey not found in class color, default attributes used)
(note: file ../output/rent_last_mw_event025_rel_months6.png not found)
(file ../output/rent_last_mw_event025_rel_months6.png written in PNG format)
(dropped 206 singleton observations)
(MWFE estimator converged in 7 iterations)

HDFE Linear regression                            Number of obs   =     37,837
Absorbing 3 HDFE groups                           F(  23,    382) =      58.82
Statistics robust to heteroskedasticity           Prob > F        =     0.0000
                                                  R-squared       =     0.9956
                                                  Adj R-squared   =     0.9952
                                                  Within R-sq.    =     0.0905
Number of clusters (zipcode) =        383         Root MSE        =     0.0789

                              (Std. Err. adjusted for 383 clusters in zipcode)
------------------------------------------------------------------------------
             |               Robust
medre~t_sfcc |      Coef.   Std. Err.      t    P>|t|     [95% Conf. Interval]
-------------+----------------------------------------------------------------
l~75_rel_m~6 |
          0  |  -.0432469   .0168149    -2.57   0.010    -.0763082   -.0101855
          1  |   -.034531   .0153042    -2.26   0.025    -.0646219     -.00444
          2  |   -.021086   .0149857    -1.41   0.160    -.0505509    .0083789
          3  |  -.0003272   .0101802    -0.03   0.974    -.0203434     .019689
          4  |  -.0015155   .0103873    -0.15   0.884     -.021939     .018908
          5  |  -.0002704   .0099898    -0.03   0.978    -.0199123    .0193715
          7  |   .0413983   .0140618     2.94   0.003       .01375    .0690466
          8  |   .0754239    .017843     4.23   0.000      .040341    .1105067
          9  |   .0828746   .0185485     4.47   0.000     .0464046    .1193446
         10  |   .0934398   .0194342     4.81   0.000     .0552285    .1316512
         11  |   .0893829    .018652     4.79   0.000     .0527095    .1260563
         12  |   .0894317   .0198307     4.51   0.000     .0504407    .1284227
         13  |   .1232471   .0257161     4.79   0.000     .0726842    .1738099
       1000  |   .2052576   .0340201     6.03   0.000     .1383676    .2721477
             |
c_nbr_u~75_6 |
          1  |   -.184822   .0408244    -4.53   0.000    -.2650907   -.1045533
          2  |  -.1388661    .043365    -3.20   0.001    -.2241301   -.0536021
          3  |  -.0761262   .0474014    -1.61   0.109    -.1693264    .0170741
          4  |   -.004476   .0586802    -0.08   0.939    -.1198526    .1109006
          5  |   .0847386   .0708328     1.20   0.232    -.0545324    .2240095
          6  |   .3383572    .107609     3.14   0.002     .1267772    .5499373
          7  |   .1997039   .0832438     2.40   0.017     .0360304    .3633774
          8  |   .2692246   .1085438     2.48   0.014     .0558064    .4826427
          9  |   .4173265   .1325677     3.15   0.002     .1566728    .6779803
------------------------------------------------------------------------------

Absorbed degrees of freedom:
---------------------------------------------------------------------+
                 Absorbed FE | Categories  - Redundant  = Num. Coefs |
-----------------------------+---------------------------------------|
                     zipcode |       383         383           0    *|
   calendar_month#countyfips |       828           0         828     |
        year_month#statefips |      1749         204        1545     |
---------------------------------------------------------------------+
* = FE nested within cluster; treated as redundant for DoF computation
(note:  named style grey not found in class color, default attributes used)
(note:  named style grey not found in class color, default attributes used)
(note: file ../output/rent_last_mw_event075_rel_months6.png not found)
(file ../output/rent_last_mw_event075_rel_months6.png written in PNG format)
(dropped 25169 singleton observations)
(MWFE estimator converged in 9 iterations)

HDFE Linear regression                            Number of obs   =    602,049
Absorbing 3 HDFE groups                           F(  23,   5255) =       5.78
Statistics robust to heteroskedasticity           Prob > F        =     0.0000
                                                  R-squared       =     0.9863
                                                  Adj R-squared   =     0.9847
                                                  Within R-sq.    =     0.0142
Number of clusters (zipcode) =      5,256         Root MSE        =    18.7858

                            (Std. Err. adjusted for 5,256 clusters in zipcode)
------------------------------------------------------------------------------
             |               Robust
medli~t_sfcc |      Coef.   Std. Err.      t    P>|t|     [95% Conf. Interval]
-------------+----------------------------------------------------------------
l~25_rel_m~6 |
          0  |   6.181281   5.033151     1.23   0.219    -3.685785    16.04835
          1  |   2.154882   2.054565     1.05   0.294     -1.87292    6.182683
          2  |   1.207718   2.049179     0.59   0.556    -2.809524    5.224961
          3  |   1.972013   1.834011     1.08   0.282     -1.62341    5.567436
          4  |  -.4641575   2.047091    -0.23   0.821    -4.477306    3.548991
          5  |  -.3757331    1.01595    -0.37   0.712    -2.367418    1.615951
          7  |   7.421037   2.458911     3.02   0.003     2.600549    12.24152
          8  |   6.272452   3.172233     1.98   0.048     .0535576    12.49135
          9  |   1.331304   4.851625     0.27   0.784    -8.179896     10.8425
         10  |   3.011618   3.268985     0.92   0.357     -3.39695    9.420187
         11  |  -1.176022    5.82021    -0.20   0.840    -12.58605    10.23401
         12  |  -3.036693   6.813572    -0.45   0.656    -16.39413    10.32074
         13  |   .9778454   6.737089     0.15   0.885    -12.22965    14.18534
       1000  |  -25.53446   23.72211    -1.08   0.282    -72.03965    20.97074
             |
c_nbr_u~25_6 |
          1  |   19.25096    6.49074     2.97   0.003     6.526418    31.97551
          2  |   19.88392   6.156397     3.23   0.001     7.814822    31.95301
          3  |   26.71387   8.268888     3.23   0.001     10.50341    42.92432
          4  |   37.39235   10.88044     3.44   0.001     16.06217    58.72253
          5  |   52.47039   16.05672     3.27   0.001     20.99254    83.94823
          6  |   58.92476   21.33539     2.76   0.006     17.09852     100.751
          7  |   88.17471    21.3923     4.12   0.000      46.2369    130.1125
          8  |   116.3788   23.94932     4.86   0.000     69.42816    163.3294
          9  |   173.9976   29.37978     5.92   0.000      116.401    231.5942
------------------------------------------------------------------------------

Absorbed degrees of freedom:
---------------------------------------------------------------------+
                 Absorbed FE | Categories  - Redundant  = Num. Coefs |
-----------------------------+---------------------------------------|
                     zipcode |      5256        5256           0    *|
   calendar_month#countyfips |      5904           0        5904     |
       year_month#countyfips |     57711        5904       51807     |
---------------------------------------------------------------------+
* = FE nested within cluster; treated as redundant for DoF computation
(note:  named style grey not found in class color, default attributes used)
(note:  named style grey not found in class color, default attributes used)
(note: file ../output/listing_last_mw_event025_rel_months6.png not found)
(file ../output/listing_last_mw_event025_rel_months6.png written in PNG format)
(dropped 17092 singleton observations)
(MWFE estimator converged in 9 iterations)

HDFE Linear regression                            Number of obs   =    413,352
Absorbing 3 HDFE groups                           F(  23,   3634) =       4.84
Statistics robust to heteroskedasticity           Prob > F        =     0.0000
                                                  R-squared       =     0.9860
                                                  Adj R-squared   =     0.9844
                                                  Within R-sq.    =     0.0138
Number of clusters (zipcode) =      3,635         Root MSE        =    21.2279

                            (Std. Err. adjusted for 3,635 clusters in zipcode)
------------------------------------------------------------------------------
             |               Robust
medli~t_sfcc |      Coef.   Std. Err.      t    P>|t|     [95% Conf. Interval]
-------------+----------------------------------------------------------------
l~75_rel_m~6 |
          0  |   .8138355   2.341125     0.35   0.728    -3.776213    5.403884
          1  |  -.4283733   1.543998    -0.28   0.781    -3.455563    2.598816
          2  |   1.120133   1.510225     0.74   0.458    -1.840839    4.081106
          3  |   1.015831   1.164596     0.87   0.383    -1.267496    3.299159
          4  |    1.04082   1.136707     0.92   0.360    -1.187827    3.269467
          5  |  -1.329488   .8520064    -1.56   0.119    -2.999946    .3409704
          7  |   9.207726   2.770354     3.32   0.001     3.776123    14.63933
          8  |   9.426766   2.932821     3.21   0.001     3.676627    15.17691
          9  |    7.82205   3.051435     2.56   0.010     1.839356    13.80474
         10  |   7.114441   3.029025     2.35   0.019     1.175684     13.0532
         11  |   7.576782   3.154201     2.40   0.016     1.392601    13.76096
         12  |   6.988729   3.272764     2.14   0.033     .5720923    13.40537
         13  |   8.311866   3.609512     2.30   0.021     1.234994    15.38874
       1000  |   23.51217   4.967977     4.73   0.000     13.77187    33.25247
             |
c_nbr_u~75_6 |
          1  |   13.31715   7.681007     1.73   0.083    -1.742361    28.37666
          2  |   22.61508   7.572976     2.99   0.003     7.767377    37.46279
          3  |   37.69727   8.274752     4.56   0.000     21.47365    53.92089
          4  |   41.56841   9.429168     4.41   0.000     23.08142    60.05539
          5  |   39.37083   16.15548     2.44   0.015     7.696109    71.04555
          6  |   42.59145     20.046     2.12   0.034     3.288928    81.89397
          7  |   85.81322   19.61225     4.38   0.000      47.3611    124.2653
          8  |   121.3721   24.51068     4.95   0.000     73.31609    169.4282
          9  |   168.4913    28.0878     6.00   0.000     113.4219    223.5607
------------------------------------------------------------------------------

Absorbed degrees of freedom:
---------------------------------------------------------------------+
                 Absorbed FE | Categories  - Redundant  = Num. Coefs |
-----------------------------+---------------------------------------|
                     zipcode |      3635        3635           0    *|
   calendar_month#countyfips |      4032           0        4032     |
       year_month#countyfips |     39385        4032       35353     |
---------------------------------------------------------------------+
* = FE nested within cluster; treated as redundant for DoF computation
(note:  named style grey not found in class color, default attributes used)
(note:  named style grey not found in class color, default attributes used)
(note: file ../output/listing_last_mw_event075_rel_months6.png not found)
(file ../output/listing_last_mw_event075_rel_months6.png written in PNG format)
(dropped 308 singleton observations)
(MWFE estimator converged in 7 iterations)

HDFE Linear regression                            Number of obs   =     67,730
Absorbing 3 HDFE groups                           F(  35,    664) =      32.98
Statistics robust to heteroskedasticity           Prob > F        =     0.0000
                                                  R-squared       =     0.9947
                                                  Adj R-squared   =     0.9944
                                                  Within R-sq.    =     0.0606
Number of clusters (zipcode) =        665         Root MSE        =     0.0692

                              (Std. Err. adjusted for 665 clusters in zipcode)
------------------------------------------------------------------------------
             |               Robust
medre~t_sfcc |      Coef.   Std. Err.      t    P>|t|     [95% Conf. Interval]
-------------+----------------------------------------------------------------
l~25_rel_m~2 |
          0  |   .0272796   .0184244     1.48   0.139    -.0088976    .0634568
          1  |  -.0382438    .018998    -2.01   0.045    -.0755471   -.0009405
          2  |  -.0169541   .0126703    -1.34   0.181    -.0418328    .0079247
          3  |  -.0117624   .0113895    -1.03   0.302    -.0341262    .0106014
          4  |  -.0255122     .01081    -2.36   0.019    -.0467381   -.0042864
          5  |  -.0290052     .01029    -2.82   0.005      -.04921   -.0088004
          6  |  -.0179602   .0111516    -1.61   0.108    -.0398568    .0039364
          7  |  -.0077271   .0113017    -0.68   0.494    -.0299185    .0144644
          8  |  -.0144023    .013862    -1.04   0.299    -.0416209    .0128163
          9  |   .0043396   .0107067     0.41   0.685    -.0166834    .0253626
         10  |   .0011846   .0105273     0.11   0.910    -.0194861    .0218554
         11  |   .0031655   .0076751     0.41   0.680     -.011905    .0182359
         13  |   .0029657   .0110666     0.27   0.789    -.0187641    .0246955
         14  |   .0223079   .0108761     2.05   0.041     .0009523    .0436635
         15  |   .0174877    .009801     1.78   0.075     -.001757    .0367325
         16  |   .0131602    .010756     1.22   0.222    -.0079596    .0342801
         17  |  -.0028726   .0109275    -0.26   0.793    -.0243292     .018584
         18  |   .0033724    .010364     0.33   0.745    -.0169778    .0237226
         19  |   .0174724   .0138766     1.26   0.208     -.009775    .0447197
         20  |   .0199987   .0176678     1.13   0.258    -.0146927    .0546901
         21  |   .0237199   .0182803     1.30   0.195    -.0121742     .059614
         22  |   .0182824   .0155014     1.18   0.239    -.0121552      .04872
         23  |   .0180421   .0155218     1.16   0.246    -.0124356    .0485197
         24  |   .0227103   .0171651     1.32   0.186    -.0109941    .0564147
         25  |  -.0418865   .0213329    -1.96   0.050    -.0837746    1.63e-06
       1000  |  -.0135379   .0347512    -0.39   0.697    -.0817734    .0546976
             |
c_nbr_~25_12 |
          1  |  -.1702018   .0399948    -4.26   0.000    -.2487332   -.0916703
          2  |  -.1855823   .0423577    -4.38   0.000    -.2687534   -.1024112
          3  |    -.13882   .0466752    -2.97   0.003    -.2304688   -.0471713
          4  |  -.0419066   .0587993    -0.71   0.476    -.1573615    .0735483
          5  |   .1027183   .0659977     1.56   0.120    -.0268711    .2323076
          6  |   .2423148   .0803038     3.02   0.003     .0846348    .3999947
          7  |   .0974221   .0873478     1.12   0.265     -.074089    .2689332
          8  |   .1839709   .1076742     1.71   0.088    -.0274519    .3953938
          9  |   .3083434   .1166287     2.64   0.008      .079338    .5373488
------------------------------------------------------------------------------

Absorbed degrees of freedom:
---------------------------------------------------------------------+
                 Absorbed FE | Categories  - Redundant  = Num. Coefs |
-----------------------------+---------------------------------------|
                     zipcode |       665         665           0    *|
   calendar_month#countyfips |      1248           0        1248     |
        year_month#statefips |      2056         240        1816     |
---------------------------------------------------------------------+
* = FE nested within cluster; treated as redundant for DoF computation
(note:  named style grey not found in class color, default attributes used)
(note:  named style grey not found in class color, default attributes used)
(note: file ../output/rent_last_mw_event025_rel_months12.png not found)
(file ../output/rent_last_mw_event025_rel_months12.png written in PNG format)
(dropped 176 singleton observations)
(MWFE estimator converged in 7 iterations)

HDFE Linear regression                            Number of obs   =     36,633
Absorbing 3 HDFE groups                           F(  35,    368) =      84.53
Statistics robust to heteroskedasticity           Prob > F        =     0.0000
                                                  R-squared       =     0.9955
                                                  Adj R-squared   =     0.9952
                                                  Within R-sq.    =     0.0824
Number of clusters (zipcode) =        369         Root MSE        =     0.0802

                              (Std. Err. adjusted for 369 clusters in zipcode)
------------------------------------------------------------------------------
             |               Robust
medre~t_sfcc |      Coef.   Std. Err.      t    P>|t|     [95% Conf. Interval]
-------------+----------------------------------------------------------------
l~75_rel_m~2 |
          0  |   .0224647   .0199789     1.12   0.262    -.0168224    .0617518
          1  |  -.0262479    .019658    -1.34   0.183     -.064904    .0124082
          2  |  -.0294653     .01533    -1.92   0.055    -.0596106    .0006801
          3  |  -.0418345   .0178371    -2.35   0.020    -.0769099   -.0067591
          4  |  -.0588412   .0206792    -2.85   0.005    -.0995054    -.018177
          5  |  -.0491567   .0193889    -2.54   0.012    -.0872837   -.0110297
          6  |  -.0454432   .0164266    -2.77   0.006     -.077745   -.0131414
          7  |  -.0270354   .0133985    -2.02   0.044    -.0533826   -.0006882
          8  |  -.0360795    .020609    -1.75   0.081    -.0766057    .0044467
          9  |  -.0159498   .0159258    -1.00   0.317    -.0472667    .0153671
         10  |  -.0074224   .0145438    -0.51   0.610    -.0360218    .0211769
         11  |   .0028253   .0095152     0.30   0.767    -.0158856    .0215363
         13  |   .0002811   .0163565     0.02   0.986    -.0318827     .032445
         14  |  -.0035481   .0232407    -0.15   0.879    -.0492493    .0421531
         15  |  -.0095958   .0202071    -0.47   0.635    -.0493317    .0301401
         16  |  -.0086179   .0225524    -0.38   0.703    -.0529657    .0357299
         17  |  -.0045005   .0257893    -0.17   0.862    -.0552135    .0462124
         18  |  -.0070562   .0243723    -0.29   0.772    -.0549828    .0408703
         19  |   .0411389   .0299039     1.38   0.170    -.0176651    .0999429
         20  |   .0350859   .0233305     1.50   0.133     -.010792    .0809638
         21  |   .0462921   .0263493     1.76   0.080    -.0055219    .0981062
         22  |   .0445276   .0267233     1.67   0.097    -.0080219    .0970771
         23  |   .0588838   .0290897     2.02   0.044      .001681    .1160867
         24  |   .0587257   .0261865     2.24   0.026     .0072319    .1102196
         25  |  -.0001174   .0379567    -0.00   0.998    -.0747567    .0745219
       1000  |  -.0441704   .0470365    -0.94   0.348    -.1366644    .0483236
             |
c_nbr_~75_12 |
          1  |  -.1624621   .0343103    -4.74   0.000    -.2299308   -.0949933
          2  |  -.1372813   .0392844    -3.49   0.001    -.2145314   -.0600312
          3  |  -.0913815   .0450816    -2.03   0.043    -.1800314   -.0027316
          4  |  -.0207494   .0574699    -0.36   0.718    -.1337601    .0922613
          5  |   .0826204   .0660469     1.25   0.212    -.0472563    .2124972
          6  |   .3079205   .0973674     3.16   0.002     .1164542    .4993869
          7  |   .1557127   .0832503     1.87   0.062    -.0079933    .3194187
          8  |   .2141889   .1131005     1.89   0.059    -.0082155    .4365932
          9  |    .374776   .1326235     2.83   0.005     .1139809     .635571
------------------------------------------------------------------------------

Absorbed degrees of freedom:
---------------------------------------------------------------------+
                 Absorbed FE | Categories  - Redundant  = Num. Coefs |
-----------------------------+---------------------------------------|
                     zipcode |       369         369           0    *|
   calendar_month#countyfips |       732           0         732     |
        year_month#statefips |      1572         180        1392     |
---------------------------------------------------------------------+
* = FE nested within cluster; treated as redundant for DoF computation
(note:  named style grey not found in class color, default attributes used)
(note:  named style grey not found in class color, default attributes used)
(note: file ../output/rent_last_mw_event075_rel_months12.png not found)
(file ../output/rent_last_mw_event075_rel_months12.png written in PNG format)
(dropped 22432 singleton observations)
(MWFE estimator converged in 9 iterations)

HDFE Linear regression                            Number of obs   =    580,435
Absorbing 3 HDFE groups                           F(  35,   5070) =       3.80
Statistics robust to heteroskedasticity           Prob > F        =     0.0000
                                                  R-squared       =     0.9861
                                                  Adj R-squared   =     0.9846
                                                  Within R-sq.    =     0.0125
Number of clusters (zipcode) =      5,071         Root MSE        =    19.0890

                            (Std. Err. adjusted for 5,071 clusters in zipcode)
------------------------------------------------------------------------------
             |               Robust
medli~t_sfcc |      Coef.   Std. Err.      t    P>|t|     [95% Conf. Interval]
-------------+----------------------------------------------------------------
l~25_rel_m~2 |
          0  |   1.504791   4.621667     0.33   0.745    -7.555673    10.56526
          1  |   5.865253   4.917457     1.19   0.233    -3.775087    15.50559
          2  |   3.243531   3.210032     1.01   0.312    -3.049518     9.53658
          3  |   .6750037    2.17919     0.31   0.757     -3.59715    4.947157
          4  |   .3941718   2.335519     0.17   0.866    -4.184455    4.972798
          5  |  -1.585503   2.410441    -0.66   0.511    -6.311008    3.140003
          6  |   .1905185    2.29975     0.08   0.934    -4.317986    4.699023
          7  |   1.558673   1.906252     0.82   0.414    -2.178404     5.29575
          8  |   1.205147   1.937091     0.62   0.534    -2.592388    5.002682
          9  |   1.229916   1.488289     0.83   0.409    -1.687773    4.147606
         10  |   1.615593   1.136506     1.42   0.155    -.6124507    3.843636
         11  |  -.0595516   .9881698    -0.06   0.952    -1.996791    1.877688
         13  |   5.322591   1.712279     3.11   0.002     1.965785    8.679396
         14  |   .1905875   6.190244     0.03   0.975    -11.94496    12.32614
         15  |  -5.163085   8.886946    -0.58   0.561    -22.58534    12.25917
         16  |  -3.714256   7.494867    -0.50   0.620    -18.40743    10.97892
         17  |  -7.002048   7.005624    -1.00   0.318     -20.7361    6.732002
         18  |  -6.825588   6.636897    -1.03   0.304    -19.83677    6.185598
         19  |  -4.820639   8.479622    -0.57   0.570    -21.44436    11.80308
         20  |  -3.781027   7.763752    -0.49   0.626    -19.00133    11.43928
         21  |  -3.453547   7.603683    -0.45   0.650    -18.36005    11.45296
         22  |  -4.455624   9.088007    -0.49   0.624    -22.27204     13.3608
         23  |  -5.661989   8.703736    -0.65   0.515    -22.72507    11.40109
         24  |  -5.088368   8.028582    -0.63   0.526    -20.82786    10.65112
         25  |   -4.90641   9.509526    -0.52   0.606    -23.54919    13.73637
       1000  |  -17.71992   24.42369    -0.73   0.468    -65.60091    30.16107
             |
c_nbr_~25_12 |
          1  |   16.54624   5.308679     3.12   0.002     6.138941    26.95355
          2  |   15.88824   6.669892     2.38   0.017     2.812374    28.96411
          3  |    23.9387   10.38667     2.30   0.021     3.576344    44.30105
          4  |   28.26691   15.43536     1.83   0.067    -1.993063    58.52689
          5  |   43.73424   20.78506     2.10   0.035     2.986543    84.48194
          6  |   57.27119   24.17162     2.37   0.018     9.884365     104.658
          7  |    85.9869   24.21706     3.55   0.000     38.51101    133.4628
          8  |   129.0188    27.8263     4.64   0.000     74.46719    183.5703
          9  |   171.2803    31.1727     5.49   0.000     110.1683    232.3922
------------------------------------------------------------------------------

Absorbed degrees of freedom:
---------------------------------------------------------------------+
                 Absorbed FE | Categories  - Redundant  = Num. Coefs |
-----------------------------+---------------------------------------|
                     zipcode |      5071        5071           0    *|
   calendar_month#countyfips |      5544           0        5544     |
       year_month#countyfips |     54158        5544       48614     |
---------------------------------------------------------------------+
* = FE nested within cluster; treated as redundant for DoF computation
(note:  named style grey not found in class color, default attributes used)
(note:  named style grey not found in class color, default attributes used)
(note: file ../output/listing_last_mw_event025_rel_months12.png not found)
(file ../output/listing_last_mw_event025_rel_months12.png written in PNG format
> )
(dropped 12257 singleton observations)
(MWFE estimator converged in 9 iterations)

HDFE Linear regression                            Number of obs   =    383,452
Absorbing 3 HDFE groups                           F(  35,   3379) =       4.02
Statistics robust to heteroskedasticity           Prob > F        =     0.0000
                                                  R-squared       =     0.9855
                                                  Adj R-squared   =     0.9840
                                                  Within R-sq.    =     0.0135
Number of clusters (zipcode) =      3,380         Root MSE        =    21.9085

                            (Std. Err. adjusted for 3,380 clusters in zipcode)
------------------------------------------------------------------------------
             |               Robust
medli~t_sfcc |      Coef.   Std. Err.      t    P>|t|     [95% Conf. Interval]
-------------+----------------------------------------------------------------
l~75_rel_m~2 |
          0  |  -5.297452   2.887205    -1.83   0.067     -10.9583    .3633942
          1  |  -.0901392   2.506331    -0.04   0.971    -5.004218    4.823939
          2  |  -.0190511   2.362618    -0.01   0.994    -4.651356    4.613254
          3  |  -1.864766   1.852525    -1.01   0.314     -5.49695    1.767418
          4  |  -3.288757   1.652544    -1.99   0.047    -6.528845   -.0486686
          5  |  -3.844807   1.846336    -2.08   0.037    -7.464855   -.2247593
          6  |  -2.858573   1.938524    -1.47   0.140    -6.659371    .9422254
          7  |  -1.366347   1.912327    -0.71   0.475    -5.115782    2.383088
          8  |  -1.947101   1.893656    -1.03   0.304    -5.659929    1.765727
          9  |  -2.063084   1.619881    -1.27   0.203    -5.239131    1.112962
         10  |  -.9731341     1.3533    -0.72   0.472    -3.626504    1.680235
         11  |  -.9832052   1.096431    -0.90   0.370     -3.13294     1.16653
         13  |   11.10546   2.927271     3.79   0.000      5.36606    16.84486
         14  |   6.643765   3.435476     1.93   0.053    -.0920569    13.37959
         15  |   4.734178   3.557761     1.33   0.183    -2.241403    11.70976
         16  |   3.980007   3.632206     1.10   0.273    -3.141537    11.10155
         17  |   4.482438   3.711132     1.21   0.227    -2.793854    11.75873
         18  |   2.298459   3.758262     0.61   0.541    -5.070239    9.667157
         19  |   3.764482     3.7713     1.00   0.318    -3.629779    11.15874
         20  |   5.367753   3.776803     1.42   0.155    -2.037298     12.7728
         21  |   5.363001   3.756599     1.43   0.153    -2.002435    12.72844
         22  |   6.328418   3.695552     1.71   0.087    -.9173267    13.57416
         23  |   6.554278   3.705701     1.77   0.077    -.7113644    13.81992
         24  |    6.01802   3.833976     1.57   0.117    -1.499128    13.53517
         25  |   7.573397    5.10282     1.48   0.138    -2.431531    17.57832
       1000  |  -4.546669   7.498617    -0.61   0.544    -19.24896    10.15562
             |
c_nbr_~75_12 |
          1  |   18.55426   7.114997     2.61   0.009     4.604122    32.50439
          2  |   27.83648   6.980233     3.99   0.000     14.15057    41.52239
          3  |   38.32841   7.555095     5.07   0.000     23.51539    53.14143
          4  |   39.57905   9.940597     3.98   0.000     20.08886    59.06925
          5  |   30.59924    19.0555     1.61   0.108    -6.762243    67.96073
          6  |   43.52351   21.40898     2.03   0.042     1.547633    85.49938
          7  |   77.21085   22.05878     3.50   0.000     33.96095    120.4608
          8  |   122.5217   26.03096     4.71   0.000     71.48373    173.5598
          9  |   160.8771   29.92583     5.38   0.000     102.2026    219.5517
------------------------------------------------------------------------------

Absorbed degrees of freedom:
---------------------------------------------------------------------+
                 Absorbed FE | Categories  - Redundant  = Num. Coefs |
-----------------------------+---------------------------------------|
                     zipcode |      3380        3380           0    *|
   calendar_month#countyfips |      3468           0        3468     |
       year_month#countyfips |     33807        3468       30339     |
---------------------------------------------------------------------+
* = FE nested within cluster; treated as redundant for DoF computation
(note:  named style grey not found in class color, default attributes used)
(note:  named style grey not found in class color, default attributes used)
(note: file ../output/listing_last_mw_event075_rel_months12.png not found)
(file ../output/listing_last_mw_event075_rel_months12.png written in PNG format
> )

. 
end of do-file

 make.py ended: 2020-05-14 21:11:15
