
========================================================================== 
File: ../../../drive/base_large/ahs/household_2011_2013.csv 
MD5:  b8e013f4cb3592a3fac417ce3effccfc 
Key:  household_id 
 
 ============================================================================== 
          variable          mean        sd      min     max      N      type    
 ------------------------------------------------------------------------------ 
 1    boat_other_unit      0.007      0.085      0       1     164188  numeric  
 2         county                                              94105  character 
 3       fam_income      70,815.070 83,704.720   0   2,977,104 141144  numeric  
 4    head_person_num      1.107      0.423      1      14     143951  numeric  
 5       hh_income       73,752.650 84,726.090   0   2,977,104 141601  numeric  
 6   hh_wageincome_ind     1.369      0.483      1       2     143932  numeric  
 7       hotel_unit        0.001      0.028      0       1     164188  numeric  
 8  house_apartment_unit   0.956      0.206      0       1     164188  numeric  
 9      household_id                                           164188 character 
 10    is_condo_coop       0.081      0.273      0       1     164188  numeric  
 11       is_owner         0.629      0.483      0       1     143951  numeric  
 12      is_tenant         0.359      0.480      0       1     143951  numeric  
 13        metro                                               164188 character 
 14     mobile_unit        0.036      0.186      0       1     164188  numeric  
 15   monthly_hh_rent     960.458    876.550     1    12,361   60495   numeric  
 16       n_bedrms         2.734      1.072      0       8     164188  numeric  
 17      n_persons         2.499      1.444      1      17     143951  numeric  
 18       n_units          9.693      41.046     1      864    164188  numeric  
 19     n_units_cat                                            164188 character 
 20     rooming_unit       0.001      0.023      0       1     164188  numeric  
 21         smsa                                               164188 character 
 22        state                                               94105  character 
 23      unit_sqft       1,833.842  1,669.007   99    20,159   144090  numeric  
 24         year         2,011.854    0.989    2,011   2,013   164188  numeric  
 ------------------------------------------------------------------------------ 

========================================================================== 
File: ../../../drive/base_large/ahs/person_2011_2013.csv 
MD5:  ef1c63e07323976d79d75ce423dc79b3 
Key:  household_id person_num 
 
 ========================================================================== 
        variable          mean        sd      min    max     N      type    
 -------------------------------------------------------------------------- 
 1         age           37.476     22.404     0     94    359760  numeric  
 2     educ_level        40.578     3.259     31     47    294283  numeric  
 3       female          0.517      0.500      0      1    359760  numeric  
 4       hh_head         0.400      0.490      0      1    359760  numeric  
 5    household_id                                         359760 character 
 6     person_num        2.250      1.457      1     21    359760  numeric  
 7    person_salary    27,423.090 46,859.740   0   837,526 284319  numeric  
 8 relation_to_hh_head   14.127     10.857     1     38    359760  numeric  
 9        year         2,011.831    0.986    2,011  2,013  359760  numeric  
 -------------------------------------------------------------------------- 
