============================================================================
File: ../temp/baseline_rent_panel_6.dta
Key: zipcode year_month
============================================================================
  156600:76(90867):3787635507:2043751827

    Variable |        Obs        Mean    Std. Dev.       Min        Max
-------------+---------------------------------------------------------
     zipcode |    156,600    51920.57    29185.78       2113      99577
  year_month |    156,600       659.5    34.63992        600        719
  place_code |    129,840    40657.65    22564.03        410      87240
   placetype |          0
  countyfips |    156,240    24077.04    16484.28       1003      56021
-------------+---------------------------------------------------------
      county |          0
   statefips |    156,600    23.97854    16.42626          1         56
medre~e_sfcc |    125,644    1651.102    702.9949        595       6595
      fed_mw |    156,600        7.25           0       7.25       7.25
    state_mw |    156,600    8.016521    1.074868       7.25         14
-------------+---------------------------------------------------------
   county_mw |      8,400    9.085036    1.582498       7.25      14.25
county_abo~w |      8,400        .305    .4604348          0          1
    local_mw |      9,720    9.504039    1.904531       7.25         16
local_abov~w |      9,720     .369856    .4827903          0          1
   actual_mw |    156,600    8.077733    1.207496       7.25         16
-------------+---------------------------------------------------------
    which_mw |    156,600    2.137701    .4837252          2          4
  dactual_mw |    156,600    .0151952    .1121177          0       2.21
    mw_event |    156,600    .0338506     .180845          0          1
 state_event |    156,600    .0300255    .1706581          0          1
county_event |    156,600    .0009962    .0315465          0          1
-------------+---------------------------------------------------------
 local_event |    156,600    .0028289    .0531119          0          1
   fed_event |    156,600           0           0          0          0
calendar_m~h |    156,600         6.5    3.452064          1         12
         msa |    156,600    436.1801    240.1675         12        860
       trend |    156,600       225.5    34.63992        166        285
-------------+---------------------------------------------------------
    trend_sq |    156,600    52050.17    15659.42      27556      81225
    trend_cu |    156,600    1.23e+07     5408203    4574296   2.31e+07
sal_mw_event |    156,600    .0134036    .1149957          0          1
 mw_event025 |    156,600    .0179374    .1327245          0          1
 mw_event075 |    156,600    .0081354     .089829          0          1
-------------+---------------------------------------------------------
m~e_mfr5plus |     47,091     1715.37    757.3231        450       6095
medren~e_2br |     32,426    1996.785    1014.866        495       6800
medre~t_sfcc |    113,375    1.188344    .7824813   .4180214   6.731387
medren~t_2br |     24,789     1.84165    .9184999   .5015197   6.499599
m~t_mfr5plus |     37,588    1.842276    1.001968   .5106889    6.48415
-------------+---------------------------------------------------------
     pop2010 |    156,600    5094.666    2053.232   1134.729   29439.89
urb_sha~2010 |    156,600    .9672256    .0773197   .2883417          1
white_s~2010 |    156,600    .5450552    .2217932   .0036694   .9396675
black_s~2010 |    156,600    .1651694    .2005277   .0034277   .9753516
hisp_sh~2010 |    156,600    .1888204     .170269   .0072045   .9338689
-------------+---------------------------------------------------------
asian_s~2010 |    156,600    .0694605    .0849161   .0004593    .689378
natam_s~2010 |    156,600    .0016674    .0054796          0   .0926286
child_s~2010 |    156,600    .1949678    .0525717   .0183688   .3495505
teen_sh~2010 |    156,600    .0936518    .0332365   .0099649   .4035518
youngad~2010 |    156,600    .2025643    .0731132   .0293848    .625282
-------------+---------------------------------------------------------
adult_s~2010 |    156,600    .3950195    .0471422   .1545396   .5850629
elder_s~2010 |    156,600    .1137966    .0604392   .0093771   .7075161
housing~2010 |    156,600     2154.05    835.5169   808.8774   13289.88
hh_couple_s~ |    156,600     .537118    .1326535   .1637825   .8152068
h~child_sh~0 |    156,600    .4511574    .1031615   .0341987   .7473651
-------------+---------------------------------------------------------
renthou~2010 |    156,600    .3799848    .1759554    .062864   .9660729
work_c~20105 |    156,600    .7582464    .2010222   .1421741   .9951102
worktravel.. |    156,600    .0968771    .0454301   .0054477   .3653359
worktravel.. |    156,600    .8210624    .0594933    .565174   .9481063
worktravel.. |    156,600    .0820605    .0578614   .0080907    .362708
-------------+---------------------------------------------------------
colleg~20105 |    156,600    .4411882    .1670347   .0860239   .9081349
poor_s~20105 |    156,600    .1349342    .0819292   .0123633   .5788661
lo_hhi~20105 |    156,600    .3756629    .1473196   .0449036   .8225102
hi_hhi~20105 |    156,600     .275351    .1501347   .0254453   .7851244
med_hh~20105 |    156,600    66919.72    24575.33   20527.66   191553.2
-------------+---------------------------------------------------------
unemp_~20105 |    156,600    .0936933    .0418548   .0211286   .3385852
employ~20105 |    156,600    .9009183     .039899   .6807186   .9719977
med_earn_h~5 |    155,040    27237.46    14110.53       2499     250001
m~tectserv~5 |    155,280    48087.58    20765.34       2499     250001
med_earn_f~5 |    156,480    16558.06    7029.657   4436.876   136515.3
-------------+---------------------------------------------------------
med_earn_c~5 |    155,040     22797.4    11990.55       2499   246364.8
med_~e_20105 |    156,600    19792.87    10529.06       2499     250001
med~sp_20105 |    156,480    34127.94    11516.45   15005.94   193485.7
months_unt~s |    156,600        59.5    34.63992          0        119
last_sal_m~6 |    156,600    2875.493    2413.531          0       5000
-------------+---------------------------------------------------------
     treated |    156,600    .4390805    .4962765          0          1
unused_mw_~6 |    156,600    .0301916    .1711147          0          1
cumsum_unu~s |    156,600    1.705881    2.350182          0          9
       ln_mw |    156,600    2.079598    .1327617   1.981001   2.772589
ln_rent_ps~t |    113,375    .0472541    .4493362  -.8722228   1.906781
-------------+---------------------------------------------------------
     ln_rent |    125,644    7.334093    .3761665   6.388561   8.794067




============================================================================
File: ../temp/baseline_rent_panel_12.dta
Key: zipcode year_month
============================================================================
  156600:76(63366):791024839:1125004538

    Variable |        Obs        Mean    Std. Dev.       Min        Max
-------------+---------------------------------------------------------
     zipcode |    156,600    51920.57    29185.78       2113      99577
  year_month |    156,600       659.5    34.63992        600        719
  place_code |    129,840    40657.65    22564.03        410      87240
   placetype |          0
  countyfips |    156,240    24077.04    16484.28       1003      56021
-------------+---------------------------------------------------------
      county |          0
   statefips |    156,600    23.97854    16.42626          1         56
medre~e_sfcc |    125,644    1651.102    702.9949        595       6595
      fed_mw |    156,600        7.25           0       7.25       7.25
    state_mw |    156,600    8.016521    1.074868       7.25         14
-------------+---------------------------------------------------------
   county_mw |      8,400    9.085036    1.582498       7.25      14.25
county_abo~w |      8,400        .305    .4604348          0          1
    local_mw |      9,720    9.504039    1.904531       7.25         16
local_abov~w |      9,720     .369856    .4827903          0          1
   actual_mw |    156,600    8.077733    1.207496       7.25         16
-------------+---------------------------------------------------------
    which_mw |    156,600    2.137701    .4837252          2          4
  dactual_mw |    156,600    .0151952    .1121177          0       2.21
    mw_event |    156,600    .0338506     .180845          0          1
 state_event |    156,600    .0300255    .1706581          0          1
county_event |    156,600    .0009962    .0315465          0          1
-------------+---------------------------------------------------------
 local_event |    156,600    .0028289    .0531119          0          1
   fed_event |    156,600           0           0          0          0
calendar_m~h |    156,600         6.5    3.452064          1         12
         msa |    156,600    436.1801    240.1675         12        860
       trend |    156,600       225.5    34.63992        166        285
-------------+---------------------------------------------------------
    trend_sq |    156,600    52050.17    15659.42      27556      81225
    trend_cu |    156,600    1.23e+07     5408203    4574296   2.31e+07
sal_mw_event |    156,600    .0134036    .1149957          0          1
 mw_event025 |    156,600    .0179374    .1327245          0          1
 mw_event075 |    156,600    .0081354     .089829          0          1
-------------+---------------------------------------------------------
m~e_mfr5plus |     47,091     1715.37    757.3231        450       6095
medren~e_2br |     32,426    1996.785    1014.866        495       6800
medre~t_sfcc |    113,375    1.188344    .7824813   .4180214   6.731387
medren~t_2br |     24,789     1.84165    .9184999   .5015197   6.499599
m~t_mfr5plus |     37,588    1.842276    1.001968   .5106889    6.48415
-------------+---------------------------------------------------------
     pop2010 |    156,600    5094.666    2053.232   1134.729   29439.89
urb_sha~2010 |    156,600    .9672256    .0773197   .2883417          1
white_s~2010 |    156,600    .5450552    .2217932   .0036694   .9396675
black_s~2010 |    156,600    .1651694    .2005277   .0034277   .9753516
hisp_sh~2010 |    156,600    .1888204     .170269   .0072045   .9338689
-------------+---------------------------------------------------------
asian_s~2010 |    156,600    .0694605    .0849161   .0004593    .689378
natam_s~2010 |    156,600    .0016674    .0054796          0   .0926286
child_s~2010 |    156,600    .1949678    .0525717   .0183688   .3495505
teen_sh~2010 |    156,600    .0936518    .0332365   .0099649   .4035518
youngad~2010 |    156,600    .2025643    .0731132   .0293848    .625282
-------------+---------------------------------------------------------
adult_s~2010 |    156,600    .3950195    .0471422   .1545396   .5850629
elder_s~2010 |    156,600    .1137966    .0604392   .0093771   .7075161
housing~2010 |    156,600     2154.05    835.5169   808.8774   13289.88
hh_couple_s~ |    156,600     .537118    .1326535   .1637825   .8152068
h~child_sh~0 |    156,600    .4511574    .1031615   .0341987   .7473651
-------------+---------------------------------------------------------
renthou~2010 |    156,600    .3799848    .1759554    .062864   .9660729
work_c~20105 |    156,600    .7582464    .2010222   .1421741   .9951102
worktravel.. |    156,600    .0968771    .0454301   .0054477   .3653359
worktravel.. |    156,600    .8210624    .0594933    .565174   .9481063
worktravel.. |    156,600    .0820605    .0578614   .0080907    .362708
-------------+---------------------------------------------------------
colleg~20105 |    156,600    .4411882    .1670347   .0860239   .9081349
poor_s~20105 |    156,600    .1349342    .0819292   .0123633   .5788661
lo_hhi~20105 |    156,600    .3756629    .1473196   .0449036   .8225102
hi_hhi~20105 |    156,600     .275351    .1501347   .0254453   .7851244
med_hh~20105 |    156,600    66919.72    24575.33   20527.66   191553.2
-------------+---------------------------------------------------------
unemp_~20105 |    156,600    .0936933    .0418548   .0211286   .3385852
employ~20105 |    156,600    .9009183     .039899   .6807186   .9719977
med_earn_h~5 |    155,040    27237.46    14110.53       2499     250001
m~tectserv~5 |    155,280    48087.58    20765.34       2499     250001
med_earn_f~5 |    156,480    16558.06    7029.657   4436.876   136515.3
-------------+---------------------------------------------------------
med_earn_c~5 |    155,040     22797.4    11990.55       2499   246364.8
med_~e_20105 |    156,600    19792.87    10529.06       2499     250001
med~sp_20105 |    156,480    34127.94    11516.45   15005.94   193485.7
months_unt~s |    156,600        59.5    34.63992          0        119
last_sal_~12 |    156,600     2929.23    2397.923          0       5000
-------------+---------------------------------------------------------
     treated |    156,600    .4298851    .4950611          0          1
unused_mw~12 |    156,600    .0302682    .1713249          0          1
cumsum_unu~s |    156,600    1.677989    2.314928          0          9
       ln_mw |    156,600    2.079598    .1327617   1.981001   2.772589
ln_rent_ps~t |    113,375    .0472541    .4493362  -.8722228   1.906781
-------------+---------------------------------------------------------
     ln_rent |    125,644    7.334093    .3761665   6.388561   8.794067




============================================================================
File: ../temp/baseline_listing_panel_6.dta
Key: zipcode year_month
============================================================================
  923880:76(53733):4147722405:1929491635

    Variable |        Obs        Mean    Std. Dev.       Min        Max
-------------+---------------------------------------------------------
     zipcode |    923,880    49506.61    30081.85        623      99835
  year_month |    923,880       659.5    34.63983        600        719
  place_code |    613,080     42485.2    23574.26        100      88940
   placetype |          0
  countyfips |    921,120    27584.93    16076.71       1001      56043
-------------+---------------------------------------------------------
      county |          0
   statefips |    923,880    27.51149     16.0555          1         56
medli~e_sfcc |    828,840    290141.4      238245      17800    5625000
      fed_mw |    923,880        7.25           0       7.25       7.25
    state_mw |    923,880    8.037635    1.109307       7.25         14
-------------+---------------------------------------------------------
   county_mw |     60,000    9.153105    1.786907       7.25      14.25
county_abo~w |     60,000      .32005    .4664993          0          1
    local_mw |     32,040    9.592166    1.959842       7.25         16
local_abov~w |     32,040    .3600811    .4800312          0          1
   actual_mw |    923,880    8.079805    1.206514       7.25         16
-------------+---------------------------------------------------------
    which_mw |    923,880    2.112229    .4054383          2          4
  dactual_mw |    923,878     .014965     .109868          0       3.25
    mw_event |    923,878    .0308558     .172927          0          1
 state_event |    923,880    .0269321     .161885          0          1
county_event |    923,880    .0023044     .047949          0          1
-------------+---------------------------------------------------------
 local_event |    923,880    .0016193    .0402074          0          1
   fed_event |    923,880           0           0          0          0
calendar_m~h |    923,880         6.5    3.452054          1         12
         msa |    880,440    440.2211     239.545          1        861
       trend |    923,880       225.5    34.63983        166        285
-------------+---------------------------------------------------------
    trend_sq |    923,880    52050.17    15659.38      27556      81225
    trend_cu |    923,880    1.23e+07     5408189    4574296   2.31e+07
sal_mw_event |    923,880    .0139044    .1170943          0          1
 mw_event025 |    923,880     .018813    .1358644          0          1
 mw_event075 |    923,880    .0086256    .0924726          0          1
-------------+---------------------------------------------------------
m~e_low_tier |    177,408    151549.4    89720.89      16050     849990
m~e_top_tier |    395,224    444634.7    306685.8     112450    5675000
medli~t_sfcc |    803,656    160.3231    112.8224   15.84572   2802.347
m~t_low_tier |    226,953    121.6943    78.55887   15.82222   1672.388
m~t_top_tier |    406,787    188.2357     136.567   53.23853   2799.423
-------------+---------------------------------------------------------
     pop2010 |    922,920    4789.349    1607.185        542      33041
urb_sha~2010 |    922,920    .8127509    .2683143          0          1
white_s~2010 |    922,920    .7043913     .233278   .0055442    .986581
black_s~2010 |    922,920    .0945388    .1415304          0   .9633376
hisp_sh~2010 |    922,920    .1319803    .1655737   .0047077   .9917105
-------------+---------------------------------------------------------
asian_s~2010 |    922,920     .040617    .0626656          0   .7134402
natam_s~2010 |    922,920    .0013984    .0067641          0   .2700088
child_s~2010 |    922,920    .1926046    .0418511   .0064408   .4337977
teen_sh~2010 |    922,920    .0940179    .0317177    .002819   .4191151
youngad~2010 |    922,920    .1641059     .051426   .0089774    .625282
-------------+---------------------------------------------------------
adult_s~2010 |    922,920    .4081882    .0456803    .139852   .6176071
elder_s~2010 |    922,920    .1410834    .0630225   .0124327   .7981803
housing~2010 |    922,920    2076.566    728.8827   488.2695      14754
hh_couple_s~ |    922,920    .5801864    .1024352   .1627908   .8651395
h~child_sh~0 |    922,920    .4306312     .093337   .0105631   .8035949
-------------+---------------------------------------------------------
renthou~2010 |    922,920    .3037797    .1407176   .0284506   .9461021
work_c~20105 |    922,680    .7216746    .1950503   .1444631          1
worktravel.. |    922,680     .141092    .0822834   .0055701    .747541
worktravel.. |    922,680    .7777466    .0880437   .1289134   .9812374
worktravel.. |    922,680    .0811614    .0616154          0   .4954442
-------------+---------------------------------------------------------
colleg~20105 |    922,680    .3889143     .151941   .0547329   .8963796
poor_s~20105 |    922,680    .1260685     .076399   .0044399   .5788661
lo_hhi~20105 |    922,680    .3931092    .1421254   .0449036   .8546626
hi_hhi~20105 |    922,680    .2542764    .1464483   .0189994   .8319883
med_hh~20105 |    922,680    63721.33    24439.62   16696.64   235644.8
-------------+---------------------------------------------------------
unemp_~20105 |    922,680    .0884215    .0351236   .0056058   .2800674
employ~20105 |    922,680    .8932225    .0474697   .5155144   .9799769
med_earn_h~5 |    907,320    25042.61       12359       2499     250001
m~tectserv~5 |    913,680     47673.4    19657.79       2499     250001
med_earn_f~5 |    921,480    13954.64    5764.861       2499   136515.3
-------------+---------------------------------------------------------
med_earn_c~5 |    918,840    22010.93    10566.81       2499   246364.8
med_~e_20105 |    919,440    17433.12    8164.185       2499     250001
med~sp_20105 |    921,960    33625.26    9930.205       2499   193485.7
months_unt~s |    923,880        59.5    34.63983          0        119
last_sal_m~6 |    923,880    2657.145    2426.111          0       5000
-------------+---------------------------------------------------------
     treated |    923,880    .4855176    .4997905          0          1
unused_mw_~6 |    923,880    .0268119    .1615335          0          1
cumsum_unu~s |    923,880    1.432712    2.142798          0          9
       ln_mw |    923,880    2.079757    .1338212   1.981001   2.772589
ln_housepr~t |    803,656    4.928917    .5080557   2.762899   7.938212
-------------+---------------------------------------------------------
ln_housepr~e |    828,840    12.38676    .5865717   9.786954   15.54273




============================================================================
File: ../temp/baseline_listing_panel_12.dta
Key: zipcode year_month
============================================================================
  923880:76(91767):3417669227:3981148723

    Variable |        Obs        Mean    Std. Dev.       Min        Max
-------------+---------------------------------------------------------
     zipcode |    923,880    49506.61    30081.85        623      99835
  year_month |    923,880       659.5    34.63983        600        719
  place_code |    613,080     42485.2    23574.26        100      88940
   placetype |          0
  countyfips |    921,120    27584.93    16076.71       1001      56043
-------------+---------------------------------------------------------
      county |          0
   statefips |    923,880    27.51149     16.0555          1         56
medli~e_sfcc |    828,840    290141.4      238245      17800    5625000
      fed_mw |    923,880        7.25           0       7.25       7.25
    state_mw |    923,880    8.037635    1.109307       7.25         14
-------------+---------------------------------------------------------
   county_mw |     60,000    9.153105    1.786907       7.25      14.25
county_abo~w |     60,000      .32005    .4664993          0          1
    local_mw |     32,040    9.592166    1.959842       7.25         16
local_abov~w |     32,040    .3600811    .4800312          0          1
   actual_mw |    923,880    8.079805    1.206514       7.25         16
-------------+---------------------------------------------------------
    which_mw |    923,880    2.112229    .4054383          2          4
  dactual_mw |    923,878     .014965     .109868          0       3.25
    mw_event |    923,878    .0308558     .172927          0          1
 state_event |    923,880    .0269321     .161885          0          1
county_event |    923,880    .0023044     .047949          0          1
-------------+---------------------------------------------------------
 local_event |    923,880    .0016193    .0402074          0          1
   fed_event |    923,880           0           0          0          0
calendar_m~h |    923,880         6.5    3.452054          1         12
         msa |    880,440    440.2211     239.545          1        861
       trend |    923,880       225.5    34.63983        166        285
-------------+---------------------------------------------------------
    trend_sq |    923,880    52050.17    15659.38      27556      81225
    trend_cu |    923,880    1.23e+07     5408189    4574296   2.31e+07
sal_mw_event |    923,880    .0139044    .1170943          0          1
 mw_event025 |    923,880     .018813    .1358644          0          1
 mw_event075 |    923,880    .0086256    .0924726          0          1
-------------+---------------------------------------------------------
m~e_low_tier |    177,408    151549.4    89720.89      16050     849990
m~e_top_tier |    395,224    444634.7    306685.8     112450    5675000
medli~t_sfcc |    803,656    160.3231    112.8224   15.84572   2802.347
m~t_low_tier |    226,953    121.6943    78.55887   15.82222   1672.388
m~t_top_tier |    406,787    188.2357     136.567   53.23853   2799.423
-------------+---------------------------------------------------------
     pop2010 |    922,920    4789.349    1607.185        542      33041
urb_sha~2010 |    922,920    .8127509    .2683143          0          1
white_s~2010 |    922,920    .7043913     .233278   .0055442    .986581
black_s~2010 |    922,920    .0945388    .1415304          0   .9633376
hisp_sh~2010 |    922,920    .1319803    .1655737   .0047077   .9917105
-------------+---------------------------------------------------------
asian_s~2010 |    922,920     .040617    .0626656          0   .7134402
natam_s~2010 |    922,920    .0013984    .0067641          0   .2700088
child_s~2010 |    922,920    .1926046    .0418511   .0064408   .4337977
teen_sh~2010 |    922,920    .0940179    .0317177    .002819   .4191151
youngad~2010 |    922,920    .1641059     .051426   .0089774    .625282
-------------+---------------------------------------------------------
adult_s~2010 |    922,920    .4081882    .0456803    .139852   .6176071
elder_s~2010 |    922,920    .1410834    .0630225   .0124327   .7981803
housing~2010 |    922,920    2076.566    728.8827   488.2695      14754
hh_couple_s~ |    922,920    .5801864    .1024352   .1627908   .8651395
h~child_sh~0 |    922,920    .4306312     .093337   .0105631   .8035949
-------------+---------------------------------------------------------
renthou~2010 |    922,920    .3037797    .1407176   .0284506   .9461021
work_c~20105 |    922,680    .7216746    .1950503   .1444631          1
worktravel.. |    922,680     .141092    .0822834   .0055701    .747541
worktravel.. |    922,680    .7777466    .0880437   .1289134   .9812374
worktravel.. |    922,680    .0811614    .0616154          0   .4954442
-------------+---------------------------------------------------------
colleg~20105 |    922,680    .3889143     .151941   .0547329   .8963796
poor_s~20105 |    922,680    .1260685     .076399   .0044399   .5788661
lo_hhi~20105 |    922,680    .3931092    .1421254   .0449036   .8546626
hi_hhi~20105 |    922,680    .2542764    .1464483   .0189994   .8319883
med_hh~20105 |    922,680    63721.33    24439.62   16696.64   235644.8
-------------+---------------------------------------------------------
unemp_~20105 |    922,680    .0884215    .0351236   .0056058   .2800674
employ~20105 |    922,680    .8932225    .0474697   .5155144   .9799769
med_earn_h~5 |    907,320    25042.61       12359       2499     250001
m~tectserv~5 |    913,680     47673.4    19657.79       2499     250001
med_earn_f~5 |    921,480    13954.64    5764.861       2499   136515.3
-------------+---------------------------------------------------------
med_earn_c~5 |    918,840    22010.93    10566.81       2499   246364.8
med_~e_20105 |    919,440    17433.12    8164.185       2499     250001
med~sp_20105 |    921,960    33625.26    9930.205       2499   193485.7
months_unt~s |    923,880        59.5    34.63983          0        119
last_sal_~12 |    923,880    2766.274    2413.142          0       5000
-------------+---------------------------------------------------------
     treated |    923,880    .4644759    .4987367          0          1
unused_mw~12 |    923,880    .0269873    .1620462          0          1
cumsum_unu~s |    923,880    1.407683    2.108596          0          9
       ln_mw |    923,880    2.079757    .1338212   1.981001   2.772589
ln_housepr~t |    803,656    4.928917    .5080557   2.762899   7.938212
-------------+---------------------------------------------------------
ln_housepr~e |    828,840    12.38676    .5865717   9.786954   15.54273




