===============================================================================
File: ../../../drive/derived_large/cbsa_month/cbsa_month.dta
Key: cbsa10 year_month
===============================================================================
  18045:12(57659):2275813162:1338862655

    Variable |        Obs        Mean    Std. Dev.       Min        Max
-------------+---------------------------------------------------------
      cbsa10 |          0
  year_month |     18,045    677.6941    30.27867        601        719
        year |     18,045    2016.005    2.515046       2010       2019
nbr_zipcodes |     18,045    10.95328    21.13661          1        167
nbr_zipcod~e |     18,045    .4152397    4.629211          0        151
-------------+---------------------------------------------------------
change_wit~a |     18,045    .0335273    .1800139          0          1
max_actual~w |     18,045    8.208436    1.424897       7.25       16.3
 max_d_ln_mw |     18,045    .0017912     .012444          0   .2412503
max_d_exp~17 |     18,045    2.090499    .1492878    1.91728    2.69731
avg_actual~w |     18,045    8.144476    1.286185       7.25   14.53906
-------------+---------------------------------------------------------
 avg_d_ln_mw |     18,045    .0014629    .0105134  -.2652272    .216913
avg_d_exp~17 |     18,045    2.085223    .1438312   1.866656   2.637691




===============================================================================
File: ../../../drive/derived_large/cbsa_month/events.dta
Key: cbsa10 event_year_month
===============================================================================
  605:6(18685):1765835773:634860100

    Variable |        Obs        Mean    Std. Dev.       Min        Max
-------------+---------------------------------------------------------
      cbsa10 |          0
event_year~h |        605    678.0099    27.61418        612        719
change_wit~a |        605           1           0          1          1
  event_year |        605    2016.374    2.291496       2011       2019
time_since~d |        471    12.16561    4.541788          1         24
-------------+---------------------------------------------------------
    event_id |        605         303    174.7927          1        605




