
 make.py started: 2022-02-24 05:21:55 C:\Users\shermo\Documents\GitHub\min_wage_rent\base\shp_to_dta\code 




Execute:  StataMP-64 /e do "./shp_to_dta.do"

  ___  ____  ____  ____  ____ (R)
 /__    /   ____/   /   ____/
___/   /   /___/   /   /___/   15.1   Copyright 1985-2017 StataCorp LLC
  Statistics/Data Analysis            StataCorp
                                      4905 Lakeway Drive
     MP - Parallel Edition            College Station, Texas 77845 USA
                                      800-STATA-PC        http://www.stata.com
                                      979-696-4600        stata@stata.com
                                      979-696-4601 (fax)

Single-user 32-core Stata perpetual license:
       Serial number:  501506205566
         Licensed to:  KU Leuven FEB (CES)
                       KU Leuven

Notes:
      1.  Stata is running in batch mode.
      2.  Unicode is supported; see help unicode_advice.
      3.  More than 2 billion observations are allowed; see help obs_advice.
      4.  Maximum number of variables is set to 5000; see help set_maxvar.

. do ./shp_to_dta.do 

. clear all

. set more off

. 
. program main
  1.     local in_centroids "../../../drive/base_large/census_blocks_centroids"
  2.     local in_usps_zip  "../../../drive/raw_data/shapefiles/USPS_zipcodes"
  3.     local in_places    "../../../drive/base_large/assemble_place_shapefile
> "
  4.     local outstub      "../../../drive/base_large/shp_to_dta"
  5. 
.     shp2dta using "`in_usps_zip'/USPS_zipcodes_July2020.shp",        ///
>         database("`outstub'/USPS_zipcodes_July2020_db")              ///
>         coordinates("`outstub'/USPS_zipcodes_July2020_coord")        ///
>         genid(usps_zip_poly_geo_id) replace
  6. 
.     shp2dta using "`in_places'/us_places_2010.shp",                  ///
>         database("`outstub'/us_places_2010_db")                      ///
>         coordinates("`outstub'/us_places_2010_coord")                ///
>         genid(us_place_poly_geo_id) replace
  7. 
.     shp2dta using "`in_centroids'/census_blocks_2010_centroids.shp", ///
>         database("`outstub'/census_blocks_2010_centroids_db")        ///
>         coordinates("`outstub'/census_blocks_2010_centroids_coord")  ///
>         genid(cb_centroid_geo_id) replace
  8. end

. 
. 
. main
type: 5
type: 5
type: 1

. 
end of do-file

 make.py ended: 2022-02-24 05:41:35
