
========================================================================== 
File: ../output/acs_2011.csv 
MD5:  697d3bc6dbde4cb30625cafaeb359eea 
Key:  zcta 
 
 ======================================================================================================= 
               variable                  mean             sd         min        max        N     type    
 ------------------------------------------------------------------------------------------------------- 
 1          agg_income_hhld         264,716,513.000 421,292,972.000 25,600 6,316,843,200 32481  numeric  
 2               black                 1,167.501       3,780.584      0       79,744     33120  numeric  
 3             hispanic                1,597.443       5,498.587      0       109,698    33120  numeric  
 4         income_per_capita          25,504.770      11,942.510     127      376,207    32481  numeric  
 5          owner_occupied             2,318.066       3,175.058      0       28,394     33120  numeric  
 6            population               9,369.843      13,669.670      0       114,941    33120  numeric  
 7          renter_occupied            1,184.012       2,274.756      0       33,855     33120  numeric  
 8        total_earnings_hhld          3,502.078       5,001.961      0       43,174     33120  numeric  
 9  total_earnings_hhld_no_earnings     735.359        1,082.870      0       14,120     33120  numeric  
 10 total_earnings_hhld_w_earnings     2,766.719       4,058.288      0       33,765     33120  numeric  
 11        total_households            3,502.078       5,001.961      0       43,174     33120  numeric  
 12        total_wage_income           3,502.078       5,001.961      0       43,174     33120  numeric  
 13    total_wage_income_no_wage        843.369        1,218.218      0       14,614     33120  numeric  
 14    total_wage_income_w_wage        2,658.709       3,916.361      0       32,403     33120  numeric  
 15              zcta                                                                    33120 character 
 ------------------------------------------------------------------------------------------------------- 

========================================================================== 
File: ../output/acs_2015.csv 
MD5:  e3d56855f6f4c656e7fe571c911ec9bc 
Key:  zcta 
 
 ======================================================================================================= 
               variable                  mean             sd         min        max        N     type    
 ------------------------------------------------------------------------------------------------------- 
 1          agg_income_hhld         282,620,883.000 454,958,292.000 41,100 6,255,436,700 32542  numeric  
 2               black                 1,214.007       3,842.507      0       84,567     33120  numeric  
 3             hispanic                1,744.371       5,790.891      0       103,342    33120  numeric  
 4         income_per_capita          26,866.830      12,471.290     158      465,868    32542  numeric  
 5          owner_occupied             2,281.661       3,135.613      0       28,485     33120  numeric  
 6            population               9,664.375      14,237.950      0       114,982    33120  numeric  
 7          renter_occupied            1,286.237       2,430.518      0       32,975     33120  numeric  
 8        total_earnings_hhld          3,567.899       5,120.549      0       43,456     33120  numeric  
 9  total_earnings_hhld_no_earnings     801.565        1,169.850      0       21,830     33120  numeric  
 10 total_earnings_hhld_w_earnings     2,766.334       4,097.745      0       33,858     33120  numeric  
 11        total_households            3,567.899       5,120.549      0       43,456     33120  numeric  
 12        total_wage_income           3,567.899       5,120.549      0       43,456     33120  numeric  
 13    total_wage_income_no_wage        906.621        1,303.502      0       22,460     33120  numeric  
 14    total_wage_income_w_wage        2,661.278       3,956.945      0       31,749     33120  numeric  
 15              zcta                                                                    33120 character 
 ------------------------------------------------------------------------------------------------------- 

========================================================================== 
File: ../output/acs_2019.csv 
MD5:  a04a8414893029fb8bd294998add3d81 
Key:  zcta 
 
 ======================================================================================================= 
               variable                  mean             sd         min        max        N     type    
 ------------------------------------------------------------------------------------------------------- 
 1          agg_income_hhld         342,324,478.000 559,010,385.000 25,600 7,938,792,000 32470  numeric  
 2               black                 1,256.610       3,907.782      0       86,706     33120  numeric  
 3             hispanic                1,864.414       5,961.995      0       101,183    33120  numeric  
 4         income_per_capita          31,144.120      14,559.880     139      501,433    32470  numeric  
 5          owner_occupied             2,357.637       3,275.658      0       28,752     33120  numeric  
 6            population               9,903.344      14,714.040      0       128,294    33120  numeric  
 7          renter_occupied            1,324.312       2,515.684      0       33,582     33120  numeric  
 8        total_earnings_hhld          3,681.949       5,321.903      0       41,355     33120  numeric  
 9  total_earnings_hhld_no_earnings     831.262        1,202.337      0       23,863     33120  numeric  
 10 total_earnings_hhld_w_earnings     2,850.687       4,268.582      0       34,408     33120  numeric  
 11        total_households            3,681.949       5,321.903      0       41,355     33120  numeric  
 12        total_wage_income           3,681.949       5,321.903      0       41,355     33120  numeric  
 13    total_wage_income_no_wage        935.572        1,336.940      0       24,608     33120  numeric  
 14    total_wage_income_w_wage        2,746.377       4,127.330      0       33,278     33120  numeric  
 15              zcta                                                                    33120 character 
 ------------------------------------------------------------------------------------------------------- 
