
 make.py started: 2022-03-02 17:30:37 C:\Users\diegog\Desktop\Diego\min_wage_rent\base\acs\code 




Execute:  R CMD BATCH --no-save "./acs_zcta.R" acs_zcta.Rout

R version 4.1.1 (2021-08-10) -- "Kick Things"
Copyright (C) 2021 The R Foundation for Statistical Computing
Platform: x86_64-w64-mingw32/x64 (64-bit)

R is free software and comes with ABSOLUTELY NO WARRANTY.
You are welcome to redistribute it under certain conditions.
Type 'license()' or 'licence()' for distribution details.

  Natural language support but running in an English locale

R is a collaborative project with many contributors.
Type 'contributors()' for more information and
'citation()' on how to cite R or R packages in publications.

Type 'demo()' for some demos, 'help()' for on-line help, or
'help.start()' for an HTML browser interface to help.
Type 'q()' to quit R.

> remove(list = ls())
> 
> library(tidycensus)
> library(tidyverse)
-- Attaching packages --------------------------------------- tidyverse 1.3.1 --
v ggplot2 3.3.5     v purrr   0.3.4
v tibble  3.1.4     v dplyr   1.0.7
v tidyr   1.1.3     v stringr 1.4.0
v readr   2.0.1     v forcats 0.5.1
-- Conflicts ------------------------------------------ tidyverse_conflicts() --
x dplyr::filter() masks stats::filter()
x dplyr::lag()    masks stats::lag()
> 
> source("../../../lib/R/save_data.R")

Please cite as: 

 Hlavac, Marek (2018). stargazer: Well-Formatted Regression and Summary Statistics Tables.
 R package version 5.2.2. https://CRAN.R-project.org/package=stargazer 


Attaching package: 'data.table'

The following objects are masked from 'package:dplyr':

    between, first, last

The following object is masked from 'package:purrr':

    transpose

> 
> main <- function(){
+ # In case the key ceases working see https://www.census.gov/content/dam/Census/library/publications/2020/acs/acs_api_handbook_2020_ch02.pdf
+   census_api_key("b04b7f3197f8bf4bdc31956fcfb3f28364ccf6cb")
+   
+   for (yyyy in c(2011, 2015, 2019)) {
+     dt <- get_acs(geography = "zcta", 
+                   variables = c("B01003_001E",
+                                 "B25011_001E", "B25011_002E", 
+                                 "B25007_012E", "B01001B_001E",
+                                 "B01001I_001E",
+                                 "B19301_001E", "B19313_001E",
+                                 "B19051_001E", "B19051_002E",
+                                 "B19051_003E", "B19052_001E", 
+                                 "B19052_002E", "B19052_003E"), 
+                   year = yyyy) %>%
+       mutate(zcta = substring(NAME, 7)) %>%
+       select(-GEOID, -NAME, -moe)
+     
+     dt <- dt %>%
+       pivot_wider(names_from = variable,
+                   values_from = estimate)
+     dt <- dt %>%
+       rename(population = B01003_001,
+              total_households = B25011_001,
+              owner_occupied = B25011_002,
+              renter_occupied = B25007_012,
+              black = B01001B_001,
+              hispanic = B01001I_001,
+              income_per_capita = B19301_001,
+              agg_income_hhld = B19313_001,
+              total_earnings_hhld = B19051_001,
+              total_earnings_hhld_w_earnings = B19051_002,
+              total_earnings_hhld_no_earnings = B19051_003,
+              total_wage_income = B19052_001,
+              total_wage_income_w_wage = B19052_002,
+              total_wage_income_no_wage = B19052_003)
+     
+     save_data(dt, key = "zcta",
+               filename = file.path("../output", paste0("acs_", yyyy, ".csv")),
+               logfile  = "../output/data_manifest.log")
+   }
+ }
> 
> main()
To install your API key for use in future sessions, run this function with `install = TRUE`.
Getting data from the 2007-2011 5-year ACS
[1] "File '../output/acs_2011.csv' saved successfully."
Getting data from the 2011-2015 5-year ACS
[1] "File '../output/acs_2015.csv' saved successfully."
Getting data from the 2015-2019 5-year ACS
[1] "File '../output/acs_2019.csv' saved successfully."
> 
> proc.time()
   user  system elapsed 
  35.37    2.00   72.81 


Execute:  R CMD BATCH --no-save "./acs_cbg.R" acs_cbg.Rout

R version 4.1.1 (2021-08-10) -- "Kick Things"
Copyright (C) 2021 The R Foundation for Statistical Computing
Platform: x86_64-w64-mingw32/x64 (64-bit)

R is free software and comes with ABSOLUTELY NO WARRANTY.
You are welcome to redistribute it under certain conditions.
Type 'license()' or 'licence()' for distribution details.

  Natural language support but running in an English locale

R is a collaborative project with many contributors.
Type 'contributors()' for more information and
'citation()' on how to cite R or R packages in publications.

Type 'demo()' for some demos, 'help()' for on-line help, or
'help.start()' for an HTML browser interface to help.
Type 'q()' to quit R.

> remove(list = ls())
> 
> library(tidycensus)
> library(tidyverse)
-- Attaching packages --------------------------------------- tidyverse 1.3.1 --
v ggplot2 3.3.5     v purrr   0.3.4
v tibble  3.1.4     v dplyr   1.0.7
v tidyr   1.1.3     v stringr 1.4.0
v readr   2.0.1     v forcats 0.5.1
-- Conflicts ------------------------------------------ tidyverse_conflicts() --
x dplyr::filter() masks stats::filter()
x dplyr::lag()    masks stats::lag()
> 
> source("../../../lib/R/save_data.R")

Please cite as: 

 Hlavac, Marek (2018). stargazer: Well-Formatted Regression and Summary Statistics Tables.
 R package version 5.2.2. https://CRAN.R-project.org/package=stargazer 


Attaching package: 'data.table'

The following objects are masked from 'package:dplyr':

    between, first, last

The following object is masked from 'package:purrr':

    transpose

> 
> # In case the key ceases working see https://www.census.gov/content/dam/Census/library/publications/2020/acs/acs_api_handbook_2020_ch02.pdf
> census_api_key("b04b7f3197f8bf4bdc31956fcfb3f28364ccf6cb")
To install your API key for use in future sessions, run this function with `install = TRUE`.
> 
> main <- function(){
+   pop_vars <- c("B00001_001E", "B00002_001E", "B25003_002E", 
+                 "B25003_003E", "B02001_002E", "B02001_003E", "")
+   income_vars <- c("B19313_001E","B19051_001E", "B19051_002E", "B19051_003E", 
+                    "B19052_001E", "B19052_002E", "B19052_003E")
+   binned_income_vars <- c("B19001_002E", "B19001_003E", 
+                           "B19001_004E", "B19001_005E", "B19001_006E",
+                           "B19001_007E", "B19001_008E", "B19001_009E", 
+                           "B19001_010E", "B19001_011E", "B19001_012E",
+                           "B19001_013E", "B19001_014E", "B19001_015E", 
+                           "B19001_016E", "B19001_017E")
+ 
+   dt <- data.table()
+   for (st in state.abb) {
+     dt_state <- get_acs(geography = "block group", 
+                 variables = c(pop_vars, income_vars, binned_income_vars), 
+                 year = 2013, state = st) %>%
+         select(-NAME, -moe) %>%
+         rename(block_group = GEOID)
+ 
+     dt_state <- dt_state %>%
+       pivot_wider(names_from = variable,
+                   values_from = estimate)
+ 
+     dt_state <- dt_state %>%
+       rename(population = B00001_001,
+              total_households = B00002_001,
+              owner_occupied = B25003_002,
+              renter_occupied = B25003_003,
+              white = B02001_002,
+              black = B02001_003,
+              agg_income_hhld = B19313_001,
+              total_earnings_hhld = B19051_001,
+              total_earnings_hhld_w_earnings = B19051_002,
+              total_earnings_hhld_no_earnings = B19051_003,
+              total_wage_income = B19052_001,
+              total_wage_income_w_wage = B19052_002,
+              total_wage_income_no_wage = B19052_003,
+              n_hhlds_less_10k_inc = B19001_002,
+              n_hhlds_10to15k_inc =  B19001_003, 
+              n_hhlds_15to20k_inc = B19001_004, 
+              n_hhlds_20to25k_inc = B19001_005, 
+              n_hhlds_25to30k_inc = B19001_006, 
+              n_hhlds_30to35k_inc = B19001_007,
+              n_hhlds_35to40k_inc = B19001_008, 
+              n_hhlds_40to45k_inc = B19001_009, 
+              n_hhlds_45to50k_inc = B19001_010, 
+              n_hhlds_50to60k_inc = B19001_011, 
+              n_hhlds_60to75k_inc = B19001_012, 
+              n_hhlds_75to100k_inc = B19001_013,
+              n_hhlds_100to125k_inc = B19001_014, 
+              n_hhlds_125to150k_inc = B19001_015, 
+              n_hhlds_150to200k_inc = B19001_016, 
+              n_hhlds_more_200k_inc = B19001_017)
+ 
+     dt <- rbindlist(list(dt, dt_state))
+   }
+ 
+   save_data(dt, key = "block_group",
+             filename = "../output/acs_cbg_2013.csv",
+             logfile  = "../output/data_manifest.log")
+ }
> 
> main()
Getting data from the 2009-2013 5-year ACS
Fetching data by table type ("B/C", "S", "DP") and combining the result.
Getting data from the 2009-2013 5-year ACS
Fetching data by table type ("B/C", "S", "DP") and combining the result.
Getting data from the 2009-2013 5-year ACS
Fetching data by table type ("B/C", "S", "DP") and combining the result.
Getting data from the 2009-2013 5-year ACS
Fetching data by table type ("B/C", "S", "DP") and combining the result.
Getting data from the 2009-2013 5-year ACS
Fetching data by table type ("B/C", "S", "DP") and combining the result.
Column 29 ['population'] of item 2 appears in position 2 in item 1. Set use.names=TRUE to match by column name, or use.names=FALSE to ignore column names. use.names='check' (default from v1.12.2) emits this message and proceeds as if use.names=FALSE for  backwards compatibility. See news item 5 in v1.12.2 for options to control this message.
Getting data from the 2009-2013 5-year ACS
Fetching data by table type ("B/C", "S", "DP") and combining the result.
Getting data from the 2009-2013 5-year ACS
Fetching data by table type ("B/C", "S", "DP") and combining the result.
Getting data from the 2009-2013 5-year ACS
Fetching data by table type ("B/C", "S", "DP") and combining the result.
Getting data from the 2009-2013 5-year ACS
Fetching data by table type ("B/C", "S", "DP") and combining the result.
Column 29 ['population'] of item 2 appears in position 2 in item 1. Set use.names=TRUE to match by column name, or use.names=FALSE to ignore column names. use.names='check' (default from v1.12.2) emits this message and proceeds as if use.names=FALSE for  backwards compatibility. See news item 5 in v1.12.2 for options to control this message.
Getting data from the 2009-2013 5-year ACS
Fetching data by table type ("B/C", "S", "DP") and combining the result.
Getting data from the 2009-2013 5-year ACS
Fetching data by table type ("B/C", "S", "DP") and combining the result.
Getting data from the 2009-2013 5-year ACS
Fetching data by table type ("B/C", "S", "DP") and combining the result.
Getting data from the 2009-2013 5-year ACS
Fetching data by table type ("B/C", "S", "DP") and combining the result.
Column 29 ['population'] of item 2 appears in position 2 in item 1. Set use.names=TRUE to match by column name, or use.names=FALSE to ignore column names. use.names='check' (default from v1.12.2) emits this message and proceeds as if use.names=FALSE for  backwards compatibility. See news item 5 in v1.12.2 for options to control this message.
Getting data from the 2009-2013 5-year ACS
Fetching data by table type ("B/C", "S", "DP") and combining the result.
Getting data from the 2009-2013 5-year ACS
Fetching data by table type ("B/C", "S", "DP") and combining the result.
Getting data from the 2009-2013 5-year ACS
Fetching data by table type ("B/C", "S", "DP") and combining the result.
Getting data from the 2009-2013 5-year ACS
Fetching data by table type ("B/C", "S", "DP") and combining the result.
Getting data from the 2009-2013 5-year ACS
Fetching data by table type ("B/C", "S", "DP") and combining the result.
Getting data from the 2009-2013 5-year ACS
Fetching data by table type ("B/C", "S", "DP") and combining the result.
Getting data from the 2009-2013 5-year ACS
Fetching data by table type ("B/C", "S", "DP") and combining the result.
Getting data from the 2009-2013 5-year ACS
Fetching data by table type ("B/C", "S", "DP") and combining the result.
Getting data from the 2009-2013 5-year ACS
Fetching data by table type ("B/C", "S", "DP") and combining the result.
Getting data from the 2009-2013 5-year ACS
Fetching data by table type ("B/C", "S", "DP") and combining the result.
Getting data from the 2009-2013 5-year ACS
Fetching data by table type ("B/C", "S", "DP") and combining the result.
Getting data from the 2009-2013 5-year ACS
Fetching data by table type ("B/C", "S", "DP") and combining the result.
Getting data from the 2009-2013 5-year ACS
Fetching data by table type ("B/C", "S", "DP") and combining the result.
Getting data from the 2009-2013 5-year ACS
Fetching data by table type ("B/C", "S", "DP") and combining the result.
Getting data from the 2009-2013 5-year ACS
Fetching data by table type ("B/C", "S", "DP") and combining the result.
Getting data from the 2009-2013 5-year ACS
Fetching data by table type ("B/C", "S", "DP") and combining the result.
Getting data from the 2009-2013 5-year ACS
Fetching data by table type ("B/C", "S", "DP") and combining the result.
Getting data from the 2009-2013 5-year ACS
Fetching data by table type ("B/C", "S", "DP") and combining the result.
Getting data from the 2009-2013 5-year ACS
Fetching data by table type ("B/C", "S", "DP") and combining the result.
Column 29 ['population'] of item 2 appears in position 2 in item 1. Set use.names=TRUE to match by column name, or use.names=FALSE to ignore column names. use.names='check' (default from v1.12.2) emits this message and proceeds as if use.names=FALSE for  backwards compatibility. See news item 5 in v1.12.2 for options to control this message.
Getting data from the 2009-2013 5-year ACS
Fetching data by table type ("B/C", "S", "DP") and combining the result.
Getting data from the 2009-2013 5-year ACS
Fetching data by table type ("B/C", "S", "DP") and combining the result.
Getting data from the 2009-2013 5-year ACS
Fetching data by table type ("B/C", "S", "DP") and combining the result.
Column 29 ['population'] of item 2 appears in position 2 in item 1. Set use.names=TRUE to match by column name, or use.names=FALSE to ignore column names. use.names='check' (default from v1.12.2) emits this message and proceeds as if use.names=FALSE for  backwards compatibility. See news item 5 in v1.12.2 for options to control this message.
Getting data from the 2009-2013 5-year ACS
Fetching data by table type ("B/C", "S", "DP") and combining the result.
Getting data from the 2009-2013 5-year ACS
Fetching data by table type ("B/C", "S", "DP") and combining the result.
Getting data from the 2009-2013 5-year ACS
Fetching data by table type ("B/C", "S", "DP") and combining the result.
Column 29 ['population'] of item 2 appears in position 2 in item 1. Set use.names=TRUE to match by column name, or use.names=FALSE to ignore column names. use.names='check' (default from v1.12.2) emits this message and proceeds as if use.names=FALSE for  backwards compatibility. See news item 5 in v1.12.2 for options to control this message.
Getting data from the 2009-2013 5-year ACS
Fetching data by table type ("B/C", "S", "DP") and combining the result.
Getting data from the 2009-2013 5-year ACS
Fetching data by table type ("B/C", "S", "DP") and combining the result.
Getting data from the 2009-2013 5-year ACS
Fetching data by table type ("B/C", "S", "DP") and combining the result.
Getting data from the 2009-2013 5-year ACS
Fetching data by table type ("B/C", "S", "DP") and combining the result.
Getting data from the 2009-2013 5-year ACS
Fetching data by table type ("B/C", "S", "DP") and combining the result.
Column 29 ['population'] of item 2 appears in position 2 in item 1. Set use.names=TRUE to match by column name, or use.names=FALSE to ignore column names. use.names='check' (default from v1.12.2) emits this message and proceeds as if use.names=FALSE for  backwards compatibility. See news item 5 in v1.12.2 for options to control this message.
Getting data from the 2009-2013 5-year ACS
Fetching data by table type ("B/C", "S", "DP") and combining the result.
Getting data from the 2009-2013 5-year ACS
Fetching data by table type ("B/C", "S", "DP") and combining the result.
Getting data from the 2009-2013 5-year ACS
Fetching data by table type ("B/C", "S", "DP") and combining the result.
Getting data from the 2009-2013 5-year ACS
Fetching data by table type ("B/C", "S", "DP") and combining the result.
Getting data from the 2009-2013 5-year ACS
Fetching data by table type ("B/C", "S", "DP") and combining the result.
Getting data from the 2009-2013 5-year ACS
Fetching data by table type ("B/C", "S", "DP") and combining the result.
Getting data from the 2009-2013 5-year ACS
Fetching data by table type ("B/C", "S", "DP") and combining the result.
[1] "File '../output/acs_cbg_2013.csv' saved successfully."
[1] "Log file generated successfully."
> 
> proc.time()
   user  system elapsed 
 195.09    4.57  363.39 


Execute:  R CMD BATCH --no-save "./acs_cb.R" acs_cb.Rout

R version 4.1.1 (2021-08-10) -- "Kick Things"
Copyright (C) 2021 The R Foundation for Statistical Computing
Platform: x86_64-w64-mingw32/x64 (64-bit)

R is free software and comes with ABSOLUTELY NO WARRANTY.
You are welcome to redistribute it under certain conditions.
Type 'license()' or 'licence()' for distribution details.

  Natural language support but running in an English locale

R is a collaborative project with many contributors.
Type 'contributors()' for more information and
'citation()' on how to cite R or R packages in publications.

Type 'demo()' for some demos, 'help()' for on-line help, or
'help.start()' for an HTML browser interface to help.
Type 'q()' to quit R.

> remove(list = ls())
> 
> library(tidycensus)
> library(tidyverse)
-- Attaching packages --------------------------------------- tidyverse 1.3.1 --
v ggplot2 3.3.5     v purrr   0.3.4
v tibble  3.1.4     v dplyr   1.0.7
v tidyr   1.1.3     v stringr 1.4.0
v readr   2.0.1     v forcats 0.5.1
-- Conflicts ------------------------------------------ tidyverse_conflicts() --
x dplyr::filter() masks stats::filter()
x dplyr::lag()    masks stats::lag()
> 
> source("../../../lib/R/save_data.R")

Please cite as: 

 Hlavac, Marek (2018). stargazer: Well-Formatted Regression and Summary Statistics Tables.
 R package version 5.2.2. https://CRAN.R-project.org/package=stargazer 


Attaching package: 'data.table'

The following objects are masked from 'package:dplyr':

    between, first, last

The following object is masked from 'package:purrr':

    transpose

> 
> # In case the key ceases working see https://www.census.gov/content/dam/Census/library/publications/2020/acs/acs_api_handbook_2020_ch02.pdf
> census_api_key("b04b7f3197f8bf4bdc31956fcfb3f28364ccf6cb")
To install your API key for use in future sessions, run this function with `install = TRUE`.
> 
> main <- function(){
+   pop_vars <- c("H001001", "H002001", "H002002", 
+                 "H006002", "H006003")
+   tenure_vars <- c("H004004")
+   vacancy_vars <- c("H005002", "H005003", "H005004", 
+                     "H005005", "H005006", "H005007",
+                     "H005008")
+ 
+   dt <- data.table()
+   for (st in state.abb) {
+     dt_state <- get_decennial(geography = "block", 
+                               variables = c(pop_vars, tenure_vars, vacancy_vars), 
+                               year = 2010, state = st) %>%
+                 select(-NAME) %>%
+                 rename(block = GEOID)
+ 
+     dt_state <- dt_state %>%
+       pivot_wider(names_from = variable,
+                   values_from = value)
+ 
+     dt_state <- dt_state %>%
+       rename(total_households = H001001,
+              population = H002001,
+              urban_population = H002002,
+              white_hh = H006002,
+              black_hh = H006003,
+              renter_occupied = H004004,
+              for_rent = H005002,
+              rented_not_occ = H005003,
+              for_Sale = H005004,
+              sold_not_occ = H005005,
+              seasonal_use = H005006,
+              for_migrant_wkrs = H005007,
+              other_vacant = H005008)
+ 
+     dt <- rbindlist(list(dt, dt_state))
+   }
+ 
+   save_data(dt, key = "block",
+             filename = "../output/census_cb_2010.csv",
+             logfile  = "../output/data_manifest.log")
+ }
> 
> main()
Getting data from the 2010 decennial Census
Using Census Summary File 1
Getting data from the 2010 decennial Census
Using Census Summary File 1
Getting data from the 2010 decennial Census
Using Census Summary File 1
Getting data from the 2010 decennial Census
Using Census Summary File 1
Getting data from the 2010 decennial Census
Using Census Summary File 1
Getting data from the 2010 decennial Census
Using Census Summary File 1
Getting data from the 2010 decennial Census
Using Census Summary File 1
Getting data from the 2010 decennial Census
Using Census Summary File 1
Getting data from the 2010 decennial Census
Using Census Summary File 1
Getting data from the 2010 decennial Census
Using Census Summary File 1
Getting data from the 2010 decennial Census
Using Census Summary File 1
Getting data from the 2010 decennial Census
Using Census Summary File 1
Getting data from the 2010 decennial Census
Using Census Summary File 1
Getting data from the 2010 decennial Census
Using Census Summary File 1
Getting data from the 2010 decennial Census
Using Census Summary File 1
Getting data from the 2010 decennial Census
Using Census Summary File 1
Getting data from the 2010 decennial Census
Using Census Summary File 1
Getting data from the 2010 decennial Census
Using Census Summary File 1
Getting data from the 2010 decennial Census
Using Census Summary File 1
Getting data from the 2010 decennial Census
Using Census Summary File 1
Getting data from the 2010 decennial Census
Using Census Summary File 1
Getting data from the 2010 decennial Census
Using Census Summary File 1
Getting data from the 2010 decennial Census
Using Census Summary File 1
Getting data from the 2010 decennial Census
Using Census Summary File 1
Getting data from the 2010 decennial Census
Using Census Summary File 1
Getting data from the 2010 decennial Census
Using Census Summary File 1
Getting data from the 2010 decennial Census
Using Census Summary File 1
Getting data from the 2010 decennial Census
Using Census Summary File 1
Getting data from the 2010 decennial Census
Using Census Summary File 1
Getting data from the 2010 decennial Census
Using Census Summary File 1
Getting data from the 2010 decennial Census
Using Census Summary File 1
Getting data from the 2010 decennial Census
Using Census Summary File 1
Getting data from the 2010 decennial Census
Using Census Summary File 1
Getting data from the 2010 decennial Census
Using Census Summary File 1
Getting data from the 2010 decennial Census
Using Census Summary File 1
Getting data from the 2010 decennial Census
Using Census Summary File 1
Getting data from the 2010 decennial Census
Using Census Summary File 1
Getting data from the 2010 decennial Census
Using Census Summary File 1
Getting data from the 2010 decennial Census
Using Census Summary File 1
Getting data from the 2010 decennial Census
Using Census Summary File 1
Getting data from the 2010 decennial Census
Using Census Summary File 1
Getting data from the 2010 decennial Census
Using Census Summary File 1
Getting data from the 2010 decennial Census
Using Census Summary File 1
Getting data from the 2010 decennial Census
Using Census Summary File 1
Getting data from the 2010 decennial Census
Using Census Summary File 1
Getting data from the 2010 decennial Census
Using Census Summary File 1
Getting data from the 2010 decennial Census
Using Census Summary File 1
Getting data from the 2010 decennial Census
Using Census Summary File 1
Getting data from the 2010 decennial Census
Using Census Summary File 1
Getting data from the 2010 decennial Census
Using Census Summary File 1
[1] "File '../output/census_cb_2010.csv' saved successfully."
[1] "Log file generated successfully."
> 
> proc.time()
   user  system elapsed 
1290.10   62.89 1843.76 

 make.py ended: 2022-03-02 18:08:41
