===============================================================================
File: ../../../drive/base_large/county_master/county_master.dta
Key: countyfips
===============================================================================
  3142:14(63250):4279784660:307733350

    Variable |        Obs        Mean    Std. Dev.       Min        Max
-------------+---------------------------------------------------------
  countyfips |          0
n_census_b~s |      3,142    3525.874    4982.553         63     109588
n_blockgro~s |      3,142    69.29822    212.0293          1       6425
    n_tracts |      3,142    23.25143    73.90313          1       2346
    n_places |      3,142    10.73552    11.07083          1        158
-------------+---------------------------------------------------------
  n_counties |      3,142           1           0          1          1
      n_cbsa |      3,142           1           0          1          1
    n_states |      3,142           1           0          1          1
  num_houses |      3,142    41917.48    122785.6         50    3445076
  population |      3,142    98264.02    312946.5         82    9818605
-------------+---------------------------------------------------------
    sh_rural |      3,142    .6354166    .2059673          0          1
sh_rural_w~s |      3,142    .4569591    .2292904          0          1
   statefips |          0
        cbsa |          0




