
 make.py started: 2022-03-14 16:16:11 C:\Users\diegog\Desktop\Diego\min_wage_rent\base\county_master\code 




Execute:  StataMP-64 /e do "./build.do"

  ___  ____  ____  ____  ____ (R)
 /__    /   ____/   /   ____/
___/   /   /___/   /   /___/   15.1   Copyright 1985-2017 StataCorp LLC
  Statistics/Data Analysis            StataCorp
                                      4905 Lakeway Drive
     MP - Parallel Edition            College Station, Texas 77845 USA
                                      800-STATA-PC        http://www.stata.com
                                      979-696-4600        stata@stata.com
                                      979-696-4601 (fax)

Single-user 32-core Stata perpetual license:
       Serial number:  501506205566
         Licensed to:  KU Leuven FEB (CES)
                       KU Leuven

Notes:
      1.  Stata is running in batch mode.
      2.  Unicode is supported; see help unicode_advice.
      3.  More than 2 billion observations are allowed; see help obs_advice.
      4.  Maximum number of variables is set to 5000; see help set_maxvar.


running c:\ado\personal\profile.do ...

. do ./build.do 

. set more off

. clear all

. adopath + ../../../lib/stata/gslab_misc/ado
  [1]  (BASE)      "C:\Program Files\Stata15\ado\base/"
  [2]  (SITE)      "C:\Program Files\Stata15\ado\site/"
  [3]              "."
  [4]  (PERSONAL)  "c:\ado\personal/"
  [5]  (PLUS)      "c:\ado\plus/"
  [6]  (OLDPLACE)  "c:\ado/"
  [7]              "../../../lib/stata/gslab_misc/ado"

. adopath + ../../../lib/stata/min_wage/ado
  [1]  (BASE)      "C:\Program Files\Stata15\ado\base/"
  [2]  (SITE)      "C:\Program Files\Stata15\ado\site/"
  [3]              "."
  [4]  (PERSONAL)  "c:\ado\personal/"
  [5]  (PLUS)      "c:\ado\plus/"
  [6]  (OLDPLACE)  "c:\ado/"
  [7]              "../../../lib/stata/gslab_misc/ado"
  [8]              "../../../lib/stata/min_wage/ado"

. 
. program main
  1.     local instub  "../../../drive/base_large/census_block_master"
  2.     local outstub "../../../drive/base_large/county_master"
  3.     local logfile "../output/data_file_manifest.log"
  4. 
.     use `instub'/census_block_master.dta if !missing(countyfips), clear
  5. 
.     make_baseline_frame, master_geo(countyfips)
  6. 
.     assign_geography, instub(`instub') master_geo(countyfips) geo_to_assign(s
> tatefips)
  7.     assign_geography, instub(`instub') master_geo(countyfips) geo_to_assig
> n(cbsa)
  8. 
.     strcompress
  9.     save_data "`outstub'/county_master.dta",                  ///
>         key(countyfips) log(`logfile') replace
 10.     export delimited "`outstub'/county_master.csv", replace
 11. end

. 
. main
(note: file ../temp/share_rural.dta not found)
file ../temp/share_rural.dta saved
(0 real changes made)
(0 real changes made)
(0 real changes made)
(0 real changes made)
(0 real changes made)
(0 real changes made)

    Result                           # of obs.
    -----------------------------------------
    not matched                             0
    matched                             3,142  
    -----------------------------------------
(0 observations deleted)
(note: file C:\Users\diegog\AppData\Local\Temp\2\ST_11668_000002.tmp not found)
file C:\Users\diegog\AppData\Local\Temp\2\ST_11668_000002.tmp saved

    Result                           # of obs.
    -----------------------------------------
    not matched                             0
    matched                             3,142  
    -----------------------------------------
(0 observations deleted)
(note: file C:\Users\diegog\AppData\Local\Temp\2\ST_11668_000002.tmp not found)
file C:\Users\diegog\AppData\Local\Temp\2\ST_11668_000002.tmp saved

    Result                           # of obs.
    -----------------------------------------
    not matched                             0
    matched                             3,142  
    -----------------------------------------
  Converting str to strL: countyfips statefips cbsa
    strcompress grew data 304% so far, but I'm not done yet!
  variable n_blockgroups was float now int
  variable n_tracts was float now int
  variable n_places was float now int
  variable n_counties was float now byte
  variable n_cbsa was float now byte
  variable n_states was float now byte
  variable num_houses was double now long
  variable population was double now long
  variable countyfips was strL now str5
  variable statefips was strL now str2
  variable cbsa was strL now str5
  (726,703 bytes saved)
       compress shrank data 84%
    strcompress shrank data 36% overall
(data already sorted by countyfips)
  (0 bytes saved)
===============================================================================
File: ../../../drive/base_large/county_master/county_master.dta
Key: countyfips
===============================================================================
  3142:14(63250):4279784660:307733350

    Variable |        Obs        Mean    Std. Dev.       Min        Max
-------------+---------------------------------------------------------
  countyfips |          0
n_census_b~s |      3,142    3525.874    4982.553         63     109588
n_blockgro~s |      3,142    69.29822    212.0293          1       6425
    n_tracts |      3,142    23.25143    73.90313          1       2346
    n_places |      3,142    10.73552    11.07083          1        158
-------------+---------------------------------------------------------
  n_counties |      3,142           1           0          1          1
      n_cbsa |      3,142           1           0          1          1
    n_states |      3,142           1           0          1          1
  num_houses |      3,142    41917.48    122785.6         50    3445076
  population |      3,142    98264.02    312946.5         82    9818605
-------------+---------------------------------------------------------
    sh_rural |      3,142    .6354166    .2059673          0          1
sh_rural_w~s |      3,142    .4569591    .2292904          0          1
   statefips |          0
        cbsa |          0




(note: file ../../../drive/base_large/county_master/county_master.dta not found
> )
file ../../../drive/base_large/county_master/county_master.dta saved
(note: file ../../../drive/base_large/county_master/county_master.csv not found
> )
file ../../../drive/base_large/county_master/county_master.csv saved

. 
end of do-file

 make.py ended: 2022-03-14 16:22:53
