
========================================================================== 
File: ../../../drive/base_large/demographics/acs_tract_2011.csv 
MD5:  4980ed810fd76dbc0b4dd39d88a50bf6 
Key:  tract 
 
 ============================================================================= 
           variable            mean        sd      min    max    N     type    
 ----------------------------------------------------------------------------- 
 1       med_hhld_inc       43,282.170 19,871.990 6,559 162,955 1174  numeric  
 2          n_black         1,053.439  1,079.549    0    6,925  1181  numeric  
 3          n_hhlds         1,550.609   730.783     0    4,757  1181  numeric  
 4   n_hhlds_100to125k_inc    99.431     98.981     0     664   1181  numeric  
 5    n_hhlds_10to15k_inc    110.378     71.551     0     406   1181  numeric  
 6   n_hhlds_125to150k_inc    53.734     66.254     0     594   1181  numeric  
 7   n_hhlds_150to200k_inc    46.580     72.358     0     928   1181  numeric  
 8    n_hhlds_15to20k_inc    103.979     67.343     0     409   1181  numeric  
 9    n_hhlds_20to25k_inc    100.450     68.275     0     450   1181  numeric  
 10   n_hhlds_25to30k_inc     91.088     60.026     0     417   1181  numeric  
 11   n_hhlds_30to35k_inc     88.348     57.611     0     344   1181  numeric  
 12   n_hhlds_35to40k_inc     79.755     56.150     0     357   1181  numeric  
 13   n_hhlds_40to45k_inc     79.472     55.471     0     344   1181  numeric  
 14   n_hhlds_45to50k_inc     66.429     49.681     0     371   1181  numeric  
 15   n_hhlds_50to60k_inc    125.163     82.536     0     533   1181  numeric  
 16   n_hhlds_60to75k_inc    148.026    101.627     0     701   1181  numeric  
 17  n_hhlds_75to100k_inc    166.874    136.996     0    1,071  1181  numeric  
 18  n_hhlds_less_10k_inc    152.577    112.732     0     840   1181  numeric  
 19  n_hhlds_more_200k_inc    38.326     75.108     0     798   1181  numeric  
 20 n_hhlds_owner_occupied  1,096.153   640.786     0    3,954  1181  numeric  
 21 n_hhlds_renter_occupied  454.456    329.938     0    2,121  1181  numeric  
 22         n_male          1,950.007   992.534     0    6,615  1181  numeric  
 23         n_white         2,800.641  2,017.806    0   11,685  1181  numeric  
 24        n_workers        1,689.677   957.659     0    6,818  1181  numeric  
 25  n_workers_10to15k_inc   146.796     93.562     0     648   1181  numeric  
 26  n_workers_15to25k_inc   302.028    177.754     0    1,277  1181  numeric  
 27  n_workers_25to35k_inc   268.611    158.999     0     816   1181  numeric  
 28  n_workers_35to50k_inc   281.490    198.257     0    1,321  1181  numeric  
 29  n_workers_50to65k_inc   186.306    155.760     0    1,240  1181  numeric  
 30  n_workers_65to75k_inc    66.522     69.029     0     530   1181  numeric  
 31 n_workers_less_10k_inc   245.905    156.019     0    1,307  1181  numeric  
 32 n_workers_more_75k_inc   192.018    251.377     0    2,178  1181  numeric  
 33       population        4,019.834  1,954.256    0   12,721  1181  numeric  
 34          tract                                              1181 character 
 ----------------------------------------------------------------------------- 

========================================================================== 
File: ../../../drive/base_large/demographics/census_cb_2010.csv 
MD5:  15fb5df3ccb7ea56f2029d5563442863 
Key:  block 
 
 ===================================================================== 
          variable          mean    sd   min  max      N       type    
 --------------------------------------------------------------------- 
 1          block                                   11071790 character 
 2         n_black         3.489  23.205  0  7,231  11071790  numeric  
 3         n_hhlds         11.869 33.727  0  4,022  11071790  numeric  
 4 n_hhlds_renter_occupied 3.665  19.529  0  2,122  11071790  numeric  
 5      n_hhlds_urban      9.368  32.748  0  4,022  11071790  numeric  
 6         n_male          13.683 41.725  0  16,412 11071790  numeric  
 7         n_white         20.170 53.986  0  11,739 11071790  numeric  
 8       population        27.831 78.488  0  19,352 11071790  numeric  
 9    urban_population     22.458 75.964  0  19,352 11071790  numeric  
 --------------------------------------------------------------------- 
