
========================================================================== 
File: ../temp/mw_avg1318.csv 
MD5:  322bb8e21fdbcf946eebe598906a7807 
Key:  tract_fips 
 
 ====================================================================== 
     variable       mean       sd      min      max       N     type    
 ---------------------------------------------------------------------- 
 1 mw_annual_ft  17,256.320 2,193.712 15,138 30,585.720 72531  numeric  
 2 mw_annual_ft2 34,512.640 4,387.423 30,276 61,171.440 72531  numeric  
 3 mw_annual_pt  8,628.160  1,096.856 7,569  15,292.860 72531  numeric  
 4    mw1318       8.265      1.051   7.250    14.648   72531  numeric  
 5  tract_fips                                          72531 character 
 ---------------------------------------------------------------------- 

========================================================================== 
File: ../../../drive/base_large/output/demographics/zip_mw.csv 
MD5:  445028d2b4ae9cdbb0d975321bd07da0 
Key:  zipcode 
 
 ============================================================================ 
           variable           mean        sd     min    max       N    type   
 ---------------------------------------------------------------------------- 
 1     mww_shblack_all1      0.204      0.251     0      1      31472 numeric 
 2     mww_shblack_all2      0.400      0.320     0      1      31472 numeric 
 3    mww_shrenter_all1       Inf                 0     Inf     39193 numeric 
 4    mww_shrenter_all2      0.491      0.170     0      1      39192 numeric 
 5   mww_shrenter_wmean1     0.448      0.229     0    10.181   39217 numeric 
 6   mww_shrenter_wmean2      Inf                 0     Inf     39193 numeric 
 7     mww_shsub25_all1      0.221      0.236     0      1      37679 numeric 
 8     mww_shsub25_all2      0.467      0.288     0      1      37679 numeric 
 9  mww_sub25_shblack_all1   0.019      0.088     0      1      31472 numeric 
 10 mww_sub25_shblack_all2   0.033      0.116     0      1      31472 numeric 
 11         sh_mww           0.196      0.080     0      1      39221 numeric 
 12      sh_mww_all1         0.133      0.085     0      1      39226 numeric 
 13      sh_mww_all2         0.305      0.133     0      1      39226 numeric 
 14       sh_mww_ft          0.076      0.054     0      1      39216 numeric 
 15       sh_mww_pt          0.397      0.095     0      1      39184 numeric 
 16   sh_mww_renter_all1     0.115      0.085     0      1      39226 numeric 
 17   sh_mww_renter_all2     0.152      0.121     0      1      39226 numeric 
 18  sh_mww_renter_wmean1    0.128      0.090     0      1      39217 numeric 
 19  sh_mww_renter_wmean2    0.127      0.088     0      1      39201 numeric 
 20     sh_mww_wmean1        0.227      0.096     0      1      39226 numeric 
 21     sh_mww_wmean2        0.187      0.087     0      1      39201 numeric 
 22       workers_ft       2,775.227  4,683.613   0  43,626.900 39317 numeric 
 23       workers_pt       1,554.534  2,587.739   0  30,388.980 39317 numeric 
 24        zipcode         49,601.280 27,890.960 501   99,929   39317 numeric 
 ---------------------------------------------------------------------------- 

========================================================================== 
File: ../../../drive/base_large/output/demographics/zip_demo.csv 
MD5:  ca7859c29e33b4851d41603f778b0684 
Key:  zipcode 
 
 ====================================================================================================== 
             variable                mean             sd          min          max          N    type   
 ------------------------------------------------------------------------------------------------------ 
 1        adult_share2010            0.411           0.061         0            1         39285 numeric 
 2        asian_share2010            0.023           0.055         0          0.847       39285 numeric 
 3        black_share2010            0.087           0.162         0            1         39285 numeric 
 4        child_share2010            0.185           0.047         0          0.484       39285 numeric 
 5      college_share20105           0.314           0.155         0            1         39230 numeric 
 6        elder_share2010            0.150           0.057         0          0.856       39285 numeric 
 7      employee_share20105          0.881           0.062       0.370          1         39214 numeric 
 8   hh_couple_child_share2010       0.401           0.097         0            1         39259 numeric 
 9      hh_couple_share2010          0.575           0.124         0            1         39269 numeric 
 10     hi_hhinc_share20105          0.183           0.130         0            1         39203 numeric 
 11       hisp_share2010             0.099           0.166         0            1         39285 numeric 
 12      housing_units2010         3,385.331       5,180.326       0       47,098.100     39317 numeric 
 13     lo_hhinc_share20105          0.469           0.154         0            1         39203 numeric 
 14   med_earn_cleaning_20105     19,326.190      10,625.630     2,499     249,939.500    37638 numeric 
 15   med_earn_foodserv_20105     12,603.530       6,884.613     2,499       250,001      38427 numeric 
 16  med_earn_healthsup_20105     22,141.110      12,063.170     2,499       250,001      35480 numeric 
 17   med_earn_perscare_20105     16,218.100      11,172.230     2,499       250,001      37517 numeric 
 18  med_earn_prodtransp_20105    31,925.400      11,093.390     2,499       250,001      38814 numeric 
 19 med_earn_protectserv_20105    42,614.600      21,870.510     2,499       250,001      35158 numeric 
 20       med_hhinc20105          52,349.760      22,011.120     2,499       250,001      39193 numeric 
 21        med_pinc20105          29,675.320      10,340.670     2,499       127,375      39221 numeric 
 22      mww_shblack_all1            0.204           0.251         0            1         31472 numeric 
 23      mww_shblack_all2            0.400           0.320         0            1         31472 numeric 
 24      mww_shrenter_all1            Inf                          0           Inf        39193 numeric 
 25      mww_shrenter_all2           0.491           0.170         0            1         39192 numeric 
 26     mww_shrenter_wmean1          0.448           0.229         0         10.181       39217 numeric 
 27     mww_shrenter_wmean2           Inf                          0           Inf        39193 numeric 
 28      mww_shsub25_all1            0.221           0.236         0            1         37679 numeric 
 29      mww_shsub25_all2            0.467           0.288         0            1         37679 numeric 
 30   mww_sub25_shblack_all1         0.019           0.088         0            1         31472 numeric 
 31   mww_sub25_shblack_all2         0.033           0.116         0            1         31472 numeric 
 32       natam_share2010            0.001           0.010         0          0.859       39285 numeric 
 33       poor_share20105            0.155           0.104         0            1         39208 numeric 
 34           pop2010              7,930.975      12,718.610       0       112,857.100    39317 numeric 
 35           rel_wgt                0.452           0.343      0.00002         1         39317 numeric 
 36     renthouse_share2010          0.296           0.185         0            1         39208 numeric 
 37           sh_mww                 0.196           0.080         0            1         39221 numeric 
 38         sh_mww_all1              0.133           0.085         0            1         39226 numeric 
 39         sh_mww_all2              0.305           0.133         0            1         39226 numeric 
 40          sh_mww_ft               0.076           0.054         0            1         39216 numeric 
 41          sh_mww_pt               0.397           0.095         0            1         39184 numeric 
 42     sh_mww_renter_all1           0.115           0.085         0            1         39226 numeric 
 43     sh_mww_renter_all2           0.152           0.121         0            1         39226 numeric 
 44    sh_mww_renter_wmean1          0.128           0.090         0            1         39217 numeric 
 45    sh_mww_renter_wmean2          0.127           0.088         0            1         39201 numeric 
 46        sh_mww_wmean1             0.227           0.096         0            1         39226 numeric 
 47        sh_mww_wmean2             0.187           0.087         0            1         39201 numeric 
 48       teen_share2010             0.134           0.076         0          0.999       39285 numeric 
 49      tot_pinc_ft20105       146,931,108.000 272,886,323.000    0    4,596,594,567.000 39317 numeric 
 50        tot_pinc20105        176,978,816.000 322,876,739.000    0    5,326,911,637.000 39317 numeric 
 51       tot_ratio_denom           12.380          39.677         0        1,538.386     39317 numeric 
 52      unemp_share20105            0.089           0.049         0          0.727       39216 numeric 
 53        urb_share2010             0.467           0.434         0            1         39285 numeric 
 54       white_share2010            0.756           0.253         0            1         39285 numeric 
 55   work_county_share20105         0.702           0.191         0            1         39216 numeric 
 56   worker_food_share20105         0.054           0.030         0          0.429       39214 numeric 
 57   worker_foodservice20105       203.789         383.289        0        8,899.103     39317 numeric 
 58         workers_ft             2,775.227       4,683.613       0       43,626.900     39317 numeric 
 59     workers_prsal20105         2,856.370       4,772.255       0       45,457.680     39317 numeric 
 60         workers_pt             1,554.534       2,587.739       0       30,388.980     39317 numeric 
 61        workers20105            3,580.634       5,867.550       0       52,133.850     39317 numeric 
 62 worktravel_10_60_share20105      0.740           0.117         0            1         39215 numeric 
 63  worktravel_10_share20105        0.179           0.119         0            1         39215 numeric 
 64  worktravel_60_share20105        0.080           0.059         0          0.733       39215 numeric 
 65    youngadult_share2010          0.120           0.046         0          0.536       39285 numeric 
 66           zipcode             49,601.280      27,890.960      501        99,929       39317 integer 
 ------------------------------------------------------------------------------------------------------ 

========================================================================== 
File: ../../../drive/base_large/output/demographics/acs_population_zipmonth.csv 
MD5:  c1d36ecc36e1cc237c35ce9aab7148f7 
Key:  zipcode year_month 
 
 ================================================================== 
    variable     mean        sd     min     max        N     type   
 ------------------------------------------------------------------ 
 1  acs_pop   8,087.984  13,078.930  0  116,455.000 4714932 numeric 
 2 year_month                                       4714932  Date   
 3  zipcode   49,598.790 27,878.600 501   99,929    4714932 numeric 
 ------------------------------------------------------------------ 
