
 make.py started: 2021-09-20 15:48:43 C:\Users\diegog\Desktop\Diego\min_wage_rent\base\pennington\code 




Execute:  R CMD BATCH --no-save "./build.R" build.Rout

R version 4.0.3 (2020-10-10) -- "Bunny-Wunnies Freak Out"
Copyright (C) 2020 The R Foundation for Statistical Computing
Platform: x86_64-w64-mingw32/x64 (64-bit)

R is free software and comes with ABSOLUTELY NO WARRANTY.
You are welcome to redistribute it under certain conditions.
Type 'license()' or 'licence()' for distribution details.

  Natural language support but running in an English locale

R is a collaborative project with many contributors.
Type 'contributors()' for more information and
'citation()' on how to cite R or R packages in publications.

Type 'demo()' for some demos, 'help()' for on-line help, or
'help.start()' for an HTML browser interface to help.
Type 'q()' to quit R.

> remove(list = ls())
> source("../../../lib/R/save_data.R")

Please cite as: 

 Hlavac, Marek (2018). stargazer: Well-Formatted Regression and Summary Statistics Tables.
 R package version 5.2.2. https://CRAN.R-project.org/package=stargazer 


Attaching package: 'dplyr'

The following objects are masked from 'package:stats':

    filter, lag

The following objects are masked from 'package:base':

    intersect, setdiff, setequal, union


Attaching package: 'data.table'

The following objects are masked from 'package:dplyr':

    between, first, last

> library(stargazer)
> library(data.table)
> library(tidyverse)
-- Attaching packages --------------------------------------- tidyverse 1.3.0 --
v ggplot2 3.3.2     v purrr   0.3.4
v tibble  3.0.4     v stringr 1.4.0
v tidyr   1.1.2     v forcats 0.5.0
v readr   1.4.0     
-- Conflicts ------------------------------------------ tidyverse_conflicts() --
x data.table::between() masks dplyr::between()
x dplyr::filter()       masks stats::filter()
x data.table::first()   masks dplyr::first()
x dplyr::lag()          masks stats::lag()
x data.table::last()    masks dplyr::last()
x purrr::transpose()    masks data.table::transpose()
> 
> main <- function() {
+   outdir <- "../output/"
+   log_file <- "../output/data_file_manifest.log"
+   
+   data <- fread("../temp/clean_2000_2018/clean_2000_2018.csv") %>%
+     mutate(month = as.numeric(substr(date,5,6)))
+   
+   data_with_sqft <- data %>%
+     filter(is.na(sqft) == 0) %>%
+     select(post_id, year, month, nhood, city, county,
+            price, beds, baths, sqft, room_in_apt)
+   
+   save_data(data_with_sqft, key = c('post_id'),
+             filename = paste0(outdir, 'clean_pennington_bay_area.csv'),
+             logfile = log_file)
+ }
> 
> main()
[1] "File '../output/clean_pennington_bay_area.csv' saved successfully."
[1] "Log file generated successfully."
> 
> proc.time()
   user  system elapsed 
   5.43    1.06   10.37 

 make.py ended: 2021-09-20 15:48:57
