===============================================================================
File: ../../../drive/derived_large/zipcode_year/zipcode_year.dta
Key: zipcode year
===============================================================================
  404880:35(31894):505874617:4131379789

    Variable |        Obs        Mean    Std. Dev.       Min        Max
-------------+---------------------------------------------------------
     zipcode |          0
        year |    404,880      2014.5    2.872285       2010       2019
        zcta |          0
   statefips |          0
jan_actual~w |    404,880    7.911584    1.097897       7.25      16.09
-------------+---------------------------------------------------------
jan_exp_ln~w |    346,030    2.060865    .1187238   1.981001   2.695033
     acs_pop |    387,561    8108.076    13091.88          0   117602.2
jan_ln_med~r |     15,263    .1098755    .4689393  -2.137656   3.075775
   jan_ln_mw |    404,880    2.060164     .122867   1.981001   2.778198
num_hhlds_~s |    245,268    5083.394    6756.117    65.0005      54510
-------------+---------------------------------------------------------
     pop_irs |    245,268    9973.123    13388.05         50     135791
     num_dep |    245,268    3310.949     4872.91          0      76663
adj_gross_~c |    245,268    339625.4    589842.3        886   1.43e+07
num_wage_h~s |    245,268    4247.358    5717.366          0      47770
  total_wage |    245,268    234000.1    375270.6          0    6397154
-------------+---------------------------------------------------------
 num_ret_int |    245,268    1588.707    2264.661          0      40967
   total_int |    245,268    3265.045    12390.28          0     771404
 num_ret_div |    245,268      946.08    1514.871          0      19780
   total_div |    245,268    7499.055    30268.35          0    3301775
num_bus_hh~s |    245,268    822.9968    1215.169          0      17580
-------------+---------------------------------------------------------
     tot_bus |    245,268    11164.45    21016.35     -52896     519010
num_farm_h~s |    245,268    58.07399    82.60997          0       1427
agi_per_hhld |    245,268    30.61708    26.21655   4.853348   2526.183
 agi_per_cap |    245,268    59.40863    45.93926   5.001689   3886.435
wage_per_w~d |    245,266    48.61534    26.06479        6.8   1006.877
-------------+---------------------------------------------------------
wage_per_h~d |    245,268     39.6606    19.98499          0   645.2743
wage_per_cap |    245,268    20.27891    10.89516          0    375.538
bussines_r~r |    235,353     10.8905    8.302307  -49.59998   515.2208
share_wage~s |    245,268    .8195314    .0634088          0   1.007092
share_buss~s |    245,268    .1533955    .0551976          0   .7058824
-------------+---------------------------------------------------------
share_farm~s |    245,268    .0479315    .0749194          0   .7857143
ln_agi_per~p |    245,268    3.975177     .405087   1.609776   8.265247
ln_wage_pe~p |    245,266    2.923852    .3819363   .5477813    5.92836
ln_wage_pe~d |    245,266    3.806917    .3546019   1.916923   6.914609
ln_bussine~r |    233,810    2.194412    .6668872  -13.18063   6.244596




