===============================================================================
File: ../../../drive/base_large/tract_master/tract_master.dta
Key: tract
===============================================================================
  72814:19(111075):2590050200:2821933798

    Variable |        Obs        Mean    Std. Dev.       Min        Max
-------------+---------------------------------------------------------
       tract |          0
n_census_b~s |     72,814    151.7993    199.2027          1       3449
n_blockgro~s |     72,814    2.979125    1.191994          1          9
    n_tracts |     72,814           1           0          1          1
    n_places |     72,814    1.801755    1.163335          1         27
-------------+---------------------------------------------------------
  n_counties |     72,814           1           0          1          1
      n_cbsa |     72,814           1           0          1          1
    n_states |     72,814           1           0          1          1
  num_houses |     72,814    1802.419    837.3254          0      21535
  population |     72,814    4225.739    1983.125          0      37452
-------------+---------------------------------------------------------
    sh_rural |     72,814    .2827158     .374633          0          1
share_rura~s |     72,210    .2480667    .3651788          0          1
     zipcode |          0
  place_code |          0
  place_name |          0
-------------+---------------------------------------------------------
  countyfips |          0
countyfips~e |          0
   statefips |          0
        cbsa |          0




