
 make.py started: 2022-03-04 08:02:42 C:\Users\diegog\Desktop\Diego\min_wage_rent\base\tract_master\code 




Execute:  StataMP-64 /e do "./build.do"

  ___  ____  ____  ____  ____ (R)
 /__    /   ____/   /   ____/
___/   /   /___/   /   /___/   15.1   Copyright 1985-2017 StataCorp LLC
  Statistics/Data Analysis            StataCorp
                                      4905 Lakeway Drive
     MP - Parallel Edition            College Station, Texas 77845 USA
                                      800-STATA-PC        http://www.stata.com
                                      979-696-4600        stata@stata.com
                                      979-696-4601 (fax)

Single-user 32-core Stata perpetual license:
       Serial number:  501506205566
         Licensed to:  KU Leuven FEB (CES)
                       KU Leuven

Notes:
      1.  Stata is running in batch mode.
      2.  Unicode is supported; see help unicode_advice.
      3.  More than 2 billion observations are allowed; see help obs_advice.
      4.  Maximum number of variables is set to 5000; see help set_maxvar.


running c:\ado\personal\profile.do ...

. do ./build.do 

. set more off

. clear all

. adopath + ../../../lib/stata/gslab_misc/ado
  [1]  (BASE)      "C:\Program Files\Stata15\ado\base/"
  [2]  (SITE)      "C:\Program Files\Stata15\ado\site/"
  [3]              "."
  [4]  (PERSONAL)  "c:\ado\personal/"
  [5]  (PLUS)      "c:\ado\plus/"
  [6]  (OLDPLACE)  "c:\ado/"
  [7]              "../../../lib/stata/gslab_misc/ado"

. adopath + ../../../lib/stata/min_wage/ado
  [1]  (BASE)      "C:\Program Files\Stata15\ado\base/"
  [2]  (SITE)      "C:\Program Files\Stata15\ado\site/"
  [3]              "."
  [4]  (PERSONAL)  "c:\ado\personal/"
  [5]  (PLUS)      "c:\ado\plus/"
  [6]  (OLDPLACE)  "c:\ado/"
  [7]              "../../../lib/stata/gslab_misc/ado"
  [8]              "../../../lib/stata/min_wage/ado"

. 
. program main
  1.     local instub  "../../../drive/base_large/census_block_master"
  2.     local outstub "../../../drive/base_large/tract_master"
  3.     local logfile "../output/data_file_manifest.log"
  4. 
.     use `instub'/census_block_master.dta if !missing(tract), clear
  5. 
.     make_baseline_frame, master_geo(tract)
  6. 
.     assign_geography, instub(`instub') master_geo(tract) geo_to_assign(zipcod
> e)
  7.     assign_geography, instub(`instub') master_geo(tract) geo_to_assign(pla
> ce_code)
  8.     assign_geography, instub(`instub') master_geo(tract) geo_to_assign(pla
> ce_name)
  9.     assign_geography, instub(`instub') master_geo(tract) geo_to_assign(cou
> ntyfips)
 10.     assign_geography, instub(`instub') master_geo(tract) geo_to_assign(cou
> ntyfips_name)
 11.     assign_geography, instub(`instub') master_geo(tract) geo_to_assign(sta
> tefips)
 12.     assign_geography, instub(`instub') master_geo(tract) geo_to_assign(cbs
> a)
 13. 
.     strcompress
 14.     save_data "`outstub'/tract_master.dta",                  ///
>         key(tract) log(`logfile') replace
 15.     export delimited "`outstub'/tract_master.csv", replace
 16. end

. 
. main
(note: file ../temp/share_rural.dta not found)
file ../temp/share_rural.dta saved
(0 real changes made)
(0 real changes made)
(0 real changes made)
(0 real changes made)
(0 real changes made)
(0 real changes made)

    Result                           # of obs.
    -----------------------------------------
    not matched                           604
        from master                       604  
        from using                          0  

    matched                            72,210  
    -----------------------------------------
(90,985 observations deleted)
(note: file C:\Users\diegog\AppData\Local\Temp\2\ST_7d14_000002.tmp not found)
file C:\Users\diegog\AppData\Local\Temp\2\ST_7d14_000002.tmp saved

    Result                           # of obs.
    -----------------------------------------
    not matched                             0
    matched                            72,814  
    -----------------------------------------
(58,379 observations deleted)
(note: file C:\Users\diegog\AppData\Local\Temp\2\ST_7d14_000002.tmp not found)
file C:\Users\diegog\AppData\Local\Temp\2\ST_7d14_000002.tmp saved

    Result                           # of obs.
    -----------------------------------------
    not matched                             0
    matched                            72,814  
    -----------------------------------------
(58,379 observations deleted)
(note: file C:\Users\diegog\AppData\Local\Temp\2\ST_7d14_000002.tmp not found)
file C:\Users\diegog\AppData\Local\Temp\2\ST_7d14_000002.tmp saved

    Result                           # of obs.
    -----------------------------------------
    not matched                             0
    matched                            72,814  
    -----------------------------------------
(0 observations deleted)
(note: file C:\Users\diegog\AppData\Local\Temp\2\ST_7d14_000002.tmp not found)
file C:\Users\diegog\AppData\Local\Temp\2\ST_7d14_000002.tmp saved

    Result                           # of obs.
    -----------------------------------------
    not matched                             0
    matched                            72,814  
    -----------------------------------------
(0 observations deleted)
(note: file C:\Users\diegog\AppData\Local\Temp\2\ST_7d14_000002.tmp not found)
file C:\Users\diegog\AppData\Local\Temp\2\ST_7d14_000002.tmp saved

    Result                           # of obs.
    -----------------------------------------
    not matched                             0
    matched                            72,814  
    -----------------------------------------
(0 observations deleted)
(note: file C:\Users\diegog\AppData\Local\Temp\2\ST_7d14_000002.tmp not found)
file C:\Users\diegog\AppData\Local\Temp\2\ST_7d14_000002.tmp saved

    Result                           # of obs.
    -----------------------------------------
    not matched                             0
    matched                            72,814  
    -----------------------------------------
(0 observations deleted)
(note: file C:\Users\diegog\AppData\Local\Temp\2\ST_7d14_000002.tmp not found)
file C:\Users\diegog\AppData\Local\Temp\2\ST_7d14_000002.tmp saved

    Result                           # of obs.
    -----------------------------------------
    not matched                             0
    matched                            72,814  
    -----------------------------------------
  Converting str to strL: tract zipcode place_code place_name countyfips county
> fips_name statefips cbsa
    strcompress grew data 140% so far, but I'm not done yet!
  variable n_census_blocks was float now int
  variable n_blockgroups was float now byte
  variable n_tracts was float now byte
  variable n_places was float now byte
  variable n_counties was float now byte
  variable n_cbsa was float now byte
  variable n_states was float now byte
  variable num_houses was double now int
  variable population was double now long
  variable tract was strL now str11
  variable zipcode was strL now str5
  variable place_code was strL now str7
  place_name is strL now coalesced
  variable countyfips was strL now str5
  variable statefips was strL now str2
  variable cbsa was strL now str5
  (27,889,017 bytes saved)
       compress shrank data 71%
    strcompress shrank data 30% overall
(data already sorted by tract)
  (0 bytes saved)
===============================================================================
File: ../../../drive/base_large/tract_master/tract_master.dta
Key: tract
===============================================================================
  72814:19(111075):2590050200:2821933798

    Variable |        Obs        Mean    Std. Dev.       Min        Max
-------------+---------------------------------------------------------
       tract |          0
n_census_b~s |     72,814    151.7993    199.2027          1       3449
n_blockgro~s |     72,814    2.979125    1.191994          1          9
    n_tracts |     72,814           1           0          1          1
    n_places |     72,814    1.801755    1.163335          1         27
-------------+---------------------------------------------------------
  n_counties |     72,814           1           0          1          1
      n_cbsa |     72,814           1           0          1          1
    n_states |     72,814           1           0          1          1
  num_houses |     72,814    1802.419    837.3254          0      21535
  population |     72,814    4225.739    1983.125          0      37452
-------------+---------------------------------------------------------
    sh_rural |     72,814    .2827158     .374633          0          1
share_rura~s |     72,210    .2480667    .3651788          0          1
     zipcode |          0
  place_code |          0
  place_name |          0
-------------+---------------------------------------------------------
  countyfips |          0
countyfips~e |          0
   statefips |          0
        cbsa |          0




(note: file ../../../drive/base_large/tract_master/tract_master.dta not found)
file ../../../drive/base_large/tract_master/tract_master.dta saved
(note: file ../../../drive/base_large/tract_master/tract_master.csv not found)
file ../../../drive/base_large/tract_master/tract_master.csv saved

. 
end of do-file

 make.py ended: 2022-03-04 08:10:13
