
========================================================================== 
File: ../../../drive/derived_large/min_wage_measures/countyfips_mw_res.dta 
MD5:  c10c558d3fcf5348393145e4ad786b6f 
Key:  countyfips year month 
 
 ============================================================ 
     variable     mean     sd    min   max     N      type    
 ------------------------------------------------------------ 
 1  countyfips                               377040 character 
 2    month       6.500   3.452   1     12   377040  integer  
 3    mw_res      2.034   0.097 1.981 2.747  377040  numeric  
 4 statutory_mw   7.681   0.836 7.250 15.590 377040  numeric  
 5     year     2,014.500 2.872 2,010 2,019  377040  integer  
 ------------------------------------------------------------ 

========================================================================== 
File: ../../../drive/derived_large/min_wage_measures/countyfips_mw_wkp_2017.dta 
MD5:  d23df8ffda1a7c246d0e299628f78229 
Key:  countyfips year month 
 
 ===================================================================== 
          variable          mean     sd    min   max    N      type    
 --------------------------------------------------------------------- 
 1       countyfips                                   376800 character 
 2          month           6.500   3.452   1    12   376800  numeric  
 3    mw_wkp_age_30to54     2.035   0.095 1.981 2.677 376800  numeric  
 4   mw_wkp_age_above55     2.035   0.095 1.981 2.677 376800  numeric  
 5   mw_wkp_age_under29     2.035   0.094 1.981 2.675 376800  numeric  
 6  mw_wkp_earn_1250_3333   2.035   0.094 1.981 2.672 376800  numeric  
 7  mw_wkp_earn_above3333   2.036   0.095 1.981 2.679 376800  numeric  
 8  mw_wkp_earn_under1250   2.035   0.094 1.981 2.678 376800  numeric  
 9    mw_wkp_goods_prod     2.035   0.093 1.981 2.642 376800  numeric  
 10 mw_wkp_other_serv_ind   2.035   0.095 1.981 2.685 376800  numeric  
 11      mw_wkp_tot         2.035   0.095 1.981 2.676 376800  numeric  
 12 mw_wkp_trad_tran_util   2.035   0.094 1.981 2.662 376800  numeric  
 13         year          2,014.500 2.872 2,010 2,019 376800  numeric  
 --------------------------------------------------------------------- 

========================================================================== 
File: ../../../drive/derived_large/min_wage_measures/zipcode_mw_res.dta 
MD5:  d137ce7db5250819d04e0f9e7b15a28b 
Key:  zipcode year month 
 
 ============================================================ 
     variable     mean     sd    min   max     N      type    
 ------------------------------------------------------------ 
 1    month       6.500   3.452   1    12   3819120  integer  
 2    mw_res      2.060   0.122 1.981 2.773 3788880  numeric  
 3 statutory_mw   7.909   1.086 7.250  16   3788880  numeric  
 4     year     2,014.500 2.872 2,010 2,019 3819120  integer  
 5   zipcode                                3819120 character 
 ------------------------------------------------------------ 

========================================================================== 
File: ../../../drive/derived_large/min_wage_measures/zipcode_mw_wkp_2017.dta 
MD5:  14f9fcf5b0a6f28f5a08568d580923b3 
Key:  zipcode year month 
 
 ====================================================================== 
          variable          mean     sd    min   max     N      type    
 ---------------------------------------------------------------------- 
 1          month           6.500   3.452   1    12   3780840  numeric  
 2    mw_wkp_age_30to54     2.062   0.120 1.981 2.700 3777360  numeric  
 3   mw_wkp_age_above55     2.062   0.120 1.981 2.698 3771120  numeric  
 4   mw_wkp_age_under29     2.062   0.119 1.981 2.747 3767280  numeric  
 5  mw_wkp_earn_1250_3333   2.062   0.119 1.981 2.697 3774480  numeric  
 6  mw_wkp_earn_above3333   2.063   0.121 1.981 2.708 3774000  numeric  
 7  mw_wkp_earn_under1250   2.061   0.119 1.981 2.706 3770640  numeric  
 8    mw_wkp_goods_prod     2.061   0.118 1.981 2.720 3761760  numeric  
 9  mw_wkp_other_serv_ind   2.063   0.121 1.981 2.703 3778080  numeric  
 10      mw_wkp_tot         2.062   0.120 1.981 2.695 3780840  numeric  
 11 mw_wkp_trad_tran_util   2.062   0.119 1.981 2.734 3765960  numeric  
 12         year          2,014.500 2.872 2,010 2,019 3780840  numeric  
 13        zipcode                                    3780840 character 
 ---------------------------------------------------------------------- 
