
========================================================================== 
File: ../../../drive/derived_large/min_wage_measures/zipcode_wkp_mw_cfs.dta 
MD5:  918749510aa4e94eed1c46e2199d5b29 
Key:  zipcode year month counterfactual 
 
 ===================================================================== 
          variable          mean     sd    min   max    N      type    
 --------------------------------------------------------------------- 
 1     counterfactual                                 189666 character 
 2          month           6.500   5.500   1    12   189666  numeric  
 3    mw_wkp_age_30to54     2.279   0.260   0   2.767 189666  numeric  
 4   mw_wkp_age_above55     2.274   0.275   0   2.761 189666  numeric  
 5   mw_wkp_age_under29     2.273   0.284   0   2.797 189666  numeric  
 6  mw_wkp_earn_1250_3333   2.276   0.270   0   2.797 189666  numeric  
 7  mw_wkp_earn_above3333   2.277   0.267   0   2.768 189666  numeric  
 8  mw_wkp_earn_under1250   2.274   0.279   0   2.762 189666  numeric  
 9    mw_wkp_goods_prod     2.269   0.301   0   2.752 189666  numeric  
 10 mw_wkp_other_serv_ind   2.280   0.258   0   2.797 189666  numeric  
 11      mw_wkp_tot         2.281   0.252 1.328 2.766 189666  numeric  
 12 mw_wkp_trad_tran_util   2.271   0.288   0   2.772 189666  numeric  
 13         year          2,019.500 0.500 2,019 2,020 189666  numeric  
 14      year_month                                   189666  yearmon  
 15        zipcode                                    189666 character 
 --------------------------------------------------------------------- 
