===============================================================================
File: ../../../drive/base_large/zipcode_master/zipcode_master.dta
Key: zipcode
===============================================================================
  31826:17(87006):2519389060:939052328

    Variable |        Obs        Mean    Std. Dev.       Min        Max
-------------+---------------------------------------------------------
     zipcode |          0
n_census_b~s |     31,826    347.5485    355.6261          1       9067
n_blockgro~s |     31,826    10.53764    11.06662          1        101
    n_tracts |     31,826    5.120656    4.595078          1         47
    n_places |     31,826    2.566864       1.694          1         81
-------------+---------------------------------------------------------
  n_counties |     31,826    1.451643     .701879          1          7
      n_cbsa |     31,826    1.248288    .5038121          1          5
    n_states |     31,826    1.016119    .1259348          1          2
  num_houses |     31,826    4137.897    5588.921          0      48073
  population |     31,826    9700.601    13766.08          0     115182
-------------+---------------------------------------------------------
    sh_rural |     31,826    .5668876    .3567429          0          1
sh_rural_w~s |     31,574    .4790736     .363997          0          1
       tract |          0
  place_code |          0
  countyfips |          0
-------------+---------------------------------------------------------
   statefips |          0
        cbsa |          0




