
 make.py started: 2021-10-02 11:07:49 C:\Users\diegog\Desktop\Diego\min_wage_rent\analysis\fd_baseline\code 




Execute:  StataMP-64 /e do "./estimates.do"

  ___  ____  ____  ____  ____ (R)
 /__    /   ____/   /   ____/
___/   /   /___/   /   /___/   15.1   Copyright 1985-2017 StataCorp LLC
  Statistics/Data Analysis            StataCorp
                                      4905 Lakeway Drive
     MP - Parallel Edition            College Station, Texas 77845 USA
                                      800-STATA-PC        http://www.stata.com
                                      979-696-4600        stata@stata.com
                                      979-696-4601 (fax)

Single-user 32-core Stata perpetual license:
       Serial number:  501506205566
         Licensed to:  KU Leuven FEB (CES)
                       KU Leuven

Notes:
      1.  Stata is running in batch mode.
      2.  Unicode is supported; see help unicode_advice.
      3.  More than 2 billion observations are allowed; see help obs_advice.
      4.  Maximum number of variables is set to 5000; see help set_maxvar.

. do ./estimates.do 

. clear all

. set more off

. adopath + ../../../lib/stata/gslab_misc/ado
  [1]  (BASE)      "C:\Program Files\Stata15\ado\base/"
  [2]  (SITE)      "C:\Program Files\Stata15\ado\site/"
  [3]              "."
  [4]  (PERSONAL)  "c:\ado\personal/"
  [5]  (PLUS)      "c:\ado\plus/"
  [6]  (OLDPLACE)  "c:\ado/"
  [7]              "../../../lib/stata/gslab_misc/ado"

. adopath + ../../../lib/stata/min_wage/ado
  [1]  (BASE)      "C:\Program Files\Stata15\ado\base/"
  [2]  (SITE)      "C:\Program Files\Stata15\ado\site/"
  [3]              "."
  [4]  (PERSONAL)  "c:\ado\personal/"
  [5]  (PLUS)      "c:\ado\plus/"
  [6]  (OLDPLACE)  "c:\ado/"
  [7]              "../../../lib/stata/gslab_misc/ado"
  [8]              "../../../lib/stata/min_wage/ado"

. set maxvar 32000 


. 
. program main
  1.         local instub "../../../drive/derived_large/estimation_samples"
  2.         local outstub "../output"
  3.         
.         define_controls
  4.         local controls "`r(economic_controls)'"
  5.         local cluster "statefips"
  6.         
.         local exp_ln_mw_var "exp_ln_mw_17"
  7.         
.         ** STATIC
.         use "`instub'/baseline_zipcode_months.dta", clear
  8.         xtset zipcode_num year_month
  9. 
.         estimate_dist_lag_model if !missing(D.ln_med_rent_var), depvar(`exp_l
> n_mw_var') ///
>                 dyn_var(ln_mw) w(0) stat_var(ln_mw) ///
>                 controls(`controls') absorb(year_month) cluster(`cluster') //
> /
>                 model_name(exp_mw_on_mw) outfolder("../temp")
 10. 
.         estimate_dist_lag_model, depvar(ln_med_rent_var) ///
>                 dyn_var(ln_mw) w(0) stat_var(ln_mw) ///
>                 controls(`controls') absorb(year_month) cluster(`cluster') //
> /
>                 model_name(static_statutory) outfolder("../temp")
 11. 
.         estimate_dist_lag_model, depvar(ln_med_rent_var) ///
>                 dyn_var(`exp_ln_mw_var') w(0) stat_var(`exp_ln_mw_var') ///
>                 controls(`controls') absorb(year_month) cluster(`cluster') //
> /
>                 model_name(static_experienced) outfolder("../temp")
 12. 
.         estimate_dist_lag_model, depvar(ln_med_rent_var) ///
>                 dyn_var(`exp_ln_mw_var') w(0) stat_var(ln_mw) ///
>                 controls(`controls') absorb(year_month) cluster(`cluster') //
> /
>                 model_name(static_both) test_equality outfolder("../temp")
 13.         
.         use ../temp/estimates_exp_mw_on_mw.dta, clear
 14.         gen p_equality = .
 15.         foreach ff in static_statutory static_experienced static_both {
 16.                 append using ../temp/estimates_`ff'.dta
 17.         }
 18.         save             `outstub'/estimates_static.dta, replace
 19.         export delimited `outstub'/estimates_static.csv, replace
 20.         
.         ** DYNAMIC
.         use "`instub'/baseline_zipcode_months.dta", clear
 21.         xtset zipcode_num year_month
 22. 
.     estimate_dist_lag_model, depvar(ln_med_rent_var) ///
>             dyn_var(`exp_ln_mw_var') w(6) stat_var(ln_mw) ///
>                 controls(`controls') absorb(year_month) cluster(`cluster') //
> /
>                 model_name(baseline_`exp_ln_mw_var'_dynamic) outfolder("../te
> mp")
 23.                 
.     estimate_dist_lag_model, depvar(ln_med_rent_var) ///
>             dyn_var(ln_mw) w(6) stat_var(`exp_ln_mw_var') ///
>                 controls(`controls') absorb(year_month) cluster(`cluster') //
> /
>                 model_name(both_ln_mw_dynamic) outfolder("../temp")
 24.                 
.     estimate_dist_lag_model, depvar(ln_med_rent_var) ///
>             dyn_var(`exp_ln_mw_var') w(6) stat_var(`exp_ln_mw_var') ///
>                 controls(`controls') absorb(year_month) cluster(`cluster') //
> /
>                 model_name(`exp_ln_mw_var'_only_dynamic) outfolder("../temp")
 25.                 
.     estimate_dist_lag_model, depvar(ln_med_rent_var) ///
>             dyn_var(ln_mw) w(6) stat_var(ln_mw) ///
>                 controls(`controls') absorb(year_month) cluster(`cluster') //
> /
>                 model_name(ln_mw_only_dynamic) outfolder("../temp")
 26.                 
.         use ../temp/estimates_baseline_`exp_ln_mw_var'_dynamic.dta, clear
 27.         foreach ff in both_ln_mw_dynamic `exp_ln_mw_var'_only_dynamic ln_m
> w_only_dynamic {
 28.                 append using ../temp/estimates_`ff'.dta
 29.         }
 30.         save             `outstub'/estimates_dynamic.dta, replace
 31.         export delimited `outstub'/estimates_dynamic.csv, replace
 32. end

. 
. main
       panel variable:  zipcode_num (strongly balanced)
        time variable:  year_month, 2010m1 to 2019m12
                delta:  1 month
(MWFE estimator converged in 1 iterations)
note: D.ln_mw omitted because of collinearity

HDFE Linear regression                            Number of obs   =    131,333
Absorbing 1 HDFE group                            F(  10,     40) =     269.23
Statistics robust to heteroskedasticity           Prob > F        =     0.0000
                                                  R-squared       =     0.9449
                                                  Adj R-squared   =     0.9449
                                                  Within R-sq.    =     0.9307
Number of clusters (statefips) =         41       Root MSE        =     0.0028

                             (Std. Err. adjusted for 41 clusters in statefips)
------------------------------------------------------------------------------
D.           |               Robust
exp_ln_mw_17 |      Coef.   Std. Err.      t    P>|t|     [95% Conf. Interval]
-------------+----------------------------------------------------------------
       ln_mw |
         D1. |   .8684038   .0297604    29.18   0.000     .8082558    .9285518
         D1. |          0  (omitted)
             |
ln_emp_biz~v |
         D1. |  -.0009274   .0012247    -0.76   0.453    -.0034026    .0015477
             |
 ln_emp_info |
         D1. |    .000512    .000558     0.92   0.364    -.0006158    .0016397
             |
  ln_emp_fin |
         D1. |   -.002571    .002733    -0.94   0.352    -.0080946    .0029526
             |
ln_estcoun~v |
         D1. |  -.0088185   .0080565    -1.09   0.280    -.0251014    .0074644
             |
ln_estcoun~o |
         D1. |   .0011903   .0012294     0.97   0.339    -.0012945     .003675
             |
ln_estcoun~n |
         D1. |   .0060312    .005046     1.20   0.239     -.004167    .0162295
             |
ln_avgwwag~v |
         D1. |  -.0014205   .0012278    -1.16   0.254    -.0039019    .0010609
             |
ln_avgwwag~o |
         D1. |  -.0007004   .0006819    -1.03   0.311    -.0020785    .0006778
             |
ln_avgwwag~n |
         D1. |   .0012007   .0009771     1.23   0.226     -.000774    .0031754
------------------------------------------------------------------------------

Absorbed degrees of freedom:
-----------------------------------------------------+
 Absorbed FE | Categories  - Redundant  = Num. Coefs |
-------------+---------------------------------------|
  year_month |       118           0         118     |
-----------------------------------------------------+
(note: file ../temp/estimates.dta not found)
file ../temp/estimates.dta saved

Generated variables:
              storage   display    value
variable name   type    format     label      variable label
-------------------------------------------------------------------------------
__by            byte    %9.0g      __by       subgraph ID
__plot          byte    %9.0g      __plot     plot ID
__at            byte    %9.0g                 plot position (category axis)
__mlbl          str1    %9s                   marker label
__mlpos         byte    %9.0g                 marker label position
__b             float   %9.0g                 coefficient
__V             float   %9.0g                 variance
__se            float   %9.0g                 standard error
__t             float   %9.0g                 t or z statistic
__df            byte    %9.0g                 degrees of freedom
__pval          float   %9.0g                 p-value
__ll1           float   %9.0g                 CI1: lower limit
__ul1           float   %9.0g                 CI1: upper limit
(161,398 observations deleted)
(0 observations deleted)
(1 missing value generated)
(1 real change made)
(2 real changes made)
(1 real change made)
(note: file ../temp/estimates_exp_mw_on_mw.dta not found)
file ../temp/estimates_exp_mw_on_mw.dta saved

 ( 1)  D.ln_mw = 0

------------------------------------------------------------------------------
D.           |
exp_ln_mw_17 |      Coef.   Std. Err.      t    P>|t|     [95% Conf. Interval]
-------------+----------------------------------------------------------------
         (1) |   .8684038   .0297604    29.18   0.000     .8082558    .9285518
------------------------------------------------------------------------------
number of observations will be reset to 1
Press any key to continue, or Break to abort
number of observations (_N) was 0, now 1
(note: file ../temp/estimates_exp_mw_on_mw_sumsum_from0.dta not found)
file ../temp/estimates_exp_mw_on_mw_sumsum_from0.dta saved
(note: variable at was byte, now float to accommodate using data's values)
(note: variable var was str5, now str12 to accommodate using data's values)
(1 observation deleted)
file ../temp/estimates_exp_mw_on_mw.dta saved
(note: file ../temp/estimates_exp_mw_on_mw.csv not found)
file ../temp/estimates_exp_mw_on_mw.csv saved
(MWFE estimator converged in 1 iterations)
note: D.ln_mw omitted because of collinearity

HDFE Linear regression                            Number of obs   =    131,333
Absorbing 1 HDFE group                            F(  10,     40) =       4.50
Statistics robust to heteroskedasticity           Prob > F        =     0.0003
                                                  R-squared       =     0.0209
                                                  Adj R-squared   =     0.0199
                                                  Within R-sq.    =     0.0002
Number of clusters (statefips) =         41       Root MSE        =     0.0290

                             (Std. Err. adjusted for 41 clusters in statefips)
------------------------------------------------------------------------------
D.           |               Robust
ln_med_ren~r |      Coef.   Std. Err.      t    P>|t|     [95% Conf. Interval]
-------------+----------------------------------------------------------------
       ln_mw |
         D1. |   .0259449   .0137085     1.89   0.066     -.001761    .0536508
         D1. |          0  (omitted)
             |
ln_emp_biz~v |
         D1. |   .0084299   .0047007     1.79   0.080    -.0010705    .0179304
             |
 ln_emp_info |
         D1. |   .0004237   .0038318     0.11   0.913    -.0073206     .008168
             |
  ln_emp_fin |
         D1. |   .0102507   .0055805     1.84   0.074    -.0010279    .0215293
             |
ln_estcoun~v |
         D1. |   .0014284   .0147556     0.10   0.923    -.0283937    .0312506
             |
ln_estcoun~o |
         D1. |   .0006128   .0053039     0.12   0.909    -.0101068    .0113324
             |
ln_estcoun~n |
         D1. |   .0064081   .0067497     0.95   0.348    -.0072336    .0200498
             |
ln_avgwwag~v |
         D1. |   .0027236   .0029205     0.93   0.357     -.003179    .0086262
             |
ln_avgwwag~o |
         D1. |   3.89e-07   .0016541     0.00   1.000    -.0033427    .0033435
             |
ln_avgwwag~n |
         D1. |  -.0024476   .0011123    -2.20   0.034    -.0046956   -.0001997
------------------------------------------------------------------------------

Absorbed degrees of freedom:
-----------------------------------------------------+
 Absorbed FE | Categories  - Redundant  = Num. Coefs |
-------------+---------------------------------------|
  year_month |       118           0         118     |
-----------------------------------------------------+
file ../temp/estimates.dta saved

Generated variables:
              storage   display    value
variable name   type    format     label      variable label
-------------------------------------------------------------------------------
__by            byte    %9.0g      __by       subgraph ID
__plot          byte    %9.0g      __plot     plot ID
__at            byte    %9.0g                 plot position (category axis)
__mlbl          str1    %9s                   marker label
__mlpos         byte    %9.0g                 marker label position
__b             float   %9.0g                 coefficient
__V             float   %9.0g                 variance
__se            float   %9.0g                 standard error
__t             float   %9.0g                 t or z statistic
__df            byte    %9.0g                 degrees of freedom
__pval          float   %9.0g                 p-value
__ll1           float   %9.0g                 CI1: lower limit
__ul1           float   %9.0g                 CI1: upper limit
(161,398 observations deleted)
(0 observations deleted)
(1 missing value generated)
(1 real change made)
(2 real changes made)
(1 real change made)
(note: file ../temp/estimates_static_statutory.dta not found)
file ../temp/estimates_static_statutory.dta saved

 ( 1)  D.ln_mw = 0

------------------------------------------------------------------------------
D.           |
ln_med_ren~r |      Coef.   Std. Err.      t    P>|t|     [95% Conf. Interval]
-------------+----------------------------------------------------------------
         (1) |   .0259449   .0137085     1.89   0.066     -.001761    .0536508
------------------------------------------------------------------------------
number of observations will be reset to 1
Press any key to continue, or Break to abort
number of observations (_N) was 0, now 1
(note: file ../temp/estimates_static_statutory_sumsum_from0.dta not found)
file ../temp/estimates_static_statutory_sumsum_from0.dta saved
(note: variable at was byte, now float to accommodate using data's values)
(note: variable var was str5, now str12 to accommodate using data's values)
(1 observation deleted)
file ../temp/estimates_static_statutory.dta saved
(note: file ../temp/estimates_static_statutory.csv not found)
file ../temp/estimates_static_statutory.csv saved
(MWFE estimator converged in 1 iterations)
note: D.exp_ln_mw_17 omitted because of collinearity

HDFE Linear regression                            Number of obs   =    131,333
Absorbing 1 HDFE group                            F(  10,     40) =       4.71
Statistics robust to heteroskedasticity           Prob > F        =     0.0002
                                                  R-squared       =     0.0209
                                                  Adj R-squared   =     0.0200
                                                  Within R-sq.    =     0.0002
Number of clusters (statefips) =         41       Root MSE        =     0.0290

                             (Std. Err. adjusted for 41 clusters in statefips)
------------------------------------------------------------------------------
D.           |               Robust
ln_med_ren~r |      Coef.   Std. Err.      t    P>|t|     [95% Conf. Interval]
-------------+----------------------------------------------------------------
exp_ln_mw_17 |
         D1. |   .0323305   .0150068     2.15   0.037     .0020007    .0626603
         D1. |          0  (omitted)
             |
ln_emp_biz~v |
         D1. |   .0084901   .0046913     1.81   0.078    -.0009914    .0179717
             |
 ln_emp_info |
         D1. |   .0003926   .0038467     0.10   0.919    -.0073819    .0081671
             |
  ln_emp_fin |
         D1. |   .0103295   .0055489     1.86   0.070    -.0008851    .0215442
             |
ln_estcoun~v |
         D1. |   .0017915   .0146639     0.12   0.903    -.0278453    .0314283
             |
ln_estcoun~o |
         D1. |   .0005466   .0053043     0.10   0.918    -.0101737     .011267
             |
ln_estcoun~n |
         D1. |   .0062212   .0066551     0.93   0.356    -.0072293    .0196716
             |
ln_avgwwag~v |
         D1. |   .0027947   .0029089     0.96   0.342    -.0030844    .0086737
             |
ln_avgwwag~o |
         D1. |    .000016   .0016639     0.01   0.992    -.0033468    .0033788
             |
ln_avgwwag~n |
         D1. |  -.0024928   .0011238    -2.22   0.032    -.0047641   -.0002216
------------------------------------------------------------------------------

Absorbed degrees of freedom:
-----------------------------------------------------+
 Absorbed FE | Categories  - Redundant  = Num. Coefs |
-------------+---------------------------------------|
  year_month |       118           0         118     |
-----------------------------------------------------+
file ../temp/estimates.dta saved

Generated variables:
              storage   display    value
variable name   type    format     label      variable label
-------------------------------------------------------------------------------
__by            byte    %9.0g      __by       subgraph ID
__plot          byte    %9.0g      __plot     plot ID
__at            byte    %9.0g                 plot position (category axis)
__mlbl          str1    %9s                   marker label
__mlpos         byte    %9.0g                 marker label position
__b             float   %9.0g                 coefficient
__V             float   %9.0g                 variance
__se            float   %9.0g                 standard error
__t             float   %9.0g                 t or z statistic
__df            byte    %9.0g                 degrees of freedom
__pval          float   %9.0g                 p-value
__ll1           float   %9.0g                 CI1: lower limit
__ul1           float   %9.0g                 CI1: upper limit
(161,398 observations deleted)
(0 observations deleted)
(1 missing value generated)
(1 real change made)
(2 real changes made)
(1 real change made)
(note: file ../temp/estimates_static_experienced.dta not found)
file ../temp/estimates_static_experienced.dta saved

 ( 1)  D.exp_ln_mw_17 = 0

------------------------------------------------------------------------------
D.           |
ln_med_ren~r |      Coef.   Std. Err.      t    P>|t|     [95% Conf. Interval]
-------------+----------------------------------------------------------------
         (1) |   .0323305   .0150068     2.15   0.037     .0020007    .0626603
------------------------------------------------------------------------------
number of observations will be reset to 1
Press any key to continue, or Break to abort
number of observations (_N) was 0, now 1
(note: file ../temp/estimates_static_experienced_sumsum_from0.dta not found)
file ../temp/estimates_static_experienced_sumsum_from0.dta saved
(note: variable at was byte, now float to accommodate using data's values)
(1 observation deleted)
file ../temp/estimates_static_experienced.dta saved
(note: file ../temp/estimates_static_experienced.csv not found)
file ../temp/estimates_static_experienced.csv saved
(MWFE estimator converged in 1 iterations)

HDFE Linear regression                            Number of obs   =    131,333
Absorbing 1 HDFE group                            F(  11,     40) =       4.42
Statistics robust to heteroskedasticity           Prob > F        =     0.0002
                                                  R-squared       =     0.0209
                                                  Adj R-squared   =     0.0200
                                                  Within R-sq.    =     0.0002
Number of clusters (statefips) =         41       Root MSE        =     0.0290

                             (Std. Err. adjusted for 41 clusters in statefips)
------------------------------------------------------------------------------
D.           |               Robust
ln_med_ren~r |      Coef.   Std. Err.      t    P>|t|     [95% Conf. Interval]
-------------+----------------------------------------------------------------
exp_ln_mw_17 |
         D1. |   .0651652   .0273406     2.38   0.022     .0099077    .1204227
             |
       ln_mw |
         D1. |  -.0306448   .0167606    -1.83   0.075    -.0645191    .0032296
             |
ln_emp_biz~v |
         D1. |   .0084904   .0046954     1.81   0.078    -.0009995    .0179802
             |
 ln_emp_info |
         D1. |   .0003903   .0038507     0.10   0.920    -.0073922    .0081728
             |
  ln_emp_fin |
         D1. |   .0104182   .0055267     1.89   0.067    -.0007516     .021588
             |
ln_estcoun~v |
         D1. |   .0020031   .0145805     0.14   0.891    -.0274651    .0314714
             |
ln_estcoun~o |
         D1. |   .0005353   .0053053     0.10   0.920    -.0101872    .0112577
             |
ln_estcoun~n |
         D1. |   .0060151   .0065718     0.92   0.366     -.007267    .0192971
             |
ln_avgwwag~v |
         D1. |   .0028162   .0029017     0.97   0.338    -.0030484    .0086807
             |
ln_avgwwag~o |
         D1. |    .000046   .0016661     0.03   0.978    -.0033212    .0034133
             |
ln_avgwwag~n |
         D1. |  -.0025259   .0011391    -2.22   0.032    -.0048282   -.0002236
------------------------------------------------------------------------------

Absorbed degrees of freedom:
-----------------------------------------------------+
 Absorbed FE | Categories  - Redundant  = Num. Coefs |
-------------+---------------------------------------|
  year_month |       118           0         118     |
-----------------------------------------------------+

 ( 1)  D.exp_ln_mw_17 - D.ln_mw = 0

       F(  1,    40) =    5.02
            Prob > F =    0.0307
file ../temp/estimates.dta saved

Generated variables:
              storage   display    value
variable name   type    format     label      variable label
-------------------------------------------------------------------------------
__by            byte    %9.0g      __by       subgraph ID
__plot          byte    %9.0g      __plot     plot ID
__at            byte    %9.0g                 plot position (category axis)
__mlbl          str1    %9s                   marker label
__mlpos         byte    %9.0g                 marker label position
__b             float   %9.0g                 coefficient
__V             float   %9.0g                 variance
__se            float   %9.0g                 standard error
__t             float   %9.0g                 t or z statistic
__df            byte    %9.0g                 degrees of freedom
__pval          float   %9.0g                 p-value
__ll1           float   %9.0g                 CI1: lower limit
__ul1           float   %9.0g                 CI1: upper limit
(161,398 observations deleted)
(0 observations deleted)
(1 missing value generated)
(1 real change made)
(2 real changes made)
(1 real change made)
(note: file ../temp/estimates_static_both.dta not found)
file ../temp/estimates_static_both.dta saved

 ( 1)  D.exp_ln_mw_17 + D.ln_mw = 0

------------------------------------------------------------------------------
D.           |
ln_med_ren~r |      Coef.   Std. Err.      t    P>|t|     [95% Conf. Interval]
-------------+----------------------------------------------------------------
         (1) |   .0345204   .0150776     2.29   0.027     .0040475    .0649934
------------------------------------------------------------------------------
number of observations will be reset to 1
Press any key to continue, or Break to abort
number of observations (_N) was 0, now 1
(note: file ../temp/estimates_static_both_sumsum_from0.dta not found)
file ../temp/estimates_static_both_sumsum_from0.dta saved
(note: variable at was byte, now float to accommodate using data's values)
file ../temp/estimates_static_both.dta saved
(note: file ../temp/estimates_static_both.csv not found)
file ../temp/estimates_static_both.csv saved
(2 missing values generated)
(note: variable model was str12, now str16 to accommodate using data's
       values)
(note: variable model was str16, now str18 to accommodate using data's
       values)
(note: file ../output/estimates_static.dta not found)
file ../output/estimates_static.dta saved
(note: file ../output/estimates_static.csv not found)
file ../output/estimates_static.csv saved
       panel variable:  zipcode_num (strongly balanced)
        time variable:  year_month, 2010m1 to 2019m12
                delta:  1 month
(MWFE estimator converged in 1 iterations)

HDFE Linear regression                            Number of obs   =    123,236
Absorbing 1 HDFE group                            F(  23,     40) =      14.63
Statistics robust to heteroskedasticity           Prob > F        =     0.0000
                                                  R-squared       =     0.0213
                                                  Adj R-squared   =     0.0202
                                                  Within R-sq.    =     0.0003
Number of clusters (statefips) =         41       Root MSE        =     0.0292

                             (Std. Err. adjusted for 41 clusters in statefips)
------------------------------------------------------------------------------
D.           |               Robust
ln_med_ren~r |      Coef.   Std. Err.      t    P>|t|     [95% Conf. Interval]
-------------+----------------------------------------------------------------
exp_ln_mw_17 |
        F6D. |   .0038507   .0081962     0.47   0.641    -.0127144    .0204159
        F5D. |  -.0091679   .0094157    -0.97   0.336    -.0281978     .009862
        F4D. |  -.0063623   .0102592    -0.62   0.539     -.027097    .0143724
        F3D. |   .0028436   .0063477     0.45   0.657    -.0099855    .0156727
        F2D. |   .0026445   .0129523     0.20   0.839     -.023533     .028822
         FD. |  -.0023801   .0155843    -0.15   0.879    -.0338772     .029117
         D1. |   .0751916   .0271427     2.77   0.008     .0203341    .1300492
         LD. |  -.0023121   .0137322    -0.17   0.867    -.0300659    .0254416
        L2D. |  -.0024326   .0147992    -0.16   0.870     -.032343    .0274777
        L3D. |   .0037141   .0075607     0.49   0.626    -.0115667    .0189949
        L4D. |   .0095226   .0086158     1.11   0.276    -.0078906    .0269357
        L5D. |  -.0036146   .0063483    -0.57   0.572    -.0164451    .0092159
        L6D. |   -.005622   .0079307    -0.71   0.483    -.0216505    .0104066
             |
       ln_mw |
         D1. |  -.0382361   .0174205    -2.19   0.034    -.0734443    -.003028
             |
ln_emp_biz~v |
         D1. |   .0090071   .0043469     2.07   0.045     .0002217    .0177924
             |
 ln_emp_info |
         D1. |   .0008417   .0038754     0.22   0.829    -.0069908    .0086742
             |
  ln_emp_fin |
         D1. |   .0127884   .0059042     2.17   0.036     .0008555    .0247212
             |
ln_estcoun~v |
         D1. |   .0021253   .0158701     0.13   0.894    -.0299493       .0342
             |
ln_estcoun~o |
         D1. |   .0006473   .0055013     0.12   0.907    -.0104711    .0117658
             |
ln_estcoun~n |
         D1. |   .0047903   .0073223     0.65   0.517    -.0100085    .0195891
             |
ln_avgwwag~v |
         D1. |   .0026819   .0028215     0.95   0.348    -.0030205    .0083843
             |
ln_avgwwag~o |
         D1. |  -.0001752   .0017621    -0.10   0.921    -.0037364    .0033861
             |
ln_avgwwag~n |
         D1. |  -.0023653   .0013579    -1.74   0.089    -.0051099    .0003792
------------------------------------------------------------------------------

Absorbed degrees of freedom:
-----------------------------------------------------+
 Absorbed FE | Categories  - Redundant  = Num. Coefs |
-------------+---------------------------------------|
  year_month |       107           0         107     |
-----------------------------------------------------+

 ( 1)  FD.exp_ln_mw_17 = 0
 ( 2)  F2D.exp_ln_mw_17 = 0
 ( 3)  F3D.exp_ln_mw_17 = 0
 ( 4)  F4D.exp_ln_mw_17 = 0
 ( 5)  F5D.exp_ln_mw_17 = 0
 ( 6)  F6D.exp_ln_mw_17 = 0

       F(  6,    40) =    0.41
            Prob > F =    0.8685
file ../temp/estimates.dta saved

Generated variables:
              storage   display    value
variable name   type    format     label      variable label
-------------------------------------------------------------------------------
__by            byte    %9.0g      __by       subgraph ID
__plot          byte    %9.0g      __plot     plot ID
__at            byte    %9.0g                 plot position (category axis)
__mlbl          str1    %9s                   marker label
__mlpos         byte    %9.0g                 marker label position
__b             float   %9.0g                 coefficient
__V             float   %9.0g                 variance
__se            float   %9.0g                 standard error
__t             float   %9.0g                 t or z statistic
__df            byte    %9.0g                 degrees of freedom
__pval          float   %9.0g                 p-value
__ll1           float   %9.0g                 CI1: lower limit
__ul1           float   %9.0g                 CI1: upper limit
(161,386 observations deleted)
(0 observations deleted)
(1 missing value generated)
(1 real change made)
(14 real changes made)
(1 real change made)
(note: file ../temp/estimates_baseline_exp_ln_mw_17_dynamic.dta not found)
file ../temp/estimates_baseline_exp_ln_mw_17_dynamic.dta saved

 ( 1)  D.exp_ln_mw_17 + D.ln_mw = 0

------------------------------------------------------------------------------
D.           |
ln_med_ren~r |      Coef.   Std. Err.      t    P>|t|     [95% Conf. Interval]
-------------+----------------------------------------------------------------
         (1) |   .0369555   .0151319     2.44   0.019     .0063729    .0675382
------------------------------------------------------------------------------

 ( 1)  D.exp_ln_mw_17 + LD.exp_ln_mw_17 + D.ln_mw = 0

------------------------------------------------------------------------------
D.           |
ln_med_ren~r |      Coef.   Std. Err.      t    P>|t|     [95% Conf. Interval]
-------------+----------------------------------------------------------------
         (1) |   .0346434   .0241806     1.43   0.160    -.0142275    .0835142
------------------------------------------------------------------------------

 ( 1)  D.exp_ln_mw_17 + LD.exp_ln_mw_17 + L2D.exp_ln_mw_17 + D.ln_mw = 0

------------------------------------------------------------------------------
D.           |
ln_med_ren~r |      Coef.   Std. Err.      t    P>|t|     [95% Conf. Interval]
-------------+----------------------------------------------------------------
         (1) |   .0322108   .0350064     0.92   0.363    -.0385398    .1029613
------------------------------------------------------------------------------

 ( 1)  D.exp_ln_mw_17 + LD.exp_ln_mw_17 + L2D.exp_ln_mw_17 + L3D.exp_ln_mw_17 +
       D.ln_mw = 0

------------------------------------------------------------------------------
D.           |
ln_med_ren~r |      Coef.   Std. Err.      t    P>|t|     [95% Conf. Interval]
-------------+----------------------------------------------------------------
         (1) |   .0359249   .0399304     0.90   0.374    -.0447775    .1166273
------------------------------------------------------------------------------

 ( 1)  D.exp_ln_mw_17 + LD.exp_ln_mw_17 + L2D.exp_ln_mw_17 + L3D.exp_ln_mw_17 +
       L4D.exp_ln_mw_17 + D.ln_mw = 0

------------------------------------------------------------------------------
D.           |
ln_med_ren~r |      Coef.   Std. Err.      t    P>|t|     [95% Conf. Interval]
-------------+----------------------------------------------------------------
         (1) |   .0454475   .0433273     1.05   0.301    -.0421203    .1330152
------------------------------------------------------------------------------

 ( 1)  D.exp_ln_mw_17 + LD.exp_ln_mw_17 + L2D.exp_ln_mw_17 + L3D.exp_ln_mw_17 +
       L4D.exp_ln_mw_17 + L5D.exp_ln_mw_17 + D.ln_mw = 0

------------------------------------------------------------------------------
D.           |
ln_med_ren~r |      Coef.   Std. Err.      t    P>|t|     [95% Conf. Interval]
-------------+----------------------------------------------------------------
         (1) |   .0418329   .0454913     0.92   0.363    -.0501086    .1337743
------------------------------------------------------------------------------

 ( 1)  D.exp_ln_mw_17 + LD.exp_ln_mw_17 + L2D.exp_ln_mw_17 + L3D.exp_ln_mw_17 +
       L4D.exp_ln_mw_17 + L5D.exp_ln_mw_17 + L6D.exp_ln_mw_17 + D.ln_mw = 0

------------------------------------------------------------------------------
D.           |
ln_med_ren~r |      Coef.   Std. Err.      t    P>|t|     [95% Conf. Interval]
-------------+----------------------------------------------------------------
         (1) |   .0362109   .0471918     0.77   0.447    -.0591673     .131589
------------------------------------------------------------------------------
number of observations will be reset to 8
Press any key to continue, or Break to abort
number of observations (_N) was 0, now 8
(note: file ../temp/estimates_baseline_exp_ln_mw_17_dynamic_sumsum_from0.dta no
> t found)
file ../temp/estimates_baseline_exp_ln_mw_17_dynamic_sumsum_from0.dta saved
(note: variable at was byte, now float to accommodate using data's values)
file ../temp/estimates_baseline_exp_ln_mw_17_dynamic.dta saved
(note: file ../temp/estimates_baseline_exp_ln_mw_17_dynamic.csv not found)
file ../temp/estimates_baseline_exp_ln_mw_17_dynamic.csv saved
(MWFE estimator converged in 1 iterations)

HDFE Linear regression                            Number of obs   =    123,236
Absorbing 1 HDFE group                            F(  23,     40) =       9.95
Statistics robust to heteroskedasticity           Prob > F        =     0.0000
                                                  R-squared       =     0.0213
                                                  Adj R-squared   =     0.0202
                                                  Within R-sq.    =     0.0003
Number of clusters (statefips) =         41       Root MSE        =     0.0292

                             (Std. Err. adjusted for 41 clusters in statefips)
------------------------------------------------------------------------------
D.           |               Robust
ln_med_ren~r |      Coef.   Std. Err.      t    P>|t|     [95% Conf. Interval]
-------------+----------------------------------------------------------------
       ln_mw |
        F6D. |   .0028858   .0077324     0.37   0.711    -.0127419    .0185136
        F5D. |  -.0080461   .0078011    -1.03   0.309    -.0238127    .0077205
        F4D. |  -.0070205   .0088962    -0.79   0.435    -.0250004    .0109594
        F3D. |   .0033325   .0074557     0.45   0.657    -.0117362    .0184011
        F2D. |   .0040981   .0115359     0.36   0.724    -.0192167     .027413
         FD. |  -.0018188   .0134163    -0.14   0.893    -.0289341    .0252965
         D1. |  -.0376522   .0177669    -2.12   0.040    -.0735605    -.001744
         LD. |  -.0034194   .0129067    -0.26   0.792    -.0295047    .0226659
        L2D. |  -.0016746   .0128799    -0.13   0.897    -.0277058    .0243566
        L3D. |   .0020115   .0066727     0.30   0.765    -.0114746    .0154976
        L4D. |   .0083644    .008127     1.03   0.310    -.0080609    .0247896
        L5D. |  -.0038372   .0060358    -0.64   0.529    -.0160359    .0083616
        L6D. |   -.003844   .0084075    -0.46   0.650    -.0208362    .0131482
             |
exp_ln_mw_17 |
         D1. |   .0746406   .0267528     2.79   0.008     .0205712    .1287101
             |
ln_emp_biz~v |
         D1. |   .0090217   .0043542     2.07   0.045     .0002216    .0178219
             |
 ln_emp_info |
         D1. |   .0008297   .0038787     0.21   0.832    -.0070095    .0086689
             |
  ln_emp_fin |
         D1. |   .0127655   .0058951     2.17   0.036     .0008511    .0246799
             |
ln_estcoun~v |
         D1. |   .0022484   .0157762     0.14   0.887    -.0296365    .0341332
             |
ln_estcoun~o |
         D1. |   .0006382   .0054906     0.12   0.908    -.0104587    .0117352
             |
ln_estcoun~n |
         D1. |   .0047349    .007303     0.65   0.520    -.0100249    .0194948
             |
ln_avgwwag~v |
         D1. |   .0026906   .0028056     0.96   0.343    -.0029798    .0083609
             |
ln_avgwwag~o |
         D1. |  -.0001661   .0017792    -0.09   0.926    -.0037619    .0034298
             |
ln_avgwwag~n |
         D1. |  -.0023723   .0013622    -1.74   0.089    -.0051253    .0003808
------------------------------------------------------------------------------

Absorbed degrees of freedom:
-----------------------------------------------------+
 Absorbed FE | Categories  - Redundant  = Num. Coefs |
-------------+---------------------------------------|
  year_month |       107           0         107     |
-----------------------------------------------------+

 ( 1)  FD.ln_mw = 0
 ( 2)  F2D.ln_mw = 0
 ( 3)  F3D.ln_mw = 0
 ( 4)  F4D.ln_mw = 0
 ( 5)  F5D.ln_mw = 0
 ( 6)  F6D.ln_mw = 0

       F(  6,    40) =    0.39
            Prob > F =    0.8831
file ../temp/estimates.dta saved

Generated variables:
              storage   display    value
variable name   type    format     label      variable label
-------------------------------------------------------------------------------
__by            byte    %9.0g      __by       subgraph ID
__plot          byte    %9.0g      __plot     plot ID
__at            byte    %9.0g                 plot position (category axis)
__mlbl          str1    %9s                   marker label
__mlpos         byte    %9.0g                 marker label position
__b             float   %9.0g                 coefficient
__V             float   %9.0g                 variance
__se            float   %9.0g                 standard error
__t             float   %9.0g                 t or z statistic
__df            byte    %9.0g                 degrees of freedom
__pval          float   %9.0g                 p-value
__ll1           float   %9.0g                 CI1: lower limit
__ul1           float   %9.0g                 CI1: upper limit
(161,386 observations deleted)
(0 observations deleted)
(1 missing value generated)
variable var was str5 now str12
(1 real change made)
(14 real changes made)
(1 real change made)
(note: file ../temp/estimates_both_ln_mw_dynamic.dta not found)
file ../temp/estimates_both_ln_mw_dynamic.dta saved

 ( 1)  D.ln_mw + D.exp_ln_mw_17 = 0

------------------------------------------------------------------------------
D.           |
ln_med_ren~r |      Coef.   Std. Err.      t    P>|t|     [95% Conf. Interval]
-------------+----------------------------------------------------------------
         (1) |   .0369884     .01512     2.45   0.019     .0064297    .0675471
------------------------------------------------------------------------------

 ( 1)  D.ln_mw + LD.ln_mw + D.exp_ln_mw_17 = 0

------------------------------------------------------------------------------
D.           |
ln_med_ren~r |      Coef.   Std. Err.      t    P>|t|     [95% Conf. Interval]
-------------+----------------------------------------------------------------
         (1) |    .033569   .0234224     1.43   0.160    -.0137694    .0809074
------------------------------------------------------------------------------

 ( 1)  D.ln_mw + LD.ln_mw + L2D.ln_mw + D.exp_ln_mw_17 = 0

------------------------------------------------------------------------------
D.           |
ln_med_ren~r |      Coef.   Std. Err.      t    P>|t|     [95% Conf. Interval]
-------------+----------------------------------------------------------------
         (1) |   .0318944   .0325297     0.98   0.333    -.0338506    .0976394
------------------------------------------------------------------------------

 ( 1)  D.ln_mw + LD.ln_mw + L2D.ln_mw + L3D.ln_mw + D.exp_ln_mw_17 = 0

------------------------------------------------------------------------------
D.           |
ln_med_ren~r |      Coef.   Std. Err.      t    P>|t|     [95% Conf. Interval]
-------------+----------------------------------------------------------------
         (1) |   .0339059   .0369937     0.92   0.365    -.0408612     .108673
------------------------------------------------------------------------------

 ( 1)  D.ln_mw + LD.ln_mw + L2D.ln_mw + L3D.ln_mw + L4D.ln_mw + D.exp_ln_mw_17
       = 0

------------------------------------------------------------------------------
D.           |
ln_med_ren~r |      Coef.   Std. Err.      t    P>|t|     [95% Conf. Interval]
-------------+----------------------------------------------------------------
         (1) |   .0422703   .0408064     1.04   0.306    -.0402025    .1247431
------------------------------------------------------------------------------

 ( 1)  D.ln_mw + LD.ln_mw + L2D.ln_mw + L3D.ln_mw + L4D.ln_mw + L5D.ln_mw +
       D.exp_ln_mw_17 = 0

------------------------------------------------------------------------------
D.           |
ln_med_ren~r |      Coef.   Std. Err.      t    P>|t|     [95% Conf. Interval]
-------------+----------------------------------------------------------------
         (1) |   .0384331   .0424138     0.91   0.370    -.0472885    .1241547
------------------------------------------------------------------------------

 ( 1)  D.ln_mw + LD.ln_mw + L2D.ln_mw + L3D.ln_mw + L4D.ln_mw + L5D.ln_mw +
       L6D.ln_mw + D.exp_ln_mw_17 = 0

------------------------------------------------------------------------------
D.           |
ln_med_ren~r |      Coef.   Std. Err.      t    P>|t|     [95% Conf. Interval]
-------------+----------------------------------------------------------------
         (1) |   .0345891   .0437128     0.79   0.433    -.0537579     .122936
------------------------------------------------------------------------------
number of observations will be reset to 8
Press any key to continue, or Break to abort
number of observations (_N) was 0, now 8
(note: file ../temp/estimates_both_ln_mw_dynamic_sumsum_from0.dta not found)
file ../temp/estimates_both_ln_mw_dynamic_sumsum_from0.dta saved
(note: variable at was byte, now float to accommodate using data's values)
file ../temp/estimates_both_ln_mw_dynamic.dta saved
(note: file ../temp/estimates_both_ln_mw_dynamic.csv not found)
file ../temp/estimates_both_ln_mw_dynamic.csv saved
(MWFE estimator converged in 1 iterations)
note: D.exp_ln_mw_17 omitted because of collinearity

HDFE Linear regression                            Number of obs   =    123,236
Absorbing 1 HDFE group                            F(  22,     40) =      13.04
Statistics robust to heteroskedasticity           Prob > F        =     0.0000
                                                  R-squared       =     0.0213
                                                  Adj R-squared   =     0.0202
                                                  Within R-sq.    =     0.0003
Number of clusters (statefips) =         41       Root MSE        =     0.0292

                             (Std. Err. adjusted for 41 clusters in statefips)
------------------------------------------------------------------------------
D.           |               Robust
ln_med_ren~r |      Coef.   Std. Err.      t    P>|t|     [95% Conf. Interval]
-------------+----------------------------------------------------------------
exp_ln_mw_17 |
        F6D. |    .004163   .0083104     0.50   0.619    -.0126329     .020959
        F5D. |  -.0091822    .009415    -0.98   0.335    -.0282107    .0098463
        F4D. |   -.006376   .0102591    -0.62   0.538    -.0271105    .0143585
        F3D. |   .0030512    .006287     0.49   0.630    -.0096553    .0157578
        F2D. |   .0026575   .0129477     0.21   0.838    -.0235108    .0288258
         FD. |  -.0022731   .0155861    -0.15   0.885    -.0337738    .0292277
         D1. |   .0343753   .0152676     2.25   0.030     .0035183    .0652323
         LD. |  -.0023378   .0137334    -0.17   0.866     -.030094    .0254185
        L2D. |  -.0024317   .0148027    -0.16   0.870    -.0323492    .0274857
        L3D. |   .0037609   .0075741     0.50   0.622     -.011547    .0190687
        L4D. |   .0095205   .0086194     1.10   0.276    -.0078999    .0269409
        L5D. |  -.0036284   .0063453    -0.57   0.571    -.0164527    .0091959
        L6D. |  -.0053671   .0081214    -0.66   0.512     -.021781    .0110468
         D1. |          0  (omitted)
             |
ln_emp_biz~v |
         D1. |   .0090065   .0043423     2.07   0.045     .0002304    .0177827
             |
 ln_emp_info |
         D1. |   .0008352   .0038723     0.22   0.830     -.006991    .0086615
             |
  ln_emp_fin |
         D1. |    .012635   .0059407     2.13   0.040     .0006283    .0246416
             |
ln_estcoun~v |
         D1. |   .0019003    .015974     0.12   0.906    -.0303843     .034185
             |
ln_estcoun~o |
         D1. |   .0006517   .0054972     0.12   0.906    -.0104585    .0117618
             |
ln_estcoun~n |
         D1. |   .0050163   .0074161     0.68   0.503    -.0099722    .0200048
             |
ln_avgwwag~v |
         D1. |   .0026584   .0028237     0.94   0.352    -.0030484    .0083653
             |
ln_avgwwag~o |
         D1. |  -.0002111   .0017674    -0.12   0.906    -.0037832     .003361
             |
ln_avgwwag~n |
         D1. |  -.0023282   .0013409    -1.74   0.090    -.0050382    .0003818
------------------------------------------------------------------------------

Absorbed degrees of freedom:
-----------------------------------------------------+
 Absorbed FE | Categories  - Redundant  = Num. Coefs |
-------------+---------------------------------------|
  year_month |       107           0         107     |
-----------------------------------------------------+

 ( 1)  FD.exp_ln_mw_17 = 0
 ( 2)  F2D.exp_ln_mw_17 = 0
 ( 3)  F3D.exp_ln_mw_17 = 0
 ( 4)  F4D.exp_ln_mw_17 = 0
 ( 5)  F5D.exp_ln_mw_17 = 0
 ( 6)  F6D.exp_ln_mw_17 = 0

       F(  6,    40) =    0.43
            Prob > F =    0.8543
file ../temp/estimates.dta saved

Generated variables:
              storage   display    value
variable name   type    format     label      variable label
-------------------------------------------------------------------------------
__by            byte    %9.0g      __by       subgraph ID
__plot          byte    %9.0g      __plot     plot ID
__at            byte    %9.0g                 plot position (category axis)
__mlbl          str1    %9s                   marker label
__mlpos         byte    %9.0g                 marker label position
__b             float   %9.0g                 coefficient
__V             float   %9.0g                 variance
__se            float   %9.0g                 standard error
__t             float   %9.0g                 t or z statistic
__df            byte    %9.0g                 degrees of freedom
__pval          float   %9.0g                 p-value
__ll1           float   %9.0g                 CI1: lower limit
__ul1           float   %9.0g                 CI1: upper limit
(161,386 observations deleted)
(0 observations deleted)
(1 missing value generated)
(1 real change made)
(14 real changes made)
(1 real change made)
(note: file ../temp/estimates_exp_ln_mw_17_only_dynamic.dta not found)
file ../temp/estimates_exp_ln_mw_17_only_dynamic.dta saved

 ( 1)  D.exp_ln_mw_17 = 0

------------------------------------------------------------------------------
D.           |
ln_med_ren~r |      Coef.   Std. Err.      t    P>|t|     [95% Conf. Interval]
-------------+----------------------------------------------------------------
         (1) |   .0343753   .0152676     2.25   0.030     .0035183    .0652323
------------------------------------------------------------------------------

 ( 1)  D.exp_ln_mw_17 + LD.exp_ln_mw_17 = 0

------------------------------------------------------------------------------
D.           |
ln_med_ren~r |      Coef.   Std. Err.      t    P>|t|     [95% Conf. Interval]
-------------+----------------------------------------------------------------
         (1) |   .0320375   .0245834     1.30   0.200    -.0176473    .0817224
------------------------------------------------------------------------------

 ( 1)  D.exp_ln_mw_17 + LD.exp_ln_mw_17 + L2D.exp_ln_mw_17 = 0

------------------------------------------------------------------------------
D.           |
ln_med_ren~r |      Coef.   Std. Err.      t    P>|t|     [95% Conf. Interval]
-------------+----------------------------------------------------------------
         (1) |   .0296058   .0353753     0.84   0.408    -.0418904     .101102
------------------------------------------------------------------------------

 ( 1)  D.exp_ln_mw_17 + LD.exp_ln_mw_17 + L2D.exp_ln_mw_17 + L3D.exp_ln_mw_17 =
       0

------------------------------------------------------------------------------
D.           |
ln_med_ren~r |      Coef.   Std. Err.      t    P>|t|     [95% Conf. Interval]
-------------+----------------------------------------------------------------
         (1) |   .0333667   .0402481     0.83   0.412    -.0479777    .1147111
------------------------------------------------------------------------------

 ( 1)  D.exp_ln_mw_17 + LD.exp_ln_mw_17 + L2D.exp_ln_mw_17 + L3D.exp_ln_mw_17 +
       L4D.exp_ln_mw_17 = 0

------------------------------------------------------------------------------
D.           |
ln_med_ren~r |      Coef.   Std. Err.      t    P>|t|     [95% Conf. Interval]
-------------+----------------------------------------------------------------
         (1) |   .0428872   .0437449     0.98   0.333    -.0455246     .131299
------------------------------------------------------------------------------

 ( 1)  D.exp_ln_mw_17 + LD.exp_ln_mw_17 + L2D.exp_ln_mw_17 + L3D.exp_ln_mw_17 +
       L4D.exp_ln_mw_17 + L5D.exp_ln_mw_17 = 0

------------------------------------------------------------------------------
D.           |
ln_med_ren~r |      Coef.   Std. Err.      t    P>|t|     [95% Conf. Interval]
-------------+----------------------------------------------------------------
         (1) |   .0392588   .0459138     0.86   0.398    -.0535365    .1320541
------------------------------------------------------------------------------

 ( 1)  D.exp_ln_mw_17 + LD.exp_ln_mw_17 + L2D.exp_ln_mw_17 + L3D.exp_ln_mw_17 +
       L4D.exp_ln_mw_17 + L5D.exp_ln_mw_17 + L6D.exp_ln_mw_17 = 0

------------------------------------------------------------------------------
D.           |
ln_med_ren~r |      Coef.   Std. Err.      t    P>|t|     [95% Conf. Interval]
-------------+----------------------------------------------------------------
         (1) |   .0338917   .0475289     0.71   0.480    -.0621678    .1299511
------------------------------------------------------------------------------
number of observations will be reset to 8
Press any key to continue, or Break to abort
number of observations (_N) was 0, now 8
(note: file ../temp/estimates_exp_ln_mw_17_only_dynamic_sumsum_from0.dta not fo
> und)
file ../temp/estimates_exp_ln_mw_17_only_dynamic_sumsum_from0.dta saved
(note: variable at was byte, now float to accommodate using data's values)
(1 observation deleted)
file ../temp/estimates_exp_ln_mw_17_only_dynamic.dta saved
(note: file ../temp/estimates_exp_ln_mw_17_only_dynamic.csv not found)
file ../temp/estimates_exp_ln_mw_17_only_dynamic.csv saved
(MWFE estimator converged in 1 iterations)
note: D.ln_mw omitted because of collinearity

HDFE Linear regression                            Number of obs   =    123,236
Absorbing 1 HDFE group                            F(  22,     40) =       7.00
Statistics robust to heteroskedasticity           Prob > F        =     0.0000
                                                  R-squared       =     0.0212
                                                  Adj R-squared   =     0.0202
                                                  Within R-sq.    =     0.0003
Number of clusters (statefips) =         41       Root MSE        =     0.0292

                             (Std. Err. adjusted for 41 clusters in statefips)
------------------------------------------------------------------------------
D.           |               Robust
ln_med_ren~r |      Coef.   Std. Err.      t    P>|t|     [95% Conf. Interval]
-------------+----------------------------------------------------------------
       ln_mw |
        F6D. |   .0036205   .0081056     0.45   0.658    -.0127615    .0200025
        F5D. |  -.0080785   .0078017    -1.04   0.307    -.0238464    .0076894
        F4D. |  -.0070411      .0089    -0.79   0.434    -.0250287    .0109465
        F3D. |   .0040295   .0071778     0.56   0.578    -.0104773    .0185362
        F2D. |   .0042037    .011508     0.37   0.717    -.0190548    .0274623
         FD. |  -.0015914   .0133909    -0.12   0.906    -.0286554    .0254725
         D1. |    .027567   .0143454     1.92   0.062    -.0014261    .0565601
         LD. |   -.003411   .0128809    -0.26   0.793    -.0294443    .0226222
        L2D. |  -.0015843   .0129052    -0.12   0.903    -.0276667    .0244981
        L3D. |   .0024593   .0066896     0.37   0.715    -.0110609    .0159795
        L4D. |   .0083581   .0081267     1.03   0.310    -.0080665    .0247827
        L5D. |  -.0038536   .0060301    -0.64   0.526    -.0160408    .0083336
        L6D. |  -.0033979   .0088871    -0.38   0.704    -.0213593    .0145636
         D1. |          0  (omitted)
             |
ln_emp_biz~v |
         D1. |   .0089579   .0043556     2.06   0.046     .0001549     .017761
             |
 ln_emp_info |
         D1. |   .0008549   .0038605     0.22   0.826    -.0069474    .0086572
             |
  ln_emp_fin |
         D1. |   .0124961   .0059758     2.09   0.043     .0004186    .0245736
             |
ln_estcoun~v |
         D1. |   .0016455   .0159972     0.10   0.919     -.030686    .0339769
             |
ln_estcoun~o |
         D1. |   .0007111   .0054894     0.13   0.898    -.0103833    .0118055
             |
ln_estcoun~n |
         D1. |   .0051257   .0074752     0.69   0.497    -.0099822    .0202336
             |
ln_avgwwag~v |
         D1. |   .0025862   .0028109     0.92   0.363    -.0030948    .0082672
             |
ln_avgwwag~o |
         D1. |   -.000209   .0017813    -0.12   0.907    -.0038092    .0033912
             |
ln_avgwwag~n |
         D1. |  -.0022892   .0013388    -1.71   0.095     -.004995    .0004165
------------------------------------------------------------------------------

Absorbed degrees of freedom:
-----------------------------------------------------+
 Absorbed FE | Categories  - Redundant  = Num. Coefs |
-------------+---------------------------------------|
  year_month |       107           0         107     |
-----------------------------------------------------+

 ( 1)  FD.ln_mw = 0
 ( 2)  F2D.ln_mw = 0
 ( 3)  F3D.ln_mw = 0
 ( 4)  F4D.ln_mw = 0
 ( 5)  F5D.ln_mw = 0
 ( 6)  F6D.ln_mw = 0

       F(  6,    40) =    0.43
            Prob > F =    0.8538
file ../temp/estimates.dta saved

Generated variables:
              storage   display    value
variable name   type    format     label      variable label
-------------------------------------------------------------------------------
__by            byte    %9.0g      __by       subgraph ID
__plot          byte    %9.0g      __plot     plot ID
__at            byte    %9.0g                 plot position (category axis)
__mlbl          str1    %9s                   marker label
__mlpos         byte    %9.0g                 marker label position
__b             float   %9.0g                 coefficient
__V             float   %9.0g                 variance
__se            float   %9.0g                 standard error
__t             float   %9.0g                 t or z statistic
__df            byte    %9.0g                 degrees of freedom
__pval          float   %9.0g                 p-value
__ll1           float   %9.0g                 CI1: lower limit
__ul1           float   %9.0g                 CI1: upper limit
(161,386 observations deleted)
(0 observations deleted)
(1 missing value generated)
(1 real change made)
(14 real changes made)
(1 real change made)
(note: file ../temp/estimates_ln_mw_only_dynamic.dta not found)
file ../temp/estimates_ln_mw_only_dynamic.dta saved

 ( 1)  D.ln_mw = 0

------------------------------------------------------------------------------
D.           |
ln_med_ren~r |      Coef.   Std. Err.      t    P>|t|     [95% Conf. Interval]
-------------+----------------------------------------------------------------
         (1) |    .027567   .0143454     1.92   0.062    -.0014261    .0565601
------------------------------------------------------------------------------

 ( 1)  D.ln_mw + LD.ln_mw = 0

------------------------------------------------------------------------------
D.           |
ln_med_ren~r |      Coef.   Std. Err.      t    P>|t|     [95% Conf. Interval]
-------------+----------------------------------------------------------------
         (1) |    .024156   .0229312     1.05   0.298    -.0221898    .0705017
------------------------------------------------------------------------------

 ( 1)  D.ln_mw + LD.ln_mw + L2D.ln_mw = 0

------------------------------------------------------------------------------
D.           |
ln_med_ren~r |      Coef.   Std. Err.      t    P>|t|     [95% Conf. Interval]
-------------+----------------------------------------------------------------
         (1) |   .0225717   .0319508     0.71   0.484    -.0420034    .0871468
------------------------------------------------------------------------------

 ( 1)  D.ln_mw + LD.ln_mw + L2D.ln_mw + L3D.ln_mw = 0

------------------------------------------------------------------------------
D.           |
ln_med_ren~r |      Coef.   Std. Err.      t    P>|t|     [95% Conf. Interval]
-------------+----------------------------------------------------------------
         (1) |    .025031   .0364243     0.69   0.496    -.0485854    .0986473
------------------------------------------------------------------------------

 ( 1)  D.ln_mw + LD.ln_mw + L2D.ln_mw + L3D.ln_mw + L4D.ln_mw = 0

------------------------------------------------------------------------------
D.           |
ln_med_ren~r |      Coef.   Std. Err.      t    P>|t|     [95% Conf. Interval]
-------------+----------------------------------------------------------------
         (1) |   .0333891   .0403921     0.83   0.413    -.0482463    .1150245
------------------------------------------------------------------------------

 ( 1)  D.ln_mw + LD.ln_mw + L2D.ln_mw + L3D.ln_mw + L4D.ln_mw + L5D.ln_mw = 0

------------------------------------------------------------------------------
D.           |
ln_med_ren~r |      Coef.   Std. Err.      t    P>|t|     [95% Conf. Interval]
-------------+----------------------------------------------------------------
         (1) |   .0295354   .0419569     0.70   0.486    -.0552625    .1143334
------------------------------------------------------------------------------

 ( 1)  D.ln_mw + LD.ln_mw + L2D.ln_mw + L3D.ln_mw + L4D.ln_mw + L5D.ln_mw +
       L6D.ln_mw = 0

------------------------------------------------------------------------------
D.           |
ln_med_ren~r |      Coef.   Std. Err.      t    P>|t|     [95% Conf. Interval]
-------------+----------------------------------------------------------------
         (1) |   .0261376   .0433379     0.60   0.550    -.0614515    .1137267
------------------------------------------------------------------------------
number of observations will be reset to 8
Press any key to continue, or Break to abort
number of observations (_N) was 0, now 8
(note: file ../temp/estimates_ln_mw_only_dynamic_sumsum_from0.dta not found)
file ../temp/estimates_ln_mw_only_dynamic_sumsum_from0.dta saved
(note: variable at was byte, now float to accommodate using data's values)
(note: variable var was str5, now str12 to accommodate using data's values)
(1 observation deleted)
file ../temp/estimates_ln_mw_only_dynamic.dta saved
(note: file ../temp/estimates_ln_mw_only_dynamic.csv not found)
file ../temp/estimates_ln_mw_only_dynamic.csv saved
(note: file ../output/estimates_dynamic.dta not found)
file ../output/estimates_dynamic.dta saved
(note: file ../output/estimates_dynamic.csv not found)
file ../output/estimates_dynamic.csv saved

. 
end of do-file


Execute:  R CMD BATCH --no-save "./tables.R" tables.Rout

R version 4.1.1 (2021-08-10) -- "Kick Things"
Copyright (C) 2021 The R Foundation for Statistical Computing
Platform: x86_64-w64-mingw32/x64 (64-bit)

R is free software and comes with ABSOLUTELY NO WARRANTY.
You are welcome to redistribute it under certain conditions.
Type 'license()' or 'licence()' for distribution details.

  Natural language support but running in an English locale

R is a collaborative project with many contributors.
Type 'contributors()' for more information and
'citation()' on how to cite R or R packages in publications.

Type 'demo()' for some demos, 'help()' for on-line help, or
'help.start()' for an HTML browser interface to help.
Type 'q()' to quit R.

> remove(list = ls())
> 
> 
> main <- function() {
+   
+   instub  <- "../output/"
+   outstub <- "../output/"
+   
+   est <- read.csv(file.path(instub, "estimates_static.csv"))
+   est_var <- est[est$var != "cumsum_from0", ]
+   
+   
+   txt <- c("<tab:static>")
+   txt <- c(txt, 
+            paste(est_var[est_var$model == "exp_mw_on_mw",]$b,
+                  est_var[est_var$model == "static_statutory",]$b, 
+                  est_var[est_var$model == "static_both" & est_var$var == "ln_mw",]$b, sep = "\t"))
+   
+   txt <- c(txt, 
+            paste(est_var[est_var$model == "exp_mw_on_mw",]$se,
+                  est_var[est_var$model == "static_statutory",]$se, 
+                  est_var[est_var$model == "static_both" & est_var$var == "ln_mw",]$se, sep = "\t"))
+   
+   txt <- c(txt, 
+            paste(est_var[est_var$model == "static_experienced",]$b, 
+                  est_var[est_var$model == "static_both" & est_var$var == "exp_ln_mw",]$b, sep = "\t"))
+   txt <- c(txt, 
+            paste(est_var[est_var$model == "static_experienced",]$se, 
+                  est_var[est_var$model == "static_both" & est_var$var == "exp_ln_mw",]$se, sep = "\t"))
+   
+   txt <- c(txt, paste0(est[est$model == "static_both" & est$var == "cumsum_from0",]$b))
+   txt <- c(txt, paste0(est[est$model == "static_both" & est$var == "cumsum_from0",]$se))
+   txt <- c(txt, paste0(est[est$model == "static_both" & est$var == "cumsum_from0",]$p_equality))
+   
+   txt <- c(txt, 
+            paste(est_var[est_var$model == "exp_mw_on_mw",]$r2,
+                  est_var[est_var$model == "static_statutory",]$r2, 
+                  est_var[est_var$model == "static_experienced",]$r2, 
+                  est_var[est_var$model == "static_both",]$r2[1], sep = "\t"))
+   
+   txt <- c(txt, 
+            paste(est_var[est_var$model == "exp_mw_on_mw",]$N,
+                  est_var[est_var$model == "static_statutory",]$N, 
+                  est_var[est_var$model == "static_experienced",]$N, 
+                  est_var[est_var$model == "static_both",]$N[1], sep = "\t"))
+   
+   fileConn <- file(file.path(outstub, "static.txt"))
+   writeLines(txt, fileConn)
+   close(fileConn)
+ }
> 
> 
> 
> 
> main()
> 
> proc.time()
   user  system elapsed 
   0.25    0.23    0.40 


Execute:  StataMP-64 /e do "./figures.do"

  ___  ____  ____  ____  ____ (R)
 /__    /   ____/   /   ____/
___/   /   /___/   /   /___/   15.1   Copyright 1985-2017 StataCorp LLC
  Statistics/Data Analysis            StataCorp
                                      4905 Lakeway Drive
     MP - Parallel Edition            College Station, Texas 77845 USA
                                      800-STATA-PC        http://www.stata.com
                                      979-696-4600        stata@stata.com
                                      979-696-4601 (fax)

Single-user 32-core Stata perpetual license:
       Serial number:  501506205566
         Licensed to:  KU Leuven FEB (CES)
                       KU Leuven

Notes:
      1.  Stata is running in batch mode.
      2.  Unicode is supported; see help unicode_advice.
      3.  More than 2 billion observations are allowed; see help obs_advice.
      4.  Maximum number of variables is set to 5000; see help set_maxvar.

. do ./figures.do 

. clear all

. set more off

. adopath + ../../../lib/stata/gslab_misc/ado
  [1]  (BASE)      "C:\Program Files\Stata15\ado\base/"
  [2]  (SITE)      "C:\Program Files\Stata15\ado\site/"
  [3]              "."
  [4]  (PERSONAL)  "c:\ado\personal/"
  [5]  (PLUS)      "c:\ado\plus/"
  [6]  (OLDPLACE)  "c:\ado/"
  [7]              "../../../lib/stata/gslab_misc/ado"

. adopath + ../../../lib/stata/min_wage/ado
  [1]  (BASE)      "C:\Program Files\Stata15\ado\base/"
  [2]  (SITE)      "C:\Program Files\Stata15\ado\site/"
  [3]              "."
  [4]  (PERSONAL)  "c:\ado\personal/"
  [5]  (PLUS)      "c:\ado\plus/"
  [6]  (OLDPLACE)  "c:\ado/"
  [7]              "../../../lib/stata/gslab_misc/ado"
  [8]              "../../../lib/stata/min_wage/ado"

. set maxvar 32000 


. 
. program main
  1.         local instub "../../fd_baseline/output"
  2.         
.         use "`instub'/estimates_dynamic.dta", replace
  3.         gen_shift_and_bounds
  4.         
.         local exp_ln_mw_var "exp_ln_mw_17"
  5.         
.     plot_dynamics, model(ln_mw_only_dynamic) var(ln_mw) ///
>             legend_var(Coefficents of ln MW) ///
>                 color(maroon) symbol(square) ///
>                 name(fd_ln_mw_only_dynamic)
  6.                 
.     plot_dynamics, model(`exp_ln_mw_var'_only_dynamic) var(`exp_ln_mw_var') /
> //
>             legend_var(Coefficents of experienced ln MW) ///
>                 color(navy) symbol(circle) ///
>                 name(fd_`exp_ln_mw_var'_only_dynamic)
  7.                 
.     plot_dynamics_both, model(baseline_`exp_ln_mw_var'_dynamic) dyn_var(`exp_
> ln_mw_var') ///
>             legend_dyn_var(Coefficents of experienced ln MW) ///
>                 color_dyn_var(navy) symbol_dyn_var(cirlce) ///
>             stat_var(ln_mw) legend_stat_var(Coefficent of ln MW) ///
>                 color_stat_var(maroon) symbol_stat_var(square) ///
>                 name(fd_baseline_`exp_ln_mw_var'_dynamic)
  8.                 
.     plot_dynamics_both, model(both_ln_mw_dynamic) dyn_var(ln_mw) ///
>             legend_dyn_var(Coefficents of ln MW) ///
>                 color_dyn_var(maroon) symbol_dyn_var(square) ///
>             stat_var(`exp_ln_mw_var') legend_stat_var(Coefficent of experienc
> ed ln MW) ///
>                 color_stat_var(navy) symbol_stat_var(circle) ///
>                 name(fd_both_ln_mw_dynamic)
  9. end

. 
. program gen_shift_and_bounds
  1.         gen at_right = at + 0.1
  2.         gen at_left = at - 0.1
  3. 
.         gen b_lb = b - 1.96*se
  4.         gen b_ub = b + 1.96*se
  5. end

. 
. program plot_dynamics
  1.     syntax, model(str) var(str) ///
>             legend_var(str) color(str) symbol(str) ///
>                 name(str)
  2.                 
.         preserve
  3.             keep if model == "`model'"
  4.                 twoway (scatter b at if var == "`var'", mcol(`color') msym
> bol(`symbol')) ///
>                         (rcap b_lb b_ub at if var == "`var'", lcol(`color') l
> w(thin)) ///
>                         (line b at_left if var == "cumsum_from0", col(`color'
> )) ///
>                                 (line b_lb at_left if var == "cumsum_from0", 
> ///
>                                     col(`color') lw(thin) lp(dash)) ///
>                                 (line b_ub at_left if var == "cumsum_from0", 
> ///
>                                     col(`color') lw(thin) lp(dash)), ///
>                         yline(0, lcol(black)) ///
>                         xlabel(-6(1)6, labsize(small)) xtitle("") ///
>                         ylabel(-0.06(0.02).16, grid labsize(small)) ytitle("C
> oefficient") ///
>             legend(order(1 `"`legend_var'"' 3 "Cumulative sum")) ///
>                         graphregion(color(white)) bgcolor(white)
  5.                 graph export "../output/`name'.png", replace
  6.                 graph export "../output/`name'.eps", replace
  7.         restore
  8. end

. 
. program plot_dynamics_both
  1.     syntax, model(str) dyn_var(str) stat_var(str) ///
>             legend_dyn_var(str) color_dyn_var(str) symbol_dyn_var(str) ///
>             legend_stat_var(str) color_stat_var(str) symbol_stat_var(str) ///
>                 name(str)
  2.                 
.         preserve
  3.             keep if model == "`model'"
  4.                 twoway (scatter b at if var == "`dyn_var'", ///
>                         mcol(`color_dyn_var') msymbol(`symbol_dyn_var')) ///
>                         (rcap b_lb b_ub at if var == "`dyn_var'", ///
>                             lcol(`color_dyn_var') lw(thin)) ///
>                     (scatter b at_right if var == "`stat_var'", ///
>                             mcol(`color_stat_var') msymbol(`symbol_stat_var')
> ) ///
>                     (rcap b_lb b_ub at_right if var == "`stat_var'", ///
>                             col(`color_stat_var') lw(thin)) ///
>                         /*(line b at_left if var == "cumsum_from0", col(`colo
> r_dyn_var')) ///
>                                 (line b_lb at_left if var == "cumsum_from0", 
> ///
>                                     col(`color_dyn_var') lw(thin) lp(dash)) /
> //
>                                 (line b_ub at_left if var == "cumsum_from0", 
> ///
>                                     col(`color_dyn_var') lw(thin) lp(dash))*/
> , ///
>                         yline(0, lcol(black)) ///
>                         xlabel(-6(1)6, labsize(small)) xtitle("") ///
>                         ylabel(-0.06(0.02).16, grid labsize(small)) ytitle("C
> oefficient") ///
>             legend(order(1 `"`legend_dyn_var'"' 3 `"`legend_stat_var'"' ///
>                             5 "Cumulative sum")) ///
>                         graphregion(color(white)) bgcolor(white)
  5.                 graph export "../output/`name'.png", replace
  6.                 graph export "../output/`name'.eps", replace
  7.         restore
  8. end

. 
. 
. main
(65 observations deleted)
(note: file ../output/fd_ln_mw_only_dynamic.png not found)
(file ../output/fd_ln_mw_only_dynamic.png written in PNG format)
(note: file ../output/fd_ln_mw_only_dynamic.eps not found)
(file ../output/fd_ln_mw_only_dynamic.eps written in EPS format)
(65 observations deleted)
(note: file ../output/fd_exp_ln_mw_17_only_dynamic.png not found)
(file ../output/fd_exp_ln_mw_17_only_dynamic.png written in PNG format)
(note: file ../output/fd_exp_ln_mw_17_only_dynamic.eps not found)
(file ../output/fd_exp_ln_mw_17_only_dynamic.eps written in EPS format)
(64 observations deleted)
(note:  named style cirlce not found in class symbol, default attributes
    used)
(note: file ../output/fd_baseline_exp_ln_mw_17_dynamic.png not found)
(file ../output/fd_baseline_exp_ln_mw_17_dynamic.png written in PNG format)
(note: file ../output/fd_baseline_exp_ln_mw_17_dynamic.eps not found)
(file ../output/fd_baseline_exp_ln_mw_17_dynamic.eps written in EPS format)
(64 observations deleted)
(note: file ../output/fd_both_ln_mw_dynamic.png not found)
(file ../output/fd_both_ln_mw_dynamic.png written in PNG format)
(note: file ../output/fd_both_ln_mw_dynamic.eps not found)
(file ../output/fd_both_ln_mw_dynamic.eps written in EPS format)

. 
end of do-file

 make.py ended: 2021-10-02 11:08:43
