===============================================================================
File: ../output/estimates_stacked_static_w3.dta
Key: model var at
===============================================================================
  9:8(69955):1806025780:1393789493

    Variable |        Obs        Mean    Std. Dev.       Min        Max
-------------+---------------------------------------------------------
       model |          0
         var |          0
          at |          9           0           0          0          0
           b |          9    .1253001    .2381071  -.0403849   .5424405
          se |          9    .0284051    .0144803   .0111347   .0462085
-------------+---------------------------------------------------------
           N |          9       67895           0      67895      67895
          r2 |          9    .2797672    .3953717   .0805017   .9771373
  p_equality |          3     .099778           0    .099778    .099778




===============================================================================
File: ../output/estimates_stacked_dyn_w3.dta
Key: model var at
===============================================================================
  8:9(97289):3247183441:162720677

    Variable |        Obs        Mean    Std. Dev.       Min        Max
-------------+---------------------------------------------------------
       model |          0
         var |          0
          at |          8           0           2         -3          3
           b |          8   -.0015966    .0359046  -.0391955   .0660085
          se |          8    .0253047    .0080391   .0159028   .0399875
-------------+---------------------------------------------------------
           N |          8       65701           0      65701      65701
          r2 |          8    .0820438           0   .0820438   .0820438
  p_equality |          8    .0742925           0   .0742925   .0742925
  p_pretrend |          8     .617143           0    .617143    .617143




===============================================================================
File: ../output/estimates_stacked_static_w6.dta
Key: model var at
===============================================================================
  9:8(69955):1651778997:2382060621

    Variable |        Obs        Mean    Std. Dev.       Min        Max
-------------+---------------------------------------------------------
       model |          0
         var |          0
          at |          9           0           0          0          0
           b |          9    .1337613    .2277171  -.0264608   .5331213
          se |          9    .0241714    .0084391   .0128993   .0348924
-------------+---------------------------------------------------------
           N |          9      110239           0     110239     110239
          r2 |          9    .2806466    .3947431   .0816994   .9769079
  p_equality |          3    .0932318           0   .0932318   .0932318




===============================================================================
File: ../output/estimates_stacked_dyn_w6.dta
Key: model var at
===============================================================================
  14:9(97289):2103738562:1862689996

    Variable |        Obs        Mean    Std. Dev.       Min        Max
-------------+---------------------------------------------------------
       model |          0
         var |          0
          at |         14           0    3.741657         -6          6
           b |         14   -.0011473    .0247759  -.0354141   .0517842
          se |         14    .0310373    .0100942   .0186789   .0506594
-------------+---------------------------------------------------------
           N |         14      103726           0     103726     103726
          r2 |         14    .0839086           0   .0839086   .0839086
  p_equality |         14     .242128           0    .242128    .242128
  p_pretrend |         14    .0000736           0   .0000736   .0000736




===============================================================================
File: ../output/estimates_stacked_static_w9.dta
Key: model var at
===============================================================================
  9:8(69955):3213336700:3987378535

    Variable |        Obs        Mean    Std. Dev.       Min        Max
-------------+---------------------------------------------------------
       model |          0
         var |          0
          at |          9           0           0          0          0
           b |          9    .1367293    .2302072  -.0194718   .5411541
          se |          9    .0245975    .0102322   .0117641   .0372972
-------------+---------------------------------------------------------
           N |          9      151545           0     151545     151545
          r2 |          9    .2817812    .3934411   .0834954    .975746
  p_equality |          3    .1814969           0   .1814969   .1814969




===============================================================================
File: ../output/estimates_stacked_dyn_w9.dta
Key: model var at
===============================================================================
  20:9(97289):4181570422:3569605906

    Variable |        Obs        Mean    Std. Dev.       Min        Max
-------------+---------------------------------------------------------
       model |          0
         var |          0
          at |         20           0    5.477226         -9          9
           b |         20     .002997    .0386963  -.0721342   .0960282
          se |         20    .0367189    .0131459   .0215542   .0682113
-------------+---------------------------------------------------------
           N |         20      129047           0     129047     129047
          r2 |         20    .0865246           0   .0865246   .0865246
  p_equality |         20    .4320718           0   .4320718   .4320718
  p_pretrend |         20    3.98e-06           0   3.98e-06   3.98e-06




