===============================================================================
File: ../../../drive/derived_large/county_year/county_year.dta
Key: countyfips year
===============================================================================
  31404:305(75317):3559337842:2328370151

    Variable |        Obs        Mean    Std. Dev.       Min        Max
-------------+---------------------------------------------------------
  countyfips |          0
        year |     31,404      2014.5    2.872371       2010       2019
  county_num |     31,404    30393.94    15156.69       1001      56045
   statefips |          0
statefips_~m |     31,404    30.29035    15.13852          1         56
-------------+---------------------------------------------------------
        cbsa |          0
    cbsa_num |     31,404    59107.82    35824.47      10100      99999
statutory_mw |     31,404    7.681207     .841106       7.25      15.59
      mw_res |     31,404    2.033635    .0977434   1.981001    2.74663
mw_wkp_to~09 |     31,390    2.034124    .0961317   1.632222   2.673314
-------------+---------------------------------------------------------
mw_wkp_~9_09 |     31,390    2.034102    .0956383   1.689887    2.66735
mw_wkp_~4_09 |     31,390    2.034073    .0963991   1.597781   2.673278
mw_wkp_~5_09 |     31,390    2.034225    .0961362    1.65792   2.682497
mw_wkp_~0_09 |     31,390    2.034129    .0959699   1.699038   2.679004
mw_~_3333_09 |     31,390    2.033811    .0961458   1.556501   2.672697
-------------+---------------------------------------------------------
mw_~e3333_09 |     31,390    2.034347    .0963651   1.578359   2.675375
mw_wkp_go~09 |     31,390    2.034026    .0946313    1.84251   2.643271
mw_wkp_tr~09 |     31,390    2.034512     .095579   1.873436   2.658219
mw_wkp_ot~09 |     31,390    2.034075    .0968266   1.526424   2.683143
mw_wkp_to~10 |     31,390    2.034556    .0960785   1.652323   2.673449
-------------+---------------------------------------------------------
mw_wkp_~9_10 |     31,390    2.034525    .0954112   1.763316   2.667251
mw_wkp_~4_10 |     31,390    2.034503    .0963735   1.578287   2.674485
mw_wkp_~5_10 |     31,390    2.034724    .0961667   1.698667   2.682524
mw_wkp_~0_10 |     31,390    2.034394    .0957966   1.698758   2.678882
mw_~_3333_10 |     31,390    2.034142    .0959628   1.629898   2.673204
-------------+---------------------------------------------------------
mw_~e3333_10 |     31,390    2.034918    .0965683   1.502083   2.677596
mw_wkp_go~10 |     31,390    2.034109     .094287   1.797314   2.643798
mw_wkp_tr~10 |     31,390    2.034642    .0954335    1.90911   2.657952
mw_wkp_ot~10 |     31,390    2.034637    .0968297   1.526836   2.683048
mw_wkp_to~11 |     31,390    2.034247    .0963311   1.647825   2.674497
-------------+---------------------------------------------------------
mw_wkp_~9_11 |     31,390    2.034151    .0958711   1.569597    2.66673
mw_wkp_~4_11 |     31,390    2.034216    .0965543   1.618283   2.675069
mw_wkp_~5_11 |     31,390     2.03442    .0963583   1.665612   2.681889
mw_wkp_~0_11 |     31,390    2.034109    .0961271   1.496391   2.678843
mw_~_3333_11 |     31,390    2.033762     .096474   1.518559   2.671905
-------------+---------------------------------------------------------
mw_~e3333_11 |     31,390    2.034634    .0966948   1.498236   2.677505
mw_wkp_go~11 |     31,390    2.034177    .0942801   1.807162   2.644083
mw_wkp_tr~11 |     31,390    2.034442    .0954531   1.791731   2.657789
mw_wkp_ot~11 |     31,390     2.03425    .0972988   1.528953   2.683808
mw_wkp_to~12 |     31,390    2.034206    .0961349   1.669763   2.675257
-------------+---------------------------------------------------------
mw_wkp_~9_12 |     31,390    2.034098     .095689   1.499719   2.671224
mw_wkp_~4_12 |     31,390    2.034159    .0964084   1.631413   2.675222
mw_wkp_~5_12 |     31,390    2.034433    .0961359   1.687795   2.679802
mw_wkp_~0_12 |     31,390    2.034055    .0958975   1.618451   2.680638
mw_~_3333_12 |     31,390    2.033804    .0960359   1.619902   2.672699
-------------+---------------------------------------------------------
mw_~e3333_12 |     31,390    2.034492    .0967066   1.532138    2.67695
mw_wkp_go~12 |     31,390    2.034198    .0941242   1.832928   2.644552
mw_wkp_tr~12 |     31,390    2.034519    .0953439    1.71798   2.660977
mw_wkp_ot~12 |     31,390    2.034132    .0973792   1.435099   2.684208
mw_wkp_to~13 |     31,390    2.034233    .0959779   1.679172   2.675528
-------------+---------------------------------------------------------
mw_wkp_~9_13 |     31,390    2.034119    .0953363   1.620105   2.671275
mw_wkp_~4_13 |     31,390    2.034162    .0962735   1.651823   2.675368
mw_wkp_~5_13 |     31,390      2.0345    .0960259   1.714144   2.680661
mw_wkp_~0_13 |     31,390     2.03405    .0957575   1.644359   2.680931
mw_~_3333_13 |     31,390    2.033917    .0957544    1.66685   2.671835
-------------+---------------------------------------------------------
mw_~e3333_13 |     31,390    2.034455    .0966341   1.552419   2.675967
mw_wkp_go~13 |     31,390     2.03406    .0939546   1.844778   2.642217
mw_wkp_tr~13 |     31,390    2.034534    .0951809   1.787077   2.660962
mw_wkp_ot~13 |     31,390    2.034227    .0970896   1.494696   2.684767
mw_wkp_to~14 |     31,390    2.034484    .0956623   1.717443   2.674309
-------------+---------------------------------------------------------
mw_wkp_~9_14 |     31,390    2.034392    .0947598   1.814531   2.669046
mw_wkp_~4_14 |     31,390    2.034426    .0959982   1.652109   2.674511
mw_wkp_~5_14 |     31,390    2.034705    .0958326   1.735542   2.679426
mw_wkp_~0_14 |     31,390     2.03448    .0952724   1.749007   2.679011
mw_~_3333_14 |     31,390    2.034168    .0955628   1.641246   2.671743
-------------+---------------------------------------------------------
mw_~e3333_14 |     31,390    2.034557    .0963026   1.530083   2.676216
mw_wkp_go~14 |     31,390     2.03412    .0937646   1.833265    2.64135
mw_wkp_tr~14 |     31,390    2.034654    .0949698   1.872142   2.661024
mw_wkp_ot~14 |     31,390    2.034573    .0964803   1.630702   2.683962
mw_wkp_to~15 |     31,390    2.034547    .0957872   1.584575   2.677658
-------------+---------------------------------------------------------
mw_wkp_~9_15 |     31,390    2.034504    .0949104   1.803116   2.677957
mw_wkp_~4_15 |     31,390    2.034499    .0962315   1.438714   2.677101
mw_wkp_~5_15 |     31,390    2.034686    .0958837   1.694388   2.679003
mw_wkp_~0_15 |     31,390    2.034375    .0952812   1.756875   2.681634
mw_~_3333_15 |     31,390    2.034219    .0956034   1.557923   2.672393
-------------+---------------------------------------------------------
mw_~e3333_15 |     31,390    2.034752     .096571   1.394095   2.679329
mw_wkp_go~15 |     31,390    2.034244    .0938418   1.838279   2.643817
mw_wkp_tr~15 |     31,390    2.034771    .0951242   1.925589   2.661567
mw_wkp_ot~15 |     31,390    2.034609    .0967177   1.414836   2.686967
mw_wkp_to~16 |     31,390    2.034637    .0958513   1.564673   2.677867
-------------+---------------------------------------------------------
mw_wkp_~9_16 |     31,390    2.034537    .0951228    1.69174   2.678285
mw_wkp_~4_16 |     31,390    2.034601    .0961757   1.492431   2.677659
mw_wkp_~5_16 |     31,390    2.034791      .09593   1.599227   2.678007
mw_wkp_~0_16 |     31,390    2.034385    .0953913   1.697371    2.68056
mw_~_3333_16 |     31,390    2.034323    .0955592   1.596483   2.672599
-------------+---------------------------------------------------------
mw_~e3333_16 |     31,390    2.034859    .0965977   1.391339   2.680039
mw_wkp_go~16 |     31,390    2.034446    .0940309    1.82755   2.643124
mw_wkp_tr~16 |     31,390    2.034675    .0951446   1.793328   2.662613
mw_wkp_ot~16 |     31,390     2.03471    .0966935   1.426205   2.686903
mw_wkp_to~17 |     31,390    2.034723    .0957267   1.575526   2.676339
-------------+---------------------------------------------------------
mw_wkp_~9_17 |     31,390    2.034641    .0948908    1.77245    2.67486
mw_wkp_~4_17 |     31,390    2.034703    .0961416    1.45921   2.676619
mw_wkp_~5_17 |     31,390    2.034826    .0958255   1.630454    2.67727
mw_wkp_~0_17 |     31,390    2.034476    .0951133   1.755138   2.677572
mw_~_3333_17 |     31,390    2.034423    .0955075   1.577436   2.670678
-------------+---------------------------------------------------------
mw_~e3333_17 |     31,390    2.034922    .0964929   1.399908   2.678578
mw_wkp_go~17 |     31,390    2.034529    .0940124   1.827102   2.640262
mw_wkp_tr~17 |     31,390    2.034805    .0950184   1.874876   2.660372
mw_wkp_ot~17 |     31,390    2.034792    .0965553   1.416818   2.685137
mw_wkp_to~18 |     31,390    2.034709    .0956504   1.648147   2.676701
-------------+---------------------------------------------------------
mw_wkp_~9_18 |     31,390    2.034598    .0948283   1.766695   2.676225
mw_wkp_~4_18 |     31,390    2.034665    .0960152   1.578014   2.676775
mw_wkp_~5_18 |     31,390    2.034877    .0957489   1.669247   2.677035
mw_wkp_~0_18 |     31,390    2.034406    .0950756   1.748549   2.676466
mw_~_3333_18 |     31,390    2.034385    .0954732   1.643578   2.670975
-------------+---------------------------------------------------------
mw_~e3333_18 |     31,390    2.034994    .0961415   1.568252    2.67911
mw_wkp_go~18 |     31,390    2.034473    .0938975    1.82316   2.641034
mw_wkp_tr~18 |     31,390    2.034833    .0950109   1.914968   2.660055
mw_wkp_ot~18 |     31,390    2.034776    .0964709   1.500091   2.685534
mw_wkp_tot~r |     28,251    2.027337      .08445   1.647844   2.616972
-------------+---------------------------------------------------------
mw_~9_timvar |     28,251    2.027263    .0837787   1.499719   2.616218
mw_~4_timvar |     28,251    2.027289    .0847891   1.547256   2.616697
mw_~5_timvar |     28,251    2.027511    .0844885   1.665614    2.61867
mw_~0_timvar |     28,251     2.02717    .0839652   1.496391    2.61954
mw_wkp_ear.. |     28,251    2.027039    .0844082   1.518559   2.609626
-------------+---------------------------------------------------------
mw_wkp_ear.. |     28,251    2.027525    .0851088   1.496136   2.618677
mw_wkp_goo~r |     28,251    2.027243    .0826637   1.797314   2.549192
mw_wkp_tra~r |     28,251    2.027501      .08363    1.71798   2.588885
mw_wkp_oth~r |     28,251    2.027351    .0854091   1.435099   2.628073
    ln_rents |      4,773   -.0465007    .3382874  -.7323679   2.639057
-------------+---------------------------------------------------------
statutory_~g |     31,404    7.680921    .8340118       7.25     15.295
  mw_res_avg |     31,404    2.033647     .097052   1.981001    2.72734
ln_rents_avg |      4,943   -.0563954    .3398193  -.7396241   2.712092
mw_~t_09_avg |     31,390     2.03405    .0953291   1.632221   2.669306
mw_~9_09_avg |     31,390     2.03402    .0948281   1.689887   2.665609
-------------+---------------------------------------------------------
mw_~4_09_avg |     31,390    2.034001    .0955977   1.597781   2.671004
mw_~5_09_avg |     31,390    2.034157    .0953426    1.65792   2.669069
mw_~0_09_avg |     31,390    2.034056    .0951831    1.69903   2.664316
mw_wkp_ear.. |     31,390    2.033741    .0953594   1.556501   2.670774
mw_wkp_ear.. |     31,390    2.034267    .0955357   1.578359   2.673018
-------------+---------------------------------------------------------
mw~od_09_avg |     31,390     2.03398    .0938919    1.84251   2.639426
mw_~l_09_avg |     31,390    2.034406    .0947338   1.873436   2.655054
mw~nd_09_avg |     31,390    2.034004    .0960229   1.526424   2.675368
mw_~t_10_avg |     31,390    2.034452    .0952558    1.65231   2.670258
mw_~9_10_avg |     31,390    2.034412    .0945856   1.763316   2.665333
-------------+---------------------------------------------------------
mw_~4_10_avg |     31,390    2.034402    .0955515   1.578287   2.672241
mw_~5_10_avg |     31,390     2.03462    .0953484   1.698665     2.6706
mw_~0_10_avg |     31,390    2.034305    .0950021   1.698758   2.664153
mw_wkp_ear.. |     31,390    2.034049    .0951644   1.629869   2.671169
mw_wkp_ear.. |     31,390    2.034797     .095713   1.502083   2.675236
-------------+---------------------------------------------------------
mw~od_10_avg |     31,390    2.034048    .0935412   1.797314   2.640451
mw_~l_10_avg |     31,390    2.034526    .0945842    1.90911   2.654747
mw~nd_10_avg |     31,390    2.034528    .0960005   1.526818   2.676589
mw_~t_11_avg |     31,390    2.034144    .0955126   1.647764   2.669553
mw_~9_11_avg |     31,390     2.03404    .0950495   1.569597   2.663059
-------------+---------------------------------------------------------
mw_~4_11_avg |     31,390    2.034116    .0957366   1.618283   2.672196
mw_~5_11_avg |     31,390    2.034318    .0955437   1.665612   2.669963
mw_~0_11_avg |     31,390     2.03402    .0953344   1.496391   2.664141
mw_wkp_ear.. |     31,390     2.03367    .0956807   1.518559   2.669838
mw_wkp_ear.. |     31,390    2.034515    .0958469   1.498236   2.675187
-------------+---------------------------------------------------------
mw~od_11_avg |     31,390    2.034119    .0935359    1.80716    2.64095
mw_~l_11_avg |     31,390    2.034332     .094615   1.791731   2.654647
mw~nd_11_avg |     31,390     2.03414    .0964722   1.528859   2.675595
mw_~t_12_avg |     31,390    2.034099    .0953115   1.669763   2.669839
mw_~9_12_avg |     31,390    2.033988    .0948659   1.499719   2.666481
-------------+---------------------------------------------------------
mw_~4_12_avg |     31,390    2.034052    .0955837   1.631413   2.671507
mw_~5_12_avg |     31,390    2.034328    .0953186   1.687789   2.669058
mw_~0_12_avg |     31,390    2.033963    .0950989   1.618451   2.665866
mw_wkp_ear.. |     31,390     2.03371    .0952385   1.619902   2.670738
mw_wkp_ear.. |     31,390    2.034368    .0958536   1.532138   2.674602
-------------+---------------------------------------------------------
mw~od_12_avg |     31,390     2.03413    .0933745   1.832928   2.641435
mw_~l_12_avg |     31,390    2.034407    .0945047    1.71798   2.657928
mw~nd_12_avg |     31,390    2.034019    .0965503   1.435099   2.675152
mw_~t_13_avg |     31,390    2.034123    .0951524   1.679135   2.669161
mw_~9_13_avg |     31,390    2.034008    .0945091   1.619912   2.666652
-------------+---------------------------------------------------------
mw_~4_13_avg |     31,390    2.034053    .0954464   1.651823   2.670835
mw_~5_13_avg |     31,390    2.034393    .0952074   1.714144   2.667341
mw_~0_13_avg |     31,390    2.033957    .0949596   1.644359   2.666105
mw_wkp_ear.. |     31,390    2.033821     .094953    1.66685   2.669847
mw_wkp_ear.. |     31,390    2.034328    .0957793   1.552419   2.673608
-------------+---------------------------------------------------------
mw~od_13_avg |     31,390    2.033995    .0932113   1.844778   2.639096
mw_~l_13_avg |     31,390    2.034419    .0943386   1.787077   2.657988
mw~nd_13_avg |     31,390    2.034111    .0962556   1.494696   2.674377
mw_~t_14_avg |     31,390    2.034368     .094833   1.717443   2.669195
mw_~9_14_avg |     31,390    2.034274    .0939291   1.814531    2.66552
-------------+---------------------------------------------------------
mw_~4_14_avg |     31,390    2.034311    .0951681   1.652109   2.671088
mw_~5_14_avg |     31,390    2.034589    .0950091   1.735538   2.668155
mw_~0_14_avg |     31,390    2.034377    .0944666   1.748999   2.664276
mw_wkp_ear.. |     31,390    2.034066    .0947602   1.641188   2.669806
mw_wkp_ear.. |     31,390    2.034426    .0954462   1.530083   2.673996
-------------+---------------------------------------------------------
mw~od_14_avg |     31,390    2.034053    .0930193    1.83326   2.637432
mw_~l_14_avg |     31,390    2.034534    .0941287      1.872   2.658111
mw~nd_14_avg |     31,390    2.034448    .0956381   1.630702   2.674318
mw_~t_15_avg |     31,390    2.034437    .0949656   1.584575   2.670474
mw_~9_15_avg |     31,390    2.034395    .0940889   1.803116   2.668122
-------------+---------------------------------------------------------
mw_~4_15_avg |     31,390    2.034387    .0954077   1.438714   2.672089
mw_~5_15_avg |     31,390    2.034577    .0950692   1.694389    2.66873
mw_~0_15_avg |     31,390    2.034283    .0944887   1.756876   2.666829
mw_wkp_ear.. |     31,390    2.034122    .0948092   1.557923   2.670455
mw_wkp_ear.. |     31,390    2.034621    .0957199   1.394095   2.675933
-------------+---------------------------------------------------------
mw~od_15_avg |     31,390    2.034175    .0931031   1.838276   2.640212
mw_~l_15_avg |     31,390    2.034653    .0942865   1.925589   2.658474
mw~nd_15_avg |     31,390    2.034491    .0958855   1.414836   2.675689
mw_~t_16_avg |     31,390    2.034522    .0950264   1.564673   2.670929
mw_~9_16_avg |     31,390    2.034426    .0943012    1.69174   2.668776
-------------+---------------------------------------------------------
mw_~4_16_avg |     31,390    2.034485     .095348   1.492431   2.672249
mw_~5_16_avg |     31,390    2.034677    .0951092   1.599227   2.669868
mw_~0_16_avg |     31,390    2.034289     .094592   1.697371   2.665837
mw_wkp_ear.. |     31,390    2.034221     .094761   1.596483    2.67069
mw_wkp_ear.. |     31,390    2.034727    .0957466   1.391339   2.676301
-------------+---------------------------------------------------------
mw~od_16_avg |     31,390    2.034372    .0932884    1.82755   2.639563
mw_~l_16_avg |     31,390    2.034558    .0943106   1.793328   2.659608
mw~nd_16_avg |     31,390    2.034587    .0958549   1.426205    2.67605
mw_~t_17_avg |     31,390    2.034607    .0949026   1.575526   2.669746
mw_~9_17_avg |     31,390     2.03453    .0940679    1.77245   2.666523
-------------+---------------------------------------------------------
mw_~4_17_avg |     31,390    2.034586    .0953156    1.45921   2.671407
mw_~5_17_avg |     31,390     2.03471    .0950065   1.630454   2.669042
mw_~0_17_avg |     31,390    2.034377    .0943141   1.755138   2.663021
mw_wkp_ear.. |     31,390    2.034322    .0947115   1.577436   2.668737
mw_wkp_ear.. |     31,390    2.034789    .0956436   1.399908    2.67571
-------------+---------------------------------------------------------
mw~od_17_avg |     31,390    2.034457    .0932762   1.827102   2.636652
mw_~l_17_avg |     31,390    2.034684    .0941801   1.874876   2.657221
mw~nd_17_avg |     31,390    2.034668    .0957173   1.416818   2.675172
mw_~t_18_avg |     31,390    2.034594    .0948265   1.648101   2.669773
mw_~9_18_avg |     31,390     2.03449     .094011   1.766502   2.666511
-------------+---------------------------------------------------------
mw_~4_18_avg |     31,390    2.034548    .0951876   1.578014    2.67165
mw_~5_18_avg |     31,390    2.034761    .0949288   1.669247   2.668507
mw_~0_18_avg |     31,390    2.034308    .0942784   1.748549   2.661831
mw_wkp_ear.. |     31,390    2.034283    .0946761   1.643578   2.669106
mw_wkp_ear.. |     31,390    2.034863     .095293   1.568114   2.675951
-------------+---------------------------------------------------------
mw~od_18_avg |     31,390    2.034404    .0931649   1.823157   2.637443
mw_~l_18_avg |     31,390    2.034712    .0941723   1.914968   2.656906
mw~nd_18_avg |     31,390    2.034651     .095632   1.500022   2.675188
mw_wkp_tot.. |     28,251     2.02732    .0837592   1.647844   2.594153
mw_wkp_age.. |     28,251    2.027246    .0830869   1.499719   2.593411
-------------+---------------------------------------------------------
mw_wkp_age.. |     28,251    2.027271    .0840965   1.547346   2.594042
mw_wkp_age.. |     28,251    2.027495    .0838041   1.665613   2.595349
mw_wkp_ear.. |     28,251    2.027169    .0832983   1.496391   2.595461
mw_wkp_ear.. |     28,251    2.027035    .0837446   1.518559   2.586979
mw_wkp_ear.. |     28,251    2.027491    .0843935   1.496136   2.596093
-------------+---------------------------------------------------------
mw_wkp_goo.. |     28,251    2.027268    .0820628   1.797314   2.544006
mw_wkp_tra.. |     28,251    2.027484    .0829322    1.71798    2.56896
mw_wkp_oth.. |     28,251    2.027325    .0847036   1.435099   2.603875
ln_estcou~rv |     31,321    4.339858     1.75305          0   10.93852
ln_es~rv_avg |     31,335    4.334252     1.75478          0   10.93169
-------------+---------------------------------------------------------
ln_estcoun~t |     31,291    4.202762     1.53468          0   9.737374
ln_est~t_avg |     31,306    4.197284    1.536846          0   9.726059
ln_estcoun~e |     31,247    4.299008     1.68836          0   12.41164
ln_est~e_avg |     31,255    4.294673    1.688691          0   12.40821
ln_estc~dgov |     31,391    2.557945     .845575          0   6.122493
-------------+---------------------------------------------------------
ln_estcoun.. |     31,392    2.556691    .8467334          0   6.117542
ln_estcoun~n |     31,305    4.041712    1.592255          0   10.31685
ln_est~n_avg |     31,318     4.03945    1.593584          0   10.31258
ln_estcoun~o |     30,321    2.307484    1.419948          0   9.488881
ln_est~o_avg |     30,395       2.301    1.419834          0   9.482695
-------------+---------------------------------------------------------
ln_estcou~is |     31,315    4.169213    1.543215          0   10.57699
ln_es~is_avg |     31,324     4.16474    1.543885          0   10.57256
ln_estc~cgov |     31,404    3.418596     .968174          0   8.333751
ln_estcoun.. |     31,404    3.418245    .9676717          0   8.330255
ln_estcoun~u |     30,804    3.394651    1.518732          0   9.508146
-------------+---------------------------------------------------------
ln_est~u_avg |     30,841    3.390044    1.521834          0   9.502823
ln_estcou~es |     31,137    3.099407    1.086158          0   7.515889
ln_es~es_avg |     31,171    3.092243    1.089651          0   7.521037
ln_estc~tgov |     30,765    2.490078    .9016463          0   8.682708
~t_stgov_avg |     30,775    2.489344    .9006727          0   8.687128
-------------+---------------------------------------------------------
ln_estcoun~p |     31,397    5.091205    1.423028          0   10.98852
ln_est~p_avg |     31,399    5.089667    1.423383          0    10.9836
ln_avgwwa~rv |     29,558    6.611916    .3367067   4.248495   9.620992
ln_av~rv_avg |     30,145    6.628979    .3459851   4.248495   8.894258
ln_avgwwag~t |     28,124    6.707343    .2701196   5.170484   8.684402
-------------+---------------------------------------------------------
ln_avg~t_avg |     28,850    6.692431    .2725781    4.85203   7.907791
ln_avgwwag~e |     30,168    6.479555    .2864232   3.663562   7.789868
ln_avg~e_avg |     30,405    6.469978    .2867398   3.711262   7.787508
ln_avgw~dgov |     31,386    6.949369    .2438857   3.850147   8.053887
ln_avgwwag.. |     31,387    6.931192    .2304728   4.507414   8.019931
-------------+---------------------------------------------------------
ln_avgwwag~n |     29,894    6.669133      .27041   5.170484   8.233768
ln_avg~n_avg |     30,272    6.716488    .2801599   5.158989   8.521435
ln_avgwwag~o |     24,248    6.678185    .3756419   4.219508   9.032887
ln_avg~o_avg |     24,953     6.67785    .3783129   4.733621   8.899477
ln_avgwwa~is |     30,643    5.623096    .2829692   4.025352   7.293018
-------------+---------------------------------------------------------
ln_av~is_avg |     30,844    5.599043    .2814605   4.207117   7.142036
ln_avgw~cgov |     28,310    6.501488    .2338398   5.451038   7.612337
ln_avgwwag.. |     28,695    6.519331    .2072887   5.723585   7.581707
ln_avgwwag~u |     27,694    6.756087    .2940536   4.624973   8.684402
ln_avg~u_avg |     28,152    6.768569    .3080617   4.979464   8.696846
-------------+---------------------------------------------------------
ln_avgwwa~es |     28,457    6.611365    .3588262   4.532599   8.596559
ln_av~es_avg |     29,143    6.632134     .356244   5.010438   8.384871
ln_avgw~tgov |     27,785    6.701683    .2619609   5.517453   7.966934
~e_stgov_avg |     28,149    6.696079    .2457088   5.686915   8.216347
ln_avgwwag~p |     31,318     6.44531    .2296422   4.983607   8.455105
-------------+---------------------------------------------------------
ln_avg~p_avg |     31,339     6.45361    .2352647   5.148474   7.986041
ln_emp_biz~v |     29,558    6.364968    2.056344   .6931472   13.36667
ln_emp_biz~g |     30,145    6.288342    2.089395   .8958797   13.36607
ln_emp_const |     28,124    6.198514    1.668229          0   12.04606
ln_emp_con~g |     28,850    6.086437    1.699113   1.059351   12.04349
-------------+---------------------------------------------------------
ln_emp_eduhe |     30,168    7.079909    1.790569   .6931472   13.62313
ln_emp_edu~g |     30,405    7.065679    1.808022   .5972531   13.63009
ln_emp_fed~v |     31,382     4.79845    1.702371          0   12.28042
ln_emp_fed~g |     31,387    4.772792    1.702351          0   12.26577
  ln_emp_fin |     29,894    5.886425    1.715135   .6931472   12.89351
-------------+---------------------------------------------------------
ln_emp_fin~g |     30,272    5.845126    1.726364   1.098612   12.87215
 ln_emp_info |     24,248    4.919115    1.734401          0   12.31626
ln_emp_inf~g |     24,953    4.859659    1.748531   .5972531   12.33563
 ln_emp_leis |     30,643    6.822303    1.806475   .6931472   13.21731
ln_emp_lei~g |     30,844    6.726917    1.832991   .8283022   13.20877
-------------+---------------------------------------------------------
ln_emp_loc~v |     28,310    7.198904     1.30866   3.178054   12.96441
ln_emp_loc~g |     28,695    7.369113    1.288892   3.377829   13.01713
 ln_emp_manu |     27,694    7.030917    1.750155   1.098612   12.83883
ln_emp_man~g |     28,152    6.973974     1.78541   1.181679   12.83062
ln_emp_nat~s |     28,457    5.415703    1.312296   .6931472   11.47314
-------------+---------------------------------------------------------
ln_emp_nat~g |     29,143    5.317415    1.315507   .9241962   11.45914
ln_emp_stgov |     27,785    5.399968    1.867362          0   11.64299
ln_emp_stg~g |     28,149    5.390529    1.894672   1.031035   11.63277
ln_emp_tra~p |     31,318    7.459712    1.669511   .6931472   13.63603
ln_emp_tra~g |     31,339    7.445603    1.681898   1.078982   13.64407




