
 make.py started: 2022-06-03 13:23:55 C:\Users\diegog\Desktop\Diego\min_wage_rent\derived\county_year\code 




Execute:  StataMP-64 /e do "./build.do"

  ___  ____  ____  ____  ____ (R)
 /__    /   ____/   /   ____/
___/   /   /___/   /   /___/   15.1   Copyright 1985-2017 StataCorp LLC
  Statistics/Data Analysis            StataCorp
                                      4905 Lakeway Drive
     MP - Parallel Edition            College Station, Texas 77845 USA
                                      800-STATA-PC        http://www.stata.com
                                      979-696-4600        stata@stata.com
                                      979-696-4601 (fax)

Single-user 32-core Stata perpetual license:
       Serial number:  501506205566
         Licensed to:  KU Leuven FEB (CES)
                       KU Leuven

Notes:
      1.  Stata is running in batch mode.
      2.  Unicode is supported; see help unicode_advice.
      3.  More than 2 billion observations are allowed; see help obs_advice.
      4.  Maximum number of variables is set to 5000; see help set_maxvar.


running c:\ado\personal\profile.do ...

. do ./build.do 

. set more off

. clear all

. adopath + ../../../lib/stata/gslab_misc/ado
  [1]  (BASE)      "C:\Program Files\Stata15\ado\base/"
  [2]  (SITE)      "C:\Program Files\Stata15\ado\site/"
  [3]              "."
  [4]  (PERSONAL)  "c:\ado\personal/"
  [5]  (PLUS)      "c:\ado\plus/"
  [6]  (OLDPLACE)  "c:\ado/"
  [7]              "../../../lib/stata/gslab_misc/ado"

. 
. program main
  1.     local in_cty_mth    "../../../drive/derived_large/county_month"
  2.     local in_qcew       "../../../base/qcew/output"
  3.     local outstub       "../../../drive/derived_large/county_year"
  4.     local logfile       "../output/data_file_manifest.log"
  5. 
.     use countyfips cbsa  statefips year month    ///
>         statutory_mw mw_res mw_wkp* medrent* ///
>         using  "`in_cty_mth'/county_month_panel.dta"
  6. 
.     make_yearly_data
  7. 
.     clean_qcew, instub(`in_qcew')
  8. 
.     use "../temp/mw_rents_data.dta", clear
  9.     merge m:1 countyfips year using "../temp/qcew_data.dta", ///
>             nogen keep(1 3)
 10. 
.     destring_geographies
 11. 
.     save_data "`outstub'/county_year.dta", key(countyfips year) ///
>         log(`logfile') replace
 12. end

. 
. program make_yearly_data
  1. 
.     gen ln_rents = log(medrentpricepsqft_SFCC)
  2. 
.     rename *timevary* *timvar* 
  3.     qui describe mw_wkp*, varlist
  4.     local mw_wkp_vars = r(varlist)
  5. 
.     local vars statutory_mw mw_res ln_rents `mw_wkp_vars'
  6. 
.     keep year countyfips cbsa statefips month `vars'
  7.     
.     foreach var of local vars {
  8.         bys countyfips year: egen `var'_avg = mean(`var')
  9.     }
 10. 
.     bysort countyfips year (month): keep if _n == 7
 11.     drop month
 12.     
.     save "../temp/mw_rents_data.dta", replace
 13. end

. 
. program clean_qcew
  1.     syntax, instub(str)
  2.     
.     use countyfips year month estcount* avgwwage* emp*            ///
>        using `instub'/ind_emp_wage_countymonth.dta, clear
  3. 
.     foreach var of varlist estcount* avgwwage* emp* {
  4.         gen ln_`var' = log(`var')
  5.         drop `var'
  6.         bys countyfips year: egen ln_`var'_avg = mean(ln_`var')
  7.     }
  8. 
.         bysort countyfips year (month): keep if _n == 7
  9.     drop month
 10. 
.     save "../temp/qcew_data.dta", replace
 11. end

. 
. program destring_geographies
  1. 
.     destring statefips,  gen(statefips_num)
  2.     destring cbsa,       gen(cbsa_num)
  3.     destring countyfips, gen(county_num)
  4. end

. 
. 
. main
(358,028 missing values generated)
(355428 missing values generated)
(264 missing values generated)
(264 missing values generated)
(264 missing values generated)
(264 missing values generated)
(264 missing values generated)
(264 missing values generated)
(264 missing values generated)
(264 missing values generated)
(264 missing values generated)
(264 missing values generated)
(264 missing values generated)
(264 missing values generated)
(264 missing values generated)
(264 missing values generated)
(264 missing values generated)
(264 missing values generated)
(264 missing values generated)
(264 missing values generated)
(264 missing values generated)
(264 missing values generated)
(264 missing values generated)
(264 missing values generated)
(264 missing values generated)
(264 missing values generated)
(264 missing values generated)
(264 missing values generated)
(264 missing values generated)
(264 missing values generated)
(264 missing values generated)
(264 missing values generated)
(264 missing values generated)
(264 missing values generated)
(264 missing values generated)
(264 missing values generated)
(264 missing values generated)
(264 missing values generated)
(264 missing values generated)
(264 missing values generated)
(264 missing values generated)
(264 missing values generated)
(264 missing values generated)
(264 missing values generated)
(264 missing values generated)
(264 missing values generated)
(264 missing values generated)
(264 missing values generated)
(264 missing values generated)
(264 missing values generated)
(264 missing values generated)
(264 missing values generated)
(264 missing values generated)
(264 missing values generated)
(264 missing values generated)
(264 missing values generated)
(264 missing values generated)
(264 missing values generated)
(264 missing values generated)
(264 missing values generated)
(264 missing values generated)
(264 missing values generated)
(264 missing values generated)
(264 missing values generated)
(264 missing values generated)
(264 missing values generated)
(264 missing values generated)
(264 missing values generated)
(264 missing values generated)
(264 missing values generated)
(264 missing values generated)
(264 missing values generated)
(264 missing values generated)
(264 missing values generated)
(264 missing values generated)
(264 missing values generated)
(264 missing values generated)
(264 missing values generated)
(264 missing values generated)
(264 missing values generated)
(264 missing values generated)
(264 missing values generated)
(264 missing values generated)
(264 missing values generated)
(264 missing values generated)
(264 missing values generated)
(264 missing values generated)
(264 missing values generated)
(264 missing values generated)
(264 missing values generated)
(264 missing values generated)
(264 missing values generated)
(264 missing values generated)
(264 missing values generated)
(264 missing values generated)
(264 missing values generated)
(264 missing values generated)
(264 missing values generated)
(264 missing values generated)
(264 missing values generated)
(264 missing values generated)
(264 missing values generated)
(75624 missing values generated)
(75624 missing values generated)
(75624 missing values generated)
(75624 missing values generated)
(75624 missing values generated)
(75624 missing values generated)
(75624 missing values generated)
(75624 missing values generated)
(75624 missing values generated)
(75624 missing values generated)
(380,182 observations deleted)
(note: file ../temp/mw_rents_data.dta not found)
file ../temp/mw_rents_data.dta saved
(1,026 missing values generated)
(834 missing values generated)
(1,413 missing values generated)
(1248 missing values generated)
(1,914 missing values generated)
(1806 missing values generated)
(213 missing values generated)
(198 missing values generated)
(1,254 missing values generated)
(1104 missing values generated)
(12,999 missing values generated)
(12228 missing values generated)
(1,104 missing values generated)
(984 missing values generated)
(1,938 missing values generated)
(1824 missing values generated)
(7,296 missing values generated)
(6816 missing values generated)
(3,423 missing values generated)
(3048 missing values generated)
(8,847 missing values generated)
(8676 missing values generated)
(108 missing values generated)
(84 missing values generated)
(24,273 missing values generated)
(15528 missing values generated)
(43,059 missing values generated)
(31380 missing values generated)
(17,088 missing values generated)
(12954 missing values generated)
(318 missing values generated)
(258 missing values generated)
(19,974 missing values generated)
(14040 missing values generated)
(88,572 missing values generated)
(77928 missing values generated)
(12,186 missing values generated)
(7902 missing values generated)
(42,783 missing values generated)
(37116 missing values generated)
(47,895 missing values generated)
(40860 missing values generated)
(39,699 missing values generated)
(28992 missing values generated)
(48,867 missing values generated)
(43452 missing values generated)
(1,455 missing values generated)
(1020 missing values generated)
(24,274 missing values generated)
(15528 missing values generated)
(43,060 missing values generated)
(31380 missing values generated)
(17,088 missing values generated)
(12954 missing values generated)
(347 missing values generated)
(258 missing values generated)
(19,974 missing values generated)
(14040 missing values generated)
(88,572 missing values generated)
(77928 missing values generated)
(12,186 missing values generated)
(7902 missing values generated)
(42,783 missing values generated)
(37116 missing values generated)
(47,895 missing values generated)
(40860 missing values generated)
(39,701 missing values generated)
(28992 missing values generated)
(48,867 missing values generated)
(43452 missing values generated)
(1,455 missing values generated)
(1020 missing values generated)
(350,891 observations deleted)
(note: file ../temp/qcew_data.dta not found)
file ../temp/qcew_data.dta saved

    Result                           # of obs.
    -----------------------------------------
    not matched                         3,158
        from master                     3,158  
        from using                          0  

    matched                            31,404  
    -----------------------------------------
statefips: all characters numeric; statefips_num generated as byte
cbsa: all characters numeric; cbsa_num generated as long
countyfips: all characters numeric; county_num generated as long
(data now sorted by countyfips year)
  (0 bytes saved)
===============================================================================
File: ../../../drive/derived_large/county_year/county_year.dta
Key: countyfips year
===============================================================================
  34562:305(75317):1239933542:3098700368

    Variable |        Obs        Mean    Std. Dev.       Min        Max
-------------+---------------------------------------------------------
  countyfips |          0
        year |     34,562        2015    3.162323       2010       2020
  county_num |     34,562    30383.65    15160.31       1001      56045
   statefips |          0
statefips_~m |     34,562    30.28008    15.14215          1         56
-------------+---------------------------------------------------------
        cbsa |          0
    cbsa_num |     34,562    59105.72    35824.06      10100      99999
statutory_mw |     34,562    7.753743    .9764824       7.25      15.59
      mw_res |     34,562    2.041495    .1109358   1.981001    2.74663
mw_wkp_to~09 |     34,540    2.042566    .1082507   1.981001   2.673545
-------------+---------------------------------------------------------
mw_wkp_~9_09 |     34,540    2.042463    .1078369   1.981001    2.66735
mw_wkp_~4_09 |     34,540    2.042594    .1084082   1.981001   2.673527
mw_wkp_~5_09 |     34,540    2.042598    .1082778   1.981001    2.68263
mw_wkp_~0_09 |     34,540    2.042401    .1082881   1.981001   2.679129
mw_~_3333_09 |     34,540    2.042342    .1081099   1.981001   2.672697
-------------+---------------------------------------------------------
mw_~e3333_09 |     34,540    2.042971    .1082009   1.981001   2.675375
mw_wkp_go~09 |     34,540     2.04209    .1070448   1.981001   2.644714
mw_wkp_tr~09 |     34,540    2.042654    .1078814   1.981001   2.658218
mw_wkp_ot~09 |     34,540    2.042693    .1086656   1.981001   2.683356
mw_wkp_to~10 |     34,540    2.042917    .1082027   1.981001    2.67369
-------------+---------------------------------------------------------
mw_wkp_~9_10 |     34,540    2.042773    .1076554   1.981001   2.667251
mw_wkp_~4_10 |     34,540    2.042918    .1083713   1.981001   2.674484
mw_wkp_~5_10 |     34,540    2.043071    .1083335   1.981001   2.682662
mw_wkp_~0_10 |     34,540    2.042581    .1080848   1.981001   2.679005
mw_~_3333_10 |     34,540    2.042573    .1080188   1.981001   2.673204
-------------+---------------------------------------------------------
mw_~e3333_10 |     34,540    2.043407    .1082767   1.981001   2.677596
mw_wkp_go~10 |     34,540    2.042112    .1067386   1.981001   2.646549
mw_wkp_tr~10 |     34,540    2.042725    .1077459   1.981001   2.657952
mw_wkp_ot~10 |     34,540    2.043164    .1086643   1.981001   2.683268
mw_wkp_to~11 |     34,540    2.043033    .1081912   1.981001   2.674719
-------------+---------------------------------------------------------
mw_wkp_~9_11 |     34,540    2.042919    .1076269   1.981001   2.666961
mw_wkp_~4_11 |     34,540    2.043028    .1083604   1.981001   2.675312
mw_wkp_~5_11 |     34,540    2.043177    .1083535   1.981001   2.682027
mw_wkp_~0_11 |     34,540    2.042711    .1080644   1.981001   2.678959
mw_~_3333_11 |     34,540     2.04268    .1080266   1.981001   2.672046
-------------+---------------------------------------------------------
mw_~e3333_11 |     34,540    2.043501    .1082727   1.981001   2.677504
mw_wkp_go~11 |     34,540    2.042256    .1067568   1.981001   2.646878
mw_wkp_tr~11 |     34,540    2.042751    .1077955   1.981001   2.657803
mw_wkp_ot~11 |     34,540     2.04331    .1086414   1.981001   2.684003
mw_wkp_to~12 |     34,540    2.043046    .1080852   1.981001   2.675489
-------------+---------------------------------------------------------
mw_wkp_~9_12 |     34,540     2.04283    .1074848   1.981001   2.671476
mw_wkp_~4_12 |     34,540    2.043067    .1082493   1.981001   2.675473
mw_wkp_~5_12 |     34,540    2.043207    .1082772   1.981001   2.679951
mw_wkp_~0_12 |     34,540    2.042713    .1079805   1.981001   2.680763
mw_~_3333_12 |     34,540    2.042707    .1079162   1.981001   2.672706
-------------+---------------------------------------------------------
mw_~e3333_12 |     34,540    2.043506    .1081598   1.981001   2.676949
mw_wkp_go~12 |     34,540    2.042186    .1065737   1.981001   2.647339
mw_wkp_tr~12 |     34,540    2.042761    .1076957   1.981001   2.660976
mw_wkp_ot~12 |     34,540    2.043364    .1085613   1.981001   2.684413
mw_wkp_to~13 |     34,540    2.043078    .1079571   1.981001     2.6758
-------------+---------------------------------------------------------
mw_wkp_~9_13 |     34,540    2.042812    .1072919   1.981001   2.671597
mw_wkp_~4_13 |     34,540    2.043103    .1081375   1.981001    2.67566
mw_wkp_~5_13 |     34,540    2.043267     .108163   1.981001   2.680816
mw_wkp_~0_13 |     34,540    2.042727    .1078331   1.981001   2.681056
mw_~_3333_13 |     34,540    2.042767    .1078058   1.981001   2.671834
-------------+---------------------------------------------------------
mw_~e3333_13 |     34,540    2.043514    .1080355   1.981001   2.676028
mw_wkp_go~13 |     34,540    2.042134    .1063669   1.981001    2.64496
mw_wkp_tr~13 |     34,540     2.04277     .107581   1.981001   2.660989
mw_wkp_ot~13 |     34,540    2.043429    .1084554   1.981001   2.685023
mw_wkp_to~14 |     34,540    2.043073    .1077988   1.981001   2.674592
-------------+---------------------------------------------------------
mw_wkp_~9_14 |     34,540    2.042782    .1070126   1.981001   2.669385
mw_wkp_~4_14 |     34,540    2.043101    .1079919   1.981001   2.674813
mw_wkp_~5_14 |     34,540    2.043274    .1080611   1.981001    2.67959
mw_wkp_~0_14 |     34,540     2.04279    .1076641   1.981001   2.679136
mw_~_3333_14 |     34,540    2.042753    .1076623   1.981001   2.671743
-------------+---------------------------------------------------------
mw_~e3333_14 |     34,540    2.043451    .1078497   1.981001   2.676216
mw_wkp_go~14 |     34,540    2.042086    .1061663   1.981001   2.643131
mw_wkp_tr~14 |     34,540    2.042766    .1073419   1.981001   2.661024
mw_wkp_ot~14 |     34,540    2.043451    .1083302   1.981001   2.684233
mw_wkp_to~15 |     34,540    2.043026    .1078469   1.981001   2.677917
-------------+---------------------------------------------------------
mw_wkp_~9_15 |     34,540    2.042746    .1072138   1.981001   2.678246
mw_wkp_~4_15 |     34,540    2.043068    .1080242   1.981001   2.677378
mw_wkp_~5_15 |     34,540    2.043184    .1080184   1.981001   2.679175
mw_wkp_~0_15 |     34,540    2.042643    .1076518   1.981001   2.681764
mw_~_3333_15 |     34,540    2.042706    .1077007   1.981001   2.672393
-------------+---------------------------------------------------------
mw_~e3333_15 |     34,540    2.043454    .1079361   1.981001   2.679667
mw_wkp_go~15 |     34,540    2.042165    .1062484   1.981001   2.644038
mw_wkp_tr~15 |     34,540    2.042759    .1074628   1.981001   2.661567
mw_wkp_ot~15 |     34,540    2.043357    .1083459   1.981001   2.687204
mw_wkp_to~16 |     34,540    2.043097    .1078928   1.981001    2.67817
-------------+---------------------------------------------------------
mw_wkp_~9_16 |     34,540    2.042803    .1073316   1.981001   2.678675
mw_wkp_~4_16 |     34,540    2.043134    .1080705   1.981001   2.677972
mw_wkp_~5_16 |     34,540    2.043286    .1080094   1.981001   2.678172
mw_wkp_~0_16 |     34,540    2.042678    .1076473   1.981001   2.680689
mw_~_3333_16 |     34,540    2.042737    .1077236   1.981001   2.672599
-------------+---------------------------------------------------------
mw_~e3333_16 |     34,540    2.043571    .1080347   1.981001   2.680395
mw_wkp_go~16 |     34,540    2.042412    .1064348   1.981001   2.643567
mw_wkp_tr~16 |     34,540    2.042761    .1074783   1.981001   2.662612
mw_wkp_ot~16 |     34,540    2.043404    .1083624   1.981001   2.687195
mw_wkp_to~17 |     34,540     2.04318    .1077797   1.981001   2.676638
-------------+---------------------------------------------------------
mw_wkp_~9_17 |     34,540    2.042988    .1071617   1.981001   2.675192
mw_wkp_~4_17 |     34,540    2.043197    .1079742   1.981001   2.676916
mw_wkp_~5_17 |     34,540    2.043308    .1079134   1.981001   2.677531
mw_wkp_~0_17 |     34,540    2.042779     .107437   1.981001   2.677704
mw_~_3333_17 |     34,540    2.042852    .1076152   1.981001   2.670678
-------------+---------------------------------------------------------
mw_~e3333_17 |     34,540    2.043574    .1079584   1.981001   2.678946
mw_wkp_go~17 |     34,540    2.042508    .1064168   1.981001   2.642769
mw_wkp_tr~17 |     34,540    2.042877    .1073466   1.981001   2.660372
mw_wkp_ot~17 |     34,540    2.043478     .108228   1.981001   2.685422
mw_wkp_to~18 |     34,540    2.043177    .1077424   1.981001   2.677003
-------------+---------------------------------------------------------
mw_wkp_~9_18 |     34,540     2.04291    .1070552   1.981001   2.676532
mw_wkp_~4_18 |     34,540     2.04322    .1079528   1.981001   2.677121
mw_wkp_~5_18 |     34,540    2.043327     .107899   1.981001     2.6772
mw_wkp_~0_18 |     34,540     2.04275    .1073685   1.981001   2.676592
mw_~_3333_18 |     34,540    2.042871    .1075907   1.981001   2.670975
-------------+---------------------------------------------------------
mw_~e3333_18 |     34,540     2.04356    .1079123   1.981001    2.67948
mw_wkp_go~18 |     34,540    2.042443    .1062948   1.981001   2.643687
mw_wkp_tr~18 |     34,540    2.042907    .1073504   1.981001   2.660055
mw_wkp_ot~18 |     34,540    2.043486    .1082003   1.981001   2.685827
mw_wkp_tot~r |     28,260    2.028064    .0838156   1.981001   2.617251
-------------+---------------------------------------------------------
mw_~9_timvar |     28,260    2.027876    .0832885   1.981001     2.6165
mw_~4_timvar |     28,260    2.028083    .0839756   1.981001   2.617018
mw_~5_timvar |     28,260    2.028196    .0839392   1.981001   2.618822
mw_~0_timvar |     28,260    2.027728    .0834967   1.981001   2.619656
mw_wkp_ear.. |     28,260    2.027796    .0836199   1.981001   2.609822
-------------+---------------------------------------------------------
mw_wkp_ear.. |     28,260    2.028429    .0840342   1.981001    2.61902
mw_wkp_goo~r |     28,260    2.027413    .0825413   1.981001   2.549729
mw_wkp_tra~r |     28,260     2.02783     .083538   1.981001   2.589064
mw_wkp_oth~r |     28,260    2.028323    .0842054   1.981001   2.628345
    ln_rents |      4,773   -.0465007    .3382874  -.7323679   2.639057
-------------+---------------------------------------------------------
statutory_~g |     34,562    7.752121    .9679237       7.25     15.295
  mw_res_avg |     34,562    2.041364    .1100657   1.981001    2.72734
ln_rents_avg |      4,943   -.0563954    .3398193  -.7396241   2.712092
mw_~t_09_avg |     34,540    2.042375    .1073571   1.981001    2.66933
mw_~9_09_avg |     34,540    2.042265    .1069412   1.981001   2.665637
-------------+---------------------------------------------------------
mw_~4_09_avg |     34,540    2.042405     .107516   1.981001   2.671025
mw_~5_09_avg |     34,540    2.042409    .1073838   1.981001   2.669097
mw_~0_09_avg |     34,540    2.042209    .1073984   1.981001   2.664442
mw_wkp_ear.. |     34,540    2.042151    .1072187   1.981001     2.6708
mw_wkp_ear.. |     34,540    2.042778    .1073014   1.981001   2.673035
-------------+---------------------------------------------------------
mw~od_09_avg |     34,540    2.041923    .1061979   1.981001   2.641686
mw_~l_09_avg |     34,540    2.042435     .106964   1.981001    2.65507
mw~nd_09_avg |     34,540    2.042504    .1077673   1.981001   2.675394
mw_~t_10_avg |     34,540    2.042695    .1072916   1.981001   2.670283
mw_~9_10_avg |     34,540    2.042546    .1067472   1.981001   2.665361
-------------+---------------------------------------------------------
mw_~4_10_avg |     34,540    2.042699    .1074613   1.981001   2.672263
mw_~5_10_avg |     34,540    2.042846    .1074175   1.981001   2.670627
mw_~0_10_avg |     34,540    2.042372    .1071887   1.981001   2.664276
mw_wkp_ear.. |     34,540     2.04236    .1071181   1.981001   2.671195
mw_wkp_ear.. |     34,540    2.043171    .1073511   1.981001   2.675254
-------------+---------------------------------------------------------
mw~od_10_avg |     34,540     2.04193    .1058851   1.981001   2.643207
mw_~l_10_avg |     34,540    2.042496    .1068265   1.981001   2.654763
mw~nd_10_avg |     34,540    2.042936    .1077436   1.981001   2.676615
mw_~t_11_avg |     34,540    2.042811    .1072795   1.981001   2.669584
mw_~9_11_avg |     34,540    2.042691    .1067164   1.981001     2.6631
-------------+---------------------------------------------------------
mw_~4_11_avg |     34,540    2.042808    .1074501   1.981001   2.672224
mw_~5_11_avg |     34,540    2.042952    .1074379   1.981001   2.669991
mw_~0_11_avg |     34,540    2.042501    .1071668   1.981001   2.664258
mw_wkp_ear.. |     34,540    2.042467    .1071252   1.981001   2.669876
mw_wkp_ear.. |     34,540    2.043264    .1073469   1.981001   2.675205
-------------+---------------------------------------------------------
mw~od_11_avg |     34,540    2.042074    .1059023   1.981001    2.64375
mw_~l_11_avg |     34,540    2.042526     .106881   1.981001   2.654677
mw~nd_11_avg |     34,540     2.04308    .1077173   1.981001   2.675626
mw_~t_12_avg |     34,540     2.04282    .1071716   1.981001   2.669871
mw_~9_12_avg |     34,540    2.042604    .1065728   1.981001   2.666521
-------------+---------------------------------------------------------
mw_~4_12_avg |     34,540    2.042842    .1073356   1.981001   2.671537
mw_~5_12_avg |     34,540     2.04298     .107363   1.981001   2.669086
mw_~0_12_avg |     34,540    2.042501      .10708   1.981001   2.665991
mw_wkp_ear.. |     34,540    2.042491    .1070145   1.981001   2.670773
mw_wkp_ear.. |     34,540    2.043265    .1072315   1.981001   2.674623
-------------+---------------------------------------------------------
mw~od_12_avg |     34,540    2.041995    .1057145   1.981001   2.644226
mw_~l_12_avg |     34,540    2.042534    .1067816   1.981001   2.657943
mw~nd_12_avg |     34,540    2.043132    .1076362   1.981001   2.675187
mw_~t_13_avg |     34,540     2.04285    .1070433   1.981001   2.669192
mw_~9_13_avg |     34,540    2.042584     .106381   1.981001    2.66669
-------------+---------------------------------------------------------
mw_~4_13_avg |     34,540    2.042876    .1072228   1.981001   2.670865
mw_~5_13_avg |     34,540    2.043039    .1072486   1.981001    2.66737
mw_~0_13_avg |     34,540    2.042515    .1069347   1.981001    2.66623
mw_wkp_ear.. |     34,540     2.04255    .1069023   1.981001   2.669873
mw_wkp_ear.. |     34,540    2.043272    .1071071   1.981001   2.673634
-------------+---------------------------------------------------------
mw~od_13_avg |     34,540    2.041946    .1055141   1.981001   2.641844
mw_~l_13_avg |     34,540     2.04254    .1066651   1.981001   2.658032
mw~nd_13_avg |     34,540    2.043194    .1075289   1.981001   2.674405
mw_~t_14_avg |     34,540     2.04284    .1068841   1.981001   2.669229
mw_~9_14_avg |     34,540    2.042549    .1061026   1.981001   2.665548
-------------+---------------------------------------------------------
mw_~4_14_avg |     34,540    2.042869    .1070768   1.981001   2.671113
mw_~5_14_avg |     34,540    2.043038     .107144   1.981001   2.668218
mw_~0_14_avg |     34,540     2.04257    .1067633   1.981001   2.664401
mw_wkp_ear.. |     34,540    2.042532    .1067594   1.981001   2.669832
mw_wkp_ear.. |     34,540    2.043204     .106921   1.981001   2.674016
-------------+---------------------------------------------------------
mw~od_14_avg |     34,540    2.041897    .1053105   1.981001   2.639831
mw_~l_14_avg |     34,540    2.042533    .1064286   1.981001   2.658128
mw~nd_14_avg |     34,540    2.043208    .1074023   1.981001   2.674356
mw_~t_15_avg |     34,540    2.042797    .1069355   1.981001   2.670498
mw_~9_15_avg |     34,540    2.042521    .1063075   1.981001   2.668147
-------------+---------------------------------------------------------
mw_~4_15_avg |     34,540    2.042838    .1071107   1.981001   2.672112
mw_~5_15_avg |     34,540    2.042955    .1071066   1.981001   2.668757
mw_~0_15_avg |     34,540    2.042432    .1067574   1.981001   2.666958
mw_wkp_ear.. |     34,540    2.042488    .1068014   1.981001    2.67048
mw_wkp_ear.. |     34,540    2.043208    .1070093   1.981001   2.675951
-------------+---------------------------------------------------------
mw~od_15_avg |     34,540    2.041974    .1053985   1.981001   2.640727
mw_~l_15_avg |     34,540    2.042527    .1065486   1.981001   2.658492
mw~nd_15_avg |     34,540    2.043121    .1074217   1.981001   2.675714
mw_~t_16_avg |     34,540    2.042866    .1069811   1.981001   2.670953
mw_~9_16_avg |     34,540    2.042578    .1064283   1.981001     2.6688
-------------+---------------------------------------------------------
mw_~4_16_avg |     34,540    2.042901    .1071568   1.981001   2.672272
mw_~5_16_avg |     34,540    2.043052    .1070942   1.981001   2.669893
mw_~0_16_avg |     34,540    2.042463    .1067479   1.981001   2.665966
mw_wkp_ear.. |     34,540    2.042515    .1068231   1.981001   2.670715
mw_wkp_ear.. |     34,540    2.043325    .1071121   1.981001   2.676319
-------------+---------------------------------------------------------
mw~od_16_avg |     34,540    2.042217    .1055849   1.981001   2.639852
mw_~l_16_avg |     34,540    2.042531    .1065705   1.981001   2.659624
mw~nd_16_avg |     34,540    2.043164    .1074354   1.981001   2.676075
mw_~t_17_avg |     34,540    2.042948    .1068707   1.981001   2.669771
mw_~9_17_avg |     34,540    2.042763    .1062595   1.981001    2.66655
-------------+---------------------------------------------------------
mw_~4_17_avg |     34,540    2.042964    .1070636   1.981001   2.671431
mw_~5_17_avg |     34,540    2.043073    .1070016   1.981001   2.669068
mw_~0_17_avg |     34,540    2.042561    .1065394   1.981001   2.663154
mw_wkp_ear.. |     34,540    2.042631    .1067186   1.981001   2.668763
mw_wkp_ear.. |     34,540    2.043328    .1070387   1.981001   2.675728
-------------+---------------------------------------------------------
mw~od_17_avg |     34,540    2.042316    .1055737   1.981001   2.638997
mw_~l_17_avg |     34,540    2.042643    .1064356   1.981001   2.657238
mw~nd_17_avg |     34,540    2.043237    .1073039   1.981001   2.675199
mw_~t_18_avg |     34,540    2.042947    .1068347   1.981001   2.669799
mw_~9_18_avg |     34,540    2.042689    .1061603   1.981001   2.666541
-------------+---------------------------------------------------------
mw_~4_18_avg |     34,540    2.042987     .107042   1.981001   2.671675
mw_~5_18_avg |     34,540    2.043092    .1069865   1.981001   2.668532
mw_~0_18_avg |     34,540    2.042534    .1064731   1.981001   2.661958
mw_wkp_ear.. |     34,540    2.042651    .1066945   1.981001   2.669133
mw_wkp_ear.. |     34,540    2.043316    .1069947   1.981001   2.675969
-------------+---------------------------------------------------------
mw~od_18_avg |     34,540    2.042254    .1054533   1.981001     2.6401
mw_~l_18_avg |     34,540    2.042674    .1064399   1.981001   2.656924
mw~nd_18_avg |     34,540    2.043246    .1072774   1.981001   2.675215
mw_wkp_tot.. |     28,260    2.028047    .0831199   1.981001   2.594432
mw_wkp_age.. |     28,260    2.027859     .082593   1.981001   2.593693
-------------+---------------------------------------------------------
mw_wkp_age.. |     28,260    2.028065    .0832768   1.981001   2.594362
mw_wkp_age.. |     28,260    2.028181    .0832506   1.981001   2.595501
mw_wkp_ear.. |     28,260    2.027727    .0828263   1.981001   2.595577
mw_wkp_ear.. |     28,260    2.027792    .0829503   1.981001   2.587174
mw_wkp_ear.. |     28,260    2.028395    .0833104   1.981001   2.596436
-------------+---------------------------------------------------------
mw_wkp_goo.. |     28,260    2.027438    .0819397   1.981001   2.546447
mw_wkp_tra.. |     28,260    2.027812    .0828397   1.981001   2.569139
mw_wkp_oth.. |     28,260    2.028297    .0834904   1.981001   2.604147
ln_estcou~rv |     31,321    4.339858     1.75305          0   10.93852
ln_es~rv_avg |     31,335    4.334252     1.75478          0   10.93169
-------------+---------------------------------------------------------
ln_estcoun~t |     31,291    4.202762     1.53468          0   9.737374
ln_est~t_avg |     31,306    4.197284    1.536846          0   9.726059
ln_estcoun~e |     31,247    4.299008     1.68836          0   12.41164
ln_est~e_avg |     31,255    4.294673    1.688691          0   12.40821
ln_estc~dgov |     31,391    2.557945     .845575          0   6.122493
-------------+---------------------------------------------------------
ln_estcoun.. |     31,392    2.556691    .8467334          0   6.117542
ln_estcoun~n |     31,305    4.041712    1.592255          0   10.31685
ln_est~n_avg |     31,318     4.03945    1.593584          0   10.31258
ln_estcoun~o |     30,321    2.307484    1.419948          0   9.488881
ln_est~o_avg |     30,395       2.301    1.419834          0   9.482695
-------------+---------------------------------------------------------
ln_estcou~is |     31,315    4.169213    1.543215          0   10.57699
ln_es~is_avg |     31,324     4.16474    1.543885          0   10.57256
ln_estc~cgov |     31,404    3.418596     .968174          0   8.333751
ln_estcoun.. |     31,404    3.418245    .9676717          0   8.330255
ln_estcoun~u |     30,804    3.394651    1.518732          0   9.508146
-------------+---------------------------------------------------------
ln_est~u_avg |     30,841    3.390044    1.521834          0   9.502823
ln_estcou~es |     31,137    3.099407    1.086158          0   7.515889
ln_es~es_avg |     31,171    3.092243    1.089651          0   7.521037
ln_estc~tgov |     30,765    2.490078    .9016463          0   8.682708
~t_stgov_avg |     30,775    2.489344    .9006727          0   8.687128
-------------+---------------------------------------------------------
ln_estcoun~p |     31,397    5.091205    1.423028          0   10.98852
ln_est~p_avg |     31,399    5.089667    1.423383          0    10.9836
ln_avgwwa~rv |     29,558    6.611916    .3367067   4.248495   9.620992
ln_av~rv_avg |     30,145    6.628979    .3459851   4.248495   8.894258
ln_avgwwag~t |     28,124    6.707343    .2701196   5.170484   8.684402
-------------+---------------------------------------------------------
ln_avg~t_avg |     28,850    6.692431    .2725781    4.85203   7.907791
ln_avgwwag~e |     30,168    6.479555    .2864232   3.663562   7.789868
ln_avg~e_avg |     30,405    6.469978    .2867398   3.711262   7.787508
ln_avgw~dgov |     31,386    6.949369    .2438857   3.850147   8.053887
ln_avgwwag.. |     31,387    6.931192    .2304728   4.507414   8.019931
-------------+---------------------------------------------------------
ln_avgwwag~n |     29,894    6.669133      .27041   5.170484   8.233768
ln_avg~n_avg |     30,272    6.716488    .2801599   5.158989   8.521435
ln_avgwwag~o |     24,248    6.678185    .3756419   4.219508   9.032887
ln_avg~o_avg |     24,953     6.67785    .3783129   4.733621   8.899477
ln_avgwwa~is |     30,643    5.623096    .2829692   4.025352   7.293018
-------------+---------------------------------------------------------
ln_av~is_avg |     30,844    5.599043    .2814605   4.207117   7.142036
ln_avgw~cgov |     28,310    6.501488    .2338398   5.451038   7.612337
ln_avgwwag.. |     28,695    6.519331    .2072887   5.723585   7.581707
ln_avgwwag~u |     27,694    6.756087    .2940536   4.624973   8.684402
ln_avg~u_avg |     28,152    6.768569    .3080617   4.979464   8.696846
-------------+---------------------------------------------------------
ln_avgwwa~es |     28,457    6.611365    .3588262   4.532599   8.596559
ln_av~es_avg |     29,143    6.632134     .356244   5.010438   8.384871
ln_avgw~tgov |     27,785    6.701683    .2619609   5.517453   7.966934
~e_stgov_avg |     28,149    6.696079    .2457088   5.686915   8.216347
ln_avgwwag~p |     31,318     6.44531    .2296422   4.983607   8.455105
-------------+---------------------------------------------------------
ln_avg~p_avg |     31,339     6.45361    .2352647   5.148474   7.986041
ln_emp_biz~v |     29,558    6.364968    2.056344   .6931472   13.36667
ln_emp_biz~g |     30,145    6.288342    2.089395   .8958797   13.36607
ln_emp_const |     28,124    6.198514    1.668229          0   12.04606
ln_emp_con~g |     28,850    6.086437    1.699113   1.059351   12.04349
-------------+---------------------------------------------------------
ln_emp_eduhe |     30,168    7.079909    1.790569   .6931472   13.62313
ln_emp_edu~g |     30,405    7.065679    1.808022   .5972531   13.63009
ln_emp_fed~v |     31,382     4.79845    1.702371          0   12.28042
ln_emp_fed~g |     31,387    4.772792    1.702351          0   12.26577
  ln_emp_fin |     29,894    5.886425    1.715135   .6931472   12.89351
-------------+---------------------------------------------------------
ln_emp_fin~g |     30,272    5.845126    1.726364   1.098612   12.87215
 ln_emp_info |     24,248    4.919115    1.734401          0   12.31626
ln_emp_inf~g |     24,953    4.859659    1.748531   .5972531   12.33563
 ln_emp_leis |     30,643    6.822303    1.806475   .6931472   13.21731
ln_emp_lei~g |     30,844    6.726917    1.832991   .8283022   13.20877
-------------+---------------------------------------------------------
ln_emp_loc~v |     28,310    7.198904     1.30866   3.178054   12.96441
ln_emp_loc~g |     28,695    7.369113    1.288892   3.377829   13.01713
 ln_emp_manu |     27,694    7.030917    1.750155   1.098612   12.83883
ln_emp_man~g |     28,152    6.973974     1.78541   1.181679   12.83062
ln_emp_nat~s |     28,457    5.415703    1.312296   .6931472   11.47314
-------------+---------------------------------------------------------
ln_emp_nat~g |     29,143    5.317415    1.315507   .9241962   11.45914
ln_emp_stgov |     27,785    5.399968    1.867362          0   11.64299
ln_emp_stg~g |     28,149    5.390529    1.894672   1.031035   11.63277
ln_emp_tra~p |     31,318    7.459712    1.669511   .6931472   13.63603
ln_emp_tra~g |     31,339    7.445603    1.681898   1.078982   13.64407




(note: file ../../../drive/derived_large/county_year/county_year.dta not found)
file ../../../drive/derived_large/county_year/county_year.dta saved

. 
end of do-file

 make.py ended: 2022-06-03 13:24:46
