===============================================================================
File: ../../../../drive/base_large/census_block_zip_spatial_match/census_to_zip
> .dta
Key: census_block
===============================================================================
  11078297:11(114673):1247605505:3271315776

    Variable |        Obs        Mean    Std. Dev.       Min        Max
-------------+---------------------------------------------------------
census_block |          0
cb_centroi~d | 11,078,297     5539149     3198029          1   1.11e+07
   longitude | 11,078,297   -93.01002    14.71122    -179.13   179.7497
    latitude | 11,078,297    38.10679    5.297984   18.91167   71.39945
usps_zip_p~d | 11,037,710    17528.95    8982.547          1      31985
-------------+---------------------------------------------------------
   statefips |          0
  countyfips |          0
census_tract |          0
 num_house10 | 11,078,297    11.88854    33.80024          0       4022
       pop10 | 11,078,297     27.8694    78.59192          0      19352
-------------+---------------------------------------------------------
     zipcode |          0




