
========================================================================== 
File: ../../../drive/base_large/lodes_area_charac/jobs.csv 
MD5:  761ce55327e0c274276cd6d5e709b277 
Key:  zipcode year jobs_by 
 
 ============================================================================================ 
                 variable                mean       sd      min      max       N      type    
 -------------------------------------------------------------------------------------------- 
 1           jobs_age_30to54           1,946.247 3,890.936   0   105,827.700 774190  numeric  
 2           jobs_age_above55           829.349  1,532.335   0   36,435.380  774190  numeric  
 3           jobs_age_under29           842.018  1,646.436   0   48,832.370  774190  numeric  
 4               jobs_by                                                     774190 character 
 5         jobs_earn_1250_3333         1,192.598 2,188.480   0   44,914.420  774190  numeric  
 6         jobs_earn_above3333         1,596.544 3,638.377   0   127,740.100 774190  numeric  
 7         jobs_earn_under1250          828.473  1,504.064   0   53,587.030  774190  numeric  
 8        jobs_naics_accomm_food        346.169   777.009    0   62,250.280  774190  numeric  
 9          jobs_naics_finance          152.386   593.007    0   40,772.440  774190  numeric  
 10          jobs_naics_manuf           319.661   762.699    0   32,700.520  774190  numeric  
 11         jobs_naics_retail           401.931   776.856    0   32,512.240  774190  numeric  
 12          jobs_sch_College           798.322  1,841.028   0   66,390.780  774190  numeric  
 13         jobs_sch_HS_noColl          734.897  1,306.877   0   27,998.320  774190  numeric  
 14         jobs_sch_someColl           874.282  1,653.518   0   37,869.290  774190  numeric  
 15          jobs_sch_underHS           368.095   782.162    0   18,607.530  774190  numeric  
 16              jobs_tot              3,617.615 7,006.878   0   189,295.700 774190  numeric  
 17          share_age_30to54            0.522     0.039     0        1      688120  numeric  
 18         share_age_above55            0.253     0.046     0      0.667    688120  numeric  
 19         share_age_under29            0.225     0.045     0      0.750    688120  numeric  
 20        share_earn_1250_3333          0.357     0.076     0      0.758    688120  numeric  
 21        share_earn_above3333          0.388     0.113     0      0.954    688120  numeric  
 22        share_earn_under1250          0.254     0.065     0      0.858    688120  numeric  
 23      share_naics_accomm_food         0.090     0.063     0      0.980    688120  numeric  
 24        share_naics_finance           0.031     0.031     0      0.918    688120  numeric  
 25         share_naics_manuf            0.105     0.103     0      0.935    688120  numeric  
 26         share_naics_retail           0.113     0.057     0      0.890    688120  numeric  
 27    share_outofstate_age_30to54       0.001     0.002     0      0.062    774190  numeric  
 28    share_outofstate_age_above55     0.0003     0.001     0      0.027    774190  numeric  
 29    share_outofstate_age_under29     0.0003     0.001     0      0.033    774190  numeric  
 30  share_outofstate_earn_1250_3333    0.0004     0.001     0      0.036    774190  numeric  
 31  share_outofstate_earn_above3333     0.001     0.002     0      0.067    774190  numeric  
 32  share_outofstate_earn_under1250    0.0003     0.001     0      0.026    774190  numeric  
 33 share_outofstate_naics_accomm_food  0.0001    0.0005     0      0.048    774190  numeric  
 34   share_outofstate_naics_finance    0.0001    0.0002     0      0.017    774190  numeric  
 35    share_outofstate_naics_manuf     0.0001    0.0003     0      0.013    774190  numeric  
 36   share_outofstate_naics_retail     0.0001    0.0004     0      0.017    774190  numeric  
 37    share_outofstate_sch_College     0.0003     0.001     0      0.038    774190  numeric  
 38   share_outofstate_sch_HS_noColl    0.0003     0.001     0      0.023    774190  numeric  
 39   share_outofstate_sch_someColl     0.0003     0.001     0      0.026    774190  numeric  
 40    share_outofstate_sch_underHS     0.0001    0.0003     0      0.016    774190  numeric  
 41         share_sch_College            0.190     0.058     0      0.568    688120  numeric  
 42        share_sch_HS_noColl           0.236     0.047     0      0.553    688120  numeric  
 43         share_sch_someColl           0.252     0.029     0        1      688120  numeric  
 44         share_sch_underHS            0.097     0.037     0      0.496    688120  numeric  
 45                 st                  29.319    15.443     1       56      774190  numeric  
 46                year                2,013.500   2.872   2,009    2,018    774190  integer  
 47              zipcode                                                     774190 character 
 -------------------------------------------------------------------------------------------- 
