===============================================================================
File: ../output/housing_sqft_per_zipcode.dta
Key: zipcode
===============================================================================
  40487:4(42503):3113782294:4005972789

    Variable |        Obs        Mean    Std. Dev.       Min        Max
-------------+---------------------------------------------------------
     zipcode |          0
  rent_psqft |      3,304    1.325538    .7983181   .1184334   9.864861
sqft_from~gs |      9,825    1844.796    513.1221   141.4662   6686.155
sqft_from~ts |      3,089    1443.397    348.0245   207.6019   4072.944




===============================================================================
File: ../output/predictions.dta
Key: zipcode
===============================================================================
  22480:33(72879):2061994360:2617513205

    Variable |        Obs        Mean    Std. Dev.       Min        Max
-------------+---------------------------------------------------------
     zipcode |          0
  place_code |          0
  countyfips |          0
      cbsa10 |          0
        zcta |          0
-------------+---------------------------------------------------------
   statefips |          0
houses_zct~y |     22,480    4757.767    6007.743          1      47617
       rural |     22,480           0           0          0          0
pop2020_esri |     16,292     14871.4    17456.55          0     117035
   area_sqmi |     16,292    111.8372    483.8605          0   20301.08
-------------+---------------------------------------------------------
zipcode_type |          0
  rent_psqft |      2,763    1.380343     .845689   .1184334   9.864861
sqft_from~gs |      6,885     1792.55    516.3476   141.4662   6686.155
sqft_from~ts |      2,580     1418.57    347.3968   207.6019   4072.944
num_hhlds_~s |     14,181    7655.153    8102.092        100      54190
-------------+---------------------------------------------------------
adj_gross_~c |     14,181    606485.5    877136.7       1761   1.42e+07
  total_wage |     14,181    405376.5    529694.2        985    6397154
total_hous~s |     22,480    6473.155    6641.615          0      41355
owner_occu~d |     22,480     3728.22    3914.581          0      28752
renter_occ~d |     22,480    2744.934    3492.389          0      33582
-------------+---------------------------------------------------------
       black |     22,480    2486.607    5479.396          0      86706
    hispanic |     22,480    3654.928    8070.736          0     101183
num_county~s |     22,480    1270.656    837.8189          1       2790
  num_cbsa10 |     22,480     560.911    291.7571          1        928
num_zipcod~e |     22,480    1.695596     .461034          1          3
-------------+---------------------------------------------------------
p_sqft_fr~ts |     16,292     1567.25    283.4142    151.375   6122.063
imp_sqft_~ts |     16,292     1567.25    296.5198    151.375   6122.063
p_sqft_fr~gs |     16,292    1781.445    305.3772   164.7822   4873.336
imp_sqft_~gs |     16,295    1781.418    396.9035   141.4662   6686.155
p_rent_psqft |     16,292    1.129832    .8375234   .0092476   10.81053
-------------+---------------------------------------------------------
imp_rent_p~t |     16,292    1.129832    .8459046   .0092476   10.81053
p_total_wage |     16,292    365745.5      515765   507.4504   1.21e+07
imp_total_~e |     16,303    365530.6    507298.7   507.4504    6397154




